#
# A fatal error has been detected by the Java Runtime Environment:
#
#  SIGBUS (0xa) at pc=0x000000018f743278, pid=36966, tid=259
#
# JRE version: OpenJDK Runtime Environment Corretto-17.0.6.10.1 (17.0.6+10) (build 17.0.6+10-LTS)
# Java VM: OpenJDK 64-Bit Server VM Corretto-17.0.6.10.1 (17.0.6+10-LTS, mixed mode, sharing, tiered, compressed oops, compressed class ptrs, g1 gc, bsd-aarch64)
# Problematic frame:
# C  [CoreGraphics+0xd278]  ERROR_CGDataProvider_BufferIsNotReadable+0x30
#
# No core dump will be written. Core dumps have been disabled. To enable core dumping, try "ulimit -c unlimited" before starting Java again
#
# If you would like to submit a bug report, please visit:
#   https://github.com/corretto/corretto-17/issues/
# The crash happened outside the Java Virtual Machine in native code.
# See problematic frame for where to report the bug.
#

---------------  S U M M A R Y ------------

Command Line: -javaagent:/Applications/IntelliJ IDEA.app/Contents/lib/idea_rt.jar=51537:/Applications/IntelliJ IDEA.app/Contents/bin -Dfile.encoding=UTF-8 --module-path=/Users/meo/.m2/repository/com/github/almasb/fxgl-io/17.3/fxgl-io-17.3.jar:/Users/meo/.m2/repository/com/github/almasb/fxgl-entity/17.3/fxgl-entity-17.3.jar:/Users/meo/.m2/repository/com/github/almasb/fxgl-core/17.3/fxgl-core-17.3.jar:/Users/meo/.m2/repository/com/github/almasb/fxgl/17.3/fxgl-17.3.jar:/Users/meo/.m2/repository/org/jetbrains/kotlin/kotlin-stdlib/1.8.10/kotlin-stdlib-1.8.10.jar:/Users/meo/Desktop/CSC1004/javaproject/CSC1004java/target/classes:/Users/meo/.m2/repository/com/github/almasb/fxgl-scene/17.3/fxgl-scene-17.3.jar:/Users/meo/.m2/repository/com/gluonhq/attach/audio/4.0.17/audio-4.0.17.jar:/Users/meo/.m2/repository/com/gluonhq/attach/util/4.0.17/util-4.0.17.jar:/Users/meo/.m2/repository/com/fasterxml/jackson/core/jackson-databind/2.14.2/jackson-databind-2.14.2.jar:/Users/meo/.m2/repository/com/gluonhq/attach/storage/4.0.17/storage-4.0.17.jar:/Users/meo/.m2/repository/com/github/almasb/fxgl-gameplay/17.3/fxgl-gameplay-17.3.jar:/Users/meo/.m2/repository/com/gluonhq/attach/lifecycle/4.0.17/lifecycle-4.0.17.jar:/Users/meo/.m2/repository/org/openjfx/javafx-media/20/javafx-media-20-mac-aarch64.jar:/Users/meo/.m2/repository/org/openjfx/javafx-base/20/javafx-base-20-mac-aarch64.jar:/Users/meo/.m2/repository/org/openjfx/javafx-fxml/20/javafx-fxml-20-mac-aarch64.jar:/Users/meo/.m2/repository/com/fasterxml/jackson/core/jackson-core/2.14.2/jackson-core-2.14.2.jar:/Users/meo/.m2/repository/com/fasterxml/jackson/core/jackson-annotations/2.14.2/jackson-annotations-2.14.2.jar:/Users/meo/.m2/repository/org/openjfx/javafx-controls/20/javafx-controls-20-mac-aarch64.jar:/Users/meo/.m2/repository/org/openjfx/javafx-graphics/20/javafx-graphics-20-mac-aarch64.jar -Djdk.module.main=CSC1004java CSC1004java/testPackage.McDonalismApp

Host: "MacBookPro18,3" arm64, 8 cores, 16G, Darwin 22.3.0, macOS 13.2.1 (22D68)
Time: Fri May  5 22:06:45 2023 CST elapsed time: 1.179031 seconds (0d 0h 0m 1s)

---------------  T H R E A D  ---------------

Current thread (0x000000011000b800):  JavaThread "JavaFX Application Thread" [_thread_in_native, id=259, stack(0x000000016ee78000,0x000000016f674000)]

Stack: [0x000000016ee78000,0x000000016f674000],  sp=0x000000016f66e050,  free space=8152k
Native frames: (J=compiled Java code, j=interpreted, Vv=VM code, C=native code)
C  [CoreGraphics+0xd278]  ERROR_CGDataProvider_BufferIsNotReadable+0x30
C  [CoreGraphics+0xd0e4]  CGDataProviderRetainBytePtr+0x10c
C  [CoreGraphics+0x1b371c]  CGDataProviderCreateProtectedCopy+0x1c
C  [CoreGraphics+0x17d980]  CGImageCreateCopyWithProtectedDataProvider+0x48
C  [CoreGraphics+0x343e4]  CGContextDrawImageWithOptions+0x134
C  [SkyLight+0x229d3c]  SLSRegisterCursorWithImages+0x2a4
C  [AppKit+0x18e158]  -[NSCursor _reallySet]+0x204
C  [AppKit+0x18dedc]  -[NSCursor set]+0x90
C  [libglass.dylib+0x66a8]  Java_com_sun_glass_ui_mac_MacCursor__1setCustom+0x118
j  com.sun.glass.ui.mac.MacCursor._setCustom(J)V+0 javafx.graphics@20
j  com.sun.glass.ui.mac.MacCursor.set()V+60 javafx.graphics@20
j  com.sun.glass.ui.mac.MacWindow._setCursor(JLcom/sun/glass/ui/Cursor;)V+4 javafx.graphics@20
j  com.sun.glass.ui.Window.setCursor(Lcom/sun/glass/ui/Cursor;)V+9 javafx.graphics@20
j  com.sun.javafx.tk.quantum.ViewScene.lambda$setCursor$1(Ljava/lang/Object;)V+34 javafx.graphics@20
j  com.sun.javafx.tk.quantum.ViewScene$$Lambda$241+0x0000000800e04368.run()V+8 javafx.graphics@20
j  com.sun.glass.ui.InvokeLaterDispatcher$Future.run()V+4 javafx.graphics@20
v  ~StubRoutines::call_stub
V  [libjvm.dylib+0x46eabc]  JavaCalls::call_helper(JavaValue*, methodHandle const&, JavaCallArguments*, JavaThread*)+0x390
V  [libjvm.dylib+0x4c9d34]  jni_invoke_nonstatic(JNIEnv_*, JavaValue*, _jobject*, JNICallType, _jmethodID*, JNI_ArgumentPusher*, JavaThread*)+0x2cc
V  [libjvm.dylib+0x4ce374]  jni_CallVoidMethod+0x138
C  [libglass.dylib+0x973c]  JNI_OnLoad+0xcc
C  [Foundation+0x7a900]  __NSThreadPerformPerform+0x108
C  [CoreFoundation+0x81a08]  __CFRUNLOOP_IS_CALLING_OUT_TO_A_SOURCE0_PERFORM_FUNCTION__+0x1c
C  [CoreFoundation+0x8199c]  __CFRunLoopDoSource0+0xb0
C  [CoreFoundation+0x8170c]  __CFRunLoopDoSources0+0xf4
C  [CoreFoundation+0x80310]  __CFRunLoopRun+0x344
C  [CoreFoundation+0x7f878]  CFRunLoopRunSpecific+0x264
C  [HIToolbox+0x31fa0]  RunCurrentEventLoopInMode+0x124
C  [HIToolbox+0x31de4]  ReceiveNextEventCommon+0x2a0
C  [HIToolbox+0x31b2c]  _BlockUntilNextEventMatchingListInModeWithFilter+0x48
C  [AppKit+0x3984c]  _DPSNextEvent+0x278
C  [AppKit+0x389dc]  -[NSApplication(NSEvent) _nextEventMatchingEventMask:untilDate:inMode:dequeue:]+0x2d8
C  [AppKit+0x2ce0c]  -[NSApplication run]+0x1d0
C  [libglass.dylib+0xb8c4]  JNI_OnLoad+0x2254
C  [Foundation+0x7a900]  __NSThreadPerformPerform+0x108
C  [CoreFoundation+0x81a08]  __CFRUNLOOP_IS_CALLING_OUT_TO_A_SOURCE0_PERFORM_FUNCTION__+0x1c
C  [CoreFoundation+0x8199c]  __CFRunLoopDoSource0+0xb0
C  [CoreFoundation+0x8170c]  __CFRunLoopDoSources0+0xf4
C  [CoreFoundation+0x80310]  __CFRunLoopRun+0x344
C  [CoreFoundation+0x7f878]  CFRunLoopRunSpecific+0x264
C  [libjli.dylib+0xb7b8]  CreateExecutionEnvironment+0x194
C  [libjli.dylib+0x7b68]  JLI_Launch+0x4b4
C  [java+0x3bac]  main+0x198
C  [dyld+0x5e50]  start+0x9f0

Java frames: (J=compiled Java code, j=interpreted, Vv=VM code)
j  com.sun.glass.ui.mac.MacCursor._setCustom(J)V+0 javafx.graphics@20
j  com.sun.glass.ui.mac.MacCursor.set()V+60 javafx.graphics@20
j  com.sun.glass.ui.mac.MacWindow._setCursor(JLcom/sun/glass/ui/Cursor;)V+4 javafx.graphics@20
j  com.sun.glass.ui.Window.setCursor(Lcom/sun/glass/ui/Cursor;)V+9 javafx.graphics@20
j  com.sun.javafx.tk.quantum.ViewScene.lambda$setCursor$1(Ljava/lang/Object;)V+34 javafx.graphics@20
j  com.sun.javafx.tk.quantum.ViewScene$$Lambda$241+0x0000000800e04368.run()V+8 javafx.graphics@20
j  com.sun.glass.ui.InvokeLaterDispatcher$Future.run()V+4 javafx.graphics@20
v  ~StubRoutines::call_stub

siginfo: si_signo: 10 (SIGBUS), si_code: 1 (BUS_ADRALN), si_addr: 0x000000070eb1d430

Register to memory mapping:

 x0=0x0000000000000001 is an unknown value
 x1=0x0 is NULL
 x2=0x0 is NULL
 x3=0x0000000120e00000 points into unknown readable memory: 0x0000000000000000 | 00 00 00 00 00 00 00 00
 x4=0x0000000120e577a0 points into unknown readable memory: 0x0000000000000000 | 00 00 00 00 00 00 00 00
 x5=0x000000000000001c is an unknown value
 x6=0x0 is NULL
 x7=0x0 is NULL
 x8=0x000000070eb1d430 is an unallocated location in the heap
 x9=0x0000000000000001 is an unknown value
x10=0x0000000130f738d8 points into unknown readable memory: 0x0000000000452987 | 87 29 45 00 00 00 00 00
x11=0x0000000000452987 is an unknown value
x12=0x0000000000000001 is an unknown value
x13=0x0 is NULL
x14=0x0000000000000002 is an unknown value
x15=0x00000000a1603ffb is an unknown value
x16=0x00000002919c5060 is an unknown value
x17=0x00000001e6bbea00: <offset 0x57488a00> in /System/Library/Frameworks/CoreGraphics.framework/Versions/A/CoreGraphics at 0x000000018f736000
x18=0x0 is NULL
x19=0x0000000130f73810 points into unknown readable memory: 0x01000001e5bbcd81 | 81 cd bb e5 01 00 00 01
x20=0x0000000130f738c0 points into unknown readable memory: 0x000000004d555458 | 58 54 55 4d 00 00 00 00
x21=0x0000000130f73930 points into unknown readable memory: 0x01000001e5bbcd81 | 81 cd bb e5 01 00 00 01
x22=0x0 is NULL
x23=0x0000000000000900 is an unknown value
x24=0x0000000000000900 is an unknown value
x25=0x0000600001cf7d80 points into unknown readable memory: 0x01000001e5bbc1a3 | a3 c1 bb e5 01 00 00 01
x26=0x0000000000000001 is an unknown value
x27=0x00006000027de700 points into unknown readable memory: 0x01000001e5bbcd81 | 81 cd bb e5 01 00 00 01
x28=0x0 is NULL


Registers:
 x0=0x0000000000000001  x1=0x0000000000000000  x2=0x0000000000000000  x3=0x0000000120e00000
 x4=0x0000000120e577a0  x5=0x000000000000001c  x6=0x0000000000000000  x7=0x0000000000000000
 x8=0x000000070eb1d430  x9=0x0000000000000001 x10=0x0000000130f738d8 x11=0x0000000000452987
x12=0x0000000000000001 x13=0x0000000000000000 x14=0x0000000000000002 x15=0x00000000a1603ffb
x16=0x00000002919c5060 x17=0x00000001e6bbea00 x18=0x0000000000000000 x19=0x0000000130f73810
x20=0x0000000130f738c0 x21=0x0000000130f73930 x22=0x0000000000000000 x23=0x0000000000000900
x24=0x0000000000000900 x25=0x0000600001cf7d80 x26=0x0000000000000001 x27=0x00006000027de700
x28=0x0000000000000000  fp=0x000000016f66e060  lr=0x722f00018f743268  sp=0x000000016f66e050
pc=0x000000018f743278 cpsr=0x0000000060001000
Top of Stack: (sp=0x000000016f66e050)
0x000000016f66e050:   0000000130f738c0 000000070eb1d430
0x000000016f66e060:   000000016f66e0b0 d24e80018f7430e4
0x000000016f66e070:   0000000400000000 0000000100830080
0x000000016f66e080:   0000000100838a00 0000000000000000
0x000000016f66e090:   0000000000000000 0000000130f73930
0x000000016f66e0a0:   0000000000000065 0000000130f73810
0x000000016f66e0b0:   000000016f66e0e0 983c80018f8e971c
0x000000016f66e0c0:   0000000000000000 0000000130f73930
0x000000016f66e0d0:   0000000000000065 0000000130f73930
0x000000016f66e0e0:   000000016f66e100 1f2c00018f8b3980
0x000000016f66e0f0:   0000000000000065 00006000027de700
0x000000016f66e100:   000000016f66e230 0f2a80018f76a3e4
0x000000016f66e110:   0000000130f73930 0000600001cf7d80
0x000000016f66e120:   0000000000000900 0000000000000900
0x000000016f66e130:   0000600002babad0 00006000020afa80
0x000000016f66e140:   0000600002babaa0 00006000020af9f0
0x000000016f66e150:   000000016f66e1e0 a43400018f7873d0
0x000000016f66e160:   0000000100000003 0000000000000030
0x000000016f66e170:   00000000000000c0 bd32e4298766000b
0x000000016f66e180:   0000000130f73930 0000600001cf7d80
0x000000016f66e190:   0000000000000900 0000000000000900
0x000000016f66e1a0:   0000000130f73930 0000600001cf7d80
0x000000016f66e1b0:   0000000000000900 bd32e4298766000b
0x000000016f66e1c0:   0000000000000000 0000000000000000
0x000000016f66e1d0:   0000000000000000 4048000000000000
0x000000016f66e1e0:   4048000000000000 4024000000000000
0x000000016f66e1f0:   4024000000000000 0000000000000000
0x000000016f66e200:   0000000000000900 0000000000000900
0x000000016f66e210:   0000000000000000 000000016f66e308
0x000000016f66e220:   0000000000000030 0000000000000030
0x000000016f66e230:   000000016f66ec80 ef1c00018f547d3c
0x000000016f66e240:   00000000000000c0 0000000100000003 

Instructions: (pc=0x000000018f743278)
0x000000018f743178:   35000100 52800020 a9427bfd a9414ff4
0x000000018f743188:   9100c3ff d65f0fff 52800000 17fffffb
0x000000018f743198:   94109254 17fffff8 902a0160 91048000
0x000000018f7431a8:   b02ba341 91068021 9410accc 17ffffde
0x000000018f7431b8:   1410a722 d503237f a9be4ff4 a9017bfd
0x000000018f7431c8:   910043fd aa0003f3 d02b2608 f947d508
0x000000018f7431d8:   b100051f 540002a1 902a0168 3944e108
0x000000018f7431e8:   7100011f fa401a64 54000180 f9408a60
0x000000018f7431f8:   b4000140 52802001 72a10001 a9417bfd
0x000000018f743208:   a8c24ff4 d50323ff ca1e07d0 b6f00050
0x000000018f743218:   d4388e20 1410a88d d2800000 a9417bfd
0x000000018f743228:   a8c24ff4 d65f0fff d02b2600 913ea000
0x000000018f743238:   b02ba341 91078021 9410aca8 17ffffe7
0x000000018f743248:   d503237f d10083ff a9017bfd 910043fd
0x000000018f743258:   f90007e0 39001fff 39001fff 9400000a
0x000000018f743268:   12000008 7100051f 54000081 f94007e8
0x000000018f743278:   39400108 39001fe8 a9417bfd 910083ff
0x000000018f743288:   d65f0fff d503237f a9bf7bfd 910003fd
0x000000018f743298:   d02b2608 f947dd08 b100051f 540000a1
0x000000018f7432a8:   d02b2608 397ec100 a8c17bfd d65f0fff
0x000000018f7432b8:   d02b2600 913ee000 b02ba341 91080021
0x000000018f7432c8:   9410ac86 17fffff7 d503237f a9bf7bfd
0x000000018f7432d8:   910003fd d2800020 f2c1a040 f2e00140
0x000000018f7432e8:   9410acae d02b2608 393ec100 a8c17bfd
0x000000018f7432f8:   d65f0fff d503237f d100c3ff a9027bfd
0x000000018f743308:   910083fd f81f83a0 f9000be1 39003fff
0x000000018f743318:   39003fff 97ffffdc 12000008 7100051f
0x000000018f743328:   540000c1 f85f83a8 f9400be9 8b090108
0x000000018f743338:   39400108 39003fe8 a9427bfd 9100c3ff
0x000000018f743348:   d65f0fff b40000e0 f9402808 90000230
0x000000018f743358:   911ca210 dac123f0 eb10011f 54000060
0x000000018f743368:   52800000 d65f03c0 52800020 d65f03c0 


Stack slot to memory mapping:
stack at sp + 0 slots: 0x0000000130f738c0 points into unknown readable memory: 0x000000004d555458 | 58 54 55 4d 00 00 00 00
stack at sp + 1 slots: 0x000000070eb1d430 is an unallocated location in the heap
stack at sp + 2 slots: 0x000000016f66e0b0 is pointing into the stack for thread: 0x000000011000b800
stack at sp + 3 slots: 0xd24e80018f7430e4: CGDataProviderRetainBytePtr+0x10c in /System/Library/Frameworks/CoreGraphics.framework/Versions/A/CoreGraphics at 0x000000018f736000
stack at sp + 4 slots: 0x0000000400000000 is an unknown value
stack at sp + 5 slots: 0x0000000100830080 points into unknown readable memory: 0x0000000100000000 | 00 00 00 00 01 00 00 00
stack at sp + 6 slots: 0x0000000100838a00 points into unknown readable memory: 0x0000000000000000 | 00 00 00 00 00 00 00 00
stack at sp + 7 slots: 0x0 is NULL


---------------  P R O C E S S  ---------------

Threads class SMR info:
_java_thread_list=0x0000600001385100, length=25, elements={
0x0000000132009000, 0x0000000131860800, 0x000000013180a800, 0x000000011000a600,
0x0000000131861400, 0x000000013300e800, 0x000000011000ac00, 0x000000013100e800,
0x000000011780a400, 0x0000000131862400, 0x0000000133039200, 0x000000013300ee00,
0x00000001310a7600, 0x0000000110032c00, 0x0000000111118e00, 0x000000011000b800,
0x000000013313d000, 0x0000000111121600, 0x0000000131b77c00, 0x00000001111ed400,
0x000000013322f600, 0x000000013219b400, 0x0000000110212a00, 0x00000001111d6a00,
0x0000000133267800
}

Java Threads: ( => current thread )
  0x0000000132009000 JavaThread "main" [_thread_blocked, id=4867, stack(0x000000016f700000,0x000000016f903000)]
  0x0000000131860800 JavaThread "Reference Handler" daemon [_thread_blocked, id=19715, stack(0x0000000170554000,0x0000000170757000)]
  0x000000013180a800 JavaThread "Finalizer" daemon [_thread_blocked, id=19203, stack(0x0000000170760000,0x0000000170963000)]
  0x000000011000a600 JavaThread "Signal Dispatcher" daemon [_thread_blocked, id=22531, stack(0x0000000170a84000,0x0000000170c87000)]
  0x0000000131861400 JavaThread "Service Thread" daemon [_thread_blocked, id=22787, stack(0x0000000170c90000,0x0000000170e93000)]
  0x000000013300e800 JavaThread "Monitor Deflation Thread" daemon [_thread_blocked, id=30211, stack(0x0000000170e9c000,0x000000017109f000)]
  0x000000011000ac00 JavaThread "C2 CompilerThread0" daemon [_thread_blocked, id=23299, stack(0x00000001710a8000,0x00000001712ab000)]
  0x000000013100e800 JavaThread "C1 CompilerThread0" daemon [_thread_blocked, id=23555, stack(0x00000001712b4000,0x00000001714b7000)]
  0x000000011780a400 JavaThread "Sweeper thread" daemon [_thread_blocked, id=29699, stack(0x00000001714c0000,0x00000001716c3000)]
  0x0000000131862400 JavaThread "Common-Cleaner" daemon [_thread_blocked, id=29187, stack(0x00000001716cc000,0x00000001718cf000)]
  0x0000000133039200 JavaThread "Monitor Ctrl-Break" daemon [_thread_in_native, id=28675, stack(0x00000001718d8000,0x0000000171adb000)]
  0x000000013300ee00 JavaThread "Notification Thread" daemon [_thread_blocked, id=24323, stack(0x0000000171ae4000,0x0000000171ce7000)]
  0x00000001310a7600 JavaThread "JavaFX-Launcher" [_thread_blocked, id=25091, stack(0x0000000171efc000,0x00000001720ff000)]
  0x0000000110032c00 JavaThread "QuantumRenderer-0" daemon [_thread_blocked, id=28163, stack(0x0000000172108000,0x000000017230b000)]
  0x0000000111118e00 JavaThread "InvokeLaterDispatcher" daemon [_thread_blocked, id=38667, stack(0x0000000172d50000,0x0000000172f53000)]
=>0x000000011000b800 JavaThread "JavaFX Application Thread" [_thread_in_native, id=259, stack(0x000000016ee78000,0x000000016f674000)]
  0x000000013313d000 JavaThread "FXGL Background Thread 1" daemon [_thread_blocked, id=81419, stack(0x000000017330c000,0x000000017350f000)]
  0x0000000111121600 JavaThread "Prism Font Disposer" daemon [_thread_blocked, id=77067, stack(0x0000000173518000,0x000000017371b000)]
  0x0000000131b77c00 JavaThread "JFXMedia Player EventQueueThread" daemon [_thread_blocked, id=67107, stack(0x00000001737b0000,0x00000001739b3000)]
  0x00000001111ed400 JavaThread "Media Resource Disposer" daemon [_thread_blocked, id=129287, stack(0x0000000173b60000,0x0000000173d63000)]
  0x000000013322f600 JavaThread "FXGL Background Thread 2" daemon [_thread_in_native, id=158467, stack(0x0000000174834000,0x0000000174a37000)]
  0x000000013219b400 JavaThread "FXGL Background Thread 3" daemon [_thread_blocked, id=145939, stack(0x0000000174a40000,0x0000000174c43000)]
  0x0000000110212a00 JavaThread "FXGL Background Thread 4" daemon [_thread_blocked, id=157955, stack(0x0000000174c4c000,0x0000000174e4f000)]
  0x00000001111d6a00 JavaThread "JFXMedia Player EventQueueThread" daemon [_thread_blocked, id=146947, stack(0x0000000175064000,0x0000000175267000)]
  0x0000000133267800 JavaThread "PulseTimer-CVDisplayLink thread" daemon [_thread_in_native, id=157447, stack(0x0000000172f5c000,0x0000000172fdf000)]

Other Threads:
  0x0000000120e08b30 VMThread "VM Thread" [stack: 0x0000000170348000,0x000000017054b000] [id=19971]
  0x0000000120e0d000 WatcherThread [stack: 0x0000000171cf0000,0x0000000171ef3000] [id=24579]
  0x00000001328072f0 GCTaskThread "GC Thread#0" [stack: 0x000000016f90c000,0x000000016fb0f000] [id=14339]
  0x000000010140df30 GCTaskThread "GC Thread#1" [stack: 0x0000000172314000,0x0000000172517000] [id=27651]
  0x0000000120e11fa0 GCTaskThread "GC Thread#2" [stack: 0x0000000172520000,0x0000000172723000] [id=25859]
  0x0000000120e12420 GCTaskThread "GC Thread#3" [stack: 0x000000017272c000,0x000000017292f000] [id=26115]
  0x0000000120e128a0 GCTaskThread "GC Thread#4" [stack: 0x0000000172938000,0x0000000172b3b000] [id=26627]
  0x0000000120e12d20 GCTaskThread "GC Thread#5" [stack: 0x0000000172b44000,0x0000000172d47000] [id=26883]
  0x0000000110e793f0 GCTaskThread "GC Thread#6" [stack: 0x0000000173df8000,0x0000000173ffb000] [id=112387]
  0x0000000120e37ac0 GCTaskThread "GC Thread#7" [stack: 0x0000000174004000,0x0000000174207000] [id=107523]
  0x0000000120e047b0 ConcurrentGCThread "G1 Main Marker" [stack: 0x000000016fb18000,0x000000016fd1b000] [id=13827]
  0x0000000130f04670 ConcurrentGCThread "G1 Conc#0" [stack: 0x000000016fd24000,0x000000016ff27000] [id=12803]
  0x0000000110e81e50 ConcurrentGCThread "G1 Conc#1" [stack: 0x000000017575c000,0x000000017595f000] [id=150535]
  0x0000000132807770 ConcurrentGCThread "G1 Refine#0" [stack: 0x000000016ff30000,0x0000000170133000] [id=16643]
  0x0000000110e78f20 ConcurrentGCThread "G1 Refine#1" [stack: 0x0000000174210000,0x0000000174413000] [id=108035]
  0x0000000120e375a0 ConcurrentGCThread "G1 Refine#2" [stack: 0x000000017441c000,0x000000017461f000] [id=108291]
  0x0000000101427300 ConcurrentGCThread "G1 Refine#3" [stack: 0x0000000174628000,0x000000017482b000] [id=108803]
  0x0000000120e05030 ConcurrentGCThread "G1 Service" [stack: 0x000000017013c000,0x000000017033f000] [id=21251]

Threads with active compile tasks:

VM state: not at safepoint (normal execution)

VM Mutex/Monitor currently owned by a thread: None

Heap address: 0x0000000700000000, size: 4096 MB, Compressed Oops mode: Zero based, Oop shift amount: 3

CDS archive(s) mapped at: [0x0000000800000000-0x0000000800bd8000-0x0000000800bd8000), size 12419072, SharedBaseAddress: 0x0000000800000000, ArchiveRelocationMode: 0.
Compressed class space mapped at: 0x0000000800c00000-0x0000000840c00000, reserved size: 1073741824
Narrow klass base: 0x0000000800000000, Narrow klass shift: 0, Narrow klass range: 0x100000000

GC Precious Log:
 CPUs: 8 total, 8 available
 Memory: 16384M
 Large Page Support: Disabled
 NUMA Support: Disabled
 Compressed Oops: Enabled (Zero based)
 Heap Region Size: 2M
 Heap Min Capacity: 8M
 Heap Initial Capacity: 256M
 Heap Max Capacity: 4G
 Pre-touch: Disabled
 Parallel Workers: 8
 Concurrent Workers: 2
 Concurrent Refinement Workers: 8
 Periodic GC: Disabled

Heap:
 garbage-first heap   total 102400K, used 32042K [0x0000000700000000, 0x0000000800000000)
  region size 2048K, 12 young (24576K), 5 survivors (10240K)
 Metaspace       used 23629K, committed 23936K, reserved 1073152K
  class space    used 3373K, committed 3520K, reserved 1048576K

Heap Regions: E=young(eden), S=young(survivor), O=old, HS=humongous(starts), HC=humongous(continues), CS=collection set, F=free, OA=open archive, CA=closed archive, TAMS=top-at-mark-start (previous, next)
|   0|0x0000000700000000, 0x0000000700200000, 0x0000000700200000|100%|HS|  |TAMS 0x0000000700200000, 0x0000000700000000| Complete 
|   1|0x0000000700200000, 0x0000000700400000, 0x0000000700400000|100%| O|  |TAMS 0x0000000700400000, 0x0000000700200000| Untracked 
|   2|0x0000000700400000, 0x0000000700600000, 0x0000000700600000|100%| O|  |TAMS 0x0000000700600000, 0x0000000700400000| Complete 
|   3|0x0000000700600000, 0x0000000700800000, 0x0000000700800000|100%| O|  |TAMS 0x0000000700800000, 0x0000000700600000| Untracked 
|   4|0x0000000700800000, 0x00000007009e7a00, 0x0000000700a00000| 95%| O|  |TAMS 0x00000007009e7a00, 0x0000000700800000| Untracked 
|   5|0x0000000700a00000, 0x0000000700a00000, 0x0000000700c00000|  0%| F|  |TAMS 0x0000000700a00000, 0x0000000700a00000| Untracked 
|   6|0x0000000700c00000, 0x0000000700c00000, 0x0000000700e00000|  0%| F|  |TAMS 0x0000000700c00000, 0x0000000700c00000| Untracked 
|   7|0x0000000700e00000, 0x0000000700e00000, 0x0000000701000000|  0%| F|  |TAMS 0x0000000700e00000, 0x0000000700e00000| Untracked 
|   8|0x0000000701000000, 0x0000000701000000, 0x0000000701200000|  0%| F|  |TAMS 0x0000000701000000, 0x0000000701000000| Untracked 
|   9|0x0000000701200000, 0x0000000701200000, 0x0000000701400000|  0%| F|  |TAMS 0x0000000701200000, 0x0000000701200000| Untracked 
|  10|0x0000000701400000, 0x0000000701400000, 0x0000000701600000|  0%| F|  |TAMS 0x0000000701400000, 0x0000000701400000| Untracked 
|  11|0x0000000701600000, 0x0000000701600000, 0x0000000701800000|  0%| F|  |TAMS 0x0000000701600000, 0x0000000701600000| Untracked 
|  12|0x0000000701800000, 0x0000000701800000, 0x0000000701a00000|  0%| F|  |TAMS 0x0000000701800000, 0x0000000701800000| Untracked 
|  13|0x0000000701a00000, 0x0000000701a00000, 0x0000000701c00000|  0%| F|  |TAMS 0x0000000701a00000, 0x0000000701a00000| Untracked 
|  14|0x0000000701c00000, 0x0000000701c00000, 0x0000000701e00000|  0%| F|  |TAMS 0x0000000701c00000, 0x0000000701c00000| Untracked 
|  15|0x0000000701e00000, 0x0000000701e00000, 0x0000000702000000|  0%| F|  |TAMS 0x0000000701e00000, 0x0000000701e00000| Untracked 
|  16|0x0000000702000000, 0x0000000702000000, 0x0000000702200000|  0%| F|  |TAMS 0x0000000702000000, 0x0000000702000000| Untracked 
|  17|0x0000000702200000, 0x0000000702200000, 0x0000000702400000|  0%| F|  |TAMS 0x0000000702200000, 0x0000000702200000| Untracked 
|  18|0x0000000702400000, 0x0000000702400000, 0x0000000702600000|  0%| F|  |TAMS 0x0000000702400000, 0x0000000702400000| Untracked 
|  19|0x0000000702600000, 0x0000000702600000, 0x0000000702800000|  0%| F|  |TAMS 0x0000000702600000, 0x0000000702600000| Untracked 
|  20|0x0000000702800000, 0x0000000702800000, 0x0000000702a00000|  0%| F|  |TAMS 0x0000000702800000, 0x0000000702800000| Untracked 
|  21|0x0000000702a00000, 0x0000000702a00000, 0x0000000702c00000|  0%| F|  |TAMS 0x0000000702a00000, 0x0000000702a00000| Untracked 
|  22|0x0000000702c00000, 0x0000000702c00000, 0x0000000702e00000|  0%| F|  |TAMS 0x0000000702c00000, 0x0000000702c00000| Untracked 
|  23|0x0000000702e00000, 0x0000000702e00000, 0x0000000703000000|  0%| F|  |TAMS 0x0000000702e00000, 0x0000000702e00000| Untracked 
|  24|0x0000000703000000, 0x0000000703000000, 0x0000000703200000|  0%| F|  |TAMS 0x0000000703000000, 0x0000000703000000| Untracked 
|  25|0x0000000703200000, 0x0000000703200000, 0x0000000703400000|  0%| F|  |TAMS 0x0000000703200000, 0x0000000703200000| Untracked 
|  26|0x0000000703400000, 0x0000000703400000, 0x0000000703600000|  0%| F|  |TAMS 0x0000000703400000, 0x0000000703400000| Untracked 
|  27|0x0000000703600000, 0x0000000703600000, 0x0000000703800000|  0%| F|  |TAMS 0x0000000703600000, 0x0000000703600000| Untracked 
|  28|0x0000000703800000, 0x0000000703800000, 0x0000000703a00000|  0%| F|  |TAMS 0x0000000703800000, 0x0000000703800000| Untracked 
|  29|0x0000000703a00000, 0x0000000703a00000, 0x0000000703c00000|  0%| F|  |TAMS 0x0000000703a00000, 0x0000000703a00000| Untracked 
|  30|0x0000000703c00000, 0x0000000703c00000, 0x0000000703e00000|  0%| F|  |TAMS 0x0000000703c00000, 0x0000000703c00000| Untracked 
|  31|0x0000000703e00000, 0x0000000703e00000, 0x0000000704000000|  0%| F|  |TAMS 0x0000000703e00000, 0x0000000703e00000| Untracked 
|  32|0x0000000704000000, 0x0000000704000000, 0x0000000704200000|  0%| F|  |TAMS 0x0000000704000000, 0x0000000704000000| Untracked 
|  33|0x0000000704200000, 0x0000000704200000, 0x0000000704400000|  0%| F|  |TAMS 0x0000000704200000, 0x0000000704200000| Untracked 
|  34|0x0000000704400000, 0x0000000704400000, 0x0000000704600000|  0%| F|  |TAMS 0x0000000704400000, 0x0000000704400000| Untracked 
|  35|0x0000000704600000, 0x0000000704600000, 0x0000000704800000|  0%| F|  |TAMS 0x0000000704600000, 0x0000000704600000| Untracked 
|  36|0x0000000704800000, 0x0000000704923550, 0x0000000704a00000| 56%| E|  |TAMS 0x0000000704800000, 0x0000000704800000| Complete 
|  37|0x0000000704a00000, 0x0000000704c00000, 0x0000000704c00000|100%| E|CS|TAMS 0x0000000704a00000, 0x0000000704a00000| Complete 
|  38|0x0000000704c00000, 0x0000000704e00000, 0x0000000704e00000|100%| E|CS|TAMS 0x0000000704c00000, 0x0000000704c00000| Complete 
|  39|0x0000000704e00000, 0x0000000705000000, 0x0000000705000000|100%| E|CS|TAMS 0x0000000704e00000, 0x0000000704e00000| Complete 
| 110|0x000000070dc00000, 0x000000070dd6b148, 0x000000070de00000| 70%| S|CS|TAMS 0x000000070dc00000, 0x000000070dc00000| Complete 
| 111|0x000000070de00000, 0x000000070e000000, 0x000000070e000000|100%| S|CS|TAMS 0x000000070de00000, 0x000000070de00000| Complete 
| 112|0x000000070e000000, 0x000000070e200000, 0x000000070e200000|100%| S|CS|TAMS 0x000000070e000000, 0x000000070e000000| Complete 
| 113|0x000000070e200000, 0x000000070e400000, 0x000000070e400000|100%| S|CS|TAMS 0x000000070e200000, 0x000000070e200000| Complete 
| 114|0x000000070e400000, 0x000000070e600000, 0x000000070e600000|100%| S|CS|TAMS 0x000000070e400000, 0x000000070e400000| Complete 
| 125|0x000000070fa00000, 0x000000070fc00000, 0x000000070fc00000|100%| E|CS|TAMS 0x000000070fa00000, 0x000000070fa00000| Complete 
| 126|0x000000070fc00000, 0x000000070fe00000, 0x000000070fe00000|100%| E|CS|TAMS 0x000000070fc00000, 0x000000070fc00000| Complete 
| 127|0x000000070fe00000, 0x0000000710000000, 0x0000000710000000|100%| E|  |TAMS 0x000000070fe00000, 0x000000070fe00000| Complete 
|2046|0x00000007ffc00000, 0x00000007ffd78000, 0x00000007ffe00000| 73%|OA|  |TAMS 0x00000007ffd78000, 0x00000007ffc00000| Untracked 
|2047|0x00000007ffe00000, 0x00000007ffe80000, 0x0000000800000000| 25%|CA|  |TAMS 0x00000007ffe80000, 0x00000007ffe00000| Untracked 

Card table byte_map: [0x000000010a338000,0x000000010ab38000] _byte_map_base: 0x0000000106b38000

Marking Bits (Prev, Next): (CMBitMap*) 0x0000000133011c50, (CMBitMap*) 0x0000000133011c10
 Prev Bits: [0x0000000111800000, 0x0000000115800000)
 Next Bits: [0x000000010b338000, 0x000000010f338000)

Polling page: 0x00000001007e4000

Metaspace:

Usage:
  Non-class:     19.78 MB used.
      Class:      3.29 MB used.
       Both:     23.08 MB used.

Virtual space:
  Non-class space:       24.00 MB reserved,      19.94 MB ( 83%) committed,  3 nodes.
      Class space:        1.00 GB reserved,       3.44 MB ( <1%) committed,  1 nodes.
             Both:        1.02 GB reserved,      23.38 MB (  2%) committed. 

Chunk freelists:
   Non-Class:  3.98 MB
       Class:  492.00 KB
        Both:  4.46 MB

MaxMetaspaceSize: unlimited
CompressedClassSpaceSize: 1.00 GB
Initial GC threshold: 21.00 MB
Current GC threshold: 35.62 MB
CDS: on
MetaspaceReclaimPolicy: balanced
 - commit_granule_bytes: 65536.
 - commit_granule_words: 8192.
 - virtual_space_node_default_size: 1048576.
 - enlarge_chunks_in_place: 1.
 - new_chunks_are_fully_committed: 0.
 - uncommit_free_chunks: 1.
 - use_allocation_guard: 0.
 - handle_deallocations: 1.


Internal statistics:

num_allocs_failed_limit: 6.
num_arena_births: 344.
num_arena_deaths: 0.
num_vsnodes_births: 4.
num_vsnodes_deaths: 0.
num_space_committed: 374.
num_space_uncommitted: 0.
num_chunks_returned_to_freelist: 6.
num_chunks_taken_from_freelist: 1047.
num_chunk_merges: 6.
num_chunk_splits: 745.
num_chunks_enlarged: 577.
num_purges: 0.
num_inconsistent_stats: 0.

CodeHeap 'non-profiled nmethods': size=120032Kb used=1088Kb max_used=1088Kb free=118943Kb
 bounds [0x0000000147ac8000, 0x0000000147d38000, 0x000000014f000000]
CodeHeap 'profiled nmethods': size=120016Kb used=5226Kb max_used=5226Kb free=114789Kb
 bounds [0x0000000140000000, 0x0000000140520000, 0x0000000147534000]
CodeHeap 'non-nmethods': size=5712Kb used=1456Kb max_used=1486Kb free=4255Kb
 bounds [0x0000000147534000, 0x00000001477a4000, 0x0000000147ac8000]
 total_blobs=3621 nmethods=2772 adapters=765
 compilation: enabled
              stopped_count=0, restarted_count=0
 full_count=0

Compilation events (20 events):
Event: 1.178 Thread 0x000000013100e800 nmethod 2906 0x0000000147bd5110 code [0x0000000147bd5280, 0x0000000147bd5318]
Event: 1.178 Thread 0x000000013100e800 2907       1       com.sun.javafx.geom.transform.AffineBase::getMxx (5 bytes)
Event: 1.178 Thread 0x000000013100e800 nmethod 2907 0x0000000147bd5410 code [0x0000000147bd5580, 0x0000000147bd5618]
Event: 1.178 Thread 0x000000013100e800 2908       1       com.sun.javafx.geom.transform.AffineBase::getMxy (5 bytes)
Event: 1.178 Thread 0x000000013100e800 nmethod 2908 0x0000000147bd5710 code [0x0000000147bd5880, 0x0000000147bd5918]
Event: 1.178 Thread 0x000000013100e800 2909       1       com.sun.javafx.geom.transform.AffineBase::getMyt (5 bytes)
Event: 1.178 Thread 0x000000013100e800 nmethod 2909 0x0000000147bd5a10 code [0x0000000147bd5b80, 0x0000000147bd5c18]
Event: 1.178 Thread 0x000000013100e800 2910       1       com.sun.javafx.geom.transform.AffineBase::getMyx (5 bytes)
Event: 1.178 Thread 0x000000013100e800 nmethod 2910 0x0000000147bd5d10 code [0x0000000147bd5e80, 0x0000000147bd5f18]
Event: 1.178 Thread 0x000000013100e800 2911       1       com.sun.javafx.geom.transform.AffineBase::getMyy (5 bytes)
Event: 1.178 Thread 0x000000013100e800 nmethod 2911 0x0000000147bd6010 code [0x0000000147bd6180, 0x0000000147bd6218]
Event: 1.178 Thread 0x000000013100e800 2919       1       com.sun.javafx.geom.DirtyRegionContainer::size (5 bytes)
Event: 1.178 Thread 0x000000013100e800 nmethod 2919 0x0000000147bd6310 code [0x0000000147bd6480, 0x0000000147bd6518]
Event: 1.178 Thread 0x000000013100e800 2912       1       com.sun.javafx.geom.transform.Affine3D::getMxz (5 bytes)
Event: 1.178 Thread 0x000000013100e800 nmethod 2912 0x0000000147bd6610 code [0x0000000147bd6780, 0x0000000147bd6818]
Event: 1.178 Thread 0x000000013100e800 2918       1       com.sun.javafx.sg.prism.NGNode::getClipNode (5 bytes)
Event: 1.178 Thread 0x000000013100e800 nmethod 2918 0x0000000147bd6910 code [0x0000000147bd6a80, 0x0000000147bd6b18]
Event: 1.178 Thread 0x000000013100e800 2913       1       com.sun.javafx.geom.transform.Affine3D::getMyz (5 bytes)
Event: 1.178 Thread 0x000000013100e800 nmethod 2913 0x0000000147bd6c10 code [0x0000000147bd6d80, 0x0000000147bd6e18]
Event: 1.178 Thread 0x000000013100e800 2905       1       javafx.scene.control.Control::isResizable (2 bytes)

GC Heap History (6 events):
Event: 0.187 GC heap before
{Heap before GC invocations=0 (full 0):
 garbage-first heap   total 266240K, used 22496K [0x0000000700000000, 0x0000000800000000)
  region size 2048K, 11 young (22528K), 0 survivors (0K)
 Metaspace       used 5298K, committed 5504K, reserved 1056768K
  class space    used 489K, committed 576K, reserved 1048576K
}
Event: 0.189 GC heap after
{Heap after GC invocations=1 (full 0):
 garbage-first heap   total 266240K, used 5040K [0x0000000700000000, 0x0000000800000000)
  region size 2048K, 2 young (4096K), 2 survivors (4096K)
 Metaspace       used 5298K, committed 5504K, reserved 1056768K
  class space    used 489K, committed 576K, reserved 1048576K
}
Event: 0.941 GC heap before
{Heap before GC invocations=1 (full 0):
 garbage-first heap   total 266240K, used 58288K [0x0000000700000000, 0x0000000800000000)
  region size 2048K, 28 young (57344K), 2 survivors (4096K)
 Metaspace       used 16841K, committed 17152K, reserved 1064960K
  class space    used 2418K, committed 2560K, reserved 1048576K
}
Event: 0.946 GC heap after
{Heap after GC invocations=2 (full 0):
 garbage-first heap   total 266240K, used 20350K [0x0000000700000000, 0x0000000800000000)
  region size 2048K, 4 young (8192K), 4 survivors (8192K)
 Metaspace       used 16841K, committed 17152K, reserved 1064960K
  class space    used 2418K, committed 2560K, reserved 1048576K
}
Event: 1.098 GC heap before
{Heap before GC invocations=2 (full 0):
 garbage-first heap   total 266240K, used 46974K [0x0000000700000000, 0x0000000800000000)
  region size 2048K, 17 young (34816K), 4 survivors (8192K)
 Metaspace       used 21243K, committed 21504K, reserved 1073152K
  class space    used 3021K, committed 3136K, reserved 1048576K
}
Event: 1.101 GC heap after
{Heap after GC invocations=3 (full 0):
 garbage-first heap   total 266240K, used 21802K [0x0000000700000000, 0x0000000800000000)
  region size 2048K, 5 young (10240K), 5 survivors (10240K)
 Metaspace       used 21243K, committed 21504K, reserved 1073152K
  class space    used 3021K, committed 3136K, reserved 1048576K
}

Dll operation events (20 events):
Event: 0.016 Loaded shared library /Users/meo/Library/Java/JavaVirtualMachines/corretto-17.0.6/Contents/Home/lib/libnio.dylib
Event: 0.026 Loaded shared library /Users/meo/Library/Java/JavaVirtualMachines/corretto-17.0.6/Contents/Home/lib/libzip.dylib
Event: 0.047 Loaded shared library /Users/meo/Library/Java/JavaVirtualMachines/corretto-17.0.6/Contents/Home/lib/libnet.dylib
Event: 0.078 Loaded shared library /Users/meo/Library/Java/JavaVirtualMachines/corretto-17.0.6/Contents/Home/lib/libzip.dylib
Event: 0.078 Loaded shared library /Users/meo/Library/Java/JavaVirtualMachines/corretto-17.0.6/Contents/Home/lib/libinstrument.dylib
Event: 0.138 Loaded shared library /Users/meo/Library/Java/JavaVirtualMachines/corretto-17.0.6/Contents/Home/lib/libjimage.dylib
Event: 0.181 Loading shared library /Users/meo/.m2/repository/org/openjfx/javafx-graphics/20/libprism_es2.dylib failed, dlopen(/Users/meo/.m2/repository/org/openjfx/javafx-graphics/20/libprism_es2.dylib, 0x0001): tried: '/Users/meo/.m2/repository/org/openjfx/javafx-gr
Event: 0.200 Loaded shared library /Users/meo/.openjfx/cache/20+19/aarch64/libprism_es2.dylib
Event: 0.273 Loading shared library /Users/meo/.m2/repository/org/openjfx/javafx-graphics/20/libglass.dylib failed, dlopen(/Users/meo/.m2/repository/org/openjfx/javafx-graphics/20/libglass.dylib, 0x0001): tried: '/Users/meo/.m2/repository/org/openjfx/javafx-graphics/2
Event: 0.278 Loaded shared library /Users/meo/.openjfx/cache/20+19/aarch64/libglass.dylib
Event: 0.450 Loading shared library /Users/meo/.m2/repository/org/openjfx/javafx-graphics/20/libjavafx_font.dylib failed, dlopen(/Users/meo/.m2/repository/org/openjfx/javafx-graphics/20/libjavafx_font.dylib, 0x0001): tried: '/Users/meo/.m2/repository/org/openjfx/javaf
Event: 0.452 Loaded shared library /Users/meo/.openjfx/cache/20+19/aarch64/libjavafx_font.dylib
Event: 0.777 Loading shared library /Users/meo/.m2/repository/org/openjfx/javafx-graphics/20/libglib-lite.dylib failed, dlopen(/Users/meo/.m2/repository/org/openjfx/javafx-graphics/20/libglib-lite.dylib, 0x0001): tried: '/Users/meo/.m2/repository/org/openjfx/javafx-gr
Event: 0.790 Loaded shared library /Users/meo/.openjfx/cache/20+19/aarch64/libglib-lite.dylib
Event: 0.790 Loading shared library /Users/meo/.m2/repository/org/openjfx/javafx-graphics/20/libgstreamer-lite.dylib failed, dlopen(/Users/meo/.m2/repository/org/openjfx/javafx-graphics/20/libgstreamer-lite.dylib, 0x0001): tried: '/Users/meo/.m2/repository/org/openjfx
Event: 0.805 Loaded shared library /Users/meo/.openjfx/cache/20+19/aarch64/libgstreamer-lite.dylib
Event: 0.806 Loading shared library /Users/meo/.m2/repository/org/openjfx/javafx-graphics/20/libjfxmedia.dylib failed, dlopen(/Users/meo/.m2/repository/org/openjfx/javafx-graphics/20/libjfxmedia.dylib, 0x0001): tried: '/Users/meo/.m2/repository/org/openjfx/javafx-grap
Event: 0.822 Loaded shared library /Users/meo/.openjfx/cache/20+19/aarch64/libjfxmedia.dylib
Event: 0.825 Loading shared library /Users/meo/.m2/repository/org/openjfx/javafx-graphics/20/libjfxmedia_avf.dylib failed, dlopen(/Users/meo/.m2/repository/org/openjfx/javafx-graphics/20/libjfxmedia_avf.dylib, 0x0001): tried: '/Users/meo/.m2/repository/org/openjfx/jav
Event: 0.827 Loaded shared library /Users/meo/.openjfx/cache/20+19/aarch64/libjfxmedia_avf.dylib

Deoptimization events (20 events):
Event: 1.125 Thread 0x000000011000b800 Uncommon trap: trap_request=0xffffff45 fr.pc=0x0000000147b8a688 relative=0x0000000000000048
Event: 1.125 Thread 0x000000011000b800 Uncommon trap: reason=unstable_if action=reinterpret pc=0x0000000147b8a688 method=java.lang.Math.min(DD)D @ 17 c2
Event: 1.125 Thread 0x000000011000b800 DEOPT PACKING pc=0x0000000147b8a688 sp=0x000000016f66d5c0
Event: 1.125 Thread 0x000000011000b800 DEOPT UNPACKING pc=0x000000014757b91c sp=0x000000016f66d550 mode 2
Event: 1.129 Thread 0x000000013322f600 DEOPT PACKING pc=0x00000001404a4c38 sp=0x0000000174a343b0
Event: 1.129 Thread 0x000000013322f600 DEOPT UNPACKING pc=0x000000014757b77c sp=0x0000000174a34040 mode 0
Event: 1.129 Thread 0x000000013322f600 DEOPT PACKING pc=0x00000001404a4c38 sp=0x0000000174a343b0
Event: 1.129 Thread 0x000000013322f600 DEOPT UNPACKING pc=0x000000014757b77c sp=0x0000000174a34040 mode 0
Event: 1.130 Thread 0x000000013322f600 DEOPT PACKING pc=0x00000001404a4c38 sp=0x0000000174a34360
Event: 1.130 Thread 0x000000013322f600 DEOPT UNPACKING pc=0x000000014757b77c sp=0x0000000174a33ff0 mode 0
Event: 1.160 Thread 0x000000013322f600 DEOPT PACKING pc=0x00000001404f9ef0 sp=0x0000000174a33f60
Event: 1.160 Thread 0x000000013322f600 DEOPT UNPACKING pc=0x000000014757b77c sp=0x0000000174a33ce0 mode 3
Event: 1.171 Thread 0x000000013322f600 Uncommon trap: trap_request=0xffffff45 fr.pc=0x0000000147b209c4 relative=0x0000000000000e84
Event: 1.171 Thread 0x000000013322f600 Uncommon trap: reason=unstable_if action=reinterpret pc=0x0000000147b209c4 method=java.util.concurrent.ConcurrentHashMap.putVal(Ljava/lang/Object;Ljava/lang/Object;Z)Ljava/lang/Object; @ 148 c2
Event: 1.171 Thread 0x000000013322f600 DEOPT PACKING pc=0x0000000147b209c4 sp=0x0000000174a35830
Event: 1.171 Thread 0x000000013322f600 DEOPT UNPACKING pc=0x000000014757b91c sp=0x0000000174a35740 mode 2
Event: 1.177 Thread 0x0000000110032c00 Uncommon trap: trap_request=0xffffff45 fr.pc=0x0000000147bced10 relative=0x00000000000000d0
Event: 1.177 Thread 0x0000000110032c00 Uncommon trap: reason=unstable_if action=reinterpret pc=0x0000000147bced10 method=java.lang.StrictMath.floorOrCeil(DDDD)D @ 115 c2
Event: 1.177 Thread 0x0000000110032c00 DEOPT PACKING pc=0x0000000147bced10 sp=0x000000017230a3a0
Event: 1.177 Thread 0x0000000110032c00 DEOPT UNPACKING pc=0x000000014757b91c sp=0x000000017230a2b0 mode 2

Classes unloaded (0 events):
No events

Classes redefined (0 events):
No events

Internal exceptions (20 events):
Event: 1.014 Thread 0x000000013313d000 Exception <a 'java/lang/NoSuchMethodError'{0x000000070f17f5b8}: 'void java.lang.invoke.DirectMethodHandle$Holder.invokeStatic(java.lang.Object, double)'> (0x000000070f17f5b8) 
thrown [src/hotspot/share/interpreter/linkResolver.cpp, line 759]
Event: 1.025 Thread 0x000000013322f600 Exception <a 'java/lang/NoSuchMethodError'{0x000000070ee59ac0}: 'int java.lang.invoke.DirectMethodHandle$Holder.invokeStaticInit(java.lang.Object, java.lang.Object, java.lang.Object, java.lang.Object)'> (0x000000070ee59ac0) 
thrown [src/hotspot/share/interpreter/linkResolver.cpp, line 759]
Event: 1.025 Thread 0x000000013322f600 Exception <a 'java/lang/NoSuchMethodError'{0x000000070ee63068}: 'java.lang.Object java.lang.invoke.DirectMethodHandle$Holder.invokeInterface(java.lang.Object, java.lang.Object)'> (0x000000070ee63068) 
thrown [src/hotspot/share/interpreter/linkResolver.cpp, line 759]
Event: 1.025 Thread 0x000000013322f600 Exception <a 'java/lang/IncompatibleClassChangeError'{0x000000070ee66860}: Found class java.lang.Object, but interface was expected> (0x000000070ee66860) 
thrown [src/hotspot/share/interpreter/linkResolver.cpp, line 826]
Event: 1.026 Thread 0x000000011000b800 Exception <a 'java/lang/UnsatisfiedLinkError'{0x000000070efa4f88}: 'boolean com.sun.media.jfxmediaimpl.NativeAudioClip.nacInit()'> (0x000000070efa4f88) 
thrown [src/hotspot/share/prims/nativeLookup.cpp, line 543]
Event: 1.030 Thread 0x000000011000b800 Exception <a 'sun/nio/fs/UnixException'{0x000000070efe5188}> (0x000000070efe5188) 
thrown [src/hotspot/share/prims/jni.cpp, line 516]
Event: 1.073 Thread 0x000000011000b800 Exception <a 'java/lang/NoSuchMethodError'{0x000000070eb35ad0}: 'long java.lang.invoke.DirectMethodHandle$Holder.invokeStatic(java.lang.Object, java.lang.Object, java.lang.Object)'> (0x000000070eb35ad0) 
thrown [src/hotspot/share/interpreter/linkResolver.cpp, line 759]
Event: 1.073 Thread 0x000000011000b800 Exception <a 'java/lang/NoSuchMethodError'{0x000000070eb39278}: 'long java.lang.invoke.DirectMethodHandle$Holder.invokeStaticInit(java.lang.Object, java.lang.Object, java.lang.Object)'> (0x000000070eb39278) 
thrown [src/hotspot/share/interpreter/linkResolver.cpp, line 759]
Event: 1.074 Thread 0x000000011000b800 Exception <a 'java/lang/NoSuchMethodError'{0x000000070eb511f0}: 'java.lang.Object java.lang.invoke.DirectMethodHandle$Holder.newInvokeSpecial(java.lang.Object, java.lang.Object, long)'> (0x000000070eb511f0) 
thrown [src/hotspot/share/interpreter/linkResolver.cpp, line 759]
Event: 1.074 Thread 0x000000011000b800 Exception <a 'java/lang/NoSuchMethodError'{0x000000070eb54ab8}: 'java.lang.Object java.lang.invoke.Invokers$Holder.linkToTargetMethod(java.lang.Object, long, java.lang.Object)'> (0x000000070eb54ab8) 
thrown [src/hotspot/share/interpreter/linkResolver.cpp, line 759]
Event: 1.086 Thread 0x000000011000b800 Exception <a 'java/lang/NoSuchMethodError'{0x000000070e933498}: 'java.lang.Object java.lang.invoke.DirectMethodHandle$Holder.invokeInterface(java.lang.Object, java.lang.Object, java.lang.Object)'> (0x000000070e933498) 
thrown [src/hotspot/share/interpreter/linkResolver.cpp, line 759]
Event: 1.086 Thread 0x000000011000b800 Exception <a 'java/lang/IncompatibleClassChangeError'{0x000000070e936b60}: Found class java.lang.Object, but interface was expected> (0x000000070e936b60) 
thrown [src/hotspot/share/interpreter/linkResolver.cpp, line 826]
Event: 1.106 Thread 0x000000011000b800 Exception <a 'java/lang/ClassNotFoundException'{0x000000070fe3d9a8}: com/sun/javafx/scene/control/skin/resources/controls> (0x000000070fe3d9a8) 
thrown [src/hotspot/share/prims/jni.cpp, line 535]
Event: 1.106 Thread 0x000000011000b800 Exception <a 'java/lang/ClassNotFoundException'{0x000000070fe4b928}: com/sun/javafx/scene/control/skin/resources/controls_zh> (0x000000070fe4b928) 
thrown [src/hotspot/share/prims/jni.cpp, line 535]
Event: 1.106 Thread 0x000000011000b800 Exception <a 'java/lang/ClassNotFoundException'{0x000000070fe4c950}: com/sun/javafx/scene/control/skin/resources/controls_zh_CN> (0x000000070fe4c950) 
thrown [src/hotspot/share/prims/jni.cpp, line 535]
Event: 1.107 Thread 0x000000011000b800 Exception <a 'java/lang/ClassNotFoundException'{0x000000070fe5ad38}: com/sun/javafx/scene/control/skin/resources/controls_zh_Hans> (0x000000070fe5ad38) 
thrown [src/hotspot/share/prims/jni.cpp, line 535]
Event: 1.107 Thread 0x000000011000b800 Exception <a 'java/lang/ClassNotFoundException'{0x000000070fe5bd68}: com/sun/javafx/scene/control/skin/resources/controls_zh_Hans_CN> (0x000000070fe5bd68) 
thrown [src/hotspot/share/prims/jni.cpp, line 535]
Event: 1.162 Thread 0x00000001111d6a00 Exception <a 'java/lang/NoSuchMethodError'{0x00000007048013b8}: 'void java.lang.invoke.DirectMethodHandle$Holder.invokeSpecial(java.lang.Object, java.lang.Object, double)'> (0x00000007048013b8) 
thrown [src/hotspot/share/interpreter/linkResolver.cpp, line 759]
Event: 1.164 Thread 0x00000001111d6a00 Exception <a 'java/lang/NoSuchMethodError'{0x00000007048074a0}: 'java.lang.Object java.lang.invoke.DirectMethodHandle$Holder.newInvokeSpecial(java.lang.Object, java.lang.Object, double)'> (0x00000007048074a0) 
thrown [src/hotspot/share/interpreter/linkResolver.cpp, line 759]
Event: 1.165 Thread 0x00000001111d6a00 Exception <a 'java/lang/NoSuchMethodError'{0x000000070480b0b8}: 'java.lang.Object java.lang.invoke.DirectMethodHandle$Holder.invokeSpecial(java.lang.Object, java.lang.Object, java.lang.Object, double)'> (0x000000070480b0b8) 
thrown [src/hotspot/share/interpreter/linkResolver.cpp, line 759]

VM Operations (20 events):
Event: 1.007 Executing VM operation: HandshakeAllThreads
Event: 1.007 Executing VM operation: HandshakeAllThreads done
Event: 1.031 Executing VM operation: ICBufferFull
Event: 1.031 Executing VM operation: ICBufferFull done
Event: 1.056 Executing VM operation: HandshakeAllThreads
Event: 1.056 Executing VM operation: HandshakeAllThreads done
Event: 1.096 Executing VM operation: CollectForMetadataAllocation
Event: 1.103 Executing VM operation: CollectForMetadataAllocation done
Event: 1.114 Executing VM operation: CollectForMetadataAllocation
Event: 1.119 Executing VM operation: CollectForMetadataAllocation done
Event: 1.119 Executing VM operation: G1Concurrent
Event: 1.120 Executing VM operation: G1Concurrent done
Event: 1.123 Executing VM operation: G1Concurrent
Event: 1.124 Executing VM operation: G1Concurrent done
Event: 1.125 Executing VM operation: HandshakeAllThreads
Event: 1.125 Executing VM operation: HandshakeAllThreads done
Event: 1.142 Executing VM operation: HandshakeAllThreads
Event: 1.142 Executing VM operation: HandshakeAllThreads done
Event: 1.162 Executing VM operation: ICBufferFull
Event: 1.173 Executing VM operation: ICBufferFull done

Events (20 events):
Event: 1.170 loading class sun/security/provider/SHA2$SHA224
Event: 1.170 loading class sun/security/provider/SHA2$SHA224 done
Event: 1.170 loading class sun/security/rsa/RSASignature$SHA224withRSA
Event: 1.170 loading class sun/security/rsa/RSASignature
Event: 1.170 loading class sun/security/rsa/RSASignature done
Event: 1.170 loading class sun/security/rsa/RSASignature$SHA224withRSA done
Event: 1.170 loading class sun/security/provider/DSA$SHA224withDSA
Event: 1.170 loading class sun/security/provider/DSA$SHA224withDSA done
Event: 1.170 loading class sun/security/ssl/SessionId
Event: 1.170 loading class sun/security/ssl/SessionId done
Event: 1.170 loading class java/util/concurrent/ConcurrentSkipListMap$KeySet
Event: 1.170 loading class java/util/concurrent/ConcurrentSkipListMap$KeySet done
Event: 1.170 loading class java/util/concurrent/ConcurrentSkipListMap$KeyIterator
Event: 1.170 loading class java/util/concurrent/ConcurrentSkipListMap$Iter
Event: 1.170 loading class java/util/concurrent/ConcurrentSkipListMap$Iter done
Event: 1.170 loading class java/util/concurrent/ConcurrentSkipListMap$KeyIterator done
Event: 1.170 loading class java/net/InetAddress$NameServiceAddresses
Event: 1.170 loading class java/net/InetAddress$Addresses
Event: 1.170 loading class java/net/InetAddress$Addresses done
Event: 1.170 loading class java/net/InetAddress$NameServiceAddresses done


Dynamic libraries:
0x0000000100848000 	/Users/meo/Library/Java/JavaVirtualMachines/corretto-17.0.6/Contents/Home/lib/libjli.dylib
0x00000001a1b20000 	/System/Library/Frameworks/Cocoa.framework/Versions/A/Cocoa
0x000000018d944000 	/System/Library/Frameworks/AppKit.framework/Versions/C/AppKit
0x00000001902ec000 	/System/Library/Frameworks/CoreData.framework/Versions/A/CoreData
0x000000018b5a5000 	/System/Library/Frameworks/Foundation.framework/Versions/C/Foundation
0x0000000195cd0000 	/usr/lib/libSystem.B.dylib
0x000000018e850000 	/System/Library/PrivateFrameworks/UIFoundation.framework/Versions/A/UIFoundation
0x00000001f6dd5000 	/System/Library/PrivateFrameworks/CollectionViewCore.framework/Versions/A/CollectionViewCore
0x000000019bf8c000 	/System/Library/PrivateFrameworks/RemoteViewServices.framework/Versions/A/RemoteViewServices
0x00000001940f2000 	/System/Library/PrivateFrameworks/XCTTargetBootstrap.framework/Versions/A/XCTTargetBootstrap
0x0000000197a66000 	/System/Library/PrivateFrameworks/InternationalSupport.framework/Versions/A/InternationalSupport
0x0000000197aed000 	/System/Library/PrivateFrameworks/UserActivity.framework/Versions/A/UserActivity
0x000000020dfee000 	/System/Library/PrivateFrameworks/WindowManagement.framework/Versions/A/WindowManagement
0x000000018b26e000 	/System/Library/Frameworks/SystemConfiguration.framework/Versions/A/SystemConfiguration
0x0000000196f6a000 	/usr/lib/libspindump.dylib
0x000000018e9f6000 	/System/Library/Frameworks/UniformTypeIdentifiers.framework/Versions/A/UniformTypeIdentifiers
0x0000000192405000 	/usr/lib/libapp_launch_measurement.dylib
0x00000001918b3000 	/System/Library/PrivateFrameworks/CoreAnalytics.framework/Versions/A/CoreAnalytics
0x000000019240c000 	/System/Library/PrivateFrameworks/CoreAutoLayout.framework/Versions/A/CoreAutoLayout
0x0000000193900000 	/System/Library/Frameworks/Metal.framework/Versions/A/Metal
0x0000000194851000 	/usr/lib/liblangid.dylib
0x00000001940f8000 	/System/Library/PrivateFrameworks/CoreSVG.framework/Versions/A/CoreSVG
0x000000018f31e000 	/System/Library/PrivateFrameworks/SkyLight.framework/Versions/A/SkyLight
0x000000018f736000 	/System/Library/Frameworks/CoreGraphics.framework/Versions/A/CoreGraphics
0x000000019c657000 	/System/Library/Frameworks/Accelerate.framework/Versions/A/Accelerate
0x00000001969d8000 	/System/Library/PrivateFrameworks/IconServices.framework/Versions/A/IconServices
0x00000001938e0000 	/System/Library/Frameworks/IOSurface.framework/Versions/A/IOSurface
0x00000001918e1000 	/usr/lib/libDiagnosticMessagesClient.dylib
0x0000000195c16000 	/usr/lib/libz.1.dylib
0x000000019f8f3000 	/System/Library/Frameworks/ApplicationServices.framework/Versions/A/ApplicationServices
0x00000001940da000 	/System/Library/PrivateFrameworks/DFRFoundation.framework/Versions/A/DFRFoundation
0x000000018d1c2000 	/usr/lib/libicucore.A.dylib
0x00000001989f7000 	/System/Library/Frameworks/AudioToolbox.framework/Versions/A/AudioToolbox
0x0000000197a71000 	/System/Library/PrivateFrameworks/DataDetectorsCore.framework/Versions/A/DataDetectorsCore
0x00000001aebff000 	/System/Library/PrivateFrameworks/TextInput.framework/Versions/A/TextInput
0x000000018f283000 	/usr/lib/libMobileGestalt.dylib
0x0000000193da6000 	/System/Library/Frameworks/Carbon.framework/Versions/A/Frameworks/HIToolbox.framework/Versions/A/HIToolbox
0x0000000191d8c000 	/System/Library/Frameworks/QuartzCore.framework/Versions/A/QuartzCore
0x000000018ce1d000 	/System/Library/Frameworks/Security.framework/Versions/A/Security
0x000000019bfcc000 	/System/Library/Frameworks/Carbon.framework/Versions/A/Frameworks/SpeechRecognition.framework/Versions/A/SpeechRecognition
0x0000000192144000 	/System/Library/PrivateFrameworks/CoreUI.framework/Versions/A/CoreUI
0x000000018c715000 	/System/Library/Frameworks/CoreAudio.framework/Versions/A/CoreAudio
0x00000001919bd000 	/System/Library/Frameworks/DiskArbitration.framework/Versions/A/DiskArbitration
0x000000019739e000 	/System/Library/PrivateFrameworks/MultitouchSupport.framework/Versions/A/MultitouchSupport
0x000000018f281000 	/usr/lib/libenergytrace.dylib
0x000000018d807000 	/System/Library/Frameworks/IOKit.framework/Versions/A/IOKit
0x000000019c3b3000 	/System/Library/Frameworks/CoreServices.framework/Versions/A/CoreServices
0x0000000192392000 	/System/Library/PrivateFrameworks/PerformanceAnalysis.framework/Versions/A/PerformanceAnalysis
0x00000001d9b5f000 	/System/Library/Frameworks/OpenGL.framework/Versions/A/OpenGL
0x0000000192456000 	/usr/lib/libxml2.2.dylib
0x0000000195225000 	/System/Library/PrivateFrameworks/MobileKeyBag.framework/Versions/A/MobileKeyBag
0x000000018a2a4000 	/usr/lib/libobjc.A.dylib
0x000000018a55a000 	/usr/lib/libc++.1.dylib
0x000000018fd81000 	/System/Library/Frameworks/ColorSync.framework/Versions/A/ColorSync
0x000000018a678000 	/System/Library/Frameworks/CoreFoundation.framework/Versions/A/CoreFoundation
0x0000000194472000 	/System/Library/Frameworks/CoreImage.framework/Versions/A/CoreImage
0x000000018c536000 	/System/Library/Frameworks/CoreText.framework/Versions/A/CoreText
0x0000000194131000 	/System/Library/Frameworks/ImageIO.framework/Versions/A/ImageIO
0x0000000195cd6000 	/System/Library/PrivateFrameworks/SoftLinking.framework/Versions/A/SoftLinking
0x0000000195f6a000 	/usr/lib/libcompression.dylib
0x00000001979c2000 	/System/Library/PrivateFrameworks/TextureIO.framework/Versions/A/TextureIO
0x00000001966aa000 	/usr/lib/libate.dylib
0x0000000195cca000 	/usr/lib/system/libcache.dylib
0x0000000195c83000 	/usr/lib/system/libcommonCrypto.dylib
0x0000000195cb1000 	/usr/lib/system/libcompiler_rt.dylib
0x0000000195ca7000 	/usr/lib/system/libcopyfile.dylib
0x000000018a3d8000 	/usr/lib/system/libcorecrypto.dylib
0x000000018a48e000 	/usr/lib/system/libdispatch.dylib
0x000000018a620000 	/usr/lib/system/libdyld.dylib
0x0000000195cc0000 	/usr/lib/system/libkeymgr.dylib
0x0000000195c61000 	/usr/lib/system/libmacho.dylib
0x000000019531f000 	/usr/lib/system/libquarantine.dylib
0x0000000195cbd000 	/usr/lib/system/libremovefile.dylib
0x000000018f2e8000 	/usr/lib/system/libsystem_asl.dylib
0x000000018a375000 	/usr/lib/system/libsystem_blocks.dylib
0x000000018a4d9000 	/usr/lib/system/libsystem_c.dylib
0x0000000195cb5000 	/usr/lib/system/libsystem_collections.dylib
0x000000019483f000 	/usr/lib/system/libsystem_configuration.dylib
0x00000001938ae000 	/usr/lib/system/libsystem_containermanager.dylib
0x0000000195960000 	/usr/lib/system/libsystem_coreservices.dylib
0x000000018d479000 	/usr/lib/system/libsystem_darwin.dylib
0x0000000195cc1000 	/usr/lib/system/libsystem_dnssd.dylib
0x000000018a4d6000 	/usr/lib/system/libsystem_featureflags.dylib
0x000000018a64c000 	/usr/lib/system/libsystem_info.dylib
0x0000000195c28000 	/usr/lib/system/libsystem_m.dylib
0x000000018a462000 	/usr/lib/system/libsystem_malloc.dylib
0x000000018f268000 	/usr/lib/system/libsystem_networkextension.dylib
0x000000018d8e3000 	/usr/lib/system/libsystem_notify.dylib
0x0000000194844000 	/usr/lib/system/libsystem_sandbox.dylib
0x0000000195cba000 	/usr/lib/system/libsystem_secinit.dylib
0x000000018a5d9000 	/usr/lib/system/libsystem_kernel.dylib
0x000000018a644000 	/usr/lib/system/libsystem_platform.dylib
0x000000018a613000 	/usr/lib/system/libsystem_pthread.dylib
0x0000000190abd000 	/usr/lib/system/libsystem_symptoms.dylib
0x000000018a3be000 	/usr/lib/system/libsystem_trace.dylib
0x0000000195c94000 	/usr/lib/system/libunwind.dylib
0x000000018a37a000 	/usr/lib/system/libxpc.dylib
0x000000018a5c1000 	/usr/lib/libc++abi.dylib
0x0000000195c9f000 	/usr/lib/liboah.dylib
0x0000000196567000 	/usr/lib/liblzma.5.dylib
0x0000000195cd2000 	/usr/lib/libfakelink.dylib
0x000000018eea6000 	/System/Library/Frameworks/CFNetwork.framework/Versions/A/CFNetwork
0x0000000195e11000 	/usr/lib/libarchive.2.dylib
0x000000019a306000 	/System/Library/Frameworks/Combine.framework/Versions/A/Combine
0x00000001983c1000 	/usr/lib/swift/libswiftCore.dylib
0x00000001abcd4000 	/usr/lib/swift/libswiftCoreFoundation.dylib
0x00000001a9b91000 	/usr/lib/swift/libswiftDarwin.dylib
0x000000019d8cc000 	/usr/lib/swift/libswiftDispatch.dylib
0x00000001abcf5000 	/usr/lib/swift/libswiftIOKit.dylib
0x000000019fd1e000 	/usr/lib/swift/libswiftObjectiveC.dylib
0x00000001abce8000 	/usr/lib/swift/libswiftXPC.dylib
0x0000000214826000 	/usr/lib/swift/libswift_Concurrency.dylib
0x0000000214978000 	/usr/lib/swift/libswift_StringProcessing.dylib
0x000000019fd22000 	/usr/lib/swift/libswiftos.dylib
0x000000018d78c000 	/System/Library/PrivateFrameworks/CoreServicesInternal.framework/Versions/A/CoreServicesInternal
0x000000019534a000 	/usr/lib/libbsm.0.dylib
0x0000000195c67000 	/usr/lib/system/libkxld.dylib
0x00000001923ce000 	/System/Library/Frameworks/CoreServices.framework/Versions/A/Frameworks/FSEvents.framework/Versions/A/FSEvents
0x000000018d484000 	/System/Library/Frameworks/CoreServices.framework/Versions/A/Frameworks/CarbonCore.framework/Versions/A/CarbonCore
0x0000000191924000 	/System/Library/Frameworks/CoreServices.framework/Versions/A/Frameworks/Metadata.framework/Versions/A/Metadata
0x0000000195966000 	/System/Library/Frameworks/CoreServices.framework/Versions/A/Frameworks/OSServices.framework/Versions/A/OSServices
0x0000000195e98000 	/System/Library/Frameworks/CoreServices.framework/Versions/A/Frameworks/SearchKit.framework/Versions/A/SearchKit
0x0000000190a40000 	/System/Library/Frameworks/CoreServices.framework/Versions/A/Frameworks/AE.framework/Versions/A/AE
0x000000018ab50000 	/System/Library/Frameworks/CoreServices.framework/Versions/A/Frameworks/LaunchServices.framework/Versions/A/LaunchServices
0x0000000196510000 	/System/Library/Frameworks/CoreServices.framework/Versions/A/Frameworks/DictionaryServices.framework/Versions/A/DictionaryServices
0x00000001923db000 	/System/Library/Frameworks/CoreServices.framework/Versions/A/Frameworks/SharedFileList.framework/Versions/A/SharedFileList
0x0000000195f37000 	/usr/lib/libapple_nghttp2.dylib
0x000000018eea2000 	/usr/lib/libnetwork.dylib
0x00000001906c4000 	/usr/lib/libsqlite3.dylib
0x0000000190ac6000 	/System/Library/Frameworks/Network.framework/Versions/A/Network
0x0000000213973000 	/usr/lib/libCoreEntitlements.dylib
0x00000002003e0000 	/System/Library/PrivateFrameworks/MessageSecurity.framework/Versions/A/MessageSecurity
0x00000001906aa000 	/System/Library/PrivateFrameworks/ProtocolBuffer.framework/Versions/A/ProtocolBuffer
0x0000000195942000 	/System/Library/PrivateFrameworks/AppleFSCompression.framework/Versions/A/AppleFSCompression
0x0000000195332000 	/usr/lib/libcoretls.dylib
0x0000000196580000 	/usr/lib/libcoretls_cfhelpers.dylib
0x0000000195f64000 	/usr/lib/libpam.2.dylib
0x00000001965e8000 	/usr/lib/libxar.1.dylib
0x00000001969b3000 	/usr/lib/libheimdal-asn1.dylib
0x0000000195cd7000 	/usr/lib/libpcap.A.dylib
0x0000000190ab3000 	/usr/lib/libdns_services.dylib
0x000000019484c000 	/System/Library/PrivateFrameworks/AppleSystemInfo.framework/Versions/A/AppleSystemInfo
0x0000000195026000 	/System/Library/PrivateFrameworks/IOMobileFramebuffer.framework/Versions/A/IOMobileFramebuffer
0x0000000195953000 	/usr/lib/libbz2.1.0.dylib
0x0000000195322000 	/usr/lib/libCheckFix.dylib
0x000000018f300000 	/System/Library/PrivateFrameworks/TCC.framework/Versions/A/TCC
0x0000000194853000 	/System/Library/PrivateFrameworks/CoreNLP.framework/Versions/A/CoreNLP
0x00000001918e3000 	/System/Library/PrivateFrameworks/MetadataUtilities.framework/Versions/A/MetadataUtilities
0x000000019535b000 	/usr/lib/libmecab.dylib
0x000000018b2f8000 	/usr/lib/libCRFSuite.dylib
0x00000001953b8000 	/usr/lib/libgermantok.dylib
0x0000000195f10000 	/usr/lib/libThaiTokenizer.dylib
0x00000001919c6000 	/System/Library/Frameworks/Accelerate.framework/Versions/A/Frameworks/vImage.framework/Versions/A/vImage
0x000000019c38a000 	/System/Library/Frameworks/Accelerate.framework/Versions/A/Frameworks/vecLib.framework/Versions/A/vecLib
0x000000019662e000 	/System/Library/Frameworks/Accelerate.framework/Versions/A/Frameworks/vecLib.framework/Versions/A/libvMisc.dylib
0x0000000194f26000 	/System/Library/Frameworks/Accelerate.framework/Versions/A/Frameworks/vecLib.framework/Versions/A/libvDSP.dylib
0x000000018af04000 	/System/Library/Frameworks/Accelerate.framework/Versions/A/Frameworks/vecLib.framework/Versions/A/libBLAS.dylib
0x000000019603c000 	/System/Library/Frameworks/Accelerate.framework/Versions/A/Frameworks/vecLib.framework/Versions/A/libLAPACK.dylib
0x00000001953bb000 	/System/Library/Frameworks/Accelerate.framework/Versions/A/Frameworks/vecLib.framework/Versions/A/libLinearAlgebra.dylib
0x0000000195f4f000 	/System/Library/Frameworks/Accelerate.framework/Versions/A/Frameworks/vecLib.framework/Versions/A/libSparseBLAS.dylib
0x0000000196037000 	/System/Library/Frameworks/Accelerate.framework/Versions/A/Frameworks/vecLib.framework/Versions/A/libQuadrature.dylib
0x000000019494c000 	/System/Library/Frameworks/Accelerate.framework/Versions/A/Frameworks/vecLib.framework/Versions/A/libBNNS.dylib
0x000000018b207000 	/System/Library/Frameworks/Accelerate.framework/Versions/A/Frameworks/vecLib.framework/Versions/A/libSparse.dylib
0x00000001ff716000 	/System/Library/PrivateFrameworks/MIL.framework/Versions/A/MIL
0x0000000195d0c000 	/usr/lib/libiconv.2.dylib
0x0000000195c60000 	/usr/lib/libcharset.1.dylib
0x00000001923ae000 	/System/Library/Frameworks/OpenDirectory.framework/Versions/A/Frameworks/CFOpenDirectory.framework/Versions/A/CFOpenDirectory
0x000000019239e000 	/System/Library/Frameworks/OpenDirectory.framework/Versions/A/OpenDirectory
0x0000000196582000 	/System/Library/PrivateFrameworks/APFS.framework/Versions/A/APFS
0x000000019525c000 	/System/Library/Frameworks/SecurityFoundation.framework/Versions/A/SecurityFoundation
0x00000001965f7000 	/usr/lib/libutil.dylib
0x00000001fe78b000 	/System/Library/PrivateFrameworks/InstalledContentLibrary.framework/Versions/A/InstalledContentLibrary
0x000000018d7ca000 	/System/Library/PrivateFrameworks/CoreServicesStore.framework/Versions/A/CoreServicesStore
0x00000001f5786000 	/System/Library/PrivateFrameworks/AppleMobileFileIntegrity.framework/Versions/A/AppleMobileFileIntegrity
0x00000001abcb3000 	/usr/lib/libmis.dylib
0x00000001b9c14000 	/System/Library/PrivateFrameworks/MobileSystemServices.framework/Versions/A/MobileSystemServices
0x00000001d4451000 	/System/Library/PrivateFrameworks/ConfigProfileHelper.framework/Versions/A/ConfigProfileHelper
0x0000000195f12000 	/System/Library/PrivateFrameworks/AppleSauce.framework/Versions/A/AppleSauce
0x000000018bfdf000 	/System/Library/PrivateFrameworks/LanguageModeling.framework/Versions/A/LanguageModeling
0x00000001965fb000 	/usr/lib/libxslt.1.dylib
0x0000000195dff000 	/usr/lib/libcmph.dylib
0x0000000195013000 	/System/Library/PrivateFrameworks/CoreEmoji.framework/Versions/A/CoreEmoji
0x0000000194946000 	/System/Library/PrivateFrameworks/LinguisticData.framework/Versions/A/LinguisticData
0x000000018b1bf000 	/System/Library/PrivateFrameworks/Lexicon.framework/Versions/A/Lexicon
0x00000001952ef000 	/System/Library/PrivateFrameworks/BackgroundTaskManagement.framework/Versions/A/BackgroundTaskManagement
0x0000000213b16000 	/usr/lib/libTLE.dylib
0x00000002148c3000 	/usr/lib/swift/libswift_RegexParser.dylib
0x0000000197263000 	/System/Library/PrivateFrameworks/AppleJPEG.framework/Versions/A/AppleJPEG
0x0000000196998000 	/usr/lib/libexpat.1.dylib
0x0000000197824000 	/System/Library/Frameworks/ImageIO.framework/Versions/A/Resources/libPng.dylib
0x000000019784f000 	/System/Library/Frameworks/ImageIO.framework/Versions/A/Resources/libTIFF.dylib
0x0000000197938000 	/System/Library/Frameworks/ImageIO.framework/Versions/A/Resources/libGIF.dylib
0x00000001972a8000 	/System/Library/Frameworks/ImageIO.framework/Versions/A/Resources/libJP2.dylib
0x00000001978dc000 	/System/Library/Frameworks/ImageIO.framework/Versions/A/Resources/libJPEG.dylib
0x00000001978d3000 	/System/Library/Frameworks/ImageIO.framework/Versions/A/Resources/libRadiance.dylib
0x0000000193c2f000 	/System/Library/PrivateFrameworks/FontServices.framework/libFontParser.dylib
0x00000001909e2000 	/System/Library/PrivateFrameworks/RunningBoardServices.framework/Versions/A/RunningBoardServices
0x00000001a2252000 	/System/Library/PrivateFrameworks/IOSurfaceAccelerator.framework/Versions/A/IOSurfaceAccelerator
0x000000019739a000 	/System/Library/PrivateFrameworks/WatchdogClient.framework/Versions/A/WatchdogClient
0x000000018c158000 	/System/Library/Frameworks/CoreDisplay.framework/Versions/A/CoreDisplay
0x0000000193b09000 	/System/Library/Frameworks/CoreMedia.framework/Versions/A/CoreMedia
0x00000001938f6000 	/System/Library/PrivateFrameworks/IOAccelerator.framework/Versions/A/IOAccelerator
0x000000019253f000 	/System/Library/Frameworks/CoreVideo.framework/Versions/A/CoreVideo
0x0000000195f62000 	/System/Library/Frameworks/MetalPerformanceShaders.framework/Versions/A/MetalPerformanceShaders
0x00000001973d9000 	/System/Library/Frameworks/VideoToolbox.framework/Versions/A/VideoToolbox
0x0000000190925000 	/System/Library/PrivateFrameworks/BaseBoard.framework/Versions/A/BaseBoard
0x00000001978ce000 	/System/Library/PrivateFrameworks/GPUWrangler.framework/Versions/A/GPUWrangler
0x00000001978ae000 	/System/Library/PrivateFrameworks/IOPresentment.framework/Versions/A/IOPresentment
0x00000001978d6000 	/System/Library/PrivateFrameworks/DSExternalDisplay.framework/Versions/A/DSExternalDisplay
0x00000001faf34000 	/System/Library/PrivateFrameworks/GPUCompiler.framework/Versions/31001/Libraries/libllvm-flatbuffers.dylib
0x00000001d9b52000 	/System/Library/Frameworks/OpenGL.framework/Versions/A/Libraries/libCoreFSCache.dylib
0x00000001faf30000 	/System/Library/PrivateFrameworks/GPUCompiler.framework/Versions/31001/Libraries/libGPUCompilerUtils.dylib
0x000000019793e000 	/System/Library/PrivateFrameworks/CMCaptureCore.framework/Versions/A/CMCaptureCore
0x00000001ef88f000 	/System/Library/Frameworks/ExtensionFoundation.framework/Versions/A/ExtensionFoundation
0x000000019e073000 	/System/Library/PrivateFrameworks/CoreTime.framework/Versions/A/CoreTime
0x0000000196f55000 	/System/Library/PrivateFrameworks/AppServerSupport.framework/Versions/A/AppServerSupport
0x00000001992d9000 	/System/Library/PrivateFrameworks/perfdata.framework/Versions/A/perfdata
0x000000018c278000 	/System/Library/PrivateFrameworks/AudioToolboxCore.framework/Versions/A/AudioToolboxCore
0x0000000193adf000 	/System/Library/PrivateFrameworks/caulk.framework/Versions/A/caulk
0x0000000198b96000 	/usr/lib/libAudioStatistics.dylib
0x00000001ab0d9000 	/System/Library/PrivateFrameworks/SystemPolicy.framework/Versions/A/SystemPolicy
0x0000000198e38000 	/usr/lib/libSMC.dylib
0x00000001a19f5000 	/System/Library/Frameworks/CoreMIDI.framework/Versions/A/CoreMIDI
0x00000001977f1000 	/usr/lib/libAudioToolboxUtility.dylib
0x00000001a6e4c000 	/System/Library/PrivateFrameworks/OSAServicesClient.framework/Versions/A/OSAServicesClient
0x00000001992e6000 	/usr/lib/libperfcheck.dylib
0x0000000196883000 	/System/Library/PrivateFrameworks/PlugInKit.framework/Versions/A/PlugInKit
0x000000019524e000 	/System/Library/PrivateFrameworks/AssertionServices.framework/Versions/A/AssertionServices
0x00000001d9bb4000 	/System/Library/Frameworks/OpenGL.framework/Versions/A/Libraries/libGLU.dylib
0x00000001d9b73000 	/System/Library/Frameworks/OpenGL.framework/Versions/A/Libraries/libGFXShared.dylib
0x00000001d9d5a000 	/System/Library/Frameworks/OpenGL.framework/Versions/A/Libraries/libGL.dylib
0x00000001d9b7c000 	/System/Library/Frameworks/OpenGL.framework/Versions/A/Libraries/libGLImage.dylib
0x00000001d9b70000 	/System/Library/Frameworks/OpenGL.framework/Versions/A/Libraries/libCVMSPluginSupport.dylib
0x0000000213af5000 	/usr/lib/libRosetta.dylib
0x00000001d9b59000 	/System/Library/Frameworks/OpenGL.framework/Versions/A/Libraries/libCoreVMClient.dylib
0x00000001947c4000 	/System/Library/Frameworks/MetalPerformanceShaders.framework/Versions/A/Frameworks/MPSCore.framework/Versions/A/MPSCore
0x00000001958b8000 	/System/Library/Frameworks/MetalPerformanceShaders.framework/Versions/A/Frameworks/MPSImage.framework/Versions/A/MPSImage
0x00000001953d0000 	/System/Library/Frameworks/MetalPerformanceShaders.framework/Versions/A/Frameworks/MPSNeuralNetwork.framework/Versions/A/MPSNeuralNetwork
0x00000001957bc000 	/System/Library/Frameworks/MetalPerformanceShaders.framework/Versions/A/Frameworks/MPSMatrix.framework/Versions/A/MPSMatrix
0x00000001955ce000 	/System/Library/Frameworks/MetalPerformanceShaders.framework/Versions/A/Frameworks/MPSRayIntersector.framework/Versions/A/MPSRayIntersector
0x00000001957eb000 	/System/Library/Frameworks/MetalPerformanceShaders.framework/Versions/A/Frameworks/MPSNDArray.framework/Versions/A/MPSNDArray
0x00000001f0c5d000 	/System/Library/Frameworks/MetalPerformanceShaders.framework/Versions/A/Frameworks/MPSFunctions.framework/Versions/A/MPSFunctions
0x000000018adca000 	/System/Library/PrivateFrameworks/MetalTools.framework/Versions/A/MetalTools
0x000000019484a000 	/System/Library/PrivateFrameworks/AggregateDictionary.framework/Versions/A/AggregateDictionary
0x000000019673c000 	/usr/lib/libIOReport.dylib
0x00000001a0be2000 	/System/Library/PrivateFrameworks/ASEProcessing.framework/Versions/A/ASEProcessing
0x0000000196af3000 	/System/Library/PrivateFrameworks/GraphVisualizer.framework/Versions/A/GraphVisualizer
0x00000001fae51000 	/System/Library/PrivateFrameworks/FontServices.framework/Versions/A/FontServices
0x0000000196f13000 	/System/Library/PrivateFrameworks/OTSVG.framework/Versions/A/OTSVG
0x00000001920f2000 	/System/Library/Frameworks/ApplicationServices.framework/Versions/A/Frameworks/ATS.framework/Versions/A/Resources/libFontRegistry.dylib
0x0000000196f5f000 	/System/Library/PrivateFrameworks/FontServices.framework/libhvf.dylib
0x00000001fae52000 	/System/Library/PrivateFrameworks/FontServices.framework/libXTFontStaticRegistryData.dylib
0x000000020ccee000 	/System/Library/PrivateFrameworks/VideoToolboxParavirtualizationSupport.framework/Versions/A/VideoToolboxParavirtualizationSupport
0x000000019694c000 	/System/Library/PrivateFrameworks/AppleVA.framework/Versions/A/AppleVA
0x0000000198bd6000 	/System/Library/Frameworks/ApplicationServices.framework/Versions/A/Frameworks/ATS.framework/Versions/A/ATS
0x000000018fe74000 	/System/Library/Frameworks/ApplicationServices.framework/Versions/A/Frameworks/HIServices.framework/Versions/A/HIServices
0x000000019794a000 	/System/Library/Frameworks/ApplicationServices.framework/Versions/A/Frameworks/PrintCore.framework/Versions/A/PrintCore
0x0000000198f91000 	/System/Library/Frameworks/ApplicationServices.framework/Versions/A/Frameworks/QD.framework/Versions/A/QD
0x0000000198f85000 	/System/Library/Frameworks/ApplicationServices.framework/Versions/A/Frameworks/ColorSyncLegacy.framework/Versions/A/ColorSyncLegacy
0x0000000198baa000 	/System/Library/Frameworks/ApplicationServices.framework/Versions/A/Frameworks/SpeechSynthesis.framework/Versions/A/SpeechSynthesis
0x0000000197908000 	/System/Library/Frameworks/ApplicationServices.framework/Versions/A/Frameworks/ATSUI.framework/Versions/A/ATSUI
0x0000000198f18000 	/usr/lib/libcups.2.dylib
0x00000001992f4000 	/System/Library/Frameworks/Kerberos.framework/Versions/A/Kerberos
0x0000000199305000 	/System/Library/Frameworks/GSS.framework/Versions/A/GSS
0x0000000198c48000 	/usr/lib/libresolv.9.dylib
0x0000000196f6f000 	/System/Library/PrivateFrameworks/Heimdal.framework/Versions/A/Heimdal
0x000000019fca0000 	/System/Library/Frameworks/Kerberos.framework/Versions/A/Libraries/libHeimdalProxy.dylib
0x0000000199355000 	/System/Library/PrivateFrameworks/CommonAuth.framework/Versions/A/CommonAuth
0x00000001eeac9000 	/System/Library/Frameworks/AVFAudio.framework/Versions/A/AVFAudio
0x00000001a6e9b000 	/System/Library/PrivateFrameworks/AXCoreUtilities.framework/Versions/A/AXCoreUtilities
0x0000000198b22000 	/System/Library/PrivateFrameworks/AudioSession.framework/Versions/A/AudioSession
0x000000019a0bd000 	/System/Library/Frameworks/IOBluetooth.framework/Versions/A/IOBluetooth
0x0000000196a4d000 	/System/Library/PrivateFrameworks/MediaExperience.framework/Versions/A/MediaExperience
0x00000001989bd000 	/System/Library/PrivateFrameworks/AudioSession.framework/libSessionUtility.dylib
0x0000000198f9d000 	/System/Library/PrivateFrameworks/AudioResourceArbitration.framework/Versions/A/AudioResourceArbitration
0x000000019cfa2000 	/System/Library/PrivateFrameworks/PowerLog.framework/Versions/A/PowerLog
0x000000019cee4000 	/System/Library/Frameworks/CoreBluetooth.framework/Versions/A/CoreBluetooth
0x000000019fca1000 	/System/Library/Frameworks/AudioUnit.framework/Versions/A/AudioUnit
0x00000001950b1000 	/System/Library/PrivateFrameworks/CoreUtils.framework/Versions/A/CoreUtils
0x00000001f9852000 	/System/Library/PrivateFrameworks/CoreUtilsExtras.framework/Versions/A/CoreUtilsExtras
0x00000001fe625000 	/System/Library/PrivateFrameworks/IO80211.framework/Versions/A/IO80211
0x00000001969bd000 	/System/Library/PrivateFrameworks/IconFoundation.framework/Versions/A/IconFoundation
0x000000019bfb8000 	/System/Library/PrivateFrameworks/SpeechRecognitionCore.framework/Versions/A/SpeechRecognitionCore
0x000000010189c000 	/Users/meo/Library/Java/JavaVirtualMachines/corretto-17.0.6/Contents/Home/lib/server/libjvm.dylib
0x00000001007f8000 	/Users/meo/Library/Java/JavaVirtualMachines/corretto-17.0.6/Contents/Home/lib/libjimage.dylib
0x00000001008ac000 	/Users/meo/Library/Java/JavaVirtualMachines/corretto-17.0.6/Contents/Home/lib/libinstrument.dylib
0x00000001008f8000 	/Users/meo/Library/Java/JavaVirtualMachines/corretto-17.0.6/Contents/Home/lib/libjava.dylib
0x00000001013ac000 	/Users/meo/Library/Java/JavaVirtualMachines/corretto-17.0.6/Contents/Home/lib/libnio.dylib
0x00000001013cc000 	/Users/meo/Library/Java/JavaVirtualMachines/corretto-17.0.6/Contents/Home/lib/libnet.dylib
0x0000000101700000 	/Users/meo/Library/Java/JavaVirtualMachines/corretto-17.0.6/Contents/Home/lib/libzip.dylib
0x00000001008dc000 	/Users/meo/.openjfx/cache/20+19/aarch64/libprism_es2.dylib
0x00000001d9d64000 	/System/Library/Frameworks/OpenGL.framework/Versions/A/Resources/GLEngine.bundle/GLEngine
0x00000001d9bee000 	/System/Library/Frameworks/OpenGL.framework/Versions/A/Libraries/libGLProgrammability.dylib
0x00000001017fc000 	/System/Library/Extensions/AppleMetalOpenGLRenderer.bundle/Contents/MacOS/AppleMetalOpenGLRenderer
0x00000001d9ed2000 	/System/Library/Frameworks/OpenGL.framework/Versions/A/Resources/GLRendererFloat.bundle/GLRendererFloat
0x00000001d50c4000 	/System/Library/Extensions/AGXMetalG13X.bundle/Contents/MacOS/AGXMetalG13X
0x00000001abcc7000 	/System/Library/PrivateFrameworks/GPURawCounter.framework/Versions/A/GPURawCounter
0x00000001a5f46000 	/System/Library/PrivateFrameworks/IOGPU.framework/Versions/A/IOGPU
0x000000010feb0000 	/Users/meo/.openjfx/cache/20+19/aarch64/libglass.dylib
0x000000019d1f2000 	/System/Library/Frameworks/FileProvider.framework/Versions/A/FileProvider
0x000000019088d000 	/System/Library/Frameworks/Accounts.framework/Versions/A/Accounts
0x00000001925dd000 	/System/Library/PrivateFrameworks/UserManagement.framework/Versions/A/UserManagement
0x000000019d37c000 	/System/Library/PrivateFrameworks/GenerationalStorage.framework/Versions/A/GenerationalStorage
0x000000019df99000 	/System/Library/PrivateFrameworks/CoreSymbolication.framework/Versions/A/CoreSymbolication
0x000000019cf96000 	/System/Library/PrivateFrameworks/SymptomDiagnosticReporter.framework/Versions/A/SymptomDiagnosticReporter
0x000000018ea0c000 	/System/Library/PrivateFrameworks/DesktopServicesPriv.framework/Versions/A/DesktopServicesPriv
0x000000018d8f3000 	/usr/lib/libsandbox.1.dylib
0x000000019df5a000 	/System/Library/PrivateFrameworks/DebugSymbols.framework/Versions/A/DebugSymbols
0x0000000198f78000 	/System/Library/PrivateFrameworks/NetAuth.framework/Versions/A/NetAuth
0x0000000199f31000 	/System/Library/PrivateFrameworks/Sharing.framework/Versions/A/Sharing
0x00000001925a1000 	/System/Library/PrivateFrameworks/login.framework/Versions/A/Frameworks/loginsupport.framework/Versions/A/loginsupport
0x000000019f19d000 	/System/Library/PrivateFrameworks/Apple80211.framework/Versions/A/Apple80211
0x0000000195999000 	/System/Library/PrivateFrameworks/AuthKit.framework/Versions/A/AuthKit
0x0000000195033000 	/System/Library/Frameworks/CoreWLAN.framework/Versions/A/CoreWLAN
0x000000019f1a1000 	/System/Library/PrivateFrameworks/CoreWiFi.framework/Versions/A/CoreWiFi
0x00000001cdc18000 	/System/Library/PrivateFrameworks/WiFiPeerToPeer.framework/Versions/A/WiFiPeerToPeer
0x000000019db12000 	/System/Library/PrivateFrameworks/FrontBoardServices.framework/Versions/A/FrontBoardServices
0x000000019dbae000 	/System/Library/PrivateFrameworks/BoardServices.framework/Versions/A/BoardServices
0x000000019f32c000 	/System/Library/PrivateFrameworks/BackBoardServices.framework/Versions/A/BackBoardServices
0x0000000195afd000 	/System/Library/Frameworks/UserNotifications.framework/Versions/A/UserNotifications
0x000000019944f000 	/System/Library/PrivateFrameworks/CorePhoneNumbers.framework/Versions/A/CorePhoneNumbers
0x0000000198c75000 	/System/Library/PrivateFrameworks/MultiverseSupport.framework/Versions/A/MultiverseSupport
0x000000019f5b5000 	/System/Library/PrivateFrameworks/RemoteServiceDiscovery.framework/Versions/A/RemoteServiceDiscovery
0x000000019d0c2000 	/System/Library/PrivateFrameworks/DiskManagement.framework/Versions/A/DiskManagement
0x000000019cfc9000 	/System/Library/PrivateFrameworks/AppleIDAuthSupport.framework/Versions/A/AppleIDAuthSupport
0x00000001f3ac2000 	/System/Library/PrivateFrameworks/AAAFoundation.framework/Versions/A/AAAFoundation
0x0000000199427000 	/System/Library/PrivateFrameworks/KeychainCircle.framework/Versions/A/KeychainCircle
0x000000019f5c9000 	/System/Library/PrivateFrameworks/RemoteXPC.framework/Versions/A/RemoteXPC
0x000000019d08e000 	/System/Library/PrivateFrameworks/MediaKit.framework/Versions/A/MediaKit
0x000000019cfd6000 	/System/Library/Frameworks/DiscRecording.framework/Versions/A/DiscRecording
0x00000001968c8000 	/usr/lib/libCoreStorage.dylib
0x000000019f631000 	/usr/lib/libcsfde.dylib
0x000000019a192000 	/System/Library/PrivateFrameworks/ProtectedCloudStorage.framework/Versions/A/ProtectedCloudStorage
0x000000019f629000 	/System/Library/PrivateFrameworks/EFILogin.framework/Versions/A/EFILogin
0x000000019d3a2000 	/System/Library/PrivateFrameworks/OctagonTrust.framework/Versions/A/OctagonTrust
0x00000001968c0000 	/usr/lib/libMatch.1.dylib
0x00000001b05e1000 	/System/Library/Frameworks/Accelerate.framework/Versions/A/Frameworks/vImage.framework/Versions/A/Libraries/libCGInterfaces.dylib
0x0000000110ce8000 	/usr/lib/libobjc-trampolines.dylib
0x0000000213849000 	/usr/lib/libAccessibilityBaseImplementations.dylib
0x000000019228a000 	/System/Library/PrivateFrameworks/ViewBridge.framework/Versions/A/ViewBridge
0x0000000110f94000 	/Users/meo/.openjfx/cache/20+19/aarch64/libjavafx_font.dylib
0x0000000197032000 	/System/Library/PrivateFrameworks/login.framework/Versions/A/login
0x0000000134d1c000 	/Users/meo/.openjfx/cache/20+19/aarch64/libglib-lite.dylib
0x0000000134ffc000 	/Users/meo/.openjfx/cache/20+19/aarch64/libgstreamer-lite.dylib
0x0000000130688000 	/Users/meo/.openjfx/cache/20+19/aarch64/libjfxmedia.dylib
0x00000001306c4000 	/Users/meo/.openjfx/cache/20+19/aarch64/libjfxmedia_avf.dylib
0x00000001aaed9000 	/System/Library/Frameworks/AVFoundation.framework/Versions/A/AVFoundation
0x000000019d8e5000 	/System/Library/PrivateFrameworks/AVFCore.framework/Versions/A/AVFCore
0x00000001a4d0f000 	/System/Library/PrivateFrameworks/AVFCapture.framework/Versions/A/AVFCapture
0x00000001a983d000 	/System/Library/PrivateFrameworks/AirPlaySync.framework/Versions/A/AirPlaySync
0x0000000197b59000 	/System/Library/Frameworks/MediaToolbox.framework/Versions/A/MediaToolbox
0x000000019d1be000 	/System/Library/PrivateFrameworks/CoreAVCHD.framework/Versions/A/CoreAVCHD
0x000000019c6a2000 	/System/Library/Frameworks/MediaAccessibility.framework/Versions/A/MediaAccessibility
0x000000019d1ba000 	/System/Library/PrivateFrameworks/Mangrove.framework/Versions/A/Mangrove
0x00000001f62ef000 	/System/Library/PrivateFrameworks/CMPhoto.framework/Versions/A/CMPhoto
0x000000019d1ae000 	/System/Library/PrivateFrameworks/CoreAUC.framework/Versions/A/CoreAUC
0x00000001f62c0000 	/System/Library/PrivateFrameworks/CMImaging.framework/Versions/A/CMImaging
0x00000001a4e87000 	/System/Library/PrivateFrameworks/Quagga.framework/Versions/A/Quagga
0x00000001a4f5a000 	/System/Library/PrivateFrameworks/CMCapture.framework/Versions/A/CMCapture
0x0000000198d45000 	/System/Library/Frameworks/CoreMediaIO.framework/Versions/A/CoreMediaIO
0x00000001abc17000 	/System/Library/PrivateFrameworks/LoggingSupport.framework/Versions/A/LoggingSupport
0x0000000130664000 	/Users/meo/.openjfx/cache/20+19/aarch64/libfxplugins.dylib
0x0000000134e60000 	/System/Library/Components/CoreAudio.component/Contents/MacOS/CoreAudio
0x00000001370ec000 	/System/Library/Components/AudioCodecs.component/Contents/MacOS/AudioCodecs
0x000000014f000000 	/System/Library/Components/AudioDSP.component/Contents/MacOS/AudioDSP
0x00000002138dc000 	/usr/lib/libAudioDSPCore.dylib
0x000000019fddf000 	/System/Library/PrivateFrameworks/Espresso.framework/Versions/A/Espresso
0x000000019f6b2000 	/System/Library/PrivateFrameworks/AppSupport.framework/Versions/A/AppSupport
0x00000001d4a2b000 	/System/Library/PrivateFrameworks/ANECompiler.framework/Versions/A/ANECompiler
0x00000001a190d000 	/System/Library/PrivateFrameworks/AppleNeuralEngine.framework/Versions/A/AppleNeuralEngine
0x00000001f0c71000 	/System/Library/Frameworks/MetalPerformanceShadersGraph.framework/Versions/A/MetalPerformanceShadersGraph
0x00000002004df000 	/System/Library/PrivateFrameworks/MilAneflow.framework/Versions/A/MilAneflow
0x00000001a0a50000 	/System/Library/PrivateFrameworks/ANEServices.framework/Versions/A/ANEServices
0x00000001afbd7000 	/usr/lib/libncurses.5.4.dylib


VM Arguments:
jvm_args: -javaagent:/Applications/IntelliJ IDEA.app/Contents/lib/idea_rt.jar=51537:/Applications/IntelliJ IDEA.app/Contents/bin -Dfile.encoding=UTF-8 --module-path=/Users/meo/.m2/repository/com/github/almasb/fxgl-io/17.3/fxgl-io-17.3.jar:/Users/meo/.m2/repository/com/github/almasb/fxgl-entity/17.3/fxgl-entity-17.3.jar:/Users/meo/.m2/repository/com/github/almasb/fxgl-core/17.3/fxgl-core-17.3.jar:/Users/meo/.m2/repository/com/github/almasb/fxgl/17.3/fxgl-17.3.jar:/Users/meo/.m2/repository/org/jetbrains/kotlin/kotlin-stdlib/1.8.10/kotlin-stdlib-1.8.10.jar:/Users/meo/Desktop/CSC1004/javaproject/CSC1004java/target/classes:/Users/meo/.m2/repository/com/github/almasb/fxgl-scene/17.3/fxgl-scene-17.3.jar:/Users/meo/.m2/repository/com/gluonhq/attach/audio/4.0.17/audio-4.0.17.jar:/Users/meo/.m2/repository/com/gluonhq/attach/util/4.0.17/util-4.0.17.jar:/Users/meo/.m2/repository/com/fasterxml/jackson/core/jackson-databind/2.14.2/jackson-databind-2.14.2.jar:/Users/meo/.m2/repository/com/gluonhq/attach/storage/4.0.17/storage-4.0.17.jar:/Users/meo/.m2/repository/com/github/almasb/fxgl-gameplay/17.3/fxgl-gameplay-17.3.jar:/Users/meo/.m2/repository/com/gluonhq/attach/lifecycle/4.0.17/lifecycle-4.0.17.jar:/Users/meo/.m2/repository/org/openjfx/javafx-media/20/javafx-media-20-mac-aarch64.jar:/Users/meo/.m2/repository/org/openjfx/javafx-base/20/javafx-base-20-mac-aarch64.jar:/Users/meo/.m2/repository/org/openjfx/javafx-fxml/20/javafx-fxml-20-mac-aarch64.jar:/Users/meo/.m2/repository/com/fasterxml/jackson/core/jackson-core/2.14.2/jackson-core-2.14.2.jar:/Users/meo/.m2/repository/com/fasterxml/jackson/core/jackson-annotations/2.14.2/jackson-annotations-2.14.2.jar:/Users/meo/.m2/repository/org/openjfx/javafx-controls/20/javafx-controls-20-mac-aarch64.jar:/Users/meo/.m2/repository/org/openjfx/javafx-graphics/20/javafx-graphics-20-mac-aarch64.jar -Djdk.module.main=CSC1004java 
java_command: CSC1004java/testPackage.McDonalismApp
java_class_path (initial): /Users/meo/.m2/repository/org/openjfx/javafx-fxml/20/javafx-fxml-20.jar:/Users/meo/.m2/repository/org/openjfx/javafx-controls/20/javafx-controls-20.jar:/Users/meo/.m2/repository/org/openjfx/javafx-graphics/20/javafx-graphics-20.jar:/Users/meo/.m2/repository/org/openjfx/javafx-base/20/javafx-base-20.jar:/Users/meo/.m2/repository/org/openjfx/javafx-media/20/javafx-media-20.jar:/Users/meo/.m2/repository/org/jetbrains/kotlin/kotlin-stdlib-common/1.8.10/kotlin-stdlib-common-1.8.10.jar:/Users/meo/.m2/repository/org/jetbrains/annotations/13.0/annotations-13.0.jar:/Users/meo/.m2/repository/mysql/mysql-connector-java/8.0.30/mysql-connector-java-8.0.30.jar:/Users/meo/.m2/repository/com/google/protobuf/protobuf-java/3.19.4/protobuf-java-3.19.4.jar
Launcher Type: SUN_STANDARD

[Global flags]
     intx CICompilerCount                          = 4                                         {product} {ergonomic}
     uint ConcGCThreads                            = 2                                         {product} {ergonomic}
     uint G1ConcRefinementThreads                  = 8                                         {product} {ergonomic}
   size_t G1HeapRegionSize                         = 2097152                                   {product} {ergonomic}
    uintx GCDrainStackTargetSize                   = 64                                        {product} {ergonomic}
   size_t InitialHeapSize                          = 268435456                                 {product} {ergonomic}
   size_t MarkStackSize                            = 4194304                                   {product} {ergonomic}
   size_t MaxHeapSize                              = 4294967296                                {product} {ergonomic}
   size_t MaxNewSize                               = 2575302656                                {product} {ergonomic}
   size_t MinHeapDeltaBytes                        = 2097152                                   {product} {ergonomic}
   size_t MinHeapSize                              = 8388608                                   {product} {ergonomic}
    uintx NonNMethodCodeHeapSize                   = 5839564                                {pd product} {ergonomic}
    uintx NonProfiledCodeHeapSize                  = 122909338                              {pd product} {ergonomic}
    uintx ProfiledCodeHeapSize                     = 122909338                              {pd product} {ergonomic}
    uintx ReservedCodeCacheSize                    = 251658240                              {pd product} {ergonomic}
     bool SegmentedCodeCache                       = true                                      {product} {ergonomic}
   size_t SoftMaxHeapSize                          = 4294967296                             {manageable} {ergonomic}
     bool UseCompressedClassPointers               = true                           {product lp64_product} {ergonomic}
     bool UseCompressedOops                        = true                           {product lp64_product} {ergonomic}
     bool UseG1GC                                  = true                                      {product} {ergonomic}
     bool UseNUMA                                  = false                                     {product} {ergonomic}
     bool UseNUMAInterleaving                      = false                                     {product} {ergonomic}

Logging:
Log output configuration:
 #0: stdout all=warning uptime,level,tags
 #1: stderr all=off uptime,level,tags

Environment Variables:
PATH=/Users/meo/miniconda3/bin:/Users/meo/miniconda3/condabin:/Library/Frameworks/Python.framework/Versions/3.11/bin:/usr/local/bin:/System/Cryptexes/App/usr/bin:/usr/bin:/bin:/usr/sbin:/sbin:/Library/Apple/usr/bin
SHELL=/bin/zsh
LC_CTYPE=zh_CN.UTF-8
TMPDIR=/var/folders/f9/3g9195jn2vx4k8cypvc_cjr80000gn/T/

Signal Handlers:
   SIGSEGV: crash_handler in libjvm.dylib, mask=11100110000111110111111111111111, flags=SA_RESTART|SA_SIGINFO
    SIGBUS: crash_handler in libjvm.dylib, mask=11100110000111110111111111111111, flags=SA_RESTART|SA_SIGINFO
    SIGFPE: crash_handler in libjvm.dylib, mask=11100110000111110111111111111111, flags=SA_RESTART|SA_SIGINFO
   SIGPIPE: javaSignalHandler in libjvm.dylib, mask=11100110000111110111111111111111, flags=SA_RESTART|SA_SIGINFO
   SIGXFSZ: javaSignalHandler in libjvm.dylib, mask=11100110000111110111111111111111, flags=SA_RESTART|SA_SIGINFO
    SIGILL: crash_handler in libjvm.dylib, mask=11100110000111110111111111111111, flags=SA_RESTART|SA_SIGINFO
   SIGUSR2: SR_handler in libjvm.dylib, mask=00100000000000000000000000000000, flags=SA_RESTART|SA_SIGINFO
    SIGHUP: UserHandler in libjvm.dylib, mask=11100110000111110111111111111111, flags=SA_RESTART|SA_SIGINFO
    SIGINT: UserHandler in libjvm.dylib, mask=11100110000111110111111111111111, flags=SA_RESTART|SA_SIGINFO
   SIGTERM: UserHandler in libjvm.dylib, mask=11100110000111110111111111111111, flags=SA_RESTART|SA_SIGINFO
   SIGQUIT: UserHandler in libjvm.dylib, mask=11100110000111110111111111111111, flags=SA_RESTART|SA_SIGINFO
   SIGTRAP: crash_handler in libjvm.dylib, mask=11100110000111110111111111111111, flags=SA_RESTART|SA_SIGINFO


---------------  S Y S T E M  ---------------

OS:
uname: Darwin 22.3.0 Darwin Kernel Version 22.3.0: Mon Jan 30 20:38:37 PST 2023; root:xnu-8792.81.3~2/RELEASE_ARM64_T6000 arm64
OS uptime: 10 days 11:18 hours
rlimit (soft/hard): STACK 8176k/65520k , CORE 0k/infinity , NPROC 2666/4000 , NOFILE 10240/infinity , AS infinity/infinity , CPU infinity/infinity , DATA infinity/infinity , FSIZE infinity/infinity , MEMLOCK infinity/infinity , RSS infinity/infinity
load average: 2.31 2.33 2.40

CPU: total 8 (initial active 8) 0x61:0x0:0x1b588bb3:0, fp, simd, crc, lse

Memory: 16k page, physical 16777216k(47744k free), swap 1048576k(594496k free)

vm_info: OpenJDK 64-Bit Server VM (17.0.6+10-LTS) for bsd-aarch64 JRE (17.0.6+10-LTS), built on Jan 10 2023 21:43:09 by "ec2user" with clang Apple LLVM 13.0.0 (clang-1300.0.29.30)

END.
