#
# A fatal error has been detected by the Java Runtime Environment:
#
#  SIGBUS (0xa) at pc=0x00000001a7537278, pid=49809, tid=259
#
# JRE version: OpenJDK Runtime Environment Corretto-17.0.6.10.1 (17.0.6+10) (build 17.0.6+10-LTS)
# Java VM: OpenJDK 64-Bit Server VM Corretto-17.0.6.10.1 (17.0.6+10-LTS, mixed mode, sharing, tiered, compressed oops, compressed class ptrs, g1 gc, bsd-aarch64)
# Problematic frame:
# C  [CoreGraphics+0xd278]  ERROR_CGDataProvider_BufferIsNotReadable+0x30
#
# No core dump will be written. Core dumps have been disabled. To enable core dumping, try "ulimit -c unlimited" before starting Java again
#
# If you would like to submit a bug report, please visit:
#   https://github.com/corretto/corretto-17/issues/
# The crash happened outside the Java Virtual Machine in native code.
# See problematic frame for where to report the bug.
#

---------------  S U M M A R Y ------------

Command Line: -javaagent:/Applications/IntelliJ IDEA.app/Contents/lib/idea_rt.jar=49368:/Applications/IntelliJ IDEA.app/Contents/bin -Dfile.encoding=UTF-8 --module-path=/Users/meo/.m2/repository/com/fasterxml/jackson/core/jackson-annotations/2.12.1/jackson-annotations-2.12.1.jar:/Users/meo/.m2/repository/org/openjfx/javafx-base/18/javafx-base-18-mac-aarch64.jar:/Users/meo/.m2/repository/org/openjfx/javafx-media/18/javafx-media-18-mac-aarch64.jar:/Users/meo/.m2/repository/com/fasterxml/jackson/core/jackson-core/2.12.1/jackson-core-2.12.1.jar:/Users/meo/Desktop/CSC1004/javaproject/CSC1004java/target/classes:/Users/meo/.m2/repository/org/jetbrains/kotlin/kotlin-stdlib/1.6.0/kotlin-stdlib-1.6.0-modular.jar:/Users/meo/.m2/repository/org/openjfx/javafx-controls/18/javafx-controls-18-mac-aarch64.jar:/Users/meo/.m2/repository/org/openjfx/javafx-fxml/18/javafx-fxml-18-mac-aarch64.jar:/Users/meo/.m2/repository/com/github/almasb/fxgl-core/17.2/fxgl-core-17.2.jar:/Users/meo/.m2/repository/com/github/almasb/fxgl-io/17.2/fxgl-io-17.2.jar:/Users/meo/.m2/repository/com/gluonhq/attach/util/4.0.13/util-4.0.13.jar:/Users/meo/.m2/repository/com/github/almasb/fxgl-gameplay/17.2/fxgl-gameplay-17.2.jar:/Users/meo/.m2/repository/org/openjfx/javafx-graphics/18/javafx-graphics-18-mac-aarch64.jar:/Users/meo/.m2/repository/org/jetbrains/annotations/13.0/annotations-13.0.jar:/Users/meo/.m2/repository/com/gluonhq/attach/storage/4.0.13/storage-4.0.13.jar:/Users/meo/.m2/repository/com/github/almasb/fxgl/17.2/fxgl-17.2.jar:/Users/meo/.m2/repository/com/gluonhq/attach/audio/4.0.13/audio-4.0.13.jar:/Users/meo/.m2/repository/com/github/almasb/fxgl-scene/17.2/fxgl-scene-17.2.jar:/Users/meo/.m2/repository/com/gluonhq/attach/lifecycle/4.0.13/lifecycle-4.0.13.jar:/Users/meo/.m2/repository/com/fasterxml/jackson/core/jackson-databind/2.12.1/jackson-databind-2.12.1.jar:/Users/meo/.m2/repository/com/github/almasb/fxgl-entity/17.2/fxgl-entity-17.2.jar -Djdk.module.main=CSC1004java CSC1004java/testPackage.McDonalismApp

Host: "MacBookPro18,3" arm64, 8 cores, 16G, Darwin 22.3.0, macOS 13.2.1 (22D68)
Time: Wed Mar 29 11:26:32 2023 CST elapsed time: 11.554112 seconds (0d 0h 0m 11s)

---------------  T H R E A D  ---------------

Current thread (0x000000012f087800):  JavaThread "JavaFX Application Thread" [_thread_in_native, id=259, stack(0x000000016cef8000,0x000000016d6f4000)]

Stack: [0x000000016cef8000,0x000000016d6f4000],  sp=0x000000016d6ee110,  free space=8152k
Native frames: (J=compiled Java code, j=interpreted, Vv=VM code, C=native code)
C  [CoreGraphics+0xd278]  ERROR_CGDataProvider_BufferIsNotReadable+0x30
C  [CoreGraphics+0xd0e4]  CGDataProviderRetainBytePtr+0x10c
C  [CoreGraphics+0x1b371c]  CGDataProviderCreateProtectedCopy+0x1c
C  [CoreGraphics+0x17d980]  CGImageCreateCopyWithProtectedDataProvider+0x48
C  [CoreGraphics+0x343e4]  CGContextDrawImageWithOptions+0x134
C  [SkyLight+0x229d3c]  SLSRegisterCursorWithImages+0x2a4
C  [AppKit+0x18e158]  -[NSCursor _reallySet]+0x204
C  [AppKit+0x18dedc]  -[NSCursor set]+0x90
C  [libglass.dylib+0x698c]  Java_com_sun_glass_ui_mac_MacCursor__1setCustom+0x118
j  com.sun.glass.ui.mac.MacCursor._setCustom(J)V+0 javafx.graphics@18
j  com.sun.glass.ui.mac.MacCursor.set()V+60 javafx.graphics@18
j  com.sun.glass.ui.mac.MacWindow._setCursor(JLcom/sun/glass/ui/Cursor;)V+4 javafx.graphics@18
j  com.sun.glass.ui.Window.setCursor(Lcom/sun/glass/ui/Cursor;)V+9 javafx.graphics@18
j  com.sun.javafx.tk.quantum.ViewScene.lambda$setCursor$1(Ljava/lang/Object;)V+34 javafx.graphics@18
j  com.sun.javafx.tk.quantum.ViewScene$$Lambda$250+0x0000000800dae878.run()V+8 javafx.graphics@18
J 4631 c1 com.sun.glass.ui.InvokeLaterDispatcher$Future.run()V javafx.graphics@18 (91 bytes) @ 0x000000010cb83d40 [0x000000010cb83c00+0x0000000000000140]
v  ~StubRoutines::call_stub
V  [libjvm.dylib+0x46eabc]  JavaCalls::call_helper(JavaValue*, methodHandle const&, JavaCallArguments*, JavaThread*)+0x390
V  [libjvm.dylib+0x4c9d34]  jni_invoke_nonstatic(JNIEnv_*, JavaValue*, _jobject*, JNICallType, _jmethodID*, JNI_ArgumentPusher*, JavaThread*)+0x2cc
V  [libjvm.dylib+0x4ce374]  jni_CallVoidMethod+0x138
C  [libglass.dylib+0x9a20]  JNI_OnLoad+0xcc
C  [Foundation+0x7a900]  __NSThreadPerformPerform+0x108
C  [CoreFoundation+0x81a08]  __CFRUNLOOP_IS_CALLING_OUT_TO_A_SOURCE0_PERFORM_FUNCTION__+0x1c
C  [CoreFoundation+0x8199c]  __CFRunLoopDoSource0+0xb0
C  [CoreFoundation+0x8170c]  __CFRunLoopDoSources0+0xf4
C  [CoreFoundation+0x80310]  __CFRunLoopRun+0x344
C  [CoreFoundation+0x7f878]  CFRunLoopRunSpecific+0x264
C  [HIToolbox+0x31fa0]  RunCurrentEventLoopInMode+0x124
C  [HIToolbox+0x31c30]  ReceiveNextEventCommon+0xec
C  [HIToolbox+0x31b2c]  _BlockUntilNextEventMatchingListInModeWithFilter+0x48
C  [AppKit+0x3984c]  _DPSNextEvent+0x278
C  [AppKit+0x389dc]  -[NSApplication(NSEvent) _nextEventMatchingEventMask:untilDate:inMode:dequeue:]+0x2d8
C  [AppKit+0x2ce0c]  -[NSApplication run]+0x1d0
C  [libglass.dylib+0xbba8]  JNI_OnLoad+0x2254
C  [Foundation+0x7a900]  __NSThreadPerformPerform+0x108
C  [CoreFoundation+0x81a08]  __CFRUNLOOP_IS_CALLING_OUT_TO_A_SOURCE0_PERFORM_FUNCTION__+0x1c
C  [CoreFoundation+0x8199c]  __CFRunLoopDoSource0+0xb0
C  [CoreFoundation+0x8170c]  __CFRunLoopDoSources0+0xf4
C  [CoreFoundation+0x80310]  __CFRunLoopRun+0x344
C  [CoreFoundation+0x7f878]  CFRunLoopRunSpecific+0x264
C  [libjli.dylib+0xb7b8]  CreateExecutionEnvironment+0x194
C  [libjli.dylib+0x7b68]  JLI_Launch+0x4b4
C  [java+0x3bac]  main+0x198
C  [dyld+0x5e50]  start+0x9f0

Java frames: (J=compiled Java code, j=interpreted, Vv=VM code)
j  com.sun.glass.ui.mac.MacCursor._setCustom(J)V+0 javafx.graphics@18
j  com.sun.glass.ui.mac.MacCursor.set()V+60 javafx.graphics@18
j  com.sun.glass.ui.mac.MacWindow._setCursor(JLcom/sun/glass/ui/Cursor;)V+4 javafx.graphics@18
j  com.sun.glass.ui.Window.setCursor(Lcom/sun/glass/ui/Cursor;)V+9 javafx.graphics@18
j  com.sun.javafx.tk.quantum.ViewScene.lambda$setCursor$1(Ljava/lang/Object;)V+34 javafx.graphics@18
j  com.sun.javafx.tk.quantum.ViewScene$$Lambda$250+0x0000000800dae878.run()V+8 javafx.graphics@18
J 4631 c1 com.sun.glass.ui.InvokeLaterDispatcher$Future.run()V javafx.graphics@18 (91 bytes) @ 0x000000010cb83d40 [0x000000010cb83c00+0x0000000000000140]
v  ~StubRoutines::call_stub

siginfo: si_signo: 10 (SIGBUS), si_code: 1 (BUS_ADRALN), si_addr: 0x000000070f1cefc8

Register to memory mapping:

 x0=0x0000000000000001 is an unknown value
 x1=0x0 is NULL
 x2=0x0 is NULL
 x3=0x0000000000000022 is an unknown value
 x4=0x0000000000000100 is an unknown value
 x5=0x000000000000001c is an unknown value
 x6=0x0 is NULL
 x7=0x0000000000000001 is an unknown value
 x8=0x000000070f1cefc8 is an unallocated location in the heap
 x9=0x0000000000000001 is an unknown value
x10=0x000000011df56468 points into unknown readable memory: 0x0000000000124e95 | 95 4e 12 00 00 00 00 00
x11=0x0000000000124e95 is an unknown value
x12=0x0000000000000001 is an unknown value
x13=0x0 is NULL
x14=0x0000000000000002 is an unknown value
x15=0x000000005a1ffffc is an unknown value
x16=0x00000002e9f59060 is an unknown value
x17=0x00000001fe9b2a00: <offset 0x57488a00> in /System/Library/Frameworks/CoreGraphics.framework/Versions/A/CoreGraphics at 0x00000001a752a000
x18=0x0 is NULL
x19=0x000000011df563a0 points into unknown readable memory: 0x01000001fd9b0d81 | 81 0d 9b fd 01 00 00 01
x20=0x000000011df56450 points into unknown readable memory: 0x000000004d555458 | 58 54 55 4d 00 00 00 00
x21=0x000000011df564c0 points into unknown readable memory: 0x01000001fd9b0d81 | 81 0d 9b fd 01 00 00 01
x22=0x0 is NULL
x23=0x00000000000009c3 is an unknown value
x24=0x00000000000009c3 is an unknown value
x25=0x0000600002484150 points into unknown readable memory: 0x01000001fd9b01a3 | a3 01 9b fd 01 00 00 01
x26=0x0000000000000001 is an unknown value
x27=0x0000600001f58fc0 points into unknown readable memory: 0x01000001fd9b0d81 | 81 0d 9b fd 01 00 00 01
x28=0x0 is NULL


Registers:
 x0=0x0000000000000001  x1=0x0000000000000000  x2=0x0000000000000000  x3=0x0000000000000022
 x4=0x0000000000000100  x5=0x000000000000001c  x6=0x0000000000000000  x7=0x0000000000000001
 x8=0x000000070f1cefc8  x9=0x0000000000000001 x10=0x000000011df56468 x11=0x0000000000124e95
x12=0x0000000000000001 x13=0x0000000000000000 x14=0x0000000000000002 x15=0x000000005a1ffffc
x16=0x00000002e9f59060 x17=0x00000001fe9b2a00 x18=0x0000000000000000 x19=0x000000011df563a0
x20=0x000000011df56450 x21=0x000000011df564c0 x22=0x0000000000000000 x23=0x00000000000009c3
x24=0x00000000000009c3 x25=0x0000600002484150 x26=0x0000000000000001 x27=0x0000600001f58fc0
x28=0x0000000000000000  fp=0x000000016d6ee120  lr=0x75048001a7537268  sp=0x000000016d6ee110
pc=0x00000001a7537278 cpsr=0x0000000060001000
Top of Stack: (sp=0x000000016d6ee110)
0x000000016d6ee110:   000000011df56450 000000070f1cefc8
0x000000016d6ee120:   000000016d6ee170 bb780001a75370e4
0x000000016d6ee130:   0000000300000000 00000001027b0080
0x000000016d6ee140:   00000001027b8a00 0000000000000000
0x000000016d6ee150:   0000000000000000 000000011df564c0
0x000000016d6ee160:   0000000000000065 000000011df563a0
0x000000016d6ee170:   000000016d6ee1a0 92770001a76dd71c
0x000000016d6ee180:   0000000000000000 000000011df564c0
0x000000016d6ee190:   0000000000000065 000000011df564c0
0x000000016d6ee1a0:   000000016d6ee1c0 82470001a76a7980
0x000000016d6ee1b0:   0000000000000065 0000600001f58fc0
0x000000016d6ee1c0:   000000016d6ee2f0 6f3e8001a755e3e4
0x000000016d6ee1d0:   000000011df564c0 0000600002484150
0x000000016d6ee1e0:   00000000000009c3 00000000000009c3
0x000000016d6ee1f0:   00006000013564f0 000060000184ca20
0x000000016d6ee200:   00006000013564c0 0000600001834090
0x000000016d6ee210:   000000016d6ee2a0 f72a0001a757b3d0
0x000000016d6ee220:   0000000100000003 0000000000000031
0x000000016d6ee230:   00000000000000cc 1393823f95d300b4
0x000000016d6ee240:   000000011df564c0 0000600002484150
0x000000016d6ee250:   00000000000009c3 00000000000009c3
0x000000016d6ee260:   000000011df564c0 0000600002484150
0x000000016d6ee270:   00000000000009c3 1393823f95d300b4
0x000000016d6ee280:   0000000000000000 0000000000000000
0x000000016d6ee290:   0000000000000000 4049800000000000
0x000000016d6ee2a0:   4048800000000000 401c000000000000
0x000000016d6ee2b0:   4018000000000000 0000000000000000
0x000000016d6ee2c0:   00000000000009c3 00000000000009c3
0x000000016d6ee2d0:   0000000000000000 000000016d6ee3c8
0x000000016d6ee2e0:   0000000000000033 0000000000000031
0x000000016d6ee2f0:   000000016d6eed40 f77a0001a733bd3c
0x000000016d6ee300:   00000000000000cc 0000000100000003 

Instructions: (pc=0x00000001a7537278)
0x00000001a7537178:   35000100 52800020 a9427bfd a9414ff4
0x00000001a7537188:   9100c3ff d65f0fff 52800000 17fffffb
0x00000001a7537198:   94109254 17fffff8 902a0160 91048000
0x00000001a75371a8:   b02ba341 91068021 9410accc 17ffffde
0x00000001a75371b8:   1410a722 d503237f a9be4ff4 a9017bfd
0x00000001a75371c8:   910043fd aa0003f3 d02b2608 f947d508
0x00000001a75371d8:   b100051f 540002a1 902a0168 3944e108
0x00000001a75371e8:   7100011f fa401a64 54000180 f9408a60
0x00000001a75371f8:   b4000140 52802001 72a10001 a9417bfd
0x00000001a7537208:   a8c24ff4 d50323ff ca1e07d0 b6f00050
0x00000001a7537218:   d4388e20 1410a88d d2800000 a9417bfd
0x00000001a7537228:   a8c24ff4 d65f0fff d02b2600 913ea000
0x00000001a7537238:   b02ba341 91078021 9410aca8 17ffffe7
0x00000001a7537248:   d503237f d10083ff a9017bfd 910043fd
0x00000001a7537258:   f90007e0 39001fff 39001fff 9400000a
0x00000001a7537268:   12000008 7100051f 54000081 f94007e8
0x00000001a7537278:   39400108 39001fe8 a9417bfd 910083ff
0x00000001a7537288:   d65f0fff d503237f a9bf7bfd 910003fd
0x00000001a7537298:   d02b2608 f947dd08 b100051f 540000a1
0x00000001a75372a8:   d02b2608 397ec100 a8c17bfd d65f0fff
0x00000001a75372b8:   d02b2600 913ee000 b02ba341 91080021
0x00000001a75372c8:   9410ac86 17fffff7 d503237f a9bf7bfd
0x00000001a75372d8:   910003fd d2800020 f2c1a040 f2e00140
0x00000001a75372e8:   9410acae d02b2608 393ec100 a8c17bfd
0x00000001a75372f8:   d65f0fff d503237f d100c3ff a9027bfd
0x00000001a7537308:   910083fd f81f83a0 f9000be1 39003fff
0x00000001a7537318:   39003fff 97ffffdc 12000008 7100051f
0x00000001a7537328:   540000c1 f85f83a8 f9400be9 8b090108
0x00000001a7537338:   39400108 39003fe8 a9427bfd 9100c3ff
0x00000001a7537348:   d65f0fff b40000e0 f9402808 90000230
0x00000001a7537358:   911ca210 dac123f0 eb10011f 54000060
0x00000001a7537368:   52800000 d65f03c0 52800020 d65f03c0 


Stack slot to memory mapping:
stack at sp + 0 slots: 0x000000011df56450 points into unknown readable memory: 0x000000004d555458 | 58 54 55 4d 00 00 00 00
stack at sp + 1 slots: 0x000000070f1cefc8 is an unallocated location in the heap
stack at sp + 2 slots: 0x000000016d6ee170 is pointing into the stack for thread: 0x000000012f087800
stack at sp + 3 slots: 0xbb780001a75370e4: CGDataProviderRetainBytePtr+0x10c in /System/Library/Frameworks/CoreGraphics.framework/Versions/A/CoreGraphics at 0x00000001a752a000
stack at sp + 4 slots: 0x0000000300000000 is an unknown value
stack at sp + 5 slots: 0x00000001027b0080 points into unknown readable memory: 0x0000000100000000 | 00 00 00 00 01 00 00 00
stack at sp + 6 slots: 0x00000001027b8a00 points into unknown readable memory: 0x0000000000000000 | 00 00 00 00 00 00 00 00
stack at sp + 7 slots: 0x0 is NULL


---------------  P R O C E S S  ---------------

Threads class SMR info:
_java_thread_list=0x0000600002b5d460, length=27, elements={
0x000000011e808a00, 0x000000011c815200, 0x000000012e00d800, 0x000000011c815800,
0x000000011e0bca00, 0x000000011e0bd000, 0x000000011e0bd600, 0x000000011e0bdc00,
0x000000012e020800, 0x000000012e80aa00, 0x000000012e817200, 0x000000012e809600,
0x000000011e0bc400, 0x000000012e0ed800, 0x000000012e121c00, 0x000000012f087800,
0x000000012e983200, 0x000000012eac2e00, 0x000000011e3d9600, 0x000000011e3d6400,
0x000000012eac0800, 0x000000011e3e2a00, 0x000000012e175a00, 0x000000011e471000,
0x000000012ebbfc00, 0x000000012f393000, 0x000000012ed6f400
}

Java Threads: ( => current thread )
  0x000000011e808a00 JavaThread "main" [_thread_blocked, id=3843, stack(0x000000016d780000,0x000000016d983000)]
  0x000000011c815200 JavaThread "Reference Handler" daemon [_thread_blocked, id=20227, stack(0x000000016e5d4000,0x000000016e7d7000)]
  0x000000012e00d800 JavaThread "Finalizer" daemon [_thread_blocked, id=19459, stack(0x000000016e7e0000,0x000000016e9e3000)]
  0x000000011c815800 JavaThread "Signal Dispatcher" daemon [_thread_blocked, id=31235, stack(0x000000016eb90000,0x000000016ed93000)]
  0x000000011e0bca00 JavaThread "Service Thread" daemon [_thread_blocked, id=30979, stack(0x000000016ed9c000,0x000000016ef9f000)]
  0x000000011e0bd000 JavaThread "Monitor Deflation Thread" daemon [_thread_blocked, id=30723, stack(0x000000016efa8000,0x000000016f1ab000)]
  0x000000011e0bd600 JavaThread "C2 CompilerThread0" daemon [_thread_in_native, id=23811, stack(0x000000016f1b4000,0x000000016f3b7000)]
  0x000000011e0bdc00 JavaThread "C1 CompilerThread0" daemon [_thread_blocked, id=30467, stack(0x000000016f3c0000,0x000000016f5c3000)]
  0x000000012e020800 JavaThread "Sweeper thread" daemon [_thread_blocked, id=29955, stack(0x000000016f5cc000,0x000000016f7cf000)]
  0x000000012e80aa00 JavaThread "Common-Cleaner" daemon [_thread_blocked, id=24323, stack(0x000000016f7d8000,0x000000016f9db000)]
  0x000000012e817200 JavaThread "Monitor Ctrl-Break" daemon [_thread_in_native, id=25347, stack(0x000000016fdfc000,0x000000016ffff000)]
  0x000000012e809600 JavaThread "Notification Thread" daemon [_thread_blocked, id=28675, stack(0x0000000170008000,0x000000017020b000)]
  0x000000011e0bc400 JavaThread "JavaFX-Launcher" [_thread_blocked, id=26115, stack(0x0000000170420000,0x0000000170623000)]
  0x000000012e0ed800 JavaThread "QuantumRenderer-0" daemon [_thread_blocked, id=26371, stack(0x000000017062c000,0x000000017082f000)]
  0x000000012e121c00 JavaThread "InvokeLaterDispatcher" daemon [_thread_blocked, id=39179, stack(0x0000000170838000,0x0000000170a3b000)]
=>0x000000012f087800 JavaThread "JavaFX Application Thread" [_thread_in_native, id=259, stack(0x000000016cef8000,0x000000016d6f4000)]
  0x000000012e983200 JavaThread "FXGL Background Thread 1" daemon [_thread_blocked, id=81931, stack(0x00000001784c4000,0x00000001786c7000)]
  0x000000012eac2e00 JavaThread "Prism Font Disposer" daemon [_thread_blocked, id=76059, stack(0x000000017cb90000,0x000000017cd93000)]
  0x000000011e3d9600 JavaThread "FXGL Background Thread 2" daemon [_thread_blocked, id=1855, stack(0x000000017cd9c000,0x000000017cf9f000)]
  0x000000011e3d6400 JavaThread "FXGL Background Thread 3" daemon [_thread_blocked, id=87299, stack(0x000000017cfa8000,0x000000017d1ab000)]
  0x000000012eac0800 JavaThread "FXGL Background Thread 4" daemon [_thread_blocked, id=130563, stack(0x000000017d1b4000,0x000000017d3b7000)]
  0x000000011e3e2a00 JavaThread "PulseTimer-CVDisplayLink thread" daemon [_thread_in_native, id=66055, stack(0x000000017d8b0000,0x000000017d933000)]
  0x000000012e175a00 JavaThread "Cleaner-0" daemon [_thread_blocked, id=88079, stack(0x000000017e610000,0x000000017e813000)]
  0x000000011e471000 JavaThread "JFXMedia Player EventQueueThread" daemon [_thread_blocked, id=89459, stack(0x000000028aae8000,0x000000028aceb000)]
  0x000000012ebbfc00 JavaThread "Media Resource Disposer" daemon [_thread_blocked, id=132355, stack(0x000000028b898000,0x000000028ba9b000)]
  0x000000012f393000 JavaThread "Timer-0" daemon [_thread_blocked, id=133639, stack(0x000000028bbbc000,0x000000028bdbf000)]
  0x000000012ed6f400 JavaThread "Thread-15" daemon [_thread_blocked, id=171663, stack(0x000000017c304000,0x000000017c507000)]

Other Threads:
  0x000000011df09f70 VMThread "VM Thread" [stack: 0x000000016e3c8000,0x000000016e5cb000] [id=18435]
  0x000000012df22650 WatcherThread [stack: 0x0000000170214000,0x0000000170417000] [id=28419]
  0x000000011f006930 GCTaskThread "GC Thread#0" [stack: 0x000000016d98c000,0x000000016db8f000] [id=13571]
  0x000000011f00dde0 GCTaskThread "GC Thread#1" [stack: 0x0000000170a44000,0x0000000170c47000] [id=36355]
  0x000000011f00e680 GCTaskThread "GC Thread#2" [stack: 0x0000000170c50000,0x0000000170e53000] [id=38147]
  0x000000011de10430 GCTaskThread "GC Thread#3" [stack: 0x0000000170e5c000,0x000000017105f000] [id=37891]
  0x000000011f00eb00 GCTaskThread "GC Thread#4" [stack: 0x0000000171068000,0x000000017126b000] [id=36867]
  0x000000012df29550 GCTaskThread "GC Thread#5" [stack: 0x0000000171274000,0x0000000171477000] [id=37379]
  0x000000011df4d400 GCTaskThread "GC Thread#6" [stack: 0x000000017d408000,0x000000017d60b000] [id=130055]
  0x000000011df4d880 GCTaskThread "GC Thread#7" [stack: 0x000000017d614000,0x000000017d817000] [id=87811]
  0x000000011f006fe0 ConcurrentGCThread "G1 Main Marker" [stack: 0x000000016db98000,0x000000016dd9b000] [id=15363]
  0x000000011df045f0 ConcurrentGCThread "G1 Conc#0" [stack: 0x000000016dda4000,0x000000016dfa7000] [id=14595]
  0x000000011df59140 ConcurrentGCThread "G1 Conc#1" [stack: 0x000000017e404000,0x000000017e607000] [id=128523]
  0x0000000103404080 ConcurrentGCThread "G1 Refine#0" [stack: 0x000000016dfb0000,0x000000016e1b3000] [id=16643]
  0x000000011df06320 ConcurrentGCThread "G1 Service" [stack: 0x000000016e1bc000,0x000000016e3bf000] [id=21507]

Threads with active compile tasks:
C2 CompilerThread0    11564 5958       4       javafx.scene.CssStyleHelper::createStyleHelper (304 bytes)

VM state: not at safepoint (normal execution)

VM Mutex/Monitor currently owned by a thread: None

Heap address: 0x0000000700000000, size: 4096 MB, Compressed Oops mode: Zero based, Oop shift amount: 3

CDS archive(s) mapped at: [0x0000000800000000-0x0000000800bd8000-0x0000000800bd8000), size 12419072, SharedBaseAddress: 0x0000000800000000, ArchiveRelocationMode: 0.
Compressed class space mapped at: 0x0000000800c00000-0x0000000840c00000, reserved size: 1073741824
Narrow klass base: 0x0000000800000000, Narrow klass shift: 0, Narrow klass range: 0x100000000

GC Precious Log:
 CPUs: 8 total, 8 available
 Memory: 16384M
 Large Page Support: Disabled
 NUMA Support: Disabled
 Compressed Oops: Enabled (Zero based)
 Heap Region Size: 2M
 Heap Min Capacity: 8M
 Heap Initial Capacity: 256M
 Heap Max Capacity: 4G
 Pre-touch: Disabled
 Parallel Workers: 8
 Concurrent Workers: 2
 Concurrent Refinement Workers: 8
 Periodic GC: Disabled

Heap:
 garbage-first heap   total 75776K, used 24973K [0x0000000700000000, 0x0000000800000000)
  region size 2048K, 3 young (6144K), 1 survivors (2048K)
 Metaspace       used 29346K, committed 29696K, reserved 1081344K
  class space    used 3690K, committed 3840K, reserved 1048576K

Heap Regions: E=young(eden), S=young(survivor), O=old, HS=humongous(starts), HC=humongous(continues), CS=collection set, F=free, OA=open archive, CA=closed archive, TAMS=top-at-mark-start (previous, next)
|   0|0x0000000700000000, 0x0000000700200000, 0x0000000700200000|100%| O|  |TAMS 0x0000000700200000, 0x0000000700000000| Untracked 
|   1|0x0000000700200000, 0x0000000700200000, 0x0000000700400000|  0%| F|  |TAMS 0x0000000700200000, 0x0000000700200000| Untracked 
|   2|0x0000000700400000, 0x0000000700600000, 0x0000000700600000|100%|HS|  |TAMS 0x0000000700600000, 0x0000000700400000| Complete 
|   3|0x0000000700600000, 0x0000000700800000, 0x0000000700800000|100%|HS|  |TAMS 0x0000000700800000, 0x0000000700600000| Complete 
|   4|0x0000000700800000, 0x0000000700a00000, 0x0000000700a00000|100%|HC|  |TAMS 0x0000000700a00000, 0x0000000700800000| Complete 
|   5|0x0000000700a00000, 0x0000000700c00000, 0x0000000700c00000|100%| O|  |TAMS 0x0000000700c00000, 0x0000000700a00000| Untracked 
|   6|0x0000000700c00000, 0x0000000700e00000, 0x0000000700e00000|100%| O|  |TAMS 0x0000000700e00000, 0x0000000700c00000| Untracked 
|   7|0x0000000700e00000, 0x0000000701000000, 0x0000000701000000|100%| O|  |TAMS 0x0000000701000000, 0x0000000700e00000| Untracked 
|   8|0x0000000701000000, 0x0000000701200000, 0x0000000701200000|100%| O|  |TAMS 0x0000000701200000, 0x0000000701000000| Untracked 
|   9|0x0000000701200000, 0x0000000701400000, 0x0000000701400000|100%| O|  |TAMS 0x0000000701400000, 0x0000000701200000| Untracked 
|  10|0x0000000701400000, 0x0000000701578c00, 0x0000000701600000| 73%| O|  |TAMS 0x0000000701578c00, 0x0000000701400000| Untracked 
|  11|0x0000000701600000, 0x0000000701600000, 0x0000000701800000|  0%| F|  |TAMS 0x0000000701600000, 0x0000000701600000| Untracked 
|  12|0x0000000701800000, 0x0000000701800000, 0x0000000701a00000|  0%| F|  |TAMS 0x0000000701800000, 0x0000000701800000| Untracked 
|  13|0x0000000701a00000, 0x0000000701a00000, 0x0000000701c00000|  0%| F|  |TAMS 0x0000000701a00000, 0x0000000701a00000| Untracked 
|  14|0x0000000701c00000, 0x0000000701c00000, 0x0000000701e00000|  0%| F|  |TAMS 0x0000000701c00000, 0x0000000701c00000| Untracked 
|  15|0x0000000701e00000, 0x0000000701e00000, 0x0000000702000000|  0%| F|  |TAMS 0x0000000701e00000, 0x0000000701e00000| Untracked 
|  16|0x0000000702000000, 0x0000000702000000, 0x0000000702200000|  0%| F|  |TAMS 0x0000000702000000, 0x0000000702000000| Untracked 
|  17|0x0000000702200000, 0x0000000702200000, 0x0000000702400000|  0%| F|  |TAMS 0x0000000702200000, 0x0000000702200000| Untracked 
|  18|0x0000000702400000, 0x00000007024f2840, 0x0000000702600000| 47%| S|CS|TAMS 0x0000000702400000, 0x0000000702400000| Complete 
|  19|0x0000000702600000, 0x0000000702600000, 0x0000000702800000|  0%| F|  |TAMS 0x0000000702600000, 0x0000000702600000| Untracked 
|  20|0x0000000702800000, 0x0000000702800000, 0x0000000702a00000|  0%| F|  |TAMS 0x0000000702800000, 0x0000000702800000| Untracked 
|  21|0x0000000702a00000, 0x0000000702a00000, 0x0000000702c00000|  0%| F|  |TAMS 0x0000000702a00000, 0x0000000702a00000| Untracked 
|  22|0x0000000702c00000, 0x0000000702c00000, 0x0000000702e00000|  0%| F|  |TAMS 0x0000000702c00000, 0x0000000702c00000| Untracked 
|  23|0x0000000702e00000, 0x0000000702e00000, 0x0000000703000000|  0%| F|  |TAMS 0x0000000702e00000, 0x0000000702e00000| Untracked 
|  24|0x0000000703000000, 0x0000000703000000, 0x0000000703200000|  0%| F|  |TAMS 0x0000000703000000, 0x0000000703000000| Untracked 
|  25|0x0000000703200000, 0x0000000703200000, 0x0000000703400000|  0%| F|  |TAMS 0x0000000703200000, 0x0000000703200000| Untracked 
|  26|0x0000000703400000, 0x0000000703400000, 0x0000000703600000|  0%| F|  |TAMS 0x0000000703400000, 0x0000000703400000| Untracked 
| 113|0x000000070e200000, 0x000000070e200000, 0x000000070e400000|  0%| F|  |TAMS 0x000000070e200000, 0x000000070e200000| Untracked 
| 114|0x000000070e400000, 0x000000070e400000, 0x000000070e600000|  0%| F|  |TAMS 0x000000070e400000, 0x000000070e400000| Untracked 
| 115|0x000000070e600000, 0x000000070e600000, 0x000000070e800000|  0%| F|  |TAMS 0x000000070e600000, 0x000000070e600000| Untracked 
| 116|0x000000070e800000, 0x000000070e800000, 0x000000070ea00000|  0%| F|  |TAMS 0x000000070e800000, 0x000000070e800000| Untracked 
| 117|0x000000070ea00000, 0x000000070ea00000, 0x000000070ec00000|  0%| F|  |TAMS 0x000000070ea00000, 0x000000070ea00000| Untracked 
| 118|0x000000070ec00000, 0x000000070ec00000, 0x000000070ee00000|  0%| F|  |TAMS 0x000000070ec00000, 0x000000070ec00000| Untracked 
| 126|0x000000070fc00000, 0x000000070fde7978, 0x000000070fe00000| 95%| E|  |TAMS 0x000000070fc00000, 0x000000070fc00000| Complete 
| 127|0x000000070fe00000, 0x0000000710000000, 0x0000000710000000|100%| E|CS|TAMS 0x000000070fe00000, 0x000000070fe00000| Complete 
|2046|0x00000007ffc00000, 0x00000007ffd78000, 0x00000007ffe00000| 73%|OA|  |TAMS 0x00000007ffd78000, 0x00000007ffc00000| Untracked 
|2047|0x00000007ffe00000, 0x00000007ffe80000, 0x0000000800000000| 25%|CA|  |TAMS 0x00000007ffe80000, 0x00000007ffe00000| Untracked 

Card table byte_map: [0x000000011b2b8000,0x000000011bab8000] _byte_map_base: 0x0000000117ab8000

Marking Bits (Prev, Next): (CMBitMap*) 0x000000011e82dc10, (CMBitMap*) 0x000000011e82dc50
 Prev Bits: [0x0000000128000000, 0x000000012c000000)
 Next Bits: [0x0000000140000000, 0x0000000144000000)

Polling page: 0x0000000102764000

Metaspace:

Usage:
  Non-class:     25.05 MB used.
      Class:      3.60 MB used.
       Both:     28.66 MB used.

Virtual space:
  Non-class space:       32.00 MB reserved,      25.25 MB ( 79%) committed,  4 nodes.
      Class space:        1.00 GB reserved,       3.75 MB ( <1%) committed,  1 nodes.
             Both:        1.03 GB reserved,      29.00 MB (  3%) committed. 

Chunk freelists:
   Non-Class:  1.92 MB
       Class:  304.00 KB
        Both:  2.22 MB

MaxMetaspaceSize: unlimited
CompressedClassSpaceSize: 1.00 GB
Initial GC threshold: 21.00 MB
Current GC threshold: 47.44 MB
CDS: on
MetaspaceReclaimPolicy: balanced
 - commit_granule_bytes: 65536.
 - commit_granule_words: 8192.
 - virtual_space_node_default_size: 1048576.
 - enlarge_chunks_in_place: 1.
 - new_chunks_are_fully_committed: 0.
 - uncommit_free_chunks: 1.
 - use_allocation_guard: 0.
 - handle_deallocations: 1.


Internal statistics:

num_allocs_failed_limit: 6.
num_arena_births: 378.
num_arena_deaths: 0.
num_vsnodes_births: 5.
num_vsnodes_deaths: 0.
num_space_committed: 464.
num_space_uncommitted: 0.
num_chunks_returned_to_freelist: 6.
num_chunks_taken_from_freelist: 1194.
num_chunk_merges: 6.
num_chunk_splits: 846.
num_chunks_enlarged: 643.
num_purges: 0.
num_inconsistent_stats: 0.

CodeHeap 'non-profiled nmethods': size=120032Kb used=2993Kb max_used=2993Kb free=117038Kb
 bounds [0x0000000113d80000, 0x0000000114080000, 0x000000011b2b8000]
CodeHeap 'profiled nmethods': size=120016Kb used=9922Kb max_used=11798Kb free=110093Kb
 bounds [0x000000010c2b8000, 0x000000010ce48000, 0x00000001137ec000]
CodeHeap 'non-nmethods': size=5712Kb used=1518Kb max_used=1671Kb free=4193Kb
 bounds [0x00000001137ec000, 0x0000000113a5c000, 0x0000000113d80000]
 total_blobs=5797 nmethods=4871 adapters=840
 compilation: enabled
              stopped_count=0, restarted_count=0
 full_count=0

Compilation events (20 events):
Event: 11.548 Thread 0x000000011e0bdc00 nmethod 5956 0x000000010c327e10 code [0x000000010c327fc0, 0x000000010c328098]
Event: 11.548 Thread 0x000000011e0bdc00 5953       3       java.util.Formatter::ensureOpen (16 bytes)
Event: 11.548 Thread 0x000000011e0bdc00 nmethod 5953 0x000000010c4d5d90 code [0x000000010c4d5f40, 0x000000010c4d6108]
Event: 11.548 Thread 0x000000011e0bdc00 5957       3       java.util.HashSet::<init> (40 bytes)
Event: 11.548 Thread 0x000000011e0bdc00 nmethod 5957 0x000000010cd50f90 code [0x000000010cd511c0, 0x000000010cd517e8]
Event: 11.548 Thread 0x000000011e0bdc00 5950       3       javafx.css.CssParser::stripQuotes (5 bytes)
Event: 11.548 Thread 0x000000011e0bdc00 nmethod 5950 0x000000010c834590 code [0x000000010c834740, 0x000000010c834888]
Event: 11.548 Thread 0x000000011e0bdc00 5951       3       com.sun.javafx.util.Utils::stripQuotes (84 bytes)
Event: 11.549 Thread 0x000000011e0bdc00 nmethod 5951 0x000000010c2cbc10 code [0x000000010c2cbf80, 0x000000010c2ccd08]
Event: 11.550 Thread 0x000000011e0bdc00 5959       3       javafx.scene.CssStyleHelper$CacheContainer::getStyleMap (40 bytes)
Event: 11.551 Thread 0x000000011e0bdc00 nmethod 5959 0x000000010c5b5710 code [0x000000010c5b5940, 0x000000010c5b5f78]
Event: 11.551 Thread 0x000000011e0bdc00 5960       3       com.sun.javafx.css.CascadingStyle::<init> (42 bytes)
Event: 11.551 Thread 0x000000011e0bdc00 nmethod 5960 0x000000010c830590 code [0x000000010c830740, 0x000000010c830a08]
Event: 11.551 Thread 0x000000011e0bdc00 5963       3       javafx.css.Rule::getOrigin (19 bytes)
Event: 11.551 Thread 0x000000011e0bd600 nmethod 5952 0x0000000113f96310 code [0x0000000113f96540, 0x0000000113f96a90]
Event: 11.551 Thread 0x000000011e0bdc00 nmethod 5963 0x000000010c890190 code [0x000000010c890340, 0x000000010c8904d8]
Event: 11.551 Thread 0x000000011e0bd600 5958       4       javafx.scene.CssStyleHelper::createStyleHelper (304 bytes)
Event: 11.551 Thread 0x000000011e0bdc00 5961       3       com.sun.javafx.css.CascadingStyle::<init> (26 bytes)
Event: 11.551 Thread 0x000000011e0bdc00 nmethod 5961 0x000000010c467890 code [0x000000010c467a80, 0x000000010c467e08]
Event: 11.551 Thread 0x000000011e0bdc00 5964       3       javafx.scene.CssStyleHelper::resolveLookups (463 bytes)

GC Heap History (16 events):
Event: 0.256 GC heap before
{Heap before GC invocations=0 (full 0):
 garbage-first heap   total 266240K, used 22496K [0x0000000700000000, 0x0000000800000000)
  region size 2048K, 11 young (22528K), 0 survivors (0K)
 Metaspace       used 5755K, committed 5952K, reserved 1056768K
  class space    used 545K, committed 640K, reserved 1048576K
}
Event: 0.258 GC heap after
{Heap after GC invocations=1 (full 0):
 garbage-first heap   total 266240K, used 4892K [0x0000000700000000, 0x0000000800000000)
  region size 2048K, 2 young (4096K), 2 survivors (4096K)
 Metaspace       used 5755K, committed 5952K, reserved 1056768K
  class space    used 545K, committed 640K, reserved 1048576K
}
Event: 0.806 GC heap before
{Heap before GC invocations=1 (full 0):
 garbage-first heap   total 266240K, used 62236K [0x0000000700000000, 0x0000000800000000)
  region size 2048K, 30 young (61440K), 2 survivors (4096K)
 Metaspace       used 16594K, committed 16832K, reserved 1064960K
  class space    used 2269K, committed 2368K, reserved 1048576K
}
Event: 0.809 GC heap after
{Heap after GC invocations=2 (full 0):
 garbage-first heap   total 266240K, used 10673K [0x0000000700000000, 0x0000000800000000)
  region size 2048K, 4 young (8192K), 4 survivors (8192K)
 Metaspace       used 16594K, committed 16832K, reserved 1064960K
  class space    used 2269K, committed 2368K, reserved 1048576K
}
Event: 0.898 GC heap before
{Heap before GC invocations=2 (full 0):
 garbage-first heap   total 266240K, used 27057K [0x0000000700000000, 0x0000000800000000)
  region size 2048K, 13 young (26624K), 4 survivors (8192K)
 Metaspace       used 21260K, committed 21504K, reserved 1073152K
  class space    used 2835K, committed 2944K, reserved 1048576K
}
Event: 0.901 GC heap after
{Heap after GC invocations=3 (full 0):
 garbage-first heap   total 266240K, used 13569K [0x0000000700000000, 0x0000000800000000)
  region size 2048K, 6 young (12288K), 6 survivors (12288K)
 Metaspace       used 21260K, committed 21504K, reserved 1073152K
  class space    used 2835K, committed 2944K, reserved 1048576K
}
Event: 4.819 GC heap before
{Heap before GC invocations=4 (full 0):
 garbage-first heap   total 75776K, used 50433K [0x0000000700000000, 0x0000000800000000)
  region size 2048K, 21 young (43008K), 6 survivors (12288K)
 Metaspace       used 28201K, committed 28480K, reserved 1081344K
  class space    used 3611K, committed 3776K, reserved 1048576K
}
Event: 4.833 GC heap after
{Heap after GC invocations=5 (full 0):
 garbage-first heap   total 75776K, used 22163K [0x0000000700000000, 0x0000000800000000)
  region size 2048K, 3 young (6144K), 3 survivors (6144K)
 Metaspace       used 28201K, committed 28480K, reserved 1081344K
  class space    used 3611K, committed 3776K, reserved 1048576K
}
Event: 5.802 GC heap before
{Heap before GC invocations=5 (full 0):
 garbage-first heap   total 75776K, used 24211K [0x0000000700000000, 0x0000000800000000)
  region size 2048K, 4 young (8192K), 3 survivors (6144K)
 Metaspace       used 28484K, committed 28800K, reserved 1081344K
  class space    used 3632K, committed 3776K, reserved 1048576K
}
Event: 5.805 GC heap after
{Heap after GC invocations=6 (full 0):
 garbage-first heap   total 75776K, used 23038K [0x0000000700000000, 0x0000000800000000)
  region size 2048K, 1 young (2048K), 1 survivors (2048K)
 Metaspace       used 28484K, committed 28800K, reserved 1081344K
  class space    used 3632K, committed 3776K, reserved 1048576K
}
Event: 7.489 GC heap before
{Heap before GC invocations=6 (full 0):
 garbage-first heap   total 75776K, used 49662K [0x0000000700000000, 0x0000000800000000)
  region size 2048K, 14 young (28672K), 1 survivors (2048K)
 Metaspace       used 28783K, committed 29120K, reserved 1081344K
  class space    used 3648K, committed 3776K, reserved 1048576K
}
Event: 7.490 GC heap after
{Heap after GC invocations=7 (full 0):
 garbage-first heap   total 75776K, used 22378K [0x0000000700000000, 0x0000000800000000)
  region size 2048K, 1 young (2048K), 1 survivors (2048K)
 Metaspace       used 28783K, committed 29120K, reserved 1081344K
  class space    used 3648K, committed 3776K, reserved 1048576K
}
Event: 8.303 GC heap before
{Heap before GC invocations=8 (full 0):
 garbage-first heap   total 75776K, used 51050K [0x0000000700000000, 0x0000000800000000)
  region size 2048K, 15 young (30720K), 1 survivors (2048K)
 Metaspace       used 28846K, committed 29184K, reserved 1081344K
  class space    used 3649K, committed 3776K, reserved 1048576K
}
Event: 8.303 GC heap after
{Heap after GC invocations=9 (full 0):
 garbage-first heap   total 75776K, used 22408K [0x0000000700000000, 0x0000000800000000)
  region size 2048K, 1 young (2048K), 1 survivors (2048K)
 Metaspace       used 28846K, committed 29184K, reserved 1081344K
  class space    used 3649K, committed 3776K, reserved 1048576K
}
Event: 10.851 GC heap before
{Heap before GC invocations=9 (full 0):
 garbage-first heap   total 75776K, used 53128K [0x0000000700000000, 0x0000000800000000)
  region size 2048K, 16 young (32768K), 1 survivors (2048K)
 Metaspace       used 29126K, committed 29440K, reserved 1081344K
  class space    used 3667K, committed 3776K, reserved 1048576K
}
Event: 10.852 GC heap after
{Heap after GC invocations=10 (full 0):
 garbage-first heap   total 75776K, used 22925K [0x0000000700000000, 0x0000000800000000)
  region size 2048K, 1 young (2048K), 1 survivors (2048K)
 Metaspace       used 29126K, committed 29440K, reserved 1081344K
  class space    used 3667K, committed 3776K, reserved 1048576K
}

Dll operation events (20 events):
Event: 0.016 Loaded shared library /Users/meo/Library/Java/JavaVirtualMachines/corretto-17.0.6/Contents/Home/lib/libnio.dylib
Event: 0.026 Loaded shared library /Users/meo/Library/Java/JavaVirtualMachines/corretto-17.0.6/Contents/Home/lib/libzip.dylib
Event: 0.040 Loaded shared library /Users/meo/Library/Java/JavaVirtualMachines/corretto-17.0.6/Contents/Home/lib/libnet.dylib
Event: 0.079 Loaded shared library /Users/meo/Library/Java/JavaVirtualMachines/corretto-17.0.6/Contents/Home/lib/libzip.dylib
Event: 0.080 Loaded shared library /Users/meo/Library/Java/JavaVirtualMachines/corretto-17.0.6/Contents/Home/lib/libinstrument.dylib
Event: 0.133 Loaded shared library /Users/meo/Library/Java/JavaVirtualMachines/corretto-17.0.6/Contents/Home/lib/libjimage.dylib
Event: 0.174 Loading shared library /Users/meo/.m2/repository/org/openjfx/javafx-graphics/18/libprism_es2.dylib failed, dlopen(/Users/meo/.m2/repository/org/openjfx/javafx-graphics/18/libprism_es2.dylib, 0x0001): tried: '/Users/meo/.m2/repository/org/openjfx/javafx-gr
Event: 0.191 Loaded shared library /Users/meo/.openjfx/cache/18+12/libprism_es2.dylib
Event: 0.249 Loading shared library /Users/meo/.m2/repository/org/openjfx/javafx-graphics/18/libglass.dylib failed, dlopen(/Users/meo/.m2/repository/org/openjfx/javafx-graphics/18/libglass.dylib, 0x0001): tried: '/Users/meo/.m2/repository/org/openjfx/javafx-graphics/1
Event: 0.254 Loaded shared library /Users/meo/.openjfx/cache/18+12/libglass.dylib
Event: 0.405 Loading shared library /Users/meo/.m2/repository/org/openjfx/javafx-graphics/18/libjavafx_font.dylib failed, dlopen(/Users/meo/.m2/repository/org/openjfx/javafx-graphics/18/libjavafx_font.dylib, 0x0001): tried: '/Users/meo/.m2/repository/org/openjfx/javaf
Event: 0.407 Loaded shared library /Users/meo/.openjfx/cache/18+12/libjavafx_font.dylib
Event: 1.690 Loading shared library /Users/meo/.m2/repository/org/openjfx/javafx-graphics/18/libglib-lite.dylib failed, dlopen(/Users/meo/.m2/repository/org/openjfx/javafx-graphics/18/libglib-lite.dylib, 0x0001): tried: '/Users/meo/.m2/repository/org/openjfx/javafx-gr
Event: 1.703 Loaded shared library /Users/meo/.openjfx/cache/18+12/libglib-lite.dylib
Event: 1.704 Loading shared library /Users/meo/.m2/repository/org/openjfx/javafx-graphics/18/libgstreamer-lite.dylib failed, dlopen(/Users/meo/.m2/repository/org/openjfx/javafx-graphics/18/libgstreamer-lite.dylib, 0x0001): tried: '/Users/meo/.m2/repository/org/openjfx
Event: 1.720 Loaded shared library /Users/meo/.openjfx/cache/18+12/libgstreamer-lite.dylib
Event: 1.721 Loading shared library /Users/meo/.m2/repository/org/openjfx/javafx-graphics/18/libjfxmedia.dylib failed, dlopen(/Users/meo/.m2/repository/org/openjfx/javafx-graphics/18/libjfxmedia.dylib, 0x0001): tried: '/Users/meo/.m2/repository/org/openjfx/javafx-grap
Event: 1.737 Loaded shared library /Users/meo/.openjfx/cache/18+12/libjfxmedia.dylib
Event: 1.740 Loading shared library /Users/meo/.m2/repository/org/openjfx/javafx-graphics/18/libjfxmedia_avf.dylib failed, dlopen(/Users/meo/.m2/repository/org/openjfx/javafx-graphics/18/libjfxmedia_avf.dylib, 0x0001): tried: '/Users/meo/.m2/repository/org/openjfx/jav
Event: 1.742 Loaded shared library /Users/meo/.openjfx/cache/18+12/libjfxmedia_avf.dylib

Deoptimization events (20 events):
Event: 11.002 Thread 0x000000012e0ed800 Uncommon trap: trap_request=0xffffffc6 fr.pc=0x0000000113f9cda0 relative=0x0000000000003d20
Event: 11.002 Thread 0x000000012e0ed800 Uncommon trap: reason=bimorphic_or_optimized_type_check action=maybe_recompile pc=0x0000000113f9cda0 method=com.sun.scenario.effect.FilterEffect.filter(Lcom/sun/scenario/effect/FilterContext;Lcom/sun/javafx/geom/transform/BaseTransform;Lcom/sun/javafx/geo
Event: 11.002 Thread 0x000000012e0ed800 DEOPT PACKING pc=0x0000000113f9cda0 sp=0x000000017082cf80
Event: 11.002 Thread 0x000000012e0ed800 DEOPT UNPACKING pc=0x000000011383391c sp=0x000000017082cf60 mode 2
Event: 11.332 Thread 0x000000012e0ed800 Uncommon trap: trap_request=0xffffffde fr.pc=0x0000000113fc736c relative=0x000000000000766c
Event: 11.332 Thread 0x000000012e0ed800 Uncommon trap: reason=class_check action=maybe_recompile pc=0x0000000113fc736c method=com.sun.javafx.sg.prism.NGNode.doRender(Lcom/sun/prism/Graphics;)V @ 319 c2
Event: 11.332 Thread 0x000000012e0ed800 DEOPT PACKING pc=0x0000000113fc736c sp=0x000000017082d4c0
Event: 11.332 Thread 0x000000012e0ed800 DEOPT UNPACKING pc=0x000000011383391c sp=0x000000017082d420 mode 2
Event: 11.332 Thread 0x000000012e0ed800 Uncommon trap: trap_request=0xffffffc6 fr.pc=0x0000000113f9cda0 relative=0x0000000000003d20
Event: 11.332 Thread 0x000000012e0ed800 Uncommon trap: reason=bimorphic_or_optimized_type_check action=maybe_recompile pc=0x0000000113f9cda0 method=com.sun.scenario.effect.FilterEffect.filter(Lcom/sun/scenario/effect/FilterContext;Lcom/sun/javafx/geom/transform/BaseTransform;Lcom/sun/javafx/geo
Event: 11.332 Thread 0x000000012e0ed800 DEOPT PACKING pc=0x0000000113f9cda0 sp=0x000000017082cf80
Event: 11.332 Thread 0x000000012e0ed800 DEOPT UNPACKING pc=0x000000011383391c sp=0x000000017082cf60 mode 2
Event: 11.495 Thread 0x000000012e0ed800 Uncommon trap: trap_request=0xffffffde fr.pc=0x0000000113fc736c relative=0x000000000000766c
Event: 11.495 Thread 0x000000012e0ed800 Uncommon trap: reason=class_check action=maybe_recompile pc=0x0000000113fc736c method=com.sun.javafx.sg.prism.NGNode.doRender(Lcom/sun/prism/Graphics;)V @ 319 c2
Event: 11.495 Thread 0x000000012e0ed800 DEOPT PACKING pc=0x0000000113fc736c sp=0x000000017082d4c0
Event: 11.495 Thread 0x000000012e0ed800 DEOPT UNPACKING pc=0x000000011383391c sp=0x000000017082d420 mode 2
Event: 11.495 Thread 0x000000012e0ed800 Uncommon trap: trap_request=0xffffffc6 fr.pc=0x0000000113f9cda0 relative=0x0000000000003d20
Event: 11.495 Thread 0x000000012e0ed800 Uncommon trap: reason=bimorphic_or_optimized_type_check action=maybe_recompile pc=0x0000000113f9cda0 method=com.sun.scenario.effect.FilterEffect.filter(Lcom/sun/scenario/effect/FilterContext;Lcom/sun/javafx/geom/transform/BaseTransform;Lcom/sun/javafx/geo
Event: 11.495 Thread 0x000000012e0ed800 DEOPT PACKING pc=0x0000000113f9cda0 sp=0x000000017082cf80
Event: 11.495 Thread 0x000000012e0ed800 DEOPT UNPACKING pc=0x000000011383391c sp=0x000000017082cf60 mode 2

Classes unloaded (0 events):
No events

Classes redefined (0 events):
No events

Internal exceptions (20 events):
Event: 1.697 Thread 0x000000012e0ed800 Implicit null exception at 0x0000000113f3993c to 0x0000000113f3ac0c
Event: 1.761 Thread 0x000000011e3d9600 Exception <a 'sun/nio/fs/UnixException'{0x0000000702590730}> (0x0000000702590730) 
thrown [src/hotspot/share/prims/jni.cpp, line 516]
Event: 1.761 Thread 0x000000011e3d9600 Exception <a 'sun/nio/fs/UnixException'{0x0000000702591c28}> (0x0000000702591c28) 
thrown [src/hotspot/share/prims/jni.cpp, line 516]
Event: 1.762 Thread 0x000000011e3d9600 Exception <a 'sun/nio/fs/UnixException'{0x0000000702593140}> (0x0000000702593140) 
thrown [src/hotspot/share/prims/jni.cpp, line 516]
Event: 1.762 Thread 0x000000011e3d9600 Exception <a 'sun/nio/fs/UnixException'{0x0000000702594660}> (0x0000000702594660) 
thrown [src/hotspot/share/prims/jni.cpp, line 516]
Event: 1.762 Thread 0x000000011e3d9600 Exception <a 'sun/nio/fs/UnixException'{0x0000000702595ba0}> (0x0000000702595ba0) 
thrown [src/hotspot/share/prims/jni.cpp, line 516]
Event: 1.916 Thread 0x000000012f087800 Exception <a 'java/lang/NoSuchMethodError'{0x000000070274cab0}: 'void java.lang.invoke.DirectMethodHandle$Holder.invokeSpecial(java.lang.Object, java.lang.Object, double)'> (0x000000070274cab0) 
thrown [src/hotspot/share/interpreter/linkResolver.cpp, line 759]
Event: 1.916 Thread 0x000000012f087800 Exception <a 'java/lang/NoSuchMethodError'{0x0000000702752ba0}: 'java.lang.Object java.lang.invoke.DirectMethodHandle$Holder.newInvokeSpecial(java.lang.Object, java.lang.Object, double)'> (0x0000000702752ba0) 
thrown [src/hotspot/share/interpreter/linkResolver.cpp, line 759]
Event: 1.916 Thread 0x000000012f087800 Exception <a 'java/lang/NoSuchMethodError'{0x00000007027567b8}: 'java.lang.Object java.lang.invoke.DirectMethodHandle$Holder.invokeSpecial(java.lang.Object, java.lang.Object, java.lang.Object, double)'> (0x00000007027567b8) 
thrown [src/hotspot/share/interpreter/linkResolver.cpp, line 759]
Event: 1.921 Thread 0x000000011e3d9600 Exception <a 'sun/nio/fs/UnixException'{0x00000007020087e8}> (0x00000007020087e8) 
thrown [src/hotspot/share/prims/jni.cpp, line 516]
Event: 1.949 Thread 0x000000011e3d9600 Exception <a 'java/lang/NoSuchMethodError'{0x00000007021a4050}: 'void java.lang.invoke.DirectMethodHandle$Holder.invokeSpecial(java.lang.Object, java.lang.Object, int, java.lang.Object, java.lang.Object, java.lang.Object)'> (0x00000007021a4050) 
thrown [src/hotspot/share/interpreter/linkResolver.cpp, line 759]
Event: 3.180 Thread 0x000000012f087800 Exception <a 'java/io/FileNotFoundException'{0x0000000701c350f0}> (0x0000000701c350f0) 
thrown [src/hotspot/share/prims/jni.cpp, line 516]
Event: 5.779 Thread 0x000000012f087800 Exception <a 'java/lang/UnsatisfiedLinkError'{0x000000070ff70230}: 'boolean com.sun.media.jfxmediaimpl.NativeAudioClip.nacInit()'> (0x000000070ff70230) 
thrown [src/hotspot/share/prims/nativeLookup.cpp, line 543]
Event: 6.650 Thread 0x000000012f087800 Exception <a 'java/lang/NoSuchMethodError'{0x000000070ebacd48}: 'java.lang.Object java.lang.invoke.DirectMethodHandle$Holder.newInvokeSpecial(java.lang.Object, java.lang.Object, int, int, int, int, int, java.lang.Object)'> (0x000000070ebacd48) 
thrown [src/hotspot/share/interpreter/linkResolver.cpp, line 759]
Event: 6.652 Thread 0x000000012f087800 Exception <a 'java/lang/NoSuchMethodError'{0x000000070ebbfd28}: 'java.lang.Object java.lang.invoke.DirectMethodHandle$Holder.newInvokeSpecial(java.lang.Object, java.lang.Object, java.lang.Object, int, int, int, int, int)'> (0x000000070ebbfd28) 
thrown [src/hotspot/share/interpreter/linkResolver.cpp, line 759]
Event: 6.652 Thread 0x000000012f087800 Exception <a 'java/lang/NoSuchMethodError'{0x000000070ebc7588}: 'java.lang.Object java.lang.invoke.Invokers$Holder.linkToTargetMethod(java.lang.Object, java.lang.Object, int, int, int, int, int, java.lang.Object)'> (0x000000070ebc7588) 
thrown [src/hotspot/share/interpreter/linkResolver.cpp, line 759]
Event: 9.687 Thread 0x000000012f087800 Implicit null exception at 0x0000000113f1a098 to 0x0000000113f1bfc0
Event: 10.259 Thread 0x000000012f087800 Exception <a 'java/lang/NoSuchMethodError'{0x0000000703359160}: 'long java.lang.invoke.DirectMethodHandle$Holder.invokeStatic(java.lang.Object, java.lang.Object)'> (0x0000000703359160) 
thrown [src/hotspot/share/interpreter/linkResolver.cpp, line 759]
Event: 10.992 Thread 0x000000012e0ed800 Implicit null exception at 0x00000001140115a0 to 0x0000000114011da4
Event: 11.002 Thread 0x000000012e0ed800 Implicit null exception at 0x0000000114070640 to 0x0000000114072180

VM Operations (20 events):
Event: 7.505 Executing VM operation: G1Concurrent
Event: 7.505 Executing VM operation: G1Concurrent done
Event: 8.303 Executing VM operation: G1CollectForAllocation
Event: 8.303 Executing VM operation: G1CollectForAllocation done
Event: 8.411 Executing VM operation: ICBufferFull
Event: 8.411 Executing VM operation: ICBufferFull done
Event: 8.667 Executing VM operation: HandshakeAllThreads
Event: 8.667 Executing VM operation: HandshakeAllThreads done
Event: 8.684 Executing VM operation: HandshakeAllThreads
Event: 8.684 Executing VM operation: HandshakeAllThreads done
Event: 8.695 Executing VM operation: HandshakeAllThreads
Event: 8.695 Executing VM operation: HandshakeAllThreads done
Event: 9.686 Executing VM operation: ICBufferFull
Event: 9.686 Executing VM operation: ICBufferFull done
Event: 10.689 Executing VM operation: Cleanup
Event: 10.689 Executing VM operation: Cleanup done
Event: 10.851 Executing VM operation: G1CollectForAllocation
Event: 10.852 Executing VM operation: G1CollectForAllocation done
Event: 11.331 Executing VM operation: ICBufferFull
Event: 11.331 Executing VM operation: ICBufferFull done

Events (20 events):
Event: 10.260 loading class java/util/stream/Node$OfLong done
Event: 10.260 loading class java/util/stream/Nodes$EmptyNode$OfLong done
Event: 10.260 loading class java/util/stream/Nodes$EmptyNode$OfDouble
Event: 10.260 loading class java/util/stream/Node$OfDouble
Event: 10.260 loading class java/util/stream/Node$OfDouble done
Event: 10.260 loading class java/util/stream/Nodes$EmptyNode$OfDouble done
Event: 10.260 loading class java/util/stream/Nodes$LongFixedNodeBuilder
Event: 10.260 loading class java/util/stream/Node$Builder$OfLong
Event: 10.260 loading class java/util/stream/Node$Builder
Event: 10.260 loading class java/util/stream/Node$Builder done
Event: 10.260 loading class java/util/stream/Sink$OfLong
Event: 10.260 loading class java/util/stream/Sink$OfLong done
Event: 10.261 loading class java/util/stream/Node$Builder$OfLong done
Event: 10.261 loading class java/util/stream/Nodes$LongArrayNode
Event: 10.261 loading class java/util/stream/Nodes$LongArrayNode done
Event: 10.261 loading class java/util/stream/Nodes$LongFixedNodeBuilder done
Event: 10.261 loading class java/util/stream/ReferencePipeline$5$1
Event: 10.261 loading class java/util/stream/ReferencePipeline$5$1 done
Event: 10.994 loading class jdk/internal/access/foreign/MemorySegmentProxy
Event: 10.994 loading class jdk/internal/access/foreign/MemorySegmentProxy done


Dynamic libraries:
0x00000001027c8000 	/Users/meo/Library/Java/JavaVirtualMachines/corretto-17.0.6/Contents/Home/lib/libjli.dylib
0x00000001b9914000 	/System/Library/Frameworks/Cocoa.framework/Versions/A/Cocoa
0x00000001a5738000 	/System/Library/Frameworks/AppKit.framework/Versions/C/AppKit
0x00000001a80e0000 	/System/Library/Frameworks/CoreData.framework/Versions/A/CoreData
0x00000001a3399000 	/System/Library/Frameworks/Foundation.framework/Versions/C/Foundation
0x00000001adac4000 	/usr/lib/libSystem.B.dylib
0x00000001a6644000 	/System/Library/PrivateFrameworks/UIFoundation.framework/Versions/A/UIFoundation
0x000000020ebc9000 	/System/Library/PrivateFrameworks/CollectionViewCore.framework/Versions/A/CollectionViewCore
0x00000001b3d80000 	/System/Library/PrivateFrameworks/RemoteViewServices.framework/Versions/A/RemoteViewServices
0x00000001abee6000 	/System/Library/PrivateFrameworks/XCTTargetBootstrap.framework/Versions/A/XCTTargetBootstrap
0x00000001af85a000 	/System/Library/PrivateFrameworks/InternationalSupport.framework/Versions/A/InternationalSupport
0x00000001af8e1000 	/System/Library/PrivateFrameworks/UserActivity.framework/Versions/A/UserActivity
0x0000000225de2000 	/System/Library/PrivateFrameworks/WindowManagement.framework/Versions/A/WindowManagement
0x00000001a3062000 	/System/Library/Frameworks/SystemConfiguration.framework/Versions/A/SystemConfiguration
0x00000001aed5e000 	/usr/lib/libspindump.dylib
0x00000001a67ea000 	/System/Library/Frameworks/UniformTypeIdentifiers.framework/Versions/A/UniformTypeIdentifiers
0x00000001aa1f9000 	/usr/lib/libapp_launch_measurement.dylib
0x00000001a96a7000 	/System/Library/PrivateFrameworks/CoreAnalytics.framework/Versions/A/CoreAnalytics
0x00000001aa200000 	/System/Library/PrivateFrameworks/CoreAutoLayout.framework/Versions/A/CoreAutoLayout
0x00000001ab6f4000 	/System/Library/Frameworks/Metal.framework/Versions/A/Metal
0x00000001ac645000 	/usr/lib/liblangid.dylib
0x00000001abeec000 	/System/Library/PrivateFrameworks/CoreSVG.framework/Versions/A/CoreSVG
0x00000001a7112000 	/System/Library/PrivateFrameworks/SkyLight.framework/Versions/A/SkyLight
0x00000001a752a000 	/System/Library/Frameworks/CoreGraphics.framework/Versions/A/CoreGraphics
0x00000001b444b000 	/System/Library/Frameworks/Accelerate.framework/Versions/A/Accelerate
0x00000001ae7cc000 	/System/Library/PrivateFrameworks/IconServices.framework/Versions/A/IconServices
0x00000001ab6d4000 	/System/Library/Frameworks/IOSurface.framework/Versions/A/IOSurface
0x00000001a96d5000 	/usr/lib/libDiagnosticMessagesClient.dylib
0x00000001ada0a000 	/usr/lib/libz.1.dylib
0x00000001b76e7000 	/System/Library/Frameworks/ApplicationServices.framework/Versions/A/ApplicationServices
0x00000001abece000 	/System/Library/PrivateFrameworks/DFRFoundation.framework/Versions/A/DFRFoundation
0x00000001a4fb6000 	/usr/lib/libicucore.A.dylib
0x00000001b07eb000 	/System/Library/Frameworks/AudioToolbox.framework/Versions/A/AudioToolbox
0x00000001af865000 	/System/Library/PrivateFrameworks/DataDetectorsCore.framework/Versions/A/DataDetectorsCore
0x00000001c69f3000 	/System/Library/PrivateFrameworks/TextInput.framework/Versions/A/TextInput
0x00000001a7077000 	/usr/lib/libMobileGestalt.dylib
0x00000001abb9a000 	/System/Library/Frameworks/Carbon.framework/Versions/A/Frameworks/HIToolbox.framework/Versions/A/HIToolbox
0x00000001a9b80000 	/System/Library/Frameworks/QuartzCore.framework/Versions/A/QuartzCore
0x00000001a4c11000 	/System/Library/Frameworks/Security.framework/Versions/A/Security
0x00000001b3dc0000 	/System/Library/Frameworks/Carbon.framework/Versions/A/Frameworks/SpeechRecognition.framework/Versions/A/SpeechRecognition
0x00000001a9f38000 	/System/Library/PrivateFrameworks/CoreUI.framework/Versions/A/CoreUI
0x00000001a4509000 	/System/Library/Frameworks/CoreAudio.framework/Versions/A/CoreAudio
0x00000001a97b1000 	/System/Library/Frameworks/DiskArbitration.framework/Versions/A/DiskArbitration
0x00000001af192000 	/System/Library/PrivateFrameworks/MultitouchSupport.framework/Versions/A/MultitouchSupport
0x00000001a7075000 	/usr/lib/libenergytrace.dylib
0x00000001a55fb000 	/System/Library/Frameworks/IOKit.framework/Versions/A/IOKit
0x00000001b41a7000 	/System/Library/Frameworks/CoreServices.framework/Versions/A/CoreServices
0x00000001aa186000 	/System/Library/PrivateFrameworks/PerformanceAnalysis.framework/Versions/A/PerformanceAnalysis
0x00000001f1953000 	/System/Library/Frameworks/OpenGL.framework/Versions/A/OpenGL
0x00000001aa24a000 	/usr/lib/libxml2.2.dylib
0x00000001ad019000 	/System/Library/PrivateFrameworks/MobileKeyBag.framework/Versions/A/MobileKeyBag
0x00000001a2098000 	/usr/lib/libobjc.A.dylib
0x00000001a234e000 	/usr/lib/libc++.1.dylib
0x00000001a7b75000 	/System/Library/Frameworks/ColorSync.framework/Versions/A/ColorSync
0x00000001a246c000 	/System/Library/Frameworks/CoreFoundation.framework/Versions/A/CoreFoundation
0x00000001ac266000 	/System/Library/Frameworks/CoreImage.framework/Versions/A/CoreImage
0x00000001a432a000 	/System/Library/Frameworks/CoreText.framework/Versions/A/CoreText
0x00000001abf25000 	/System/Library/Frameworks/ImageIO.framework/Versions/A/ImageIO
0x00000001adaca000 	/System/Library/PrivateFrameworks/SoftLinking.framework/Versions/A/SoftLinking
0x00000001add5e000 	/usr/lib/libcompression.dylib
0x00000001af7b6000 	/System/Library/PrivateFrameworks/TextureIO.framework/Versions/A/TextureIO
0x00000001ae49e000 	/usr/lib/libate.dylib
0x00000001adabe000 	/usr/lib/system/libcache.dylib
0x00000001ada77000 	/usr/lib/system/libcommonCrypto.dylib
0x00000001adaa5000 	/usr/lib/system/libcompiler_rt.dylib
0x00000001ada9b000 	/usr/lib/system/libcopyfile.dylib
0x00000001a21cc000 	/usr/lib/system/libcorecrypto.dylib
0x00000001a2282000 	/usr/lib/system/libdispatch.dylib
0x00000001a2414000 	/usr/lib/system/libdyld.dylib
0x00000001adab4000 	/usr/lib/system/libkeymgr.dylib
0x00000001ada55000 	/usr/lib/system/libmacho.dylib
0x00000001ad113000 	/usr/lib/system/libquarantine.dylib
0x00000001adab1000 	/usr/lib/system/libremovefile.dylib
0x00000001a70dc000 	/usr/lib/system/libsystem_asl.dylib
0x00000001a2169000 	/usr/lib/system/libsystem_blocks.dylib
0x00000001a22cd000 	/usr/lib/system/libsystem_c.dylib
0x00000001adaa9000 	/usr/lib/system/libsystem_collections.dylib
0x00000001ac633000 	/usr/lib/system/libsystem_configuration.dylib
0x00000001ab6a2000 	/usr/lib/system/libsystem_containermanager.dylib
0x00000001ad754000 	/usr/lib/system/libsystem_coreservices.dylib
0x00000001a526d000 	/usr/lib/system/libsystem_darwin.dylib
0x00000001adab5000 	/usr/lib/system/libsystem_dnssd.dylib
0x00000001a22ca000 	/usr/lib/system/libsystem_featureflags.dylib
0x00000001a2440000 	/usr/lib/system/libsystem_info.dylib
0x00000001ada1c000 	/usr/lib/system/libsystem_m.dylib
0x00000001a2256000 	/usr/lib/system/libsystem_malloc.dylib
0x00000001a705c000 	/usr/lib/system/libsystem_networkextension.dylib
0x00000001a56d7000 	/usr/lib/system/libsystem_notify.dylib
0x00000001ac638000 	/usr/lib/system/libsystem_sandbox.dylib
0x00000001adaae000 	/usr/lib/system/libsystem_secinit.dylib
0x00000001a23cd000 	/usr/lib/system/libsystem_kernel.dylib
0x00000001a2438000 	/usr/lib/system/libsystem_platform.dylib
0x00000001a2407000 	/usr/lib/system/libsystem_pthread.dylib
0x00000001a88b1000 	/usr/lib/system/libsystem_symptoms.dylib
0x00000001a21b2000 	/usr/lib/system/libsystem_trace.dylib
0x00000001ada88000 	/usr/lib/system/libunwind.dylib
0x00000001a216e000 	/usr/lib/system/libxpc.dylib
0x00000001a23b5000 	/usr/lib/libc++abi.dylib
0x00000001ada93000 	/usr/lib/liboah.dylib
0x00000001ae35b000 	/usr/lib/liblzma.5.dylib
0x00000001adac6000 	/usr/lib/libfakelink.dylib
0x00000001a6c9a000 	/System/Library/Frameworks/CFNetwork.framework/Versions/A/CFNetwork
0x00000001adc05000 	/usr/lib/libarchive.2.dylib
0x00000001b20fa000 	/System/Library/Frameworks/Combine.framework/Versions/A/Combine
0x00000001b01b5000 	/usr/lib/swift/libswiftCore.dylib
0x00000001c3ac8000 	/usr/lib/swift/libswiftCoreFoundation.dylib
0x00000001c1985000 	/usr/lib/swift/libswiftDarwin.dylib
0x00000001b56c0000 	/usr/lib/swift/libswiftDispatch.dylib
0x00000001c3ae9000 	/usr/lib/swift/libswiftIOKit.dylib
0x00000001b7b12000 	/usr/lib/swift/libswiftObjectiveC.dylib
0x00000001c3adc000 	/usr/lib/swift/libswiftXPC.dylib
0x000000022c61a000 	/usr/lib/swift/libswift_Concurrency.dylib
0x000000022c76c000 	/usr/lib/swift/libswift_StringProcessing.dylib
0x00000001b7b16000 	/usr/lib/swift/libswiftos.dylib
0x00000001a5580000 	/System/Library/PrivateFrameworks/CoreServicesInternal.framework/Versions/A/CoreServicesInternal
0x00000001ad13e000 	/usr/lib/libbsm.0.dylib
0x00000001ada5b000 	/usr/lib/system/libkxld.dylib
0x00000001aa1c2000 	/System/Library/Frameworks/CoreServices.framework/Versions/A/Frameworks/FSEvents.framework/Versions/A/FSEvents
0x00000001a5278000 	/System/Library/Frameworks/CoreServices.framework/Versions/A/Frameworks/CarbonCore.framework/Versions/A/CarbonCore
0x00000001a9718000 	/System/Library/Frameworks/CoreServices.framework/Versions/A/Frameworks/Metadata.framework/Versions/A/Metadata
0x00000001ad75a000 	/System/Library/Frameworks/CoreServices.framework/Versions/A/Frameworks/OSServices.framework/Versions/A/OSServices
0x00000001adc8c000 	/System/Library/Frameworks/CoreServices.framework/Versions/A/Frameworks/SearchKit.framework/Versions/A/SearchKit
0x00000001a8834000 	/System/Library/Frameworks/CoreServices.framework/Versions/A/Frameworks/AE.framework/Versions/A/AE
0x00000001a2944000 	/System/Library/Frameworks/CoreServices.framework/Versions/A/Frameworks/LaunchServices.framework/Versions/A/LaunchServices
0x00000001ae304000 	/System/Library/Frameworks/CoreServices.framework/Versions/A/Frameworks/DictionaryServices.framework/Versions/A/DictionaryServices
0x00000001aa1cf000 	/System/Library/Frameworks/CoreServices.framework/Versions/A/Frameworks/SharedFileList.framework/Versions/A/SharedFileList
0x00000001add2b000 	/usr/lib/libapple_nghttp2.dylib
0x00000001a6c96000 	/usr/lib/libnetwork.dylib
0x00000001a84b8000 	/usr/lib/libsqlite3.dylib
0x00000001a88ba000 	/System/Library/Frameworks/Network.framework/Versions/A/Network
0x000000022b767000 	/usr/lib/libCoreEntitlements.dylib
0x00000002181d4000 	/System/Library/PrivateFrameworks/MessageSecurity.framework/Versions/A/MessageSecurity
0x00000001a849e000 	/System/Library/PrivateFrameworks/ProtocolBuffer.framework/Versions/A/ProtocolBuffer
0x00000001ad736000 	/System/Library/PrivateFrameworks/AppleFSCompression.framework/Versions/A/AppleFSCompression
0x00000001ad126000 	/usr/lib/libcoretls.dylib
0x00000001ae374000 	/usr/lib/libcoretls_cfhelpers.dylib
0x00000001add58000 	/usr/lib/libpam.2.dylib
0x00000001ae3dc000 	/usr/lib/libxar.1.dylib
0x00000001ae7a7000 	/usr/lib/libheimdal-asn1.dylib
0x00000001adacb000 	/usr/lib/libpcap.A.dylib
0x00000001a88a7000 	/usr/lib/libdns_services.dylib
0x00000001ac640000 	/System/Library/PrivateFrameworks/AppleSystemInfo.framework/Versions/A/AppleSystemInfo
0x00000001ace1a000 	/System/Library/PrivateFrameworks/IOMobileFramebuffer.framework/Versions/A/IOMobileFramebuffer
0x00000001ad747000 	/usr/lib/libbz2.1.0.dylib
0x00000001ad116000 	/usr/lib/libCheckFix.dylib
0x00000001a70f4000 	/System/Library/PrivateFrameworks/TCC.framework/Versions/A/TCC
0x00000001ac647000 	/System/Library/PrivateFrameworks/CoreNLP.framework/Versions/A/CoreNLP
0x00000001a96d7000 	/System/Library/PrivateFrameworks/MetadataUtilities.framework/Versions/A/MetadataUtilities
0x00000001ad14f000 	/usr/lib/libmecab.dylib
0x00000001a30ec000 	/usr/lib/libCRFSuite.dylib
0x00000001ad1ac000 	/usr/lib/libgermantok.dylib
0x00000001add04000 	/usr/lib/libThaiTokenizer.dylib
0x00000001a97ba000 	/System/Library/Frameworks/Accelerate.framework/Versions/A/Frameworks/vImage.framework/Versions/A/vImage
0x00000001b417e000 	/System/Library/Frameworks/Accelerate.framework/Versions/A/Frameworks/vecLib.framework/Versions/A/vecLib
0x00000001ae422000 	/System/Library/Frameworks/Accelerate.framework/Versions/A/Frameworks/vecLib.framework/Versions/A/libvMisc.dylib
0x00000001acd1a000 	/System/Library/Frameworks/Accelerate.framework/Versions/A/Frameworks/vecLib.framework/Versions/A/libvDSP.dylib
0x00000001a2cf8000 	/System/Library/Frameworks/Accelerate.framework/Versions/A/Frameworks/vecLib.framework/Versions/A/libBLAS.dylib
0x00000001ade30000 	/System/Library/Frameworks/Accelerate.framework/Versions/A/Frameworks/vecLib.framework/Versions/A/libLAPACK.dylib
0x00000001ad1af000 	/System/Library/Frameworks/Accelerate.framework/Versions/A/Frameworks/vecLib.framework/Versions/A/libLinearAlgebra.dylib
0x00000001add43000 	/System/Library/Frameworks/Accelerate.framework/Versions/A/Frameworks/vecLib.framework/Versions/A/libSparseBLAS.dylib
0x00000001ade2b000 	/System/Library/Frameworks/Accelerate.framework/Versions/A/Frameworks/vecLib.framework/Versions/A/libQuadrature.dylib
0x00000001ac740000 	/System/Library/Frameworks/Accelerate.framework/Versions/A/Frameworks/vecLib.framework/Versions/A/libBNNS.dylib
0x00000001a2ffb000 	/System/Library/Frameworks/Accelerate.framework/Versions/A/Frameworks/vecLib.framework/Versions/A/libSparse.dylib
0x000000021750a000 	/System/Library/PrivateFrameworks/MIL.framework/Versions/A/MIL
0x00000001adb00000 	/usr/lib/libiconv.2.dylib
0x00000001ada54000 	/usr/lib/libcharset.1.dylib
0x00000001aa1a2000 	/System/Library/Frameworks/OpenDirectory.framework/Versions/A/Frameworks/CFOpenDirectory.framework/Versions/A/CFOpenDirectory
0x00000001aa192000 	/System/Library/Frameworks/OpenDirectory.framework/Versions/A/OpenDirectory
0x00000001ae376000 	/System/Library/PrivateFrameworks/APFS.framework/Versions/A/APFS
0x00000001ad050000 	/System/Library/Frameworks/SecurityFoundation.framework/Versions/A/SecurityFoundation
0x00000001ae3eb000 	/usr/lib/libutil.dylib
0x000000021657f000 	/System/Library/PrivateFrameworks/InstalledContentLibrary.framework/Versions/A/InstalledContentLibrary
0x00000001a55be000 	/System/Library/PrivateFrameworks/CoreServicesStore.framework/Versions/A/CoreServicesStore
0x000000020d57a000 	/System/Library/PrivateFrameworks/AppleMobileFileIntegrity.framework/Versions/A/AppleMobileFileIntegrity
0x00000001c3aa7000 	/usr/lib/libmis.dylib
0x00000001d1a08000 	/System/Library/PrivateFrameworks/MobileSystemServices.framework/Versions/A/MobileSystemServices
0x00000001ec245000 	/System/Library/PrivateFrameworks/ConfigProfileHelper.framework/Versions/A/ConfigProfileHelper
0x00000001add06000 	/System/Library/PrivateFrameworks/AppleSauce.framework/Versions/A/AppleSauce
0x00000001a3dd3000 	/System/Library/PrivateFrameworks/LanguageModeling.framework/Versions/A/LanguageModeling
0x00000001ae3ef000 	/usr/lib/libxslt.1.dylib
0x00000001adbf3000 	/usr/lib/libcmph.dylib
0x00000001ace07000 	/System/Library/PrivateFrameworks/CoreEmoji.framework/Versions/A/CoreEmoji
0x00000001ac73a000 	/System/Library/PrivateFrameworks/LinguisticData.framework/Versions/A/LinguisticData
0x00000001a2fb3000 	/System/Library/PrivateFrameworks/Lexicon.framework/Versions/A/Lexicon
0x00000001ad0e3000 	/System/Library/PrivateFrameworks/BackgroundTaskManagement.framework/Versions/A/BackgroundTaskManagement
0x000000022b90a000 	/usr/lib/libTLE.dylib
0x000000022c6b7000 	/usr/lib/swift/libswift_RegexParser.dylib
0x00000001af057000 	/System/Library/PrivateFrameworks/AppleJPEG.framework/Versions/A/AppleJPEG
0x00000001ae78c000 	/usr/lib/libexpat.1.dylib
0x00000001af618000 	/System/Library/Frameworks/ImageIO.framework/Versions/A/Resources/libPng.dylib
0x00000001af643000 	/System/Library/Frameworks/ImageIO.framework/Versions/A/Resources/libTIFF.dylib
0x00000001af72c000 	/System/Library/Frameworks/ImageIO.framework/Versions/A/Resources/libGIF.dylib
0x00000001af09c000 	/System/Library/Frameworks/ImageIO.framework/Versions/A/Resources/libJP2.dylib
0x00000001af6d0000 	/System/Library/Frameworks/ImageIO.framework/Versions/A/Resources/libJPEG.dylib
0x00000001af6c7000 	/System/Library/Frameworks/ImageIO.framework/Versions/A/Resources/libRadiance.dylib
0x00000001aba23000 	/System/Library/PrivateFrameworks/FontServices.framework/libFontParser.dylib
0x00000001a87d6000 	/System/Library/PrivateFrameworks/RunningBoardServices.framework/Versions/A/RunningBoardServices
0x00000001ba046000 	/System/Library/PrivateFrameworks/IOSurfaceAccelerator.framework/Versions/A/IOSurfaceAccelerator
0x00000001af18e000 	/System/Library/PrivateFrameworks/WatchdogClient.framework/Versions/A/WatchdogClient
0x00000001a3f4c000 	/System/Library/Frameworks/CoreDisplay.framework/Versions/A/CoreDisplay
0x00000001ab8fd000 	/System/Library/Frameworks/CoreMedia.framework/Versions/A/CoreMedia
0x00000001ab6ea000 	/System/Library/PrivateFrameworks/IOAccelerator.framework/Versions/A/IOAccelerator
0x00000001aa333000 	/System/Library/Frameworks/CoreVideo.framework/Versions/A/CoreVideo
0x00000001add56000 	/System/Library/Frameworks/MetalPerformanceShaders.framework/Versions/A/MetalPerformanceShaders
0x00000001af1cd000 	/System/Library/Frameworks/VideoToolbox.framework/Versions/A/VideoToolbox
0x00000001a8719000 	/System/Library/PrivateFrameworks/BaseBoard.framework/Versions/A/BaseBoard
0x00000001af6c2000 	/System/Library/PrivateFrameworks/GPUWrangler.framework/Versions/A/GPUWrangler
0x00000001af6a2000 	/System/Library/PrivateFrameworks/IOPresentment.framework/Versions/A/IOPresentment
0x00000001af6ca000 	/System/Library/PrivateFrameworks/DSExternalDisplay.framework/Versions/A/DSExternalDisplay
0x0000000212d28000 	/System/Library/PrivateFrameworks/GPUCompiler.framework/Versions/31001/Libraries/libllvm-flatbuffers.dylib
0x00000001f1946000 	/System/Library/Frameworks/OpenGL.framework/Versions/A/Libraries/libCoreFSCache.dylib
0x0000000212d24000 	/System/Library/PrivateFrameworks/GPUCompiler.framework/Versions/31001/Libraries/libGPUCompilerUtils.dylib
0x00000001af732000 	/System/Library/PrivateFrameworks/CMCaptureCore.framework/Versions/A/CMCaptureCore
0x0000000207683000 	/System/Library/Frameworks/ExtensionFoundation.framework/Versions/A/ExtensionFoundation
0x00000001b5e67000 	/System/Library/PrivateFrameworks/CoreTime.framework/Versions/A/CoreTime
0x00000001aed49000 	/System/Library/PrivateFrameworks/AppServerSupport.framework/Versions/A/AppServerSupport
0x00000001b10cd000 	/System/Library/PrivateFrameworks/perfdata.framework/Versions/A/perfdata
0x00000001a406c000 	/System/Library/PrivateFrameworks/AudioToolboxCore.framework/Versions/A/AudioToolboxCore
0x00000001ab8d3000 	/System/Library/PrivateFrameworks/caulk.framework/Versions/A/caulk
0x00000001b098a000 	/usr/lib/libAudioStatistics.dylib
0x00000001c2ecd000 	/System/Library/PrivateFrameworks/SystemPolicy.framework/Versions/A/SystemPolicy
0x00000001b0c2c000 	/usr/lib/libSMC.dylib
0x00000001b97e9000 	/System/Library/Frameworks/CoreMIDI.framework/Versions/A/CoreMIDI
0x00000001af5e5000 	/usr/lib/libAudioToolboxUtility.dylib
0x00000001bec40000 	/System/Library/PrivateFrameworks/OSAServicesClient.framework/Versions/A/OSAServicesClient
0x00000001b10da000 	/usr/lib/libperfcheck.dylib
0x00000001ae677000 	/System/Library/PrivateFrameworks/PlugInKit.framework/Versions/A/PlugInKit
0x00000001ad042000 	/System/Library/PrivateFrameworks/AssertionServices.framework/Versions/A/AssertionServices
0x00000001f19a8000 	/System/Library/Frameworks/OpenGL.framework/Versions/A/Libraries/libGLU.dylib
0x00000001f1967000 	/System/Library/Frameworks/OpenGL.framework/Versions/A/Libraries/libGFXShared.dylib
0x00000001f1b4e000 	/System/Library/Frameworks/OpenGL.framework/Versions/A/Libraries/libGL.dylib
0x00000001f1970000 	/System/Library/Frameworks/OpenGL.framework/Versions/A/Libraries/libGLImage.dylib
0x00000001f1964000 	/System/Library/Frameworks/OpenGL.framework/Versions/A/Libraries/libCVMSPluginSupport.dylib
0x000000022b8e9000 	/usr/lib/libRosetta.dylib
0x00000001f194d000 	/System/Library/Frameworks/OpenGL.framework/Versions/A/Libraries/libCoreVMClient.dylib
0x00000001ac5b8000 	/System/Library/Frameworks/MetalPerformanceShaders.framework/Versions/A/Frameworks/MPSCore.framework/Versions/A/MPSCore
0x00000001ad6ac000 	/System/Library/Frameworks/MetalPerformanceShaders.framework/Versions/A/Frameworks/MPSImage.framework/Versions/A/MPSImage
0x00000001ad1c4000 	/System/Library/Frameworks/MetalPerformanceShaders.framework/Versions/A/Frameworks/MPSNeuralNetwork.framework/Versions/A/MPSNeuralNetwork
0x00000001ad5b0000 	/System/Library/Frameworks/MetalPerformanceShaders.framework/Versions/A/Frameworks/MPSMatrix.framework/Versions/A/MPSMatrix
0x00000001ad3c2000 	/System/Library/Frameworks/MetalPerformanceShaders.framework/Versions/A/Frameworks/MPSRayIntersector.framework/Versions/A/MPSRayIntersector
0x00000001ad5df000 	/System/Library/Frameworks/MetalPerformanceShaders.framework/Versions/A/Frameworks/MPSNDArray.framework/Versions/A/MPSNDArray
0x0000000208a51000 	/System/Library/Frameworks/MetalPerformanceShaders.framework/Versions/A/Frameworks/MPSFunctions.framework/Versions/A/MPSFunctions
0x00000001a2bbe000 	/System/Library/PrivateFrameworks/MetalTools.framework/Versions/A/MetalTools
0x00000001ac63e000 	/System/Library/PrivateFrameworks/AggregateDictionary.framework/Versions/A/AggregateDictionary
0x00000001ae530000 	/usr/lib/libIOReport.dylib
0x00000001b89d6000 	/System/Library/PrivateFrameworks/ASEProcessing.framework/Versions/A/ASEProcessing
0x00000001ae8e7000 	/System/Library/PrivateFrameworks/GraphVisualizer.framework/Versions/A/GraphVisualizer
0x0000000212c45000 	/System/Library/PrivateFrameworks/FontServices.framework/Versions/A/FontServices
0x00000001aed07000 	/System/Library/PrivateFrameworks/OTSVG.framework/Versions/A/OTSVG
0x00000001a9ee6000 	/System/Library/Frameworks/ApplicationServices.framework/Versions/A/Frameworks/ATS.framework/Versions/A/Resources/libFontRegistry.dylib
0x00000001aed53000 	/System/Library/PrivateFrameworks/FontServices.framework/libhvf.dylib
0x0000000212c46000 	/System/Library/PrivateFrameworks/FontServices.framework/libXTFontStaticRegistryData.dylib
0x0000000224ae2000 	/System/Library/PrivateFrameworks/VideoToolboxParavirtualizationSupport.framework/Versions/A/VideoToolboxParavirtualizationSupport
0x00000001ae740000 	/System/Library/PrivateFrameworks/AppleVA.framework/Versions/A/AppleVA
0x00000001b09ca000 	/System/Library/Frameworks/ApplicationServices.framework/Versions/A/Frameworks/ATS.framework/Versions/A/ATS
0x00000001a7c68000 	/System/Library/Frameworks/ApplicationServices.framework/Versions/A/Frameworks/HIServices.framework/Versions/A/HIServices
0x00000001af73e000 	/System/Library/Frameworks/ApplicationServices.framework/Versions/A/Frameworks/PrintCore.framework/Versions/A/PrintCore
0x00000001b0d85000 	/System/Library/Frameworks/ApplicationServices.framework/Versions/A/Frameworks/QD.framework/Versions/A/QD
0x00000001b0d79000 	/System/Library/Frameworks/ApplicationServices.framework/Versions/A/Frameworks/ColorSyncLegacy.framework/Versions/A/ColorSyncLegacy
0x00000001b099e000 	/System/Library/Frameworks/ApplicationServices.framework/Versions/A/Frameworks/SpeechSynthesis.framework/Versions/A/SpeechSynthesis
0x00000001af6fc000 	/System/Library/Frameworks/ApplicationServices.framework/Versions/A/Frameworks/ATSUI.framework/Versions/A/ATSUI
0x00000001b0d0c000 	/usr/lib/libcups.2.dylib
0x00000001b10e8000 	/System/Library/Frameworks/Kerberos.framework/Versions/A/Kerberos
0x00000001b10f9000 	/System/Library/Frameworks/GSS.framework/Versions/A/GSS
0x00000001b0a3c000 	/usr/lib/libresolv.9.dylib
0x00000001aed63000 	/System/Library/PrivateFrameworks/Heimdal.framework/Versions/A/Heimdal
0x00000001b7a94000 	/System/Library/Frameworks/Kerberos.framework/Versions/A/Libraries/libHeimdalProxy.dylib
0x00000001b1149000 	/System/Library/PrivateFrameworks/CommonAuth.framework/Versions/A/CommonAuth
0x00000002068bd000 	/System/Library/Frameworks/AVFAudio.framework/Versions/A/AVFAudio
0x00000001bec8f000 	/System/Library/PrivateFrameworks/AXCoreUtilities.framework/Versions/A/AXCoreUtilities
0x00000001b0916000 	/System/Library/PrivateFrameworks/AudioSession.framework/Versions/A/AudioSession
0x00000001b1eb1000 	/System/Library/Frameworks/IOBluetooth.framework/Versions/A/IOBluetooth
0x00000001ae841000 	/System/Library/PrivateFrameworks/MediaExperience.framework/Versions/A/MediaExperience
0x00000001b07b1000 	/System/Library/PrivateFrameworks/AudioSession.framework/libSessionUtility.dylib
0x00000001b0d91000 	/System/Library/PrivateFrameworks/AudioResourceArbitration.framework/Versions/A/AudioResourceArbitration
0x00000001b4d96000 	/System/Library/PrivateFrameworks/PowerLog.framework/Versions/A/PowerLog
0x00000001b4cd8000 	/System/Library/Frameworks/CoreBluetooth.framework/Versions/A/CoreBluetooth
0x00000001b7a95000 	/System/Library/Frameworks/AudioUnit.framework/Versions/A/AudioUnit
0x00000001acea5000 	/System/Library/PrivateFrameworks/CoreUtils.framework/Versions/A/CoreUtils
0x0000000211646000 	/System/Library/PrivateFrameworks/CoreUtilsExtras.framework/Versions/A/CoreUtilsExtras
0x0000000216419000 	/System/Library/PrivateFrameworks/IO80211.framework/Versions/A/IO80211
0x00000001ae7b1000 	/System/Library/PrivateFrameworks/IconFoundation.framework/Versions/A/IconFoundation
0x00000001b3dac000 	/System/Library/PrivateFrameworks/SpeechRecognitionCore.framework/Versions/A/SpeechRecognitionCore
0x000000010381c000 	/Users/meo/Library/Java/JavaVirtualMachines/corretto-17.0.6/Contents/Home/lib/server/libjvm.dylib
0x0000000102778000 	/Users/meo/Library/Java/JavaVirtualMachines/corretto-17.0.6/Contents/Home/lib/libjimage.dylib
0x000000010282c000 	/Users/meo/Library/Java/JavaVirtualMachines/corretto-17.0.6/Contents/Home/lib/libinstrument.dylib
0x0000000102878000 	/Users/meo/Library/Java/JavaVirtualMachines/corretto-17.0.6/Contents/Home/lib/libjava.dylib
0x000000010332c000 	/Users/meo/Library/Java/JavaVirtualMachines/corretto-17.0.6/Contents/Home/lib/libnio.dylib
0x000000010334c000 	/Users/meo/Library/Java/JavaVirtualMachines/corretto-17.0.6/Contents/Home/lib/libnet.dylib
0x0000000103370000 	/Users/meo/Library/Java/JavaVirtualMachines/corretto-17.0.6/Contents/Home/lib/libzip.dylib
0x000000010285c000 	/Users/meo/.openjfx/cache/18+12/libprism_es2.dylib
0x00000001f1b58000 	/System/Library/Frameworks/OpenGL.framework/Versions/A/Resources/GLEngine.bundle/GLEngine
0x00000001f19e2000 	/System/Library/Frameworks/OpenGL.framework/Versions/A/Libraries/libGLProgrammability.dylib
0x000000011c478000 	/System/Library/Extensions/AppleMetalOpenGLRenderer.bundle/Contents/MacOS/AppleMetalOpenGLRenderer
0x00000001f1cc6000 	/System/Library/Frameworks/OpenGL.framework/Versions/A/Resources/GLRendererFloat.bundle/GLRendererFloat
0x00000001eceb8000 	/System/Library/Extensions/AGXMetalG13X.bundle/Contents/MacOS/AGXMetalG13X
0x00000001c3abb000 	/System/Library/PrivateFrameworks/GPURawCounter.framework/Versions/A/GPURawCounter
0x00000001bdd3a000 	/System/Library/PrivateFrameworks/IOGPU.framework/Versions/A/IOGPU
0x000000011c418000 	/Users/meo/.openjfx/cache/18+12/libglass.dylib
0x00000001b4fe6000 	/System/Library/Frameworks/FileProvider.framework/Versions/A/FileProvider
0x00000001a8681000 	/System/Library/Frameworks/Accounts.framework/Versions/A/Accounts
0x00000001aa3d1000 	/System/Library/PrivateFrameworks/UserManagement.framework/Versions/A/UserManagement
0x00000001b5170000 	/System/Library/PrivateFrameworks/GenerationalStorage.framework/Versions/A/GenerationalStorage
0x00000001b5d8d000 	/System/Library/PrivateFrameworks/CoreSymbolication.framework/Versions/A/CoreSymbolication
0x00000001b4d8a000 	/System/Library/PrivateFrameworks/SymptomDiagnosticReporter.framework/Versions/A/SymptomDiagnosticReporter
0x00000001a6800000 	/System/Library/PrivateFrameworks/DesktopServicesPriv.framework/Versions/A/DesktopServicesPriv
0x00000001a56e7000 	/usr/lib/libsandbox.1.dylib
0x00000001b5d4e000 	/System/Library/PrivateFrameworks/DebugSymbols.framework/Versions/A/DebugSymbols
0x00000001b0d6c000 	/System/Library/PrivateFrameworks/NetAuth.framework/Versions/A/NetAuth
0x00000001b1d25000 	/System/Library/PrivateFrameworks/Sharing.framework/Versions/A/Sharing
0x00000001aa395000 	/System/Library/PrivateFrameworks/login.framework/Versions/A/Frameworks/loginsupport.framework/Versions/A/loginsupport
0x00000001b6f91000 	/System/Library/PrivateFrameworks/Apple80211.framework/Versions/A/Apple80211
0x00000001ad78d000 	/System/Library/PrivateFrameworks/AuthKit.framework/Versions/A/AuthKit
0x00000001ace27000 	/System/Library/Frameworks/CoreWLAN.framework/Versions/A/CoreWLAN
0x00000001b6f95000 	/System/Library/PrivateFrameworks/CoreWiFi.framework/Versions/A/CoreWiFi
0x00000001e5a0c000 	/System/Library/PrivateFrameworks/WiFiPeerToPeer.framework/Versions/A/WiFiPeerToPeer
0x00000001b5906000 	/System/Library/PrivateFrameworks/FrontBoardServices.framework/Versions/A/FrontBoardServices
0x00000001b59a2000 	/System/Library/PrivateFrameworks/BoardServices.framework/Versions/A/BoardServices
0x00000001b7120000 	/System/Library/PrivateFrameworks/BackBoardServices.framework/Versions/A/BackBoardServices
0x00000001ad8f1000 	/System/Library/Frameworks/UserNotifications.framework/Versions/A/UserNotifications
0x00000001b1243000 	/System/Library/PrivateFrameworks/CorePhoneNumbers.framework/Versions/A/CorePhoneNumbers
0x00000001b0a69000 	/System/Library/PrivateFrameworks/MultiverseSupport.framework/Versions/A/MultiverseSupport
0x00000001b73a9000 	/System/Library/PrivateFrameworks/RemoteServiceDiscovery.framework/Versions/A/RemoteServiceDiscovery
0x00000001b4eb6000 	/System/Library/PrivateFrameworks/DiskManagement.framework/Versions/A/DiskManagement
0x00000001b4dbd000 	/System/Library/PrivateFrameworks/AppleIDAuthSupport.framework/Versions/A/AppleIDAuthSupport
0x000000020b8b6000 	/System/Library/PrivateFrameworks/AAAFoundation.framework/Versions/A/AAAFoundation
0x00000001b121b000 	/System/Library/PrivateFrameworks/KeychainCircle.framework/Versions/A/KeychainCircle
0x00000001b73bd000 	/System/Library/PrivateFrameworks/RemoteXPC.framework/Versions/A/RemoteXPC
0x00000001b4e82000 	/System/Library/PrivateFrameworks/MediaKit.framework/Versions/A/MediaKit
0x00000001b4dca000 	/System/Library/Frameworks/DiscRecording.framework/Versions/A/DiscRecording
0x00000001ae6bc000 	/usr/lib/libCoreStorage.dylib
0x00000001b7425000 	/usr/lib/libcsfde.dylib
0x00000001b1f86000 	/System/Library/PrivateFrameworks/ProtectedCloudStorage.framework/Versions/A/ProtectedCloudStorage
0x00000001b741d000 	/System/Library/PrivateFrameworks/EFILogin.framework/Versions/A/EFILogin
0x00000001b5196000 	/System/Library/PrivateFrameworks/OctagonTrust.framework/Versions/A/OctagonTrust
0x00000001ae6b4000 	/usr/lib/libMatch.1.dylib
0x00000001c83d5000 	/System/Library/Frameworks/Accelerate.framework/Versions/A/Frameworks/vImage.framework/Versions/A/Libraries/libCGInterfaces.dylib
0x000000011c7e4000 	/usr/lib/libobjc-trampolines.dylib
0x000000022b63d000 	/usr/lib/libAccessibilityBaseImplementations.dylib
0x00000001aa07e000 	/System/Library/PrivateFrameworks/ViewBridge.framework/Versions/A/ViewBridge
0x000000011f7a4000 	/Users/meo/.openjfx/cache/18+12/libjavafx_font.dylib
0x00000001aee26000 	/System/Library/PrivateFrameworks/login.framework/Versions/A/login
0x00000001714b0000 	/System/Library/Frameworks/FileProvider.framework/OverrideBundles/CloudDocsFileProvider.bundle/Contents/MacOS/CloudDocsFileProvider
0x00000001aa6b5000 	/System/Library/PrivateFrameworks/CloudDocs.framework/Versions/A/CloudDocs
0x00000001b77a9000 	/System/Library/PrivateFrameworks/AppleAccount.framework/Versions/A/AppleAccount
0x00000001aa3fc000 	/System/Library/Frameworks/CloudKit.framework/Versions/A/CloudKit
0x00000001b1f6d000 	/System/Library/PrivateFrameworks/AppContainer.framework/Versions/A/AppContainer
0x00000001b1980000 	/System/Library/PrivateFrameworks/IDS.framework/Versions/A/IDS
0x00000001b78fc000 	/System/Library/PrivateFrameworks/AppleIDSSOAuthentication.framework/Versions/A/AppleIDSSOAuthentication
0x00000001aa398000 	/System/Library/PrivateFrameworks/ApplePushService.framework/Versions/A/ApplePushService
0x00000001b74a6000 	/System/Library/PrivateFrameworks/AppSupport.framework/Versions/A/AppSupport
0x00000001b0703000 	/System/Library/PrivateFrameworks/IMFoundation.framework/Versions/A/IMFoundation
0x00000001be3c5000 	/System/Library/PrivateFrameworks/Marco.framework/Versions/A/Marco
0x00000001b1b09000 	/System/Library/PrivateFrameworks/IDSFoundation.framework/Versions/A/IDSFoundation
0x00000001a86fe000 	/System/Library/PrivateFrameworks/CommonUtilities.framework/Versions/A/CommonUtilities
0x00000001c3658000 	/System/Library/PrivateFrameworks/FTServices.framework/Versions/A/FTServices
0x00000001bb548000 	/System/Library/PrivateFrameworks/Engram.framework/Versions/A/Engram
0x00000001bb4ea000 	/usr/lib/libtidy.A.dylib
0x00000001aefed000 	/System/Library/PrivateFrameworks/Bom.framework/Versions/A/Bom
0x00000001b0a79000 	/usr/lib/libParallelCompression.dylib
0x00000001ae539000 	/System/Library/PrivateFrameworks/CrashReporterSupport.framework/Versions/A/CrashReporterSupport
0x00000001ce6e7000 	/System/Library/PrivateFrameworks/FTAWD.framework/Versions/A/FTAWD
0x00000001d0c7b000 	/System/Library/PrivateFrameworks/OSAnalytics.framework/Versions/A/OSAnalytics
0x00000001dc7ff000 	/System/Library/PrivateFrameworks/Symbolication.framework/Versions/A/Symbolication
0x00000001c3a79000 	/System/Library/PrivateFrameworks/MallocStackLogging.framework/Versions/A/MallocStackLogging
0x000000020aa0d000 	/System/Library/Frameworks/SharedWithYouCore.framework/Versions/A/SharedWithYouCore
0x000000022b74c000 	/usr/lib/libBASupport.dylib
0x00000001c2ccd000 	/System/Library/Frameworks/AVFoundation.framework/Versions/A/AVFoundation
0x00000001b7b4b000 	/System/Library/PrivateFrameworks/C2.framework/Versions/A/C2
0x00000001ab5dc000 	/System/Library/Frameworks/CoreLocation.framework/Versions/A/CoreLocation
0x000000020e458000 	/System/Library/PrivateFrameworks/CloudKitDistributedSync.framework/Versions/A/CloudKitDistributedSync
0x00000001b7b42000 	/System/Library/Frameworks/PushKit.framework/Versions/A/PushKit
0x000000020738c000 	/System/Library/Frameworks/CoreTransferable.framework/Versions/A/CoreTransferable
0x00000001e1622000 	/System/Library/Frameworks/CryptoKit.framework/Versions/A/CryptoKit
0x00000001e597f000 	/System/Library/PrivateFrameworks/FeatureFlags.framework/Versions/A/FeatureFlags
0x00000001d9c00000 	/usr/lib/swift/libswiftAVFoundation.dylib
0x00000001c3abf000 	/usr/lib/swift/libswiftCoreAudio.dylib
0x00000001c83ef000 	/usr/lib/swift/libswiftCoreLocation.dylib
0x00000001c83f2000 	/usr/lib/swift/libswiftCoreMIDI.dylib
0x00000001d8848000 	/usr/lib/swift/libswiftCoreMedia.dylib
0x00000001ce161000 	/usr/lib/swift/libswiftMetal.dylib
0x00000001d15e3000 	/usr/lib/swift/libswiftQuartzCore.dylib
0x00000001d54ad000 	/usr/lib/swift/libswiftUniformTypeIdentifiers.dylib
0x00000001c695a000 	/usr/lib/swift/libswiftsimd.dylib
0x00000001b56d9000 	/System/Library/PrivateFrameworks/AVFCore.framework/Versions/A/AVFCore
0x00000001bcb03000 	/System/Library/PrivateFrameworks/AVFCapture.framework/Versions/A/AVFCapture
0x00000001c1631000 	/System/Library/PrivateFrameworks/AirPlaySync.framework/Versions/A/AirPlaySync
0x00000001af94d000 	/System/Library/Frameworks/MediaToolbox.framework/Versions/A/MediaToolbox
0x00000001b4fb2000 	/System/Library/PrivateFrameworks/CoreAVCHD.framework/Versions/A/CoreAVCHD
0x00000001b4496000 	/System/Library/Frameworks/MediaAccessibility.framework/Versions/A/MediaAccessibility
0x00000001b4fae000 	/System/Library/PrivateFrameworks/Mangrove.framework/Versions/A/Mangrove
0x000000020e0e3000 	/System/Library/PrivateFrameworks/CMPhoto.framework/Versions/A/CMPhoto
0x00000001b4fa2000 	/System/Library/PrivateFrameworks/CoreAUC.framework/Versions/A/CoreAUC
0x000000020e0b4000 	/System/Library/PrivateFrameworks/CMImaging.framework/Versions/A/CMImaging
0x00000001bcc7b000 	/System/Library/PrivateFrameworks/Quagga.framework/Versions/A/Quagga
0x00000001bcd4e000 	/System/Library/PrivateFrameworks/CMCapture.framework/Versions/A/CMCapture
0x00000001b0b39000 	/System/Library/Frameworks/CoreMediaIO.framework/Versions/A/CoreMediaIO
0x00000001c3a0b000 	/System/Library/PrivateFrameworks/LoggingSupport.framework/Versions/A/LoggingSupport
0x00000001b94e3000 	/System/Library/PrivateFrameworks/RTCReporting.framework/Versions/A/RTCReporting
0x00000001b224a000 	/System/Library/PrivateFrameworks/GeoServices.framework/Versions/A/GeoServices
0x00000001b077c000 	/System/Library/PrivateFrameworks/LocationSupport.framework/Versions/A/LocationSupport
0x0000000213868000 	/System/Library/PrivateFrameworks/GeoServicesCore.framework/Versions/A/GeoServicesCore
0x00000001bec84000 	/System/Library/PrivateFrameworks/PhoneNumbers.framework/Versions/A/PhoneNumbers
0x00000001e1423000 	/usr/lib/swift/libswiftNetwork.dylib
0x00000001b7a8e000 	/System/Library/PrivateFrameworks/CryptoKitCBridging.framework/Versions/A/CryptoKitCBridging
0x00000001b5a4c000 	/System/Library/Frameworks/CryptoTokenKit.framework/Versions/A/CryptoTokenKit
0x00000001d8846000 	/usr/lib/swift/libswiftCryptoTokenKit.dylib
0x00000001b5aaa000 	/System/Library/Frameworks/LocalAuthentication.framework/Versions/A/LocalAuthentication
0x00000001b5af4000 	/System/Library/Frameworks/LocalAuthentication.framework/Support/SharedUtils.framework/Versions/A/SharedUtils
0x00000001c197e000 	/usr/lib/swift/libswiftCoreGraphics.dylib
0x00000001b1f82000 	/System/Library/PrivateFrameworks/SecCodeWrapper.framework/Versions/A/SecCodeWrapper
0x00000001714c8000 	/System/Library/Frameworks/FileProvider.framework/OverrideBundles/FileProviderOverride.bundle/Contents/MacOS/FileProviderOverride
0x000000017d9c0000 	/System/Library/Frameworks/FileProvider.framework/OverrideBundles/FinderSyncCollaborationFileProviderOverride.bundle/Contents/MacOS/FinderSyncCollaborationFileProviderOverride
0x00000001d5394000 	/System/Library/PrivateFrameworks/FinderSyncPriv.framework/Versions/A/FinderSyncPriv
0x00000001c144d000 	/usr/lib/libFosl_dynamic.dylib
0x00000001c79cb000 	/usr/lib/libncurses.5.4.dylib
0x0000000289cac000 	/Users/meo/.openjfx/cache/18+12/libglib-lite.dylib
0x000000028a948000 	/Users/meo/.openjfx/cache/18+12/libgstreamer-lite.dylib
0x000000017da80000 	/Users/meo/.openjfx/cache/18+12/libjfxmedia.dylib
0x000000017dabc000 	/Users/meo/.openjfx/cache/18+12/libjfxmedia_avf.dylib
0x000000017dadc000 	/Users/meo/.openjfx/cache/18+12/libfxplugins.dylib
0x000000020af35000 	/System/Library/Frameworks/VideoDecodeAcceleration.framework/Versions/A/VideoDecodeAcceleration
0x000000028a7b0000 	/System/Library/Components/CoreAudio.component/Contents/MacOS/CoreAudio
0x000000028cf8c000 	/System/Library/Components/AudioCodecs.component/Contents/MacOS/AudioCodecs
0x000000020c0e1000 	/System/Library/PrivateFrameworks/AccessibilityBundles.framework/Versions/A/AccessibilityBundles
0x00000001becb2000 	/usr/lib/libAccessibility.dylib
0x00000001b44cc000 	/System/Library/PrivateFrameworks/SystemAdministration.framework/Versions/A/SystemAdministration
0x00000001b3d74000 	/System/Library/Frameworks/DirectoryService.framework/Versions/A/DirectoryService
0x00000001b72b1000 	/System/Library/PrivateFrameworks/DiskImages.framework/Versions/A/DiskImages
0x00000001ad108000 	/System/Library/Frameworks/ServiceManagement.framework/Versions/A/ServiceManagement
0x00000001b749e000 	/System/Library/PrivateFrameworks/LoginUIKit.framework/Versions/A/Frameworks/LoginUICore.framework/Versions/A/LoginUICore
0x00000001aefe9000 	/usr/lib/libodfde.dylib
0x00000001b7431000 	/usr/lib/libcurl.4.dylib
0x000000022bc1b000 	/usr/lib/libcrypto.46.dylib
0x000000022c255000 	/usr/lib/libssl.48.dylib
0x00000001b7143000 	/System/Library/Frameworks/LDAP.framework/Versions/A/LDAP
0x00000001b7183000 	/System/Library/PrivateFrameworks/TrustEvaluationAgent.framework/Versions/A/TrustEvaluationAgent
0x00000001b0a55000 	/usr/lib/libsasl2.2.dylib


VM Arguments:
jvm_args: -javaagent:/Applications/IntelliJ IDEA.app/Contents/lib/idea_rt.jar=49368:/Applications/IntelliJ IDEA.app/Contents/bin -Dfile.encoding=UTF-8 --module-path=/Users/meo/.m2/repository/com/fasterxml/jackson/core/jackson-annotations/2.12.1/jackson-annotations-2.12.1.jar:/Users/meo/.m2/repository/org/openjfx/javafx-base/18/javafx-base-18-mac-aarch64.jar:/Users/meo/.m2/repository/org/openjfx/javafx-media/18/javafx-media-18-mac-aarch64.jar:/Users/meo/.m2/repository/com/fasterxml/jackson/core/jackson-core/2.12.1/jackson-core-2.12.1.jar:/Users/meo/Desktop/CSC1004/javaproject/CSC1004java/target/classes:/Users/meo/.m2/repository/org/jetbrains/kotlin/kotlin-stdlib/1.6.0/kotlin-stdlib-1.6.0-modular.jar:/Users/meo/.m2/repository/org/openjfx/javafx-controls/18/javafx-controls-18-mac-aarch64.jar:/Users/meo/.m2/repository/org/openjfx/javafx-fxml/18/javafx-fxml-18-mac-aarch64.jar:/Users/meo/.m2/repository/com/github/almasb/fxgl-core/17.2/fxgl-core-17.2.jar:/Users/meo/.m2/repository/com/github/almasb/fxgl-io/17.2/fxgl-io-17.2.jar:/Users/meo/.m2/repository/com/gluonhq/attach/util/4.0.13/util-4.0.13.jar:/Users/meo/.m2/repository/com/github/almasb/fxgl-gameplay/17.2/fxgl-gameplay-17.2.jar:/Users/meo/.m2/repository/org/openjfx/javafx-graphics/18/javafx-graphics-18-mac-aarch64.jar:/Users/meo/.m2/repository/org/jetbrains/annotations/13.0/annotations-13.0.jar:/Users/meo/.m2/repository/com/gluonhq/attach/storage/4.0.13/storage-4.0.13.jar:/Users/meo/.m2/repository/com/github/almasb/fxgl/17.2/fxgl-17.2.jar:/Users/meo/.m2/repository/com/gluonhq/attach/audio/4.0.13/audio-4.0.13.jar:/Users/meo/.m2/repository/com/github/almasb/fxgl-scene/17.2/fxgl-scene-17.2.jar:/Users/meo/.m2/repository/com/gluonhq/attach/lifecycle/4.0.13/lifecycle-4.0.13.jar:/Users/meo/.m2/repository/com/fasterxml/jackson/core/jackson-databind/2.12.1/jackson-databind-2.12.1.jar:/Users/meo/.m2/repository/com/github/almasb/fxgl-entity/17.2/fxgl-entity-17.2.jar -Djdk.module.main=CSC1004java 
java_command: CSC1004java/testPackage.McDonalismApp
java_class_path (initial): /Users/meo/.m2/repository/org/openjfx/javafx-fxml/18/javafx-fxml-18.jar:/Users/meo/.m2/repository/org/openjfx/javafx-controls/18/javafx-controls-18.jar:/Users/meo/.m2/repository/org/openjfx/javafx-graphics/18/javafx-graphics-18.jar:/Users/meo/.m2/repository/org/openjfx/javafx-base/18/javafx-base-18.jar:/Users/meo/.m2/repository/org/openjfx/javafx-media/18/javafx-media-18.jar:/Users/meo/.m2/repository/org/jetbrains/kotlin/kotlin-stdlib-common/1.6.0/kotlin-stdlib-common-1.6.0.jar
Launcher Type: SUN_STANDARD

[Global flags]
     intx CICompilerCount                          = 4                                         {product} {ergonomic}
     uint ConcGCThreads                            = 2                                         {product} {ergonomic}
     uint G1ConcRefinementThreads                  = 8                                         {product} {ergonomic}
   size_t G1HeapRegionSize                         = 2097152                                   {product} {ergonomic}
    uintx GCDrainStackTargetSize                   = 64                                        {product} {ergonomic}
   size_t InitialHeapSize                          = 268435456                                 {product} {ergonomic}
   size_t MarkStackSize                            = 4194304                                   {product} {ergonomic}
   size_t MaxHeapSize                              = 4294967296                                {product} {ergonomic}
   size_t MaxNewSize                               = 2575302656                                {product} {ergonomic}
   size_t MinHeapDeltaBytes                        = 2097152                                   {product} {ergonomic}
   size_t MinHeapSize                              = 8388608                                   {product} {ergonomic}
    uintx NonNMethodCodeHeapSize                   = 5839564                                {pd product} {ergonomic}
    uintx NonProfiledCodeHeapSize                  = 122909338                              {pd product} {ergonomic}
    uintx ProfiledCodeHeapSize                     = 122909338                              {pd product} {ergonomic}
    uintx ReservedCodeCacheSize                    = 251658240                              {pd product} {ergonomic}
     bool SegmentedCodeCache                       = true                                      {product} {ergonomic}
   size_t SoftMaxHeapSize                          = 4294967296                             {manageable} {ergonomic}
     bool UseCompressedClassPointers               = true                           {product lp64_product} {ergonomic}
     bool UseCompressedOops                        = true                           {product lp64_product} {ergonomic}
     bool UseG1GC                                  = true                                      {product} {ergonomic}
     bool UseNUMA                                  = false                                     {product} {ergonomic}
     bool UseNUMAInterleaving                      = false                                     {product} {ergonomic}

Logging:
Log output configuration:
 #0: stdout all=warning uptime,level,tags
 #1: stderr all=off uptime,level,tags

Environment Variables:
PATH=/Users/meo/miniconda3/bin:/Users/meo/miniconda3/condabin:/Library/Frameworks/Python.framework/Versions/3.11/bin:/usr/local/bin:/System/Cryptexes/App/usr/bin:/usr/bin:/bin:/usr/sbin:/sbin:/Library/Apple/usr/bin
SHELL=/bin/zsh
LC_CTYPE=zh_CN.UTF-8
TMPDIR=/var/folders/f9/3g9195jn2vx4k8cypvc_cjr80000gn/T/

Signal Handlers:
   SIGSEGV: crash_handler in libjvm.dylib, mask=11100110000111110111111111111111, flags=SA_RESTART|SA_SIGINFO
    SIGBUS: crash_handler in libjvm.dylib, mask=11100110000111110111111111111111, flags=SA_RESTART|SA_SIGINFO
    SIGFPE: crash_handler in libjvm.dylib, mask=11100110000111110111111111111111, flags=SA_RESTART|SA_SIGINFO
   SIGPIPE: javaSignalHandler in libjvm.dylib, mask=11100110000111110111111111111111, flags=SA_RESTART|SA_SIGINFO
   SIGXFSZ: javaSignalHandler in libjvm.dylib, mask=11100110000111110111111111111111, flags=SA_RESTART|SA_SIGINFO
    SIGILL: crash_handler in libjvm.dylib, mask=11100110000111110111111111111111, flags=SA_RESTART|SA_SIGINFO
   SIGUSR2: SR_handler in libjvm.dylib, mask=00100000000000000000000000000000, flags=SA_RESTART|SA_SIGINFO
    SIGHUP: UserHandler in libjvm.dylib, mask=11100110000111110111111111111111, flags=SA_RESTART|SA_SIGINFO
    SIGINT: UserHandler in libjvm.dylib, mask=11100110000111110111111111111111, flags=SA_RESTART|SA_SIGINFO
   SIGTERM: UserHandler in libjvm.dylib, mask=11100110000111110111111111111111, flags=SA_RESTART|SA_SIGINFO
   SIGQUIT: UserHandler in libjvm.dylib, mask=11100110000111110111111111111111, flags=SA_RESTART|SA_SIGINFO
   SIGTRAP: crash_handler in libjvm.dylib, mask=11100110000111110111111111111111, flags=SA_RESTART|SA_SIGINFO


---------------  S Y S T E M  ---------------

OS:
uname: Darwin 22.3.0 Darwin Kernel Version 22.3.0: Mon Jan 30 20:38:37 PST 2023; root:xnu-8792.81.3~2/RELEASE_ARM64_T6000 arm64
OS uptime: 6 days 3:04 hours
rlimit (soft/hard): STACK 8176k/65520k , CORE 0k/infinity , NPROC 2666/4000 , NOFILE 10240/infinity , AS infinity/infinity , CPU infinity/infinity , DATA infinity/infinity , FSIZE infinity/infinity , MEMLOCK infinity/infinity , RSS infinity/infinity
load average: 3.78 3.73 3.68

CPU: total 8 (initial active 8) 0x61:0x0:0x1b588bb3:0, fp, simd, crc, lse

Memory: 16k page, physical 16777216k(85344k free), swap 0k(0k free)

vm_info: OpenJDK 64-Bit Server VM (17.0.6+10-LTS) for bsd-aarch64 JRE (17.0.6+10-LTS), built on Jan 10 2023 21:43:09 by "ec2user" with clang Apple LLVM 13.0.0 (clang-1300.0.29.30)

END.
