#
# A fatal error has been detected by the Java Runtime Environment:
#
#  SIGBUS (0xa) at pc=0x00000001a7537278, pid=57745, tid=259
#
# JRE version: OpenJDK Runtime Environment Corretto-17.0.6.10.1 (17.0.6+10) (build 17.0.6+10-LTS)
# Java VM: OpenJDK 64-Bit Server VM Corretto-17.0.6.10.1 (17.0.6+10-LTS, mixed mode, sharing, tiered, compressed oops, compressed class ptrs, g1 gc, bsd-aarch64)
# Problematic frame:
# C  [CoreGraphics+0xd278]  ERROR_CGDataProvider_BufferIsNotReadable+0x30
#
# No core dump will be written. Core dumps have been disabled. To enable core dumping, try "ulimit -c unlimited" before starting Java again
#
# If you would like to submit a bug report, please visit:
#   https://github.com/corretto/corretto-17/issues/
# The crash happened outside the Java Virtual Machine in native code.
# See problematic frame for where to report the bug.
#

---------------  S U M M A R Y ------------

Command Line: -javaagent:/Applications/IntelliJ IDEA.app/Contents/lib/idea_rt.jar=50810:/Applications/IntelliJ IDEA.app/Contents/bin -Dfile.encoding=UTF-8 --module-path=/Users/meo/Desktop/CSC1004/javaproject/CSC1004java/target/classes:/Users/meo/.m2/repository/org/openjfx/javafx-base/18/javafx-base-18-mac-aarch64.jar:/Users/meo/.m2/repository/org/openjfx/javafx-fxml/18/javafx-fxml-18-mac-aarch64.jar:/Users/meo/.m2/repository/com/github/almasb/fxgl-entity/17.2/fxgl-entity-17.2.jar:/Users/meo/.m2/repository/com/github/almasb/fxgl/17.2/fxgl-17.2.jar:/Users/meo/.m2/repository/com/gluonhq/attach/audio/4.0.13/audio-4.0.13.jar:/Users/meo/.m2/repository/com/github/almasb/fxgl-gameplay/17.2/fxgl-gameplay-17.2.jar:/Users/meo/.m2/repository/com/fasterxml/jackson/core/jackson-annotations/2.12.1/jackson-annotations-2.12.1.jar:/Users/meo/.m2/repository/com/github/almasb/fxgl-io/17.2/fxgl-io-17.2.jar:/Users/meo/.m2/repository/com/gluonhq/attach/storage/4.0.13/storage-4.0.13.jar:/Users/meo/.m2/repository/com/github/almasb/fxgl-scene/17.2/fxgl-scene-17.2.jar:/Users/meo/.m2/repository/org/openjfx/javafx-controls/18/javafx-controls-18-mac-aarch64.jar:/Users/meo/.m2/repository/com/fasterxml/jackson/core/jackson-databind/2.12.1/jackson-databind-2.12.1.jar:/Users/meo/.m2/repository/org/jetbrains/kotlin/kotlin-stdlib/1.6.0/kotlin-stdlib-1.6.0-modular.jar:/Users/meo/.m2/repository/com/gluonhq/attach/lifecycle/4.0.13/lifecycle-4.0.13.jar:/Users/meo/.m2/repository/com/gluonhq/attach/util/4.0.13/util-4.0.13.jar:/Users/meo/.m2/repository/org/openjfx/javafx-graphics/18/javafx-graphics-18-mac-aarch64.jar:/Users/meo/.m2/repository/com/fasterxml/jackson/core/jackson-core/2.12.1/jackson-core-2.12.1.jar:/Users/meo/.m2/repository/com/github/almasb/fxgl-core/17.2/fxgl-core-17.2.jar:/Users/meo/.m2/repository/org/openjfx/javafx-media/18/javafx-media-18-mac-aarch64.jar:/Users/meo/.m2/repository/org/jetbrains/annotations/13.0/annotations-13.0.jar -Djdk.module.main=CSC1004java CSC1004java/testPackage.McDonalismApp

Host: "MacBookPro18,3" arm64, 8 cores, 16G, Darwin 22.3.0, macOS 13.2.1 (22D68)
Time: Thu Mar 30 16:50:29 2023 CST elapsed time: 8.354054 seconds (0d 0h 0m 8s)

---------------  T H R E A D  ---------------

Current thread (0x0000000138951600):  JavaThread "JavaFX Application Thread" [_thread_in_native, id=259, stack(0x000000016b474000,0x000000016bc70000)]

Stack: [0x000000016b474000,0x000000016bc70000],  sp=0x000000016bc6a110,  free space=8152k
Native frames: (J=compiled Java code, j=interpreted, Vv=VM code, C=native code)
C  [CoreGraphics+0xd278]  ERROR_CGDataProvider_BufferIsNotReadable+0x30
C  [CoreGraphics+0xd0e4]  CGDataProviderRetainBytePtr+0x10c
C  [CoreGraphics+0x1b371c]  CGDataProviderCreateProtectedCopy+0x1c
C  [CoreGraphics+0x17d980]  CGImageCreateCopyWithProtectedDataProvider+0x48
C  [CoreGraphics+0x343e4]  CGContextDrawImageWithOptions+0x134
C  [SkyLight+0x229d3c]  SLSRegisterCursorWithImages+0x2a4
C  [AppKit+0x18e158]  -[NSCursor _reallySet]+0x204
C  [AppKit+0x18dedc]  -[NSCursor set]+0x90
C  [libglass.dylib+0x698c]  Java_com_sun_glass_ui_mac_MacCursor__1setCustom+0x118
j  com.sun.glass.ui.mac.MacCursor._setCustom(J)V+0 javafx.graphics@18
j  com.sun.glass.ui.mac.MacCursor.set()V+60 javafx.graphics@18
j  com.sun.glass.ui.mac.MacWindow._setCursor(JLcom/sun/glass/ui/Cursor;)V+4 javafx.graphics@18
j  com.sun.glass.ui.Window.setCursor(Lcom/sun/glass/ui/Cursor;)V+9 javafx.graphics@18
j  com.sun.javafx.tk.quantum.ViewScene.lambda$setCursor$1(Ljava/lang/Object;)V+34 javafx.graphics@18
j  com.sun.javafx.tk.quantum.ViewScene$$Lambda$250+0x0000000800dafc28.run()V+8 javafx.graphics@18
J 4852 c1 com.sun.glass.ui.InvokeLaterDispatcher$Future.run()V javafx.graphics@18 (91 bytes) @ 0x000000010e5c6740 [0x000000010e5c6600+0x0000000000000140]
v  ~StubRoutines::call_stub
V  [libjvm.dylib+0x46eabc]  JavaCalls::call_helper(JavaValue*, methodHandle const&, JavaCallArguments*, JavaThread*)+0x390
V  [libjvm.dylib+0x4c9d34]  jni_invoke_nonstatic(JNIEnv_*, JavaValue*, _jobject*, JNICallType, _jmethodID*, JNI_ArgumentPusher*, JavaThread*)+0x2cc
V  [libjvm.dylib+0x4ce374]  jni_CallVoidMethod+0x138
C  [libglass.dylib+0x9a20]  JNI_OnLoad+0xcc
C  [Foundation+0x7a900]  __NSThreadPerformPerform+0x108
C  [CoreFoundation+0x81a08]  __CFRUNLOOP_IS_CALLING_OUT_TO_A_SOURCE0_PERFORM_FUNCTION__+0x1c
C  [CoreFoundation+0x8199c]  __CFRunLoopDoSource0+0xb0
C  [CoreFoundation+0x8170c]  __CFRunLoopDoSources0+0xf4
C  [CoreFoundation+0x80310]  __CFRunLoopRun+0x344
C  [CoreFoundation+0x7f878]  CFRunLoopRunSpecific+0x264
C  [HIToolbox+0x31fa0]  RunCurrentEventLoopInMode+0x124
C  [HIToolbox+0x31c30]  ReceiveNextEventCommon+0xec
C  [HIToolbox+0x31b2c]  _BlockUntilNextEventMatchingListInModeWithFilter+0x48
C  [AppKit+0x3984c]  _DPSNextEvent+0x278
C  [AppKit+0x389dc]  -[NSApplication(NSEvent) _nextEventMatchingEventMask:untilDate:inMode:dequeue:]+0x2d8
C  [AppKit+0x2ce0c]  -[NSApplication run]+0x1d0
C  [libglass.dylib+0xbba8]  JNI_OnLoad+0x2254
C  [Foundation+0x7a900]  __NSThreadPerformPerform+0x108
C  [CoreFoundation+0x81a08]  __CFRUNLOOP_IS_CALLING_OUT_TO_A_SOURCE0_PERFORM_FUNCTION__+0x1c
C  [CoreFoundation+0x8199c]  __CFRunLoopDoSource0+0xb0
C  [CoreFoundation+0x8170c]  __CFRunLoopDoSources0+0xf4
C  [CoreFoundation+0x80310]  __CFRunLoopRun+0x344
C  [CoreFoundation+0x7f878]  CFRunLoopRunSpecific+0x264
C  [libjli.dylib+0xb7b8]  CreateExecutionEnvironment+0x194
C  [libjli.dylib+0x7b68]  JLI_Launch+0x4b4
C  [java+0x3bac]  main+0x198
C  [dyld+0x5e50]  start+0x9f0

Java frames: (J=compiled Java code, j=interpreted, Vv=VM code)
j  com.sun.glass.ui.mac.MacCursor._setCustom(J)V+0 javafx.graphics@18
j  com.sun.glass.ui.mac.MacCursor.set()V+60 javafx.graphics@18
j  com.sun.glass.ui.mac.MacWindow._setCursor(JLcom/sun/glass/ui/Cursor;)V+4 javafx.graphics@18
j  com.sun.glass.ui.Window.setCursor(Lcom/sun/glass/ui/Cursor;)V+9 javafx.graphics@18
j  com.sun.javafx.tk.quantum.ViewScene.lambda$setCursor$1(Ljava/lang/Object;)V+34 javafx.graphics@18
j  com.sun.javafx.tk.quantum.ViewScene$$Lambda$250+0x0000000800dafc28.run()V+8 javafx.graphics@18
J 4852 c1 com.sun.glass.ui.InvokeLaterDispatcher$Future.run()V javafx.graphics@18 (91 bytes) @ 0x000000010e5c6740 [0x000000010e5c6600+0x0000000000000140]
v  ~StubRoutines::call_stub

siginfo: si_signo: 10 (SIGBUS), si_code: 1 (BUS_ADRALN), si_addr: 0x000000070eb363b8

Register to memory mapping:

 x0=0x0000000000000001 is an unknown value
 x1=0x0 is NULL
 x2=0x0 is NULL
 x3=0x0000000148700000 points into unknown readable memory: 0x0000000000000000 | 00 00 00 00 00 00 00 00
 x4=0x00000001487d5b60 points into unknown readable memory: 0x0000000000000000 | 00 00 00 00 00 00 00 00
 x5=0x000000000000001c is an unknown value
 x6=0x0 is NULL
 x7=0x0 is NULL
 x8=0x000000070eb363b8 is an unallocated location in the heap
 x9=0x0000000000000001 is an unknown value
x10=0x000000014877a448 points into unknown readable memory: 0x000000000018e61a | 1a e6 18 00 00 00 00 00
x11=0x000000000018e61a is an unknown value
x12=0x0000000000000001 is an unknown value
x13=0x0 is NULL
x14=0x0000000000000002 is an unknown value
x15=0x00000000f4e27ffb is an unknown value
x16=0x00000002e9f59060 is an unknown value
x17=0x00000001fe9b2a00: <offset 0x57488a00> in /System/Library/Frameworks/CoreGraphics.framework/Versions/A/CoreGraphics at 0x00000001a752a000
x18=0x0 is NULL
x19=0x000000014877a380 points into unknown readable memory: 0x01000001fd9b0d81 | 81 0d 9b fd 01 00 00 01
x20=0x000000014877a430 points into unknown readable memory: 0x000000004d555458 | 58 54 55 4d 00 00 00 00
x21=0x000000014877a4a0 points into unknown readable memory: 0x01000001fd9b0d81 | 81 0d 9b fd 01 00 00 01
x22=0x0 is NULL
x23=0x00000000000009c3 is an unknown value
x24=0x00000000000009c3 is an unknown value
x25=0x00006000015ec840 points into unknown readable memory: 0x01000001fd9b01a3 | a3 01 9b fd 01 00 00 01
x26=0x0000000000000001 is an unknown value
x27=0x0000600002e05380 points into unknown readable memory: 0x01000001fd9b0d81 | 81 0d 9b fd 01 00 00 01
x28=0x0 is NULL


Registers:
 x0=0x0000000000000001  x1=0x0000000000000000  x2=0x0000000000000000  x3=0x0000000148700000
 x4=0x00000001487d5b60  x5=0x000000000000001c  x6=0x0000000000000000  x7=0x0000000000000000
 x8=0x000000070eb363b8  x9=0x0000000000000001 x10=0x000000014877a448 x11=0x000000000018e61a
x12=0x0000000000000001 x13=0x0000000000000000 x14=0x0000000000000002 x15=0x00000000f4e27ffb
x16=0x00000002e9f59060 x17=0x00000001fe9b2a00 x18=0x0000000000000000 x19=0x000000014877a380
x20=0x000000014877a430 x21=0x000000014877a4a0 x22=0x0000000000000000 x23=0x00000000000009c3
x24=0x00000000000009c3 x25=0x00006000015ec840 x26=0x0000000000000001 x27=0x0000600002e05380
x28=0x0000000000000000  fp=0x000000016bc6a120  lr=0x90560001a7537268  sp=0x000000016bc6a110
pc=0x00000001a7537278 cpsr=0x0000000060001000
Top of Stack: (sp=0x000000016bc6a110)
0x000000016bc6a110:   000000014877a430 000000070eb363b8
0x000000016bc6a120:   000000016bc6a170 455a0001a75370e4
0x000000016bc6a130:   0000000200000000 0000000104234080
0x000000016bc6a140:   000000010423ca00 0000000000000000
0x000000016bc6a150:   0000000000000000 000000014877a4a0
0x000000016bc6a160:   0000000000000065 000000014877a380
0x000000016bc6a170:   000000016bc6a1a0 f6528001a76dd71c
0x000000016bc6a180:   0000000000000000 000000014877a4a0
0x000000016bc6a190:   0000000000000065 000000014877a4a0
0x000000016bc6a1a0:   000000016bc6a1c0 8b118001a76a7980
0x000000016bc6a1b0:   0000000000000065 0000600002e05380
0x000000016bc6a1c0:   000000016bc6a2f0 c8580001a755e3e4
0x000000016bc6a1d0:   000000014877a4a0 00006000015ec840
0x000000016bc6a1e0:   00000000000009c3 00000000000009c3
0x000000016bc6a1f0:   0000600002219d10 0000600002955200
0x000000016bc6a200:   0000600002219ce0 0000600002955170
0x000000016bc6a210:   000000016bc6a2a0 9a5b8001a757b3d0
0x000000016bc6a220:   0000000100000003 0000000000000031
0x000000016bc6a230:   00000000000000cc 2b645b032b2400bb
0x000000016bc6a240:   000000014877a4a0 00006000015ec840
0x000000016bc6a250:   00000000000009c3 00000000000009c3
0x000000016bc6a260:   000000014877a4a0 00006000015ec840
0x000000016bc6a270:   00000000000009c3 2b645b032b2400bb
0x000000016bc6a280:   0000000000000000 0000000000000000
0x000000016bc6a290:   0000000000000000 4049800000000000
0x000000016bc6a2a0:   4048800000000000 401c000000000000
0x000000016bc6a2b0:   4018000000000000 0000000000000000
0x000000016bc6a2c0:   00000000000009c3 00000000000009c3
0x000000016bc6a2d0:   0000000000000000 000000016bc6a3c8
0x000000016bc6a2e0:   0000000000000033 0000000000000031
0x000000016bc6a2f0:   000000016bc6ad40 6c530001a733bd3c
0x000000016bc6a300:   00000000000000cc 0000000100000000 

Instructions: (pc=0x00000001a7537278)
0x00000001a7537178:   35000100 52800020 a9427bfd a9414ff4
0x00000001a7537188:   9100c3ff d65f0fff 52800000 17fffffb
0x00000001a7537198:   94109254 17fffff8 902a0160 91048000
0x00000001a75371a8:   b02ba341 91068021 9410accc 17ffffde
0x00000001a75371b8:   1410a722 d503237f a9be4ff4 a9017bfd
0x00000001a75371c8:   910043fd aa0003f3 d02b2608 f947d508
0x00000001a75371d8:   b100051f 540002a1 902a0168 3944e108
0x00000001a75371e8:   7100011f fa401a64 54000180 f9408a60
0x00000001a75371f8:   b4000140 52802001 72a10001 a9417bfd
0x00000001a7537208:   a8c24ff4 d50323ff ca1e07d0 b6f00050
0x00000001a7537218:   d4388e20 1410a88d d2800000 a9417bfd
0x00000001a7537228:   a8c24ff4 d65f0fff d02b2600 913ea000
0x00000001a7537238:   b02ba341 91078021 9410aca8 17ffffe7
0x00000001a7537248:   d503237f d10083ff a9017bfd 910043fd
0x00000001a7537258:   f90007e0 39001fff 39001fff 9400000a
0x00000001a7537268:   12000008 7100051f 54000081 f94007e8
0x00000001a7537278:   39400108 39001fe8 a9417bfd 910083ff
0x00000001a7537288:   d65f0fff d503237f a9bf7bfd 910003fd
0x00000001a7537298:   d02b2608 f947dd08 b100051f 540000a1
0x00000001a75372a8:   d02b2608 397ec100 a8c17bfd d65f0fff
0x00000001a75372b8:   d02b2600 913ee000 b02ba341 91080021
0x00000001a75372c8:   9410ac86 17fffff7 d503237f a9bf7bfd
0x00000001a75372d8:   910003fd d2800020 f2c1a040 f2e00140
0x00000001a75372e8:   9410acae d02b2608 393ec100 a8c17bfd
0x00000001a75372f8:   d65f0fff d503237f d100c3ff a9027bfd
0x00000001a7537308:   910083fd f81f83a0 f9000be1 39003fff
0x00000001a7537318:   39003fff 97ffffdc 12000008 7100051f
0x00000001a7537328:   540000c1 f85f83a8 f9400be9 8b090108
0x00000001a7537338:   39400108 39003fe8 a9427bfd 9100c3ff
0x00000001a7537348:   d65f0fff b40000e0 f9402808 90000230
0x00000001a7537358:   911ca210 dac123f0 eb10011f 54000060
0x00000001a7537368:   52800000 d65f03c0 52800020 d65f03c0 


Stack slot to memory mapping:
stack at sp + 0 slots: 0x000000014877a430 points into unknown readable memory: 0x000000004d555458 | 58 54 55 4d 00 00 00 00
stack at sp + 1 slots: 0x000000070eb363b8 is an unallocated location in the heap
stack at sp + 2 slots: 0x000000016bc6a170 is pointing into the stack for thread: 0x0000000138951600
stack at sp + 3 slots: 0x455a0001a75370e4: CGDataProviderRetainBytePtr+0x10c in /System/Library/Frameworks/CoreGraphics.framework/Versions/A/CoreGraphics at 0x00000001a752a000
stack at sp + 4 slots: 0x0000000200000000 points into unknown readable memory: 0x00000001b4848078 | 78 80 84 b4 01 00 00 00
stack at sp + 5 slots: 0x0000000104234080 points into unknown readable memory: 0x0000000100000000 | 00 00 00 00 01 00 00 00
stack at sp + 6 slots: 0x000000010423ca00 points into unknown readable memory: 0x0000000000000000 | 00 00 00 00 00 00 00 00
stack at sp + 7 slots: 0x0 is NULL


---------------  P R O C E S S  ---------------

Threads class SMR info:
_java_thread_list=0x0000600001a47080, length=27, elements={
0x000000015880f000, 0x0000000158836000, 0x0000000159009000, 0x000000014900ae00,
0x000000013880a800, 0x000000013880ae00, 0x000000013880b400, 0x000000013880ba00,
0x0000000138814000, 0x0000000149008a00, 0x0000000138808600, 0x0000000138808c00,
0x000000014904b800, 0x0000000159113200, 0x00000001491b1e00, 0x0000000138951600,
0x0000000159194200, 0x0000000138961000, 0x00000001492d0000, 0x00000001492d0600,
0x0000000149297800, 0x00000001492cc000, 0x0000000149200000, 0x0000000149667200,
0x000000012b4bbc00, 0x000000014967c800, 0x000000014967ce00
}

Java Threads: ( => current thread )
  0x000000015880f000 JavaThread "main" [_thread_blocked, id=6403, stack(0x000000016bcfc000,0x000000016beff000)]
  0x0000000158836000 JavaThread "Reference Handler" daemon [_thread_blocked, id=18691, stack(0x000000016cb50000,0x000000016cd53000)]
  0x0000000159009000 JavaThread "Finalizer" daemon [_thread_blocked, id=19203, stack(0x000000016cd5c000,0x000000016cf5f000)]
  0x000000014900ae00 JavaThread "Signal Dispatcher" daemon [_thread_blocked, id=32003, stack(0x000000016d10c000,0x000000016d30f000)]
  0x000000013880a800 JavaThread "Service Thread" daemon [_thread_blocked, id=24067, stack(0x000000016d318000,0x000000016d51b000)]
  0x000000013880ae00 JavaThread "Monitor Deflation Thread" daemon [_thread_blocked, id=31235, stack(0x000000016d524000,0x000000016d727000)]
  0x000000013880b400 JavaThread "C2 CompilerThread0" daemon [_thread_in_native, id=24323, stack(0x000000016d730000,0x000000016d933000)]
  0x000000013880ba00 JavaThread "C1 CompilerThread0" daemon [_thread_blocked, id=24835, stack(0x000000016d93c000,0x000000016db3f000)]
  0x0000000138814000 JavaThread "Sweeper thread" daemon [_thread_blocked, id=25347, stack(0x000000016db48000,0x000000016dd4b000)]
  0x0000000149008a00 JavaThread "Common-Cleaner" daemon [_thread_blocked, id=25859, stack(0x000000016dd54000,0x000000016df57000)]
  0x0000000138808600 JavaThread "Monitor Ctrl-Break" daemon [_thread_in_native, id=26115, stack(0x000000016df60000,0x000000016e163000)]
  0x0000000138808c00 JavaThread "Notification Thread" daemon [_thread_blocked, id=26371, stack(0x000000016e16c000,0x000000016e36f000)]
  0x000000014904b800 JavaThread "JavaFX-Launcher" [_thread_blocked, id=29699, stack(0x000000016e584000,0x000000016e787000)]
  0x0000000159113200 JavaThread "QuantumRenderer-0" daemon [_thread_blocked, id=29187, stack(0x000000016e790000,0x000000016e993000)]
  0x00000001491b1e00 JavaThread "InvokeLaterDispatcher" daemon [_thread_blocked, id=39179, stack(0x000000016e99c000,0x000000016eb9f000)]
=>0x0000000138951600 JavaThread "JavaFX Application Thread" [_thread_in_native, id=259, stack(0x000000016b474000,0x000000016bc70000)]
  0x0000000159194200 JavaThread "FXGL Background Thread 1" daemon [_thread_blocked, id=81675, stack(0x000000016f87c000,0x000000016fa7f000)]
  0x0000000138961000 JavaThread "Prism Font Disposer" daemon [_thread_blocked, id=77835, stack(0x000000016fa88000,0x000000016fc8b000)]
  0x00000001492d0000 JavaThread "FXGL Background Thread 2" daemon [_thread_blocked, id=1911, stack(0x0000000298210000,0x0000000298413000)]
  0x00000001492d0600 JavaThread "FXGL Background Thread 3" daemon [_thread_blocked, id=76803, stack(0x000000029841c000,0x000000029861f000)]
  0x0000000149297800 JavaThread "FXGL Background Thread 4" daemon [_thread_blocked, id=77059, stack(0x0000000298628000,0x000000029882b000)]
  0x00000001492cc000 JavaThread "PulseTimer-CVDisplayLink thread" daemon [_thread_in_native, id=56075, stack(0x000000016f5e4000,0x000000016f667000)]
  0x0000000149200000 JavaThread "Cleaner-0" daemon [_thread_blocked, id=129539, stack(0x0000000298a40000,0x0000000298c43000)]
  0x0000000149667200 JavaThread "JFXMedia Player EventQueueThread" daemon [_thread_blocked, id=128551, stack(0x0000000299064000,0x0000000299267000)]
  0x000000012b4bbc00 JavaThread "Media Resource Disposer" daemon [_thread_blocked, id=131587, stack(0x00000002994a0000,0x00000002996a3000)]
  0x000000014967c800 JavaThread "Timer-0" daemon [_thread_blocked, id=133899, stack(0x00000002997c4000,0x00000002999c7000)]
  0x000000014967ce00 JavaThread "Thread-13" daemon [_thread_blocked, id=134403, stack(0x00000002999d0000,0x0000000299bd3000)]

Other Threads:
  0x0000000158608350 VMThread "VM Thread" [stack: 0x000000016c944000,0x000000016cb47000] [id=17923]
  0x0000000138608480 WatcherThread [stack: 0x000000016e378000,0x000000016e57b000] [id=29955]
  0x00000001586078d0 GCTaskThread "GC Thread#0" [stack: 0x000000016bf08000,0x000000016c10b000] [id=12547]
  0x000000014871e740 GCTaskThread "GC Thread#1" [stack: 0x000000016eba8000,0x000000016edab000] [id=35587]
  0x000000014871ebc0 GCTaskThread "GC Thread#2" [stack: 0x000000016edb4000,0x000000016efb7000] [id=38403]
  0x000000014871f040 GCTaskThread "GC Thread#3" [stack: 0x000000016efc0000,0x000000016f1c3000] [id=38147]
  0x000000014871f4c0 GCTaskThread "GC Thread#4" [stack: 0x000000016f1cc000,0x000000016f3cf000] [id=36099]
  0x000000014871f940 GCTaskThread "GC Thread#5" [stack: 0x000000016f3d8000,0x000000016f5db000] [id=37635]
  0x000000014864e090 GCTaskThread "GC Thread#6" [stack: 0x000000016fc94000,0x000000016fe97000] [id=75291]
  0x000000014864e510 GCTaskThread "GC Thread#7" [stack: 0x0000000298004000,0x0000000298207000] [id=76291]
  0x0000000148604bc0 ConcurrentGCThread "G1 Main Marker" [stack: 0x000000016c114000,0x000000016c317000] [id=12803]
  0x0000000148605440 ConcurrentGCThread "G1 Conc#0" [stack: 0x000000016c320000,0x000000016c523000] [id=13827]
  0x0000000104e2b5a0 ConcurrentGCThread "G1 Conc#1" [stack: 0x0000000298834000,0x0000000298a37000] [id=130827]
  0x00000001486072b0 ConcurrentGCThread "G1 Refine#0" [stack: 0x000000016c52c000,0x000000016c72f000] [id=21507]
  0x0000000148607b50 ConcurrentGCThread "G1 Service" [stack: 0x000000016c738000,0x000000016c93b000] [id=21251]

Threads with active compile tasks:
C2 CompilerThread0     8363 6178       4       com.sun.javafx.css.ParsedValueImpl::<init> (38 bytes)

VM state: not at safepoint (normal execution)

VM Mutex/Monitor currently owned by a thread: None

Heap address: 0x0000000700000000, size: 4096 MB, Compressed Oops mode: Zero based, Oop shift amount: 3

CDS archive(s) mapped at: [0x0000000800000000-0x0000000800bd8000-0x0000000800bd8000), size 12419072, SharedBaseAddress: 0x0000000800000000, ArchiveRelocationMode: 0.
Compressed class space mapped at: 0x0000000800c00000-0x0000000840c00000, reserved size: 1073741824
Narrow klass base: 0x0000000800000000, Narrow klass shift: 0, Narrow klass range: 0x100000000

GC Precious Log:
 CPUs: 8 total, 8 available
 Memory: 16384M
 Large Page Support: Disabled
 NUMA Support: Disabled
 Compressed Oops: Enabled (Zero based)
 Heap Region Size: 2M
 Heap Min Capacity: 8M
 Heap Initial Capacity: 256M
 Heap Max Capacity: 4G
 Pre-touch: Disabled
 Parallel Workers: 8
 Concurrent Workers: 2
 Concurrent Refinement Workers: 8
 Periodic GC: Disabled

Heap:
 garbage-first heap   total 69632K, used 39463K [0x0000000700000000, 0x0000000800000000)
  region size 2048K, 10 young (20480K), 1 survivors (2048K)
 Metaspace       used 28985K, committed 29248K, reserved 1081344K
  class space    used 3632K, committed 3776K, reserved 1048576K

Heap Regions: E=young(eden), S=young(survivor), O=old, HS=humongous(starts), HC=humongous(continues), CS=collection set, F=free, OA=open archive, CA=closed archive, TAMS=top-at-mark-start (previous, next)
|   0|0x0000000700000000, 0x0000000700200000, 0x0000000700200000|100%| O|  |TAMS 0x0000000700000000, 0x0000000700000000| Untracked 
|   1|0x0000000700200000, 0x0000000700200000, 0x0000000700400000|  0%| F|  |TAMS 0x0000000700200000, 0x0000000700200000| Untracked 
|   2|0x0000000700400000, 0x0000000700600000, 0x0000000700600000|100%|HS|  |TAMS 0x0000000700400000, 0x0000000700400000| Complete 
|   3|0x0000000700600000, 0x0000000700800000, 0x0000000700800000|100%|HS|  |TAMS 0x0000000700600000, 0x0000000700600000| Complete 
|   4|0x0000000700800000, 0x0000000700a00000, 0x0000000700a00000|100%|HC|  |TAMS 0x0000000700800000, 0x0000000700800000| Complete 
|   5|0x0000000700a00000, 0x0000000700c00000, 0x0000000700c00000|100%| O|  |TAMS 0x0000000700a00000, 0x0000000700a00000| Untracked 
|   6|0x0000000700c00000, 0x0000000700e00000, 0x0000000700e00000|100%| O|  |TAMS 0x0000000700c00000, 0x0000000700c00000| Untracked 
|   7|0x0000000700e00000, 0x0000000701000000, 0x0000000701000000|100%| O|  |TAMS 0x0000000700e00000, 0x0000000700e00000| Untracked 
|   8|0x0000000701000000, 0x0000000701200000, 0x0000000701200000|100%| O|  |TAMS 0x0000000701000000, 0x0000000701000000| Untracked 
|   9|0x0000000701200000, 0x0000000701400000, 0x0000000701400000|100%| O|  |TAMS 0x0000000701200000, 0x0000000701200000| Untracked 
|  10|0x0000000701400000, 0x0000000701400000, 0x0000000701600000|  0%| F|  |TAMS 0x0000000701400000, 0x0000000701400000| Untracked 
|  11|0x0000000701600000, 0x0000000701600000, 0x0000000701800000|  0%| F|  |TAMS 0x0000000701600000, 0x0000000701600000| Untracked 
|  12|0x0000000701800000, 0x0000000701800000, 0x0000000701a00000|  0%| F|  |TAMS 0x0000000701800000, 0x0000000701800000| Untracked 
|  13|0x0000000701a00000, 0x0000000701b81600, 0x0000000701c00000| 75%| O|  |TAMS 0x0000000701a00000, 0x0000000701a00000| Untracked 
|  14|0x0000000701c00000, 0x0000000701c00000, 0x0000000701e00000|  0%| F|  |TAMS 0x0000000701c00000, 0x0000000701c00000| Untracked 
|  15|0x0000000701e00000, 0x0000000701e00000, 0x0000000702000000|  0%| F|  |TAMS 0x0000000701e00000, 0x0000000701e00000| Untracked 
|  16|0x0000000702000000, 0x0000000702000000, 0x0000000702200000|  0%| F|  |TAMS 0x0000000702000000, 0x0000000702000000| Untracked 
|  17|0x0000000702200000, 0x0000000702200000, 0x0000000702400000|  0%| F|  |TAMS 0x0000000702200000, 0x0000000702200000| Untracked 
|  18|0x0000000702400000, 0x00000007025106c0, 0x0000000702600000| 53%| S|CS|TAMS 0x0000000702400000, 0x0000000702400000| Complete 
|  19|0x0000000702600000, 0x0000000702600000, 0x0000000702800000|  0%| F|  |TAMS 0x0000000702600000, 0x0000000702600000| Untracked 
|  20|0x0000000702800000, 0x0000000702800000, 0x0000000702a00000|  0%| F|  |TAMS 0x0000000702800000, 0x0000000702800000| Untracked 
|  21|0x0000000702a00000, 0x0000000702a00000, 0x0000000702c00000|  0%| F|  |TAMS 0x0000000702a00000, 0x0000000702a00000| Untracked 
|  22|0x0000000702c00000, 0x0000000702c00000, 0x0000000702e00000|  0%| F|  |TAMS 0x0000000702c00000, 0x0000000702c00000| Untracked 
|  23|0x0000000702e00000, 0x0000000702e2cc08, 0x0000000703000000|  8%| E|  |TAMS 0x0000000702e00000, 0x0000000702e00000| Complete 
|  24|0x0000000703000000, 0x0000000703200000, 0x0000000703200000|100%| E|CS|TAMS 0x0000000703000000, 0x0000000703000000| Complete 
| 111|0x000000070de00000, 0x000000070e000000, 0x000000070e000000|100%| E|CS|TAMS 0x000000070de00000, 0x000000070de00000| Complete 
| 112|0x000000070e000000, 0x000000070e200000, 0x000000070e200000|100%| E|CS|TAMS 0x000000070e000000, 0x000000070e000000| Complete 
| 113|0x000000070e200000, 0x000000070e400000, 0x000000070e400000|100%| E|CS|TAMS 0x000000070e200000, 0x000000070e200000| Complete 
| 114|0x000000070e400000, 0x000000070e600000, 0x000000070e600000|100%| E|CS|TAMS 0x000000070e400000, 0x000000070e400000| Complete 
| 115|0x000000070e600000, 0x000000070e800000, 0x000000070e800000|100%| E|CS|TAMS 0x000000070e600000, 0x000000070e600000| Complete 
| 116|0x000000070e800000, 0x000000070ea00000, 0x000000070ea00000|100%| E|CS|TAMS 0x000000070e800000, 0x000000070e800000| Complete 
| 127|0x000000070fe00000, 0x0000000710000000, 0x0000000710000000|100%| E|CS|TAMS 0x000000070fe00000, 0x000000070fe00000| Complete 
|2046|0x00000007ffc00000, 0x00000007ffd78000, 0x00000007ffe00000| 73%|OA|  |TAMS 0x00000007ffd78000, 0x00000007ffc00000| Untracked 
|2047|0x00000007ffe00000, 0x00000007ffe80000, 0x0000000800000000| 25%|CA|  |TAMS 0x00000007ffe80000, 0x00000007ffe00000| Untracked 

Card table byte_map: [0x000000011cd3c000,0x000000011d53c000] _byte_map_base: 0x000000011953c000

Marking Bits (Prev, Next): (CMBitMap*) 0x0000000148813c50, (CMBitMap*) 0x0000000148813c10
 Prev Bits: [0x0000000121d3c000, 0x0000000125d3c000)
 Next Bits: [0x000000011dd3c000, 0x0000000121d3c000)

Polling page: 0x00000001041e8000

Metaspace:

Usage:
  Non-class:     24.76 MB used.
      Class:      3.55 MB used.
       Both:     28.31 MB used.

Virtual space:
  Non-class space:       32.00 MB reserved,      24.88 MB ( 78%) committed,  4 nodes.
      Class space:        1.00 GB reserved,       3.69 MB ( <1%) committed,  1 nodes.
             Both:        1.03 GB reserved,      28.56 MB (  3%) committed. 

Chunk freelists:
   Non-Class:  3.06 MB
       Class:  353.00 KB
        Both:  3.41 MB

MaxMetaspaceSize: unlimited
CompressedClassSpaceSize: 1.00 GB
Initial GC threshold: 21.00 MB
Current GC threshold: 35.25 MB
CDS: on
MetaspaceReclaimPolicy: balanced
 - commit_granule_bytes: 65536.
 - commit_granule_words: 8192.
 - virtual_space_node_default_size: 1048576.
 - enlarge_chunks_in_place: 1.
 - new_chunks_are_fully_committed: 0.
 - uncommit_free_chunks: 1.
 - use_allocation_guard: 0.
 - handle_deallocations: 1.


Internal statistics:

num_allocs_failed_limit: 3.
num_arena_births: 376.
num_arena_deaths: 0.
num_vsnodes_births: 5.
num_vsnodes_deaths: 0.
num_space_committed: 457.
num_space_uncommitted: 0.
num_chunks_returned_to_freelist: 3.
num_chunks_taken_from_freelist: 1187.
num_chunk_merges: 3.
num_chunk_splits: 835.
num_chunks_enlarged: 634.
num_purges: 0.
num_inconsistent_stats: 0.

CodeHeap 'non-profiled nmethods': size=120032Kb used=2602Kb max_used=2602Kb free=117429Kb
 bounds [0x0000000115804000, 0x0000000115a94000, 0x000000011cd3c000]
CodeHeap 'profiled nmethods': size=120016Kb used=9878Kb max_used=11283Kb free=110137Kb
 bounds [0x000000010dd3c000, 0x000000010e84c000, 0x0000000115270000]
CodeHeap 'non-nmethods': size=5712Kb used=1520Kb max_used=1585Kb free=4191Kb
 bounds [0x0000000115270000, 0x00000001154e0000, 0x0000000115804000]
 total_blobs=5896 nmethods=4971 adapters=840
 compilation: enabled
              stopped_count=0, restarted_count=0
 full_count=0

Compilation events (20 events):
Event: 8.349 Thread 0x000000013880b400 nmethod 6168 0x0000000115880910 code [0x0000000115880b00, 0x0000000115880ef0]
Event: 8.349 Thread 0x000000013880b400 6183       4       javafx.beans.property.BooleanPropertyBase::get (29 bytes)
Event: 8.349 Thread 0x000000013880ba00 nmethod 6174 0x000000010e53e690 code [0x000000010e53e980, 0x000000010e53f688]
Event: 8.349 Thread 0x000000013880ba00 6182       3       java.util.ArrayList::indexOf (11 bytes)
Event: 8.349 Thread 0x000000013880ba00 nmethod 6182 0x000000010e2ca390 code [0x000000010e2ca540, 0x000000010e2ca6c8]
Event: 8.349 Thread 0x000000013880ba00 6184       3       com.sun.javafx.css.StyleManager$Key::equals (99 bytes)
Event: 8.350 Thread 0x000000013880ba00 nmethod 6184 0x000000010e515610 code [0x000000010e515880, 0x000000010e515fa8]
Event: 8.350 Thread 0x000000013880ba00 6181       3       java.util.HashMap$TreeNode::rotateLeft (91 bytes)
Event: 8.350 Thread 0x000000013880ba00 nmethod 6181 0x000000010e2e6c90 code [0x000000010e2e6e80, 0x000000010e2e72d8]
Event: 8.350 Thread 0x000000013880ba00 6176       3       javafx.scene.paint.Color::web (6 bytes)
Event: 8.350 Thread 0x000000013880ba00 nmethod 6176 0x000000010e0dc810 code [0x000000010e0dc9c0, 0x000000010e0dcac8]
Event: 8.350 Thread 0x000000013880ba00 6177   !   3       javafx.scene.paint.Color::web (531 bytes)
Event: 8.350 Thread 0x000000013880b400 nmethod 6183 0x0000000115880310 code [0x0000000115880500, 0x0000000115880750]
Event: 8.350 Thread 0x000000013880b400 6173       4       java.lang.String::startsWith (7 bytes)
Event: 8.352 Thread 0x000000013880ba00 nmethod 6177 0x000000010e230510 code [0x000000010e230d80, 0x000000010e233108]
Event: 8.352 Thread 0x000000013880ba00 6191       3       javafx.scene.CssStyleHelper::handleNoStyleFound (88 bytes)
Event: 8.352 Thread 0x000000013880ba00 nmethod 6191 0x000000010e5d8d90 code [0x000000010e5d8fc0, 0x000000010e5d9558]
Event: 8.352 Thread 0x000000013880ba00 6188       3       javafx.scene.Node::doProcessCSS (55 bytes)
Event: 8.352 Thread 0x000000013880b400 nmethod 6173 0x000000011587fd90 code [0x000000011587ff40, 0x0000000115880130]
Event: 8.352 Thread 0x000000013880b400 6192       4       com.sun.javafx.scene.NodeHelper::isDirty (11 bytes)

GC Heap History (18 events):
Event: 0.264 GC heap before
{Heap before GC invocations=0 (full 0):
 garbage-first heap   total 266240K, used 22496K [0x0000000700000000, 0x0000000800000000)
  region size 2048K, 11 young (22528K), 0 survivors (0K)
 Metaspace       used 5745K, committed 5952K, reserved 1056768K
  class space    used 543K, committed 640K, reserved 1048576K
}
Event: 0.266 GC heap after
{Heap after GC invocations=1 (full 0):
 garbage-first heap   total 266240K, used 4933K [0x0000000700000000, 0x0000000800000000)
  region size 2048K, 2 young (4096K), 2 survivors (4096K)
 Metaspace       used 5745K, committed 5952K, reserved 1056768K
  class space    used 543K, committed 640K, reserved 1048576K
}
Event: 0.764 GC heap before
{Heap before GC invocations=1 (full 0):
 garbage-first heap   total 266240K, used 60229K [0x0000000700000000, 0x0000000800000000)
  region size 2048K, 29 young (59392K), 2 survivors (4096K)
 Metaspace       used 15493K, committed 15744K, reserved 1064960K
  class space    used 2118K, committed 2240K, reserved 1048576K
}
Event: 0.767 GC heap after
{Heap after GC invocations=2 (full 0):
 garbage-first heap   total 266240K, used 10474K [0x0000000700000000, 0x0000000800000000)
  region size 2048K, 4 young (8192K), 4 survivors (8192K)
 Metaspace       used 15493K, committed 15744K, reserved 1064960K
  class space    used 2118K, committed 2240K, reserved 1048576K
}
Event: 0.877 GC heap before
{Heap before GC invocations=2 (full 0):
 garbage-first heap   total 266240K, used 28906K [0x0000000700000000, 0x0000000800000000)
  region size 2048K, 15 young (30720K), 4 survivors (8192K)
 Metaspace       used 21282K, committed 21504K, reserved 1073152K
  class space    used 2839K, committed 2944K, reserved 1048576K
}
Event: 0.880 GC heap after
{Heap after GC invocations=3 (full 0):
 garbage-first heap   total 266240K, used 13330K [0x0000000700000000, 0x0000000800000000)
  region size 2048K, 6 young (12288K), 6 survivors (12288K)
 Metaspace       used 21282K, committed 21504K, reserved 1073152K
  class space    used 2839K, committed 2944K, reserved 1048576K
}
Event: 2.376 GC heap before
{Heap before GC invocations=4 (full 0):
 garbage-first heap   total 69632K, used 46098K [0x0000000700000000, 0x0000000800000000)
  region size 2048K, 19 young (38912K), 6 survivors (12288K)
 Metaspace       used 27853K, committed 28096K, reserved 1081344K
  class space    used 3595K, committed 3712K, reserved 1048576K
}
Event: 2.383 GC heap after
{Heap after GC invocations=5 (full 0):
 garbage-first heap   total 69632K, used 22387K [0x0000000700000000, 0x0000000800000000)
  region size 2048K, 3 young (6144K), 3 survivors (6144K)
 Metaspace       used 27853K, committed 28096K, reserved 1081344K
  class space    used 3595K, committed 3712K, reserved 1048576K
}
Event: 2.617 GC heap before
{Heap before GC invocations=5 (full 0):
 garbage-first heap   total 69632K, used 24435K [0x0000000700000000, 0x0000000800000000)
  region size 2048K, 4 young (8192K), 3 survivors (6144K)
 Metaspace       used 27937K, committed 28288K, reserved 1081344K
  class space    used 3600K, committed 3776K, reserved 1048576K
}
Event: 2.619 GC heap after
{Heap after GC invocations=6 (full 0):
 garbage-first heap   total 69632K, used 23113K [0x0000000700000000, 0x0000000800000000)
  region size 2048K, 1 young (2048K), 1 survivors (2048K)
 Metaspace       used 27937K, committed 28288K, reserved 1081344K
  class space    used 3600K, committed 3776K, reserved 1048576K
}
Event: 3.733 GC heap before
{Heap before GC invocations=6 (full 0):
 garbage-first heap   total 69632K, used 45641K [0x0000000700000000, 0x0000000800000000)
  region size 2048K, 12 young (24576K), 1 survivors (2048K)
 Metaspace       used 28237K, committed 28544K, reserved 1081344K
  class space    used 3604K, committed 3776K, reserved 1048576K
}
Event: 3.733 GC heap after
{Heap after GC invocations=7 (full 0):
 garbage-first heap   total 69632K, used 22504K [0x0000000700000000, 0x0000000800000000)
  region size 2048K, 1 young (2048K), 1 survivors (2048K)
 Metaspace       used 28237K, committed 28544K, reserved 1081344K
  class space    used 3604K, committed 3776K, reserved 1048576K
}
Event: 4.410 GC heap before
{Heap before GC invocations=7 (full 0):
 garbage-first heap   total 69632K, used 47080K [0x0000000700000000, 0x0000000800000000)
  region size 2048K, 13 young (26624K), 1 survivors (2048K)
 Metaspace       used 28393K, committed 28736K, reserved 1081344K
  class space    used 3605K, committed 3776K, reserved 1048576K
}
Event: 4.411 GC heap after
{Heap after GC invocations=8 (full 0):
 garbage-first heap   total 69632K, used 22628K [0x0000000700000000, 0x0000000800000000)
  region size 2048K, 1 young (2048K), 1 survivors (2048K)
 Metaspace       used 28393K, committed 28736K, reserved 1081344K
  class space    used 3605K, committed 3776K, reserved 1048576K
}
Event: 5.280 GC heap before
{Heap before GC invocations=8 (full 0):
 garbage-first heap   total 69632K, used 49252K [0x0000000700000000, 0x0000000800000000)
  region size 2048K, 14 young (28672K), 1 survivors (2048K)
 Metaspace       used 28560K, committed 28864K, reserved 1081344K
  class space    used 3605K, committed 3776K, reserved 1048576K
}
Event: 5.281 GC heap after
{Heap after GC invocations=9 (full 0):
 garbage-first heap   total 69632K, used 22863K [0x0000000700000000, 0x0000000800000000)
  region size 2048K, 1 young (2048K), 1 survivors (2048K)
 Metaspace       used 28560K, committed 28864K, reserved 1081344K
  class space    used 3605K, committed 3776K, reserved 1048576K
}
Event: 6.368 GC heap before
{Heap before GC invocations=9 (full 0):
 garbage-first heap   total 69632K, used 49487K [0x0000000700000000, 0x0000000800000000)
  region size 2048K, 14 young (28672K), 1 survivors (2048K)
 Metaspace       used 28671K, committed 29056K, reserved 1081344K
  class space    used 3608K, committed 3776K, reserved 1048576K
}
Event: 6.369 GC heap after
{Heap after GC invocations=10 (full 0):
 garbage-first heap   total 69632K, used 23079K [0x0000000700000000, 0x0000000800000000)
  region size 2048K, 1 young (2048K), 1 survivors (2048K)
 Metaspace       used 28671K, committed 29056K, reserved 1081344K
  class space    used 3608K, committed 3776K, reserved 1048576K
}

Dll operation events (20 events):
Event: 0.015 Loaded shared library /Users/meo/Library/Java/JavaVirtualMachines/corretto-17.0.6/Contents/Home/lib/libnio.dylib
Event: 0.026 Loaded shared library /Users/meo/Library/Java/JavaVirtualMachines/corretto-17.0.6/Contents/Home/lib/libnet.dylib
Event: 0.037 Loaded shared library /Users/meo/Library/Java/JavaVirtualMachines/corretto-17.0.6/Contents/Home/lib/libzip.dylib
Event: 0.082 Loaded shared library /Users/meo/Library/Java/JavaVirtualMachines/corretto-17.0.6/Contents/Home/lib/libzip.dylib
Event: 0.083 Loaded shared library /Users/meo/Library/Java/JavaVirtualMachines/corretto-17.0.6/Contents/Home/lib/libinstrument.dylib
Event: 0.137 Loaded shared library /Users/meo/Library/Java/JavaVirtualMachines/corretto-17.0.6/Contents/Home/lib/libjimage.dylib
Event: 0.178 Loading shared library /Users/meo/.m2/repository/org/openjfx/javafx-graphics/18/libprism_es2.dylib failed, dlopen(/Users/meo/.m2/repository/org/openjfx/javafx-graphics/18/libprism_es2.dylib, 0x0001): tried: '/Users/meo/.m2/repository/org/openjfx/javafx-gr
Event: 0.195 Loaded shared library /Users/meo/.openjfx/cache/18+12/libprism_es2.dylib
Event: 0.258 Loading shared library /Users/meo/.m2/repository/org/openjfx/javafx-graphics/18/libglass.dylib failed, dlopen(/Users/meo/.m2/repository/org/openjfx/javafx-graphics/18/libglass.dylib, 0x0001): tried: '/Users/meo/.m2/repository/org/openjfx/javafx-graphics/1
Event: 0.263 Loaded shared library /Users/meo/.openjfx/cache/18+12/libglass.dylib
Event: 0.417 Loading shared library /Users/meo/.m2/repository/org/openjfx/javafx-graphics/18/libjavafx_font.dylib failed, dlopen(/Users/meo/.m2/repository/org/openjfx/javafx-graphics/18/libjavafx_font.dylib, 0x0001): tried: '/Users/meo/.m2/repository/org/openjfx/javaf
Event: 0.418 Loaded shared library /Users/meo/.openjfx/cache/18+12/libjavafx_font.dylib
Event: 1.511 Loading shared library /Users/meo/.m2/repository/org/openjfx/javafx-graphics/18/libglib-lite.dylib failed, dlopen(/Users/meo/.m2/repository/org/openjfx/javafx-graphics/18/libglib-lite.dylib, 0x0001): tried: '/Users/meo/.m2/repository/org/openjfx/javafx-gr
Event: 1.522 Loaded shared library /Users/meo/.openjfx/cache/18+12/libglib-lite.dylib
Event: 1.523 Loading shared library /Users/meo/.m2/repository/org/openjfx/javafx-graphics/18/libgstreamer-lite.dylib failed, dlopen(/Users/meo/.m2/repository/org/openjfx/javafx-graphics/18/libgstreamer-lite.dylib, 0x0001): tried: '/Users/meo/.m2/repository/org/openjfx
Event: 1.537 Loaded shared library /Users/meo/.openjfx/cache/18+12/libgstreamer-lite.dylib
Event: 1.538 Loading shared library /Users/meo/.m2/repository/org/openjfx/javafx-graphics/18/libjfxmedia.dylib failed, dlopen(/Users/meo/.m2/repository/org/openjfx/javafx-graphics/18/libjfxmedia.dylib, 0x0001): tried: '/Users/meo/.m2/repository/org/openjfx/javafx-grap
Event: 1.552 Loaded shared library /Users/meo/.openjfx/cache/18+12/libjfxmedia.dylib
Event: 1.555 Loading shared library /Users/meo/.m2/repository/org/openjfx/javafx-graphics/18/libjfxmedia_avf.dylib failed, dlopen(/Users/meo/.m2/repository/org/openjfx/javafx-graphics/18/libjfxmedia_avf.dylib, 0x0001): tried: '/Users/meo/.m2/repository/org/openjfx/jav
Event: 1.557 Loaded shared library /Users/meo/.openjfx/cache/18+12/libjfxmedia_avf.dylib

Deoptimization events (20 events):
Event: 7.790 Thread 0x0000000159113200 Uncommon trap: trap_request=0xffffff45 fr.pc=0x0000000115a580e4 relative=0x00000000000002e4
Event: 7.790 Thread 0x0000000159113200 Uncommon trap: reason=unstable_if action=reinterpret pc=0x0000000115a580e4 method=com.sun.javafx.geom.transform.AffineBase.concatenate(Lcom/sun/javafx/geom/transform/BaseTransform;)V @ 108 c2
Event: 7.790 Thread 0x0000000159113200 DEOPT PACKING pc=0x0000000115a580e4 sp=0x000000016e991000
Event: 7.790 Thread 0x0000000159113200 DEOPT UNPACKING pc=0x00000001152b791c sp=0x000000016e990ef0 mode 2
Event: 7.798 Thread 0x0000000159113200 Uncommon trap: trap_request=0xffffffde fr.pc=0x0000000115a2ed6c relative=0x000000000000212c
Event: 7.798 Thread 0x0000000159113200 Uncommon trap: reason=class_check action=maybe_recompile pc=0x0000000115a2ed6c method=com.sun.javafx.sg.prism.NGNode.doRender(Lcom/sun/prism/Graphics;)V @ 319 c2
Event: 7.798 Thread 0x0000000159113200 DEOPT PACKING pc=0x0000000115a2ed6c sp=0x000000016e991710
Event: 7.798 Thread 0x0000000159113200 DEOPT UNPACKING pc=0x00000001152b791c sp=0x000000016e9915e0 mode 2
Event: 8.219 Thread 0x0000000159113200 Uncommon trap: trap_request=0xffffff45 fr.pc=0x0000000115a19194 relative=0x0000000000000254
Event: 8.219 Thread 0x0000000159113200 Uncommon trap: reason=unstable_if action=reinterpret pc=0x0000000115a19194 method=com.sun.javafx.sg.prism.NGGroup.renderContent(Lcom/sun/prism/Graphics;)V @ 21 c2
Event: 8.219 Thread 0x0000000159113200 DEOPT PACKING pc=0x0000000115a19194 sp=0x000000016e991ea0
Event: 8.219 Thread 0x0000000159113200 DEOPT UNPACKING pc=0x00000001152b791c sp=0x000000016e991da0 mode 2
Event: 8.220 Thread 0x0000000159113200 Uncommon trap: trap_request=0xffffffde fr.pc=0x0000000115a2ed6c relative=0x000000000000212c
Event: 8.220 Thread 0x0000000159113200 Uncommon trap: reason=class_check action=maybe_recompile pc=0x0000000115a2ed6c method=com.sun.javafx.sg.prism.NGNode.doRender(Lcom/sun/prism/Graphics;)V @ 319 c2
Event: 8.220 Thread 0x0000000159113200 DEOPT PACKING pc=0x0000000115a2ed6c sp=0x000000016e991210
Event: 8.220 Thread 0x0000000159113200 DEOPT UNPACKING pc=0x00000001152b791c sp=0x000000016e9910e0 mode 2
Event: 8.267 Thread 0x0000000159113200 Uncommon trap: trap_request=0xffffffde fr.pc=0x0000000115a2ed6c relative=0x000000000000212c
Event: 8.267 Thread 0x0000000159113200 Uncommon trap: reason=class_check action=maybe_recompile pc=0x0000000115a2ed6c method=com.sun.javafx.sg.prism.NGNode.doRender(Lcom/sun/prism/Graphics;)V @ 319 c2
Event: 8.267 Thread 0x0000000159113200 DEOPT PACKING pc=0x0000000115a2ed6c sp=0x000000016e991210
Event: 8.267 Thread 0x0000000159113200 DEOPT UNPACKING pc=0x00000001152b791c sp=0x000000016e9910e0 mode 2

Classes unloaded (0 events):
No events

Classes redefined (0 events):
No events

Internal exceptions (20 events):
Event: 1.507 Thread 0x0000000138951600 Exception <a 'java/lang/ClassNotFoundException'{0x00000007022639f0}: com/sun/javafx/scene/control/skin/resources/controls> (0x00000007022639f0) 
thrown [src/hotspot/share/prims/jni.cpp, line 535]
Event: 1.507 Thread 0x0000000138951600 Exception <a 'java/lang/ClassNotFoundException'{0x0000000702271988}: com/sun/javafx/scene/control/skin/resources/controls_zh> (0x0000000702271988) 
thrown [src/hotspot/share/prims/jni.cpp, line 535]
Event: 1.507 Thread 0x0000000138951600 Exception <a 'java/lang/ClassNotFoundException'{0x0000000702272918}: com/sun/javafx/scene/control/skin/resources/controls_zh_CN> (0x0000000702272918) 
thrown [src/hotspot/share/prims/jni.cpp, line 535]
Event: 1.507 Thread 0x0000000138951600 Exception <a 'java/lang/ClassNotFoundException'{0x0000000702280d18}: com/sun/javafx/scene/control/skin/resources/controls_zh_Hans> (0x0000000702280d18) 
thrown [src/hotspot/share/prims/jni.cpp, line 535]
Event: 1.507 Thread 0x0000000138951600 Exception <a 'java/lang/ClassNotFoundException'{0x0000000702281cb0}: com/sun/javafx/scene/control/skin/resources/controls_zh_Hans_CN> (0x0000000702281cb0) 
thrown [src/hotspot/share/prims/jni.cpp, line 535]
Event: 1.559 Thread 0x00000001492d0000 Implicit null exception at 0x00000001158349ec to 0x0000000115834e0c
Event: 1.572 Thread 0x00000001492d0000 Exception <a 'sun/nio/fs/UnixException'{0x0000000701e70950}> (0x0000000701e70950) 
thrown [src/hotspot/share/prims/jni.cpp, line 516]
Event: 1.572 Thread 0x00000001492d0000 Exception <a 'sun/nio/fs/UnixException'{0x0000000701e71e48}> (0x0000000701e71e48) 
thrown [src/hotspot/share/prims/jni.cpp, line 516]
Event: 1.572 Thread 0x00000001492d0000 Exception <a 'sun/nio/fs/UnixException'{0x0000000701e73360}> (0x0000000701e73360) 
thrown [src/hotspot/share/prims/jni.cpp, line 516]
Event: 1.572 Thread 0x00000001492d0000 Exception <a 'sun/nio/fs/UnixException'{0x0000000701e74880}> (0x0000000701e74880) 
thrown [src/hotspot/share/prims/jni.cpp, line 516]
Event: 1.572 Thread 0x00000001492d0000 Exception <a 'sun/nio/fs/UnixException'{0x0000000701e75dc0}> (0x0000000701e75dc0) 
thrown [src/hotspot/share/prims/jni.cpp, line 516]
Event: 1.714 Thread 0x0000000138951600 Exception <a 'java/lang/NoSuchMethodError'{0x00000007020a6d70}: 'void java.lang.invoke.DirectMethodHandle$Holder.invokeSpecial(java.lang.Object, java.lang.Object, double)'> (0x00000007020a6d70) 
thrown [src/hotspot/share/interpreter/linkResolver.cpp, line 759]
Event: 1.715 Thread 0x0000000138951600 Exception <a 'java/lang/NoSuchMethodError'{0x00000007020ace60}: 'java.lang.Object java.lang.invoke.DirectMethodHandle$Holder.newInvokeSpecial(java.lang.Object, java.lang.Object, double)'> (0x00000007020ace60) 
thrown [src/hotspot/share/interpreter/linkResolver.cpp, line 759]
Event: 1.715 Thread 0x0000000138951600 Exception <a 'java/lang/NoSuchMethodError'{0x00000007020b0a78}: 'java.lang.Object java.lang.invoke.DirectMethodHandle$Holder.invokeSpecial(java.lang.Object, java.lang.Object, java.lang.Object, double)'> (0x00000007020b0a78) 
thrown [src/hotspot/share/interpreter/linkResolver.cpp, line 759]
Event: 1.721 Thread 0x00000001492d0000 Exception <a 'sun/nio/fs/UnixException'{0x0000000701fe9ab0}> (0x0000000701fe9ab0) 
thrown [src/hotspot/share/prims/jni.cpp, line 516]
Event: 1.744 Thread 0x00000001492d0000 Exception <a 'java/lang/NoSuchMethodError'{0x0000000701d9e670}: 'void java.lang.invoke.DirectMethodHandle$Holder.invokeSpecial(java.lang.Object, java.lang.Object, int, java.lang.Object, java.lang.Object, java.lang.Object)'> (0x0000000701d9e670) 
thrown [src/hotspot/share/interpreter/linkResolver.cpp, line 759]
Event: 2.374 Thread 0x0000000138951600 Exception <a 'java/lang/UnsatisfiedLinkError'{0x0000000701b954b0}: 'boolean com.sun.media.jfxmediaimpl.NativeAudioClip.nacInit()'> (0x0000000701b954b0) 
thrown [src/hotspot/share/prims/nativeLookup.cpp, line 543]
Event: 2.408 Thread 0x0000000138951600 Exception <a 'java/io/FileNotFoundException'{0x000000070fe75f50}> (0x000000070fe75f50) 
thrown [src/hotspot/share/prims/jni.cpp, line 516]
Event: 6.986 Thread 0x0000000138951600 Implicit null exception at 0x0000000115a27e90 to 0x0000000115a28cb8
Event: 7.781 Thread 0x0000000159113200 Implicit null exception at 0x00000001159e4e94 to 0x00000001159e56b4

VM Operations (20 events):
Event: 6.368 Executing VM operation: G1CollectForAllocation
Event: 6.369 Executing VM operation: G1CollectForAllocation done
Event: 6.594 Executing VM operation: HandshakeAllThreads
Event: 6.594 Executing VM operation: HandshakeAllThreads done
Event: 6.598 Executing VM operation: ICBufferFull
Event: 6.598 Executing VM operation: ICBufferFull done
Event: 6.675 Executing VM operation: HandshakeAllThreads
Event: 6.675 Executing VM operation: HandshakeAllThreads done
Event: 6.682 Executing VM operation: HandshakeAllThreads
Event: 6.682 Executing VM operation: HandshakeAllThreads done
Event: 6.983 Executing VM operation: ICBufferFull
Event: 6.983 Executing VM operation: ICBufferFull done
Event: 7.041 Executing VM operation: ICBufferFull
Event: 7.041 Executing VM operation: ICBufferFull done
Event: 7.400 Executing VM operation: ICBufferFull
Event: 7.400 Executing VM operation: ICBufferFull done
Event: 7.768 Executing VM operation: ICBufferFull
Event: 7.769 Executing VM operation: ICBufferFull done
Event: 8.348 Executing VM operation: ICBufferFull
Event: 8.348 Executing VM operation: ICBufferFull done

Events (20 events):
Event: 7.093 Protecting memory [0x000000029b4fc000,0x000000029b508000] with protection modes 3
Event: 7.093 Thread 0x000000012b506800 Thread exited: 0x000000012b506800
Event: 7.197 Protecting memory [0x000000016ff2c000,0x000000016ff38000] with protection modes 0
Event: 7.197 Thread 0x0000000158897800 Thread added: 0x0000000158897800
Event: 7.197 Protecting memory [0x000000016ff2c000,0x000000016ff38000] with protection modes 3
Event: 7.197 Thread 0x0000000158897800 Thread exited: 0x0000000158897800
Event: 7.197 Protecting memory [0x0000000298c4c000,0x0000000298c58000] with protection modes 3
Event: 7.197 Thread 0x0000000159063600 Thread exited: 0x0000000159063600
Event: 7.301 Protecting memory [0x000000016ff2c000,0x000000016ff38000] with protection modes 0
Event: 7.301 Thread 0x0000000148c22e00 Thread added: 0x0000000148c22e00
Event: 7.301 Protecting memory [0x000000016ff2c000,0x000000016ff38000] with protection modes 3
Event: 7.301 Thread 0x0000000148c22e00 Thread exited: 0x0000000148c22e00
Event: 7.302 Protecting memory [0x0000000298e58000,0x0000000298e64000] with protection modes 3
Event: 7.302 Thread 0x0000000149683c00 Thread exited: 0x0000000149683c00
Event: 7.394 Protecting memory [0x000000016ff2c000,0x000000016ff38000] with protection modes 0
Event: 7.394 Thread 0x0000000148c22e00 Thread added: 0x0000000148c22e00
Event: 7.394 Protecting memory [0x000000016ff2c000,0x000000016ff38000] with protection modes 3
Event: 7.394 Thread 0x0000000148c22e00 Thread exited: 0x0000000148c22e00
Event: 7.394 Protecting memory [0x0000000299bdc000,0x0000000299be8000] with protection modes 3
Event: 7.394 Thread 0x00000001593b9400 Thread exited: 0x00000001593b9400


Dynamic libraries:
0x000000010424c000 	/Users/meo/Library/Java/JavaVirtualMachines/corretto-17.0.6/Contents/Home/lib/libjli.dylib
0x00000001b9914000 	/System/Library/Frameworks/Cocoa.framework/Versions/A/Cocoa
0x00000001a5738000 	/System/Library/Frameworks/AppKit.framework/Versions/C/AppKit
0x00000001a80e0000 	/System/Library/Frameworks/CoreData.framework/Versions/A/CoreData
0x00000001a3399000 	/System/Library/Frameworks/Foundation.framework/Versions/C/Foundation
0x00000001adac4000 	/usr/lib/libSystem.B.dylib
0x00000001a6644000 	/System/Library/PrivateFrameworks/UIFoundation.framework/Versions/A/UIFoundation
0x000000020ebc9000 	/System/Library/PrivateFrameworks/CollectionViewCore.framework/Versions/A/CollectionViewCore
0x00000001b3d80000 	/System/Library/PrivateFrameworks/RemoteViewServices.framework/Versions/A/RemoteViewServices
0x00000001abee6000 	/System/Library/PrivateFrameworks/XCTTargetBootstrap.framework/Versions/A/XCTTargetBootstrap
0x00000001af85a000 	/System/Library/PrivateFrameworks/InternationalSupport.framework/Versions/A/InternationalSupport
0x00000001af8e1000 	/System/Library/PrivateFrameworks/UserActivity.framework/Versions/A/UserActivity
0x0000000225de2000 	/System/Library/PrivateFrameworks/WindowManagement.framework/Versions/A/WindowManagement
0x00000001a3062000 	/System/Library/Frameworks/SystemConfiguration.framework/Versions/A/SystemConfiguration
0x00000001aed5e000 	/usr/lib/libspindump.dylib
0x00000001a67ea000 	/System/Library/Frameworks/UniformTypeIdentifiers.framework/Versions/A/UniformTypeIdentifiers
0x00000001aa1f9000 	/usr/lib/libapp_launch_measurement.dylib
0x00000001a96a7000 	/System/Library/PrivateFrameworks/CoreAnalytics.framework/Versions/A/CoreAnalytics
0x00000001aa200000 	/System/Library/PrivateFrameworks/CoreAutoLayout.framework/Versions/A/CoreAutoLayout
0x00000001ab6f4000 	/System/Library/Frameworks/Metal.framework/Versions/A/Metal
0x00000001ac645000 	/usr/lib/liblangid.dylib
0x00000001abeec000 	/System/Library/PrivateFrameworks/CoreSVG.framework/Versions/A/CoreSVG
0x00000001a7112000 	/System/Library/PrivateFrameworks/SkyLight.framework/Versions/A/SkyLight
0x00000001a752a000 	/System/Library/Frameworks/CoreGraphics.framework/Versions/A/CoreGraphics
0x00000001b444b000 	/System/Library/Frameworks/Accelerate.framework/Versions/A/Accelerate
0x00000001ae7cc000 	/System/Library/PrivateFrameworks/IconServices.framework/Versions/A/IconServices
0x00000001ab6d4000 	/System/Library/Frameworks/IOSurface.framework/Versions/A/IOSurface
0x00000001a96d5000 	/usr/lib/libDiagnosticMessagesClient.dylib
0x00000001ada0a000 	/usr/lib/libz.1.dylib
0x00000001b76e7000 	/System/Library/Frameworks/ApplicationServices.framework/Versions/A/ApplicationServices
0x00000001abece000 	/System/Library/PrivateFrameworks/DFRFoundation.framework/Versions/A/DFRFoundation
0x00000001a4fb6000 	/usr/lib/libicucore.A.dylib
0x00000001b07eb000 	/System/Library/Frameworks/AudioToolbox.framework/Versions/A/AudioToolbox
0x00000001af865000 	/System/Library/PrivateFrameworks/DataDetectorsCore.framework/Versions/A/DataDetectorsCore
0x00000001c69f3000 	/System/Library/PrivateFrameworks/TextInput.framework/Versions/A/TextInput
0x00000001a7077000 	/usr/lib/libMobileGestalt.dylib
0x00000001abb9a000 	/System/Library/Frameworks/Carbon.framework/Versions/A/Frameworks/HIToolbox.framework/Versions/A/HIToolbox
0x00000001a9b80000 	/System/Library/Frameworks/QuartzCore.framework/Versions/A/QuartzCore
0x00000001a4c11000 	/System/Library/Frameworks/Security.framework/Versions/A/Security
0x00000001b3dc0000 	/System/Library/Frameworks/Carbon.framework/Versions/A/Frameworks/SpeechRecognition.framework/Versions/A/SpeechRecognition
0x00000001a9f38000 	/System/Library/PrivateFrameworks/CoreUI.framework/Versions/A/CoreUI
0x00000001a4509000 	/System/Library/Frameworks/CoreAudio.framework/Versions/A/CoreAudio
0x00000001a97b1000 	/System/Library/Frameworks/DiskArbitration.framework/Versions/A/DiskArbitration
0x00000001af192000 	/System/Library/PrivateFrameworks/MultitouchSupport.framework/Versions/A/MultitouchSupport
0x00000001a7075000 	/usr/lib/libenergytrace.dylib
0x00000001a55fb000 	/System/Library/Frameworks/IOKit.framework/Versions/A/IOKit
0x00000001b41a7000 	/System/Library/Frameworks/CoreServices.framework/Versions/A/CoreServices
0x00000001aa186000 	/System/Library/PrivateFrameworks/PerformanceAnalysis.framework/Versions/A/PerformanceAnalysis
0x00000001f1953000 	/System/Library/Frameworks/OpenGL.framework/Versions/A/OpenGL
0x00000001aa24a000 	/usr/lib/libxml2.2.dylib
0x00000001ad019000 	/System/Library/PrivateFrameworks/MobileKeyBag.framework/Versions/A/MobileKeyBag
0x00000001a2098000 	/usr/lib/libobjc.A.dylib
0x00000001a234e000 	/usr/lib/libc++.1.dylib
0x00000001a7b75000 	/System/Library/Frameworks/ColorSync.framework/Versions/A/ColorSync
0x00000001a246c000 	/System/Library/Frameworks/CoreFoundation.framework/Versions/A/CoreFoundation
0x00000001ac266000 	/System/Library/Frameworks/CoreImage.framework/Versions/A/CoreImage
0x00000001a432a000 	/System/Library/Frameworks/CoreText.framework/Versions/A/CoreText
0x00000001abf25000 	/System/Library/Frameworks/ImageIO.framework/Versions/A/ImageIO
0x00000001adaca000 	/System/Library/PrivateFrameworks/SoftLinking.framework/Versions/A/SoftLinking
0x00000001add5e000 	/usr/lib/libcompression.dylib
0x00000001af7b6000 	/System/Library/PrivateFrameworks/TextureIO.framework/Versions/A/TextureIO
0x00000001ae49e000 	/usr/lib/libate.dylib
0x00000001adabe000 	/usr/lib/system/libcache.dylib
0x00000001ada77000 	/usr/lib/system/libcommonCrypto.dylib
0x00000001adaa5000 	/usr/lib/system/libcompiler_rt.dylib
0x00000001ada9b000 	/usr/lib/system/libcopyfile.dylib
0x00000001a21cc000 	/usr/lib/system/libcorecrypto.dylib
0x00000001a2282000 	/usr/lib/system/libdispatch.dylib
0x00000001a2414000 	/usr/lib/system/libdyld.dylib
0x00000001adab4000 	/usr/lib/system/libkeymgr.dylib
0x00000001ada55000 	/usr/lib/system/libmacho.dylib
0x00000001ad113000 	/usr/lib/system/libquarantine.dylib
0x00000001adab1000 	/usr/lib/system/libremovefile.dylib
0x00000001a70dc000 	/usr/lib/system/libsystem_asl.dylib
0x00000001a2169000 	/usr/lib/system/libsystem_blocks.dylib
0x00000001a22cd000 	/usr/lib/system/libsystem_c.dylib
0x00000001adaa9000 	/usr/lib/system/libsystem_collections.dylib
0x00000001ac633000 	/usr/lib/system/libsystem_configuration.dylib
0x00000001ab6a2000 	/usr/lib/system/libsystem_containermanager.dylib
0x00000001ad754000 	/usr/lib/system/libsystem_coreservices.dylib
0x00000001a526d000 	/usr/lib/system/libsystem_darwin.dylib
0x00000001adab5000 	/usr/lib/system/libsystem_dnssd.dylib
0x00000001a22ca000 	/usr/lib/system/libsystem_featureflags.dylib
0x00000001a2440000 	/usr/lib/system/libsystem_info.dylib
0x00000001ada1c000 	/usr/lib/system/libsystem_m.dylib
0x00000001a2256000 	/usr/lib/system/libsystem_malloc.dylib
0x00000001a705c000 	/usr/lib/system/libsystem_networkextension.dylib
0x00000001a56d7000 	/usr/lib/system/libsystem_notify.dylib
0x00000001ac638000 	/usr/lib/system/libsystem_sandbox.dylib
0x00000001adaae000 	/usr/lib/system/libsystem_secinit.dylib
0x00000001a23cd000 	/usr/lib/system/libsystem_kernel.dylib
0x00000001a2438000 	/usr/lib/system/libsystem_platform.dylib
0x00000001a2407000 	/usr/lib/system/libsystem_pthread.dylib
0x00000001a88b1000 	/usr/lib/system/libsystem_symptoms.dylib
0x00000001a21b2000 	/usr/lib/system/libsystem_trace.dylib
0x00000001ada88000 	/usr/lib/system/libunwind.dylib
0x00000001a216e000 	/usr/lib/system/libxpc.dylib
0x00000001a23b5000 	/usr/lib/libc++abi.dylib
0x00000001ada93000 	/usr/lib/liboah.dylib
0x00000001ae35b000 	/usr/lib/liblzma.5.dylib
0x00000001adac6000 	/usr/lib/libfakelink.dylib
0x00000001a6c9a000 	/System/Library/Frameworks/CFNetwork.framework/Versions/A/CFNetwork
0x00000001adc05000 	/usr/lib/libarchive.2.dylib
0x00000001b20fa000 	/System/Library/Frameworks/Combine.framework/Versions/A/Combine
0x00000001b01b5000 	/usr/lib/swift/libswiftCore.dylib
0x00000001c3ac8000 	/usr/lib/swift/libswiftCoreFoundation.dylib
0x00000001c1985000 	/usr/lib/swift/libswiftDarwin.dylib
0x00000001b56c0000 	/usr/lib/swift/libswiftDispatch.dylib
0x00000001c3ae9000 	/usr/lib/swift/libswiftIOKit.dylib
0x00000001b7b12000 	/usr/lib/swift/libswiftObjectiveC.dylib
0x00000001c3adc000 	/usr/lib/swift/libswiftXPC.dylib
0x000000022c61a000 	/usr/lib/swift/libswift_Concurrency.dylib
0x000000022c76c000 	/usr/lib/swift/libswift_StringProcessing.dylib
0x00000001b7b16000 	/usr/lib/swift/libswiftos.dylib
0x00000001a5580000 	/System/Library/PrivateFrameworks/CoreServicesInternal.framework/Versions/A/CoreServicesInternal
0x00000001ad13e000 	/usr/lib/libbsm.0.dylib
0x00000001ada5b000 	/usr/lib/system/libkxld.dylib
0x00000001aa1c2000 	/System/Library/Frameworks/CoreServices.framework/Versions/A/Frameworks/FSEvents.framework/Versions/A/FSEvents
0x00000001a5278000 	/System/Library/Frameworks/CoreServices.framework/Versions/A/Frameworks/CarbonCore.framework/Versions/A/CarbonCore
0x00000001a9718000 	/System/Library/Frameworks/CoreServices.framework/Versions/A/Frameworks/Metadata.framework/Versions/A/Metadata
0x00000001ad75a000 	/System/Library/Frameworks/CoreServices.framework/Versions/A/Frameworks/OSServices.framework/Versions/A/OSServices
0x00000001adc8c000 	/System/Library/Frameworks/CoreServices.framework/Versions/A/Frameworks/SearchKit.framework/Versions/A/SearchKit
0x00000001a8834000 	/System/Library/Frameworks/CoreServices.framework/Versions/A/Frameworks/AE.framework/Versions/A/AE
0x00000001a2944000 	/System/Library/Frameworks/CoreServices.framework/Versions/A/Frameworks/LaunchServices.framework/Versions/A/LaunchServices
0x00000001ae304000 	/System/Library/Frameworks/CoreServices.framework/Versions/A/Frameworks/DictionaryServices.framework/Versions/A/DictionaryServices
0x00000001aa1cf000 	/System/Library/Frameworks/CoreServices.framework/Versions/A/Frameworks/SharedFileList.framework/Versions/A/SharedFileList
0x00000001add2b000 	/usr/lib/libapple_nghttp2.dylib
0x00000001a6c96000 	/usr/lib/libnetwork.dylib
0x00000001a84b8000 	/usr/lib/libsqlite3.dylib
0x00000001a88ba000 	/System/Library/Frameworks/Network.framework/Versions/A/Network
0x000000022b767000 	/usr/lib/libCoreEntitlements.dylib
0x00000002181d4000 	/System/Library/PrivateFrameworks/MessageSecurity.framework/Versions/A/MessageSecurity
0x00000001a849e000 	/System/Library/PrivateFrameworks/ProtocolBuffer.framework/Versions/A/ProtocolBuffer
0x00000001ad736000 	/System/Library/PrivateFrameworks/AppleFSCompression.framework/Versions/A/AppleFSCompression
0x00000001ad126000 	/usr/lib/libcoretls.dylib
0x00000001ae374000 	/usr/lib/libcoretls_cfhelpers.dylib
0x00000001add58000 	/usr/lib/libpam.2.dylib
0x00000001ae3dc000 	/usr/lib/libxar.1.dylib
0x00000001ae7a7000 	/usr/lib/libheimdal-asn1.dylib
0x00000001adacb000 	/usr/lib/libpcap.A.dylib
0x00000001a88a7000 	/usr/lib/libdns_services.dylib
0x00000001ac640000 	/System/Library/PrivateFrameworks/AppleSystemInfo.framework/Versions/A/AppleSystemInfo
0x00000001ace1a000 	/System/Library/PrivateFrameworks/IOMobileFramebuffer.framework/Versions/A/IOMobileFramebuffer
0x00000001ad747000 	/usr/lib/libbz2.1.0.dylib
0x00000001ad116000 	/usr/lib/libCheckFix.dylib
0x00000001a70f4000 	/System/Library/PrivateFrameworks/TCC.framework/Versions/A/TCC
0x00000001ac647000 	/System/Library/PrivateFrameworks/CoreNLP.framework/Versions/A/CoreNLP
0x00000001a96d7000 	/System/Library/PrivateFrameworks/MetadataUtilities.framework/Versions/A/MetadataUtilities
0x00000001ad14f000 	/usr/lib/libmecab.dylib
0x00000001a30ec000 	/usr/lib/libCRFSuite.dylib
0x00000001ad1ac000 	/usr/lib/libgermantok.dylib
0x00000001add04000 	/usr/lib/libThaiTokenizer.dylib
0x00000001a97ba000 	/System/Library/Frameworks/Accelerate.framework/Versions/A/Frameworks/vImage.framework/Versions/A/vImage
0x00000001b417e000 	/System/Library/Frameworks/Accelerate.framework/Versions/A/Frameworks/vecLib.framework/Versions/A/vecLib
0x00000001ae422000 	/System/Library/Frameworks/Accelerate.framework/Versions/A/Frameworks/vecLib.framework/Versions/A/libvMisc.dylib
0x00000001acd1a000 	/System/Library/Frameworks/Accelerate.framework/Versions/A/Frameworks/vecLib.framework/Versions/A/libvDSP.dylib
0x00000001a2cf8000 	/System/Library/Frameworks/Accelerate.framework/Versions/A/Frameworks/vecLib.framework/Versions/A/libBLAS.dylib
0x00000001ade30000 	/System/Library/Frameworks/Accelerate.framework/Versions/A/Frameworks/vecLib.framework/Versions/A/libLAPACK.dylib
0x00000001ad1af000 	/System/Library/Frameworks/Accelerate.framework/Versions/A/Frameworks/vecLib.framework/Versions/A/libLinearAlgebra.dylib
0x00000001add43000 	/System/Library/Frameworks/Accelerate.framework/Versions/A/Frameworks/vecLib.framework/Versions/A/libSparseBLAS.dylib
0x00000001ade2b000 	/System/Library/Frameworks/Accelerate.framework/Versions/A/Frameworks/vecLib.framework/Versions/A/libQuadrature.dylib
0x00000001ac740000 	/System/Library/Frameworks/Accelerate.framework/Versions/A/Frameworks/vecLib.framework/Versions/A/libBNNS.dylib
0x00000001a2ffb000 	/System/Library/Frameworks/Accelerate.framework/Versions/A/Frameworks/vecLib.framework/Versions/A/libSparse.dylib
0x000000021750a000 	/System/Library/PrivateFrameworks/MIL.framework/Versions/A/MIL
0x00000001adb00000 	/usr/lib/libiconv.2.dylib
0x00000001ada54000 	/usr/lib/libcharset.1.dylib
0x00000001aa1a2000 	/System/Library/Frameworks/OpenDirectory.framework/Versions/A/Frameworks/CFOpenDirectory.framework/Versions/A/CFOpenDirectory
0x00000001aa192000 	/System/Library/Frameworks/OpenDirectory.framework/Versions/A/OpenDirectory
0x00000001ae376000 	/System/Library/PrivateFrameworks/APFS.framework/Versions/A/APFS
0x00000001ad050000 	/System/Library/Frameworks/SecurityFoundation.framework/Versions/A/SecurityFoundation
0x00000001ae3eb000 	/usr/lib/libutil.dylib
0x000000021657f000 	/System/Library/PrivateFrameworks/InstalledContentLibrary.framework/Versions/A/InstalledContentLibrary
0x00000001a55be000 	/System/Library/PrivateFrameworks/CoreServicesStore.framework/Versions/A/CoreServicesStore
0x000000020d57a000 	/System/Library/PrivateFrameworks/AppleMobileFileIntegrity.framework/Versions/A/AppleMobileFileIntegrity
0x00000001c3aa7000 	/usr/lib/libmis.dylib
0x00000001d1a08000 	/System/Library/PrivateFrameworks/MobileSystemServices.framework/Versions/A/MobileSystemServices
0x00000001ec245000 	/System/Library/PrivateFrameworks/ConfigProfileHelper.framework/Versions/A/ConfigProfileHelper
0x00000001add06000 	/System/Library/PrivateFrameworks/AppleSauce.framework/Versions/A/AppleSauce
0x00000001a3dd3000 	/System/Library/PrivateFrameworks/LanguageModeling.framework/Versions/A/LanguageModeling
0x00000001ae3ef000 	/usr/lib/libxslt.1.dylib
0x00000001adbf3000 	/usr/lib/libcmph.dylib
0x00000001ace07000 	/System/Library/PrivateFrameworks/CoreEmoji.framework/Versions/A/CoreEmoji
0x00000001ac73a000 	/System/Library/PrivateFrameworks/LinguisticData.framework/Versions/A/LinguisticData
0x00000001a2fb3000 	/System/Library/PrivateFrameworks/Lexicon.framework/Versions/A/Lexicon
0x00000001ad0e3000 	/System/Library/PrivateFrameworks/BackgroundTaskManagement.framework/Versions/A/BackgroundTaskManagement
0x000000022b90a000 	/usr/lib/libTLE.dylib
0x000000022c6b7000 	/usr/lib/swift/libswift_RegexParser.dylib
0x00000001af057000 	/System/Library/PrivateFrameworks/AppleJPEG.framework/Versions/A/AppleJPEG
0x00000001ae78c000 	/usr/lib/libexpat.1.dylib
0x00000001af618000 	/System/Library/Frameworks/ImageIO.framework/Versions/A/Resources/libPng.dylib
0x00000001af643000 	/System/Library/Frameworks/ImageIO.framework/Versions/A/Resources/libTIFF.dylib
0x00000001af72c000 	/System/Library/Frameworks/ImageIO.framework/Versions/A/Resources/libGIF.dylib
0x00000001af09c000 	/System/Library/Frameworks/ImageIO.framework/Versions/A/Resources/libJP2.dylib
0x00000001af6d0000 	/System/Library/Frameworks/ImageIO.framework/Versions/A/Resources/libJPEG.dylib
0x00000001af6c7000 	/System/Library/Frameworks/ImageIO.framework/Versions/A/Resources/libRadiance.dylib
0x00000001aba23000 	/System/Library/PrivateFrameworks/FontServices.framework/libFontParser.dylib
0x00000001a87d6000 	/System/Library/PrivateFrameworks/RunningBoardServices.framework/Versions/A/RunningBoardServices
0x00000001ba046000 	/System/Library/PrivateFrameworks/IOSurfaceAccelerator.framework/Versions/A/IOSurfaceAccelerator
0x00000001af18e000 	/System/Library/PrivateFrameworks/WatchdogClient.framework/Versions/A/WatchdogClient
0x00000001a3f4c000 	/System/Library/Frameworks/CoreDisplay.framework/Versions/A/CoreDisplay
0x00000001ab8fd000 	/System/Library/Frameworks/CoreMedia.framework/Versions/A/CoreMedia
0x00000001ab6ea000 	/System/Library/PrivateFrameworks/IOAccelerator.framework/Versions/A/IOAccelerator
0x00000001aa333000 	/System/Library/Frameworks/CoreVideo.framework/Versions/A/CoreVideo
0x00000001add56000 	/System/Library/Frameworks/MetalPerformanceShaders.framework/Versions/A/MetalPerformanceShaders
0x00000001af1cd000 	/System/Library/Frameworks/VideoToolbox.framework/Versions/A/VideoToolbox
0x00000001a8719000 	/System/Library/PrivateFrameworks/BaseBoard.framework/Versions/A/BaseBoard
0x00000001af6c2000 	/System/Library/PrivateFrameworks/GPUWrangler.framework/Versions/A/GPUWrangler
0x00000001af6a2000 	/System/Library/PrivateFrameworks/IOPresentment.framework/Versions/A/IOPresentment
0x00000001af6ca000 	/System/Library/PrivateFrameworks/DSExternalDisplay.framework/Versions/A/DSExternalDisplay
0x0000000212d28000 	/System/Library/PrivateFrameworks/GPUCompiler.framework/Versions/31001/Libraries/libllvm-flatbuffers.dylib
0x00000001f1946000 	/System/Library/Frameworks/OpenGL.framework/Versions/A/Libraries/libCoreFSCache.dylib
0x0000000212d24000 	/System/Library/PrivateFrameworks/GPUCompiler.framework/Versions/31001/Libraries/libGPUCompilerUtils.dylib
0x00000001af732000 	/System/Library/PrivateFrameworks/CMCaptureCore.framework/Versions/A/CMCaptureCore
0x0000000207683000 	/System/Library/Frameworks/ExtensionFoundation.framework/Versions/A/ExtensionFoundation
0x00000001b5e67000 	/System/Library/PrivateFrameworks/CoreTime.framework/Versions/A/CoreTime
0x00000001aed49000 	/System/Library/PrivateFrameworks/AppServerSupport.framework/Versions/A/AppServerSupport
0x00000001b10cd000 	/System/Library/PrivateFrameworks/perfdata.framework/Versions/A/perfdata
0x00000001a406c000 	/System/Library/PrivateFrameworks/AudioToolboxCore.framework/Versions/A/AudioToolboxCore
0x00000001ab8d3000 	/System/Library/PrivateFrameworks/caulk.framework/Versions/A/caulk
0x00000001b098a000 	/usr/lib/libAudioStatistics.dylib
0x00000001c2ecd000 	/System/Library/PrivateFrameworks/SystemPolicy.framework/Versions/A/SystemPolicy
0x00000001b0c2c000 	/usr/lib/libSMC.dylib
0x00000001b97e9000 	/System/Library/Frameworks/CoreMIDI.framework/Versions/A/CoreMIDI
0x00000001af5e5000 	/usr/lib/libAudioToolboxUtility.dylib
0x00000001bec40000 	/System/Library/PrivateFrameworks/OSAServicesClient.framework/Versions/A/OSAServicesClient
0x00000001b10da000 	/usr/lib/libperfcheck.dylib
0x00000001ae677000 	/System/Library/PrivateFrameworks/PlugInKit.framework/Versions/A/PlugInKit
0x00000001ad042000 	/System/Library/PrivateFrameworks/AssertionServices.framework/Versions/A/AssertionServices
0x00000001f19a8000 	/System/Library/Frameworks/OpenGL.framework/Versions/A/Libraries/libGLU.dylib
0x00000001f1967000 	/System/Library/Frameworks/OpenGL.framework/Versions/A/Libraries/libGFXShared.dylib
0x00000001f1b4e000 	/System/Library/Frameworks/OpenGL.framework/Versions/A/Libraries/libGL.dylib
0x00000001f1970000 	/System/Library/Frameworks/OpenGL.framework/Versions/A/Libraries/libGLImage.dylib
0x00000001f1964000 	/System/Library/Frameworks/OpenGL.framework/Versions/A/Libraries/libCVMSPluginSupport.dylib
0x000000022b8e9000 	/usr/lib/libRosetta.dylib
0x00000001f194d000 	/System/Library/Frameworks/OpenGL.framework/Versions/A/Libraries/libCoreVMClient.dylib
0x00000001ac5b8000 	/System/Library/Frameworks/MetalPerformanceShaders.framework/Versions/A/Frameworks/MPSCore.framework/Versions/A/MPSCore
0x00000001ad6ac000 	/System/Library/Frameworks/MetalPerformanceShaders.framework/Versions/A/Frameworks/MPSImage.framework/Versions/A/MPSImage
0x00000001ad1c4000 	/System/Library/Frameworks/MetalPerformanceShaders.framework/Versions/A/Frameworks/MPSNeuralNetwork.framework/Versions/A/MPSNeuralNetwork
0x00000001ad5b0000 	/System/Library/Frameworks/MetalPerformanceShaders.framework/Versions/A/Frameworks/MPSMatrix.framework/Versions/A/MPSMatrix
0x00000001ad3c2000 	/System/Library/Frameworks/MetalPerformanceShaders.framework/Versions/A/Frameworks/MPSRayIntersector.framework/Versions/A/MPSRayIntersector
0x00000001ad5df000 	/System/Library/Frameworks/MetalPerformanceShaders.framework/Versions/A/Frameworks/MPSNDArray.framework/Versions/A/MPSNDArray
0x0000000208a51000 	/System/Library/Frameworks/MetalPerformanceShaders.framework/Versions/A/Frameworks/MPSFunctions.framework/Versions/A/MPSFunctions
0x00000001a2bbe000 	/System/Library/PrivateFrameworks/MetalTools.framework/Versions/A/MetalTools
0x00000001ac63e000 	/System/Library/PrivateFrameworks/AggregateDictionary.framework/Versions/A/AggregateDictionary
0x00000001ae530000 	/usr/lib/libIOReport.dylib
0x00000001b89d6000 	/System/Library/PrivateFrameworks/ASEProcessing.framework/Versions/A/ASEProcessing
0x00000001ae8e7000 	/System/Library/PrivateFrameworks/GraphVisualizer.framework/Versions/A/GraphVisualizer
0x0000000212c45000 	/System/Library/PrivateFrameworks/FontServices.framework/Versions/A/FontServices
0x00000001aed07000 	/System/Library/PrivateFrameworks/OTSVG.framework/Versions/A/OTSVG
0x00000001a9ee6000 	/System/Library/Frameworks/ApplicationServices.framework/Versions/A/Frameworks/ATS.framework/Versions/A/Resources/libFontRegistry.dylib
0x00000001aed53000 	/System/Library/PrivateFrameworks/FontServices.framework/libhvf.dylib
0x0000000212c46000 	/System/Library/PrivateFrameworks/FontServices.framework/libXTFontStaticRegistryData.dylib
0x0000000224ae2000 	/System/Library/PrivateFrameworks/VideoToolboxParavirtualizationSupport.framework/Versions/A/VideoToolboxParavirtualizationSupport
0x00000001ae740000 	/System/Library/PrivateFrameworks/AppleVA.framework/Versions/A/AppleVA
0x00000001b09ca000 	/System/Library/Frameworks/ApplicationServices.framework/Versions/A/Frameworks/ATS.framework/Versions/A/ATS
0x00000001a7c68000 	/System/Library/Frameworks/ApplicationServices.framework/Versions/A/Frameworks/HIServices.framework/Versions/A/HIServices
0x00000001af73e000 	/System/Library/Frameworks/ApplicationServices.framework/Versions/A/Frameworks/PrintCore.framework/Versions/A/PrintCore
0x00000001b0d85000 	/System/Library/Frameworks/ApplicationServices.framework/Versions/A/Frameworks/QD.framework/Versions/A/QD
0x00000001b0d79000 	/System/Library/Frameworks/ApplicationServices.framework/Versions/A/Frameworks/ColorSyncLegacy.framework/Versions/A/ColorSyncLegacy
0x00000001b099e000 	/System/Library/Frameworks/ApplicationServices.framework/Versions/A/Frameworks/SpeechSynthesis.framework/Versions/A/SpeechSynthesis
0x00000001af6fc000 	/System/Library/Frameworks/ApplicationServices.framework/Versions/A/Frameworks/ATSUI.framework/Versions/A/ATSUI
0x00000001b0d0c000 	/usr/lib/libcups.2.dylib
0x00000001b10e8000 	/System/Library/Frameworks/Kerberos.framework/Versions/A/Kerberos
0x00000001b10f9000 	/System/Library/Frameworks/GSS.framework/Versions/A/GSS
0x00000001b0a3c000 	/usr/lib/libresolv.9.dylib
0x00000001aed63000 	/System/Library/PrivateFrameworks/Heimdal.framework/Versions/A/Heimdal
0x00000001b7a94000 	/System/Library/Frameworks/Kerberos.framework/Versions/A/Libraries/libHeimdalProxy.dylib
0x00000001b1149000 	/System/Library/PrivateFrameworks/CommonAuth.framework/Versions/A/CommonAuth
0x00000002068bd000 	/System/Library/Frameworks/AVFAudio.framework/Versions/A/AVFAudio
0x00000001bec8f000 	/System/Library/PrivateFrameworks/AXCoreUtilities.framework/Versions/A/AXCoreUtilities
0x00000001b0916000 	/System/Library/PrivateFrameworks/AudioSession.framework/Versions/A/AudioSession
0x00000001b1eb1000 	/System/Library/Frameworks/IOBluetooth.framework/Versions/A/IOBluetooth
0x00000001ae841000 	/System/Library/PrivateFrameworks/MediaExperience.framework/Versions/A/MediaExperience
0x00000001b07b1000 	/System/Library/PrivateFrameworks/AudioSession.framework/libSessionUtility.dylib
0x00000001b0d91000 	/System/Library/PrivateFrameworks/AudioResourceArbitration.framework/Versions/A/AudioResourceArbitration
0x00000001b4d96000 	/System/Library/PrivateFrameworks/PowerLog.framework/Versions/A/PowerLog
0x00000001b4cd8000 	/System/Library/Frameworks/CoreBluetooth.framework/Versions/A/CoreBluetooth
0x00000001b7a95000 	/System/Library/Frameworks/AudioUnit.framework/Versions/A/AudioUnit
0x00000001acea5000 	/System/Library/PrivateFrameworks/CoreUtils.framework/Versions/A/CoreUtils
0x0000000211646000 	/System/Library/PrivateFrameworks/CoreUtilsExtras.framework/Versions/A/CoreUtilsExtras
0x0000000216419000 	/System/Library/PrivateFrameworks/IO80211.framework/Versions/A/IO80211
0x00000001ae7b1000 	/System/Library/PrivateFrameworks/IconFoundation.framework/Versions/A/IconFoundation
0x00000001b3dac000 	/System/Library/PrivateFrameworks/SpeechRecognitionCore.framework/Versions/A/SpeechRecognitionCore
0x00000001052a0000 	/Users/meo/Library/Java/JavaVirtualMachines/corretto-17.0.6/Contents/Home/lib/server/libjvm.dylib
0x00000001041fc000 	/Users/meo/Library/Java/JavaVirtualMachines/corretto-17.0.6/Contents/Home/lib/libjimage.dylib
0x00000001042b0000 	/Users/meo/Library/Java/JavaVirtualMachines/corretto-17.0.6/Contents/Home/lib/libinstrument.dylib
0x00000001042fc000 	/Users/meo/Library/Java/JavaVirtualMachines/corretto-17.0.6/Contents/Home/lib/libjava.dylib
0x0000000104db0000 	/Users/meo/Library/Java/JavaVirtualMachines/corretto-17.0.6/Contents/Home/lib/libnio.dylib
0x0000000104dd0000 	/Users/meo/Library/Java/JavaVirtualMachines/corretto-17.0.6/Contents/Home/lib/libnet.dylib
0x0000000104f00000 	/Users/meo/Library/Java/JavaVirtualMachines/corretto-17.0.6/Contents/Home/lib/libzip.dylib
0x00000001042e0000 	/Users/meo/.openjfx/cache/18+12/libprism_es2.dylib
0x00000001f1b58000 	/System/Library/Frameworks/OpenGL.framework/Versions/A/Resources/GLEngine.bundle/GLEngine
0x00000001f19e2000 	/System/Library/Frameworks/OpenGL.framework/Versions/A/Libraries/libGLProgrammability.dylib
0x0000000105200000 	/System/Library/Extensions/AppleMetalOpenGLRenderer.bundle/Contents/MacOS/AppleMetalOpenGLRenderer
0x00000001f1cc6000 	/System/Library/Frameworks/OpenGL.framework/Versions/A/Resources/GLRendererFloat.bundle/GLRendererFloat
0x00000001eceb8000 	/System/Library/Extensions/AGXMetalG13X.bundle/Contents/MacOS/AGXMetalG13X
0x00000001c3abb000 	/System/Library/PrivateFrameworks/GPURawCounter.framework/Versions/A/GPURawCounter
0x00000001bdd3a000 	/System/Library/PrivateFrameworks/IOGPU.framework/Versions/A/IOGPU
0x0000000127f10000 	/Users/meo/.openjfx/cache/18+12/libglass.dylib
0x00000001b4fe6000 	/System/Library/Frameworks/FileProvider.framework/Versions/A/FileProvider
0x00000001a8681000 	/System/Library/Frameworks/Accounts.framework/Versions/A/Accounts
0x00000001aa3d1000 	/System/Library/PrivateFrameworks/UserManagement.framework/Versions/A/UserManagement
0x00000001b5170000 	/System/Library/PrivateFrameworks/GenerationalStorage.framework/Versions/A/GenerationalStorage
0x00000001b5d8d000 	/System/Library/PrivateFrameworks/CoreSymbolication.framework/Versions/A/CoreSymbolication
0x00000001b4d8a000 	/System/Library/PrivateFrameworks/SymptomDiagnosticReporter.framework/Versions/A/SymptomDiagnosticReporter
0x00000001a6800000 	/System/Library/PrivateFrameworks/DesktopServicesPriv.framework/Versions/A/DesktopServicesPriv
0x00000001a56e7000 	/usr/lib/libsandbox.1.dylib
0x00000001b5d4e000 	/System/Library/PrivateFrameworks/DebugSymbols.framework/Versions/A/DebugSymbols
0x00000001b0d6c000 	/System/Library/PrivateFrameworks/NetAuth.framework/Versions/A/NetAuth
0x00000001b1d25000 	/System/Library/PrivateFrameworks/Sharing.framework/Versions/A/Sharing
0x00000001aa395000 	/System/Library/PrivateFrameworks/login.framework/Versions/A/Frameworks/loginsupport.framework/Versions/A/loginsupport
0x00000001b6f91000 	/System/Library/PrivateFrameworks/Apple80211.framework/Versions/A/Apple80211
0x00000001ad78d000 	/System/Library/PrivateFrameworks/AuthKit.framework/Versions/A/AuthKit
0x00000001ace27000 	/System/Library/Frameworks/CoreWLAN.framework/Versions/A/CoreWLAN
0x00000001b6f95000 	/System/Library/PrivateFrameworks/CoreWiFi.framework/Versions/A/CoreWiFi
0x00000001e5a0c000 	/System/Library/PrivateFrameworks/WiFiPeerToPeer.framework/Versions/A/WiFiPeerToPeer
0x00000001b5906000 	/System/Library/PrivateFrameworks/FrontBoardServices.framework/Versions/A/FrontBoardServices
0x00000001b59a2000 	/System/Library/PrivateFrameworks/BoardServices.framework/Versions/A/BoardServices
0x00000001b7120000 	/System/Library/PrivateFrameworks/BackBoardServices.framework/Versions/A/BackBoardServices
0x00000001ad8f1000 	/System/Library/Frameworks/UserNotifications.framework/Versions/A/UserNotifications
0x00000001b1243000 	/System/Library/PrivateFrameworks/CorePhoneNumbers.framework/Versions/A/CorePhoneNumbers
0x00000001b0a69000 	/System/Library/PrivateFrameworks/MultiverseSupport.framework/Versions/A/MultiverseSupport
0x00000001b73a9000 	/System/Library/PrivateFrameworks/RemoteServiceDiscovery.framework/Versions/A/RemoteServiceDiscovery
0x00000001b4eb6000 	/System/Library/PrivateFrameworks/DiskManagement.framework/Versions/A/DiskManagement
0x00000001b4dbd000 	/System/Library/PrivateFrameworks/AppleIDAuthSupport.framework/Versions/A/AppleIDAuthSupport
0x000000020b8b6000 	/System/Library/PrivateFrameworks/AAAFoundation.framework/Versions/A/AAAFoundation
0x00000001b121b000 	/System/Library/PrivateFrameworks/KeychainCircle.framework/Versions/A/KeychainCircle
0x00000001b73bd000 	/System/Library/PrivateFrameworks/RemoteXPC.framework/Versions/A/RemoteXPC
0x00000001b4e82000 	/System/Library/PrivateFrameworks/MediaKit.framework/Versions/A/MediaKit
0x00000001b4dca000 	/System/Library/Frameworks/DiscRecording.framework/Versions/A/DiscRecording
0x00000001ae6bc000 	/usr/lib/libCoreStorage.dylib
0x00000001b7425000 	/usr/lib/libcsfde.dylib
0x00000001b1f86000 	/System/Library/PrivateFrameworks/ProtectedCloudStorage.framework/Versions/A/ProtectedCloudStorage
0x00000001b741d000 	/System/Library/PrivateFrameworks/EFILogin.framework/Versions/A/EFILogin
0x00000001b5196000 	/System/Library/PrivateFrameworks/OctagonTrust.framework/Versions/A/OctagonTrust
0x00000001ae6b4000 	/usr/lib/libMatch.1.dylib
0x00000001c83d5000 	/System/Library/Frameworks/Accelerate.framework/Versions/A/Frameworks/vImage.framework/Versions/A/Libraries/libCGInterfaces.dylib
0x000000012a7e8000 	/usr/lib/libobjc-trampolines.dylib
0x000000022b63d000 	/usr/lib/libAccessibilityBaseImplementations.dylib
0x00000001aa07e000 	/System/Library/PrivateFrameworks/ViewBridge.framework/Versions/A/ViewBridge
0x000000012fee4000 	/Users/meo/.openjfx/cache/18+12/libjavafx_font.dylib
0x00000001aee26000 	/System/Library/PrivateFrameworks/login.framework/Versions/A/login
0x000000014d598000 	/System/Library/Frameworks/FileProvider.framework/OverrideBundles/CloudDocsFileProvider.bundle/Contents/MacOS/CloudDocsFileProvider
0x00000001aa6b5000 	/System/Library/PrivateFrameworks/CloudDocs.framework/Versions/A/CloudDocs
0x00000001b77a9000 	/System/Library/PrivateFrameworks/AppleAccount.framework/Versions/A/AppleAccount
0x00000001aa3fc000 	/System/Library/Frameworks/CloudKit.framework/Versions/A/CloudKit
0x00000001b1f6d000 	/System/Library/PrivateFrameworks/AppContainer.framework/Versions/A/AppContainer
0x00000001b1980000 	/System/Library/PrivateFrameworks/IDS.framework/Versions/A/IDS
0x00000001b78fc000 	/System/Library/PrivateFrameworks/AppleIDSSOAuthentication.framework/Versions/A/AppleIDSSOAuthentication
0x00000001aa398000 	/System/Library/PrivateFrameworks/ApplePushService.framework/Versions/A/ApplePushService
0x00000001b74a6000 	/System/Library/PrivateFrameworks/AppSupport.framework/Versions/A/AppSupport
0x00000001b0703000 	/System/Library/PrivateFrameworks/IMFoundation.framework/Versions/A/IMFoundation
0x00000001be3c5000 	/System/Library/PrivateFrameworks/Marco.framework/Versions/A/Marco
0x00000001b1b09000 	/System/Library/PrivateFrameworks/IDSFoundation.framework/Versions/A/IDSFoundation
0x00000001a86fe000 	/System/Library/PrivateFrameworks/CommonUtilities.framework/Versions/A/CommonUtilities
0x00000001c3658000 	/System/Library/PrivateFrameworks/FTServices.framework/Versions/A/FTServices
0x00000001bb548000 	/System/Library/PrivateFrameworks/Engram.framework/Versions/A/Engram
0x00000001bb4ea000 	/usr/lib/libtidy.A.dylib
0x00000001aefed000 	/System/Library/PrivateFrameworks/Bom.framework/Versions/A/Bom
0x00000001b0a79000 	/usr/lib/libParallelCompression.dylib
0x00000001ae539000 	/System/Library/PrivateFrameworks/CrashReporterSupport.framework/Versions/A/CrashReporterSupport
0x00000001ce6e7000 	/System/Library/PrivateFrameworks/FTAWD.framework/Versions/A/FTAWD
0x00000001d0c7b000 	/System/Library/PrivateFrameworks/OSAnalytics.framework/Versions/A/OSAnalytics
0x00000001dc7ff000 	/System/Library/PrivateFrameworks/Symbolication.framework/Versions/A/Symbolication
0x00000001c3a79000 	/System/Library/PrivateFrameworks/MallocStackLogging.framework/Versions/A/MallocStackLogging
0x000000020aa0d000 	/System/Library/Frameworks/SharedWithYouCore.framework/Versions/A/SharedWithYouCore
0x000000022b74c000 	/usr/lib/libBASupport.dylib
0x00000001c2ccd000 	/System/Library/Frameworks/AVFoundation.framework/Versions/A/AVFoundation
0x00000001b7b4b000 	/System/Library/PrivateFrameworks/C2.framework/Versions/A/C2
0x00000001ab5dc000 	/System/Library/Frameworks/CoreLocation.framework/Versions/A/CoreLocation
0x000000020e458000 	/System/Library/PrivateFrameworks/CloudKitDistributedSync.framework/Versions/A/CloudKitDistributedSync
0x00000001b7b42000 	/System/Library/Frameworks/PushKit.framework/Versions/A/PushKit
0x000000020738c000 	/System/Library/Frameworks/CoreTransferable.framework/Versions/A/CoreTransferable
0x00000001e1622000 	/System/Library/Frameworks/CryptoKit.framework/Versions/A/CryptoKit
0x00000001e597f000 	/System/Library/PrivateFrameworks/FeatureFlags.framework/Versions/A/FeatureFlags
0x00000001d9c00000 	/usr/lib/swift/libswiftAVFoundation.dylib
0x00000001c3abf000 	/usr/lib/swift/libswiftCoreAudio.dylib
0x00000001c83ef000 	/usr/lib/swift/libswiftCoreLocation.dylib
0x00000001c83f2000 	/usr/lib/swift/libswiftCoreMIDI.dylib
0x00000001d8848000 	/usr/lib/swift/libswiftCoreMedia.dylib
0x00000001ce161000 	/usr/lib/swift/libswiftMetal.dylib
0x00000001d15e3000 	/usr/lib/swift/libswiftQuartzCore.dylib
0x00000001d54ad000 	/usr/lib/swift/libswiftUniformTypeIdentifiers.dylib
0x00000001c695a000 	/usr/lib/swift/libswiftsimd.dylib
0x00000001b56d9000 	/System/Library/PrivateFrameworks/AVFCore.framework/Versions/A/AVFCore
0x00000001bcb03000 	/System/Library/PrivateFrameworks/AVFCapture.framework/Versions/A/AVFCapture
0x00000001c1631000 	/System/Library/PrivateFrameworks/AirPlaySync.framework/Versions/A/AirPlaySync
0x00000001af94d000 	/System/Library/Frameworks/MediaToolbox.framework/Versions/A/MediaToolbox
0x00000001b4fb2000 	/System/Library/PrivateFrameworks/CoreAVCHD.framework/Versions/A/CoreAVCHD
0x00000001b4496000 	/System/Library/Frameworks/MediaAccessibility.framework/Versions/A/MediaAccessibility
0x00000001b4fae000 	/System/Library/PrivateFrameworks/Mangrove.framework/Versions/A/Mangrove
0x000000020e0e3000 	/System/Library/PrivateFrameworks/CMPhoto.framework/Versions/A/CMPhoto
0x00000001b4fa2000 	/System/Library/PrivateFrameworks/CoreAUC.framework/Versions/A/CoreAUC
0x000000020e0b4000 	/System/Library/PrivateFrameworks/CMImaging.framework/Versions/A/CMImaging
0x00000001bcc7b000 	/System/Library/PrivateFrameworks/Quagga.framework/Versions/A/Quagga
0x00000001bcd4e000 	/System/Library/PrivateFrameworks/CMCapture.framework/Versions/A/CMCapture
0x00000001b0b39000 	/System/Library/Frameworks/CoreMediaIO.framework/Versions/A/CoreMediaIO
0x00000001c3a0b000 	/System/Library/PrivateFrameworks/LoggingSupport.framework/Versions/A/LoggingSupport
0x00000001b94e3000 	/System/Library/PrivateFrameworks/RTCReporting.framework/Versions/A/RTCReporting
0x00000001b224a000 	/System/Library/PrivateFrameworks/GeoServices.framework/Versions/A/GeoServices
0x00000001b077c000 	/System/Library/PrivateFrameworks/LocationSupport.framework/Versions/A/LocationSupport
0x0000000213868000 	/System/Library/PrivateFrameworks/GeoServicesCore.framework/Versions/A/GeoServicesCore
0x00000001bec84000 	/System/Library/PrivateFrameworks/PhoneNumbers.framework/Versions/A/PhoneNumbers
0x00000001e1423000 	/usr/lib/swift/libswiftNetwork.dylib
0x00000001b7a8e000 	/System/Library/PrivateFrameworks/CryptoKitCBridging.framework/Versions/A/CryptoKitCBridging
0x00000001b5a4c000 	/System/Library/Frameworks/CryptoTokenKit.framework/Versions/A/CryptoTokenKit
0x00000001d8846000 	/usr/lib/swift/libswiftCryptoTokenKit.dylib
0x00000001b5aaa000 	/System/Library/Frameworks/LocalAuthentication.framework/Versions/A/LocalAuthentication
0x00000001b5af4000 	/System/Library/Frameworks/LocalAuthentication.framework/Support/SharedUtils.framework/Versions/A/SharedUtils
0x00000001c197e000 	/usr/lib/swift/libswiftCoreGraphics.dylib
0x00000001b1f82000 	/System/Library/PrivateFrameworks/SecCodeWrapper.framework/Versions/A/SecCodeWrapper
0x000000014d5b0000 	/System/Library/Frameworks/FileProvider.framework/OverrideBundles/FileProviderOverride.bundle/Contents/MacOS/FileProviderOverride
0x000000014d650000 	/System/Library/Frameworks/FileProvider.framework/OverrideBundles/FinderSyncCollaborationFileProviderOverride.bundle/Contents/MacOS/FinderSyncCollaborationFileProviderOverride
0x00000001d5394000 	/System/Library/PrivateFrameworks/FinderSyncPriv.framework/Versions/A/FinderSyncPriv
0x00000001c144d000 	/usr/lib/libFosl_dynamic.dylib
0x00000001c79cb000 	/usr/lib/libncurses.5.4.dylib
0x0000000159f4c000 	/Users/meo/.openjfx/cache/18+12/libglib-lite.dylib
0x000000015a224000 	/Users/meo/.openjfx/cache/18+12/libgstreamer-lite.dylib
0x000000014d700000 	/Users/meo/.openjfx/cache/18+12/libjfxmedia.dylib
0x000000014d73c000 	/Users/meo/.openjfx/cache/18+12/libjfxmedia_avf.dylib
0x000000014d75c000 	/Users/meo/.openjfx/cache/18+12/libfxplugins.dylib
0x000000020af35000 	/System/Library/Frameworks/VideoDecodeAcceleration.framework/Versions/A/VideoDecodeAcceleration
0x000000015a08c000 	/System/Library/Components/CoreAudio.component/Contents/MacOS/CoreAudio
0x000000015c2ac000 	/System/Library/Components/AudioCodecs.component/Contents/MacOS/AudioCodecs
0x00000001b44cc000 	/System/Library/PrivateFrameworks/SystemAdministration.framework/Versions/A/SystemAdministration
0x00000001b3d74000 	/System/Library/Frameworks/DirectoryService.framework/Versions/A/DirectoryService
0x00000001b72b1000 	/System/Library/PrivateFrameworks/DiskImages.framework/Versions/A/DiskImages
0x00000001ad108000 	/System/Library/Frameworks/ServiceManagement.framework/Versions/A/ServiceManagement
0x00000001b749e000 	/System/Library/PrivateFrameworks/LoginUIKit.framework/Versions/A/Frameworks/LoginUICore.framework/Versions/A/LoginUICore
0x00000001aefe9000 	/usr/lib/libodfde.dylib
0x00000001b7431000 	/usr/lib/libcurl.4.dylib
0x000000022bc1b000 	/usr/lib/libcrypto.46.dylib
0x000000022c255000 	/usr/lib/libssl.48.dylib
0x00000001b7143000 	/System/Library/Frameworks/LDAP.framework/Versions/A/LDAP
0x00000001b7183000 	/System/Library/PrivateFrameworks/TrustEvaluationAgent.framework/Versions/A/TrustEvaluationAgent
0x00000001b0a55000 	/usr/lib/libsasl2.2.dylib


VM Arguments:
jvm_args: -javaagent:/Applications/IntelliJ IDEA.app/Contents/lib/idea_rt.jar=50810:/Applications/IntelliJ IDEA.app/Contents/bin -Dfile.encoding=UTF-8 --module-path=/Users/meo/Desktop/CSC1004/javaproject/CSC1004java/target/classes:/Users/meo/.m2/repository/org/openjfx/javafx-base/18/javafx-base-18-mac-aarch64.jar:/Users/meo/.m2/repository/org/openjfx/javafx-fxml/18/javafx-fxml-18-mac-aarch64.jar:/Users/meo/.m2/repository/com/github/almasb/fxgl-entity/17.2/fxgl-entity-17.2.jar:/Users/meo/.m2/repository/com/github/almasb/fxgl/17.2/fxgl-17.2.jar:/Users/meo/.m2/repository/com/gluonhq/attach/audio/4.0.13/audio-4.0.13.jar:/Users/meo/.m2/repository/com/github/almasb/fxgl-gameplay/17.2/fxgl-gameplay-17.2.jar:/Users/meo/.m2/repository/com/fasterxml/jackson/core/jackson-annotations/2.12.1/jackson-annotations-2.12.1.jar:/Users/meo/.m2/repository/com/github/almasb/fxgl-io/17.2/fxgl-io-17.2.jar:/Users/meo/.m2/repository/com/gluonhq/attach/storage/4.0.13/storage-4.0.13.jar:/Users/meo/.m2/repository/com/github/almasb/fxgl-scene/17.2/fxgl-scene-17.2.jar:/Users/meo/.m2/repository/org/openjfx/javafx-controls/18/javafx-controls-18-mac-aarch64.jar:/Users/meo/.m2/repository/com/fasterxml/jackson/core/jackson-databind/2.12.1/jackson-databind-2.12.1.jar:/Users/meo/.m2/repository/org/jetbrains/kotlin/kotlin-stdlib/1.6.0/kotlin-stdlib-1.6.0-modular.jar:/Users/meo/.m2/repository/com/gluonhq/attach/lifecycle/4.0.13/lifecycle-4.0.13.jar:/Users/meo/.m2/repository/com/gluonhq/attach/util/4.0.13/util-4.0.13.jar:/Users/meo/.m2/repository/org/openjfx/javafx-graphics/18/javafx-graphics-18-mac-aarch64.jar:/Users/meo/.m2/repository/com/fasterxml/jackson/core/jackson-core/2.12.1/jackson-core-2.12.1.jar:/Users/meo/.m2/repository/com/github/almasb/fxgl-core/17.2/fxgl-core-17.2.jar:/Users/meo/.m2/repository/org/openjfx/javafx-media/18/javafx-media-18-mac-aarch64.jar:/Users/meo/.m2/repository/org/jetbrains/annotations/13.0/annotations-13.0.jar -Djdk.module.main=CSC1004java 
java_command: CSC1004java/testPackage.McDonalismApp
java_class_path (initial): /Users/meo/.m2/repository/org/openjfx/javafx-fxml/18/javafx-fxml-18.jar:/Users/meo/.m2/repository/org/openjfx/javafx-controls/18/javafx-controls-18.jar:/Users/meo/.m2/repository/org/openjfx/javafx-graphics/18/javafx-graphics-18.jar:/Users/meo/.m2/repository/org/openjfx/javafx-base/18/javafx-base-18.jar:/Users/meo/.m2/repository/org/openjfx/javafx-media/18/javafx-media-18.jar:/Users/meo/.m2/repository/org/jetbrains/kotlin/kotlin-stdlib-common/1.6.0/kotlin-stdlib-common-1.6.0.jar
Launcher Type: SUN_STANDARD

[Global flags]
     intx CICompilerCount                          = 4                                         {product} {ergonomic}
     uint ConcGCThreads                            = 2                                         {product} {ergonomic}
     uint G1ConcRefinementThreads                  = 8                                         {product} {ergonomic}
   size_t G1HeapRegionSize                         = 2097152                                   {product} {ergonomic}
    uintx GCDrainStackTargetSize                   = 64                                        {product} {ergonomic}
   size_t InitialHeapSize                          = 268435456                                 {product} {ergonomic}
   size_t MarkStackSize                            = 4194304                                   {product} {ergonomic}
   size_t MaxHeapSize                              = 4294967296                                {product} {ergonomic}
   size_t MaxNewSize                               = 2575302656                                {product} {ergonomic}
   size_t MinHeapDeltaBytes                        = 2097152                                   {product} {ergonomic}
   size_t MinHeapSize                              = 8388608                                   {product} {ergonomic}
    uintx NonNMethodCodeHeapSize                   = 5839564                                {pd product} {ergonomic}
    uintx NonProfiledCodeHeapSize                  = 122909338                              {pd product} {ergonomic}
    uintx ProfiledCodeHeapSize                     = 122909338                              {pd product} {ergonomic}
    uintx ReservedCodeCacheSize                    = 251658240                              {pd product} {ergonomic}
     bool SegmentedCodeCache                       = true                                      {product} {ergonomic}
   size_t SoftMaxHeapSize                          = 4294967296                             {manageable} {ergonomic}
     bool UseCompressedClassPointers               = true                           {product lp64_product} {ergonomic}
     bool UseCompressedOops                        = true                           {product lp64_product} {ergonomic}
     bool UseG1GC                                  = true                                      {product} {ergonomic}
     bool UseNUMA                                  = false                                     {product} {ergonomic}
     bool UseNUMAInterleaving                      = false                                     {product} {ergonomic}

Logging:
Log output configuration:
 #0: stdout all=warning uptime,level,tags
 #1: stderr all=off uptime,level,tags

Environment Variables:
PATH=/Users/meo/miniconda3/bin:/Users/meo/miniconda3/condabin:/Library/Frameworks/Python.framework/Versions/3.11/bin:/usr/local/bin:/System/Cryptexes/App/usr/bin:/usr/bin:/bin:/usr/sbin:/sbin:/Library/Apple/usr/bin
SHELL=/bin/zsh
LC_CTYPE=zh_CN.UTF-8
TMPDIR=/var/folders/f9/3g9195jn2vx4k8cypvc_cjr80000gn/T/

Signal Handlers:
   SIGSEGV: crash_handler in libjvm.dylib, mask=11100110000111110111111111111111, flags=SA_RESTART|SA_SIGINFO
    SIGBUS: crash_handler in libjvm.dylib, mask=11100110000111110111111111111111, flags=SA_RESTART|SA_SIGINFO
    SIGFPE: crash_handler in libjvm.dylib, mask=11100110000111110111111111111111, flags=SA_RESTART|SA_SIGINFO
   SIGPIPE: javaSignalHandler in libjvm.dylib, mask=11100110000111110111111111111111, flags=SA_RESTART|SA_SIGINFO
   SIGXFSZ: javaSignalHandler in libjvm.dylib, mask=11100110000111110111111111111111, flags=SA_RESTART|SA_SIGINFO
    SIGILL: crash_handler in libjvm.dylib, mask=11100110000111110111111111111111, flags=SA_RESTART|SA_SIGINFO
   SIGUSR2: SR_handler in libjvm.dylib, mask=00100000000000000000000000000000, flags=SA_RESTART|SA_SIGINFO
    SIGHUP: UserHandler in libjvm.dylib, mask=11100110000111110111111111111111, flags=SA_RESTART|SA_SIGINFO
    SIGINT: UserHandler in libjvm.dylib, mask=11100110000111110111111111111111, flags=SA_RESTART|SA_SIGINFO
   SIGTERM: UserHandler in libjvm.dylib, mask=11100110000111110111111111111111, flags=SA_RESTART|SA_SIGINFO
   SIGQUIT: UserHandler in libjvm.dylib, mask=11100110000111110111111111111111, flags=SA_RESTART|SA_SIGINFO
   SIGTRAP: crash_handler in libjvm.dylib, mask=11100110000111110111111111111111, flags=SA_RESTART|SA_SIGINFO


---------------  S Y S T E M  ---------------

OS:
uname: Darwin 22.3.0 Darwin Kernel Version 22.3.0: Mon Jan 30 20:38:37 PST 2023; root:xnu-8792.81.3~2/RELEASE_ARM64_T6000 arm64
OS uptime: 7 days 8:28 hours
rlimit (soft/hard): STACK 8176k/65520k , CORE 0k/infinity , NPROC 2666/4000 , NOFILE 10240/infinity , AS infinity/infinity , CPU infinity/infinity , DATA infinity/infinity , FSIZE infinity/infinity , MEMLOCK infinity/infinity , RSS infinity/infinity
load average: 2.39 2.07 2.03

CPU: total 8 (initial active 8) 0x61:0x0:0x1b588bb3:0, fp, simd, crc, lse

Memory: 16k page, physical 16777216k(53568k free), swap 0k(0k free)

vm_info: OpenJDK 64-Bit Server VM (17.0.6+10-LTS) for bsd-aarch64 JRE (17.0.6+10-LTS), built on Jan 10 2023 21:43:09 by "ec2user" with clang Apple LLVM 13.0.0 (clang-1300.0.29.30)

END.
