#
# A fatal error has been detected by the Java Runtime Environment:
#
#  SIGBUS (0xa) at pc=0x00000001a7537278, pid=57836, tid=259
#
# JRE version: OpenJDK Runtime Environment Corretto-17.0.6.10.1 (17.0.6+10) (build 17.0.6+10-LTS)
# Java VM: OpenJDK 64-Bit Server VM Corretto-17.0.6.10.1 (17.0.6+10-LTS, mixed mode, sharing, tiered, compressed oops, compressed class ptrs, g1 gc, bsd-aarch64)
# Problematic frame:
# C  [CoreGraphics+0xd278]  ERROR_CGDataProvider_BufferIsNotReadable+0x30
#
# No core dump will be written. Core dumps have been disabled. To enable core dumping, try "ulimit -c unlimited" before starting Java again
#
# If you would like to submit a bug report, please visit:
#   https://github.com/corretto/corretto-17/issues/
# The crash happened outside the Java Virtual Machine in native code.
# See problematic frame for where to report the bug.
#

---------------  S U M M A R Y ------------

Command Line: -javaagent:/Applications/IntelliJ IDEA.app/Contents/lib/idea_rt.jar=51170:/Applications/IntelliJ IDEA.app/Contents/bin -Dfile.encoding=UTF-8 --module-path=/Users/meo/Desktop/CSC1004/javaproject/CSC1004java/target/classes:/Users/meo/.m2/repository/org/openjfx/javafx-base/18/javafx-base-18-mac-aarch64.jar:/Users/meo/.m2/repository/org/openjfx/javafx-fxml/18/javafx-fxml-18-mac-aarch64.jar:/Users/meo/.m2/repository/com/github/almasb/fxgl-entity/17.2/fxgl-entity-17.2.jar:/Users/meo/.m2/repository/com/github/almasb/fxgl/17.2/fxgl-17.2.jar:/Users/meo/.m2/repository/com/gluonhq/attach/audio/4.0.13/audio-4.0.13.jar:/Users/meo/.m2/repository/com/github/almasb/fxgl-gameplay/17.2/fxgl-gameplay-17.2.jar:/Users/meo/.m2/repository/com/fasterxml/jackson/core/jackson-annotations/2.12.1/jackson-annotations-2.12.1.jar:/Users/meo/.m2/repository/com/github/almasb/fxgl-io/17.2/fxgl-io-17.2.jar:/Users/meo/.m2/repository/com/gluonhq/attach/storage/4.0.13/storage-4.0.13.jar:/Users/meo/.m2/repository/com/github/almasb/fxgl-scene/17.2/fxgl-scene-17.2.jar:/Users/meo/.m2/repository/org/openjfx/javafx-controls/18/javafx-controls-18-mac-aarch64.jar:/Users/meo/.m2/repository/com/fasterxml/jackson/core/jackson-databind/2.12.1/jackson-databind-2.12.1.jar:/Users/meo/.m2/repository/org/jetbrains/kotlin/kotlin-stdlib/1.6.0/kotlin-stdlib-1.6.0-modular.jar:/Users/meo/.m2/repository/com/gluonhq/attach/lifecycle/4.0.13/lifecycle-4.0.13.jar:/Users/meo/.m2/repository/com/gluonhq/attach/util/4.0.13/util-4.0.13.jar:/Users/meo/.m2/repository/org/openjfx/javafx-graphics/18/javafx-graphics-18-mac-aarch64.jar:/Users/meo/.m2/repository/com/fasterxml/jackson/core/jackson-core/2.12.1/jackson-core-2.12.1.jar:/Users/meo/.m2/repository/com/github/almasb/fxgl-core/17.2/fxgl-core-17.2.jar:/Users/meo/.m2/repository/org/openjfx/javafx-media/18/javafx-media-18-mac-aarch64.jar:/Users/meo/.m2/repository/org/jetbrains/annotations/13.0/annotations-13.0.jar -Djdk.module.main=CSC1004java CSC1004java/testPackage.McDonalismApp

Host: "MacBookPro18,3" arm64, 8 cores, 16G, Darwin 22.3.0, macOS 13.2.1 (22D68)
Time: Thu Mar 30 17:02:52 2023 CST elapsed time: 35.809322 seconds (0d 0h 0m 35s)

---------------  T H R E A D  ---------------

Current thread (0x000000014f8b0600):  JavaThread "JavaFX Application Thread" [_thread_in_native, id=259, stack(0x000000016ecc4000,0x000000016f4c0000)]

Stack: [0x000000016ecc4000,0x000000016f4c0000],  sp=0x000000016f4ba0f0,  free space=8152k
Native frames: (J=compiled Java code, j=interpreted, Vv=VM code, C=native code)
C  [CoreGraphics+0xd278]  ERROR_CGDataProvider_BufferIsNotReadable+0x30
C  [CoreGraphics+0xd0e4]  CGDataProviderRetainBytePtr+0x10c
C  [CoreGraphics+0x1b371c]  CGDataProviderCreateProtectedCopy+0x1c
C  [CoreGraphics+0x17d980]  CGImageCreateCopyWithProtectedDataProvider+0x48
C  [CoreGraphics+0x343e4]  CGContextDrawImageWithOptions+0x134
C  [SkyLight+0x229d3c]  SLSRegisterCursorWithImages+0x2a4
C  [AppKit+0x18e158]  -[NSCursor _reallySet]+0x204
C  [AppKit+0x18dedc]  -[NSCursor set]+0x90
C  [libglass.dylib+0x698c]  Java_com_sun_glass_ui_mac_MacCursor__1setCustom+0x118
j  com.sun.glass.ui.mac.MacCursor._setCustom(J)V+0 javafx.graphics@18
j  com.sun.glass.ui.mac.MacCursor.set()V+60 javafx.graphics@18
j  com.sun.glass.ui.mac.MacWindow._setCursor(JLcom/sun/glass/ui/Cursor;)V+4 javafx.graphics@18
j  com.sun.glass.ui.Window.setCursor(Lcom/sun/glass/ui/Cursor;)V+9 javafx.graphics@18
j  com.sun.javafx.tk.quantum.ViewScene.lambda$setCursor$1(Ljava/lang/Object;)V+34 javafx.graphics@18
j  com.sun.javafx.tk.quantum.ViewScene$$Lambda$250+0x0000000800da08d8.run()V+8 javafx.graphics@18
j  com.sun.glass.ui.InvokeLaterDispatcher$Future.run()V+4 javafx.graphics@18
v  ~StubRoutines::call_stub
V  [libjvm.dylib+0x46eabc]  JavaCalls::call_helper(JavaValue*, methodHandle const&, JavaCallArguments*, JavaThread*)+0x390
V  [libjvm.dylib+0x4c9d34]  jni_invoke_nonstatic(JNIEnv_*, JavaValue*, _jobject*, JNICallType, _jmethodID*, JNI_ArgumentPusher*, JavaThread*)+0x2cc
V  [libjvm.dylib+0x4ce374]  jni_CallVoidMethod+0x138
C  [libglass.dylib+0x9a20]  JNI_OnLoad+0xcc
C  [Foundation+0x7a900]  __NSThreadPerformPerform+0x108
C  [CoreFoundation+0x81a08]  __CFRUNLOOP_IS_CALLING_OUT_TO_A_SOURCE0_PERFORM_FUNCTION__+0x1c
C  [CoreFoundation+0x8199c]  __CFRunLoopDoSource0+0xb0
C  [CoreFoundation+0x8170c]  __CFRunLoopDoSources0+0xf4
C  [CoreFoundation+0x80310]  __CFRunLoopRun+0x344
C  [CoreFoundation+0x7f878]  CFRunLoopRunSpecific+0x264
C  [HIToolbox+0x31fa0]  RunCurrentEventLoopInMode+0x124
C  [HIToolbox+0x31de4]  ReceiveNextEventCommon+0x2a0
C  [HIToolbox+0x31b2c]  _BlockUntilNextEventMatchingListInModeWithFilter+0x48
C  [AppKit+0x3984c]  _DPSNextEvent+0x278
C  [AppKit+0x389dc]  -[NSApplication(NSEvent) _nextEventMatchingEventMask:untilDate:inMode:dequeue:]+0x2d8
C  [AppKit+0x2ce0c]  -[NSApplication run]+0x1d0
C  [libglass.dylib+0xbba8]  JNI_OnLoad+0x2254
C  [Foundation+0x7a900]  __NSThreadPerformPerform+0x108
C  [CoreFoundation+0x81a08]  __CFRUNLOOP_IS_CALLING_OUT_TO_A_SOURCE0_PERFORM_FUNCTION__+0x1c
C  [CoreFoundation+0x8199c]  __CFRunLoopDoSource0+0xb0
C  [CoreFoundation+0x8170c]  __CFRunLoopDoSources0+0xf4
C  [CoreFoundation+0x80310]  __CFRunLoopRun+0x344
C  [CoreFoundation+0x7f878]  CFRunLoopRunSpecific+0x264
C  [libjli.dylib+0xb7b8]  CreateExecutionEnvironment+0x194
C  [libjli.dylib+0x7b68]  JLI_Launch+0x4b4
C  [java+0x3bac]  main+0x198
C  [dyld+0x5e50]  start+0x9f0

Java frames: (J=compiled Java code, j=interpreted, Vv=VM code)
j  com.sun.glass.ui.mac.MacCursor._setCustom(J)V+0 javafx.graphics@18
j  com.sun.glass.ui.mac.MacCursor.set()V+60 javafx.graphics@18
j  com.sun.glass.ui.mac.MacWindow._setCursor(JLcom/sun/glass/ui/Cursor;)V+4 javafx.graphics@18
j  com.sun.glass.ui.Window.setCursor(Lcom/sun/glass/ui/Cursor;)V+9 javafx.graphics@18
j  com.sun.javafx.tk.quantum.ViewScene.lambda$setCursor$1(Ljava/lang/Object;)V+34 javafx.graphics@18
j  com.sun.javafx.tk.quantum.ViewScene$$Lambda$250+0x0000000800da08d8.run()V+8 javafx.graphics@18
j  com.sun.glass.ui.InvokeLaterDispatcher$Future.run()V+4 javafx.graphics@18
v  ~StubRoutines::call_stub

siginfo: si_signo: 10 (SIGBUS), si_code: 1 (BUS_ADRALN), si_addr: 0x000000070ed114f0

Register to memory mapping:

 x0=0x0000000000000001 is an unknown value
 x1=0x0 is NULL
 x2=0x0 is NULL
 x3=0x000000000000001c is an unknown value
 x4=0x0000000080004000 is an unknown value
 x5=0x000000000000001c is an unknown value
 x6=0x0 is NULL
 x7=0x0 is NULL
 x8=0x000000070ed114f0 is an unallocated location in the heap
 x9=0x0000000000000001 is an unknown value
x10=0x000000013f83b0e8 points into unknown readable memory: 0x0000000000190ab3 | b3 0a 19 00 00 00 00 00
x11=0x0000000000190ab3 is an unknown value
x12=0x0000000000000001 is an unknown value
x13=0x0 is NULL
x14=0x0000000000000002 is an unknown value
x15=0x00000000a583300e is an unknown value
x16=0x00000002e9f59060 is an unknown value
x17=0x00000001fe9b2a00: <offset 0x57488a00> in /System/Library/Frameworks/CoreGraphics.framework/Versions/A/CoreGraphics at 0x00000001a752a000
x18=0x0 is NULL
x19=0x000000013f83b020 points into unknown readable memory: 0x01000001fd9b0d81 | 81 0d 9b fd 01 00 00 01
x20=0x000000013f83b0d0 points into unknown readable memory: 0x000000004d555458 | 58 54 55 4d 00 00 00 00
x21=0x000000013f83b140 points into unknown readable memory: 0x01000001fd9b0d81 | 81 0d 9b fd 01 00 00 01
x22=0x0 is NULL
x23=0x00000000000009c3 is an unknown value
x24=0x00000000000009c3 is an unknown value
x25=0x00006000029f0180 points into unknown readable memory: 0x01000001fd9b01a3 | a3 01 9b fd 01 00 00 01
x26=0x0000000000000001 is an unknown value
x27=0x000060000127e280 points into unknown readable memory: 0x01000001fd9b0d81 | 81 0d 9b fd 01 00 00 01
x28=0x0 is NULL


Registers:
 x0=0x0000000000000001  x1=0x0000000000000000  x2=0x0000000000000000  x3=0x000000000000001c
 x4=0x0000000080004000  x5=0x000000000000001c  x6=0x0000000000000000  x7=0x0000000000000000
 x8=0x000000070ed114f0  x9=0x0000000000000001 x10=0x000000013f83b0e8 x11=0x0000000000190ab3
x12=0x0000000000000001 x13=0x0000000000000000 x14=0x0000000000000002 x15=0x00000000a583300e
x16=0x00000002e9f59060 x17=0x00000001fe9b2a00 x18=0x0000000000000000 x19=0x000000013f83b020
x20=0x000000013f83b0d0 x21=0x000000013f83b140 x22=0x0000000000000000 x23=0x00000000000009c3
x24=0x00000000000009c3 x25=0x00006000029f0180 x26=0x0000000000000001 x27=0x000060000127e280
x28=0x0000000000000000  fp=0x000000016f4ba100  lr=0xbe578001a7537268  sp=0x000000016f4ba0f0
pc=0x00000001a7537278 cpsr=0x0000000060001000
Top of Stack: (sp=0x000000016f4ba0f0)
0x000000016f4ba0f0:   000000013f83b0d0 000000070ed114f0
0x000000016f4ba100:   000000016f4ba150 b7138001a75370e4
0x000000016f4ba110:   0000000300000000 00000001009e4080
0x000000016f4ba120:   00000001009eca00 0000000000000000
0x000000016f4ba130:   0000000000000000 000000013f83b140
0x000000016f4ba140:   0000000000000065 000000013f83b020
0x000000016f4ba150:   000000016f4ba180 f71a0001a76dd71c
0x000000016f4ba160:   0000000000000000 000000013f83b140
0x000000016f4ba170:   0000000000000065 000000013f83b140
0x000000016f4ba180:   000000016f4ba1a0 cb058001a76a7980
0x000000016f4ba190:   0000000000000065 000060000127e280
0x000000016f4ba1a0:   000000016f4ba2d0 634e8001a755e3e4
0x000000016f4ba1b0:   000000013f83b140 00006000029f0180
0x000000016f4ba1c0:   00000000000009c3 00000000000009c3
0x000000016f4ba1d0:   0000600001e1f3d0 0000600001570120
0x000000016f4ba1e0:   0000600001e1f3a0 00006000015702d0
0x000000016f4ba1f0:   000000016f4ba280 10770001a757b3d0
0x000000016f4ba200:   0000000100000003 0000000000000031
0x000000016f4ba210:   00000000000000cc d6d7fc46f962001e
0x000000016f4ba220:   000000013f83b140 00006000029f0180
0x000000016f4ba230:   00000000000009c3 00000000000009c3
0x000000016f4ba240:   000000013f83b140 00006000029f0180
0x000000016f4ba250:   00000000000009c3 d6d7fc46f962001e
0x000000016f4ba260:   0000000000000000 0000000000000000
0x000000016f4ba270:   0000000000000000 4049800000000000
0x000000016f4ba280:   4048800000000000 401c000000000000
0x000000016f4ba290:   4018000000000000 0000000000000000
0x000000016f4ba2a0:   00000000000009c3 00000000000009c3
0x000000016f4ba2b0:   0000000000000000 000000016f4ba3a8
0x000000016f4ba2c0:   0000000000000033 0000000000000031
0x000000016f4ba2d0:   000000016f4bad20 f57d8001a733bd3c
0x000000016f4ba2e0:   00000000000000cc 0000000100000000 

Instructions: (pc=0x00000001a7537278)
0x00000001a7537178:   35000100 52800020 a9427bfd a9414ff4
0x00000001a7537188:   9100c3ff d65f0fff 52800000 17fffffb
0x00000001a7537198:   94109254 17fffff8 902a0160 91048000
0x00000001a75371a8:   b02ba341 91068021 9410accc 17ffffde
0x00000001a75371b8:   1410a722 d503237f a9be4ff4 a9017bfd
0x00000001a75371c8:   910043fd aa0003f3 d02b2608 f947d508
0x00000001a75371d8:   b100051f 540002a1 902a0168 3944e108
0x00000001a75371e8:   7100011f fa401a64 54000180 f9408a60
0x00000001a75371f8:   b4000140 52802001 72a10001 a9417bfd
0x00000001a7537208:   a8c24ff4 d50323ff ca1e07d0 b6f00050
0x00000001a7537218:   d4388e20 1410a88d d2800000 a9417bfd
0x00000001a7537228:   a8c24ff4 d65f0fff d02b2600 913ea000
0x00000001a7537238:   b02ba341 91078021 9410aca8 17ffffe7
0x00000001a7537248:   d503237f d10083ff a9017bfd 910043fd
0x00000001a7537258:   f90007e0 39001fff 39001fff 9400000a
0x00000001a7537268:   12000008 7100051f 54000081 f94007e8
0x00000001a7537278:   39400108 39001fe8 a9417bfd 910083ff
0x00000001a7537288:   d65f0fff d503237f a9bf7bfd 910003fd
0x00000001a7537298:   d02b2608 f947dd08 b100051f 540000a1
0x00000001a75372a8:   d02b2608 397ec100 a8c17bfd d65f0fff
0x00000001a75372b8:   d02b2600 913ee000 b02ba341 91080021
0x00000001a75372c8:   9410ac86 17fffff7 d503237f a9bf7bfd
0x00000001a75372d8:   910003fd d2800020 f2c1a040 f2e00140
0x00000001a75372e8:   9410acae d02b2608 393ec100 a8c17bfd
0x00000001a75372f8:   d65f0fff d503237f d100c3ff a9027bfd
0x00000001a7537308:   910083fd f81f83a0 f9000be1 39003fff
0x00000001a7537318:   39003fff 97ffffdc 12000008 7100051f
0x00000001a7537328:   540000c1 f85f83a8 f9400be9 8b090108
0x00000001a7537338:   39400108 39003fe8 a9427bfd 9100c3ff
0x00000001a7537348:   d65f0fff b40000e0 f9402808 90000230
0x00000001a7537358:   911ca210 dac123f0 eb10011f 54000060
0x00000001a7537368:   52800000 d65f03c0 52800020 d65f03c0 


Stack slot to memory mapping:
stack at sp + 0 slots: 0x000000013f83b0d0 points into unknown readable memory: 0x000000004d555458 | 58 54 55 4d 00 00 00 00
stack at sp + 1 slots: 0x000000070ed114f0 is an unallocated location in the heap
stack at sp + 2 slots: 0x000000016f4ba150 is pointing into the stack for thread: 0x000000014f8b0600
stack at sp + 3 slots: 0xb7138001a75370e4: CGDataProviderRetainBytePtr+0x10c in /System/Library/Frameworks/CoreGraphics.framework/Versions/A/CoreGraphics at 0x00000001a752a000
stack at sp + 4 slots: 0x0000000300000000 is an unknown value
stack at sp + 5 slots: 0x00000001009e4080 points into unknown readable memory: 0x0000000100000000 | 00 00 00 00 01 00 00 00
stack at sp + 6 slots: 0x00000001009eca00 points into unknown readable memory: 0x0000000000000000 | 00 00 00 00 00 00 00 00
stack at sp + 7 slots: 0x0 is NULL


---------------  P R O C E S S  ---------------

Threads class SMR info:
_java_thread_list=0x00006000026bac40, length=27, elements={
0x000000013f008200, 0x000000014f035400, 0x000000014f037c00, 0x000000014f80d400,
0x000000014f810c00, 0x000000014f811200, 0x000000014f811800, 0x000000014f812200,
0x000000014f81a800, 0x000000014f823800, 0x000000013f01ac00, 0x000000013f01b200,
0x000000014e91fc00, 0x000000013f081200, 0x000000014e9c8800, 0x000000014f8b0600,
0x000000013e965800, 0x0000000127a31600, 0x0000000127a35a00, 0x000000013f159200,
0x000000014fa73000, 0x000000014fa52c00, 0x000000014ea1dc00, 0x000000013eba9a00,
0x000000013f46cc00, 0x000000013ebbb600, 0x000000013f3dc200
}

Java Threads: ( => current thread )
  0x000000013f008200 JavaThread "main" [_thread_blocked, id=5379, stack(0x000000016f54c000,0x000000016f74f000)]
  0x000000014f035400 JavaThread "Reference Handler" daemon [_thread_blocked, id=19203, stack(0x00000001703a0000,0x00000001705a3000)]
  0x000000014f037c00 JavaThread "Finalizer" daemon [_thread_blocked, id=18179, stack(0x00000001705ac000,0x00000001707af000)]
  0x000000014f80d400 JavaThread "Signal Dispatcher" daemon [_thread_blocked, id=23299, stack(0x00000001708d0000,0x0000000170ad3000)]
  0x000000014f810c00 JavaThread "Service Thread" daemon [_thread_blocked, id=31491, stack(0x0000000170adc000,0x0000000170cdf000)]
  0x000000014f811200 JavaThread "Monitor Deflation Thread" daemon [_thread_blocked, id=31235, stack(0x0000000170ce8000,0x0000000170eeb000)]
  0x000000014f811800 JavaThread "C2 CompilerThread0" daemon [_thread_in_native, id=24323, stack(0x0000000170ef4000,0x00000001710f7000)]
  0x000000014f812200 JavaThread "C1 CompilerThread0" daemon [_thread_blocked, id=24579, stack(0x0000000171100000,0x0000000171303000)]
  0x000000014f81a800 JavaThread "Sweeper thread" daemon [_thread_blocked, id=30467, stack(0x000000017130c000,0x000000017150f000)]
  0x000000014f823800 JavaThread "Common-Cleaner" daemon [_thread_blocked, id=29955, stack(0x0000000171518000,0x000000017171b000)]
  0x000000013f01ac00 JavaThread "Monitor Ctrl-Break" daemon [_thread_in_native, id=29443, stack(0x0000000171930000,0x0000000171b33000)]
  0x000000013f01b200 JavaThread "Notification Thread" daemon [_thread_blocked, id=28931, stack(0x0000000171b3c000,0x0000000171d3f000)]
  0x000000014e91fc00 JavaThread "JavaFX-Launcher" [_thread_blocked, id=28419, stack(0x0000000171f54000,0x0000000172157000)]
  0x000000013f081200 JavaThread "QuantumRenderer-0" daemon [_thread_blocked, id=28163, stack(0x0000000172160000,0x0000000172363000)]
  0x000000014e9c8800 JavaThread "InvokeLaterDispatcher" daemon [_thread_blocked, id=39431, stack(0x000000017236c000,0x000000017256f000)]
=>0x000000014f8b0600 JavaThread "JavaFX Application Thread" [_thread_in_native, id=259, stack(0x000000016ecc4000,0x000000016f4c0000)]
  0x000000013e965800 JavaThread "FXGL Background Thread 1" daemon [_thread_blocked, id=71691, stack(0x00000001732d8000,0x00000001734db000)]
  0x0000000127a31600 JavaThread "Prism Font Disposer" daemon [_thread_blocked, id=76295, stack(0x00000001734e4000,0x00000001736e7000)]
  0x0000000127a35a00 JavaThread "FXGL Background Thread 2" daemon [_thread_blocked, id=77575, stack(0x0000000173b08000,0x0000000173d0b000)]
  0x000000013f159200 JavaThread "FXGL Background Thread 3" daemon [_thread_blocked, id=54023, stack(0x0000000173d14000,0x0000000173f17000)]
  0x000000014fa73000 JavaThread "FXGL Background Thread 4" daemon [_thread_blocked, id=77315, stack(0x0000000173f20000,0x0000000174123000)]
  0x000000014fa52c00 JavaThread "PulseTimer-CVDisplayLink thread" daemon [_thread_in_native, id=130563, stack(0x0000000172fb4000,0x0000000173037000)]
  0x000000014ea1dc00 JavaThread "Cleaner-0" daemon [_thread_blocked, id=129031, stack(0x000000017412c000,0x000000017432f000)]
  0x000000013eba9a00 JavaThread "JFXMedia Player EventQueueThread" daemon [_thread_blocked, id=128355, stack(0x0000000288978000,0x0000000288b7b000)]
  0x000000013f46cc00 JavaThread "Media Resource Disposer" daemon [_thread_blocked, id=132099, stack(0x0000000289728000,0x000000028992b000)]
  0x000000013ebbb600 JavaThread "Timer-0" daemon [_thread_blocked, id=133895, stack(0x0000000289a4c000,0x0000000289c4f000)]
  0x000000013f3dc200 JavaThread "Thread-21" daemon [_thread_blocked, id=68255, stack(0x00000001763c8000,0x00000001765cb000)]

Other Threads:
  0x000000014e708440 VMThread "VM Thread" [stack: 0x0000000170194000,0x0000000170397000] [id=17411]
  0x000000013f80c890 WatcherThread [stack: 0x0000000171d48000,0x0000000171f4b000] [id=25347]
  0x000000013e706080 GCTaskThread "GC Thread#0" [stack: 0x000000016f758000,0x000000016f95b000] [id=14339]
  0x000000014e61e7a0 GCTaskThread "GC Thread#1" [stack: 0x0000000172578000,0x000000017277b000] [id=39171]
  0x000000014e61ec20 GCTaskThread "GC Thread#2" [stack: 0x0000000172784000,0x0000000172987000] [id=38915]
  0x000000014e61f0a0 GCTaskThread "GC Thread#3" [stack: 0x0000000172990000,0x0000000172b93000] [id=36867]
  0x000000014e61f520 GCTaskThread "GC Thread#4" [stack: 0x0000000172b9c000,0x0000000172d9f000] [id=37379]
  0x000000014e61f9a0 GCTaskThread "GC Thread#5" [stack: 0x0000000172da8000,0x0000000172fab000] [id=38403]
  0x000000012472b8d0 GCTaskThread "GC Thread#6" [stack: 0x00000001736f0000,0x00000001738f3000] [id=78175]
  0x00000001246043e0 GCTaskThread "GC Thread#7" [stack: 0x00000001738fc000,0x0000000173aff000] [id=77827]
  0x000000013f804b80 ConcurrentGCThread "G1 Main Marker" [stack: 0x000000016f964000,0x000000016fb67000] [id=13827]
  0x000000013e6043d0 ConcurrentGCThread "G1 Conc#0" [stack: 0x000000016fb70000,0x000000016fd73000] [id=13059]
  0x0000000124506b00 ConcurrentGCThread "G1 Conc#1" [stack: 0x0000000174c04000,0x0000000174e07000] [id=71955]
  0x000000014e606170 ConcurrentGCThread "G1 Refine#0" [stack: 0x000000016fd7c000,0x000000016ff7f000] [id=21507]
  0x000000013f805400 ConcurrentGCThread "G1 Service" [stack: 0x000000016ff88000,0x000000017018b000] [id=21251]

Threads with active compile tasks:
C2 CompilerThread0    35819 6018       4       com.sun.javafx.sg.prism.NGNode::doRender (473 bytes)

VM state: not at safepoint (normal execution)

VM Mutex/Monitor currently owned by a thread: None

Heap address: 0x0000000700000000, size: 4096 MB, Compressed Oops mode: Zero based, Oop shift amount: 3

CDS archive(s) mapped at: [0x0000000800000000-0x0000000800bd8000-0x0000000800bd8000), size 12419072, SharedBaseAddress: 0x0000000800000000, ArchiveRelocationMode: 0.
Compressed class space mapped at: 0x0000000800c00000-0x0000000840c00000, reserved size: 1073741824
Narrow klass base: 0x0000000800000000, Narrow klass shift: 0, Narrow klass range: 0x100000000

GC Precious Log:
 CPUs: 8 total, 8 available
 Memory: 16384M
 Large Page Support: Disabled
 NUMA Support: Disabled
 Compressed Oops: Enabled (Zero based)
 Heap Region Size: 2M
 Heap Min Capacity: 8M
 Heap Initial Capacity: 256M
 Heap Max Capacity: 4G
 Pre-touch: Disabled
 Parallel Workers: 8
 Concurrent Workers: 2
 Concurrent Refinement Workers: 8
 Periodic GC: Disabled

Heap:
 garbage-first heap   total 69632K, used 39259K [0x0000000700000000, 0x0000000800000000)
  region size 2048K, 10 young (20480K), 1 survivors (2048K)
 Metaspace       used 29281K, committed 29632K, reserved 1081344K
  class space    used 3699K, committed 3840K, reserved 1048576K

Heap Regions: E=young(eden), S=young(survivor), O=old, HS=humongous(starts), HC=humongous(continues), CS=collection set, F=free, OA=open archive, CA=closed archive, TAMS=top-at-mark-start (previous, next)
|   0|0x0000000700000000, 0x0000000700200000, 0x0000000700200000|100%| O|  |TAMS 0x0000000700000000, 0x0000000700000000| Untracked 
|   1|0x0000000700200000, 0x0000000700200000, 0x0000000700400000|  0%| F|  |TAMS 0x0000000700200000, 0x0000000700200000| Untracked 
|   2|0x0000000700400000, 0x0000000700600000, 0x0000000700600000|100%|HS|  |TAMS 0x0000000700400000, 0x0000000700400000| Complete 
|   3|0x0000000700600000, 0x0000000700800000, 0x0000000700800000|100%|HS|  |TAMS 0x0000000700600000, 0x0000000700600000| Complete 
|   4|0x0000000700800000, 0x0000000700a00000, 0x0000000700a00000|100%|HC|  |TAMS 0x0000000700800000, 0x0000000700800000| Complete 
|   5|0x0000000700a00000, 0x0000000700c00000, 0x0000000700c00000|100%| O|  |TAMS 0x0000000700a00000, 0x0000000700a00000| Untracked 
|   6|0x0000000700c00000, 0x0000000700e00000, 0x0000000700e00000|100%| O|  |TAMS 0x0000000700c00000, 0x0000000700c00000| Untracked 
|   7|0x0000000700e00000, 0x0000000701000000, 0x0000000701000000|100%| O|  |TAMS 0x0000000700e00000, 0x0000000700e00000| Untracked 
|   8|0x0000000701000000, 0x0000000701200000, 0x0000000701200000|100%| O|  |TAMS 0x0000000701000000, 0x0000000701000000| Untracked 
|   9|0x0000000701200000, 0x0000000701400000, 0x0000000701400000|100%| O|  |TAMS 0x0000000701200000, 0x0000000701200000| Untracked 
|  10|0x0000000701400000, 0x0000000701400000, 0x0000000701600000|  0%| F|  |TAMS 0x0000000701400000, 0x0000000701400000| Untracked 
|  11|0x0000000701600000, 0x0000000701600000, 0x0000000701800000|  0%| F|  |TAMS 0x0000000701600000, 0x0000000701600000| Untracked 
|  12|0x0000000701800000, 0x0000000701800000, 0x0000000701a00000|  0%| F|  |TAMS 0x0000000701800000, 0x0000000701800000| Untracked 
|  13|0x0000000701a00000, 0x0000000701b75200, 0x0000000701c00000| 72%| O|  |TAMS 0x0000000701a00000, 0x0000000701a00000| Untracked 
|  14|0x0000000701c00000, 0x0000000701c00000, 0x0000000701e00000|  0%| F|  |TAMS 0x0000000701c00000, 0x0000000701c00000| Untracked 
|  15|0x0000000701e00000, 0x0000000701e00000, 0x0000000702000000|  0%| F|  |TAMS 0x0000000701e00000, 0x0000000701e00000| Untracked 
|  16|0x0000000702000000, 0x0000000702000000, 0x0000000702200000|  0%| F|  |TAMS 0x0000000702000000, 0x0000000702000000| Untracked 
|  17|0x0000000702200000, 0x0000000702200000, 0x0000000702400000|  0%| F|  |TAMS 0x0000000702200000, 0x0000000702200000| Untracked 
|  18|0x0000000702400000, 0x00000007024e9d00, 0x0000000702600000| 45%| S|CS|TAMS 0x0000000702400000, 0x0000000702400000| Complete 
|  19|0x0000000702600000, 0x0000000702600000, 0x0000000702800000|  0%| F|  |TAMS 0x0000000702600000, 0x0000000702600000| Untracked 
|  20|0x0000000702800000, 0x0000000702800000, 0x0000000702a00000|  0%| F|  |TAMS 0x0000000702800000, 0x0000000702800000| Untracked 
|  21|0x0000000702a00000, 0x0000000702a00000, 0x0000000702c00000|  0%| F|  |TAMS 0x0000000702a00000, 0x0000000702a00000| Untracked 
|  22|0x0000000702c00000, 0x0000000702c00000, 0x0000000702e00000|  0%| F|  |TAMS 0x0000000702c00000, 0x0000000702c00000| Untracked 
|  23|0x0000000702e00000, 0x0000000702ec8fc0, 0x0000000703000000| 39%| E|  |TAMS 0x0000000702e00000, 0x0000000702e00000| Complete 
|  24|0x0000000703000000, 0x0000000703200000, 0x0000000703200000|100%| E|CS|TAMS 0x0000000703000000, 0x0000000703000000| Complete 
| 111|0x000000070de00000, 0x000000070e000000, 0x000000070e000000|100%| E|CS|TAMS 0x000000070de00000, 0x000000070de00000| Complete 
| 112|0x000000070e000000, 0x000000070e200000, 0x000000070e200000|100%| E|CS|TAMS 0x000000070e000000, 0x000000070e000000| Complete 
| 113|0x000000070e200000, 0x000000070e400000, 0x000000070e400000|100%| E|CS|TAMS 0x000000070e200000, 0x000000070e200000| Complete 
| 114|0x000000070e400000, 0x000000070e600000, 0x000000070e600000|100%| E|CS|TAMS 0x000000070e400000, 0x000000070e400000| Complete 
| 115|0x000000070e600000, 0x000000070e800000, 0x000000070e800000|100%| E|CS|TAMS 0x000000070e600000, 0x000000070e600000| Complete 
| 116|0x000000070e800000, 0x000000070ea00000, 0x000000070ea00000|100%| E|CS|TAMS 0x000000070e800000, 0x000000070e800000| Complete 
| 127|0x000000070fe00000, 0x0000000710000000, 0x0000000710000000|100%| E|CS|TAMS 0x000000070fe00000, 0x000000070fe00000| Complete 
|2046|0x00000007ffc00000, 0x00000007ffd78000, 0x00000007ffe00000| 73%|OA|  |TAMS 0x00000007ffd78000, 0x00000007ffc00000| Untracked 
|2047|0x00000007ffe00000, 0x00000007ffe80000, 0x0000000800000000| 25%|CA|  |TAMS 0x00000007ffe80000, 0x00000007ffe00000| Untracked 

Card table byte_map: [0x00000001194ec000,0x0000000119cec000] _byte_map_base: 0x0000000115cec000

Marking Bits (Prev, Next): (CMBitMap*) 0x000000013f008e50, (CMBitMap*) 0x000000013f008e10
 Prev Bits: [0x000000011e4ec000, 0x00000001224ec000)
 Next Bits: [0x000000011a4ec000, 0x000000011e4ec000)

Polling page: 0x0000000100998000

Metaspace:

Usage:
  Non-class:     24.98 MB used.
      Class:      3.61 MB used.
       Both:     28.59 MB used.

Virtual space:
  Non-class space:       32.00 MB reserved,      25.19 MB ( 79%) committed,  4 nodes.
      Class space:        1.00 GB reserved,       3.75 MB ( <1%) committed,  1 nodes.
             Both:        1.03 GB reserved,      28.94 MB (  3%) committed. 

Chunk freelists:
   Non-Class:  1.95 MB
       Class:  80.00 KB
        Both:  2.03 MB

MaxMetaspaceSize: unlimited
CompressedClassSpaceSize: 1.00 GB
Initial GC threshold: 21.00 MB
Current GC threshold: 35.56 MB
CDS: on
MetaspaceReclaimPolicy: balanced
 - commit_granule_bytes: 65536.
 - commit_granule_words: 8192.
 - virtual_space_node_default_size: 1048576.
 - enlarge_chunks_in_place: 1.
 - new_chunks_are_fully_committed: 0.
 - uncommit_free_chunks: 1.
 - use_allocation_guard: 0.
 - handle_deallocations: 1.


Internal statistics:

num_allocs_failed_limit: 5.
num_arena_births: 384.
num_arena_deaths: 0.
num_vsnodes_births: 5.
num_vsnodes_deaths: 0.
num_space_committed: 463.
num_space_uncommitted: 0.
num_chunks_returned_to_freelist: 5.
num_chunks_taken_from_freelist: 1218.
num_chunk_merges: 3.
num_chunk_splits: 848.
num_chunks_enlarged: 640.
num_purges: 0.
num_inconsistent_stats: 0.

CodeHeap 'non-profiled nmethods': size=120032Kb used=3307Kb max_used=3307Kb free=116724Kb
 bounds [0x0000000111fb4000, 0x00000001122f4000, 0x00000001194ec000]
CodeHeap 'profiled nmethods': size=120016Kb used=9904Kb max_used=10961Kb free=110111Kb
 bounds [0x000000010a4ec000, 0x000000010afac000, 0x0000000111a20000]
CodeHeap 'non-nmethods': size=5712Kb used=1521Kb max_used=1612Kb free=4190Kb
 bounds [0x0000000111a20000, 0x0000000111c90000, 0x0000000111fb4000]
 total_blobs=5864 nmethods=4939 adapters=840
 compilation: enabled
              stopped_count=0, restarted_count=0
 full_count=0

Compilation events (20 events):
Event: 35.803 Thread 0x000000014f812200 nmethod 6007 0x000000010a958390 code [0x000000010a9585c0, 0x000000010a958bd8]
Event: 35.803 Thread 0x000000014f812200 5993       3       com.sun.javafx.css.PseudoClassState::getPseudoClass (148 bytes)
Event: 35.804 Thread 0x000000014f812200 nmethod 5993 0x000000010ace2890 code [0x000000010ace2cc0, 0x000000010ace4228]
Event: 35.804 Thread 0x000000014f812200 5994       3       javafx.collections.ModifiableObservableListBase$SubObservableList::iterator (10 bytes)
Event: 35.804 Thread 0x000000014f812200 nmethod 5994 0x000000010ae3ac10 code [0x000000010ae3adc0, 0x000000010ae3afc8]
Event: 35.804 Thread 0x000000014f812200 5995       3       java.util.AbstractList$SubList::iterator (5 bytes)
Event: 35.805 Thread 0x000000014f812200 nmethod 5995 0x000000010a99bd10 code [0x000000010a99bf40, 0x000000010a99c5d8]
Event: 35.805 Thread 0x000000014f812200 5996       3       java.util.AbstractList$SubList::listIterator (19 bytes)
Event: 35.805 Thread 0x000000014f812200 nmethod 5996 0x000000010a967d10 code [0x000000010a967f40, 0x000000010a968418]
Event: 35.805 Thread 0x000000014f812200 5997       3       java.util.AbstractList$SubList::checkForComodification (23 bytes)
Event: 35.805 Thread 0x000000014f812200 nmethod 5997 0x000000010adde890 code [0x000000010addea40, 0x000000010addec48]
Event: 35.805 Thread 0x000000014f812200 5998       3       java.util.AbstractList$SubList::rangeCheckForAdd (26 bytes)
Event: 35.805 Thread 0x000000014f811800 nmethod 6001 0x00000001122ecb90 code [0x00000001122ecdc0, 0x00000001122ed310]
Event: 35.805 Thread 0x000000014f812200 nmethod 5998 0x000000010a9c6290 code [0x000000010a9c6540, 0x000000010a9c6be8]
Event: 35.805 Thread 0x000000014f812200 6012       3       com.sun.javafx.css.StyleManager$Cache::getStyleMap (400 bytes)
Event: 35.805 Thread 0x000000014f811800 6009       4       com.sun.javafx.css.BitSet::clear (84 bytes)
Event: 35.808 Thread 0x000000014f812200 nmethod 6012 0x000000010aa3fb10 code [0x000000010aa40180, 0x000000010aa42e98]
Event: 35.808 Thread 0x000000014f812200 6016       3       javafx.scene.layout.Region::prefWidth (38 bytes)
Event: 35.808 Thread 0x000000014f812200 nmethod 6016 0x000000010a967290 code [0x000000010a9674c0, 0x000000010a967af8]
Event: 35.808 Thread 0x000000014f812200 6017       3       javafx.scene.layout.Region::prefHeight (38 bytes)

GC Heap History (14 events):
Event: 0.254 GC heap before
{Heap before GC invocations=0 (full 0):
 garbage-first heap   total 266240K, used 22496K [0x0000000700000000, 0x0000000800000000)
  region size 2048K, 11 young (22528K), 0 survivors (0K)
 Metaspace       used 5741K, committed 5952K, reserved 1056768K
  class space    used 545K, committed 640K, reserved 1048576K
}
Event: 0.256 GC heap after
{Heap after GC invocations=1 (full 0):
 garbage-first heap   total 266240K, used 4933K [0x0000000700000000, 0x0000000800000000)
  region size 2048K, 2 young (4096K), 2 survivors (4096K)
 Metaspace       used 5741K, committed 5952K, reserved 1056768K
  class space    used 545K, committed 640K, reserved 1048576K
}
Event: 0.793 GC heap before
{Heap before GC invocations=1 (full 0):
 garbage-first heap   total 266240K, used 60229K [0x0000000700000000, 0x0000000800000000)
  region size 2048K, 29 young (59392K), 2 survivors (4096K)
 Metaspace       used 15779K, committed 16064K, reserved 1064960K
  class space    used 2175K, committed 2304K, reserved 1048576K
}
Event: 0.799 GC heap after
{Heap after GC invocations=2 (full 0):
 garbage-first heap   total 266240K, used 10321K [0x0000000700000000, 0x0000000800000000)
  region size 2048K, 4 young (8192K), 4 survivors (8192K)
 Metaspace       used 15779K, committed 16064K, reserved 1064960K
  class space    used 2175K, committed 2304K, reserved 1048576K
}
Event: 0.924 GC heap before
{Heap before GC invocations=2 (full 0):
 garbage-first heap   total 266240K, used 30801K [0x0000000700000000, 0x0000000800000000)
  region size 2048K, 15 young (30720K), 4 survivors (8192K)
 Metaspace       used 21240K, committed 21504K, reserved 1073152K
  class space    used 2845K, committed 3008K, reserved 1048576K
}
Event: 0.947 GC heap after
{Heap after GC invocations=3 (full 0):
 garbage-first heap   total 266240K, used 13776K [0x0000000700000000, 0x0000000800000000)
  region size 2048K, 6 young (12288K), 6 survivors (12288K)
 Metaspace       used 21240K, committed 21504K, reserved 1073152K
  class space    used 2845K, committed 3008K, reserved 1048576K
}
Event: 2.163 GC heap before
{Heap before GC invocations=4 (full 0):
 garbage-first heap   total 69632K, used 46544K [0x0000000700000000, 0x0000000800000000)
  region size 2048K, 19 young (38912K), 6 survivors (12288K)
 Metaspace       used 27744K, committed 28160K, reserved 1073152K
  class space    used 3580K, committed 3776K, reserved 1048576K
}
Event: 2.172 GC heap after
{Heap after GC invocations=5 (full 0):
 garbage-first heap   total 69632K, used 22506K [0x0000000700000000, 0x0000000800000000)
  region size 2048K, 3 young (6144K), 3 survivors (6144K)
 Metaspace       used 27744K, committed 28160K, reserved 1073152K
  class space    used 3580K, committed 3776K, reserved 1048576K
}
Event: 3.398 GC heap before
{Heap before GC invocations=5 (full 0):
 garbage-first heap   total 69632K, used 24554K [0x0000000700000000, 0x0000000800000000)
  region size 2048K, 4 young (8192K), 3 survivors (6144K)
 Metaspace       used 28125K, committed 28480K, reserved 1081344K
  class space    used 3629K, committed 3840K, reserved 1048576K
}
Event: 3.400 GC heap after
{Heap after GC invocations=6 (full 0):
 garbage-first heap   total 69632K, used 22986K [0x0000000700000000, 0x0000000800000000)
  region size 2048K, 1 young (2048K), 1 survivors (2048K)
 Metaspace       used 28125K, committed 28480K, reserved 1081344K
  class space    used 3629K, committed 3840K, reserved 1048576K
}
Event: 16.290 GC heap before
{Heap before GC invocations=6 (full 0):
 garbage-first heap   total 69632K, used 45514K [0x0000000700000000, 0x0000000800000000)
  region size 2048K, 12 young (24576K), 1 survivors (2048K)
 Metaspace       used 28867K, committed 29184K, reserved 1081344K
  class space    used 3676K, committed 3840K, reserved 1048576K
}
Event: 16.292 GC heap after
{Heap after GC invocations=7 (full 0):
 garbage-first heap   total 69632K, used 22651K [0x0000000700000000, 0x0000000800000000)
  region size 2048K, 1 young (2048K), 1 survivors (2048K)
 Metaspace       used 28867K, committed 29184K, reserved 1081344K
  class space    used 3676K, committed 3840K, reserved 1048576K
}
Event: 31.015 GC heap before
{Heap before GC invocations=7 (full 0):
 garbage-first heap   total 69632K, used 47227K [0x0000000700000000, 0x0000000800000000)
  region size 2048K, 13 young (26624K), 1 survivors (2048K)
 Metaspace       used 28974K, committed 29312K, reserved 1081344K
  class space    used 3676K, committed 3840K, reserved 1048576K
}
Event: 31.020 GC heap after
{Heap after GC invocations=8 (full 0):
 garbage-first heap   total 69632K, used 22875K [0x0000000700000000, 0x0000000800000000)
  region size 2048K, 1 young (2048K), 1 survivors (2048K)
 Metaspace       used 28974K, committed 29312K, reserved 1081344K
  class space    used 3676K, committed 3840K, reserved 1048576K
}

Dll operation events (20 events):
Event: 0.017 Loaded shared library /Users/meo/Library/Java/JavaVirtualMachines/corretto-17.0.6/Contents/Home/lib/libnio.dylib
Event: 0.027 Loaded shared library /Users/meo/Library/Java/JavaVirtualMachines/corretto-17.0.6/Contents/Home/lib/libnet.dylib
Event: 0.039 Loaded shared library /Users/meo/Library/Java/JavaVirtualMachines/corretto-17.0.6/Contents/Home/lib/libzip.dylib
Event: 0.089 Loaded shared library /Users/meo/Library/Java/JavaVirtualMachines/corretto-17.0.6/Contents/Home/lib/libzip.dylib
Event: 0.090 Loaded shared library /Users/meo/Library/Java/JavaVirtualMachines/corretto-17.0.6/Contents/Home/lib/libinstrument.dylib
Event: 0.141 Loaded shared library /Users/meo/Library/Java/JavaVirtualMachines/corretto-17.0.6/Contents/Home/lib/libjimage.dylib
Event: 0.182 Loading shared library /Users/meo/.m2/repository/org/openjfx/javafx-graphics/18/libprism_es2.dylib failed, dlopen(/Users/meo/.m2/repository/org/openjfx/javafx-graphics/18/libprism_es2.dylib, 0x0001): tried: '/Users/meo/.m2/repository/org/openjfx/javafx-gr
Event: 0.198 Loaded shared library /Users/meo/.openjfx/cache/18+12/libprism_es2.dylib
Event: 0.248 Loading shared library /Users/meo/.m2/repository/org/openjfx/javafx-graphics/18/libglass.dylib failed, dlopen(/Users/meo/.m2/repository/org/openjfx/javafx-graphics/18/libglass.dylib, 0x0001): tried: '/Users/meo/.m2/repository/org/openjfx/javafx-graphics/1
Event: 0.253 Loaded shared library /Users/meo/.openjfx/cache/18+12/libglass.dylib
Event: 0.405 Loading shared library /Users/meo/.m2/repository/org/openjfx/javafx-graphics/18/libjavafx_font.dylib failed, dlopen(/Users/meo/.m2/repository/org/openjfx/javafx-graphics/18/libjavafx_font.dylib, 0x0001): tried: '/Users/meo/.m2/repository/org/openjfx/javaf
Event: 0.407 Loaded shared library /Users/meo/.openjfx/cache/18+12/libjavafx_font.dylib
Event: 1.571 Loading shared library /Users/meo/.m2/repository/org/openjfx/javafx-graphics/18/libglib-lite.dylib failed, dlopen(/Users/meo/.m2/repository/org/openjfx/javafx-graphics/18/libglib-lite.dylib, 0x0001): tried: '/Users/meo/.m2/repository/org/openjfx/javafx-gr
Event: 1.582 Loaded shared library /Users/meo/.openjfx/cache/18+12/libglib-lite.dylib
Event: 1.583 Loading shared library /Users/meo/.m2/repository/org/openjfx/javafx-graphics/18/libgstreamer-lite.dylib failed, dlopen(/Users/meo/.m2/repository/org/openjfx/javafx-graphics/18/libgstreamer-lite.dylib, 0x0001): tried: '/Users/meo/.m2/repository/org/openjfx
Event: 1.597 Loaded shared library /Users/meo/.openjfx/cache/18+12/libgstreamer-lite.dylib
Event: 1.598 Loading shared library /Users/meo/.m2/repository/org/openjfx/javafx-graphics/18/libjfxmedia.dylib failed, dlopen(/Users/meo/.m2/repository/org/openjfx/javafx-graphics/18/libjfxmedia.dylib, 0x0001): tried: '/Users/meo/.m2/repository/org/openjfx/javafx-grap
Event: 1.613 Loaded shared library /Users/meo/.openjfx/cache/18+12/libjfxmedia.dylib
Event: 1.617 Loading shared library /Users/meo/.m2/repository/org/openjfx/javafx-graphics/18/libjfxmedia_avf.dylib failed, dlopen(/Users/meo/.m2/repository/org/openjfx/javafx-graphics/18/libjfxmedia_avf.dylib, 0x0001): tried: '/Users/meo/.m2/repository/org/openjfx/jav
Event: 1.618 Loaded shared library /Users/meo/.openjfx/cache/18+12/libjfxmedia_avf.dylib

Deoptimization events (20 events):
Event: 35.801 Thread 0x000000014f8b0600 DEOPT PACKING pc=0x000000010aaf8f68 sp=0x000000016f4b8a00
Event: 35.801 Thread 0x000000014f8b0600 DEOPT UNPACKING pc=0x0000000111a6777c sp=0x000000016f4b8690 mode 0
Event: 35.802 Thread 0x000000014f8b0600 DEOPT PACKING pc=0x000000010aaf8f68 sp=0x000000016f4b90c0
Event: 35.802 Thread 0x000000014f8b0600 DEOPT UNPACKING pc=0x0000000111a6777c sp=0x000000016f4b8d50 mode 0
Event: 35.804 Thread 0x000000014f8b0600 Uncommon trap: trap_request=0xffffff45 fr.pc=0x0000000112280fe0 relative=0x0000000000001de0
Event: 35.804 Thread 0x000000014f8b0600 Uncommon trap: reason=unstable_if action=reinterpret pc=0x0000000112280fe0 method=javafx.scene.Parent.updateCachedBounds(Ljava/util/List;I)Z @ 270 c2
Event: 35.804 Thread 0x000000014f8b0600 DEOPT PACKING pc=0x0000000112280fe0 sp=0x000000016f4b9f20
Event: 35.804 Thread 0x000000014f8b0600 DEOPT UNPACKING pc=0x0000000111a6791c sp=0x000000016f4b9e60 mode 2
Event: 35.805 Thread 0x000000014f8b0600 DEOPT PACKING pc=0x000000010aaf8f68 sp=0x000000016f4ba5f0
Event: 35.805 Thread 0x000000014f8b0600 DEOPT UNPACKING pc=0x0000000111a6777c sp=0x000000016f4ba280 mode 0
Event: 35.805 Thread 0x000000014f8b0600 DEOPT PACKING pc=0x000000010aaf8f68 sp=0x000000016f4ba5f0
Event: 35.805 Thread 0x000000014f8b0600 DEOPT UNPACKING pc=0x0000000111a6777c sp=0x000000016f4ba280 mode 0
Event: 35.807 Thread 0x000000014f8b0600 Uncommon trap: trap_request=0xffffffde fr.pc=0x000000011223d81c relative=0x000000000000089c
Event: 35.807 Thread 0x000000014f8b0600 Uncommon trap: reason=class_check action=maybe_recompile pc=0x000000011223d81c method=javafx.scene.Parent.doUpdatePeer()V @ 180 c2
Event: 35.807 Thread 0x000000014f8b0600 DEOPT PACKING pc=0x000000011223d81c sp=0x000000016f4bafb0
Event: 35.807 Thread 0x000000014f8b0600 DEOPT UNPACKING pc=0x0000000111a6791c sp=0x000000016f4bae60 mode 2
Event: 35.808 Thread 0x000000014f8b0600 Uncommon trap: trap_request=0xffffffc6 fr.pc=0x00000001120a154c relative=0x0000000000003e4c
Event: 35.808 Thread 0x000000014f8b0600 Uncommon trap: reason=bimorphic_or_optimized_type_check action=maybe_recompile pc=0x00000001120a154c method=com.sun.glass.ui.InvokeLaterDispatcher$Future.run()V @ 4 c2
Event: 35.808 Thread 0x000000014f8b0600 DEOPT PACKING pc=0x00000001120a154c sp=0x000000016f4bb130
Event: 35.808 Thread 0x000000014f8b0600 DEOPT UNPACKING pc=0x0000000111a6791c sp=0x000000016f4bb120 mode 2

Classes unloaded (0 events):
No events

Classes redefined (0 events):
No events

Internal exceptions (20 events):
Event: 1.558 Thread 0x000000014f8b0600 Implicit null exception at 0x0000000112133e3c to 0x0000000112134d0c
Event: 1.567 Thread 0x000000014f8b0600 Exception <a 'java/lang/ClassNotFoundException'{0x000000070238b778}: com/sun/javafx/scene/control/skin/resources/controls> (0x000000070238b778) 
thrown [src/hotspot/share/prims/jni.cpp, line 535]
Event: 1.567 Thread 0x000000014f8b0600 Exception <a 'java/lang/ClassNotFoundException'{0x0000000702399710}: com/sun/javafx/scene/control/skin/resources/controls_zh> (0x0000000702399710) 
thrown [src/hotspot/share/prims/jni.cpp, line 535]
Event: 1.567 Thread 0x000000014f8b0600 Exception <a 'java/lang/ClassNotFoundException'{0x000000070239a6a0}: com/sun/javafx/scene/control/skin/resources/controls_zh_CN> (0x000000070239a6a0) 
thrown [src/hotspot/share/prims/jni.cpp, line 535]
Event: 1.567 Thread 0x000000014f8b0600 Exception <a 'java/lang/ClassNotFoundException'{0x00000007023a8aa0}: com/sun/javafx/scene/control/skin/resources/controls_zh_Hans> (0x00000007023a8aa0) 
thrown [src/hotspot/share/prims/jni.cpp, line 535]
Event: 1.567 Thread 0x000000014f8b0600 Exception <a 'java/lang/ClassNotFoundException'{0x00000007023a9a38}: com/sun/javafx/scene/control/skin/resources/controls_zh_Hans_CN> (0x00000007023a9a38) 
thrown [src/hotspot/share/prims/jni.cpp, line 535]
Event: 1.634 Thread 0x0000000127a35a00 Exception <a 'sun/nio/fs/UnixException'{0x0000000701f4b338}> (0x0000000701f4b338) 
thrown [src/hotspot/share/prims/jni.cpp, line 516]
Event: 1.635 Thread 0x0000000127a35a00 Exception <a 'sun/nio/fs/UnixException'{0x0000000701f4c830}> (0x0000000701f4c830) 
thrown [src/hotspot/share/prims/jni.cpp, line 516]
Event: 1.635 Thread 0x0000000127a35a00 Exception <a 'sun/nio/fs/UnixException'{0x0000000701f4dd48}> (0x0000000701f4dd48) 
thrown [src/hotspot/share/prims/jni.cpp, line 516]
Event: 1.635 Thread 0x0000000127a35a00 Exception <a 'sun/nio/fs/UnixException'{0x0000000701f4f268}> (0x0000000701f4f268) 
thrown [src/hotspot/share/prims/jni.cpp, line 516]
Event: 1.635 Thread 0x0000000127a35a00 Exception <a 'sun/nio/fs/UnixException'{0x0000000701f507a8}> (0x0000000701f507a8) 
thrown [src/hotspot/share/prims/jni.cpp, line 516]
Event: 1.803 Thread 0x000000014f8b0600 Exception <a 'java/lang/NoSuchMethodError'{0x000000070215a580}: 'void java.lang.invoke.DirectMethodHandle$Holder.invokeSpecial(java.lang.Object, java.lang.Object, double)'> (0x000000070215a580) 
thrown [src/hotspot/share/interpreter/linkResolver.cpp, line 759]
Event: 1.803 Thread 0x000000014f8b0600 Exception <a 'java/lang/NoSuchMethodError'{0x0000000702160670}: 'java.lang.Object java.lang.invoke.DirectMethodHandle$Holder.newInvokeSpecial(java.lang.Object, java.lang.Object, double)'> (0x0000000702160670) 
thrown [src/hotspot/share/interpreter/linkResolver.cpp, line 759]
Event: 1.803 Thread 0x000000014f8b0600 Exception <a 'java/lang/NoSuchMethodError'{0x0000000702164288}: 'java.lang.Object java.lang.invoke.DirectMethodHandle$Holder.invokeSpecial(java.lang.Object, java.lang.Object, java.lang.Object, double)'> (0x0000000702164288) 
thrown [src/hotspot/share/interpreter/linkResolver.cpp, line 759]
Event: 1.807 Thread 0x0000000127a35a00 Exception <a 'sun/nio/fs/UnixException'{0x0000000701c9aae8}> (0x0000000701c9aae8) 
thrown [src/hotspot/share/prims/jni.cpp, line 516]
Event: 1.834 Thread 0x0000000127a35a00 Exception <a 'java/lang/NoSuchMethodError'{0x0000000701a65cc8}: 'void java.lang.invoke.DirectMethodHandle$Holder.invokeSpecial(java.lang.Object, java.lang.Object, int, java.lang.Object, java.lang.Object, java.lang.Object)'> (0x0000000701a65cc8) 
thrown [src/hotspot/share/interpreter/linkResolver.cpp, line 759]
Event: 2.526 Thread 0x000000014f8b0600 Exception <a 'java/io/FileNotFoundException'{0x000000070fef17d0}> (0x000000070fef17d0) 
thrown [src/hotspot/share/prims/jni.cpp, line 516]
Event: 13.526 Thread 0x000000014f8b0600 Exception <a 'java/lang/NoSuchMethodError'{0x00000007031dc5b8}: 'long java.lang.invoke.DirectMethodHandle$Holder.invokeStatic(java.lang.Object, java.lang.Object)'> (0x00000007031dc5b8) 
thrown [src/hotspot/share/interpreter/linkResolver.cpp, line 759]
Event: 14.971 Thread 0x000000014f8b0600 Exception <a 'java/lang/UnsatisfiedLinkError'{0x0000000702f9d710}: 'boolean com.sun.media.jfxmediaimpl.NativeAudioClip.nacInit()'> (0x0000000702f9d710) 
thrown [src/hotspot/share/prims/nativeLookup.cpp, line 543]
Event: 35.279 Thread 0x000000013f081200 Implicit null exception at 0x0000000111ffa894 to 0x0000000111ffb0a4

VM Operations (20 events):
Event: 26.332 Executing VM operation: Cleanup
Event: 26.333 Executing VM operation: Cleanup done
Event: 27.338 Executing VM operation: Cleanup
Event: 27.338 Executing VM operation: Cleanup done
Event: 28.343 Executing VM operation: Cleanup
Event: 28.343 Executing VM operation: Cleanup done
Event: 30.353 Executing VM operation: Cleanup
Event: 30.353 Executing VM operation: Cleanup done
Event: 31.015 Executing VM operation: G1CollectForAllocation
Event: 31.020 Executing VM operation: G1CollectForAllocation done
Event: 33.030 Executing VM operation: Cleanup
Event: 33.030 Executing VM operation: Cleanup done
Event: 34.032 Executing VM operation: Cleanup
Event: 34.032 Executing VM operation: Cleanup done
Event: 34.515 Executing VM operation: ICBufferFull
Event: 34.516 Executing VM operation: ICBufferFull done
Event: 35.261 Executing VM operation: ICBufferFull
Event: 35.261 Executing VM operation: ICBufferFull done
Event: 35.803 Executing VM operation: ICBufferFull
Event: 35.803 Executing VM operation: ICBufferFull done

Events (20 events):
Event: 28.693 Protecting memory [0x000000028969c000,0x00000002896a8000] with protection modes 0
Event: 28.693 Thread 0x000000013f019e00 Thread added: 0x000000013f019e00
Event: 28.693 Protecting memory [0x000000028969c000,0x00000002896a8000] with protection modes 3
Event: 28.693 Thread 0x000000013f019e00 Thread exited: 0x000000013f019e00
Event: 31.408 Protecting memory [0x000000028969c000,0x00000002896a8000] with protection modes 0
Event: 31.408 Thread 0x000000014fb41600 Thread added: 0x000000014fb41600
Event: 31.408 Protecting memory [0x000000028969c000,0x00000002896a8000] with protection modes 3
Event: 31.408 Thread 0x000000014fb41600 Thread exited: 0x000000014fb41600
Event: 31.408 Protecting memory [0x000000028969c000,0x00000002896a8000] with protection modes 0
Event: 31.408 Thread 0x000000014fb41600 Thread added: 0x000000014fb41600
Event: 31.408 Protecting memory [0x000000028969c000,0x00000002896a8000] with protection modes 3
Event: 31.408 Thread 0x000000014fb41600 Thread exited: 0x000000014fb41600
Event: 34.125 Protecting memory [0x000000028969c000,0x00000002896a8000] with protection modes 0
Event: 34.125 Thread 0x0000000138042800 Thread added: 0x0000000138042800
Event: 34.126 Protecting memory [0x000000028969c000,0x00000002896a8000] with protection modes 3
Event: 34.126 Thread 0x0000000138042800 Thread exited: 0x0000000138042800
Event: 34.126 Protecting memory [0x000000028969c000,0x00000002896a8000] with protection modes 0
Event: 34.126 Thread 0x000000012504a400 Thread added: 0x000000012504a400
Event: 34.126 Protecting memory [0x000000028969c000,0x00000002896a8000] with protection modes 3
Event: 34.126 Thread 0x000000012504a400 Thread exited: 0x000000012504a400


Dynamic libraries:
0x00000001009fc000 	/Users/meo/Library/Java/JavaVirtualMachines/corretto-17.0.6/Contents/Home/lib/libjli.dylib
0x00000001b9914000 	/System/Library/Frameworks/Cocoa.framework/Versions/A/Cocoa
0x00000001a5738000 	/System/Library/Frameworks/AppKit.framework/Versions/C/AppKit
0x00000001a80e0000 	/System/Library/Frameworks/CoreData.framework/Versions/A/CoreData
0x00000001a3399000 	/System/Library/Frameworks/Foundation.framework/Versions/C/Foundation
0x00000001adac4000 	/usr/lib/libSystem.B.dylib
0x00000001a6644000 	/System/Library/PrivateFrameworks/UIFoundation.framework/Versions/A/UIFoundation
0x000000020ebc9000 	/System/Library/PrivateFrameworks/CollectionViewCore.framework/Versions/A/CollectionViewCore
0x00000001b3d80000 	/System/Library/PrivateFrameworks/RemoteViewServices.framework/Versions/A/RemoteViewServices
0x00000001abee6000 	/System/Library/PrivateFrameworks/XCTTargetBootstrap.framework/Versions/A/XCTTargetBootstrap
0x00000001af85a000 	/System/Library/PrivateFrameworks/InternationalSupport.framework/Versions/A/InternationalSupport
0x00000001af8e1000 	/System/Library/PrivateFrameworks/UserActivity.framework/Versions/A/UserActivity
0x0000000225de2000 	/System/Library/PrivateFrameworks/WindowManagement.framework/Versions/A/WindowManagement
0x00000001a3062000 	/System/Library/Frameworks/SystemConfiguration.framework/Versions/A/SystemConfiguration
0x00000001aed5e000 	/usr/lib/libspindump.dylib
0x00000001a67ea000 	/System/Library/Frameworks/UniformTypeIdentifiers.framework/Versions/A/UniformTypeIdentifiers
0x00000001aa1f9000 	/usr/lib/libapp_launch_measurement.dylib
0x00000001a96a7000 	/System/Library/PrivateFrameworks/CoreAnalytics.framework/Versions/A/CoreAnalytics
0x00000001aa200000 	/System/Library/PrivateFrameworks/CoreAutoLayout.framework/Versions/A/CoreAutoLayout
0x00000001ab6f4000 	/System/Library/Frameworks/Metal.framework/Versions/A/Metal
0x00000001ac645000 	/usr/lib/liblangid.dylib
0x00000001abeec000 	/System/Library/PrivateFrameworks/CoreSVG.framework/Versions/A/CoreSVG
0x00000001a7112000 	/System/Library/PrivateFrameworks/SkyLight.framework/Versions/A/SkyLight
0x00000001a752a000 	/System/Library/Frameworks/CoreGraphics.framework/Versions/A/CoreGraphics
0x00000001b444b000 	/System/Library/Frameworks/Accelerate.framework/Versions/A/Accelerate
0x00000001ae7cc000 	/System/Library/PrivateFrameworks/IconServices.framework/Versions/A/IconServices
0x00000001ab6d4000 	/System/Library/Frameworks/IOSurface.framework/Versions/A/IOSurface
0x00000001a96d5000 	/usr/lib/libDiagnosticMessagesClient.dylib
0x00000001ada0a000 	/usr/lib/libz.1.dylib
0x00000001b76e7000 	/System/Library/Frameworks/ApplicationServices.framework/Versions/A/ApplicationServices
0x00000001abece000 	/System/Library/PrivateFrameworks/DFRFoundation.framework/Versions/A/DFRFoundation
0x00000001a4fb6000 	/usr/lib/libicucore.A.dylib
0x00000001b07eb000 	/System/Library/Frameworks/AudioToolbox.framework/Versions/A/AudioToolbox
0x00000001af865000 	/System/Library/PrivateFrameworks/DataDetectorsCore.framework/Versions/A/DataDetectorsCore
0x00000001c69f3000 	/System/Library/PrivateFrameworks/TextInput.framework/Versions/A/TextInput
0x00000001a7077000 	/usr/lib/libMobileGestalt.dylib
0x00000001abb9a000 	/System/Library/Frameworks/Carbon.framework/Versions/A/Frameworks/HIToolbox.framework/Versions/A/HIToolbox
0x00000001a9b80000 	/System/Library/Frameworks/QuartzCore.framework/Versions/A/QuartzCore
0x00000001a4c11000 	/System/Library/Frameworks/Security.framework/Versions/A/Security
0x00000001b3dc0000 	/System/Library/Frameworks/Carbon.framework/Versions/A/Frameworks/SpeechRecognition.framework/Versions/A/SpeechRecognition
0x00000001a9f38000 	/System/Library/PrivateFrameworks/CoreUI.framework/Versions/A/CoreUI
0x00000001a4509000 	/System/Library/Frameworks/CoreAudio.framework/Versions/A/CoreAudio
0x00000001a97b1000 	/System/Library/Frameworks/DiskArbitration.framework/Versions/A/DiskArbitration
0x00000001af192000 	/System/Library/PrivateFrameworks/MultitouchSupport.framework/Versions/A/MultitouchSupport
0x00000001a7075000 	/usr/lib/libenergytrace.dylib
0x00000001a55fb000 	/System/Library/Frameworks/IOKit.framework/Versions/A/IOKit
0x00000001b41a7000 	/System/Library/Frameworks/CoreServices.framework/Versions/A/CoreServices
0x00000001aa186000 	/System/Library/PrivateFrameworks/PerformanceAnalysis.framework/Versions/A/PerformanceAnalysis
0x00000001f1953000 	/System/Library/Frameworks/OpenGL.framework/Versions/A/OpenGL
0x00000001aa24a000 	/usr/lib/libxml2.2.dylib
0x00000001ad019000 	/System/Library/PrivateFrameworks/MobileKeyBag.framework/Versions/A/MobileKeyBag
0x00000001a2098000 	/usr/lib/libobjc.A.dylib
0x00000001a234e000 	/usr/lib/libc++.1.dylib
0x00000001a7b75000 	/System/Library/Frameworks/ColorSync.framework/Versions/A/ColorSync
0x00000001a246c000 	/System/Library/Frameworks/CoreFoundation.framework/Versions/A/CoreFoundation
0x00000001ac266000 	/System/Library/Frameworks/CoreImage.framework/Versions/A/CoreImage
0x00000001a432a000 	/System/Library/Frameworks/CoreText.framework/Versions/A/CoreText
0x00000001abf25000 	/System/Library/Frameworks/ImageIO.framework/Versions/A/ImageIO
0x00000001adaca000 	/System/Library/PrivateFrameworks/SoftLinking.framework/Versions/A/SoftLinking
0x00000001add5e000 	/usr/lib/libcompression.dylib
0x00000001af7b6000 	/System/Library/PrivateFrameworks/TextureIO.framework/Versions/A/TextureIO
0x00000001ae49e000 	/usr/lib/libate.dylib
0x00000001adabe000 	/usr/lib/system/libcache.dylib
0x00000001ada77000 	/usr/lib/system/libcommonCrypto.dylib
0x00000001adaa5000 	/usr/lib/system/libcompiler_rt.dylib
0x00000001ada9b000 	/usr/lib/system/libcopyfile.dylib
0x00000001a21cc000 	/usr/lib/system/libcorecrypto.dylib
0x00000001a2282000 	/usr/lib/system/libdispatch.dylib
0x00000001a2414000 	/usr/lib/system/libdyld.dylib
0x00000001adab4000 	/usr/lib/system/libkeymgr.dylib
0x00000001ada55000 	/usr/lib/system/libmacho.dylib
0x00000001ad113000 	/usr/lib/system/libquarantine.dylib
0x00000001adab1000 	/usr/lib/system/libremovefile.dylib
0x00000001a70dc000 	/usr/lib/system/libsystem_asl.dylib
0x00000001a2169000 	/usr/lib/system/libsystem_blocks.dylib
0x00000001a22cd000 	/usr/lib/system/libsystem_c.dylib
0x00000001adaa9000 	/usr/lib/system/libsystem_collections.dylib
0x00000001ac633000 	/usr/lib/system/libsystem_configuration.dylib
0x00000001ab6a2000 	/usr/lib/system/libsystem_containermanager.dylib
0x00000001ad754000 	/usr/lib/system/libsystem_coreservices.dylib
0x00000001a526d000 	/usr/lib/system/libsystem_darwin.dylib
0x00000001adab5000 	/usr/lib/system/libsystem_dnssd.dylib
0x00000001a22ca000 	/usr/lib/system/libsystem_featureflags.dylib
0x00000001a2440000 	/usr/lib/system/libsystem_info.dylib
0x00000001ada1c000 	/usr/lib/system/libsystem_m.dylib
0x00000001a2256000 	/usr/lib/system/libsystem_malloc.dylib
0x00000001a705c000 	/usr/lib/system/libsystem_networkextension.dylib
0x00000001a56d7000 	/usr/lib/system/libsystem_notify.dylib
0x00000001ac638000 	/usr/lib/system/libsystem_sandbox.dylib
0x00000001adaae000 	/usr/lib/system/libsystem_secinit.dylib
0x00000001a23cd000 	/usr/lib/system/libsystem_kernel.dylib
0x00000001a2438000 	/usr/lib/system/libsystem_platform.dylib
0x00000001a2407000 	/usr/lib/system/libsystem_pthread.dylib
0x00000001a88b1000 	/usr/lib/system/libsystem_symptoms.dylib
0x00000001a21b2000 	/usr/lib/system/libsystem_trace.dylib
0x00000001ada88000 	/usr/lib/system/libunwind.dylib
0x00000001a216e000 	/usr/lib/system/libxpc.dylib
0x00000001a23b5000 	/usr/lib/libc++abi.dylib
0x00000001ada93000 	/usr/lib/liboah.dylib
0x00000001ae35b000 	/usr/lib/liblzma.5.dylib
0x00000001adac6000 	/usr/lib/libfakelink.dylib
0x00000001a6c9a000 	/System/Library/Frameworks/CFNetwork.framework/Versions/A/CFNetwork
0x00000001adc05000 	/usr/lib/libarchive.2.dylib
0x00000001b20fa000 	/System/Library/Frameworks/Combine.framework/Versions/A/Combine
0x00000001b01b5000 	/usr/lib/swift/libswiftCore.dylib
0x00000001c3ac8000 	/usr/lib/swift/libswiftCoreFoundation.dylib
0x00000001c1985000 	/usr/lib/swift/libswiftDarwin.dylib
0x00000001b56c0000 	/usr/lib/swift/libswiftDispatch.dylib
0x00000001c3ae9000 	/usr/lib/swift/libswiftIOKit.dylib
0x00000001b7b12000 	/usr/lib/swift/libswiftObjectiveC.dylib
0x00000001c3adc000 	/usr/lib/swift/libswiftXPC.dylib
0x000000022c61a000 	/usr/lib/swift/libswift_Concurrency.dylib
0x000000022c76c000 	/usr/lib/swift/libswift_StringProcessing.dylib
0x00000001b7b16000 	/usr/lib/swift/libswiftos.dylib
0x00000001a5580000 	/System/Library/PrivateFrameworks/CoreServicesInternal.framework/Versions/A/CoreServicesInternal
0x00000001ad13e000 	/usr/lib/libbsm.0.dylib
0x00000001ada5b000 	/usr/lib/system/libkxld.dylib
0x00000001aa1c2000 	/System/Library/Frameworks/CoreServices.framework/Versions/A/Frameworks/FSEvents.framework/Versions/A/FSEvents
0x00000001a5278000 	/System/Library/Frameworks/CoreServices.framework/Versions/A/Frameworks/CarbonCore.framework/Versions/A/CarbonCore
0x00000001a9718000 	/System/Library/Frameworks/CoreServices.framework/Versions/A/Frameworks/Metadata.framework/Versions/A/Metadata
0x00000001ad75a000 	/System/Library/Frameworks/CoreServices.framework/Versions/A/Frameworks/OSServices.framework/Versions/A/OSServices
0x00000001adc8c000 	/System/Library/Frameworks/CoreServices.framework/Versions/A/Frameworks/SearchKit.framework/Versions/A/SearchKit
0x00000001a8834000 	/System/Library/Frameworks/CoreServices.framework/Versions/A/Frameworks/AE.framework/Versions/A/AE
0x00000001a2944000 	/System/Library/Frameworks/CoreServices.framework/Versions/A/Frameworks/LaunchServices.framework/Versions/A/LaunchServices
0x00000001ae304000 	/System/Library/Frameworks/CoreServices.framework/Versions/A/Frameworks/DictionaryServices.framework/Versions/A/DictionaryServices
0x00000001aa1cf000 	/System/Library/Frameworks/CoreServices.framework/Versions/A/Frameworks/SharedFileList.framework/Versions/A/SharedFileList
0x00000001add2b000 	/usr/lib/libapple_nghttp2.dylib
0x00000001a6c96000 	/usr/lib/libnetwork.dylib
0x00000001a84b8000 	/usr/lib/libsqlite3.dylib
0x00000001a88ba000 	/System/Library/Frameworks/Network.framework/Versions/A/Network
0x000000022b767000 	/usr/lib/libCoreEntitlements.dylib
0x00000002181d4000 	/System/Library/PrivateFrameworks/MessageSecurity.framework/Versions/A/MessageSecurity
0x00000001a849e000 	/System/Library/PrivateFrameworks/ProtocolBuffer.framework/Versions/A/ProtocolBuffer
0x00000001ad736000 	/System/Library/PrivateFrameworks/AppleFSCompression.framework/Versions/A/AppleFSCompression
0x00000001ad126000 	/usr/lib/libcoretls.dylib
0x00000001ae374000 	/usr/lib/libcoretls_cfhelpers.dylib
0x00000001add58000 	/usr/lib/libpam.2.dylib
0x00000001ae3dc000 	/usr/lib/libxar.1.dylib
0x00000001ae7a7000 	/usr/lib/libheimdal-asn1.dylib
0x00000001adacb000 	/usr/lib/libpcap.A.dylib
0x00000001a88a7000 	/usr/lib/libdns_services.dylib
0x00000001ac640000 	/System/Library/PrivateFrameworks/AppleSystemInfo.framework/Versions/A/AppleSystemInfo
0x00000001ace1a000 	/System/Library/PrivateFrameworks/IOMobileFramebuffer.framework/Versions/A/IOMobileFramebuffer
0x00000001ad747000 	/usr/lib/libbz2.1.0.dylib
0x00000001ad116000 	/usr/lib/libCheckFix.dylib
0x00000001a70f4000 	/System/Library/PrivateFrameworks/TCC.framework/Versions/A/TCC
0x00000001ac647000 	/System/Library/PrivateFrameworks/CoreNLP.framework/Versions/A/CoreNLP
0x00000001a96d7000 	/System/Library/PrivateFrameworks/MetadataUtilities.framework/Versions/A/MetadataUtilities
0x00000001ad14f000 	/usr/lib/libmecab.dylib
0x00000001a30ec000 	/usr/lib/libCRFSuite.dylib
0x00000001ad1ac000 	/usr/lib/libgermantok.dylib
0x00000001add04000 	/usr/lib/libThaiTokenizer.dylib
0x00000001a97ba000 	/System/Library/Frameworks/Accelerate.framework/Versions/A/Frameworks/vImage.framework/Versions/A/vImage
0x00000001b417e000 	/System/Library/Frameworks/Accelerate.framework/Versions/A/Frameworks/vecLib.framework/Versions/A/vecLib
0x00000001ae422000 	/System/Library/Frameworks/Accelerate.framework/Versions/A/Frameworks/vecLib.framework/Versions/A/libvMisc.dylib
0x00000001acd1a000 	/System/Library/Frameworks/Accelerate.framework/Versions/A/Frameworks/vecLib.framework/Versions/A/libvDSP.dylib
0x00000001a2cf8000 	/System/Library/Frameworks/Accelerate.framework/Versions/A/Frameworks/vecLib.framework/Versions/A/libBLAS.dylib
0x00000001ade30000 	/System/Library/Frameworks/Accelerate.framework/Versions/A/Frameworks/vecLib.framework/Versions/A/libLAPACK.dylib
0x00000001ad1af000 	/System/Library/Frameworks/Accelerate.framework/Versions/A/Frameworks/vecLib.framework/Versions/A/libLinearAlgebra.dylib
0x00000001add43000 	/System/Library/Frameworks/Accelerate.framework/Versions/A/Frameworks/vecLib.framework/Versions/A/libSparseBLAS.dylib
0x00000001ade2b000 	/System/Library/Frameworks/Accelerate.framework/Versions/A/Frameworks/vecLib.framework/Versions/A/libQuadrature.dylib
0x00000001ac740000 	/System/Library/Frameworks/Accelerate.framework/Versions/A/Frameworks/vecLib.framework/Versions/A/libBNNS.dylib
0x00000001a2ffb000 	/System/Library/Frameworks/Accelerate.framework/Versions/A/Frameworks/vecLib.framework/Versions/A/libSparse.dylib
0x000000021750a000 	/System/Library/PrivateFrameworks/MIL.framework/Versions/A/MIL
0x00000001adb00000 	/usr/lib/libiconv.2.dylib
0x00000001ada54000 	/usr/lib/libcharset.1.dylib
0x00000001aa1a2000 	/System/Library/Frameworks/OpenDirectory.framework/Versions/A/Frameworks/CFOpenDirectory.framework/Versions/A/CFOpenDirectory
0x00000001aa192000 	/System/Library/Frameworks/OpenDirectory.framework/Versions/A/OpenDirectory
0x00000001ae376000 	/System/Library/PrivateFrameworks/APFS.framework/Versions/A/APFS
0x00000001ad050000 	/System/Library/Frameworks/SecurityFoundation.framework/Versions/A/SecurityFoundation
0x00000001ae3eb000 	/usr/lib/libutil.dylib
0x000000021657f000 	/System/Library/PrivateFrameworks/InstalledContentLibrary.framework/Versions/A/InstalledContentLibrary
0x00000001a55be000 	/System/Library/PrivateFrameworks/CoreServicesStore.framework/Versions/A/CoreServicesStore
0x000000020d57a000 	/System/Library/PrivateFrameworks/AppleMobileFileIntegrity.framework/Versions/A/AppleMobileFileIntegrity
0x00000001c3aa7000 	/usr/lib/libmis.dylib
0x00000001d1a08000 	/System/Library/PrivateFrameworks/MobileSystemServices.framework/Versions/A/MobileSystemServices
0x00000001ec245000 	/System/Library/PrivateFrameworks/ConfigProfileHelper.framework/Versions/A/ConfigProfileHelper
0x00000001add06000 	/System/Library/PrivateFrameworks/AppleSauce.framework/Versions/A/AppleSauce
0x00000001a3dd3000 	/System/Library/PrivateFrameworks/LanguageModeling.framework/Versions/A/LanguageModeling
0x00000001ae3ef000 	/usr/lib/libxslt.1.dylib
0x00000001adbf3000 	/usr/lib/libcmph.dylib
0x00000001ace07000 	/System/Library/PrivateFrameworks/CoreEmoji.framework/Versions/A/CoreEmoji
0x00000001ac73a000 	/System/Library/PrivateFrameworks/LinguisticData.framework/Versions/A/LinguisticData
0x00000001a2fb3000 	/System/Library/PrivateFrameworks/Lexicon.framework/Versions/A/Lexicon
0x00000001ad0e3000 	/System/Library/PrivateFrameworks/BackgroundTaskManagement.framework/Versions/A/BackgroundTaskManagement
0x000000022b90a000 	/usr/lib/libTLE.dylib
0x000000022c6b7000 	/usr/lib/swift/libswift_RegexParser.dylib
0x00000001af057000 	/System/Library/PrivateFrameworks/AppleJPEG.framework/Versions/A/AppleJPEG
0x00000001ae78c000 	/usr/lib/libexpat.1.dylib
0x00000001af618000 	/System/Library/Frameworks/ImageIO.framework/Versions/A/Resources/libPng.dylib
0x00000001af643000 	/System/Library/Frameworks/ImageIO.framework/Versions/A/Resources/libTIFF.dylib
0x00000001af72c000 	/System/Library/Frameworks/ImageIO.framework/Versions/A/Resources/libGIF.dylib
0x00000001af09c000 	/System/Library/Frameworks/ImageIO.framework/Versions/A/Resources/libJP2.dylib
0x00000001af6d0000 	/System/Library/Frameworks/ImageIO.framework/Versions/A/Resources/libJPEG.dylib
0x00000001af6c7000 	/System/Library/Frameworks/ImageIO.framework/Versions/A/Resources/libRadiance.dylib
0x00000001aba23000 	/System/Library/PrivateFrameworks/FontServices.framework/libFontParser.dylib
0x00000001a87d6000 	/System/Library/PrivateFrameworks/RunningBoardServices.framework/Versions/A/RunningBoardServices
0x00000001ba046000 	/System/Library/PrivateFrameworks/IOSurfaceAccelerator.framework/Versions/A/IOSurfaceAccelerator
0x00000001af18e000 	/System/Library/PrivateFrameworks/WatchdogClient.framework/Versions/A/WatchdogClient
0x00000001a3f4c000 	/System/Library/Frameworks/CoreDisplay.framework/Versions/A/CoreDisplay
0x00000001ab8fd000 	/System/Library/Frameworks/CoreMedia.framework/Versions/A/CoreMedia
0x00000001ab6ea000 	/System/Library/PrivateFrameworks/IOAccelerator.framework/Versions/A/IOAccelerator
0x00000001aa333000 	/System/Library/Frameworks/CoreVideo.framework/Versions/A/CoreVideo
0x00000001add56000 	/System/Library/Frameworks/MetalPerformanceShaders.framework/Versions/A/MetalPerformanceShaders
0x00000001af1cd000 	/System/Library/Frameworks/VideoToolbox.framework/Versions/A/VideoToolbox
0x00000001a8719000 	/System/Library/PrivateFrameworks/BaseBoard.framework/Versions/A/BaseBoard
0x00000001af6c2000 	/System/Library/PrivateFrameworks/GPUWrangler.framework/Versions/A/GPUWrangler
0x00000001af6a2000 	/System/Library/PrivateFrameworks/IOPresentment.framework/Versions/A/IOPresentment
0x00000001af6ca000 	/System/Library/PrivateFrameworks/DSExternalDisplay.framework/Versions/A/DSExternalDisplay
0x0000000212d28000 	/System/Library/PrivateFrameworks/GPUCompiler.framework/Versions/31001/Libraries/libllvm-flatbuffers.dylib
0x00000001f1946000 	/System/Library/Frameworks/OpenGL.framework/Versions/A/Libraries/libCoreFSCache.dylib
0x0000000212d24000 	/System/Library/PrivateFrameworks/GPUCompiler.framework/Versions/31001/Libraries/libGPUCompilerUtils.dylib
0x00000001af732000 	/System/Library/PrivateFrameworks/CMCaptureCore.framework/Versions/A/CMCaptureCore
0x0000000207683000 	/System/Library/Frameworks/ExtensionFoundation.framework/Versions/A/ExtensionFoundation
0x00000001b5e67000 	/System/Library/PrivateFrameworks/CoreTime.framework/Versions/A/CoreTime
0x00000001aed49000 	/System/Library/PrivateFrameworks/AppServerSupport.framework/Versions/A/AppServerSupport
0x00000001b10cd000 	/System/Library/PrivateFrameworks/perfdata.framework/Versions/A/perfdata
0x00000001a406c000 	/System/Library/PrivateFrameworks/AudioToolboxCore.framework/Versions/A/AudioToolboxCore
0x00000001ab8d3000 	/System/Library/PrivateFrameworks/caulk.framework/Versions/A/caulk
0x00000001b098a000 	/usr/lib/libAudioStatistics.dylib
0x00000001c2ecd000 	/System/Library/PrivateFrameworks/SystemPolicy.framework/Versions/A/SystemPolicy
0x00000001b0c2c000 	/usr/lib/libSMC.dylib
0x00000001b97e9000 	/System/Library/Frameworks/CoreMIDI.framework/Versions/A/CoreMIDI
0x00000001af5e5000 	/usr/lib/libAudioToolboxUtility.dylib
0x00000001bec40000 	/System/Library/PrivateFrameworks/OSAServicesClient.framework/Versions/A/OSAServicesClient
0x00000001b10da000 	/usr/lib/libperfcheck.dylib
0x00000001ae677000 	/System/Library/PrivateFrameworks/PlugInKit.framework/Versions/A/PlugInKit
0x00000001ad042000 	/System/Library/PrivateFrameworks/AssertionServices.framework/Versions/A/AssertionServices
0x00000001f19a8000 	/System/Library/Frameworks/OpenGL.framework/Versions/A/Libraries/libGLU.dylib
0x00000001f1967000 	/System/Library/Frameworks/OpenGL.framework/Versions/A/Libraries/libGFXShared.dylib
0x00000001f1b4e000 	/System/Library/Frameworks/OpenGL.framework/Versions/A/Libraries/libGL.dylib
0x00000001f1970000 	/System/Library/Frameworks/OpenGL.framework/Versions/A/Libraries/libGLImage.dylib
0x00000001f1964000 	/System/Library/Frameworks/OpenGL.framework/Versions/A/Libraries/libCVMSPluginSupport.dylib
0x000000022b8e9000 	/usr/lib/libRosetta.dylib
0x00000001f194d000 	/System/Library/Frameworks/OpenGL.framework/Versions/A/Libraries/libCoreVMClient.dylib
0x00000001ac5b8000 	/System/Library/Frameworks/MetalPerformanceShaders.framework/Versions/A/Frameworks/MPSCore.framework/Versions/A/MPSCore
0x00000001ad6ac000 	/System/Library/Frameworks/MetalPerformanceShaders.framework/Versions/A/Frameworks/MPSImage.framework/Versions/A/MPSImage
0x00000001ad1c4000 	/System/Library/Frameworks/MetalPerformanceShaders.framework/Versions/A/Frameworks/MPSNeuralNetwork.framework/Versions/A/MPSNeuralNetwork
0x00000001ad5b0000 	/System/Library/Frameworks/MetalPerformanceShaders.framework/Versions/A/Frameworks/MPSMatrix.framework/Versions/A/MPSMatrix
0x00000001ad3c2000 	/System/Library/Frameworks/MetalPerformanceShaders.framework/Versions/A/Frameworks/MPSRayIntersector.framework/Versions/A/MPSRayIntersector
0x00000001ad5df000 	/System/Library/Frameworks/MetalPerformanceShaders.framework/Versions/A/Frameworks/MPSNDArray.framework/Versions/A/MPSNDArray
0x0000000208a51000 	/System/Library/Frameworks/MetalPerformanceShaders.framework/Versions/A/Frameworks/MPSFunctions.framework/Versions/A/MPSFunctions
0x00000001a2bbe000 	/System/Library/PrivateFrameworks/MetalTools.framework/Versions/A/MetalTools
0x00000001ac63e000 	/System/Library/PrivateFrameworks/AggregateDictionary.framework/Versions/A/AggregateDictionary
0x00000001ae530000 	/usr/lib/libIOReport.dylib
0x00000001b89d6000 	/System/Library/PrivateFrameworks/ASEProcessing.framework/Versions/A/ASEProcessing
0x00000001ae8e7000 	/System/Library/PrivateFrameworks/GraphVisualizer.framework/Versions/A/GraphVisualizer
0x0000000212c45000 	/System/Library/PrivateFrameworks/FontServices.framework/Versions/A/FontServices
0x00000001aed07000 	/System/Library/PrivateFrameworks/OTSVG.framework/Versions/A/OTSVG
0x00000001a9ee6000 	/System/Library/Frameworks/ApplicationServices.framework/Versions/A/Frameworks/ATS.framework/Versions/A/Resources/libFontRegistry.dylib
0x00000001aed53000 	/System/Library/PrivateFrameworks/FontServices.framework/libhvf.dylib
0x0000000212c46000 	/System/Library/PrivateFrameworks/FontServices.framework/libXTFontStaticRegistryData.dylib
0x0000000224ae2000 	/System/Library/PrivateFrameworks/VideoToolboxParavirtualizationSupport.framework/Versions/A/VideoToolboxParavirtualizationSupport
0x00000001ae740000 	/System/Library/PrivateFrameworks/AppleVA.framework/Versions/A/AppleVA
0x00000001b09ca000 	/System/Library/Frameworks/ApplicationServices.framework/Versions/A/Frameworks/ATS.framework/Versions/A/ATS
0x00000001a7c68000 	/System/Library/Frameworks/ApplicationServices.framework/Versions/A/Frameworks/HIServices.framework/Versions/A/HIServices
0x00000001af73e000 	/System/Library/Frameworks/ApplicationServices.framework/Versions/A/Frameworks/PrintCore.framework/Versions/A/PrintCore
0x00000001b0d85000 	/System/Library/Frameworks/ApplicationServices.framework/Versions/A/Frameworks/QD.framework/Versions/A/QD
0x00000001b0d79000 	/System/Library/Frameworks/ApplicationServices.framework/Versions/A/Frameworks/ColorSyncLegacy.framework/Versions/A/ColorSyncLegacy
0x00000001b099e000 	/System/Library/Frameworks/ApplicationServices.framework/Versions/A/Frameworks/SpeechSynthesis.framework/Versions/A/SpeechSynthesis
0x00000001af6fc000 	/System/Library/Frameworks/ApplicationServices.framework/Versions/A/Frameworks/ATSUI.framework/Versions/A/ATSUI
0x00000001b0d0c000 	/usr/lib/libcups.2.dylib
0x00000001b10e8000 	/System/Library/Frameworks/Kerberos.framework/Versions/A/Kerberos
0x00000001b10f9000 	/System/Library/Frameworks/GSS.framework/Versions/A/GSS
0x00000001b0a3c000 	/usr/lib/libresolv.9.dylib
0x00000001aed63000 	/System/Library/PrivateFrameworks/Heimdal.framework/Versions/A/Heimdal
0x00000001b7a94000 	/System/Library/Frameworks/Kerberos.framework/Versions/A/Libraries/libHeimdalProxy.dylib
0x00000001b1149000 	/System/Library/PrivateFrameworks/CommonAuth.framework/Versions/A/CommonAuth
0x00000002068bd000 	/System/Library/Frameworks/AVFAudio.framework/Versions/A/AVFAudio
0x00000001bec8f000 	/System/Library/PrivateFrameworks/AXCoreUtilities.framework/Versions/A/AXCoreUtilities
0x00000001b0916000 	/System/Library/PrivateFrameworks/AudioSession.framework/Versions/A/AudioSession
0x00000001b1eb1000 	/System/Library/Frameworks/IOBluetooth.framework/Versions/A/IOBluetooth
0x00000001ae841000 	/System/Library/PrivateFrameworks/MediaExperience.framework/Versions/A/MediaExperience
0x00000001b07b1000 	/System/Library/PrivateFrameworks/AudioSession.framework/libSessionUtility.dylib
0x00000001b0d91000 	/System/Library/PrivateFrameworks/AudioResourceArbitration.framework/Versions/A/AudioResourceArbitration
0x00000001b4d96000 	/System/Library/PrivateFrameworks/PowerLog.framework/Versions/A/PowerLog
0x00000001b4cd8000 	/System/Library/Frameworks/CoreBluetooth.framework/Versions/A/CoreBluetooth
0x00000001b7a95000 	/System/Library/Frameworks/AudioUnit.framework/Versions/A/AudioUnit
0x00000001acea5000 	/System/Library/PrivateFrameworks/CoreUtils.framework/Versions/A/CoreUtils
0x0000000211646000 	/System/Library/PrivateFrameworks/CoreUtilsExtras.framework/Versions/A/CoreUtilsExtras
0x0000000216419000 	/System/Library/PrivateFrameworks/IO80211.framework/Versions/A/IO80211
0x00000001ae7b1000 	/System/Library/PrivateFrameworks/IconFoundation.framework/Versions/A/IconFoundation
0x00000001b3dac000 	/System/Library/PrivateFrameworks/SpeechRecognitionCore.framework/Versions/A/SpeechRecognitionCore
0x0000000101a50000 	/Users/meo/Library/Java/JavaVirtualMachines/corretto-17.0.6/Contents/Home/lib/server/libjvm.dylib
0x00000001009ac000 	/Users/meo/Library/Java/JavaVirtualMachines/corretto-17.0.6/Contents/Home/lib/libjimage.dylib
0x0000000100a60000 	/Users/meo/Library/Java/JavaVirtualMachines/corretto-17.0.6/Contents/Home/lib/libinstrument.dylib
0x0000000100aac000 	/Users/meo/Library/Java/JavaVirtualMachines/corretto-17.0.6/Contents/Home/lib/libjava.dylib
0x0000000101560000 	/Users/meo/Library/Java/JavaVirtualMachines/corretto-17.0.6/Contents/Home/lib/libnio.dylib
0x0000000101580000 	/Users/meo/Library/Java/JavaVirtualMachines/corretto-17.0.6/Contents/Home/lib/libnet.dylib
0x00000001015a4000 	/Users/meo/Library/Java/JavaVirtualMachines/corretto-17.0.6/Contents/Home/lib/libzip.dylib
0x0000000100a90000 	/Users/meo/.openjfx/cache/18+12/libprism_es2.dylib
0x00000001f1b58000 	/System/Library/Frameworks/OpenGL.framework/Versions/A/Resources/GLEngine.bundle/GLEngine
0x00000001f19e2000 	/System/Library/Frameworks/OpenGL.framework/Versions/A/Libraries/libGLProgrammability.dylib
0x0000000101940000 	/System/Library/Extensions/AppleMetalOpenGLRenderer.bundle/Contents/MacOS/AppleMetalOpenGLRenderer
0x00000001f1cc6000 	/System/Library/Frameworks/OpenGL.framework/Versions/A/Resources/GLRendererFloat.bundle/GLRendererFloat
0x00000001eceb8000 	/System/Library/Extensions/AGXMetalG13X.bundle/Contents/MacOS/AGXMetalG13X
0x00000001c3abb000 	/System/Library/PrivateFrameworks/GPURawCounter.framework/Versions/A/GPURawCounter
0x00000001bdd3a000 	/System/Library/PrivateFrameworks/IOGPU.framework/Versions/A/IOGPU
0x00000001018b0000 	/Users/meo/.openjfx/cache/18+12/libglass.dylib
0x00000001b4fe6000 	/System/Library/Frameworks/FileProvider.framework/Versions/A/FileProvider
0x00000001a8681000 	/System/Library/Frameworks/Accounts.framework/Versions/A/Accounts
0x00000001aa3d1000 	/System/Library/PrivateFrameworks/UserManagement.framework/Versions/A/UserManagement
0x00000001b5170000 	/System/Library/PrivateFrameworks/GenerationalStorage.framework/Versions/A/GenerationalStorage
0x00000001b5d8d000 	/System/Library/PrivateFrameworks/CoreSymbolication.framework/Versions/A/CoreSymbolication
0x00000001b4d8a000 	/System/Library/PrivateFrameworks/SymptomDiagnosticReporter.framework/Versions/A/SymptomDiagnosticReporter
0x00000001a6800000 	/System/Library/PrivateFrameworks/DesktopServicesPriv.framework/Versions/A/DesktopServicesPriv
0x00000001a56e7000 	/usr/lib/libsandbox.1.dylib
0x00000001b5d4e000 	/System/Library/PrivateFrameworks/DebugSymbols.framework/Versions/A/DebugSymbols
0x00000001b0d6c000 	/System/Library/PrivateFrameworks/NetAuth.framework/Versions/A/NetAuth
0x00000001b1d25000 	/System/Library/PrivateFrameworks/Sharing.framework/Versions/A/Sharing
0x00000001aa395000 	/System/Library/PrivateFrameworks/login.framework/Versions/A/Frameworks/loginsupport.framework/Versions/A/loginsupport
0x00000001b6f91000 	/System/Library/PrivateFrameworks/Apple80211.framework/Versions/A/Apple80211
0x00000001ad78d000 	/System/Library/PrivateFrameworks/AuthKit.framework/Versions/A/AuthKit
0x00000001ace27000 	/System/Library/Frameworks/CoreWLAN.framework/Versions/A/CoreWLAN
0x00000001b6f95000 	/System/Library/PrivateFrameworks/CoreWiFi.framework/Versions/A/CoreWiFi
0x00000001e5a0c000 	/System/Library/PrivateFrameworks/WiFiPeerToPeer.framework/Versions/A/WiFiPeerToPeer
0x00000001b5906000 	/System/Library/PrivateFrameworks/FrontBoardServices.framework/Versions/A/FrontBoardServices
0x00000001b59a2000 	/System/Library/PrivateFrameworks/BoardServices.framework/Versions/A/BoardServices
0x00000001b7120000 	/System/Library/PrivateFrameworks/BackBoardServices.framework/Versions/A/BackBoardServices
0x00000001ad8f1000 	/System/Library/Frameworks/UserNotifications.framework/Versions/A/UserNotifications
0x00000001b1243000 	/System/Library/PrivateFrameworks/CorePhoneNumbers.framework/Versions/A/CorePhoneNumbers
0x00000001b0a69000 	/System/Library/PrivateFrameworks/MultiverseSupport.framework/Versions/A/MultiverseSupport
0x00000001b73a9000 	/System/Library/PrivateFrameworks/RemoteServiceDiscovery.framework/Versions/A/RemoteServiceDiscovery
0x00000001b4eb6000 	/System/Library/PrivateFrameworks/DiskManagement.framework/Versions/A/DiskManagement
0x00000001b4dbd000 	/System/Library/PrivateFrameworks/AppleIDAuthSupport.framework/Versions/A/AppleIDAuthSupport
0x000000020b8b6000 	/System/Library/PrivateFrameworks/AAAFoundation.framework/Versions/A/AAAFoundation
0x00000001b121b000 	/System/Library/PrivateFrameworks/KeychainCircle.framework/Versions/A/KeychainCircle
0x00000001b73bd000 	/System/Library/PrivateFrameworks/RemoteXPC.framework/Versions/A/RemoteXPC
0x00000001b4e82000 	/System/Library/PrivateFrameworks/MediaKit.framework/Versions/A/MediaKit
0x00000001b4dca000 	/System/Library/Frameworks/DiscRecording.framework/Versions/A/DiscRecording
0x00000001ae6bc000 	/usr/lib/libCoreStorage.dylib
0x00000001b7425000 	/usr/lib/libcsfde.dylib
0x00000001b1f86000 	/System/Library/PrivateFrameworks/ProtectedCloudStorage.framework/Versions/A/ProtectedCloudStorage
0x00000001b741d000 	/System/Library/PrivateFrameworks/EFILogin.framework/Versions/A/EFILogin
0x00000001b5196000 	/System/Library/PrivateFrameworks/OctagonTrust.framework/Versions/A/OctagonTrust
0x00000001ae6b4000 	/usr/lib/libMatch.1.dylib
0x00000001c83d5000 	/System/Library/Frameworks/Accelerate.framework/Versions/A/Frameworks/vImage.framework/Versions/A/Libraries/libCGInterfaces.dylib
0x000000013a4c4000 	/usr/lib/libobjc-trampolines.dylib
0x000000022b63d000 	/usr/lib/libAccessibilityBaseImplementations.dylib
0x00000001aa07e000 	/System/Library/PrivateFrameworks/ViewBridge.framework/Versions/A/ViewBridge
0x000000013c614000 	/Users/meo/.openjfx/cache/18+12/libjavafx_font.dylib
0x00000001aee26000 	/System/Library/PrivateFrameworks/login.framework/Versions/A/login
0x000000013ff00000 	/System/Library/Frameworks/FileProvider.framework/OverrideBundles/CloudDocsFileProvider.bundle/Contents/MacOS/CloudDocsFileProvider
0x00000001aa6b5000 	/System/Library/PrivateFrameworks/CloudDocs.framework/Versions/A/CloudDocs
0x00000001b77a9000 	/System/Library/PrivateFrameworks/AppleAccount.framework/Versions/A/AppleAccount
0x00000001aa3fc000 	/System/Library/Frameworks/CloudKit.framework/Versions/A/CloudKit
0x00000001b1f6d000 	/System/Library/PrivateFrameworks/AppContainer.framework/Versions/A/AppContainer
0x00000001b1980000 	/System/Library/PrivateFrameworks/IDS.framework/Versions/A/IDS
0x00000001b78fc000 	/System/Library/PrivateFrameworks/AppleIDSSOAuthentication.framework/Versions/A/AppleIDSSOAuthentication
0x00000001aa398000 	/System/Library/PrivateFrameworks/ApplePushService.framework/Versions/A/ApplePushService
0x00000001b74a6000 	/System/Library/PrivateFrameworks/AppSupport.framework/Versions/A/AppSupport
0x00000001b0703000 	/System/Library/PrivateFrameworks/IMFoundation.framework/Versions/A/IMFoundation
0x00000001be3c5000 	/System/Library/PrivateFrameworks/Marco.framework/Versions/A/Marco
0x00000001b1b09000 	/System/Library/PrivateFrameworks/IDSFoundation.framework/Versions/A/IDSFoundation
0x00000001a86fe000 	/System/Library/PrivateFrameworks/CommonUtilities.framework/Versions/A/CommonUtilities
0x00000001c3658000 	/System/Library/PrivateFrameworks/FTServices.framework/Versions/A/FTServices
0x00000001bb548000 	/System/Library/PrivateFrameworks/Engram.framework/Versions/A/Engram
0x00000001bb4ea000 	/usr/lib/libtidy.A.dylib
0x00000001aefed000 	/System/Library/PrivateFrameworks/Bom.framework/Versions/A/Bom
0x00000001b0a79000 	/usr/lib/libParallelCompression.dylib
0x00000001ae539000 	/System/Library/PrivateFrameworks/CrashReporterSupport.framework/Versions/A/CrashReporterSupport
0x00000001ce6e7000 	/System/Library/PrivateFrameworks/FTAWD.framework/Versions/A/FTAWD
0x00000001d0c7b000 	/System/Library/PrivateFrameworks/OSAnalytics.framework/Versions/A/OSAnalytics
0x00000001dc7ff000 	/System/Library/PrivateFrameworks/Symbolication.framework/Versions/A/Symbolication
0x00000001c3a79000 	/System/Library/PrivateFrameworks/MallocStackLogging.framework/Versions/A/MallocStackLogging
0x000000020aa0d000 	/System/Library/Frameworks/SharedWithYouCore.framework/Versions/A/SharedWithYouCore
0x000000022b74c000 	/usr/lib/libBASupport.dylib
0x00000001c2ccd000 	/System/Library/Frameworks/AVFoundation.framework/Versions/A/AVFoundation
0x00000001b7b4b000 	/System/Library/PrivateFrameworks/C2.framework/Versions/A/C2
0x00000001ab5dc000 	/System/Library/Frameworks/CoreLocation.framework/Versions/A/CoreLocation
0x000000020e458000 	/System/Library/PrivateFrameworks/CloudKitDistributedSync.framework/Versions/A/CloudKitDistributedSync
0x00000001b7b42000 	/System/Library/Frameworks/PushKit.framework/Versions/A/PushKit
0x000000020738c000 	/System/Library/Frameworks/CoreTransferable.framework/Versions/A/CoreTransferable
0x00000001e1622000 	/System/Library/Frameworks/CryptoKit.framework/Versions/A/CryptoKit
0x00000001e597f000 	/System/Library/PrivateFrameworks/FeatureFlags.framework/Versions/A/FeatureFlags
0x00000001d9c00000 	/usr/lib/swift/libswiftAVFoundation.dylib
0x00000001c3abf000 	/usr/lib/swift/libswiftCoreAudio.dylib
0x00000001c83ef000 	/usr/lib/swift/libswiftCoreLocation.dylib
0x00000001c83f2000 	/usr/lib/swift/libswiftCoreMIDI.dylib
0x00000001d8848000 	/usr/lib/swift/libswiftCoreMedia.dylib
0x00000001ce161000 	/usr/lib/swift/libswiftMetal.dylib
0x00000001d15e3000 	/usr/lib/swift/libswiftQuartzCore.dylib
0x00000001d54ad000 	/usr/lib/swift/libswiftUniformTypeIdentifiers.dylib
0x00000001c695a000 	/usr/lib/swift/libswiftsimd.dylib
0x00000001b56d9000 	/System/Library/PrivateFrameworks/AVFCore.framework/Versions/A/AVFCore
0x00000001bcb03000 	/System/Library/PrivateFrameworks/AVFCapture.framework/Versions/A/AVFCapture
0x00000001c1631000 	/System/Library/PrivateFrameworks/AirPlaySync.framework/Versions/A/AirPlaySync
0x00000001af94d000 	/System/Library/Frameworks/MediaToolbox.framework/Versions/A/MediaToolbox
0x00000001b4fb2000 	/System/Library/PrivateFrameworks/CoreAVCHD.framework/Versions/A/CoreAVCHD
0x00000001b4496000 	/System/Library/Frameworks/MediaAccessibility.framework/Versions/A/MediaAccessibility
0x00000001b4fae000 	/System/Library/PrivateFrameworks/Mangrove.framework/Versions/A/Mangrove
0x000000020e0e3000 	/System/Library/PrivateFrameworks/CMPhoto.framework/Versions/A/CMPhoto
0x00000001b4fa2000 	/System/Library/PrivateFrameworks/CoreAUC.framework/Versions/A/CoreAUC
0x000000020e0b4000 	/System/Library/PrivateFrameworks/CMImaging.framework/Versions/A/CMImaging
0x00000001bcc7b000 	/System/Library/PrivateFrameworks/Quagga.framework/Versions/A/Quagga
0x00000001bcd4e000 	/System/Library/PrivateFrameworks/CMCapture.framework/Versions/A/CMCapture
0x00000001b0b39000 	/System/Library/Frameworks/CoreMediaIO.framework/Versions/A/CoreMediaIO
0x00000001c3a0b000 	/System/Library/PrivateFrameworks/LoggingSupport.framework/Versions/A/LoggingSupport
0x00000001b94e3000 	/System/Library/PrivateFrameworks/RTCReporting.framework/Versions/A/RTCReporting
0x00000001b224a000 	/System/Library/PrivateFrameworks/GeoServices.framework/Versions/A/GeoServices
0x00000001b077c000 	/System/Library/PrivateFrameworks/LocationSupport.framework/Versions/A/LocationSupport
0x0000000213868000 	/System/Library/PrivateFrameworks/GeoServicesCore.framework/Versions/A/GeoServicesCore
0x00000001bec84000 	/System/Library/PrivateFrameworks/PhoneNumbers.framework/Versions/A/PhoneNumbers
0x00000001e1423000 	/usr/lib/swift/libswiftNetwork.dylib
0x00000001b7a8e000 	/System/Library/PrivateFrameworks/CryptoKitCBridging.framework/Versions/A/CryptoKitCBridging
0x00000001b5a4c000 	/System/Library/Frameworks/CryptoTokenKit.framework/Versions/A/CryptoTokenKit
0x00000001d8846000 	/usr/lib/swift/libswiftCryptoTokenKit.dylib
0x00000001b5aaa000 	/System/Library/Frameworks/LocalAuthentication.framework/Versions/A/LocalAuthentication
0x00000001b5af4000 	/System/Library/Frameworks/LocalAuthentication.framework/Support/SharedUtils.framework/Versions/A/SharedUtils
0x00000001c197e000 	/usr/lib/swift/libswiftCoreGraphics.dylib
0x00000001b1f82000 	/System/Library/PrivateFrameworks/SecCodeWrapper.framework/Versions/A/SecCodeWrapper
0x000000013ff18000 	/System/Library/Frameworks/FileProvider.framework/OverrideBundles/FileProviderOverride.bundle/Contents/MacOS/FileProviderOverride
0x000000013ffb8000 	/System/Library/Frameworks/FileProvider.framework/OverrideBundles/FinderSyncCollaborationFileProviderOverride.bundle/Contents/MacOS/FinderSyncCollaborationFileProviderOverride
0x00000001d5394000 	/System/Library/PrivateFrameworks/FinderSyncPriv.framework/Versions/A/FinderSyncPriv
0x00000001c144d000 	/usr/lib/libFosl_dynamic.dylib
0x00000001c79cb000 	/usr/lib/libncurses.5.4.dylib
0x0000000288500000 	/Users/meo/.openjfx/cache/18+12/libglib-lite.dylib
0x00000002887d8000 	/Users/meo/.openjfx/cache/18+12/libgstreamer-lite.dylib
0x000000014e51c000 	/Users/meo/.openjfx/cache/18+12/libjfxmedia.dylib
0x000000014e558000 	/Users/meo/.openjfx/cache/18+12/libjfxmedia_avf.dylib
0x000000014e578000 	/Users/meo/.openjfx/cache/18+12/libfxplugins.dylib
0x000000020af35000 	/System/Library/Frameworks/VideoDecodeAcceleration.framework/Versions/A/VideoDecodeAcceleration
0x0000000288640000 	/System/Library/Components/CoreAudio.component/Contents/MacOS/CoreAudio
0x000000028ae1c000 	/System/Library/Components/AudioCodecs.component/Contents/MacOS/AudioCodecs
0x000000020c0e1000 	/System/Library/PrivateFrameworks/AccessibilityBundles.framework/Versions/A/AccessibilityBundles
0x00000001becb2000 	/usr/lib/libAccessibility.dylib
0x00000001b44cc000 	/System/Library/PrivateFrameworks/SystemAdministration.framework/Versions/A/SystemAdministration
0x00000001b3d74000 	/System/Library/Frameworks/DirectoryService.framework/Versions/A/DirectoryService
0x00000001b72b1000 	/System/Library/PrivateFrameworks/DiskImages.framework/Versions/A/DiskImages
0x00000001ad108000 	/System/Library/Frameworks/ServiceManagement.framework/Versions/A/ServiceManagement
0x00000001b749e000 	/System/Library/PrivateFrameworks/LoginUIKit.framework/Versions/A/Frameworks/LoginUICore.framework/Versions/A/LoginUICore
0x00000001aefe9000 	/usr/lib/libodfde.dylib
0x00000001b7431000 	/usr/lib/libcurl.4.dylib
0x000000022bc1b000 	/usr/lib/libcrypto.46.dylib
0x000000022c255000 	/usr/lib/libssl.48.dylib
0x00000001b7143000 	/System/Library/Frameworks/LDAP.framework/Versions/A/LDAP
0x00000001b7183000 	/System/Library/PrivateFrameworks/TrustEvaluationAgent.framework/Versions/A/TrustEvaluationAgent
0x00000001b0a55000 	/usr/lib/libsasl2.2.dylib


VM Arguments:
jvm_args: -javaagent:/Applications/IntelliJ IDEA.app/Contents/lib/idea_rt.jar=51170:/Applications/IntelliJ IDEA.app/Contents/bin -Dfile.encoding=UTF-8 --module-path=/Users/meo/Desktop/CSC1004/javaproject/CSC1004java/target/classes:/Users/meo/.m2/repository/org/openjfx/javafx-base/18/javafx-base-18-mac-aarch64.jar:/Users/meo/.m2/repository/org/openjfx/javafx-fxml/18/javafx-fxml-18-mac-aarch64.jar:/Users/meo/.m2/repository/com/github/almasb/fxgl-entity/17.2/fxgl-entity-17.2.jar:/Users/meo/.m2/repository/com/github/almasb/fxgl/17.2/fxgl-17.2.jar:/Users/meo/.m2/repository/com/gluonhq/attach/audio/4.0.13/audio-4.0.13.jar:/Users/meo/.m2/repository/com/github/almasb/fxgl-gameplay/17.2/fxgl-gameplay-17.2.jar:/Users/meo/.m2/repository/com/fasterxml/jackson/core/jackson-annotations/2.12.1/jackson-annotations-2.12.1.jar:/Users/meo/.m2/repository/com/github/almasb/fxgl-io/17.2/fxgl-io-17.2.jar:/Users/meo/.m2/repository/com/gluonhq/attach/storage/4.0.13/storage-4.0.13.jar:/Users/meo/.m2/repository/com/github/almasb/fxgl-scene/17.2/fxgl-scene-17.2.jar:/Users/meo/.m2/repository/org/openjfx/javafx-controls/18/javafx-controls-18-mac-aarch64.jar:/Users/meo/.m2/repository/com/fasterxml/jackson/core/jackson-databind/2.12.1/jackson-databind-2.12.1.jar:/Users/meo/.m2/repository/org/jetbrains/kotlin/kotlin-stdlib/1.6.0/kotlin-stdlib-1.6.0-modular.jar:/Users/meo/.m2/repository/com/gluonhq/attach/lifecycle/4.0.13/lifecycle-4.0.13.jar:/Users/meo/.m2/repository/com/gluonhq/attach/util/4.0.13/util-4.0.13.jar:/Users/meo/.m2/repository/org/openjfx/javafx-graphics/18/javafx-graphics-18-mac-aarch64.jar:/Users/meo/.m2/repository/com/fasterxml/jackson/core/jackson-core/2.12.1/jackson-core-2.12.1.jar:/Users/meo/.m2/repository/com/github/almasb/fxgl-core/17.2/fxgl-core-17.2.jar:/Users/meo/.m2/repository/org/openjfx/javafx-media/18/javafx-media-18-mac-aarch64.jar:/Users/meo/.m2/repository/org/jetbrains/annotations/13.0/annotations-13.0.jar -Djdk.module.main=CSC1004java 
java_command: CSC1004java/testPackage.McDonalismApp
java_class_path (initial): /Users/meo/.m2/repository/org/openjfx/javafx-fxml/18/javafx-fxml-18.jar:/Users/meo/.m2/repository/org/openjfx/javafx-controls/18/javafx-controls-18.jar:/Users/meo/.m2/repository/org/openjfx/javafx-graphics/18/javafx-graphics-18.jar:/Users/meo/.m2/repository/org/openjfx/javafx-base/18/javafx-base-18.jar:/Users/meo/.m2/repository/org/openjfx/javafx-media/18/javafx-media-18.jar:/Users/meo/.m2/repository/org/jetbrains/kotlin/kotlin-stdlib-common/1.6.0/kotlin-stdlib-common-1.6.0.jar
Launcher Type: SUN_STANDARD

[Global flags]
     intx CICompilerCount                          = 4                                         {product} {ergonomic}
     uint ConcGCThreads                            = 2                                         {product} {ergonomic}
     uint G1ConcRefinementThreads                  = 8                                         {product} {ergonomic}
   size_t G1HeapRegionSize                         = 2097152                                   {product} {ergonomic}
    uintx GCDrainStackTargetSize                   = 64                                        {product} {ergonomic}
   size_t InitialHeapSize                          = 268435456                                 {product} {ergonomic}
   size_t MarkStackSize                            = 4194304                                   {product} {ergonomic}
   size_t MaxHeapSize                              = 4294967296                                {product} {ergonomic}
   size_t MaxNewSize                               = 2575302656                                {product} {ergonomic}
   size_t MinHeapDeltaBytes                        = 2097152                                   {product} {ergonomic}
   size_t MinHeapSize                              = 8388608                                   {product} {ergonomic}
    uintx NonNMethodCodeHeapSize                   = 5839564                                {pd product} {ergonomic}
    uintx NonProfiledCodeHeapSize                  = 122909338                              {pd product} {ergonomic}
    uintx ProfiledCodeHeapSize                     = 122909338                              {pd product} {ergonomic}
    uintx ReservedCodeCacheSize                    = 251658240                              {pd product} {ergonomic}
     bool SegmentedCodeCache                       = true                                      {product} {ergonomic}
   size_t SoftMaxHeapSize                          = 4294967296                             {manageable} {ergonomic}
     bool UseCompressedClassPointers               = true                           {product lp64_product} {ergonomic}
     bool UseCompressedOops                        = true                           {product lp64_product} {ergonomic}
     bool UseG1GC                                  = true                                      {product} {ergonomic}
     bool UseNUMA                                  = false                                     {product} {ergonomic}
     bool UseNUMAInterleaving                      = false                                     {product} {ergonomic}

Logging:
Log output configuration:
 #0: stdout all=warning uptime,level,tags
 #1: stderr all=off uptime,level,tags

Environment Variables:
PATH=/Users/meo/miniconda3/bin:/Users/meo/miniconda3/condabin:/Library/Frameworks/Python.framework/Versions/3.11/bin:/usr/local/bin:/System/Cryptexes/App/usr/bin:/usr/bin:/bin:/usr/sbin:/sbin:/Library/Apple/usr/bin
SHELL=/bin/zsh
LC_CTYPE=zh_CN.UTF-8
TMPDIR=/var/folders/f9/3g9195jn2vx4k8cypvc_cjr80000gn/T/

Signal Handlers:
   SIGSEGV: crash_handler in libjvm.dylib, mask=11100110000111110111111111111111, flags=SA_RESTART|SA_SIGINFO
    SIGBUS: crash_handler in libjvm.dylib, mask=11100110000111110111111111111111, flags=SA_RESTART|SA_SIGINFO
    SIGFPE: crash_handler in libjvm.dylib, mask=11100110000111110111111111111111, flags=SA_RESTART|SA_SIGINFO
   SIGPIPE: javaSignalHandler in libjvm.dylib, mask=11100110000111110111111111111111, flags=SA_RESTART|SA_SIGINFO
   SIGXFSZ: javaSignalHandler in libjvm.dylib, mask=11100110000111110111111111111111, flags=SA_RESTART|SA_SIGINFO
    SIGILL: crash_handler in libjvm.dylib, mask=11100110000111110111111111111111, flags=SA_RESTART|SA_SIGINFO
   SIGUSR2: SR_handler in libjvm.dylib, mask=00100000000000000000000000000000, flags=SA_RESTART|SA_SIGINFO
    SIGHUP: UserHandler in libjvm.dylib, mask=11100110000111110111111111111111, flags=SA_RESTART|SA_SIGINFO
    SIGINT: UserHandler in libjvm.dylib, mask=11100110000111110111111111111111, flags=SA_RESTART|SA_SIGINFO
   SIGTERM: UserHandler in libjvm.dylib, mask=11100110000111110111111111111111, flags=SA_RESTART|SA_SIGINFO
   SIGQUIT: UserHandler in libjvm.dylib, mask=11100110000111110111111111111111, flags=SA_RESTART|SA_SIGINFO
   SIGTRAP: crash_handler in libjvm.dylib, mask=11100110000111110111111111111111, flags=SA_RESTART|SA_SIGINFO


---------------  S Y S T E M  ---------------

OS:
uname: Darwin 22.3.0 Darwin Kernel Version 22.3.0: Mon Jan 30 20:38:37 PST 2023; root:xnu-8792.81.3~2/RELEASE_ARM64_T6000 arm64
OS uptime: 7 days 8:40 hours
rlimit (soft/hard): STACK 8176k/65520k , CORE 0k/infinity , NPROC 2666/4000 , NOFILE 10240/infinity , AS infinity/infinity , CPU infinity/infinity , DATA infinity/infinity , FSIZE infinity/infinity , MEMLOCK infinity/infinity , RSS infinity/infinity
load average: 3.46 2.80 2.41

CPU: total 8 (initial active 8) 0x61:0x0:0x1b588bb3:0, fp, simd, crc, lse

Memory: 16k page, physical 16777216k(197840k free), swap 0k(0k free)

vm_info: OpenJDK 64-Bit Server VM (17.0.6+10-LTS) for bsd-aarch64 JRE (17.0.6+10-LTS), built on Jan 10 2023 21:43:09 by "ec2user" with clang Apple LLVM 13.0.0 (clang-1300.0.29.30)

END.
