14:56:03.805 [main                     ] DEBUG Logger               - Configured Logger
14:56:03.819 [main                     ] DEBUG GameApplication      - Logging settings
Title: McDonalism
Version: 0.1
Width: 720
Height: 540
Fullscreen: false
Intro: false
Profiling: false
Single step:false
App Mode: DEVELOPER
Menu Key: ESCAPE
Stage Style: DECORATED
Scene Factory: class testPackage.McDonalismApp$1

14:56:04.091 [JavaFX Application Thread] DEBUG FXGLApplication      - Initializing FXGL
14:56:04.094 [JavaFX Application Thread] INFO  Engine               - FXGL-17.3 (30.03.2023 11.49) on MAC (J:17.0.6 FX:20)
14:56:04.094 [JavaFX Application Thread] DEBUG Engine               - JRE Vendor Name: Amazon.com Inc.
14:56:04.094 [JavaFX Application Thread] DEBUG Engine               - Running on OS: Mac OS X version 13.2.1
14:56:04.094 [JavaFX Application Thread] DEBUG Engine               - Architecture: aarch64
14:56:04.094 [JavaFX Application Thread] INFO  Engine               - Source code and latest versions at: https://github.com/AlmasB/FXGL
14:56:04.095 [JavaFX Application Thread] INFO  Engine               -       Ask questions and discuss at: https://github.com/AlmasB/FXGL/discussions
14:56:04.095 [JavaFX Application Thread] INFO  Engine               -              Join the FXGL chat at: https://gitter.im/AlmasB/FXGL
14:56:04.140 [JavaFX Application Thread] DEBUG PrimaryStageWindow   - Creating a JavaFX scene
14:56:04.161 [JavaFX Application Thread] DEBUG PrimaryStageWindow   - Target settings size: 720.0 x 540.0
14:56:04.161 [JavaFX Application Thread] DEBUG PrimaryStageWindow   - Scaled scene size:    720.0 x 540.0
14:56:04.162 [JavaFX Application Thread] DEBUG PrimaryStageWindow   - Scaled ratio: (1.0, 1.0)
14:56:04.162 [JavaFX Application Thread] DEBUG PrimaryStageWindow   - Set initial scene to FXGLStartupScene
14:56:04.163 [JavaFX Application Thread] DEBUG PrimaryStageWindow   - Opening main window
14:56:04.209 [JavaFX Application Thread] DEBUG PrimaryStageWindow   - Window border size: (0.0, 28.0)
14:56:04.209 [JavaFX Application Thread] DEBUG PrimaryStageWindow   - Scaled size: 720.0 x 540.0
14:56:04.209 [JavaFX Application Thread] DEBUG PrimaryStageWindow   - Scaled ratio: (1.0, 1.0)
14:56:04.209 [JavaFX Application Thread] DEBUG PrimaryStageWindow   - Scene size: 720.0 x 540.0
14:56:04.210 [JavaFX Application Thread] DEBUG PrimaryStageWindow   - Stage size: 720.0 x 568.0
14:56:04.212 [FXGL Background Thread 1 ] DEBUG Engine               - Initializing environment variables
14:56:04.225 [FXGL Background Thread 1 ] DEBUG FXGLAssetLoaderServi - User app class for loading assets: class testPackage.McDonalismApp
14:56:04.225 [FXGL Background Thread 1 ] DEBUG GameApplicationServi - Applying CSS: fxgl_dark.css
14:56:04.225 [FXGL Background Thread 1 ] DEBUG FXGLAssetLoaderServi - Loading from file system: jar:file:///Users/meo/.m2/repository/com/github/almasb/fxgl/17.3/fxgl-17.3.jar!/fxglassets/ui/css/fxgl_dark.css
14:56:04.249 [FXGL Background Thread 1 ] DEBUG GameApplicationServi - Initializing application scenes
14:56:04.392 [FXGL Background Thread 1 ] DEBUG GameWorld            - Game world initialized
14:56:04.421 [FXGL Background Thread 1 ] DEBUG PhysicsWorld         - Physics world initialized: appHeight=540, physics.ppm=50.0
14:56:04.421 [FXGL Background Thread 1 ] DEBUG PhysicsWorld         - Using strategy: BRUTE_FORCE
14:56:04.423 [FXGL Background Thread 1 ] DEBUG GameScene            - Game scene initialized: 720x540
14:56:04.429 [FXGL Background Thread 1 ] WARN  FXGLAssetLoaderServi - Asset "/assets/textures/ui/icon.png" was not found!
14:56:04.429 [FXGL Background Thread 1 ] WARN  FXGLAssetLoaderServi - Failed to load IMAGE
14:56:04.439 [FXGL Background Thread 1 ] WARN  FXGLAssetLoaderServi - Asset "/assets/textures/ui/icon.png" was not found!
14:56:04.439 [FXGL Background Thread 1 ] WARN  FXGLAssetLoaderServi - Failed to load IMAGE
14:56:04.440 [FXGL Background Thread 1 ] WARN  FXGLAssetLoaderServi - Asset "/assets/textures/ui/icon.png" was not found!
14:56:04.440 [FXGL Background Thread 1 ] WARN  FXGLAssetLoaderServi - Failed to load IMAGE
14:56:04.445 [FXGL Background Thread 1 ] WARN  FXGL.DefaultMenu     - FXGLDefaultMenu is not designed for resolutions < 800x600
14:56:04.445 [FXGL Background Thread 1 ] DEBUG FXGL.DefaultMenu     - createMenuBodyGameMenu()
14:56:04.450 [FXGL Background Thread 1 ] DEBUG FXGL.DefaultMenu     - createOptionsMenu()
14:56:04.453 [FXGL Background Thread 1 ] DEBUG FXGLAssetLoaderServi - Loading from file system: jar:file:///Users/meo/.m2/repository/com/github/almasb/fxgl/17.3/fxgl-17.3.jar!/fxglassets/textures/particles/smoke.png
14:56:04.501 [FXGL Background Thread 1 ] DEBUG FXGLAssetLoaderServi - Loading from file system: jar:file:///Users/meo/.m2/repository/com/github/almasb/fxgl/17.3/fxgl-17.3.jar!/fxglassets/textures/particles/trace_horizontal.png
14:56:04.518 [FXGL Background Thread 1 ] DEBUG GameApplicationServi - Application scenes initialized
14:56:04.524 [FXGL Background Thread 1 ] DEBUG SystemBundleService  - Loading FXGL system data
14:56:04.526 [FXGL Background Thread 1 ] DEBUG FileSystemAccess     - Reading from: /Users/meo/Desktop/CSC1004/javaproject/CSC1004java/system/fxgl.bundle
14:56:04.532 [FXGL Background Thread 1 ] DEBUG SystemBundleService  - Bundle FXGL: {}
14:56:04.533 [FXGL Background Thread 1 ] DEBUG UpdaterService       - Checking for updates
14:56:04.539 [FXGL Background Thread 4 ] DEBUG FXGLApplication      - Loading fonts
14:56:04.540 [FXGL Background Thread 1 ] DEBUG FXGLApplication      - Loading default localization
14:56:04.540 [FXGL Background Thread 4 ] DEBUG FXGLAssetLoaderServi - Loading from file system: jar:file:///Users/meo/.m2/repository/com/github/almasb/fxgl/17.3/fxgl-17.3.jar!/fxglassets/ui/fonts/VarelaRound-Regular.ttf
14:56:04.540 [FXGL Background Thread 1 ] DEBUG FXGLAssetLoaderServi - Loading from file system: jar:file:///Users/meo/.m2/repository/com/github/almasb/fxgl/17.3/fxgl-17.3.jar!/fxglassets/languages/english.lang
14:56:04.547 [FXGL Background Thread 4 ] DEBUG FXGLAssetLoaderServi - Loading from file system: jar:file:///Users/meo/.m2/repository/com/github/almasb/fxgl/17.3/fxgl-17.3.jar!/fxglassets/ui/fonts/Abel-Regular.ttf
14:56:04.550 [FXGL Background Thread 4 ] DEBUG FXGLAssetLoaderServi - Loading from file system: jar:file:///Users/meo/.m2/repository/com/github/almasb/fxgl/17.3/fxgl-17.3.jar!/fxglassets/ui/fonts/TerminalLandMono-Regular.otf
14:56:04.550 [FXGL Background Thread 1 ] INFO  FXGLApplication      - FXGL initialization took: 0.337 sec
14:56:04.552 [FXGL Background Thread 4 ] DEBUG FXGLAssetLoaderServi - Loading from file system: jar:file:///Users/meo/.m2/repository/com/github/almasb/fxgl/17.3/fxgl-17.3.jar!/fxglassets/ui/fonts/Courier-Prime.ttf
14:56:04.554 [JavaFX Application Thread] DEBUG Input                - Registered new binding: Up - W
14:56:04.554 [JavaFX Application Thread] DEBUG Input                - Registered new binding: Down - S
14:56:04.554 [JavaFX Application Thread] DEBUG Input                - Registered new binding: Left - A
14:56:04.554 [JavaFX Application Thread] DEBUG Input                - Registered new binding: Right - D
14:56:04.555 [JavaFX Application Thread] DEBUG Input                - Registered new binding: Shoot - LMB
14:56:04.555 [JavaFX Application Thread] DEBUG FXGLAssetLoaderServi - Loading from file system: file:/Users/meo/Desktop/CSC1004/javaproject/CSC1004java/target/classes/assets/music/Crypteque1.mp3
14:56:04.655 [JavaFX Application Thread] DEBUG FXGLAssetLoaderServi - Loading from file system: file:/Users/meo/Desktop/CSC1004/javaproject/CSC1004java/target/classes/assets/sounds/gunfire.wav
14:56:04.664 [JavaFX Application Thread] DEBUG FXGLAssetLoaderServi - Loading from file system: jar:file:///Users/meo/.m2/repository/com/github/almasb/fxgl/17.3/fxgl-17.3.jar!/fxglassets/textures/fxgl_icon.png
14:56:04.698 [JavaFX Application Thread] DEBUG FXGLAssetLoaderServi - Loading from file system: jar:file:///Users/meo/.m2/repository/com/github/almasb/fxgl/17.3/fxgl-17.3.jar!/fxglassets/textures/fxgl_default_cursor.png
14:56:04.699 [JavaFX Application Thread] DEBUG Input                - Registered new binding: Screenshot - CTRL+8
14:56:04.699 [JavaFX Application Thread] DEBUG Input                - Registered new binding: System info dump - CTRL+9
14:56:04.700 [JavaFX Application Thread] DEBUG Input                - Registered new binding: Restart - CTRL+R
14:56:04.700 [JavaFX Application Thread] DEBUG Input                - Registered new binding: Toggle Debug Camera - CTRL+7
14:56:04.701 [JavaFX Application Thread] DEBUG LoopRunner           - Starting loop
14:56:04.701 [JavaFX Application Thread] DEBUG LoopRunner           - Initializing JavaFX AnimationTimerLoop
14:56:04.702 [JavaFX Application Thread] DEBUG Input                - Clearing active input actions
14:56:04.705 [JavaFX Application Thread] DEBUG GameApplicationServi - Removing overlay from FXGLStartupScene and adding to FXGLMainMenuDummyScene
14:56:04.705 [JavaFX Application Thread] DEBUG PrimaryStageWindow   - FXGLStartupScene -> FXGLMainMenuDummyScene
14:56:04.705 [JavaFX Application Thread] DEBUG PrimaryStageWindow   - Push state: MainMenu
14:56:04.705 [JavaFX Application Thread] DEBUG Input                - Clearing active input actions
14:56:04.707 [JavaFX Application Thread] DEBUG GameApplicationServi - Removing overlay from FXGLMainMenuDummyScene and adding to MainMenu
14:56:04.707 [JavaFX Application Thread] DEBUG PrimaryStageWindow   - FXGLMainMenuDummyScene -> MainMenu
14:56:04.726 [JavaFX Application Thread] DEBUG FXGLApplication      - Registering font factories with UI factory
14:56:04.733 [JavaFX Application Thread] WARN  FXGLAssetLoaderServi - Asset "/assets/sounds/MenuSelections.wav" was not found!
14:56:04.733 [JavaFX Application Thread] WARN  FXGLAssetLoaderServi - Failed to load SOUND
14:56:04.759 [JavaFX Application Thread] WARN  FXGLAssetLoaderServi - Asset "/assets/sounds/MenuSelections.wav" was not found!
14:56:04.759 [JavaFX Application Thread] WARN  FXGLAssetLoaderServi - Failed to load SOUND
14:56:05.127 [JavaFX Application Thread] WARN  FXGLAssetLoaderServi - Asset "/assets/sounds/MenuSelections.wav" was not found!
14:56:05.127 [JavaFX Application Thread] WARN  FXGLAssetLoaderServi - Failed to load SOUND
14:56:05.341 [JavaFX Application Thread] WARN  FXGLAssetLoaderServi - Asset "/assets/sounds/Confirm.wav" was not found!
14:56:05.341 [JavaFX Application Thread] WARN  FXGLAssetLoaderServi - Failed to load SOUND
14:56:05.341 [JavaFX Application Thread] DEBUG Menu                 - fireNewGame()
14:56:05.341 [JavaFX Application Thread] DEBUG GameApplicationServi - Starting new game
14:56:05.341 [JavaFX Application Thread] DEBUG PrimaryStageWindow   - Pop state: MainMenu
14:56:05.341 [JavaFX Application Thread] DEBUG Input                - Clearing active input actions
14:56:05.342 [JavaFX Application Thread] DEBUG GameApplicationServi - Removing overlay from MainMenu and adding to FXGLMainMenuDummyScene
14:56:05.342 [JavaFX Application Thread] DEBUG PrimaryStageWindow   - FXGLMainMenuDummyScene <- MainMenu
14:56:05.342 [JavaFX Application Thread] DEBUG Input                - Clearing active input actions
14:56:05.346 [JavaFX Application Thread] DEBUG GameApplicationServi - Removing overlay from FXGLMainMenuDummyScene and adding to FXGLLoadingScene
14:56:05.346 [JavaFX Application Thread] DEBUG PrimaryStageWindow   - FXGLMainMenuDummyScene -> FXGLLoadingScene
14:56:05.346 [JavaFX Application Thread] DEBUG GameApplicationServi - Clearing previous game
14:56:05.346 [JavaFX Application Thread] DEBUG GameScene            - Clearing game scene
14:56:05.346 [JavaFX Application Thread] DEBUG GameWorld            - Clearing game world
14:56:05.346 [JavaFX Application Thread] DEBUG PhysicsWorld         - Clearing physics world
14:56:05.347 [FXGL Background Thread 2 ] DEBUG FXGLApplication      - Initializing game
14:56:05.348 [FXGL Background Thread 2 ] DEBUG AudioPlayer          - Playing music com.almasb.fxgl.audio.Music@100e62a7
14:56:05.364 [FXGL Background Thread 2 ] WARN  TMXLevelLoader       - TiledMap generated from 1.9.2. Supported version: 1.9.0. Some features may not be parsed fully.
14:56:05.373 [FXGL Background Thread 2 ] DEBUG TMXLevelLoader       - Parsed TiledMap: file:/Users/meo/Desktop/CSC1004/javaproject/CSC1004java/target/classes/assets/levels/TestLevel.tmx
14:56:05.373 [FXGL Background Thread 2 ] DEBUG TMXLevelLoader       - Creating tile layer entities
14:56:05.374 [FXGL Background Thread 2 ] DEBUG TilesetLoader        - Loading view for layer 图块层 1
14:56:05.376 [FXGL Background Thread 2 ] DEBUG TilesetLoader        - Created buffer with size 1920.0x1440.0
14:56:05.408 [FXGL Background Thread 2 ] DEBUG TilesetLoader        - Loading view for layer 图块层 2
14:56:05.408 [FXGL Background Thread 2 ] DEBUG TilesetLoader        - Created buffer with size 1920.0x1440.0
14:56:05.419 [FXGL Background Thread 2 ] DEBUG TMXLevelLoader       - Creating object layer entities
14:56:05.428 [FXGL Background Thread 2 ] DEBUG GameWorld            - Clearing removable entities
14:56:05.428 [FXGL Background Thread 2 ] DEBUG GameWorld            - Setting level: com.almasb.fxgl.entity.level.Level@7f94601b
14:56:05.441 [FXGL Background Thread 2 ] DEBUG FXGLAssetLoaderServi - Loading from file system: file:/Users/meo/Desktop/CSC1004/javaproject/CSC1004java/target/classes/assets/textures/TestSheet.png
14:56:05.479 [FXGL Background Thread 2 ] DEBUG FXGLAssetLoaderServi - Loading from file system: file:/Users/meo/Desktop/CSC1004/javaproject/CSC1004java/target/classes/assets/textures/WeaponsSheet.png
14:56:05.498 [FXGL Background Thread 2 ] INFO  FXGLApplication      - Game initialization took: 0.151 sec
14:56:05.691 [JavaFX Application Thread] DEBUG Input                - Clearing active input actions
14:56:05.695 [JavaFX Application Thread] DEBUG GameApplicationServi - Removing overlay from FXGLLoadingScene and adding to GameScene
14:56:05.695 [JavaFX Application Thread] DEBUG PrimaryStageWindow   - FXGLLoadingScene -> GameScene
14:56:06.184 [JavaFX Application Thread] DEBUG FXGLAssetLoaderServi - Loading from file system: file:/Users/meo/Desktop/CSC1004/javaproject/CSC1004java/target/classes/assets/textures/brick.png
14:56:07.539 [FXGL Background Thread 3 ] DEBUG Engine               - Logging environment variables
14:56:07.539 [FXGL Background Thread 3 ] DEBUG Engine               - achievements: []
14:56:07.539 [FXGL Background Thread 3 ] DEBUG Engine               - actualHeight: 540.0
14:56:07.539 [FXGL Background Thread 3 ] DEBUG Engine               - actualHeightProperty: ReadOnlyDoubleProperty [value: 540.0]
14:56:07.539 [FXGL Background Thread 3 ] DEBUG Engine               - actualWidth: 720.0
14:56:07.539 [FXGL Background Thread 3 ] DEBUG Engine               - actualWidthProperty: ReadOnlyDoubleProperty [value: 720.0]
14:56:07.539 [FXGL Background Thread 3 ] DEBUG Engine               - appIcon: fxgl_icon.png
14:56:07.539 [FXGL Background Thread 3 ] DEBUG Engine               - applicationMode: DEVELOPER
14:56:07.540 [FXGL Background Thread 3 ] DEBUG Engine               - cSSList: [fxgl_dark.css]
14:56:07.540 [FXGL Background Thread 3 ] DEBUG Engine               - collisionDetectionStrategy: BRUTE_FORCE
14:56:07.540 [FXGL Background Thread 3 ] DEBUG Engine               - configClass: Optional.empty
14:56:07.540 [FXGL Background Thread 3 ] DEBUG Engine               - credits: []
14:56:07.540 [FXGL Background Thread 3 ] DEBUG Engine               - defaultCursor: CursorInfo(imageName=fxgl_default_cursor.png, hotspotX=7.0, hotspotY=6.0)
14:56:07.540 [FXGL Background Thread 3 ] DEBUG Engine               - devBBoxColorProperty: ObjectProperty [value: 0xff0000ff]
14:56:07.540 [FXGL Background Thread 3 ] DEBUG Engine               - devEnableDebugCameraProperty: BooleanProperty [value: false]
14:56:07.540 [FXGL Background Thread 3 ] DEBUG Engine               - devSensorColorProperty: ObjectProperty [value: 0xffff00ff]
14:56:07.540 [FXGL Background Thread 3 ] DEBUG Engine               - devShowBBoxProperty: BooleanProperty [value: false]
14:56:07.540 [FXGL Background Thread 3 ] DEBUG Engine               - devShowPositionProperty: BooleanProperty [value: false]
14:56:07.540 [FXGL Background Thread 3 ] DEBUG Engine               - enabledMenuItems: []
14:56:07.540 [FXGL Background Thread 3 ] DEBUG Engine               - engineServices: [class com.almasb.fxgl.app.services.FXGLAssetLoaderService, class com.almasb.fxgl.app.FXGLApplication$GameApplicationService, class com.almasb.fxgl.app.services.FXGLDialogService, class com.almasb.fxgl.app.services.IOTaskExecutorService, class com.almasb.fxgl.io.FileSystemService, class com.almasb.fxgl.localization.LocalizationService, class com.almasb.fxgl.app.services.SystemBundleService, class com.almasb.fxgl.profile.SaveLoadService, class com.almasb.fxgl.ui.FXGLUIFactoryServiceProvider, class com.almasb.fxgl.ui.FXGLDialogFactoryServiceProvider, class com.almasb.fxgl.audio.AudioPlayer, class com.almasb.fxgl.notification.impl.NotificationServiceProvider, class com.almasb.fxgl.achievement.AchievementService, class com.almasb.fxgl.cutscene.CutsceneService, class com.almasb.fxgl.minigames.MiniGameService, class com.almasb.fxgl.net.NetService, class com.almasb.fxgl.app.services.UpdaterService, class com.almasb.fxgl.dev.DevService]
14:56:07.540 [FXGL Background Thread 3 ] DEBUG Engine               - fontGame: Abel-Regular.ttf
14:56:07.540 [FXGL Background Thread 3 ] DEBUG Engine               - fontMono: TerminalLandMono-Regular.otf
14:56:07.540 [FXGL Background Thread 3 ] DEBUG Engine               - fontSizeScaleUI: 1.0
14:56:07.541 [FXGL Background Thread 3 ] DEBUG Engine               - fontText: Courier-Prime.ttf
14:56:07.541 [FXGL Background Thread 3 ] DEBUG Engine               - fontUI: VarelaRound-Regular.ttf
14:56:07.541 [FXGL Background Thread 3 ] DEBUG Engine               - fullScreen: BooleanProperty [value: false]
14:56:07.541 [FXGL Background Thread 3 ] DEBUG Engine               - gameDifficulty: MEDIUM
14:56:07.541 [FXGL Background Thread 3 ] DEBUG Engine               - gameDifficultyProperty: ObjectProperty [value: MEDIUM]
14:56:07.541 [FXGL Background Thread 3 ] DEBUG Engine               - globalMusicVolume: 0.5
14:56:07.541 [FXGL Background Thread 3 ] DEBUG Engine               - globalMusicVolumeProperty: DoubleProperty [value: 0.5]
14:56:07.541 [FXGL Background Thread 3 ] DEBUG Engine               - globalSoundVolume: 0.5
14:56:07.541 [FXGL Background Thread 3 ] DEBUG Engine               - globalSoundVolumeProperty: DoubleProperty [value: 0.5]
14:56:07.541 [FXGL Background Thread 3 ] DEBUG Engine               - height: 540
14:56:07.541 [FXGL Background Thread 3 ] DEBUG Engine               - is3D: false
14:56:07.541 [FXGL Background Thread 3 ] DEBUG Engine               - isAndroid: false
14:56:07.541 [FXGL Background Thread 3 ] DEBUG Engine               - isBrowser: false
14:56:07.541 [FXGL Background Thread 3 ] DEBUG Engine               - isClickFeedbackEnabled: false
14:56:07.541 [FXGL Background Thread 3 ] DEBUG Engine               - isCloseConfirmation: false
14:56:07.541 [FXGL Background Thread 3 ] DEBUG Engine               - isDesktop: true
14:56:07.541 [FXGL Background Thread 3 ] DEBUG Engine               - isDeveloperMenuEnabled: false
14:56:07.541 [FXGL Background Thread 3 ] DEBUG Engine               - isEmbedded: false
14:56:07.541 [FXGL Background Thread 3 ] DEBUG Engine               - isEntityPreloadEnabled: true
14:56:07.541 [FXGL Background Thread 3 ] DEBUG Engine               - isExperimentalTiledLargeMap: false
14:56:07.541 [FXGL Background Thread 3 ] DEBUG Engine               - isFileSystemWriteAllowed: true
14:56:07.541 [FXGL Background Thread 3 ] DEBUG Engine               - isFullScreenAllowed: false
14:56:07.541 [FXGL Background Thread 3 ] DEBUG Engine               - isFullScreenFromStart: false
14:56:07.541 [FXGL Background Thread 3 ] DEBUG Engine               - isGameMenuEnabled: true
14:56:07.541 [FXGL Background Thread 3 ] DEBUG Engine               - isIOS: false
14:56:07.541 [FXGL Background Thread 3 ] DEBUG Engine               - isIntroEnabled: false
14:56:07.541 [FXGL Background Thread 3 ] DEBUG Engine               - isLinux: false
14:56:07.542 [FXGL Background Thread 3 ] DEBUG Engine               - isMac: true
14:56:07.542 [FXGL Background Thread 3 ] DEBUG Engine               - isMainMenuEnabled: true
14:56:07.542 [FXGL Background Thread 3 ] DEBUG Engine               - isManualResizeEnabled: true
14:56:07.542 [FXGL Background Thread 3 ] DEBUG Engine               - isMobile: false
14:56:07.542 [FXGL Background Thread 3 ] DEBUG Engine               - isNative: false
14:56:07.542 [FXGL Background Thread 3 ] DEBUG Engine               - isPauseMusicWhenMinimized: true
14:56:07.542 [FXGL Background Thread 3 ] DEBUG Engine               - isPreserveResizeRatio: true
14:56:07.542 [FXGL Background Thread 3 ] DEBUG Engine               - isProfilingEnabled: false
14:56:07.542 [FXGL Background Thread 3 ] DEBUG Engine               - isScaleAffectedOnResize: true
14:56:07.542 [FXGL Background Thread 3 ] DEBUG Engine               - isSingleStep: false
14:56:07.542 [FXGL Background Thread 3 ] DEBUG Engine               - isUserProfileEnabled: false
14:56:07.542 [FXGL Background Thread 3 ] DEBUG Engine               - isWindows: false
14:56:07.542 [FXGL Background Thread 3 ] DEBUG Engine               - language: ObjectProperty [value: ENGLISH]
14:56:07.542 [FXGL Background Thread 3 ] DEBUG Engine               - menuKey: ESCAPE
14:56:07.542 [FXGL Background Thread 3 ] DEBUG Engine               - mouseSensitivity: 0.2
14:56:07.542 [FXGL Background Thread 3 ] DEBUG Engine               - notificationViewClass: class com.almasb.fxgl.notification.view.XboxNotificationView
14:56:07.542 [FXGL Background Thread 3 ] DEBUG Engine               - pixelsPerMeter: 50.0
14:56:07.542 [FXGL Background Thread 3 ] DEBUG Engine               - platform: MAC
14:56:07.542 [FXGL Background Thread 3 ] DEBUG Engine               - prefHeightProperty: ReadOnlyDoubleProperty [value: 540.0]
14:56:07.542 [FXGL Background Thread 3 ] DEBUG Engine               - prefWidthProperty: ReadOnlyDoubleProperty [value: 720.0]
14:56:07.542 [FXGL Background Thread 3 ] DEBUG Engine               - profileDir: profiles/
14:56:07.542 [FXGL Background Thread 3 ] DEBUG Engine               - profileName: StringProperty [value: DEFAULT]
14:56:07.542 [FXGL Background Thread 3 ] DEBUG Engine               - randomSeed: -1
14:56:07.542 [FXGL Background Thread 3 ] DEBUG Engine               - runtimeInfo: RuntimeInfo(platform=MAC, version=17.3, build=30.03.2023 11.49)
14:56:07.543 [FXGL Background Thread 3 ] DEBUG Engine               - saveFileExt: sav
14:56:07.543 [FXGL Background Thread 3 ] DEBUG Engine               - scaledHeightProp$fxgl: DoubleProperty [bound, value: 540.0]
14:56:07.543 [FXGL Background Thread 3 ] DEBUG Engine               - scaledWidthProp$fxgl: DoubleProperty [bound, value: 720.0]
14:56:07.543 [FXGL Background Thread 3 ] DEBUG Engine               - sceneFactory: testPackage.McDonalismApp$1@69c69dfa
14:56:07.543 [FXGL Background Thread 3 ] DEBUG Engine               - secondsIn24h: 60
14:56:07.543 [FXGL Background Thread 3 ] DEBUG Engine               - soundMenuBack: menu/back.wav
14:56:07.543 [FXGL Background Thread 3 ] DEBUG Engine               - soundMenuPress: menu/press.wav
14:56:07.543 [FXGL Background Thread 3 ] DEBUG Engine               - soundMenuSelect: menu/select.wav
14:56:07.543 [FXGL Background Thread 3 ] DEBUG Engine               - soundNotification: core/notification.wav
14:56:07.543 [FXGL Background Thread 3 ] DEBUG Engine               - stageStyle: DECORATED
14:56:07.543 [FXGL Background Thread 3 ] DEBUG Engine               - supportedLanguages: [ENGLISH, FRENCH, GERMAN, HUNGARIAN, RUSSIAN]
14:56:07.543 [FXGL Background Thread 3 ] DEBUG Engine               - ticksPerSecond: -1
14:56:07.543 [FXGL Background Thread 3 ] DEBUG Engine               - title: McDonalism
14:56:07.543 [FXGL Background Thread 3 ] DEBUG Engine               - urlGithub: https://github.com/AlmasB/FXGL
14:56:07.543 [FXGL Background Thread 3 ] DEBUG Engine               - urlLeaderboard: http://fxgl-top.herokuapp.com/
14:56:07.543 [FXGL Background Thread 3 ] DEBUG Engine               - urlPOM: https://raw.githubusercontent.com/AlmasB/FXGL/release/README.md
14:56:07.543 [FXGL Background Thread 3 ] DEBUG Engine               - userAppClass: class testPackage.McDonalismApp
14:56:07.543 [FXGL Background Thread 3 ] DEBUG Engine               - version: 0.1
14:56:07.543 [FXGL Background Thread 3 ] DEBUG Engine               - versionCheckDays: 7
14:56:07.543 [FXGL Background Thread 3 ] DEBUG Engine               - width: 720
14:56:07.543 [FXGL Background Thread 3 ] DEBUG Engine               - Logging services
14:56:07.543 [FXGL Background Thread 3 ] DEBUG Engine               - class com.almasb.fxgl.app.services.FXGLAssetLoaderService
14:56:07.543 [FXGL Background Thread 3 ] DEBUG Engine               - class com.almasb.fxgl.app.FXGLApplication$GameApplicationService
14:56:07.543 [FXGL Background Thread 3 ] DEBUG Engine               - class com.almasb.fxgl.app.services.FXGLDialogService
14:56:07.543 [FXGL Background Thread 3 ] DEBUG Engine               - class com.almasb.fxgl.app.services.IOTaskExecutorService
14:56:07.543 [FXGL Background Thread 3 ] DEBUG Engine               - class com.almasb.fxgl.io.FileSystemService
14:56:07.543 [FXGL Background Thread 3 ] DEBUG Engine               - class com.almasb.fxgl.localization.LocalizationService
14:56:07.543 [FXGL Background Thread 3 ] DEBUG Engine               - class com.almasb.fxgl.app.services.SystemBundleService
14:56:07.543 [FXGL Background Thread 3 ] DEBUG Engine               - class com.almasb.fxgl.profile.SaveLoadService
14:56:07.543 [FXGL Background Thread 3 ] DEBUG Engine               - class com.almasb.fxgl.ui.FXGLUIFactoryServiceProvider
14:56:07.543 [FXGL Background Thread 3 ] DEBUG Engine               - class com.almasb.fxgl.ui.FXGLDialogFactoryServiceProvider
14:56:07.543 [FXGL Background Thread 3 ] DEBUG Engine               - class com.almasb.fxgl.audio.AudioPlayer
14:56:07.543 [FXGL Background Thread 3 ] DEBUG Engine               - class com.almasb.fxgl.notification.impl.NotificationServiceProvider
14:56:07.543 [FXGL Background Thread 3 ] DEBUG Engine               - class com.almasb.fxgl.achievement.AchievementService
14:56:07.543 [FXGL Background Thread 3 ] DEBUG Engine               - class com.almasb.fxgl.cutscene.CutsceneService
14:56:07.543 [FXGL Background Thread 3 ] DEBUG Engine               - class com.almasb.fxgl.minigames.MiniGameService
14:56:07.543 [FXGL Background Thread 3 ] DEBUG Engine               - class com.almasb.fxgl.net.NetService
14:56:07.543 [FXGL Background Thread 3 ] DEBUG Engine               - class com.almasb.fxgl.app.services.UpdaterService
14:56:07.543 [FXGL Background Thread 3 ] DEBUG Engine               - class com.almasb.fxgl.dev.DevService
14:56:19.268 [JavaFX Application Thread] DEBUG FXGLApplication      - Exiting FXGL
14:56:19.268 [JavaFX Application Thread] DEBUG LoopRunner           - Stopping loop
14:56:19.268 [JavaFX Application Thread] DEBUG SystemBundleService  - Saving FXGL system data
14:56:19.270 [JavaFX Application Thread] DEBUG FileSystemAccess     - Writing to: /Users/meo/Desktop/CSC1004/javaproject/CSC1004java/system/fxgl.bundle
14:56:19.271 [JavaFX Application Thread] DEBUG Async                - Shutting down background threads
14:56:19.272 [JavaFX Application Thread] DEBUG PrimaryStageWindow   - Closing main window
14:56:19.282 [JavaFX Application Thread] DEBUG Logger               - Closing Logger
