14:46:48.180 [main                     ] DEBUG Logger               - Configured Logger
14:46:48.195 [main                     ] DEBUG GameApplication      - Logging settings
Title: McDonalism
Version: 0.8
Width: 720
Height: 540
Fullscreen: false
Intro: false
Profiling: false
Single step:false
App Mode: DEVELOPER
Menu Key: ESCAPE
Stage Style: DECORATED
Scene Factory: class testPackage.McDonalismApp$1

14:46:48.428 [JavaFX Application Thread] DEBUG FXGLApplication      - Initializing FXGL
14:46:48.431 [JavaFX Application Thread] INFO  Engine               - FXGL-17.3 (30.03.2023 11.49) on MAC (J:17.0.6 FX:20)
14:46:48.431 [JavaFX Application Thread] DEBUG Engine               - JRE Vendor Name: Amazon.com Inc.
14:46:48.431 [JavaFX Application Thread] DEBUG Engine               - Running on OS: Mac OS X version 13.2.1
14:46:48.431 [JavaFX Application Thread] DEBUG Engine               - Architecture: aarch64
14:46:48.431 [JavaFX Application Thread] INFO  Engine               - Source code and latest versions at: https://github.com/AlmasB/FXGL
14:46:48.431 [JavaFX Application Thread] INFO  Engine               -       Ask questions and discuss at: https://github.com/AlmasB/FXGL/discussions
14:46:48.432 [JavaFX Application Thread] INFO  Engine               -              Join the FXGL chat at: https://gitter.im/AlmasB/FXGL
14:46:48.494 [JavaFX Application Thread] DEBUG PrimaryStageWindow   - Creating a JavaFX scene
14:46:48.520 [JavaFX Application Thread] DEBUG PrimaryStageWindow   - Target settings size: 720.0 x 540.0
14:46:48.521 [JavaFX Application Thread] DEBUG PrimaryStageWindow   - Scaled scene size:    720.0 x 540.0
14:46:48.521 [JavaFX Application Thread] DEBUG PrimaryStageWindow   - Scaled ratio: (1.0, 1.0)
14:46:48.521 [JavaFX Application Thread] DEBUG PrimaryStageWindow   - Set initial scene to M_StartupScene
14:46:48.523 [JavaFX Application Thread] DEBUG PrimaryStageWindow   - Opening main window
14:46:48.583 [JavaFX Application Thread] DEBUG PrimaryStageWindow   - Window border size: (0.0, 28.0)
14:46:48.583 [JavaFX Application Thread] DEBUG PrimaryStageWindow   - Scaled size: 720.0 x 540.0
14:46:48.584 [JavaFX Application Thread] DEBUG PrimaryStageWindow   - Scaled ratio: (1.0, 1.0)
14:46:48.584 [JavaFX Application Thread] DEBUG PrimaryStageWindow   - Scene size: 720.0 x 540.0
14:46:48.584 [JavaFX Application Thread] DEBUG PrimaryStageWindow   - Stage size: 720.0 x 568.0
14:46:48.588 [FXGL Background Thread 1 ] DEBUG Engine               - Initializing environment variables
14:46:48.602 [FXGL Background Thread 1 ] DEBUG FXGLAssetLoaderServi - User app class for loading assets: class testPackage.McDonalismApp
14:46:48.602 [FXGL Background Thread 1 ] DEBUG GameApplicationServi - Applying CSS: fxgl_dark.css
14:46:48.603 [FXGL Background Thread 1 ] DEBUG FXGLAssetLoaderServi - Loading from file system: jar:file:///Users/meo/.m2/repository/com/github/almasb/fxgl/17.3/fxgl-17.3.jar!/fxglassets/ui/css/fxgl_dark.css
14:46:48.625 [FXGL Background Thread 1 ] DEBUG GameApplicationServi - Initializing application scenes
14:46:48.819 [FXGL Background Thread 1 ] DEBUG GameWorld            - Game world initialized
14:46:48.845 [FXGL Background Thread 1 ] DEBUG PhysicsWorld         - Physics world initialized: appHeight=540, physics.ppm=50.0
14:46:48.845 [FXGL Background Thread 1 ] DEBUG PhysicsWorld         - Using strategy: BRUTE_FORCE
14:46:48.847 [FXGL Background Thread 1 ] DEBUG GameScene            - Game scene initialized: 720x540
14:46:48.865 [FXGL Background Thread 1 ] DEBUG FXGLAssetLoaderServi - Loading from file system: file:/Users/meo/Desktop/CSC1004/javaproject/CSC1004java/target/classes/assets/textures/ui/ui_heroIcon_random.png
14:46:48.869 [FXGL Background Thread 1 ] DEBUG FXGLAssetLoaderServi - Loading from file system: file:/Users/meo/Desktop/CSC1004/javaproject/CSC1004java/target/classes/assets/textures/ui/ui_heroIcon_m.png
14:46:48.873 [FXGL Background Thread 1 ] DEBUG FXGLAssetLoaderServi - Loading from file system: file:/Users/meo/Desktop/CSC1004/javaproject/CSC1004java/target/classes/assets/textures/ui/ui_heroIcon_k.png
14:46:48.875 [FXGL Background Thread 1 ] DEBUG FXGLAssetLoaderServi - Loading from file system: file:/Users/meo/Desktop/CSC1004/javaproject/CSC1004java/target/classes/assets/textures/ui/ui_heroIcon_w.png
14:46:48.877 [FXGL Background Thread 1 ] DEBUG FXGLAssetLoaderServi - Loading from file system: file:/Users/meo/Desktop/CSC1004/javaproject/CSC1004java/target/classes/assets/textures/ui/M_logo.png
14:46:48.962 [FXGL Background Thread 1 ] DEBUG FXGLAssetLoaderServi - Loading from file system: file:/Users/meo/Desktop/CSC1004/javaproject/CSC1004java/target/classes/assets/textures/ui/background.png
14:46:48.971 [FXGL Background Thread 1 ] DEBUG FXGLAssetLoaderServi - Loading from file system: file:/Users/meo/Desktop/CSC1004/javaproject/CSC1004java/target/classes/assets/textures/ui/ui_hero_pane.png
14:46:48.974 [FXGL Background Thread 1 ] DEBUG FXGLAssetLoaderServi - Loading from file system: file:/Users/meo/Desktop/CSC1004/javaproject/CSC1004java/target/classes/assets/textures/ui/ui_heroes_pane.png
14:46:48.977 [FXGL Background Thread 1 ] DEBUG FXGLAssetLoaderServi - Loading from file system: file:/Users/meo/Desktop/CSC1004/javaproject/CSC1004java/target/classes/assets/textures/ui/ui_preHero_pane.png
14:46:48.980 [FXGL Background Thread 1 ] DEBUG FXGLAssetLoaderServi - Loading from file system: file:/Users/meo/Desktop/CSC1004/javaproject/CSC1004java/target/classes/assets/textures/ui/ui_main_pane.png
14:46:48.982 [FXGL Background Thread 1 ] DEBUG FXGLAssetLoaderServi - Loading from file system: file:/Users/meo/Desktop/CSC1004/javaproject/CSC1004java/target/classes/assets/textures/ui/ui_login_pane.png
14:46:48.984 [FXGL Background Thread 1 ] DEBUG FXGLAssetLoaderServi - Loading from file system: file:/Users/meo/Desktop/CSC1004/javaproject/CSC1004java/target/classes/assets/textures/ui/ui_signUp_pane.png
14:46:48.990 [FXGL Background Thread 1 ] DEBUG FXGLAssetLoaderServi - Loading from file system: file:/Users/meo/Desktop/CSC1004/javaproject/CSC1004java/target/classes/assets/textures/ui/ui_back_idle.png
14:46:48.991 [FXGL Background Thread 1 ] DEBUG FXGLAssetLoaderServi - Loading from file system: file:/Users/meo/Desktop/CSC1004/javaproject/CSC1004java/target/classes/assets/textures/ui/ui_back_hover.png
14:46:48.993 [FXGL Background Thread 1 ] DEBUG FXGLAssetLoaderServi - Loading from file system: file:/Users/meo/Desktop/CSC1004/javaproject/CSC1004java/target/classes/assets/textures/ui/ui_back_confirm.png
14:46:48.999 [FXGL Background Thread 1 ] DEBUG FXGLAssetLoaderServi - Loading from file system: file:/Users/meo/Desktop/CSC1004/javaproject/CSC1004java/target/classes/assets/textures/ui/ui_start_idle.png
14:46:48.999 [FXGL Background Thread 1 ] DEBUG FXGLAssetLoaderServi - Loading from file system: file:/Users/meo/Desktop/CSC1004/javaproject/CSC1004java/target/classes/assets/textures/ui/ui_start_hover.png
14:46:49.001 [FXGL Background Thread 1 ] DEBUG FXGLAssetLoaderServi - Loading from file system: file:/Users/meo/Desktop/CSC1004/javaproject/CSC1004java/target/classes/assets/textures/ui/ui_start_confirm.png
14:46:49.003 [FXGL Background Thread 1 ] DEBUG FXGLAssetLoaderServi - Loading from file system: file:/Users/meo/Desktop/CSC1004/javaproject/CSC1004java/target/classes/assets/textures/ui/ui_left_idle.png
14:46:49.003 [FXGL Background Thread 1 ] DEBUG FXGLAssetLoaderServi - Loading from file system: file:/Users/meo/Desktop/CSC1004/javaproject/CSC1004java/target/classes/assets/textures/ui/ui_left_hover.png
14:46:49.004 [FXGL Background Thread 1 ] DEBUG FXGLAssetLoaderServi - Loading from file system: file:/Users/meo/Desktop/CSC1004/javaproject/CSC1004java/target/classes/assets/textures/ui/ui_left_confirm.png
14:46:49.005 [FXGL Background Thread 1 ] DEBUG FXGLAssetLoaderServi - Loading from file system: file:/Users/meo/Desktop/CSC1004/javaproject/CSC1004java/target/classes/assets/textures/ui/ui_right_idle.png
14:46:49.006 [FXGL Background Thread 1 ] DEBUG FXGLAssetLoaderServi - Loading from file system: file:/Users/meo/Desktop/CSC1004/javaproject/CSC1004java/target/classes/assets/textures/ui/ui_right_hover.png
14:46:49.008 [FXGL Background Thread 1 ] DEBUG FXGLAssetLoaderServi - Loading from file system: file:/Users/meo/Desktop/CSC1004/javaproject/CSC1004java/target/classes/assets/textures/ui/ui_right_confirm.png
14:46:49.017 [FXGL Background Thread 1 ] DEBUG FXGLAssetLoaderServi - Loading from file system: file:/Users/meo/Desktop/CSC1004/javaproject/CSC1004java/target/classes/assets/textures/ui/ui_single_idle.png
14:46:49.020 [FXGL Background Thread 1 ] DEBUG FXGLAssetLoaderServi - Loading from file system: file:/Users/meo/Desktop/CSC1004/javaproject/CSC1004java/target/classes/assets/textures/ui/ui_single_hover.png
14:46:49.020 [FXGL Background Thread 1 ] DEBUG FXGLAssetLoaderServi - Loading from file system: file:/Users/meo/Desktop/CSC1004/javaproject/CSC1004java/target/classes/assets/textures/ui/ui_single_confirm.png
14:46:49.022 [FXGL Background Thread 1 ] DEBUG FXGLAssetLoaderServi - Loading from file system: file:/Users/meo/Desktop/CSC1004/javaproject/CSC1004java/target/classes/assets/textures/ui/ui_multi_idle.png
14:46:49.022 [FXGL Background Thread 1 ] DEBUG FXGLAssetLoaderServi - Loading from file system: file:/Users/meo/Desktop/CSC1004/javaproject/CSC1004java/target/classes/assets/textures/ui/ui_multi_hover.png
14:46:49.023 [FXGL Background Thread 1 ] DEBUG FXGLAssetLoaderServi - Loading from file system: file:/Users/meo/Desktop/CSC1004/javaproject/CSC1004java/target/classes/assets/textures/ui/ui_multi_confirm.png
14:46:49.024 [FXGL Background Thread 1 ] DEBUG FXGLAssetLoaderServi - Loading from file system: file:/Users/meo/Desktop/CSC1004/javaproject/CSC1004java/target/classes/assets/textures/ui/ui_play_idle.png
14:46:49.024 [FXGL Background Thread 1 ] DEBUG FXGLAssetLoaderServi - Loading from file system: file:/Users/meo/Desktop/CSC1004/javaproject/CSC1004java/target/classes/assets/textures/ui/ui_play_hover.png
14:46:49.027 [FXGL Background Thread 1 ] DEBUG FXGLAssetLoaderServi - Loading from file system: file:/Users/meo/Desktop/CSC1004/javaproject/CSC1004java/target/classes/assets/textures/ui/ui_play_confirm.png
14:46:49.028 [FXGL Background Thread 1 ] DEBUG FXGLAssetLoaderServi - Loading from file system: file:/Users/meo/Desktop/CSC1004/javaproject/CSC1004java/target/classes/assets/textures/ui/ui_options_idle.png
14:46:49.029 [FXGL Background Thread 1 ] DEBUG FXGLAssetLoaderServi - Loading from file system: file:/Users/meo/Desktop/CSC1004/javaproject/CSC1004java/target/classes/assets/textures/ui/ui_options_hover.png
14:46:49.029 [FXGL Background Thread 1 ] DEBUG FXGLAssetLoaderServi - Loading from file system: file:/Users/meo/Desktop/CSC1004/javaproject/CSC1004java/target/classes/assets/textures/ui/ui_options_confirm.png
14:46:49.030 [FXGL Background Thread 1 ] DEBUG FXGLAssetLoaderServi - Loading from file system: file:/Users/meo/Desktop/CSC1004/javaproject/CSC1004java/target/classes/assets/textures/ui/ui_exit_idle.png
14:46:49.037 [FXGL Background Thread 1 ] DEBUG FXGLAssetLoaderServi - Loading from file system: file:/Users/meo/Desktop/CSC1004/javaproject/CSC1004java/target/classes/assets/textures/ui/ui_exit_hover.png
14:46:49.037 [FXGL Background Thread 1 ] DEBUG FXGLAssetLoaderServi - Loading from file system: file:/Users/meo/Desktop/CSC1004/javaproject/CSC1004java/target/classes/assets/textures/ui/ui_exit_confirm.png
14:46:49.063 [FXGL Background Thread 1 ] DEBUG FXGLAssetLoaderServi - Loading from file system: file:/Users/meo/Desktop/CSC1004/javaproject/CSC1004java/target/classes/assets/textures/ui/inputField.png
14:46:49.069 [FXGL Background Thread 1 ] DEBUG FXGLAssetLoaderServi - Loading from file system: file:/Users/meo/Desktop/CSC1004/javaproject/CSC1004java/target/classes/assets/textures/ui/ui_signIn_idle.png
14:46:49.073 [FXGL Background Thread 1 ] DEBUG FXGLAssetLoaderServi - Loading from file system: file:/Users/meo/Desktop/CSC1004/javaproject/CSC1004java/target/classes/assets/textures/ui/ui_signIn_hover.png
14:46:49.075 [FXGL Background Thread 1 ] DEBUG FXGLAssetLoaderServi - Loading from file system: file:/Users/meo/Desktop/CSC1004/javaproject/CSC1004java/target/classes/assets/textures/ui/ui_signIn_confirm.png
14:46:49.080 [FXGL Background Thread 1 ] DEBUG FXGLAssetLoaderServi - Loading from file system: file:/Users/meo/Desktop/CSC1004/javaproject/CSC1004java/target/classes/assets/textures/ui/ui_signUp_idle.png
14:46:49.081 [FXGL Background Thread 1 ] DEBUG FXGLAssetLoaderServi - Loading from file system: file:/Users/meo/Desktop/CSC1004/javaproject/CSC1004java/target/classes/assets/textures/ui/ui_signUp_hover.png
14:46:49.082 [FXGL Background Thread 1 ] DEBUG FXGLAssetLoaderServi - Loading from file system: file:/Users/meo/Desktop/CSC1004/javaproject/CSC1004java/target/classes/assets/textures/ui/ui_signUp_confirm.png
14:46:49.086 [FXGL Background Thread 1 ] DEBUG FXGLAssetLoaderServi - Loading from file system: file:/Users/meo/Desktop/CSC1004/javaproject/CSC1004java/target/classes/assets/textures/ui/cursor.png
14:46:49.145 [FXGL Background Thread 1 ] WARN  FXGL.DefaultMenu     - FXGLDefaultMenu is not designed for resolutions < 800x600
14:46:49.145 [FXGL Background Thread 1 ] DEBUG FXGL.DefaultMenu     - createMenuBodyGameMenu()
14:46:49.156 [FXGL Background Thread 1 ] DEBUG FXGL.DefaultMenu     - createOptionsMenu()
14:46:49.164 [FXGL Background Thread 1 ] DEBUG FXGLAssetLoaderServi - Loading from file system: jar:file:///Users/meo/.m2/repository/com/github/almasb/fxgl/17.3/fxgl-17.3.jar!/fxglassets/textures/particles/smoke.png
14:46:49.244 [FXGL Background Thread 1 ] DEBUG FXGLAssetLoaderServi - Loading from file system: jar:file:///Users/meo/.m2/repository/com/github/almasb/fxgl/17.3/fxgl-17.3.jar!/fxglassets/textures/particles/trace_horizontal.png
14:46:49.251 [FXGL Background Thread 1 ] DEBUG GameApplicationServi - Application scenes initialized
14:46:49.258 [FXGL Background Thread 1 ] DEBUG SystemBundleService  - Loading FXGL system data
14:46:49.261 [FXGL Background Thread 1 ] DEBUG FileSystemAccess     - Reading from: /Users/meo/Desktop/CSC1004/javaproject/CSC1004java/system/fxgl.bundle
14:46:49.264 [FXGL Background Thread 1 ] DEBUG SystemBundleService  - Bundle FXGL: {}
14:46:49.264 [FXGL Background Thread 1 ] DEBUG UpdaterService       - Checking for updates
14:46:49.275 [FXGL Background Thread 4 ] DEBUG FXGLApplication      - Loading fonts
14:46:49.275 [FXGL Background Thread 1 ] DEBUG FXGLApplication      - Loading default localization
14:46:49.276 [FXGL Background Thread 4 ] DEBUG FXGLAssetLoaderServi - Loading from file system: file:/Users/meo/Desktop/CSC1004/javaproject/CSC1004java/target/classes/assets/ui/fonts/font.ttf
14:46:49.276 [FXGL Background Thread 1 ] DEBUG FXGLAssetLoaderServi - Loading from file system: jar:file:///Users/meo/.m2/repository/com/github/almasb/fxgl/17.3/fxgl-17.3.jar!/fxglassets/languages/english.lang
14:46:49.279 [JavaFX Application Thread] DEBUG FXGLApplication      - Registering font factories with UI factory
14:46:49.284 [FXGL Background Thread 1 ] INFO  FXGLApplication      - FXGL initialization took: 0.696 sec
14:46:49.289 [JavaFX Application Thread] DEBUG Input                - Registered new binding: Player1 Move Up - Up
14:46:49.289 [JavaFX Application Thread] DEBUG Input                - Registered new binding: Player1 Move Down - Down
14:46:49.289 [JavaFX Application Thread] DEBUG Input                - Registered new binding: Player1 Move Left - Left
14:46:49.289 [JavaFX Application Thread] DEBUG Input                - Registered new binding: Player1 Move Right - Right
14:46:49.289 [JavaFX Application Thread] DEBUG Input                - Registered new binding: Player or Player2 Move Up - W
14:46:49.289 [JavaFX Application Thread] DEBUG Input                - Registered new binding: Player or Player2 Move Down - S
14:46:49.289 [JavaFX Application Thread] DEBUG Input                - Registered new binding: Player or Player2 Move Left - A
14:46:49.289 [JavaFX Application Thread] DEBUG Input                - Registered new binding: Player or Player2 Move Right - D
14:46:49.290 [JavaFX Application Thread] DEBUG Input                - Registered new binding: Shoot - LMB
14:46:49.290 [JavaFX Application Thread] DEBUG Input                - Registered new binding: Left Punch/Summon - J
14:46:49.290 [JavaFX Application Thread] DEBUG Input                - Registered new binding: Right Punch/Recover - K
14:46:49.290 [JavaFX Application Thread] DEBUG FXGLAssetLoaderServi - Loading from file system: file:/Users/meo/Desktop/CSC1004/javaproject/CSC1004java/target/classes/assets/music/Crypteque1.mp3
14:46:49.292 [JavaFX Application Thread] DEBUG FXGLAssetLoaderServi - Loading from file system: file:/Users/meo/Desktop/CSC1004/javaproject/CSC1004java/target/classes/assets/sounds/gunfire.wav
14:46:49.298 [JavaFX Application Thread] DEBUG FXGLAssetLoaderServi - Loading from file system: file:/Users/meo/Desktop/CSC1004/javaproject/CSC1004java/target/classes/assets/sounds/M_hurt.wav
14:46:49.300 [JavaFX Application Thread] DEBUG FXGLAssetLoaderServi - Loading from file system: file:/Users/meo/Desktop/CSC1004/javaproject/CSC1004java/target/classes/assets/sounds/M_die.wav
14:46:49.301 [JavaFX Application Thread] DEBUG FXGLAssetLoaderServi - Loading from file system: file:/Users/meo/Desktop/CSC1004/javaproject/CSC1004java/target/classes/assets/sounds/W_hurt.wav
14:46:49.302 [JavaFX Application Thread] DEBUG FXGLAssetLoaderServi - Loading from file system: file:/Users/meo/Desktop/CSC1004/javaproject/CSC1004java/target/classes/assets/sounds/W_die.wav
14:46:49.304 [JavaFX Application Thread] DEBUG FXGLAssetLoaderServi - Loading from file system: file:/Users/meo/Desktop/CSC1004/javaproject/CSC1004java/target/classes/assets/sounds/K_hurt.wav
14:46:49.305 [JavaFX Application Thread] DEBUG FXGLAssetLoaderServi - Loading from file system: file:/Users/meo/Desktop/CSC1004/javaproject/CSC1004java/target/classes/assets/sounds/K_die.wav
14:46:49.307 [JavaFX Application Thread] DEBUG FXGLAssetLoaderServi - Loading from file system: file:/Users/meo/Desktop/CSC1004/javaproject/CSC1004java/target/classes/assets/sounds/enemy_die.wav
14:46:49.309 [JavaFX Application Thread] DEBUG FXGLAssetLoaderServi - Loading from file system: file:/Users/meo/Desktop/CSC1004/javaproject/CSC1004java/target/classes/assets/sounds/hover.wav
14:46:49.312 [JavaFX Application Thread] DEBUG FXGLAssetLoaderServi - Loading from file system: file:/Users/meo/Desktop/CSC1004/javaproject/CSC1004java/target/classes/assets/sounds/confirm.wav
14:46:49.320 [JavaFX Application Thread] DEBUG Input                - Registered new binding: Screenshot - CTRL+8
14:46:49.320 [JavaFX Application Thread] DEBUG Input                - Registered new binding: Dev Options - 1
14:46:49.320 [JavaFX Application Thread] DEBUG Input                - Registered new binding: Dev Console - 2
14:46:49.320 [JavaFX Application Thread] DEBUG Input                - Registered new binding: System info dump - CTRL+9
14:46:49.320 [JavaFX Application Thread] DEBUG Input                - Registered new binding: Restart - CTRL+R
14:46:49.320 [JavaFX Application Thread] DEBUG Input                - Registered new binding: Toggle Debug Camera - CTRL+7
14:46:49.322 [JavaFX Application Thread] DEBUG LoopRunner           - Starting loop
14:46:49.325 [JavaFX Application Thread] DEBUG LoopRunner           - Initializing JavaFX AnimationTimerLoop
14:46:49.326 [JavaFX Application Thread] DEBUG Input                - Clearing active input actions
14:46:49.330 [JavaFX Application Thread] DEBUG GameApplicationServi - Removing overlay from M_StartupScene and adding to FXGLMainMenuDummyScene
14:46:49.331 [JavaFX Application Thread] DEBUG PrimaryStageWindow   - M_StartupScene -> FXGLMainMenuDummyScene
14:46:49.331 [JavaFX Application Thread] DEBUG PrimaryStageWindow   - Push state: M_MainMenu
14:46:49.331 [JavaFX Application Thread] DEBUG Input                - Clearing active input actions
14:46:49.336 [JavaFX Application Thread] DEBUG GameApplicationServi - Removing overlay from FXGLMainMenuDummyScene and adding to M_MainMenu
14:46:49.336 [JavaFX Application Thread] DEBUG PrimaryStageWindow   - FXGLMainMenuDummyScene -> M_MainMenu
14:46:52.282 [FXGL Background Thread 3 ] DEBUG Engine               - Logging environment variables
14:46:52.283 [FXGL Background Thread 3 ] DEBUG Engine               - achievements: []
14:46:52.284 [FXGL Background Thread 3 ] DEBUG Engine               - actualHeight: 540.0
14:46:52.284 [FXGL Background Thread 3 ] DEBUG Engine               - actualHeightProperty: ReadOnlyDoubleProperty [value: 540.0]
14:46:52.284 [FXGL Background Thread 3 ] DEBUG Engine               - actualWidth: 720.0
14:46:52.284 [FXGL Background Thread 3 ] DEBUG Engine               - actualWidthProperty: ReadOnlyDoubleProperty [value: 720.0]
14:46:52.284 [FXGL Background Thread 3 ] DEBUG Engine               - appIcon: ui/M_logo.png
14:46:52.284 [FXGL Background Thread 3 ] DEBUG Engine               - applicationMode: DEVELOPER
14:46:52.284 [FXGL Background Thread 3 ] DEBUG Engine               - cSSList: [fxgl_dark.css]
14:46:52.284 [FXGL Background Thread 3 ] DEBUG Engine               - collisionDetectionStrategy: BRUTE_FORCE
14:46:52.284 [FXGL Background Thread 3 ] DEBUG Engine               - configClass: Optional.empty
14:46:52.285 [FXGL Background Thread 3 ] DEBUG Engine               - credits: []
14:46:52.285 [FXGL Background Thread 3 ] DEBUG Engine               - defaultCursor: CursorInfo(imageName=ui/cursor.png, hotspotX=10.0, hotspotY=10.0)
14:46:52.285 [FXGL Background Thread 3 ] DEBUG Engine               - devBBoxColorProperty: ObjectProperty [value: 0xff0000ff]
14:46:52.285 [FXGL Background Thread 3 ] DEBUG Engine               - devEnableDebugCameraProperty: BooleanProperty [value: false]
14:46:52.286 [FXGL Background Thread 3 ] DEBUG Engine               - devSensorColorProperty: ObjectProperty [value: 0xffff00ff]
14:46:52.286 [FXGL Background Thread 3 ] DEBUG Engine               - devShowBBoxProperty: BooleanProperty [value: false]
14:46:52.286 [FXGL Background Thread 3 ] DEBUG Engine               - devShowPositionProperty: BooleanProperty [value: false]
14:46:52.286 [FXGL Background Thread 3 ] DEBUG Engine               - enabledMenuItems: []
14:46:52.286 [FXGL Background Thread 3 ] DEBUG Engine               - engineServices: [class com.almasb.fxgl.app.services.FXGLAssetLoaderService, class com.almasb.fxgl.app.FXGLApplication$GameApplicationService, class com.almasb.fxgl.app.services.FXGLDialogService, class com.almasb.fxgl.app.services.IOTaskExecutorService, class com.almasb.fxgl.io.FileSystemService, class com.almasb.fxgl.localization.LocalizationService, class com.almasb.fxgl.app.services.SystemBundleService, class com.almasb.fxgl.profile.SaveLoadService, class com.almasb.fxgl.ui.FXGLUIFactoryServiceProvider, class com.almasb.fxgl.ui.FXGLDialogFactoryServiceProvider, class com.almasb.fxgl.audio.AudioPlayer, class com.almasb.fxgl.notification.impl.NotificationServiceProvider, class com.almasb.fxgl.achievement.AchievementService, class com.almasb.fxgl.cutscene.CutsceneService, class com.almasb.fxgl.minigames.MiniGameService, class com.almasb.fxgl.net.NetService, class com.almasb.fxgl.app.services.UpdaterService, class com.almasb.fxgl.dev.DevService]
14:46:52.286 [FXGL Background Thread 3 ] DEBUG Engine               - fontGame: font.ttf
14:46:52.286 [FXGL Background Thread 3 ] DEBUG Engine               - fontMono: font.ttf
14:46:52.286 [FXGL Background Thread 3 ] DEBUG Engine               - fontSizeScaleUI: 1.5
14:46:52.286 [FXGL Background Thread 3 ] DEBUG Engine               - fontText: font.ttf
14:46:52.286 [FXGL Background Thread 3 ] DEBUG Engine               - fontUI: font.ttf
14:46:52.286 [FXGL Background Thread 3 ] DEBUG Engine               - fullScreen: BooleanProperty [value: false]
14:46:52.286 [FXGL Background Thread 3 ] DEBUG Engine               - gameDifficulty: MEDIUM
14:46:52.286 [FXGL Background Thread 3 ] DEBUG Engine               - gameDifficultyProperty: ObjectProperty [value: MEDIUM]
14:46:52.287 [FXGL Background Thread 3 ] DEBUG Engine               - globalMusicVolume: 0.5
14:46:52.287 [FXGL Background Thread 3 ] DEBUG Engine               - globalMusicVolumeProperty: DoubleProperty [value: 0.5]
14:46:52.287 [FXGL Background Thread 3 ] DEBUG Engine               - globalSoundVolume: 0.5
14:46:52.287 [FXGL Background Thread 3 ] DEBUG Engine               - globalSoundVolumeProperty: DoubleProperty [value: 0.5]
14:46:52.287 [FXGL Background Thread 3 ] DEBUG Engine               - height: 540
14:46:52.287 [FXGL Background Thread 3 ] DEBUG Engine               - is3D: false
14:46:52.287 [FXGL Background Thread 3 ] DEBUG Engine               - isAndroid: false
14:46:52.287 [FXGL Background Thread 3 ] DEBUG Engine               - isBrowser: false
14:46:52.287 [FXGL Background Thread 3 ] DEBUG Engine               - isClickFeedbackEnabled: false
14:46:52.287 [FXGL Background Thread 3 ] DEBUG Engine               - isCloseConfirmation: false
14:46:52.287 [FXGL Background Thread 3 ] DEBUG Engine               - isDesktop: true
14:46:52.287 [FXGL Background Thread 3 ] DEBUG Engine               - isDeveloperMenuEnabled: true
14:46:52.288 [FXGL Background Thread 3 ] DEBUG Engine               - isEmbedded: false
14:46:52.288 [FXGL Background Thread 3 ] DEBUG Engine               - isEntityPreloadEnabled: true
14:46:52.288 [FXGL Background Thread 3 ] DEBUG Engine               - isExperimentalTiledLargeMap: false
14:46:52.288 [FXGL Background Thread 3 ] DEBUG Engine               - isFileSystemWriteAllowed: true
14:46:52.288 [FXGL Background Thread 3 ] DEBUG Engine               - isFullScreenAllowed: false
14:46:52.288 [FXGL Background Thread 3 ] DEBUG Engine               - isFullScreenFromStart: false
14:46:52.288 [FXGL Background Thread 3 ] DEBUG Engine               - isGameMenuEnabled: true
14:46:52.288 [FXGL Background Thread 3 ] DEBUG Engine               - isIOS: false
14:46:52.288 [FXGL Background Thread 3 ] DEBUG Engine               - isIntroEnabled: false
14:46:52.288 [FXGL Background Thread 3 ] DEBUG Engine               - isLinux: false
14:46:52.288 [FXGL Background Thread 3 ] DEBUG Engine               - isMac: true
14:46:52.288 [FXGL Background Thread 3 ] DEBUG Engine               - isMainMenuEnabled: true
14:46:52.288 [FXGL Background Thread 3 ] DEBUG Engine               - isManualResizeEnabled: true
14:46:52.288 [FXGL Background Thread 3 ] DEBUG Engine               - isMobile: false
14:46:52.288 [FXGL Background Thread 3 ] DEBUG Engine               - isNative: false
14:46:52.288 [FXGL Background Thread 3 ] DEBUG Engine               - isPauseMusicWhenMinimized: true
14:46:52.288 [FXGL Background Thread 3 ] DEBUG Engine               - isPreserveResizeRatio: true
14:46:52.288 [FXGL Background Thread 3 ] DEBUG Engine               - isProfilingEnabled: false
14:46:52.289 [FXGL Background Thread 3 ] DEBUG Engine               - isScaleAffectedOnResize: true
14:46:52.289 [FXGL Background Thread 3 ] DEBUG Engine               - isSingleStep: false
14:46:52.289 [FXGL Background Thread 3 ] DEBUG Engine               - isUserProfileEnabled: false
14:46:52.289 [FXGL Background Thread 3 ] DEBUG Engine               - isWindows: false
14:46:52.289 [FXGL Background Thread 3 ] DEBUG Engine               - language: ObjectProperty [value: ENGLISH]
14:46:52.289 [FXGL Background Thread 3 ] DEBUG Engine               - menuKey: ESCAPE
14:46:52.289 [FXGL Background Thread 3 ] DEBUG Engine               - mouseSensitivity: 0.2
14:46:52.289 [FXGL Background Thread 3 ] DEBUG Engine               - notificationViewClass: class com.almasb.fxgl.notification.view.XboxNotificationView
14:46:52.289 [FXGL Background Thread 3 ] DEBUG Engine               - pixelsPerMeter: 50.0
14:46:52.289 [FXGL Background Thread 3 ] DEBUG Engine               - platform: MAC
14:46:52.289 [FXGL Background Thread 3 ] DEBUG Engine               - prefHeightProperty: ReadOnlyDoubleProperty [value: 540.0]
14:46:52.289 [FXGL Background Thread 3 ] DEBUG Engine               - prefWidthProperty: ReadOnlyDoubleProperty [value: 720.0]
14:46:52.289 [FXGL Background Thread 3 ] DEBUG Engine               - profileDir: profiles/
14:46:52.289 [FXGL Background Thread 3 ] DEBUG Engine               - profileName: StringProperty [value: DEFAULT]
14:46:52.289 [FXGL Background Thread 3 ] DEBUG Engine               - randomSeed: -1
14:46:52.290 [FXGL Background Thread 3 ] DEBUG Engine               - runtimeInfo: RuntimeInfo(platform=MAC, version=17.3, build=30.03.2023 11.49)
14:46:52.290 [FXGL Background Thread 3 ] DEBUG Engine               - saveFileExt: sav
14:46:52.290 [FXGL Background Thread 3 ] DEBUG Engine               - scaledHeightProp$fxgl: DoubleProperty [bound, value: 540.0]
14:46:52.290 [FXGL Background Thread 3 ] DEBUG Engine               - scaledWidthProp$fxgl: DoubleProperty [bound, value: 720.0]
14:46:52.290 [FXGL Background Thread 3 ] DEBUG Engine               - sceneFactory: testPackage.McDonalismApp$1@be79fc
14:46:52.290 [FXGL Background Thread 3 ] DEBUG Engine               - secondsIn24h: 60
14:46:52.290 [FXGL Background Thread 3 ] DEBUG Engine               - soundMenuBack: menu/back.wav
14:46:52.290 [FXGL Background Thread 3 ] DEBUG Engine               - soundMenuPress: menu/press.wav
14:46:52.290 [FXGL Background Thread 3 ] DEBUG Engine               - soundMenuSelect: menu/select.wav
14:46:52.290 [FXGL Background Thread 3 ] DEBUG Engine               - soundNotification: core/notification.wav
14:46:52.291 [FXGL Background Thread 3 ] DEBUG Engine               - stageStyle: DECORATED
14:46:52.291 [FXGL Background Thread 3 ] DEBUG Engine               - supportedLanguages: [ENGLISH, FRENCH, GERMAN, HUNGARIAN, RUSSIAN]
14:46:52.291 [FXGL Background Thread 3 ] DEBUG Engine               - ticksPerSecond: -1
14:46:52.291 [FXGL Background Thread 3 ] DEBUG Engine               - title: McDonalism
14:46:52.291 [FXGL Background Thread 3 ] DEBUG Engine               - urlGithub: https://github.com/AlmasB/FXGL
14:46:52.291 [FXGL Background Thread 3 ] DEBUG Engine               - urlLeaderboard: http://fxgl-top.herokuapp.com/
14:46:52.291 [FXGL Background Thread 3 ] DEBUG Engine               - urlPOM: https://raw.githubusercontent.com/AlmasB/FXGL/release/README.md
14:46:52.291 [FXGL Background Thread 3 ] DEBUG Engine               - userAppClass: class testPackage.McDonalismApp
14:46:52.291 [FXGL Background Thread 3 ] DEBUG Engine               - version: 0.8
14:46:52.291 [FXGL Background Thread 3 ] DEBUG Engine               - versionCheckDays: 7
14:46:52.291 [FXGL Background Thread 3 ] DEBUG Engine               - width: 720
14:46:52.291 [FXGL Background Thread 3 ] DEBUG Engine               - Logging services
14:46:52.291 [FXGL Background Thread 3 ] DEBUG Engine               - class com.almasb.fxgl.app.services.FXGLAssetLoaderService
14:46:52.291 [FXGL Background Thread 3 ] DEBUG Engine               - class com.almasb.fxgl.app.FXGLApplication$GameApplicationService
14:46:52.291 [FXGL Background Thread 3 ] DEBUG Engine               - class com.almasb.fxgl.app.services.FXGLDialogService
14:46:52.291 [FXGL Background Thread 3 ] DEBUG Engine               - class com.almasb.fxgl.app.services.IOTaskExecutorService
14:46:52.291 [FXGL Background Thread 3 ] DEBUG Engine               - class com.almasb.fxgl.io.FileSystemService
14:46:52.291 [FXGL Background Thread 3 ] DEBUG Engine               - class com.almasb.fxgl.localization.LocalizationService
14:46:52.291 [FXGL Background Thread 3 ] DEBUG Engine               - class com.almasb.fxgl.app.services.SystemBundleService
14:46:52.291 [FXGL Background Thread 3 ] DEBUG Engine               - class com.almasb.fxgl.profile.SaveLoadService
14:46:52.291 [FXGL Background Thread 3 ] DEBUG Engine               - class com.almasb.fxgl.ui.FXGLUIFactoryServiceProvider
14:46:52.292 [FXGL Background Thread 3 ] DEBUG Engine               - class com.almasb.fxgl.ui.FXGLDialogFactoryServiceProvider
14:46:52.292 [FXGL Background Thread 3 ] DEBUG Engine               - class com.almasb.fxgl.audio.AudioPlayer
14:46:52.292 [FXGL Background Thread 3 ] DEBUG Engine               - class com.almasb.fxgl.notification.impl.NotificationServiceProvider
14:46:52.292 [FXGL Background Thread 3 ] DEBUG Engine               - class com.almasb.fxgl.achievement.AchievementService
14:46:52.292 [FXGL Background Thread 3 ] DEBUG Engine               - class com.almasb.fxgl.cutscene.CutsceneService
14:46:52.292 [FXGL Background Thread 3 ] DEBUG Engine               - class com.almasb.fxgl.minigames.MiniGameService
14:46:52.292 [FXGL Background Thread 3 ] DEBUG Engine               - class com.almasb.fxgl.net.NetService
14:46:52.292 [FXGL Background Thread 3 ] DEBUG Engine               - class com.almasb.fxgl.app.services.UpdaterService
14:46:52.292 [FXGL Background Thread 3 ] DEBUG Engine               - class com.almasb.fxgl.dev.DevService
14:46:54.490 [JavaFX Application Thread] DEBUG Menu                 - fireNewGame()
14:46:54.491 [JavaFX Application Thread] DEBUG GameApplicationServi - Starting new game
14:46:54.492 [JavaFX Application Thread] DEBUG PrimaryStageWindow   - Pop state: M_MainMenu
14:46:54.492 [JavaFX Application Thread] DEBUG Input                - Clearing active input actions
14:46:54.494 [JavaFX Application Thread] DEBUG GameApplicationServi - Removing overlay from M_MainMenu and adding to FXGLMainMenuDummyScene
14:46:54.495 [JavaFX Application Thread] DEBUG PrimaryStageWindow   - FXGLMainMenuDummyScene <- M_MainMenu
14:46:54.496 [JavaFX Application Thread] DEBUG Input                - Clearing active input actions
14:46:54.502 [JavaFX Application Thread] DEBUG GameApplicationServi - Removing overlay from FXGLMainMenuDummyScene and adding to FXGLLoadingScene
14:46:54.502 [JavaFX Application Thread] DEBUG PrimaryStageWindow   - FXGLMainMenuDummyScene -> FXGLLoadingScene
14:46:54.502 [JavaFX Application Thread] DEBUG GameApplicationServi - Clearing previous game
14:46:54.502 [JavaFX Application Thread] DEBUG GameScene            - Clearing game scene
14:46:54.502 [JavaFX Application Thread] DEBUG GameWorld            - Clearing game world
14:46:54.502 [JavaFX Application Thread] DEBUG PhysicsWorld         - Clearing physics world
14:46:54.504 [FXGL Background Thread 2 ] DEBUG FXGLApplication      - Initializing game
14:46:54.526 [FXGL Background Thread 2 ] WARN  TMXLevelLoader       - TiledMap generated from 1.9.2. Supported version: 1.9.0. Some features may not be parsed fully.
14:46:54.533 [FXGL Background Thread 2 ] DEBUG TMXLevelLoader       - Parsed TiledMap: file:/Users/meo/Desktop/CSC1004/javaproject/CSC1004java/target/classes/assets/levels/TestLevel.tmx
14:46:54.534 [FXGL Background Thread 2 ] DEBUG TMXLevelLoader       - Creating tile layer entities
14:46:54.535 [FXGL Background Thread 2 ] DEBUG TilesetLoader        - Loading view for layer 图块层 1
14:46:54.538 [FXGL Background Thread 2 ] DEBUG TilesetLoader        - Created buffer with size 1920.0x1440.0
14:46:54.568 [FXGL Background Thread 2 ] DEBUG TilesetLoader        - Loading view for layer 图块层 2
14:46:54.570 [FXGL Background Thread 2 ] DEBUG TilesetLoader        - Created buffer with size 1920.0x1440.0
14:46:54.580 [FXGL Background Thread 2 ] DEBUG TMXLevelLoader       - Creating object layer entities
14:46:54.592 [FXGL Background Thread 2 ] DEBUG GameWorld            - Clearing removable entities
14:46:54.592 [FXGL Background Thread 2 ] DEBUG GameWorld            - Setting level: com.almasb.fxgl.entity.level.Level@58c787c1
14:46:54.597 [FXGL Background Thread 2 ] DEBUG FXGLAssetLoaderServi - Loading from file system: file:/Users/meo/Desktop/CSC1004/javaproject/CSC1004java/target/classes/assets/textures/ui/cursor_crossHair.png
14:46:54.600 [FXGL Background Thread 2 ] DEBUG FXGLAssetLoaderServi - Loading from file system: file:/Users/meo/Desktop/CSC1004/javaproject/CSC1004java/target/classes/assets/textures/hero/M_idle.png
14:46:54.601 [FXGL Background Thread 2 ] DEBUG FXGLAssetLoaderServi - Loading from file system: file:/Users/meo/Desktop/CSC1004/javaproject/CSC1004java/target/classes/assets/textures/hero/M_run.png
14:46:54.602 [FXGL Background Thread 2 ] DEBUG FXGLAssetLoaderServi - Loading from file system: file:/Users/meo/Desktop/CSC1004/javaproject/CSC1004java/target/classes/assets/textures/hero/M_hurt.png
14:46:54.603 [FXGL Background Thread 2 ] DEBUG FXGLAssetLoaderServi - Loading from file system: file:/Users/meo/Desktop/CSC1004/javaproject/CSC1004java/target/classes/assets/textures/hero/M_dead.png
14:46:54.607 [FXGL Background Thread 2 ] DEBUG FXGLAssetLoaderServi - Loading from file system: file:/Users/meo/Desktop/CSC1004/javaproject/CSC1004java/target/classes/assets/textures/weapon/P90.png
14:46:54.609 [FXGL Background Thread 2 ] DEBUG FXGLAssetLoaderServi - Loading from file system: file:/Users/meo/Desktop/CSC1004/javaproject/CSC1004java/target/classes/assets/textures/ui/ui_score_pane.png
14:46:54.624 [FXGL Background Thread 2 ] DEBUG FXGLAssetLoaderServi - Loading from file system: file:/Users/meo/Desktop/CSC1004/javaproject/CSC1004java/target/classes/assets/textures/ui/ui_hud_pane.png
14:46:54.625 [FXGL Background Thread 2 ] INFO  FXGLApplication      - Game initialization took: 0.121 sec
14:46:54.631 [JavaFX Application Thread] DEBUG Input                - Clearing active input actions
14:46:54.633 [JavaFX Application Thread] DEBUG GameApplicationServi - Removing overlay from FXGLLoadingScene and adding to GameScene
14:46:54.635 [JavaFX Application Thread] DEBUG PrimaryStageWindow   - FXGLLoadingScene -> GameScene
14:46:56.040 [JavaFX Application Thread] DEBUG PrimaryStageWindow   - Push state: FXGLDefaultMenu
14:46:56.042 [JavaFX Application Thread] DEBUG Input                - Clearing active input actions
14:46:56.043 [JavaFX Application Thread] DEBUG GameApplicationServi - Removing overlay from GameScene and adding to FXGLDefaultMenu
14:46:56.043 [JavaFX Application Thread] DEBUG PrimaryStageWindow   - GameScene -> FXGLDefaultMenu
14:46:56.632 [JavaFX Application Thread] DEBUG Menu                 - fireExitToMainMenu()
14:46:56.633 [JavaFX Application Thread] DEBUG PrimaryStageWindow   - Push state: DialogSubScene
14:46:56.634 [JavaFX Application Thread] DEBUG Input                - Clearing active input actions
14:46:56.634 [JavaFX Application Thread] DEBUG GameApplicationServi - Removing overlay from FXGLDefaultMenu and adding to DialogSubScene
14:46:56.634 [JavaFX Application Thread] DEBUG PrimaryStageWindow   - FXGLDefaultMenu -> DialogSubScene
14:46:57.349 [JavaFX Application Thread] DEBUG PrimaryStageWindow   - Pop state: DialogSubScene
14:46:57.350 [JavaFX Application Thread] DEBUG Input                - Clearing active input actions
14:46:57.351 [JavaFX Application Thread] DEBUG GameApplicationServi - Removing overlay from DialogSubScene and adding to FXGLDefaultMenu
14:46:57.351 [JavaFX Application Thread] DEBUG PrimaryStageWindow   - FXGLDefaultMenu <- DialogSubScene
14:46:57.644 [JavaFX Application Thread] DEBUG PrimaryStageWindow   - Pop state: FXGLDefaultMenu
14:46:57.644 [JavaFX Application Thread] DEBUG Input                - Clearing active input actions
14:46:57.645 [JavaFX Application Thread] DEBUG GameApplicationServi - Removing overlay from FXGLDefaultMenu and adding to GameScene
14:46:57.645 [JavaFX Application Thread] DEBUG PrimaryStageWindow   - GameScene <- FXGLDefaultMenu
14:46:57.920 [JavaFX Application Thread] DEBUG PrimaryStageWindow   - Push state: FXGLDefaultMenu
14:46:57.921 [JavaFX Application Thread] DEBUG Input                - Clearing active input actions
14:46:57.922 [JavaFX Application Thread] DEBUG GameApplicationServi - Removing overlay from GameScene and adding to FXGLDefaultMenu
14:46:57.923 [JavaFX Application Thread] DEBUG PrimaryStageWindow   - GameScene -> FXGLDefaultMenu
14:46:58.534 [JavaFX Application Thread] DEBUG Menu                 - fireExitToMainMenu()
14:46:58.535 [JavaFX Application Thread] DEBUG PrimaryStageWindow   - Push state: DialogSubScene
14:46:58.535 [JavaFX Application Thread] DEBUG Input                - Clearing active input actions
14:46:58.535 [JavaFX Application Thread] DEBUG GameApplicationServi - Removing overlay from FXGLDefaultMenu and adding to DialogSubScene
14:46:58.536 [JavaFX Application Thread] DEBUG PrimaryStageWindow   - FXGLDefaultMenu -> DialogSubScene
14:46:58.904 [JavaFX Application Thread] DEBUG PrimaryStageWindow   - Pop state: DialogSubScene
14:46:58.905 [JavaFX Application Thread] DEBUG Input                - Clearing active input actions
14:46:58.906 [JavaFX Application Thread] DEBUG GameApplicationServi - Removing overlay from DialogSubScene and adding to FXGLDefaultMenu
14:46:58.907 [JavaFX Application Thread] DEBUG PrimaryStageWindow   - FXGLDefaultMenu <- DialogSubScene
14:46:58.908 [JavaFX Application Thread] DEBUG PrimaryStageWindow   - Pop state: FXGLDefaultMenu
14:46:58.908 [JavaFX Application Thread] DEBUG Input                - Clearing active input actions
14:46:58.908 [JavaFX Application Thread] DEBUG GameApplicationServi - Removing overlay from FXGLDefaultMenu and adding to GameScene
14:46:58.908 [JavaFX Application Thread] DEBUG PrimaryStageWindow   - GameScene <- FXGLDefaultMenu
14:46:58.909 [JavaFX Application Thread] DEBUG Input                - Clearing active input actions
14:46:58.919 [JavaFX Application Thread] DEBUG GameApplicationServi - Removing overlay from GameScene and adding to FXGLMainMenuDummyScene
14:46:58.921 [JavaFX Application Thread] DEBUG PrimaryStageWindow   - GameScene -> FXGLMainMenuDummyScene
14:46:58.921 [JavaFX Application Thread] DEBUG PrimaryStageWindow   - Push state: M_MainMenu
14:46:58.921 [JavaFX Application Thread] DEBUG Input                - Clearing active input actions
14:46:58.923 [JavaFX Application Thread] DEBUG GameApplicationServi - Removing overlay from FXGLMainMenuDummyScene and adding to M_MainMenu
14:46:58.923 [JavaFX Application Thread] DEBUG PrimaryStageWindow   - FXGLMainMenuDummyScene -> M_MainMenu
14:47:00.702 [JavaFX Application Thread] DEBUG Menu                 - fireExit()
14:47:00.707 [JavaFX Application Thread] DEBUG PrimaryStageWindow   - Push state: DialogSubScene
14:47:00.707 [JavaFX Application Thread] DEBUG Input                - Clearing active input actions
14:47:00.709 [JavaFX Application Thread] DEBUG GameApplicationServi - Removing overlay from M_MainMenu and adding to DialogSubScene
14:47:00.709 [JavaFX Application Thread] DEBUG PrimaryStageWindow   - M_MainMenu -> DialogSubScene
14:47:01.145 [JavaFX Application Thread] DEBUG PrimaryStageWindow   - Pop state: DialogSubScene
14:47:01.146 [JavaFX Application Thread] DEBUG Input                - Clearing active input actions
14:47:01.146 [JavaFX Application Thread] DEBUG GameApplicationServi - Removing overlay from DialogSubScene and adding to M_MainMenu
14:47:01.147 [JavaFX Application Thread] DEBUG PrimaryStageWindow   - M_MainMenu <- DialogSubScene
14:47:01.147 [JavaFX Application Thread] DEBUG FXGLApplication      - Exiting FXGL
14:47:01.147 [JavaFX Application Thread] DEBUG LoopRunner           - Stopping loop
14:47:01.148 [JavaFX Application Thread] DEBUG SystemBundleService  - Saving FXGL system data
14:47:01.151 [JavaFX Application Thread] DEBUG FileSystemAccess     - Writing to: /Users/meo/Desktop/CSC1004/javaproject/CSC1004java/system/fxgl.bundle
14:47:01.153 [JavaFX Application Thread] DEBUG Async                - Shutting down background threads
14:47:01.153 [JavaFX Application Thread] DEBUG PrimaryStageWindow   - Closing main window
14:47:01.162 [JavaFX Application Thread] DEBUG Logger               - Closing Logger
