20:26:33.934 [main                     ] DEBUG Logger               - Configured Logger
20:26:33.946 [main                     ] DEBUG GameApplication      - Logging settings
Title: McDonald's Hunter
Version: 0.1
Width: 800
Height: 600
Fullscreen: false
Intro: false
Profiling: false
Single step:false
App Mode: DEVELOPER
Menu Key: ESCAPE
Stage Style: DECORATED
Scene Factory: class com.almasb.fxgl.app.scene.SceneFactory

20:26:34.163 [JavaFX Application Thread] DEBUG FXGLApplication      - Initializing FXGL
20:26:34.166 [JavaFX Application Thread] INFO  Engine               - FXGL-17.2 (20.08.2022 16.50) on MAC (J:18.0.2.1 FX:18)
20:26:34.166 [JavaFX Application Thread] DEBUG Engine               - JRE Vendor Name: Oracle Corporation
20:26:34.167 [JavaFX Application Thread] DEBUG Engine               - Running on OS: Mac OS X version 13.2.1
20:26:34.167 [JavaFX Application Thread] DEBUG Engine               - Architecture: aarch64
20:26:34.167 [JavaFX Application Thread] INFO  Engine               - Source code and latest versions at: https://github.com/AlmasB/FXGL
20:26:34.167 [JavaFX Application Thread] INFO  Engine               -       Ask questions and discuss at: https://github.com/AlmasB/FXGL/discussions
20:26:34.167 [JavaFX Application Thread] INFO  Engine               -              Join the FXGL chat at: https://gitter.im/AlmasB/FXGL
20:26:34.206 [JavaFX Application Thread] DEBUG PrimaryStageWindow   - Creating a JavaFX scene
20:26:34.226 [JavaFX Application Thread] DEBUG PrimaryStageWindow   - Target settings size: 800.0 x 600.0
20:26:34.226 [JavaFX Application Thread] DEBUG PrimaryStageWindow   - Scaled scene size:    800.0 x 600.0
20:26:34.226 [JavaFX Application Thread] DEBUG PrimaryStageWindow   - Scaled ratio: (1.0, 1.0)
20:26:34.227 [JavaFX Application Thread] DEBUG PrimaryStageWindow   - Set initial scene to FXGLStartupScene
20:26:34.230 [JavaFX Application Thread] DEBUG PrimaryStageWindow   - Opening main window
20:26:34.274 [JavaFX Application Thread] DEBUG PrimaryStageWindow   - Window border size: (0.0, 28.0)
20:26:34.274 [JavaFX Application Thread] DEBUG PrimaryStageWindow   - Scaled size: 800.0 x 600.0
20:26:34.274 [JavaFX Application Thread] DEBUG PrimaryStageWindow   - Scaled ratio: (1.0, 1.0)
20:26:34.274 [JavaFX Application Thread] DEBUG PrimaryStageWindow   - Scene size: 800.0 x 600.0
20:26:34.274 [JavaFX Application Thread] DEBUG PrimaryStageWindow   - Stage size: 800.0 x 628.0
20:26:34.277 [FXGL Background Thread 1 ] DEBUG Engine               - Initializing environment variables
20:26:34.299 [FXGL Background Thread 1 ] DEBUG FXGLAssetLoaderServi - User app class for loading assets: class testPackage.McHunterApp
20:26:34.299 [FXGL Background Thread 1 ] DEBUG GameApplicationServi - Applying CSS: fxgl_dark.css
20:26:34.300 [FXGL Background Thread 1 ] DEBUG FXGLAssetLoaderServi - Loading from file system: jar:file:///Users/meo/.m2/repository/com/github/almasb/fxgl/17.2/fxgl-17.2.jar!/fxglassets/ui/css/fxgl_dark.css
20:26:34.320 [FXGL Background Thread 1 ] DEBUG GameApplicationServi - Initializing application scenes
20:26:34.470 [FXGL Background Thread 1 ] DEBUG GameWorld            - Game world initialized
20:26:34.505 [FXGL Background Thread 1 ] DEBUG PhysicsWorld         - Physics world initialized: appHeight=600, physics.ppm=50.0
20:26:34.505 [FXGL Background Thread 1 ] DEBUG PhysicsWorld         - Using strategy: BRUTE_FORCE
20:26:34.507 [FXGL Background Thread 1 ] DEBUG GameScene            - Game scene initialized: 800x600
20:26:34.513 [FXGL Background Thread 1 ] DEBUG FXGL.DefaultMenu     - createMenuBodyMainMenu()
20:26:34.520 [FXGL Background Thread 1 ] DEBUG FXGL.DefaultMenu     - createOptionsMenu()
20:26:34.525 [FXGL Background Thread 1 ] DEBUG FXGLAssetLoaderServi - Loading from file system: jar:file:///Users/meo/.m2/repository/com/github/almasb/fxgl/17.2/fxgl-17.2.jar!/fxglassets/textures/particles/smoke.png
20:26:34.575 [FXGL Background Thread 1 ] DEBUG FXGLAssetLoaderServi - Loading from file system: jar:file:///Users/meo/.m2/repository/com/github/almasb/fxgl/17.2/fxgl-17.2.jar!/fxglassets/textures/particles/trace_horizontal.png
20:26:34.589 [FXGL Background Thread 1 ] DEBUG FXGL.DefaultMenu     - createMenuBodyGameMenu()
20:26:34.590 [FXGL Background Thread 1 ] DEBUG FXGL.DefaultMenu     - createOptionsMenu()
20:26:34.607 [FXGL Background Thread 1 ] DEBUG GameApplicationServi - Application scenes initialized
20:26:34.613 [FXGL Background Thread 1 ] DEBUG SystemBundleService  - Loading FXGL system data
20:26:34.615 [FXGL Background Thread 1 ] DEBUG FileSystemAccess     - Reading from: /Users/meo/Desktop/CSC1004/javaproject/CSC1004java/system/fxgl.bundle
20:26:34.619 [FXGL Background Thread 1 ] DEBUG SystemBundleService  - Bundle FXGL: {}
20:26:34.620 [FXGL Background Thread 1 ] DEBUG UpdaterService       - Checking for updates
20:26:34.621 [FXGL Background Thread 4 ] DEBUG FXGLApplication      - Loading fonts
20:26:34.621 [FXGL Background Thread 1 ] DEBUG FXGLApplication      - Loading default localization
20:26:34.621 [FXGL Background Thread 4 ] DEBUG FXGLAssetLoaderServi - Loading from file system: jar:file:///Users/meo/.m2/repository/com/github/almasb/fxgl/17.2/fxgl-17.2.jar!/fxglassets/ui/fonts/VarelaRound-Regular.ttf
20:26:34.621 [FXGL Background Thread 1 ] DEBUG FXGLAssetLoaderServi - Loading from file system: jar:file:///Users/meo/.m2/repository/com/github/almasb/fxgl/17.2/fxgl-17.2.jar!/fxglassets/languages/english.lang
20:26:34.629 [FXGL Background Thread 4 ] DEBUG FXGLAssetLoaderServi - Loading from file system: jar:file:///Users/meo/.m2/repository/com/github/almasb/fxgl/17.2/fxgl-17.2.jar!/fxglassets/ui/fonts/Abel-Regular.ttf
20:26:34.629 [FXGL Background Thread 1 ] INFO  FXGLApplication      - FXGL initialization took: 0.351 sec
20:26:34.630 [FXGL Background Thread 4 ] DEBUG FXGLAssetLoaderServi - Loading from file system: jar:file:///Users/meo/.m2/repository/com/github/almasb/fxgl/17.2/fxgl-17.2.jar!/fxglassets/ui/fonts/TerminalLandMono-Regular.otf
20:26:34.632 [FXGL Background Thread 4 ] DEBUG FXGLAssetLoaderServi - Loading from file system: jar:file:///Users/meo/.m2/repository/com/github/almasb/fxgl/17.2/fxgl-17.2.jar!/fxglassets/ui/fonts/Courier-Prime.ttf
20:26:34.633 [JavaFX Application Thread] DEBUG Input                - Registered new binding: Right - D
20:26:34.633 [JavaFX Application Thread] DEBUG Input                - Registered new binding: Left - A
20:26:34.633 [JavaFX Application Thread] DEBUG Input                - Registered new binding: Up - W
20:26:34.633 [JavaFX Application Thread] DEBUG LoopRunner           - Stopping loop
20:26:34.633 [JavaFX Application Thread] DEBUG LoopRunner           - Initializing JavaFX AnimationTimerLoop
20:26:34.634 [JavaFX Application Thread] FATAL FXGLApplication      - Uncaught Exception:
java.lang.IllegalArgumentException: Action already exists: Up
	at com.almasb.fxgl.core@17.2/com.almasb.fxgl.input.Input.addBinding(Input.kt:511)
	at com.almasb.fxgl.core@17.2/com.almasb.fxgl.input.Input.addAction(Input.kt:507)
	at com.almasb.fxgl.core@17.2/com.almasb.fxgl.input.Input.addAction$default(Input.kt:504)
	at com.almasb.fxgl.core@17.2/com.almasb.fxgl.input.Input.addAction(Input.kt)
	at CSC1004java/testPackage.McHunterApp.initInput(McHunterApp.java:135)
	at com.almasb.fxgl.all@17.2/com.almasb.fxgl.app.FXGLApplication$GameApplicationService.onMainLoopStarting(FXGLApplication.kt:529)
	at com.almasb.fxgl.all@17.2/com.almasb.fxgl.app.Engine.startLoop(Engine.kt:150)
	at com.almasb.fxgl.all@17.2/com.almasb.fxgl.app.FXGLApplication.startImpl$lambda-3(FXGLApplication.kt:145)
	at com.almasb.fxgl.core@17.2/com.almasb.fxgl.core.concurrent.IOTask.succeed(IOTask.java:164)
	at com.almasb.fxgl.core@17.2/com.almasb.fxgl.core.concurrent.IOTask$1.succeeded(IOTask.java:153)
	at javafx.graphics@18/javafx.concurrent.Task.setState(Task.java:726)
	at javafx.graphics@18/javafx.concurrent.Task$TaskCallable.lambda$call$1(Task.java:1437)
	at javafx.graphics@18/com.sun.javafx.application.PlatformImpl.lambda$runLater$10(PlatformImpl.java:457)
	at java.base/java.security.AccessController.doPrivileged(AccessController.java:399)
	at javafx.graphics@18/com.sun.javafx.application.PlatformImpl.lambda$runLater$11(PlatformImpl.java:456)
	at javafx.graphics@18/com.sun.glass.ui.InvokeLaterDispatcher$Future.run(InvokeLaterDispatcher.java:96)

20:26:34.634 [JavaFX Application Thread] FATAL FXGLApplication      - Application will now exit
20:26:34.642 [JavaFX Application Thread] DEBUG PrimaryStageWindow   - Push state: ErrorSubScene
20:26:34.642 [JavaFX Application Thread] DEBUG Input                - Clearing active input actions
20:26:34.645 [JavaFX Application Thread] DEBUG GameApplicationServi - Removing overlay from FXGLStartupScene and adding to ErrorSubScene
20:26:34.646 [JavaFX Application Thread] DEBUG PrimaryStageWindow   - FXGLStartupScene -> ErrorSubScene
20:26:34.646 [JavaFX Application Thread] DEBUG FXGLApplication      - Registering font factories with UI factory
20:26:37.622 [FXGL Background Thread 3 ] DEBUG Engine               - Logging environment variables
20:26:37.623 [FXGL Background Thread 3 ] DEBUG Engine               - achievements: []
20:26:37.623 [FXGL Background Thread 3 ] DEBUG Engine               - actualHeight: 600.0
20:26:37.623 [FXGL Background Thread 3 ] DEBUG Engine               - actualHeightProperty: ReadOnlyDoubleProperty [value: 600.0]
20:26:37.623 [FXGL Background Thread 3 ] DEBUG Engine               - actualWidth: 800.0
20:26:37.624 [FXGL Background Thread 3 ] DEBUG Engine               - actualWidthProperty: ReadOnlyDoubleProperty [value: 800.0]
20:26:37.624 [FXGL Background Thread 3 ] DEBUG Engine               - appIcon: fxgl_icon.png
20:26:37.624 [FXGL Background Thread 3 ] DEBUG Engine               - applicationMode: DEVELOPER
20:26:37.624 [FXGL Background Thread 3 ] DEBUG Engine               - cSSList: [fxgl_dark.css]
20:26:37.624 [FXGL Background Thread 3 ] DEBUG Engine               - collisionDetectionStrategy: BRUTE_FORCE
20:26:37.624 [FXGL Background Thread 3 ] DEBUG Engine               - configClass: Optional.empty
20:26:37.624 [FXGL Background Thread 3 ] DEBUG Engine               - credits: []
20:26:37.624 [FXGL Background Thread 3 ] DEBUG Engine               - defaultCursor: CursorInfo(imageName=fxgl_default_cursor.png, hotspotX=7.0, hotspotY=6.0)
20:26:37.624 [FXGL Background Thread 3 ] DEBUG Engine               - devBBoxColorProperty: ObjectProperty [value: 0xff0000ff]
20:26:37.625 [FXGL Background Thread 3 ] DEBUG Engine               - devEnableDebugCameraProperty: BooleanProperty [value: false]
20:26:37.625 [FXGL Background Thread 3 ] DEBUG Engine               - devSensorColorProperty: ObjectProperty [value: 0xffff00ff]
20:26:37.625 [FXGL Background Thread 3 ] DEBUG Engine               - devShowBBoxProperty: BooleanProperty [value: false]
20:26:37.625 [FXGL Background Thread 3 ] DEBUG Engine               - devShowPositionProperty: BooleanProperty [value: false]
20:26:37.625 [FXGL Background Thread 3 ] DEBUG Engine               - enabledMenuItems: []
20:26:37.625 [FXGL Background Thread 3 ] DEBUG Engine               - engineServices: [class com.almasb.fxgl.app.services.FXGLAssetLoaderService, class com.almasb.fxgl.app.FXGLApplication$GameApplicationService, class com.almasb.fxgl.app.services.FXGLDialogService, class com.almasb.fxgl.app.services.IOTaskExecutorService, class com.almasb.fxgl.io.FileSystemService, class com.almasb.fxgl.localization.LocalizationService, class com.almasb.fxgl.app.services.SystemBundleService, class com.almasb.fxgl.profile.SaveLoadService, class com.almasb.fxgl.ui.FXGLUIFactoryServiceProvider, class com.almasb.fxgl.ui.FXGLDialogFactoryServiceProvider, class com.almasb.fxgl.audio.AudioPlayer, class com.almasb.fxgl.notification.impl.NotificationServiceProvider, class com.almasb.fxgl.achievement.AchievementService, class com.almasb.fxgl.cutscene.CutsceneService, class com.almasb.fxgl.minigames.MiniGameService, class com.almasb.fxgl.net.NetService, class com.almasb.fxgl.app.services.UpdaterService, class com.almasb.fxgl.dev.DevService]
20:26:37.625 [FXGL Background Thread 3 ] DEBUG Engine               - fontGame: Abel-Regular.ttf
20:26:37.625 [FXGL Background Thread 3 ] DEBUG Engine               - fontMono: TerminalLandMono-Regular.otf
20:26:37.625 [FXGL Background Thread 3 ] DEBUG Engine               - fontText: Courier-Prime.ttf
20:26:37.625 [FXGL Background Thread 3 ] DEBUG Engine               - fontUI: VarelaRound-Regular.ttf
20:26:37.625 [FXGL Background Thread 3 ] DEBUG Engine               - fullScreen: BooleanProperty [value: false]
20:26:37.625 [FXGL Background Thread 3 ] DEBUG Engine               - gameDifficulty: MEDIUM
20:26:37.625 [FXGL Background Thread 3 ] DEBUG Engine               - gameDifficultyProperty: ObjectProperty [value: MEDIUM]
20:26:37.625 [FXGL Background Thread 3 ] DEBUG Engine               - globalMusicVolume: 0.5
20:26:37.625 [FXGL Background Thread 3 ] DEBUG Engine               - globalMusicVolumeProperty: DoubleProperty [value: 0.5]
20:26:37.625 [FXGL Background Thread 3 ] DEBUG Engine               - globalSoundVolume: 0.5
20:26:37.625 [FXGL Background Thread 3 ] DEBUG Engine               - globalSoundVolumeProperty: DoubleProperty [value: 0.5]
20:26:37.626 [FXGL Background Thread 3 ] DEBUG Engine               - height: 600
20:26:37.626 [FXGL Background Thread 3 ] DEBUG Engine               - is3D: false
20:26:37.626 [FXGL Background Thread 3 ] DEBUG Engine               - isAndroid: false
20:26:37.626 [FXGL Background Thread 3 ] DEBUG Engine               - isBrowser: false
20:26:37.626 [FXGL Background Thread 3 ] DEBUG Engine               - isClickFeedbackEnabled: false
20:26:37.626 [FXGL Background Thread 3 ] DEBUG Engine               - isCloseConfirmation: false
20:26:37.626 [FXGL Background Thread 3 ] DEBUG Engine               - isDesktop: true
20:26:37.626 [FXGL Background Thread 3 ] DEBUG Engine               - isDeveloperMenuEnabled: false
20:26:37.626 [FXGL Background Thread 3 ] DEBUG Engine               - isEmbedded: false
20:26:37.626 [FXGL Background Thread 3 ] DEBUG Engine               - isEntityPreloadEnabled: true
20:26:37.626 [FXGL Background Thread 3 ] DEBUG Engine               - isExperimentalTiledLargeMap: false
20:26:37.626 [FXGL Background Thread 3 ] DEBUG Engine               - isFileSystemWriteAllowed: true
20:26:37.626 [FXGL Background Thread 3 ] DEBUG Engine               - isFullScreenAllowed: false
20:26:37.626 [FXGL Background Thread 3 ] DEBUG Engine               - isFullScreenFromStart: false
20:26:37.626 [FXGL Background Thread 3 ] DEBUG Engine               - isGameMenuEnabled: true
20:26:37.626 [FXGL Background Thread 3 ] DEBUG Engine               - isIOS: false
20:26:37.626 [FXGL Background Thread 3 ] DEBUG Engine               - isIntroEnabled: false
20:26:37.626 [FXGL Background Thread 3 ] DEBUG Engine               - isLinux: false
20:26:37.626 [FXGL Background Thread 3 ] DEBUG Engine               - isMac: true
20:26:37.626 [FXGL Background Thread 3 ] DEBUG Engine               - isMainMenuEnabled: true
20:26:37.626 [FXGL Background Thread 3 ] DEBUG Engine               - isManualResizeEnabled: false
20:26:37.626 [FXGL Background Thread 3 ] DEBUG Engine               - isMobile: false
20:26:37.626 [FXGL Background Thread 3 ] DEBUG Engine               - isNative: false
20:26:37.627 [FXGL Background Thread 3 ] DEBUG Engine               - isPauseMusicWhenMinimized: true
20:26:37.627 [FXGL Background Thread 3 ] DEBUG Engine               - isPreserveResizeRatio: false
20:26:37.627 [FXGL Background Thread 3 ] DEBUG Engine               - isProfilingEnabled: false
20:26:37.627 [FXGL Background Thread 3 ] DEBUG Engine               - isScaleAffectedOnResize: true
20:26:37.627 [FXGL Background Thread 3 ] DEBUG Engine               - isSingleStep: false
20:26:37.627 [FXGL Background Thread 3 ] DEBUG Engine               - isUserProfileEnabled: false
20:26:37.627 [FXGL Background Thread 3 ] DEBUG Engine               - isWindows: false
20:26:37.627 [FXGL Background Thread 3 ] DEBUG Engine               - language: ObjectProperty [value: ENGLISH]
20:26:37.627 [FXGL Background Thread 3 ] DEBUG Engine               - menuKey: ESCAPE
20:26:37.627 [FXGL Background Thread 3 ] DEBUG Engine               - mouseSensitivity: 0.2
20:26:37.627 [FXGL Background Thread 3 ] DEBUG Engine               - notificationViewClass: class com.almasb.fxgl.notification.view.XboxNotificationView
20:26:37.627 [FXGL Background Thread 3 ] DEBUG Engine               - pixelsPerMeter: 50.0
20:26:37.627 [FXGL Background Thread 3 ] DEBUG Engine               - platform: MAC
20:26:37.627 [FXGL Background Thread 3 ] DEBUG Engine               - prefHeightProperty: ReadOnlyDoubleProperty [value: 600.0]
20:26:37.627 [FXGL Background Thread 3 ] DEBUG Engine               - prefWidthProperty: ReadOnlyDoubleProperty [value: 800.0]
20:26:37.627 [FXGL Background Thread 3 ] DEBUG Engine               - profileDir: profiles/
20:26:37.628 [FXGL Background Thread 3 ] DEBUG Engine               - profileName: StringProperty [value: DEFAULT]
20:26:37.628 [FXGL Background Thread 3 ] DEBUG Engine               - randomSeed: -1
20:26:37.628 [FXGL Background Thread 3 ] DEBUG Engine               - runtimeInfo: RuntimeInfo(platform=MAC, version=17.2, build=20.08.2022 16.50)
20:26:37.628 [FXGL Background Thread 3 ] DEBUG Engine               - saveFileExt: sav
20:26:37.628 [FXGL Background Thread 3 ] DEBUG Engine               - scaledHeightProp$fxgl: DoubleProperty [bound, value: 600.0]
20:26:37.628 [FXGL Background Thread 3 ] DEBUG Engine               - scaledWidthProp$fxgl: DoubleProperty [bound, value: 800.0]
20:26:37.628 [FXGL Background Thread 3 ] DEBUG Engine               - sceneFactory: com.almasb.fxgl.app.scene.SceneFactory@2653b9c0
20:26:37.628 [FXGL Background Thread 3 ] DEBUG Engine               - secondsIn24h: 60
20:26:37.628 [FXGL Background Thread 3 ] DEBUG Engine               - soundMenuBack: menu/back.wav
20:26:37.628 [FXGL Background Thread 3 ] DEBUG Engine               - soundMenuPress: menu/press.wav
20:26:37.628 [FXGL Background Thread 3 ] DEBUG Engine               - soundMenuSelect: menu/select.wav
20:26:37.628 [FXGL Background Thread 3 ] DEBUG Engine               - soundNotification: core/notification.wav
20:26:37.628 [FXGL Background Thread 3 ] DEBUG Engine               - stageStyle: DECORATED
20:26:37.628 [FXGL Background Thread 3 ] DEBUG Engine               - supportedLanguages: [ENGLISH, FRENCH, GERMAN, HUNGARIAN, RUSSIAN]
20:26:37.628 [FXGL Background Thread 3 ] DEBUG Engine               - ticksPerSecond: -1
20:26:37.628 [FXGL Background Thread 3 ] DEBUG Engine               - title: McDonald's Hunter
20:26:37.628 [FXGL Background Thread 3 ] DEBUG Engine               - urlGithub: https://github.com/AlmasB/FXGL
20:26:37.628 [FXGL Background Thread 3 ] DEBUG Engine               - urlLeaderboard: http://fxgl-top.herokuapp.com/
20:26:37.628 [FXGL Background Thread 3 ] DEBUG Engine               - urlPOM: https://raw.githubusercontent.com/AlmasB/FXGL/release/README.md
20:26:37.629 [FXGL Background Thread 3 ] DEBUG Engine               - userAppClass: class testPackage.McHunterApp
20:26:37.629 [FXGL Background Thread 3 ] DEBUG Engine               - version: 0.1
20:26:37.629 [FXGL Background Thread 3 ] DEBUG Engine               - versionCheckDays: 7
20:26:37.629 [FXGL Background Thread 3 ] DEBUG Engine               - width: 800
20:26:37.629 [FXGL Background Thread 3 ] DEBUG Engine               - Logging services
20:26:37.629 [FXGL Background Thread 3 ] DEBUG Engine               - class com.almasb.fxgl.app.services.FXGLAssetLoaderService
20:26:37.629 [FXGL Background Thread 3 ] DEBUG Engine               - class com.almasb.fxgl.app.FXGLApplication$GameApplicationService
20:26:37.629 [FXGL Background Thread 3 ] DEBUG Engine               - class com.almasb.fxgl.app.services.FXGLDialogService
20:26:37.629 [FXGL Background Thread 3 ] DEBUG Engine               - class com.almasb.fxgl.app.services.IOTaskExecutorService
20:26:37.629 [FXGL Background Thread 3 ] DEBUG Engine               - class com.almasb.fxgl.io.FileSystemService
20:26:37.629 [FXGL Background Thread 3 ] DEBUG Engine               - class com.almasb.fxgl.localization.LocalizationService
20:26:37.629 [FXGL Background Thread 3 ] DEBUG Engine               - class com.almasb.fxgl.app.services.SystemBundleService
20:26:37.629 [FXGL Background Thread 3 ] DEBUG Engine               - class com.almasb.fxgl.profile.SaveLoadService
20:26:37.629 [FXGL Background Thread 3 ] DEBUG Engine               - class com.almasb.fxgl.ui.FXGLUIFactoryServiceProvider
20:26:37.629 [FXGL Background Thread 3 ] DEBUG Engine               - class com.almasb.fxgl.ui.FXGLDialogFactoryServiceProvider
20:26:37.629 [FXGL Background Thread 3 ] DEBUG Engine               - class com.almasb.fxgl.audio.AudioPlayer
20:26:37.629 [FXGL Background Thread 3 ] DEBUG Engine               - class com.almasb.fxgl.notification.impl.NotificationServiceProvider
20:26:37.629 [FXGL Background Thread 3 ] DEBUG Engine               - class com.almasb.fxgl.achievement.AchievementService
20:26:37.629 [FXGL Background Thread 3 ] DEBUG Engine               - class com.almasb.fxgl.cutscene.CutsceneService
20:26:37.629 [FXGL Background Thread 3 ] DEBUG Engine               - class com.almasb.fxgl.minigames.MiniGameService
20:26:37.629 [FXGL Background Thread 3 ] DEBUG Engine               - class com.almasb.fxgl.net.NetService
20:26:37.629 [FXGL Background Thread 3 ] DEBUG Engine               - class com.almasb.fxgl.app.services.UpdaterService
20:26:37.629 [FXGL Background Thread 3 ] DEBUG Engine               - class com.almasb.fxgl.dev.DevService
20:26:41.939 [JavaFX Application Thread] DEBUG FXGLApplication      - Exiting FXGL
20:26:41.939 [JavaFX Application Thread] DEBUG Async                - Shutting down background threads
20:26:41.939 [JavaFX Application Thread] DEBUG PrimaryStageWindow   - Closing main window
20:26:41.945 [JavaFX Application Thread] DEBUG Logger               - Closing Logger
