23:12:15.116 [main                     ] DEBUG Logger               - Configured Logger
23:12:15.127 [main                     ] DEBUG GameApplication      - Logging settings
Title: McDonalism
Version: 0.1
Width: 800
Height: 800
Fullscreen: false
Intro: false
Profiling: false
Single step:false
App Mode: DEVELOPER
Menu Key: ESCAPE
Stage Style: DECORATED
Scene Factory: class com.almasb.fxgl.app.scene.SceneFactory

23:12:15.329 [JavaFX Application Thread] DEBUG FXGLApplication      - Initializing FXGL
23:12:15.333 [JavaFX Application Thread] INFO  Engine               - FXGL-17.2 (20.08.2022 16.50) on MAC (J:18.0.2.1 FX:18)
23:12:15.333 [JavaFX Application Thread] DEBUG Engine               - JRE Vendor Name: Oracle Corporation
23:12:15.333 [JavaFX Application Thread] DEBUG Engine               - Running on OS: Mac OS X version 13.2.1
23:12:15.333 [JavaFX Application Thread] DEBUG Engine               - Architecture: aarch64
23:12:15.333 [JavaFX Application Thread] INFO  Engine               - Source code and latest versions at: https://github.com/AlmasB/FXGL
23:12:15.333 [JavaFX Application Thread] INFO  Engine               -       Ask questions and discuss at: https://github.com/AlmasB/FXGL/discussions
23:12:15.333 [JavaFX Application Thread] INFO  Engine               -              Join the FXGL chat at: https://gitter.im/AlmasB/FXGL
23:12:15.375 [JavaFX Application Thread] DEBUG PrimaryStageWindow   - Creating a JavaFX scene
23:12:15.395 [JavaFX Application Thread] DEBUG PrimaryStageWindow   - Target settings size: 800.0 x 800.0
23:12:15.395 [JavaFX Application Thread] DEBUG PrimaryStageWindow   - Scaled scene size:    800.0 x 800.0
23:12:15.395 [JavaFX Application Thread] DEBUG PrimaryStageWindow   - Scaled ratio: (1.0, 1.0)
23:12:15.396 [JavaFX Application Thread] DEBUG PrimaryStageWindow   - Set initial scene to FXGLStartupScene
23:12:15.398 [JavaFX Application Thread] DEBUG PrimaryStageWindow   - Opening main window
23:12:15.445 [JavaFX Application Thread] DEBUG PrimaryStageWindow   - Window border size: (0.0, 28.0)
23:12:15.445 [JavaFX Application Thread] DEBUG PrimaryStageWindow   - Scaled size: 800.0 x 800.0
23:12:15.445 [JavaFX Application Thread] DEBUG PrimaryStageWindow   - Scaled ratio: (1.0, 1.0)
23:12:15.445 [JavaFX Application Thread] DEBUG PrimaryStageWindow   - Scene size: 800.0 x 800.0
23:12:15.445 [JavaFX Application Thread] DEBUG PrimaryStageWindow   - Stage size: 800.0 x 828.0
23:12:15.448 [FXGL Background Thread 1 ] DEBUG Engine               - Initializing environment variables
23:12:15.472 [FXGL Background Thread 1 ] DEBUG FXGLAssetLoaderServi - User app class for loading assets: class testPackage.McDonalismApp
23:12:15.472 [FXGL Background Thread 1 ] DEBUG GameApplicationServi - Applying CSS: fxgl_dark.css
23:12:15.473 [FXGL Background Thread 1 ] DEBUG FXGLAssetLoaderServi - Loading from file system: jar:file:///Users/meo/.m2/repository/com/github/almasb/fxgl/17.2/fxgl-17.2.jar!/fxglassets/ui/css/fxgl_dark.css
23:12:15.496 [FXGL Background Thread 1 ] DEBUG GameApplicationServi - Initializing application scenes
23:12:15.616 [FXGL Background Thread 1 ] DEBUG GameWorld            - Game world initialized
23:12:15.643 [FXGL Background Thread 1 ] DEBUG PhysicsWorld         - Physics world initialized: appHeight=800, physics.ppm=50.0
23:12:15.643 [FXGL Background Thread 1 ] DEBUG PhysicsWorld         - Using strategy: BRUTE_FORCE
23:12:15.646 [FXGL Background Thread 1 ] DEBUG GameScene            - Game scene initialized: 800x800
23:12:15.652 [FXGL Background Thread 1 ] DEBUG FXGL.DefaultMenu     - createMenuBodyMainMenu()
23:12:15.659 [FXGL Background Thread 1 ] DEBUG FXGL.DefaultMenu     - createOptionsMenu()
23:12:15.666 [FXGL Background Thread 1 ] DEBUG FXGLAssetLoaderServi - Loading from file system: jar:file:///Users/meo/.m2/repository/com/github/almasb/fxgl/17.2/fxgl-17.2.jar!/fxglassets/textures/particles/smoke.png
23:12:15.715 [FXGL Background Thread 1 ] DEBUG FXGLAssetLoaderServi - Loading from file system: jar:file:///Users/meo/.m2/repository/com/github/almasb/fxgl/17.2/fxgl-17.2.jar!/fxglassets/textures/particles/trace_horizontal.png
23:12:15.730 [FXGL Background Thread 1 ] DEBUG FXGL.DefaultMenu     - createMenuBodyGameMenu()
23:12:15.730 [FXGL Background Thread 1 ] DEBUG FXGL.DefaultMenu     - createOptionsMenu()
23:12:15.748 [FXGL Background Thread 1 ] DEBUG GameApplicationServi - Application scenes initialized
23:12:15.753 [FXGL Background Thread 1 ] DEBUG SystemBundleService  - Loading FXGL system data
23:12:15.755 [FXGL Background Thread 1 ] DEBUG FileSystemAccess     - Reading from: /Users/meo/Desktop/CSC1004/javaproject/CSC1004java/system/fxgl.bundle
23:12:15.759 [FXGL Background Thread 1 ] DEBUG SystemBundleService  - Bundle FXGL: {}
23:12:15.759 [FXGL Background Thread 1 ] DEBUG UpdaterService       - Checking for updates
23:12:15.761 [FXGL Background Thread 4 ] DEBUG FXGLApplication      - Loading fonts
23:12:15.761 [FXGL Background Thread 1 ] DEBUG FXGLApplication      - Loading default localization
23:12:15.761 [FXGL Background Thread 4 ] DEBUG FXGLAssetLoaderServi - Loading from file system: jar:file:///Users/meo/.m2/repository/com/github/almasb/fxgl/17.2/fxgl-17.2.jar!/fxglassets/ui/fonts/VarelaRound-Regular.ttf
23:12:15.761 [FXGL Background Thread 1 ] DEBUG FXGLAssetLoaderServi - Loading from file system: jar:file:///Users/meo/.m2/repository/com/github/almasb/fxgl/17.2/fxgl-17.2.jar!/fxglassets/languages/english.lang
23:12:15.766 [FXGL Background Thread 4 ] DEBUG FXGLAssetLoaderServi - Loading from file system: jar:file:///Users/meo/.m2/repository/com/github/almasb/fxgl/17.2/fxgl-17.2.jar!/fxglassets/ui/fonts/Abel-Regular.ttf
23:12:15.768 [FXGL Background Thread 4 ] DEBUG FXGLAssetLoaderServi - Loading from file system: jar:file:///Users/meo/.m2/repository/com/github/almasb/fxgl/17.2/fxgl-17.2.jar!/fxglassets/ui/fonts/TerminalLandMono-Regular.otf
23:12:15.768 [FXGL Background Thread 1 ] INFO  FXGLApplication      - FXGL initialization took: 0.320 sec
23:12:15.769 [FXGL Background Thread 4 ] DEBUG FXGLAssetLoaderServi - Loading from file system: jar:file:///Users/meo/.m2/repository/com/github/almasb/fxgl/17.2/fxgl-17.2.jar!/fxglassets/ui/fonts/Courier-Prime.ttf
23:12:15.772 [JavaFX Application Thread] DEBUG Input                - Registered new binding: Up - W
23:12:15.772 [JavaFX Application Thread] DEBUG Input                - Registered new binding: Down - S
23:12:15.772 [JavaFX Application Thread] DEBUG Input                - Registered new binding: Left - A
23:12:15.772 [JavaFX Application Thread] DEBUG Input                - Registered new binding: Right - D
23:12:15.773 [JavaFX Application Thread] DEBUG Input                - Registered new binding: Shoot - LMB
23:12:15.773 [JavaFX Application Thread] DEBUG FXGLAssetLoaderServi - Loading from file system: jar:file:///Users/meo/.m2/repository/com/github/almasb/fxgl/17.2/fxgl-17.2.jar!/fxglassets/textures/fxgl_icon.png
23:12:15.785 [JavaFX Application Thread] DEBUG FXGLAssetLoaderServi - Loading from file system: jar:file:///Users/meo/.m2/repository/com/github/almasb/fxgl/17.2/fxgl-17.2.jar!/fxglassets/textures/fxgl_default_cursor.png
23:12:15.786 [JavaFX Application Thread] DEBUG Input                - Registered new binding: Screenshot - CTRL+8
23:12:15.786 [JavaFX Application Thread] DEBUG Input                - Registered new binding: System info dump - CTRL+9
23:12:15.786 [JavaFX Application Thread] DEBUG Input                - Registered new binding: Restart - CTRL+R
23:12:15.786 [JavaFX Application Thread] DEBUG Input                - Registered new binding: Toggle Debug Camera - CTRL+7
23:12:15.787 [JavaFX Application Thread] DEBUG LoopRunner           - Starting loop
23:12:15.787 [JavaFX Application Thread] DEBUG LoopRunner           - Initializing JavaFX AnimationTimerLoop
23:12:15.788 [JavaFX Application Thread] DEBUG Input                - Clearing active input actions
23:12:15.791 [JavaFX Application Thread] DEBUG GameApplicationServi - Removing overlay from FXGLStartupScene and adding to FXGLMainMenuDummyScene
23:12:15.791 [JavaFX Application Thread] DEBUG PrimaryStageWindow   - FXGLStartupScene -> FXGLMainMenuDummyScene
23:12:15.792 [JavaFX Application Thread] DEBUG PrimaryStageWindow   - Push state: FXGLDefaultMenu
23:12:15.793 [JavaFX Application Thread] DEBUG Input                - Clearing active input actions
23:12:15.797 [JavaFX Application Thread] DEBUG GameApplicationServi - Removing overlay from FXGLMainMenuDummyScene and adding to FXGLDefaultMenu
23:12:15.797 [JavaFX Application Thread] DEBUG PrimaryStageWindow   - FXGLMainMenuDummyScene -> FXGLDefaultMenu
23:12:15.815 [JavaFX Application Thread] DEBUG FXGLApplication      - Registering font factories with UI factory
23:12:18.134 [JavaFX Application Thread] DEBUG Menu                 - fireNewGame()
23:12:18.134 [JavaFX Application Thread] DEBUG GameApplicationServi - Starting new game
23:12:18.135 [JavaFX Application Thread] DEBUG PrimaryStageWindow   - Pop state: FXGLDefaultMenu
23:12:18.135 [JavaFX Application Thread] DEBUG Input                - Clearing active input actions
23:12:18.136 [JavaFX Application Thread] DEBUG GameApplicationServi - Removing overlay from FXGLDefaultMenu and adding to FXGLMainMenuDummyScene
23:12:18.136 [JavaFX Application Thread] DEBUG PrimaryStageWindow   - FXGLMainMenuDummyScene <- FXGLDefaultMenu
23:12:18.136 [JavaFX Application Thread] DEBUG Input                - Clearing active input actions
23:12:18.139 [JavaFX Application Thread] DEBUG GameApplicationServi - Removing overlay from FXGLMainMenuDummyScene and adding to FXGLLoadingScene
23:12:18.139 [JavaFX Application Thread] DEBUG PrimaryStageWindow   - FXGLMainMenuDummyScene -> FXGLLoadingScene
23:12:18.139 [JavaFX Application Thread] DEBUG GameApplicationServi - Clearing previous game
23:12:18.139 [JavaFX Application Thread] DEBUG GameScene            - Clearing game scene
23:12:18.139 [JavaFX Application Thread] DEBUG GameWorld            - Clearing game world
23:12:18.139 [JavaFX Application Thread] DEBUG PhysicsWorld         - Clearing physics world
23:12:18.140 [FXGL Background Thread 2 ] DEBUG FXGLApplication      - Initializing game
23:12:18.140 [FXGL Background Thread 2 ] DEBUG FXGLAssetLoaderServi - Loading from file system: file:/Users/meo/Desktop/CSC1004/javaproject/CSC1004java/target/classes/assets/music/Crypteque1.mp3
23:12:18.360 [FXGL Background Thread 2 ] DEBUG AudioPlayer          - Playing music com.almasb.fxgl.audio.Music@136c0eeb
23:12:18.373 [FXGL Background Thread 2 ] WARN  TMXLevelLoader       - TiledMap generated from 1.9.2. Supported version: 1.9.0. Some features may not be parsed fully.
23:12:18.384 [FXGL Background Thread 2 ] DEBUG TMXLevelLoader       - Parsed TiledMap: file:/Users/meo/Desktop/CSC1004/javaproject/CSC1004java/target/classes/assets/levels/TestLevel.tmx
23:12:18.385 [FXGL Background Thread 2 ] DEBUG TMXLevelLoader       - Creating tile layer entities
23:12:18.385 [FXGL Background Thread 2 ] DEBUG TilesetLoader        - Loading view for layer 图块层 1
23:12:18.386 [FXGL Background Thread 2 ] DEBUG TilesetLoader        - Created buffer with size 800.0x800.0
23:12:18.387 [FXGL Background Thread 2 ] WARN  TilesetLoader        - Dungeon_Tileset.png cannot be loaded using mapURL=file:/Users/meo/Desktop/CSC1004/javaproject/CSC1004java/target/classes/assets/levels/TestLevel.tmx
java.io.FileNotFoundException: /Users/meo/Desktop/CSC1004/javaproject/CSC1004java/target/classes/assets/levels/Dungeon_Tileset.png (No such file or directory)
	at java.base/java.io.FileInputStream.open0(Native Method)
	at java.base/java.io.FileInputStream.open(FileInputStream.java:216)
	at java.base/java.io.FileInputStream.<init>(FileInputStream.java:157)
	at java.base/java.io.FileInputStream.<init>(FileInputStream.java:111)
	at java.base/sun.net.www.protocol.file.FileURLConnection.connect(FileURLConnection.java:86)
	at java.base/sun.net.www.protocol.file.FileURLConnection.getInputStream(FileURLConnection.java:189)
	at java.base/java.net.URL.openStream(URL.java:1161)
	at com.almasb.fxgl.entity@17.2/com.almasb.fxgl.entity.level.tiled.TilesetLoader.loadImage(TilesetLoader.kt:403)
	at com.almasb.fxgl.entity@17.2/com.almasb.fxgl.entity.level.tiled.TilesetLoader.loadView(TilesetLoader.kt:133)
	at com.almasb.fxgl.entity@17.2/com.almasb.fxgl.entity.level.tiled.TMXLevelLoader.createTileLayerEntities$lambda-4(TMXLevelLoader.kt:100)
	at java.base/java.util.stream.ReferencePipeline$3$1.accept(ReferencePipeline.java:197)
	at java.base/java.util.ArrayList$ArrayListSpliterator.forEachRemaining(ArrayList.java:1625)
	at java.base/java.util.stream.AbstractPipeline.copyInto(AbstractPipeline.java:509)
	at java.base/java.util.stream.AbstractPipeline.wrapAndCopyInto(AbstractPipeline.java:499)
	at java.base/java.util.stream.ReduceOps$ReduceOp.evaluateSequential(ReduceOps.java:921)
	at java.base/java.util.stream.AbstractPipeline.evaluate(AbstractPipeline.java:234)
	at java.base/java.util.stream.ReferencePipeline.collect(ReferencePipeline.java:682)
	at com.almasb.fxgl.entity@17.2/com.almasb.fxgl.entity.level.tiled.TMXLevelLoader.createTileLayerEntities(TMXLevelLoader.kt:117)
	at com.almasb.fxgl.entity@17.2/com.almasb.fxgl.entity.level.tiled.TMXLevelLoader.load(TMXLevelLoader.kt:58)
	at com.almasb.fxgl.all@17.2/com.almasb.fxgl.app.services.FXGLAssetLoaderService.loadLevel(FXGLAssetLoaderService.kt:446)
	at com.almasb.fxgl.all@17.2/com.almasb.fxgl.dsl.FXGL$Companion.setLevelFromMap(FXGL.kt:634)
	at com.almasb.fxgl.all@17.2/com.almasb.fxgl.dsl.FXGL.setLevelFromMap(FXGL.kt)
	at CSC1004java/testPackage.McDonalismApp.initGame(McDonalismApp.java:78)
	at com.almasb.fxgl.all@17.2/com.almasb.fxgl.app.FXGLApplication$InitAppTask.initGame(FXGLApplication.kt:339)
	at com.almasb.fxgl.all@17.2/com.almasb.fxgl.app.FXGLApplication$InitAppTask.call(FXGLApplication.kt:319)
	at com.almasb.fxgl.all@17.2/com.almasb.fxgl.app.FXGLApplication$InitAppTask.call(FXGLApplication.kt:311)
	at javafx.graphics@18/javafx.concurrent.Task$TaskCallable.call(Task.java:1426)
	at java.base/java.util.concurrent.FutureTask.run(FutureTask.java:264)
	at java.base/java.util.concurrent.Executors$RunnableAdapter.call(Executors.java:539)
	at java.base/java.util.concurrent.FutureTask.run(FutureTask.java:264)
	at java.base/java.util.concurrent.ThreadPoolExecutor.runWorker(ThreadPoolExecutor.java:1136)
	at java.base/java.util.concurrent.ThreadPoolExecutor$Worker.run(ThreadPoolExecutor.java:635)
	at java.base/java.lang.Thread.run(Thread.java:833)

23:12:18.500 [FXGL Background Thread 2 ] DEBUG TMXLevelLoader       - Creating object layer entities
23:12:18.522 [FXGL Background Thread 2 ] DEBUG GameWorld            - Clearing removable entities
23:12:18.522 [FXGL Background Thread 2 ] DEBUG GameWorld            - Setting level: com.almasb.fxgl.entity.level.Level@1d14e170
23:12:18.535 [FXGL Background Thread 2 ] INFO  FXGLApplication      - Game initialization took: 0.395 sec
23:12:18.536 [JavaFX Application Thread] DEBUG Input                - Clearing active input actions
23:12:18.539 [JavaFX Application Thread] DEBUG GameApplicationServi - Removing overlay from FXGLLoadingScene and adding to GameScene
23:12:18.539 [JavaFX Application Thread] DEBUG PrimaryStageWindow   - FXGLLoadingScene -> GameScene
23:12:18.763 [FXGL Background Thread 3 ] DEBUG Engine               - Logging environment variables
23:12:18.764 [FXGL Background Thread 3 ] DEBUG Engine               - achievements: []
23:12:18.764 [FXGL Background Thread 3 ] DEBUG Engine               - actualHeight: 800.0
23:12:18.764 [FXGL Background Thread 3 ] DEBUG Engine               - actualHeightProperty: ReadOnlyDoubleProperty [value: 800.0]
23:12:18.764 [FXGL Background Thread 3 ] DEBUG Engine               - actualWidth: 800.0
23:12:18.764 [FXGL Background Thread 3 ] DEBUG Engine               - actualWidthProperty: ReadOnlyDoubleProperty [value: 800.0]
23:12:18.764 [FXGL Background Thread 3 ] DEBUG Engine               - appIcon: fxgl_icon.png
23:12:18.764 [FXGL Background Thread 3 ] DEBUG Engine               - applicationMode: DEVELOPER
23:12:18.764 [FXGL Background Thread 3 ] DEBUG Engine               - cSSList: [fxgl_dark.css]
23:12:18.764 [FXGL Background Thread 3 ] DEBUG Engine               - collisionDetectionStrategy: BRUTE_FORCE
23:12:18.764 [FXGL Background Thread 3 ] DEBUG Engine               - configClass: Optional.empty
23:12:18.764 [FXGL Background Thread 3 ] DEBUG Engine               - credits: []
23:12:18.764 [FXGL Background Thread 3 ] DEBUG Engine               - defaultCursor: CursorInfo(imageName=fxgl_default_cursor.png, hotspotX=7.0, hotspotY=6.0)
23:12:18.765 [FXGL Background Thread 3 ] DEBUG Engine               - devBBoxColorProperty: ObjectProperty [value: 0xff0000ff]
23:12:18.765 [FXGL Background Thread 3 ] DEBUG Engine               - devEnableDebugCameraProperty: BooleanProperty [value: false]
23:12:18.765 [FXGL Background Thread 3 ] DEBUG Engine               - devSensorColorProperty: ObjectProperty [value: 0xffff00ff]
23:12:18.765 [FXGL Background Thread 3 ] DEBUG Engine               - devShowBBoxProperty: BooleanProperty [value: false]
23:12:18.765 [FXGL Background Thread 3 ] DEBUG Engine               - devShowPositionProperty: BooleanProperty [value: false]
23:12:18.765 [FXGL Background Thread 3 ] DEBUG Engine               - enabledMenuItems: []
23:12:18.765 [FXGL Background Thread 3 ] DEBUG Engine               - engineServices: [class com.almasb.fxgl.app.services.FXGLAssetLoaderService, class com.almasb.fxgl.app.FXGLApplication$GameApplicationService, class com.almasb.fxgl.app.services.FXGLDialogService, class com.almasb.fxgl.app.services.IOTaskExecutorService, class com.almasb.fxgl.io.FileSystemService, class com.almasb.fxgl.localization.LocalizationService, class com.almasb.fxgl.app.services.SystemBundleService, class com.almasb.fxgl.profile.SaveLoadService, class com.almasb.fxgl.ui.FXGLUIFactoryServiceProvider, class com.almasb.fxgl.ui.FXGLDialogFactoryServiceProvider, class com.almasb.fxgl.audio.AudioPlayer, class com.almasb.fxgl.notification.impl.NotificationServiceProvider, class com.almasb.fxgl.achievement.AchievementService, class com.almasb.fxgl.cutscene.CutsceneService, class com.almasb.fxgl.minigames.MiniGameService, class com.almasb.fxgl.net.NetService, class com.almasb.fxgl.app.services.UpdaterService, class com.almasb.fxgl.dev.DevService]
23:12:18.765 [FXGL Background Thread 3 ] DEBUG Engine               - fontGame: Abel-Regular.ttf
23:12:18.765 [FXGL Background Thread 3 ] DEBUG Engine               - fontMono: TerminalLandMono-Regular.otf
23:12:18.765 [FXGL Background Thread 3 ] DEBUG Engine               - fontText: Courier-Prime.ttf
23:12:18.765 [FXGL Background Thread 3 ] DEBUG Engine               - fontUI: VarelaRound-Regular.ttf
23:12:18.765 [FXGL Background Thread 3 ] DEBUG Engine               - fullScreen: BooleanProperty [value: false]
23:12:18.765 [FXGL Background Thread 3 ] DEBUG Engine               - gameDifficulty: MEDIUM
23:12:18.765 [FXGL Background Thread 3 ] DEBUG Engine               - gameDifficultyProperty: ObjectProperty [value: MEDIUM]
23:12:18.765 [FXGL Background Thread 3 ] DEBUG Engine               - globalMusicVolume: 0.5
23:12:18.765 [FXGL Background Thread 3 ] DEBUG Engine               - globalMusicVolumeProperty: DoubleProperty [value: 0.5]
23:12:18.765 [FXGL Background Thread 3 ] DEBUG Engine               - globalSoundVolume: 0.5
23:12:18.765 [FXGL Background Thread 3 ] DEBUG Engine               - globalSoundVolumeProperty: DoubleProperty [value: 0.5]
23:12:18.765 [FXGL Background Thread 3 ] DEBUG Engine               - height: 800
23:12:18.765 [FXGL Background Thread 3 ] DEBUG Engine               - is3D: false
23:12:18.765 [FXGL Background Thread 3 ] DEBUG Engine               - isAndroid: false
23:12:18.765 [FXGL Background Thread 3 ] DEBUG Engine               - isBrowser: false
23:12:18.765 [FXGL Background Thread 3 ] DEBUG Engine               - isClickFeedbackEnabled: false
23:12:18.765 [FXGL Background Thread 3 ] DEBUG Engine               - isCloseConfirmation: false
23:12:18.765 [FXGL Background Thread 3 ] DEBUG Engine               - isDesktop: true
23:12:18.765 [FXGL Background Thread 3 ] DEBUG Engine               - isDeveloperMenuEnabled: false
23:12:18.766 [FXGL Background Thread 3 ] DEBUG Engine               - isEmbedded: false
23:12:18.766 [FXGL Background Thread 3 ] DEBUG Engine               - isEntityPreloadEnabled: true
23:12:18.766 [FXGL Background Thread 3 ] DEBUG Engine               - isExperimentalTiledLargeMap: false
23:12:18.766 [FXGL Background Thread 3 ] DEBUG Engine               - isFileSystemWriteAllowed: true
23:12:18.766 [FXGL Background Thread 3 ] DEBUG Engine               - isFullScreenAllowed: false
23:12:18.766 [FXGL Background Thread 3 ] DEBUG Engine               - isFullScreenFromStart: false
23:12:18.766 [FXGL Background Thread 3 ] DEBUG Engine               - isGameMenuEnabled: true
23:12:18.766 [FXGL Background Thread 3 ] DEBUG Engine               - isIOS: false
23:12:18.766 [FXGL Background Thread 3 ] DEBUG Engine               - isIntroEnabled: false
23:12:18.766 [FXGL Background Thread 3 ] DEBUG Engine               - isLinux: false
23:12:18.766 [FXGL Background Thread 3 ] DEBUG Engine               - isMac: true
23:12:18.766 [FXGL Background Thread 3 ] DEBUG Engine               - isMainMenuEnabled: true
23:12:18.766 [FXGL Background Thread 3 ] DEBUG Engine               - isManualResizeEnabled: true
23:12:18.766 [FXGL Background Thread 3 ] DEBUG Engine               - isMobile: false
23:12:18.766 [FXGL Background Thread 3 ] DEBUG Engine               - isNative: false
23:12:18.766 [FXGL Background Thread 3 ] DEBUG Engine               - isPauseMusicWhenMinimized: true
23:12:18.766 [FXGL Background Thread 3 ] DEBUG Engine               - isPreserveResizeRatio: true
23:12:18.766 [FXGL Background Thread 3 ] DEBUG Engine               - isProfilingEnabled: false
23:12:18.766 [FXGL Background Thread 3 ] DEBUG Engine               - isScaleAffectedOnResize: true
23:12:18.766 [FXGL Background Thread 3 ] DEBUG Engine               - isSingleStep: false
23:12:18.766 [FXGL Background Thread 3 ] DEBUG Engine               - isUserProfileEnabled: false
23:12:18.766 [FXGL Background Thread 3 ] DEBUG Engine               - isWindows: false
23:12:18.766 [FXGL Background Thread 3 ] DEBUG Engine               - language: ObjectProperty [value: ENGLISH]
23:12:18.766 [FXGL Background Thread 3 ] DEBUG Engine               - menuKey: ESCAPE
23:12:18.766 [FXGL Background Thread 3 ] DEBUG Engine               - mouseSensitivity: 0.2
23:12:18.766 [FXGL Background Thread 3 ] DEBUG Engine               - notificationViewClass: class com.almasb.fxgl.notification.view.XboxNotificationView
23:12:18.766 [FXGL Background Thread 3 ] DEBUG Engine               - pixelsPerMeter: 50.0
23:12:18.766 [FXGL Background Thread 3 ] DEBUG Engine               - platform: MAC
23:12:18.766 [FXGL Background Thread 3 ] DEBUG Engine               - prefHeightProperty: ReadOnlyDoubleProperty [value: 800.0]
23:12:18.766 [FXGL Background Thread 3 ] DEBUG Engine               - prefWidthProperty: ReadOnlyDoubleProperty [value: 800.0]
23:12:18.766 [FXGL Background Thread 3 ] DEBUG Engine               - profileDir: profiles/
23:12:18.766 [FXGL Background Thread 3 ] DEBUG Engine               - profileName: StringProperty [value: DEFAULT]
23:12:18.766 [FXGL Background Thread 3 ] DEBUG Engine               - randomSeed: -1
23:12:18.767 [FXGL Background Thread 3 ] DEBUG Engine               - runtimeInfo: RuntimeInfo(platform=MAC, version=17.2, build=20.08.2022 16.50)
23:12:18.767 [FXGL Background Thread 3 ] DEBUG Engine               - saveFileExt: sav
23:12:18.767 [FXGL Background Thread 3 ] DEBUG Engine               - scaledHeightProp$fxgl: DoubleProperty [bound, value: 800.0]
23:12:18.767 [FXGL Background Thread 3 ] DEBUG Engine               - scaledWidthProp$fxgl: DoubleProperty [bound, value: 800.0]
23:12:18.767 [FXGL Background Thread 3 ] DEBUG Engine               - sceneFactory: com.almasb.fxgl.app.scene.SceneFactory@4512d16d
23:12:18.767 [FXGL Background Thread 3 ] DEBUG Engine               - secondsIn24h: 60
23:12:18.767 [FXGL Background Thread 3 ] DEBUG Engine               - soundMenuBack: menu/back.wav
23:12:18.767 [FXGL Background Thread 3 ] DEBUG Engine               - soundMenuPress: menu/press.wav
23:12:18.767 [FXGL Background Thread 3 ] DEBUG Engine               - soundMenuSelect: menu/select.wav
23:12:18.767 [FXGL Background Thread 3 ] DEBUG Engine               - soundNotification: core/notification.wav
23:12:18.767 [FXGL Background Thread 3 ] DEBUG Engine               - stageStyle: DECORATED
23:12:18.767 [FXGL Background Thread 3 ] DEBUG Engine               - supportedLanguages: [ENGLISH, FRENCH, GERMAN, HUNGARIAN, RUSSIAN]
23:12:18.767 [FXGL Background Thread 3 ] DEBUG Engine               - ticksPerSecond: -1
23:12:18.767 [FXGL Background Thread 3 ] DEBUG Engine               - title: McDonalism
23:12:18.767 [FXGL Background Thread 3 ] DEBUG Engine               - urlGithub: https://github.com/AlmasB/FXGL
23:12:18.767 [FXGL Background Thread 3 ] DEBUG Engine               - urlLeaderboard: http://fxgl-top.herokuapp.com/
23:12:18.767 [FXGL Background Thread 3 ] DEBUG Engine               - urlPOM: https://raw.githubusercontent.com/AlmasB/FXGL/release/README.md
23:12:18.767 [FXGL Background Thread 3 ] DEBUG Engine               - userAppClass: class testPackage.McDonalismApp
23:12:18.767 [FXGL Background Thread 3 ] DEBUG Engine               - version: 0.1
23:12:18.767 [FXGL Background Thread 3 ] DEBUG Engine               - versionCheckDays: 7
23:12:18.767 [FXGL Background Thread 3 ] DEBUG Engine               - width: 800
23:12:18.767 [FXGL Background Thread 3 ] DEBUG Engine               - Logging services
23:12:18.767 [FXGL Background Thread 3 ] DEBUG Engine               - class com.almasb.fxgl.app.services.FXGLAssetLoaderService
23:12:18.767 [FXGL Background Thread 3 ] DEBUG Engine               - class com.almasb.fxgl.app.FXGLApplication$GameApplicationService
23:12:18.767 [FXGL Background Thread 3 ] DEBUG Engine               - class com.almasb.fxgl.app.services.FXGLDialogService
23:12:18.767 [FXGL Background Thread 3 ] DEBUG Engine               - class com.almasb.fxgl.app.services.IOTaskExecutorService
23:12:18.767 [FXGL Background Thread 3 ] DEBUG Engine               - class com.almasb.fxgl.io.FileSystemService
23:12:18.767 [FXGL Background Thread 3 ] DEBUG Engine               - class com.almasb.fxgl.localization.LocalizationService
23:12:18.767 [FXGL Background Thread 3 ] DEBUG Engine               - class com.almasb.fxgl.app.services.SystemBundleService
23:12:18.767 [FXGL Background Thread 3 ] DEBUG Engine               - class com.almasb.fxgl.profile.SaveLoadService
23:12:18.767 [FXGL Background Thread 3 ] DEBUG Engine               - class com.almasb.fxgl.ui.FXGLUIFactoryServiceProvider
23:12:18.767 [FXGL Background Thread 3 ] DEBUG Engine               - class com.almasb.fxgl.ui.FXGLDialogFactoryServiceProvider
23:12:18.767 [FXGL Background Thread 3 ] DEBUG Engine               - class com.almasb.fxgl.audio.AudioPlayer
23:12:18.767 [FXGL Background Thread 3 ] DEBUG Engine               - class com.almasb.fxgl.notification.impl.NotificationServiceProvider
23:12:18.767 [FXGL Background Thread 3 ] DEBUG Engine               - class com.almasb.fxgl.achievement.AchievementService
23:12:18.767 [FXGL Background Thread 3 ] DEBUG Engine               - class com.almasb.fxgl.cutscene.CutsceneService
23:12:18.767 [FXGL Background Thread 3 ] DEBUG Engine               - class com.almasb.fxgl.minigames.MiniGameService
23:12:18.767 [FXGL Background Thread 3 ] DEBUG Engine               - class com.almasb.fxgl.net.NetService
23:12:18.767 [FXGL Background Thread 3 ] DEBUG Engine               - class com.almasb.fxgl.app.services.UpdaterService
23:12:18.767 [FXGL Background Thread 3 ] DEBUG Engine               - class com.almasb.fxgl.dev.DevService
23:12:19.373 [JavaFX Application Thread] DEBUG FXGLAssetLoaderServi - Loading from file system: file:/Users/meo/Desktop/CSC1004/javaproject/CSC1004java/target/classes/assets/textures/brick.png
23:12:19.422 [JavaFX Application Thread] DEBUG FXGLAssetLoaderServi - Loading from file system: file:/Users/meo/Desktop/CSC1004/javaproject/CSC1004java/target/classes/assets/sounds/gunfire.wav
23:12:26.738 [JavaFX Application Thread] DEBUG PrimaryStageWindow   - Push state: FXGLDefaultMenu
23:12:26.738 [JavaFX Application Thread] DEBUG Input                - Clearing active input actions
23:12:26.738 [JavaFX Application Thread] DEBUG GameApplicationServi - Removing overlay from GameScene and adding to FXGLDefaultMenu
23:12:26.738 [JavaFX Application Thread] DEBUG PrimaryStageWindow   - GameScene -> FXGLDefaultMenu
23:12:27.695 [JavaFX Application Thread] DEBUG Menu                 - fireExitToMainMenu()
23:12:27.696 [JavaFX Application Thread] DEBUG PrimaryStageWindow   - Push state: DialogSubScene
23:12:27.696 [JavaFX Application Thread] DEBUG Input                - Clearing active input actions
23:12:27.696 [JavaFX Application Thread] DEBUG GameApplicationServi - Removing overlay from FXGLDefaultMenu and adding to DialogSubScene
23:12:27.697 [JavaFX Application Thread] DEBUG PrimaryStageWindow   - FXGLDefaultMenu -> DialogSubScene
23:12:28.453 [JavaFX Application Thread] DEBUG PrimaryStageWindow   - Pop state: DialogSubScene
23:12:28.453 [JavaFX Application Thread] DEBUG Input                - Clearing active input actions
23:12:28.454 [JavaFX Application Thread] DEBUG GameApplicationServi - Removing overlay from DialogSubScene and adding to FXGLDefaultMenu
23:12:28.454 [JavaFX Application Thread] DEBUG PrimaryStageWindow   - FXGLDefaultMenu <- DialogSubScene
23:12:28.454 [JavaFX Application Thread] DEBUG PrimaryStageWindow   - Pop state: FXGLDefaultMenu
23:12:28.454 [JavaFX Application Thread] DEBUG Input                - Clearing active input actions
23:12:28.455 [JavaFX Application Thread] DEBUG GameApplicationServi - Removing overlay from FXGLDefaultMenu and adding to GameScene
23:12:28.455 [JavaFX Application Thread] DEBUG PrimaryStageWindow   - GameScene <- FXGLDefaultMenu
23:12:28.455 [JavaFX Application Thread] DEBUG Input                - Clearing active input actions
23:12:28.462 [JavaFX Application Thread] DEBUG GameApplicationServi - Removing overlay from GameScene and adding to FXGLMainMenuDummyScene
23:12:28.462 [JavaFX Application Thread] DEBUG PrimaryStageWindow   - GameScene -> FXGLMainMenuDummyScene
23:12:28.462 [JavaFX Application Thread] DEBUG PrimaryStageWindow   - Push state: FXGLDefaultMenu
23:12:28.462 [JavaFX Application Thread] DEBUG Input                - Clearing active input actions
23:12:28.463 [JavaFX Application Thread] DEBUG GameApplicationServi - Removing overlay from FXGLMainMenuDummyScene and adding to FXGLDefaultMenu
23:12:28.463 [JavaFX Application Thread] DEBUG PrimaryStageWindow   - FXGLMainMenuDummyScene -> FXGLDefaultMenu
23:12:30.766 [JavaFX Application Thread] DEBUG Menu                 - fireExit()
23:12:30.766 [JavaFX Application Thread] DEBUG PrimaryStageWindow   - Push state: DialogSubScene
23:12:30.766 [JavaFX Application Thread] DEBUG Input                - Clearing active input actions
23:12:30.767 [JavaFX Application Thread] DEBUG GameApplicationServi - Removing overlay from FXGLDefaultMenu and adding to DialogSubScene
23:12:30.767 [JavaFX Application Thread] DEBUG PrimaryStageWindow   - FXGLDefaultMenu -> DialogSubScene
23:12:31.594 [JavaFX Application Thread] DEBUG PrimaryStageWindow   - Pop state: DialogSubScene
23:12:31.594 [JavaFX Application Thread] DEBUG Input                - Clearing active input actions
23:12:31.594 [JavaFX Application Thread] DEBUG GameApplicationServi - Removing overlay from DialogSubScene and adding to FXGLDefaultMenu
23:12:31.594 [JavaFX Application Thread] DEBUG PrimaryStageWindow   - FXGLDefaultMenu <- DialogSubScene
23:12:31.594 [JavaFX Application Thread] DEBUG FXGLApplication      - Exiting FXGL
23:12:31.594 [JavaFX Application Thread] DEBUG LoopRunner           - Stopping loop
23:12:31.594 [JavaFX Application Thread] DEBUG SystemBundleService  - Saving FXGL system data
23:12:31.596 [JavaFX Application Thread] DEBUG FileSystemAccess     - Writing to: /Users/meo/Desktop/CSC1004/javaproject/CSC1004java/system/fxgl.bundle
23:12:31.598 [JavaFX Application Thread] DEBUG Async                - Shutting down background threads
23:12:31.598 [JavaFX Application Thread] DEBUG PrimaryStageWindow   - Closing main window
23:12:31.604 [JavaFX Application Thread] DEBUG Logger               - Closing Logger
