15:30:14.313 [main                     ] DEBUG Logger               - Configured Logger
15:30:14.328 [main                     ] DEBUG GameApplication      - Logging settings
Title: McDonalism
Version: 0.8
Width: 720
Height: 540
Fullscreen: false
Intro: false
Profiling: false
Single step:false
App Mode: DEVELOPER
Menu Key: ESCAPE
Stage Style: DECORATED
Scene Factory: class testPackage.McDonalismApp$1

15:30:14.575 [JavaFX Application Thread] DEBUG FXGLApplication      - Initializing FXGL
15:30:14.578 [JavaFX Application Thread] INFO  Engine               - FXGL-17.3 (30.03.2023 11.49) on MAC (J:17.0.6 FX:20)
15:30:14.579 [JavaFX Application Thread] DEBUG Engine               - JRE Vendor Name: Amazon.com Inc.
15:30:14.579 [JavaFX Application Thread] DEBUG Engine               - Running on OS: Mac OS X version 13.2.1
15:30:14.579 [JavaFX Application Thread] DEBUG Engine               - Architecture: aarch64
15:30:14.579 [JavaFX Application Thread] INFO  Engine               - Source code and latest versions at: https://github.com/AlmasB/FXGL
15:30:14.579 [JavaFX Application Thread] INFO  Engine               -       Ask questions and discuss at: https://github.com/AlmasB/FXGL/discussions
15:30:14.579 [JavaFX Application Thread] INFO  Engine               -              Join the FXGL chat at: https://gitter.im/AlmasB/FXGL
15:30:14.634 [JavaFX Application Thread] DEBUG PrimaryStageWindow   - Creating a JavaFX scene
15:30:14.658 [JavaFX Application Thread] DEBUG PrimaryStageWindow   - Target settings size: 720.0 x 540.0
15:30:14.658 [JavaFX Application Thread] DEBUG PrimaryStageWindow   - Scaled scene size:    720.0 x 540.0
15:30:14.658 [JavaFX Application Thread] DEBUG PrimaryStageWindow   - Scaled ratio: (1.0, 1.0)
15:30:14.659 [JavaFX Application Thread] DEBUG PrimaryStageWindow   - Set initial scene to M_StartupScene
15:30:14.660 [JavaFX Application Thread] DEBUG PrimaryStageWindow   - Opening main window
15:30:14.728 [JavaFX Application Thread] DEBUG PrimaryStageWindow   - Window border size: (0.0, 28.0)
15:30:14.728 [JavaFX Application Thread] DEBUG PrimaryStageWindow   - Scaled size: 720.0 x 540.0
15:30:14.728 [JavaFX Application Thread] DEBUG PrimaryStageWindow   - Scaled ratio: (1.0, 1.0)
15:30:14.728 [JavaFX Application Thread] DEBUG PrimaryStageWindow   - Scene size: 720.0 x 540.0
15:30:14.728 [JavaFX Application Thread] DEBUG PrimaryStageWindow   - Stage size: 720.0 x 568.0
15:30:14.732 [FXGL Background Thread 1 ] DEBUG Engine               - Initializing environment variables
15:30:14.745 [FXGL Background Thread 1 ] DEBUG FXGLAssetLoaderServi - User app class for loading assets: class testPackage.McDonalismApp
15:30:14.745 [FXGL Background Thread 1 ] DEBUG GameApplicationServi - Applying CSS: fxgl_dark.css
15:30:14.745 [FXGL Background Thread 1 ] DEBUG FXGLAssetLoaderServi - Loading from file system: jar:file:///Users/meo/.m2/repository/com/github/almasb/fxgl/17.3/fxgl-17.3.jar!/fxglassets/ui/css/fxgl_dark.css
15:30:14.773 [FXGL Background Thread 1 ] DEBUG GameApplicationServi - Initializing application scenes
15:30:14.970 [FXGL Background Thread 1 ] DEBUG GameWorld            - Game world initialized
15:30:15.000 [FXGL Background Thread 1 ] DEBUG PhysicsWorld         - Physics world initialized: appHeight=540, physics.ppm=50.0
15:30:15.000 [FXGL Background Thread 1 ] DEBUG PhysicsWorld         - Using strategy: BRUTE_FORCE
15:30:15.002 [FXGL Background Thread 1 ] DEBUG GameScene            - Game scene initialized: 720x540
15:30:15.034 [FXGL Background Thread 1 ] DEBUG FXGLAssetLoaderServi - Loading from file system: file:/Users/meo/Desktop/CSC1004/javaproject/CSC1004java/target/classes/assets/textures/ui/ui_heroIcon_random.png
15:30:15.038 [FXGL Background Thread 1 ] DEBUG FXGLAssetLoaderServi - Loading from file system: file:/Users/meo/Desktop/CSC1004/javaproject/CSC1004java/target/classes/assets/textures/ui/ui_heroIcon_m.png
15:30:15.043 [FXGL Background Thread 1 ] DEBUG FXGLAssetLoaderServi - Loading from file system: file:/Users/meo/Desktop/CSC1004/javaproject/CSC1004java/target/classes/assets/textures/ui/ui_heroIcon_k.png
15:30:15.045 [FXGL Background Thread 1 ] DEBUG FXGLAssetLoaderServi - Loading from file system: file:/Users/meo/Desktop/CSC1004/javaproject/CSC1004java/target/classes/assets/textures/ui/ui_heroIcon_w.png
15:30:15.047 [FXGL Background Thread 1 ] DEBUG FXGLAssetLoaderServi - Loading from file system: file:/Users/meo/Desktop/CSC1004/javaproject/CSC1004java/target/classes/assets/textures/ui/M_logo.png
15:30:15.138 [FXGL Background Thread 1 ] DEBUG FXGLAssetLoaderServi - Loading from file system: file:/Users/meo/Desktop/CSC1004/javaproject/CSC1004java/target/classes/assets/textures/ui/background.png
15:30:15.145 [FXGL Background Thread 1 ] DEBUG FXGLAssetLoaderServi - Loading from file system: file:/Users/meo/Desktop/CSC1004/javaproject/CSC1004java/target/classes/assets/textures/ui/ui_hero_pane.png
15:30:15.147 [FXGL Background Thread 1 ] DEBUG FXGLAssetLoaderServi - Loading from file system: file:/Users/meo/Desktop/CSC1004/javaproject/CSC1004java/target/classes/assets/textures/ui/ui_heroes_pane.png
15:30:15.149 [FXGL Background Thread 1 ] DEBUG FXGLAssetLoaderServi - Loading from file system: file:/Users/meo/Desktop/CSC1004/javaproject/CSC1004java/target/classes/assets/textures/ui/ui_preHero_pane.png
15:30:15.151 [FXGL Background Thread 1 ] DEBUG FXGLAssetLoaderServi - Loading from file system: file:/Users/meo/Desktop/CSC1004/javaproject/CSC1004java/target/classes/assets/textures/ui/ui_main_pane.png
15:30:15.152 [FXGL Background Thread 1 ] DEBUG FXGLAssetLoaderServi - Loading from file system: file:/Users/meo/Desktop/CSC1004/javaproject/CSC1004java/target/classes/assets/textures/ui/ui_login_pane.png
15:30:15.154 [FXGL Background Thread 1 ] DEBUG FXGLAssetLoaderServi - Loading from file system: file:/Users/meo/Desktop/CSC1004/javaproject/CSC1004java/target/classes/assets/textures/ui/ui_signUp_pane.png
15:30:15.159 [FXGL Background Thread 1 ] DEBUG FXGLAssetLoaderServi - Loading from file system: file:/Users/meo/Desktop/CSC1004/javaproject/CSC1004java/target/classes/assets/textures/ui/ui_back_idle.png
15:30:15.160 [FXGL Background Thread 1 ] DEBUG FXGLAssetLoaderServi - Loading from file system: file:/Users/meo/Desktop/CSC1004/javaproject/CSC1004java/target/classes/assets/textures/ui/ui_back_hover.png
15:30:15.161 [FXGL Background Thread 1 ] DEBUG FXGLAssetLoaderServi - Loading from file system: file:/Users/meo/Desktop/CSC1004/javaproject/CSC1004java/target/classes/assets/textures/ui/ui_back_confirm.png
15:30:15.162 [FXGL Background Thread 1 ] DEBUG FXGLAssetLoaderServi - Loading from file system: file:/Users/meo/Desktop/CSC1004/javaproject/CSC1004java/target/classes/assets/textures/ui/ui_start_idle.png
15:30:15.163 [FXGL Background Thread 1 ] DEBUG FXGLAssetLoaderServi - Loading from file system: file:/Users/meo/Desktop/CSC1004/javaproject/CSC1004java/target/classes/assets/textures/ui/ui_start_hover.png
15:30:15.164 [FXGL Background Thread 1 ] DEBUG FXGLAssetLoaderServi - Loading from file system: file:/Users/meo/Desktop/CSC1004/javaproject/CSC1004java/target/classes/assets/textures/ui/ui_start_confirm.png
15:30:15.165 [FXGL Background Thread 1 ] DEBUG FXGLAssetLoaderServi - Loading from file system: file:/Users/meo/Desktop/CSC1004/javaproject/CSC1004java/target/classes/assets/textures/ui/ui_left_idle.png
15:30:15.165 [FXGL Background Thread 1 ] DEBUG FXGLAssetLoaderServi - Loading from file system: file:/Users/meo/Desktop/CSC1004/javaproject/CSC1004java/target/classes/assets/textures/ui/ui_left_hover.png
15:30:15.165 [FXGL Background Thread 1 ] DEBUG FXGLAssetLoaderServi - Loading from file system: file:/Users/meo/Desktop/CSC1004/javaproject/CSC1004java/target/classes/assets/textures/ui/ui_left_confirm.png
15:30:15.166 [FXGL Background Thread 1 ] DEBUG FXGLAssetLoaderServi - Loading from file system: file:/Users/meo/Desktop/CSC1004/javaproject/CSC1004java/target/classes/assets/textures/ui/ui_right_idle.png
15:30:15.167 [FXGL Background Thread 1 ] DEBUG FXGLAssetLoaderServi - Loading from file system: file:/Users/meo/Desktop/CSC1004/javaproject/CSC1004java/target/classes/assets/textures/ui/ui_right_hover.png
15:30:15.167 [FXGL Background Thread 1 ] DEBUG FXGLAssetLoaderServi - Loading from file system: file:/Users/meo/Desktop/CSC1004/javaproject/CSC1004java/target/classes/assets/textures/ui/ui_right_confirm.png
15:30:15.173 [FXGL Background Thread 1 ] DEBUG FXGLAssetLoaderServi - Loading from file system: file:/Users/meo/Desktop/CSC1004/javaproject/CSC1004java/target/classes/assets/textures/ui/ui_single_idle.png
15:30:15.173 [FXGL Background Thread 1 ] DEBUG FXGLAssetLoaderServi - Loading from file system: file:/Users/meo/Desktop/CSC1004/javaproject/CSC1004java/target/classes/assets/textures/ui/ui_single_hover.png
15:30:15.174 [FXGL Background Thread 1 ] DEBUG FXGLAssetLoaderServi - Loading from file system: file:/Users/meo/Desktop/CSC1004/javaproject/CSC1004java/target/classes/assets/textures/ui/ui_single_confirm.png
15:30:15.175 [FXGL Background Thread 1 ] DEBUG FXGLAssetLoaderServi - Loading from file system: file:/Users/meo/Desktop/CSC1004/javaproject/CSC1004java/target/classes/assets/textures/ui/ui_multi_idle.png
15:30:15.176 [FXGL Background Thread 1 ] DEBUG FXGLAssetLoaderServi - Loading from file system: file:/Users/meo/Desktop/CSC1004/javaproject/CSC1004java/target/classes/assets/textures/ui/ui_multi_hover.png
15:30:15.176 [FXGL Background Thread 1 ] DEBUG FXGLAssetLoaderServi - Loading from file system: file:/Users/meo/Desktop/CSC1004/javaproject/CSC1004java/target/classes/assets/textures/ui/ui_multi_confirm.png
15:30:15.177 [FXGL Background Thread 1 ] DEBUG FXGLAssetLoaderServi - Loading from file system: file:/Users/meo/Desktop/CSC1004/javaproject/CSC1004java/target/classes/assets/textures/ui/ui_play_idle.png
15:30:15.178 [FXGL Background Thread 1 ] DEBUG FXGLAssetLoaderServi - Loading from file system: file:/Users/meo/Desktop/CSC1004/javaproject/CSC1004java/target/classes/assets/textures/ui/ui_play_hover.png
15:30:15.180 [FXGL Background Thread 1 ] DEBUG FXGLAssetLoaderServi - Loading from file system: file:/Users/meo/Desktop/CSC1004/javaproject/CSC1004java/target/classes/assets/textures/ui/ui_play_confirm.png
15:30:15.181 [FXGL Background Thread 1 ] DEBUG FXGLAssetLoaderServi - Loading from file system: file:/Users/meo/Desktop/CSC1004/javaproject/CSC1004java/target/classes/assets/textures/ui/ui_options_idle.png
15:30:15.181 [FXGL Background Thread 1 ] DEBUG FXGLAssetLoaderServi - Loading from file system: file:/Users/meo/Desktop/CSC1004/javaproject/CSC1004java/target/classes/assets/textures/ui/ui_options_hover.png
15:30:15.182 [FXGL Background Thread 1 ] DEBUG FXGLAssetLoaderServi - Loading from file system: file:/Users/meo/Desktop/CSC1004/javaproject/CSC1004java/target/classes/assets/textures/ui/ui_options_confirm.png
15:30:15.183 [FXGL Background Thread 1 ] DEBUG FXGLAssetLoaderServi - Loading from file system: file:/Users/meo/Desktop/CSC1004/javaproject/CSC1004java/target/classes/assets/textures/ui/ui_exit_idle.png
15:30:15.183 [FXGL Background Thread 1 ] DEBUG FXGLAssetLoaderServi - Loading from file system: file:/Users/meo/Desktop/CSC1004/javaproject/CSC1004java/target/classes/assets/textures/ui/ui_exit_hover.png
15:30:15.184 [FXGL Background Thread 1 ] DEBUG FXGLAssetLoaderServi - Loading from file system: file:/Users/meo/Desktop/CSC1004/javaproject/CSC1004java/target/classes/assets/textures/ui/ui_exit_confirm.png
15:30:15.189 [FXGL Background Thread 1 ] DEBUG FXGLAssetLoaderServi - Loading from file system: file:/Users/meo/Desktop/CSC1004/javaproject/CSC1004java/target/classes/assets/textures/ui/inputField.png
15:30:15.191 [FXGL Background Thread 1 ] DEBUG FXGLAssetLoaderServi - Loading from file system: file:/Users/meo/Desktop/CSC1004/javaproject/CSC1004java/target/classes/assets/textures/ui/ui_signIn_idle.png
15:30:15.192 [FXGL Background Thread 1 ] DEBUG FXGLAssetLoaderServi - Loading from file system: file:/Users/meo/Desktop/CSC1004/javaproject/CSC1004java/target/classes/assets/textures/ui/ui_signIn_hover.png
15:30:15.192 [FXGL Background Thread 1 ] DEBUG FXGLAssetLoaderServi - Loading from file system: file:/Users/meo/Desktop/CSC1004/javaproject/CSC1004java/target/classes/assets/textures/ui/ui_signIn_confirm.png
15:30:15.193 [FXGL Background Thread 1 ] DEBUG FXGLAssetLoaderServi - Loading from file system: file:/Users/meo/Desktop/CSC1004/javaproject/CSC1004java/target/classes/assets/textures/ui/ui_signUp_idle.png
15:30:15.194 [FXGL Background Thread 1 ] DEBUG FXGLAssetLoaderServi - Loading from file system: file:/Users/meo/Desktop/CSC1004/javaproject/CSC1004java/target/classes/assets/textures/ui/ui_signUp_hover.png
15:30:15.197 [FXGL Background Thread 1 ] DEBUG FXGLAssetLoaderServi - Loading from file system: file:/Users/meo/Desktop/CSC1004/javaproject/CSC1004java/target/classes/assets/textures/ui/ui_signUp_confirm.png
15:30:15.203 [FXGL Background Thread 1 ] DEBUG FXGLAssetLoaderServi - Loading from file system: file:/Users/meo/Desktop/CSC1004/javaproject/CSC1004java/target/classes/assets/textures/ui/cursor.png
15:30:15.220 [FXGL Background Thread 1 ] WARN  FXGL.DefaultMenu     - FXGLDefaultMenu is not designed for resolutions < 800x600
15:30:15.220 [FXGL Background Thread 1 ] DEBUG FXGL.DefaultMenu     - createMenuBodyGameMenu()
15:30:15.232 [FXGL Background Thread 1 ] DEBUG FXGL.DefaultMenu     - createOptionsMenu()
15:30:15.248 [FXGL Background Thread 1 ] DEBUG FXGLAssetLoaderServi - Loading from file system: jar:file:///Users/meo/.m2/repository/com/github/almasb/fxgl/17.3/fxgl-17.3.jar!/fxglassets/textures/particles/smoke.png
15:30:15.320 [FXGL Background Thread 1 ] DEBUG FXGLAssetLoaderServi - Loading from file system: jar:file:///Users/meo/.m2/repository/com/github/almasb/fxgl/17.3/fxgl-17.3.jar!/fxglassets/textures/particles/trace_horizontal.png
15:30:15.329 [FXGL Background Thread 1 ] DEBUG GameApplicationServi - Application scenes initialized
15:30:15.341 [FXGL Background Thread 1 ] DEBUG SystemBundleService  - Loading FXGL system data
15:30:15.344 [FXGL Background Thread 1 ] DEBUG FileSystemAccess     - Reading from: /Users/meo/Desktop/CSC1004/javaproject/CSC1004java/system/fxgl.bundle
15:30:15.350 [FXGL Background Thread 1 ] DEBUG SystemBundleService  - Bundle FXGL: {}
15:30:15.350 [FXGL Background Thread 1 ] DEBUG UpdaterService       - Checking for updates
15:30:15.368 [FXGL Background Thread 4 ] DEBUG FXGLApplication      - Loading fonts
15:30:15.368 [FXGL Background Thread 4 ] DEBUG FXGLAssetLoaderServi - Loading from file system: file:/Users/meo/Desktop/CSC1004/javaproject/CSC1004java/target/classes/assets/ui/fonts/font.ttf
15:30:15.368 [FXGL Background Thread 1 ] DEBUG FXGLApplication      - Loading default localization
15:30:15.369 [FXGL Background Thread 1 ] DEBUG FXGLAssetLoaderServi - Loading from file system: jar:file:///Users/meo/.m2/repository/com/github/almasb/fxgl/17.3/fxgl-17.3.jar!/fxglassets/languages/english.lang
15:30:15.371 [JavaFX Application Thread] DEBUG FXGLApplication      - Registering font factories with UI factory
15:30:15.378 [FXGL Background Thread 1 ] INFO  FXGLApplication      - FXGL initialization took: 0.646 sec
15:30:15.381 [JavaFX Application Thread] DEBUG Input                - Registered new binding: Player1 Move Up - Up
15:30:15.382 [JavaFX Application Thread] DEBUG Input                - Registered new binding: Player1 Move Down - Down
15:30:15.382 [JavaFX Application Thread] DEBUG Input                - Registered new binding: Player1 Move Left - Left
15:30:15.382 [JavaFX Application Thread] DEBUG Input                - Registered new binding: Player1 Move Right - Right
15:30:15.382 [JavaFX Application Thread] DEBUG Input                - Registered new binding: Player or Player2 Move Up - W
15:30:15.382 [JavaFX Application Thread] DEBUG Input                - Registered new binding: Player or Player2 Move Down - S
15:30:15.382 [JavaFX Application Thread] DEBUG Input                - Registered new binding: Player or Player2 Move Left - A
15:30:15.382 [JavaFX Application Thread] DEBUG Input                - Registered new binding: Player or Player2 Move Right - D
15:30:15.382 [JavaFX Application Thread] DEBUG Input                - Registered new binding: Shoot - LMB
15:30:15.382 [JavaFX Application Thread] DEBUG Input                - Registered new binding: Left Punch/Summon - J
15:30:15.382 [JavaFX Application Thread] DEBUG Input                - Registered new binding: Right Punch/Recover - K
15:30:15.382 [JavaFX Application Thread] DEBUG FXGLAssetLoaderServi - Loading from file system: file:/Users/meo/Desktop/CSC1004/javaproject/CSC1004java/target/classes/assets/music/Crypteque1.mp3
15:30:15.385 [JavaFX Application Thread] DEBUG FXGLAssetLoaderServi - Loading from file system: file:/Users/meo/Desktop/CSC1004/javaproject/CSC1004java/target/classes/assets/sounds/gunfire.wav
15:30:15.391 [JavaFX Application Thread] DEBUG FXGLAssetLoaderServi - Loading from file system: file:/Users/meo/Desktop/CSC1004/javaproject/CSC1004java/target/classes/assets/sounds/M_hurt.wav
15:30:15.392 [JavaFX Application Thread] DEBUG FXGLAssetLoaderServi - Loading from file system: file:/Users/meo/Desktop/CSC1004/javaproject/CSC1004java/target/classes/assets/sounds/M_die.wav
15:30:15.394 [JavaFX Application Thread] DEBUG FXGLAssetLoaderServi - Loading from file system: file:/Users/meo/Desktop/CSC1004/javaproject/CSC1004java/target/classes/assets/sounds/W_hurt.wav
15:30:15.395 [JavaFX Application Thread] DEBUG FXGLAssetLoaderServi - Loading from file system: file:/Users/meo/Desktop/CSC1004/javaproject/CSC1004java/target/classes/assets/sounds/W_die.wav
15:30:15.396 [JavaFX Application Thread] DEBUG FXGLAssetLoaderServi - Loading from file system: file:/Users/meo/Desktop/CSC1004/javaproject/CSC1004java/target/classes/assets/sounds/K_hurt.wav
15:30:15.397 [JavaFX Application Thread] DEBUG FXGLAssetLoaderServi - Loading from file system: file:/Users/meo/Desktop/CSC1004/javaproject/CSC1004java/target/classes/assets/sounds/K_die.wav
15:30:15.399 [JavaFX Application Thread] DEBUG FXGLAssetLoaderServi - Loading from file system: file:/Users/meo/Desktop/CSC1004/javaproject/CSC1004java/target/classes/assets/sounds/enemy_die.wav
15:30:15.400 [JavaFX Application Thread] DEBUG FXGLAssetLoaderServi - Loading from file system: file:/Users/meo/Desktop/CSC1004/javaproject/CSC1004java/target/classes/assets/sounds/hover.wav
15:30:15.401 [JavaFX Application Thread] DEBUG FXGLAssetLoaderServi - Loading from file system: file:/Users/meo/Desktop/CSC1004/javaproject/CSC1004java/target/classes/assets/sounds/confirm.wav
15:30:15.409 [JavaFX Application Thread] DEBUG Input                - Registered new binding: Screenshot - CTRL+8
15:30:15.409 [JavaFX Application Thread] DEBUG Input                - Registered new binding: Dev Options - 1
15:30:15.409 [JavaFX Application Thread] DEBUG Input                - Registered new binding: Dev Console - 2
15:30:15.409 [JavaFX Application Thread] DEBUG Input                - Registered new binding: System info dump - CTRL+9
15:30:15.409 [JavaFX Application Thread] DEBUG Input                - Registered new binding: Restart - CTRL+R
15:30:15.409 [JavaFX Application Thread] DEBUG Input                - Registered new binding: Toggle Debug Camera - CTRL+7
15:30:15.410 [JavaFX Application Thread] DEBUG LoopRunner           - Starting loop
15:30:15.413 [JavaFX Application Thread] DEBUG LoopRunner           - Initializing JavaFX AnimationTimerLoop
15:30:15.414 [JavaFX Application Thread] DEBUG Input                - Clearing active input actions
15:30:15.417 [JavaFX Application Thread] DEBUG GameApplicationServi - Removing overlay from M_StartupScene and adding to FXGLMainMenuDummyScene
15:30:15.419 [JavaFX Application Thread] DEBUG PrimaryStageWindow   - M_StartupScene -> FXGLMainMenuDummyScene
15:30:15.419 [JavaFX Application Thread] DEBUG PrimaryStageWindow   - Push state: M_MainMenu
15:30:15.419 [JavaFX Application Thread] DEBUG Input                - Clearing active input actions
15:30:15.426 [JavaFX Application Thread] DEBUG GameApplicationServi - Removing overlay from FXGLMainMenuDummyScene and adding to M_MainMenu
15:30:15.427 [JavaFX Application Thread] DEBUG PrimaryStageWindow   - FXGLMainMenuDummyScene -> M_MainMenu
15:30:17.503 [JavaFX Application Thread] DEBUG Menu                 - fireExit()
15:30:17.508 [JavaFX Application Thread] DEBUG PrimaryStageWindow   - Push state: DialogSubScene
15:30:17.508 [JavaFX Application Thread] DEBUG Input                - Clearing active input actions
15:30:17.509 [JavaFX Application Thread] DEBUG GameApplicationServi - Removing overlay from M_MainMenu and adding to DialogSubScene
15:30:17.511 [JavaFX Application Thread] DEBUG PrimaryStageWindow   - M_MainMenu -> DialogSubScene
15:30:17.844 [JavaFX Application Thread] DEBUG PrimaryStageWindow   - Pop state: DialogSubScene
15:30:17.844 [JavaFX Application Thread] DEBUG Input                - Clearing active input actions
15:30:17.845 [JavaFX Application Thread] DEBUG GameApplicationServi - Removing overlay from DialogSubScene and adding to M_MainMenu
15:30:17.849 [JavaFX Application Thread] DEBUG PrimaryStageWindow   - M_MainMenu <- DialogSubScene
15:30:17.849 [JavaFX Application Thread] DEBUG FXGLApplication      - Exiting FXGL
15:30:17.849 [JavaFX Application Thread] DEBUG LoopRunner           - Stopping loop
15:30:17.849 [JavaFX Application Thread] DEBUG SystemBundleService  - Saving FXGL system data
15:30:17.853 [JavaFX Application Thread] DEBUG FileSystemAccess     - Writing to: /Users/meo/Desktop/CSC1004/javaproject/CSC1004java/system/fxgl.bundle
15:30:17.854 [JavaFX Application Thread] DEBUG Async                - Shutting down background threads
15:30:17.855 [JavaFX Application Thread] DEBUG PrimaryStageWindow   - Closing main window
15:30:17.863 [JavaFX Application Thread] DEBUG Logger               - Closing Logger
