23:01:05.678 [main                     ] DEBUG Logger               - Configured Logger
23:01:05.698 [main                     ] DEBUG GameApplication      - Logging settings
Title: McDonalism
Version: 0.8
Width: 720
Height: 540
Fullscreen: false
Intro: false
Profiling: false
Single step:false
App Mode: DEVELOPER
Menu Key: ESCAPE
Stage Style: DECORATED
Scene Factory: class testPackage.McDonalismApp$1

23:01:05.919 [JavaFX Application Thread] DEBUG FXGLApplication      - Initializing FXGL
23:01:05.923 [JavaFX Application Thread] INFO  Engine               - FXGL-17.3 (30.03.2023 11.49) on WINDOWS (J:17.0.6 FX:20)
23:01:05.923 [JavaFX Application Thread] DEBUG Engine               - JRE Vendor Name: Amazon.com Inc.
23:01:05.923 [JavaFX Application Thread] DEBUG Engine               - Running on OS: Windows 10 version 10.0
23:01:05.923 [JavaFX Application Thread] DEBUG Engine               - Architecture: amd64
23:01:05.923 [JavaFX Application Thread] INFO  Engine               - Source code and latest versions at: https://github.com/AlmasB/FXGL
23:01:05.923 [JavaFX Application Thread] INFO  Engine               -       Ask questions and discuss at: https://github.com/AlmasB/FXGL/discussions
23:01:05.924 [JavaFX Application Thread] INFO  Engine               -              Join the FXGL chat at: https://gitter.im/AlmasB/FXGL
23:01:05.976 [JavaFX Application Thread] DEBUG PrimaryStageWindow   - Creating a JavaFX scene
23:01:06.003 [JavaFX Application Thread] DEBUG PrimaryStageWindow   - Target settings size: 720.0 x 540.0
23:01:06.004 [JavaFX Application Thread] DEBUG PrimaryStageWindow   - Scaled scene size:    720.0 x 540.0
23:01:06.004 [JavaFX Application Thread] DEBUG PrimaryStageWindow   - Scaled ratio: (1.0, 1.0)
23:01:06.005 [JavaFX Application Thread] DEBUG PrimaryStageWindow   - Set initial scene to M_StartupScene
23:01:06.007 [JavaFX Application Thread] DEBUG PrimaryStageWindow   - Opening main window
23:01:06.058 [JavaFX Application Thread] DEBUG PrimaryStageWindow   - Window border size: (16.0, 39.0)
23:01:06.058 [JavaFX Application Thread] DEBUG PrimaryStageWindow   - Scaled size: 720.0 x 540.0
23:01:06.059 [JavaFX Application Thread] DEBUG PrimaryStageWindow   - Scaled ratio: (1.0, 1.0)
23:01:06.059 [JavaFX Application Thread] DEBUG PrimaryStageWindow   - Scene size: 720.0 x 540.0
23:01:06.059 [JavaFX Application Thread] DEBUG PrimaryStageWindow   - Stage size: 736.0 x 579.0
23:01:06.064 [FXGL Background Thread 1 ] DEBUG Engine               - Initializing environment variables
23:01:06.085 [FXGL Background Thread 1 ] DEBUG FXGLAssetLoaderServi - User app class for loading assets: class testPackage.McDonalismApp
23:01:06.085 [FXGL Background Thread 1 ] DEBUG GameApplicationServi - Applying CSS: fxgl_dark.css
23:01:06.086 [FXGL Background Thread 1 ] DEBUG FXGLAssetLoaderServi - Loading from file system: jar:file:///C:/Users/Meo/.m2/repository/com/github/almasb/fxgl/17.3/fxgl-17.3.jar!/fxglassets/ui/css/fxgl_dark.css
23:01:06.115 [FXGL Background Thread 1 ] DEBUG GameApplicationServi - Initializing application scenes
23:01:06.117 [FXGL Background Thread 1 ] DEBUG FXGLAssetLoaderServi - Loading from file system: file:/C:/Users/Meo/Documents/GitHub/122090288_javaProject/target/classes/assets/textures/ui/M_logo.png
23:01:06.120 [FXGL Background Thread 1 ] DEBUG GameWorld            - Game world initialized
23:01:06.161 [FXGL Background Thread 1 ] DEBUG PhysicsWorld         - Physics world initialized: appHeight=540, physics.ppm=50.0
23:01:06.161 [FXGL Background Thread 1 ] DEBUG PhysicsWorld         - Using strategy: BRUTE_FORCE
23:01:06.165 [FXGL Background Thread 1 ] DEBUG GameScene            - Game scene initialized: 720x540
23:01:06.215 [FXGL Background Thread 1 ] DEBUG FXGLAssetLoaderServi - Loading from file system: file:/C:/Users/Meo/Documents/GitHub/122090288_javaProject/target/classes/assets/textures/ui/ui_heroIcon_random.png
23:01:06.219 [FXGL Background Thread 1 ] DEBUG FXGLAssetLoaderServi - Loading from file system: file:/C:/Users/Meo/Documents/GitHub/122090288_javaProject/target/classes/assets/textures/ui/ui_heroIcon_m.png
23:01:06.223 [FXGL Background Thread 1 ] DEBUG FXGLAssetLoaderServi - Loading from file system: file:/C:/Users/Meo/Documents/GitHub/122090288_javaProject/target/classes/assets/textures/ui/ui_heroIcon_k.png
23:01:06.225 [FXGL Background Thread 1 ] DEBUG FXGLAssetLoaderServi - Loading from file system: file:/C:/Users/Meo/Documents/GitHub/122090288_javaProject/target/classes/assets/textures/ui/ui_heroIcon_w.png
23:01:06.292 [FXGL Background Thread 1 ] DEBUG FXGLAssetLoaderServi - Loading from file system: file:/C:/Users/Meo/Documents/GitHub/122090288_javaProject/target/classes/assets/textures/ui/background.png
23:01:06.297 [FXGL Background Thread 1 ] DEBUG FXGLAssetLoaderServi - Loading from file system: file:/C:/Users/Meo/Documents/GitHub/122090288_javaProject/target/classes/assets/textures/ui/ui_hero_pane.png
23:01:06.301 [FXGL Background Thread 1 ] DEBUG FXGLAssetLoaderServi - Loading from file system: file:/C:/Users/Meo/Documents/GitHub/122090288_javaProject/target/classes/assets/textures/ui/ui_heroes_pane.png
23:01:06.303 [FXGL Background Thread 1 ] DEBUG FXGLAssetLoaderServi - Loading from file system: file:/C:/Users/Meo/Documents/GitHub/122090288_javaProject/target/classes/assets/textures/ui/ui_preHero_pane.png
23:01:06.304 [FXGL Background Thread 1 ] DEBUG FXGLAssetLoaderServi - Loading from file system: file:/C:/Users/Meo/Documents/GitHub/122090288_javaProject/target/classes/assets/textures/ui/ui_main_pane.png
23:01:06.306 [FXGL Background Thread 1 ] DEBUG FXGLAssetLoaderServi - Loading from file system: file:/C:/Users/Meo/Documents/GitHub/122090288_javaProject/target/classes/assets/textures/ui/ui_login_pane.png
23:01:06.308 [FXGL Background Thread 1 ] DEBUG FXGLAssetLoaderServi - Loading from file system: file:/C:/Users/Meo/Documents/GitHub/122090288_javaProject/target/classes/assets/textures/ui/ui_signUp_pane.png
23:01:06.314 [FXGL Background Thread 1 ] DEBUG FXGLAssetLoaderServi - Loading from file system: file:/C:/Users/Meo/Documents/GitHub/122090288_javaProject/target/classes/assets/textures/ui/ui_back_idle.png
23:01:06.315 [FXGL Background Thread 1 ] DEBUG FXGLAssetLoaderServi - Loading from file system: file:/C:/Users/Meo/Documents/GitHub/122090288_javaProject/target/classes/assets/textures/ui/ui_back_hover.png
23:01:06.316 [FXGL Background Thread 1 ] DEBUG FXGLAssetLoaderServi - Loading from file system: file:/C:/Users/Meo/Documents/GitHub/122090288_javaProject/target/classes/assets/textures/ui/ui_back_confirm.png
23:01:06.319 [FXGL Background Thread 1 ] DEBUG FXGLAssetLoaderServi - Loading from file system: file:/C:/Users/Meo/Documents/GitHub/122090288_javaProject/target/classes/assets/textures/ui/ui_start_idle.png
23:01:06.320 [FXGL Background Thread 1 ] DEBUG FXGLAssetLoaderServi - Loading from file system: file:/C:/Users/Meo/Documents/GitHub/122090288_javaProject/target/classes/assets/textures/ui/ui_start_hover.png
23:01:06.321 [FXGL Background Thread 1 ] DEBUG FXGLAssetLoaderServi - Loading from file system: file:/C:/Users/Meo/Documents/GitHub/122090288_javaProject/target/classes/assets/textures/ui/ui_start_confirm.png
23:01:06.323 [FXGL Background Thread 1 ] DEBUG FXGLAssetLoaderServi - Loading from file system: file:/C:/Users/Meo/Documents/GitHub/122090288_javaProject/target/classes/assets/textures/ui/ui_left_idle.png
23:01:06.324 [FXGL Background Thread 1 ] DEBUG FXGLAssetLoaderServi - Loading from file system: file:/C:/Users/Meo/Documents/GitHub/122090288_javaProject/target/classes/assets/textures/ui/ui_left_hover.png
23:01:06.325 [FXGL Background Thread 1 ] DEBUG FXGLAssetLoaderServi - Loading from file system: file:/C:/Users/Meo/Documents/GitHub/122090288_javaProject/target/classes/assets/textures/ui/ui_left_confirm.png
23:01:06.326 [FXGL Background Thread 1 ] DEBUG FXGLAssetLoaderServi - Loading from file system: file:/C:/Users/Meo/Documents/GitHub/122090288_javaProject/target/classes/assets/textures/ui/ui_right_idle.png
23:01:06.328 [FXGL Background Thread 1 ] DEBUG FXGLAssetLoaderServi - Loading from file system: file:/C:/Users/Meo/Documents/GitHub/122090288_javaProject/target/classes/assets/textures/ui/ui_right_hover.png
23:01:06.328 [FXGL Background Thread 1 ] DEBUG FXGLAssetLoaderServi - Loading from file system: file:/C:/Users/Meo/Documents/GitHub/122090288_javaProject/target/classes/assets/textures/ui/ui_right_confirm.png
23:01:06.338 [FXGL Background Thread 1 ] DEBUG FXGLAssetLoaderServi - Loading from file system: file:/C:/Users/Meo/Documents/GitHub/122090288_javaProject/target/classes/assets/textures/ui/ui_single_idle.png
23:01:06.339 [FXGL Background Thread 1 ] DEBUG FXGLAssetLoaderServi - Loading from file system: file:/C:/Users/Meo/Documents/GitHub/122090288_javaProject/target/classes/assets/textures/ui/ui_single_hover.png
23:01:06.340 [FXGL Background Thread 1 ] DEBUG FXGLAssetLoaderServi - Loading from file system: file:/C:/Users/Meo/Documents/GitHub/122090288_javaProject/target/classes/assets/textures/ui/ui_single_confirm.png
23:01:06.341 [FXGL Background Thread 1 ] DEBUG FXGLAssetLoaderServi - Loading from file system: file:/C:/Users/Meo/Documents/GitHub/122090288_javaProject/target/classes/assets/textures/ui/ui_multi_idle.png
23:01:06.342 [FXGL Background Thread 1 ] DEBUG FXGLAssetLoaderServi - Loading from file system: file:/C:/Users/Meo/Documents/GitHub/122090288_javaProject/target/classes/assets/textures/ui/ui_multi_hover.png
23:01:06.343 [FXGL Background Thread 1 ] DEBUG FXGLAssetLoaderServi - Loading from file system: file:/C:/Users/Meo/Documents/GitHub/122090288_javaProject/target/classes/assets/textures/ui/ui_multi_confirm.png
23:01:06.345 [FXGL Background Thread 1 ] DEBUG FXGLAssetLoaderServi - Loading from file system: file:/C:/Users/Meo/Documents/GitHub/122090288_javaProject/target/classes/assets/textures/ui/ui_play_idle.png
23:01:06.345 [FXGL Background Thread 1 ] DEBUG FXGLAssetLoaderServi - Loading from file system: file:/C:/Users/Meo/Documents/GitHub/122090288_javaProject/target/classes/assets/textures/ui/ui_play_hover.png
23:01:06.346 [FXGL Background Thread 1 ] DEBUG FXGLAssetLoaderServi - Loading from file system: file:/C:/Users/Meo/Documents/GitHub/122090288_javaProject/target/classes/assets/textures/ui/ui_play_confirm.png
23:01:06.348 [FXGL Background Thread 1 ] DEBUG FXGLAssetLoaderServi - Loading from file system: file:/C:/Users/Meo/Documents/GitHub/122090288_javaProject/target/classes/assets/textures/ui/ui_options_idle.png
23:01:06.349 [FXGL Background Thread 1 ] DEBUG FXGLAssetLoaderServi - Loading from file system: file:/C:/Users/Meo/Documents/GitHub/122090288_javaProject/target/classes/assets/textures/ui/ui_options_hover.png
23:01:06.350 [FXGL Background Thread 1 ] DEBUG FXGLAssetLoaderServi - Loading from file system: file:/C:/Users/Meo/Documents/GitHub/122090288_javaProject/target/classes/assets/textures/ui/ui_options_confirm.png
23:01:06.352 [FXGL Background Thread 1 ] DEBUG FXGLAssetLoaderServi - Loading from file system: file:/C:/Users/Meo/Documents/GitHub/122090288_javaProject/target/classes/assets/textures/ui/ui_exit_idle.png
23:01:06.352 [FXGL Background Thread 1 ] DEBUG FXGLAssetLoaderServi - Loading from file system: file:/C:/Users/Meo/Documents/GitHub/122090288_javaProject/target/classes/assets/textures/ui/ui_exit_hover.png
23:01:06.353 [FXGL Background Thread 1 ] DEBUG FXGLAssetLoaderServi - Loading from file system: file:/C:/Users/Meo/Documents/GitHub/122090288_javaProject/target/classes/assets/textures/ui/ui_exit_confirm.png
23:01:06.359 [FXGL Background Thread 1 ] DEBUG FXGLAssetLoaderServi - Loading from file system: file:/C:/Users/Meo/Documents/GitHub/122090288_javaProject/target/classes/assets/textures/ui/inputField.png
23:01:06.362 [FXGL Background Thread 1 ] DEBUG FXGLAssetLoaderServi - Loading from file system: file:/C:/Users/Meo/Documents/GitHub/122090288_javaProject/target/classes/assets/textures/ui/ui_signIn_idle.png
23:01:06.362 [FXGL Background Thread 1 ] DEBUG FXGLAssetLoaderServi - Loading from file system: file:/C:/Users/Meo/Documents/GitHub/122090288_javaProject/target/classes/assets/textures/ui/ui_signIn_hover.png
23:01:06.362 [FXGL Background Thread 1 ] DEBUG FXGLAssetLoaderServi - Loading from file system: file:/C:/Users/Meo/Documents/GitHub/122090288_javaProject/target/classes/assets/textures/ui/ui_signIn_confirm.png
23:01:06.363 [FXGL Background Thread 1 ] DEBUG FXGLAssetLoaderServi - Loading from file system: file:/C:/Users/Meo/Documents/GitHub/122090288_javaProject/target/classes/assets/textures/ui/ui_signUp_idle.png
23:01:06.364 [FXGL Background Thread 1 ] DEBUG FXGLAssetLoaderServi - Loading from file system: file:/C:/Users/Meo/Documents/GitHub/122090288_javaProject/target/classes/assets/textures/ui/ui_signUp_hover.png
23:01:06.364 [FXGL Background Thread 1 ] DEBUG FXGLAssetLoaderServi - Loading from file system: file:/C:/Users/Meo/Documents/GitHub/122090288_javaProject/target/classes/assets/textures/ui/ui_signUp_confirm.png
23:01:06.368 [FXGL Background Thread 1 ] DEBUG FXGLAssetLoaderServi - Loading from file system: file:/C:/Users/Meo/Documents/GitHub/122090288_javaProject/target/classes/assets/textures/ui/cursor.png
23:01:06.386 [FXGL Background Thread 1 ] WARN  FXGL.DefaultMenu     - FXGLDefaultMenu is not designed for resolutions < 800x600
23:01:06.386 [FXGL Background Thread 1 ] DEBUG FXGL.DefaultMenu     - createMenuBodyGameMenu()
23:01:06.392 [FXGL Background Thread 1 ] DEBUG FXGL.DefaultMenu     - createOptionsMenu()
23:01:06.397 [FXGL Background Thread 1 ] DEBUG FXGLAssetLoaderServi - Loading from file system: jar:file:///C:/Users/Meo/.m2/repository/com/github/almasb/fxgl/17.3/fxgl-17.3.jar!/fxglassets/textures/particles/smoke.png
23:01:06.436 [FXGL Background Thread 1 ] DEBUG FXGLAssetLoaderServi - Loading from file system: jar:file:///C:/Users/Meo/.m2/repository/com/github/almasb/fxgl/17.3/fxgl-17.3.jar!/fxglassets/textures/particles/trace_horizontal.png
23:01:06.443 [FXGL Background Thread 1 ] DEBUG GameApplicationServi - Application scenes initialized
23:01:06.450 [FXGL Background Thread 1 ] DEBUG SystemBundleService  - Loading FXGL system data
23:01:06.452 [FXGL Background Thread 1 ] DEBUG FileSystemAccess     - Reading from: C:\Users\Meo\Documents\GitHub\122090288_javaProject\system\fxgl.bundle
23:01:06.456 [FXGL Background Thread 1 ] DEBUG SystemBundleService  - Bundle FXGL: {}
23:01:06.456 [FXGL Background Thread 1 ] DEBUG UpdaterService       - Checking for updates
23:01:06.471 [FXGL Background Thread 4 ] DEBUG FXGLApplication      - Loading fonts
23:01:06.472 [FXGL Background Thread 4 ] DEBUG FXGLAssetLoaderServi - Loading from file system: file:/C:/Users/Meo/Documents/GitHub/122090288_javaProject/target/classes/assets/ui/fonts/font.ttf
23:01:06.472 [FXGL Background Thread 1 ] DEBUG FXGLApplication      - Loading default localization
23:01:06.472 [FXGL Background Thread 1 ] DEBUG FXGLAssetLoaderServi - Loading from file system: jar:file:///C:/Users/Meo/.m2/repository/com/github/almasb/fxgl/17.3/fxgl-17.3.jar!/fxglassets/languages/english.lang
23:01:06.478 [JavaFX Application Thread] DEBUG FXGLApplication      - Registering font factories with UI factory
23:01:06.485 [FXGL Background Thread 1 ] INFO  FXGLApplication      - FXGL initialization took: 0.421 sec
23:01:06.491 [JavaFX Application Thread] DEBUG Input                - Registered new binding: Player1 Move Up - Up
23:01:06.491 [JavaFX Application Thread] DEBUG Input                - Registered new binding: Player1 Move Down - Down
23:01:06.491 [JavaFX Application Thread] DEBUG Input                - Registered new binding: Player1 Move Left - Left
23:01:06.491 [JavaFX Application Thread] DEBUG Input                - Registered new binding: Player1 Move Right - Right
23:01:06.492 [JavaFX Application Thread] DEBUG Input                - Registered new binding: Player or Player2 Move Up - W
23:01:06.492 [JavaFX Application Thread] DEBUG Input                - Registered new binding: Player or Player2 Move Down - S
23:01:06.492 [JavaFX Application Thread] DEBUG Input                - Registered new binding: Player or Player2 Move Left - A
23:01:06.492 [JavaFX Application Thread] DEBUG Input                - Registered new binding: Player or Player2 Move Right - D
23:01:06.492 [JavaFX Application Thread] DEBUG Input                - Registered new binding: Shoot - LMB
23:01:06.492 [JavaFX Application Thread] DEBUG Input                - Registered new binding: Left Punch/Summon - J
23:01:06.493 [JavaFX Application Thread] DEBUG Input                - Registered new binding: Right Punch/Recover - K
23:01:06.493 [JavaFX Application Thread] DEBUG FXGLAssetLoaderServi - Loading from file system: file:/C:/Users/Meo/Documents/GitHub/122090288_javaProject/target/classes/assets/music/Crypteque1.mp3
23:01:06.495 [JavaFX Application Thread] DEBUG FXGLAssetLoaderServi - Loading from file system: file:/C:/Users/Meo/Documents/GitHub/122090288_javaProject/target/classes/assets/sounds/gunfire.wav
23:01:06.499 [JavaFX Application Thread] DEBUG FXGLAssetLoaderServi - Loading from file system: file:/C:/Users/Meo/Documents/GitHub/122090288_javaProject/target/classes/assets/sounds/M_hurt.wav
23:01:06.500 [JavaFX Application Thread] DEBUG FXGLAssetLoaderServi - Loading from file system: file:/C:/Users/Meo/Documents/GitHub/122090288_javaProject/target/classes/assets/sounds/M_die.wav
23:01:06.501 [JavaFX Application Thread] DEBUG FXGLAssetLoaderServi - Loading from file system: file:/C:/Users/Meo/Documents/GitHub/122090288_javaProject/target/classes/assets/sounds/W_hurt.wav
23:01:06.503 [JavaFX Application Thread] DEBUG FXGLAssetLoaderServi - Loading from file system: file:/C:/Users/Meo/Documents/GitHub/122090288_javaProject/target/classes/assets/sounds/W_die.wav
23:01:06.504 [JavaFX Application Thread] DEBUG FXGLAssetLoaderServi - Loading from file system: file:/C:/Users/Meo/Documents/GitHub/122090288_javaProject/target/classes/assets/sounds/K_hurt.wav
23:01:06.505 [JavaFX Application Thread] DEBUG FXGLAssetLoaderServi - Loading from file system: file:/C:/Users/Meo/Documents/GitHub/122090288_javaProject/target/classes/assets/sounds/K_die.wav
23:01:06.507 [JavaFX Application Thread] DEBUG FXGLAssetLoaderServi - Loading from file system: file:/C:/Users/Meo/Documents/GitHub/122090288_javaProject/target/classes/assets/sounds/enemy_die.wav
23:01:06.508 [JavaFX Application Thread] DEBUG FXGLAssetLoaderServi - Loading from file system: file:/C:/Users/Meo/Documents/GitHub/122090288_javaProject/target/classes/assets/sounds/hover.wav
23:01:06.510 [JavaFX Application Thread] DEBUG FXGLAssetLoaderServi - Loading from file system: file:/C:/Users/Meo/Documents/GitHub/122090288_javaProject/target/classes/assets/sounds/confirm.wav
23:01:06.520 [JavaFX Application Thread] DEBUG Input                - Registered new binding: Screenshot - CTRL+8
23:01:06.520 [JavaFX Application Thread] DEBUG Input                - Registered new binding: Dev Options - 1
23:01:06.521 [JavaFX Application Thread] DEBUG Input                - Registered new binding: Dev Console - 2
23:01:06.525 [JavaFX Application Thread] DEBUG Input                - Registered new binding: System info dump - CTRL+9
23:01:06.525 [JavaFX Application Thread] DEBUG Input                - Registered new binding: Restart - CTRL+R
23:01:06.526 [JavaFX Application Thread] DEBUG Input                - Registered new binding: Toggle Debug Camera - CTRL+7
23:01:06.530 [JavaFX Application Thread] DEBUG LoopRunner           - Starting loop
23:01:06.534 [JavaFX Application Thread] DEBUG LoopRunner           - Initializing JavaFX AnimationTimerLoop
23:01:06.536 [JavaFX Application Thread] DEBUG Input                - Clearing active input actions
23:01:06.540 [JavaFX Application Thread] DEBUG GameApplicationServi - Removing overlay from M_StartupScene and adding to FXGLMainMenuDummyScene
23:01:06.545 [JavaFX Application Thread] DEBUG PrimaryStageWindow   - M_StartupScene -> FXGLMainMenuDummyScene
23:01:06.545 [JavaFX Application Thread] DEBUG PrimaryStageWindow   - Push state: M_MainMenu
23:01:06.545 [JavaFX Application Thread] DEBUG Input                - Clearing active input actions
23:01:06.551 [JavaFX Application Thread] DEBUG GameApplicationServi - Removing overlay from FXGLMainMenuDummyScene and adding to M_MainMenu
23:01:06.552 [JavaFX Application Thread] DEBUG PrimaryStageWindow   - FXGLMainMenuDummyScene -> M_MainMenu
23:01:09.471 [FXGL Background Thread 3 ] DEBUG Engine               - Logging environment variables
23:01:09.471 [FXGL Background Thread 3 ] DEBUG Engine               - achievements: []
23:01:09.471 [FXGL Background Thread 3 ] DEBUG Engine               - actualHeight: 540.0
23:01:09.471 [FXGL Background Thread 3 ] DEBUG Engine               - actualHeightProperty: ReadOnlyDoubleProperty [value: 540.0]
23:01:09.471 [FXGL Background Thread 3 ] DEBUG Engine               - actualWidth: 720.0
23:01:09.471 [FXGL Background Thread 3 ] DEBUG Engine               - actualWidthProperty: ReadOnlyDoubleProperty [value: 720.0]
23:01:09.471 [FXGL Background Thread 3 ] DEBUG Engine               - appIcon: ui/M_logo.png
23:01:09.471 [FXGL Background Thread 3 ] DEBUG Engine               - applicationMode: DEVELOPER
23:01:09.471 [FXGL Background Thread 3 ] DEBUG Engine               - cSSList: [fxgl_dark.css]
23:01:09.471 [FXGL Background Thread 3 ] DEBUG Engine               - collisionDetectionStrategy: BRUTE_FORCE
23:01:09.471 [FXGL Background Thread 3 ] DEBUG Engine               - configClass: Optional.empty
23:01:09.471 [FXGL Background Thread 3 ] DEBUG Engine               - credits: []
23:01:09.472 [FXGL Background Thread 3 ] DEBUG Engine               - defaultCursor: CursorInfo(imageName=ui/cursor.png, hotspotX=10.0, hotspotY=10.0)
23:01:09.472 [FXGL Background Thread 3 ] DEBUG Engine               - devBBoxColorProperty: ObjectProperty [value: 0xff0000ff]
23:01:09.472 [FXGL Background Thread 3 ] DEBUG Engine               - devEnableDebugCameraProperty: BooleanProperty [value: false]
23:01:09.472 [FXGL Background Thread 3 ] DEBUG Engine               - devSensorColorProperty: ObjectProperty [value: 0xffff00ff]
23:01:09.472 [FXGL Background Thread 3 ] DEBUG Engine               - devShowBBoxProperty: BooleanProperty [value: false]
23:01:09.472 [FXGL Background Thread 3 ] DEBUG Engine               - devShowPositionProperty: BooleanProperty [value: false]
23:01:09.472 [FXGL Background Thread 3 ] DEBUG Engine               - enabledMenuItems: []
23:01:09.472 [FXGL Background Thread 3 ] DEBUG Engine               - engineServices: [class com.almasb.fxgl.app.services.FXGLAssetLoaderService, class com.almasb.fxgl.app.FXGLApplication$GameApplicationService, class com.almasb.fxgl.app.services.FXGLDialogService, class com.almasb.fxgl.app.services.IOTaskExecutorService, class com.almasb.fxgl.io.FileSystemService, class com.almasb.fxgl.localization.LocalizationService, class com.almasb.fxgl.app.services.SystemBundleService, class com.almasb.fxgl.profile.SaveLoadService, class com.almasb.fxgl.ui.FXGLUIFactoryServiceProvider, class com.almasb.fxgl.ui.FXGLDialogFactoryServiceProvider, class com.almasb.fxgl.audio.AudioPlayer, class com.almasb.fxgl.notification.impl.NotificationServiceProvider, class com.almasb.fxgl.achievement.AchievementService, class com.almasb.fxgl.cutscene.CutsceneService, class com.almasb.fxgl.minigames.MiniGameService, class com.almasb.fxgl.net.NetService, class com.almasb.fxgl.app.services.UpdaterService, class com.almasb.fxgl.dev.DevService]
23:01:09.472 [FXGL Background Thread 3 ] DEBUG Engine               - fontGame: font.ttf
23:01:09.472 [FXGL Background Thread 3 ] DEBUG Engine               - fontMono: font.ttf
23:01:09.473 [FXGL Background Thread 3 ] DEBUG Engine               - fontSizeScaleUI: 1.5
23:01:09.473 [FXGL Background Thread 3 ] DEBUG Engine               - fontText: font.ttf
23:01:09.473 [FXGL Background Thread 3 ] DEBUG Engine               - fontUI: font.ttf
23:01:09.473 [FXGL Background Thread 3 ] DEBUG Engine               - fullScreen: BooleanProperty [value: false]
23:01:09.473 [FXGL Background Thread 3 ] DEBUG Engine               - gameDifficulty: MEDIUM
23:01:09.473 [FXGL Background Thread 3 ] DEBUG Engine               - gameDifficultyProperty: ObjectProperty [value: MEDIUM]
23:01:09.473 [FXGL Background Thread 3 ] DEBUG Engine               - globalMusicVolume: 0.5
23:01:09.473 [FXGL Background Thread 3 ] DEBUG Engine               - globalMusicVolumeProperty: DoubleProperty [value: 0.5]
23:01:09.473 [FXGL Background Thread 3 ] DEBUG Engine               - globalSoundVolume: 0.5
23:01:09.473 [FXGL Background Thread 3 ] DEBUG Engine               - globalSoundVolumeProperty: DoubleProperty [value: 0.5]
23:01:09.473 [FXGL Background Thread 3 ] DEBUG Engine               - height: 540
23:01:09.473 [FXGL Background Thread 3 ] DEBUG Engine               - is3D: false
23:01:09.473 [FXGL Background Thread 3 ] DEBUG Engine               - isAndroid: false
23:01:09.473 [FXGL Background Thread 3 ] DEBUG Engine               - isBrowser: false
23:01:09.473 [FXGL Background Thread 3 ] DEBUG Engine               - isClickFeedbackEnabled: false
23:01:09.473 [FXGL Background Thread 3 ] DEBUG Engine               - isCloseConfirmation: false
23:01:09.473 [FXGL Background Thread 3 ] DEBUG Engine               - isDesktop: true
23:01:09.473 [FXGL Background Thread 3 ] DEBUG Engine               - isDeveloperMenuEnabled: true
23:01:09.473 [FXGL Background Thread 3 ] DEBUG Engine               - isEmbedded: false
23:01:09.473 [FXGL Background Thread 3 ] DEBUG Engine               - isEntityPreloadEnabled: true
23:01:09.473 [FXGL Background Thread 3 ] DEBUG Engine               - isExperimentalTiledLargeMap: false
23:01:09.473 [FXGL Background Thread 3 ] DEBUG Engine               - isFileSystemWriteAllowed: true
23:01:09.473 [FXGL Background Thread 3 ] DEBUG Engine               - isFullScreenAllowed: false
23:01:09.473 [FXGL Background Thread 3 ] DEBUG Engine               - isFullScreenFromStart: false
23:01:09.474 [FXGL Background Thread 3 ] DEBUG Engine               - isGameMenuEnabled: true
23:01:09.474 [FXGL Background Thread 3 ] DEBUG Engine               - isIOS: false
23:01:09.474 [FXGL Background Thread 3 ] DEBUG Engine               - isIntroEnabled: false
23:01:09.474 [FXGL Background Thread 3 ] DEBUG Engine               - isLinux: false
23:01:09.474 [FXGL Background Thread 3 ] DEBUG Engine               - isMac: false
23:01:09.474 [FXGL Background Thread 3 ] DEBUG Engine               - isMainMenuEnabled: true
23:01:09.474 [FXGL Background Thread 3 ] DEBUG Engine               - isManualResizeEnabled: true
23:01:09.474 [FXGL Background Thread 3 ] DEBUG Engine               - isMobile: false
23:01:09.474 [FXGL Background Thread 3 ] DEBUG Engine               - isNative: false
23:01:09.474 [FXGL Background Thread 3 ] DEBUG Engine               - isPauseMusicWhenMinimized: true
23:01:09.474 [FXGL Background Thread 3 ] DEBUG Engine               - isPreserveResizeRatio: true
23:01:09.474 [FXGL Background Thread 3 ] DEBUG Engine               - isProfilingEnabled: false
23:01:09.474 [FXGL Background Thread 3 ] DEBUG Engine               - isScaleAffectedOnResize: true
23:01:09.475 [FXGL Background Thread 3 ] DEBUG Engine               - isSingleStep: false
23:01:09.475 [FXGL Background Thread 3 ] DEBUG Engine               - isUserProfileEnabled: false
23:01:09.475 [FXGL Background Thread 3 ] DEBUG Engine               - isWindows: true
23:01:09.475 [FXGL Background Thread 3 ] DEBUG Engine               - language: ObjectProperty [value: ENGLISH]
23:01:09.475 [FXGL Background Thread 3 ] DEBUG Engine               - menuKey: ESCAPE
23:01:09.475 [FXGL Background Thread 3 ] DEBUG Engine               - mouseSensitivity: 0.2
23:01:09.475 [FXGL Background Thread 3 ] DEBUG Engine               - notificationViewClass: class com.almasb.fxgl.notification.view.XboxNotificationView
23:01:09.475 [FXGL Background Thread 3 ] DEBUG Engine               - pixelsPerMeter: 50.0
23:01:09.475 [FXGL Background Thread 3 ] DEBUG Engine               - platform: WINDOWS
23:01:09.475 [FXGL Background Thread 3 ] DEBUG Engine               - prefHeightProperty: ReadOnlyDoubleProperty [value: 540.0]
23:01:09.475 [FXGL Background Thread 3 ] DEBUG Engine               - prefWidthProperty: ReadOnlyDoubleProperty [value: 720.0]
23:01:09.475 [FXGL Background Thread 3 ] DEBUG Engine               - profileDir: profiles/
23:01:09.475 [FXGL Background Thread 3 ] DEBUG Engine               - profileName: StringProperty [value: DEFAULT]
23:01:09.476 [FXGL Background Thread 3 ] DEBUG Engine               - randomSeed: -1
23:01:09.476 [FXGL Background Thread 3 ] DEBUG Engine               - runtimeInfo: RuntimeInfo(platform=WINDOWS, version=17.3, build=30.03.2023 11.49)
23:01:09.476 [FXGL Background Thread 3 ] DEBUG Engine               - saveFileExt: sav
23:01:09.476 [FXGL Background Thread 3 ] DEBUG Engine               - scaledHeightProp$fxgl: DoubleProperty [bound, value: 540.0]
23:01:09.476 [FXGL Background Thread 3 ] DEBUG Engine               - scaledWidthProp$fxgl: DoubleProperty [bound, value: 720.0]
23:01:09.476 [FXGL Background Thread 3 ] DEBUG Engine               - sceneFactory: testPackage.McDonalismApp$1@6d5c6fa4
23:01:09.477 [FXGL Background Thread 3 ] DEBUG Engine               - secondsIn24h: 60
23:01:09.477 [FXGL Background Thread 3 ] DEBUG Engine               - soundMenuBack: menu/back.wav
23:01:09.477 [FXGL Background Thread 3 ] DEBUG Engine               - soundMenuPress: menu/press.wav
23:01:09.477 [FXGL Background Thread 3 ] DEBUG Engine               - soundMenuSelect: menu/select.wav
23:01:09.477 [FXGL Background Thread 3 ] DEBUG Engine               - soundNotification: core/notification.wav
23:01:09.477 [FXGL Background Thread 3 ] DEBUG Engine               - stageStyle: DECORATED
23:01:09.477 [FXGL Background Thread 3 ] DEBUG Engine               - supportedLanguages: [ENGLISH, FRENCH, GERMAN, HUNGARIAN, RUSSIAN]
23:01:09.477 [FXGL Background Thread 3 ] DEBUG Engine               - ticksPerSecond: -1
23:01:09.477 [FXGL Background Thread 3 ] DEBUG Engine               - title: McDonalism
23:01:09.477 [FXGL Background Thread 3 ] DEBUG Engine               - urlGithub: https://github.com/AlmasB/FXGL
23:01:09.477 [FXGL Background Thread 3 ] DEBUG Engine               - urlLeaderboard: http://fxgl-top.herokuapp.com/
23:01:09.477 [FXGL Background Thread 3 ] DEBUG Engine               - urlPOM: https://raw.githubusercontent.com/AlmasB/FXGL/release/README.md
23:01:09.477 [FXGL Background Thread 3 ] DEBUG Engine               - userAppClass: class testPackage.McDonalismApp
23:01:09.478 [FXGL Background Thread 3 ] DEBUG Engine               - version: 0.8
23:01:09.478 [FXGL Background Thread 3 ] DEBUG Engine               - versionCheckDays: 7
23:01:09.478 [FXGL Background Thread 3 ] DEBUG Engine               - width: 720
23:01:09.478 [FXGL Background Thread 3 ] DEBUG Engine               - Logging services
23:01:09.478 [FXGL Background Thread 3 ] DEBUG Engine               - class com.almasb.fxgl.app.services.FXGLAssetLoaderService
23:01:09.478 [FXGL Background Thread 3 ] DEBUG Engine               - class com.almasb.fxgl.app.FXGLApplication$GameApplicationService
23:01:09.478 [FXGL Background Thread 3 ] DEBUG Engine               - class com.almasb.fxgl.app.services.FXGLDialogService
23:01:09.478 [FXGL Background Thread 3 ] DEBUG Engine               - class com.almasb.fxgl.app.services.IOTaskExecutorService
23:01:09.478 [FXGL Background Thread 3 ] DEBUG Engine               - class com.almasb.fxgl.io.FileSystemService
23:01:09.478 [FXGL Background Thread 3 ] DEBUG Engine               - class com.almasb.fxgl.localization.LocalizationService
23:01:09.478 [FXGL Background Thread 3 ] DEBUG Engine               - class com.almasb.fxgl.app.services.SystemBundleService
23:01:09.478 [FXGL Background Thread 3 ] DEBUG Engine               - class com.almasb.fxgl.profile.SaveLoadService
23:01:09.478 [FXGL Background Thread 3 ] DEBUG Engine               - class com.almasb.fxgl.ui.FXGLUIFactoryServiceProvider
23:01:09.478 [FXGL Background Thread 3 ] DEBUG Engine               - class com.almasb.fxgl.ui.FXGLDialogFactoryServiceProvider
23:01:09.478 [FXGL Background Thread 3 ] DEBUG Engine               - class com.almasb.fxgl.audio.AudioPlayer
23:01:09.478 [FXGL Background Thread 3 ] DEBUG Engine               - class com.almasb.fxgl.notification.impl.NotificationServiceProvider
23:01:09.478 [FXGL Background Thread 3 ] DEBUG Engine               - class com.almasb.fxgl.achievement.AchievementService
23:01:09.478 [FXGL Background Thread 3 ] DEBUG Engine               - class com.almasb.fxgl.cutscene.CutsceneService
23:01:09.478 [FXGL Background Thread 3 ] DEBUG Engine               - class com.almasb.fxgl.minigames.MiniGameService
23:01:09.478 [FXGL Background Thread 3 ] DEBUG Engine               - class com.almasb.fxgl.net.NetService
23:01:09.478 [FXGL Background Thread 3 ] DEBUG Engine               - class com.almasb.fxgl.app.services.UpdaterService
23:01:09.478 [FXGL Background Thread 3 ] DEBUG Engine               - class com.almasb.fxgl.dev.DevService
23:01:46.984 [JavaFX Application Thread] DEBUG Menu                 - fireExit()
23:01:46.986 [JavaFX Application Thread] DEBUG PrimaryStageWindow   - Push state: DialogSubScene
23:01:46.987 [JavaFX Application Thread] DEBUG Input                - Clearing active input actions
23:01:46.987 [JavaFX Application Thread] DEBUG GameApplicationServi - Removing overlay from M_MainMenu and adding to DialogSubScene
23:01:46.988 [JavaFX Application Thread] DEBUG PrimaryStageWindow   - M_MainMenu -> DialogSubScene
23:01:47.714 [JavaFX Application Thread] DEBUG PrimaryStageWindow   - Pop state: DialogSubScene
23:01:47.714 [JavaFX Application Thread] DEBUG Input                - Clearing active input actions
23:01:47.715 [JavaFX Application Thread] DEBUG GameApplicationServi - Removing overlay from DialogSubScene and adding to M_MainMenu
23:01:47.716 [JavaFX Application Thread] DEBUG PrimaryStageWindow   - M_MainMenu <- DialogSubScene
23:01:47.716 [JavaFX Application Thread] DEBUG FXGLApplication      - Exiting FXGL
23:01:47.717 [JavaFX Application Thread] DEBUG LoopRunner           - Stopping loop
23:01:47.717 [JavaFX Application Thread] DEBUG SystemBundleService  - Saving FXGL system data
23:01:47.719 [JavaFX Application Thread] DEBUG FileSystemAccess     - Writing to: C:\Users\Meo\Documents\GitHub\122090288_javaProject\system\fxgl.bundle
23:01:47.721 [JavaFX Application Thread] DEBUG Async                - Shutting down background threads
23:01:47.723 [JavaFX Application Thread] DEBUG PrimaryStageWindow   - Closing main window
23:01:47.734 [JavaFX Application Thread] DEBUG Logger               - Closing Logger
