18:20:46.621 [main                     ] DEBUG Logger               - Configured Logger
18:20:46.636 [main                     ] DEBUG GameApplication      - Logging settings
Title: McDonalism
Version: 0.1
Width: 800
Height: 800
Fullscreen: false
Intro: false
Profiling: false
Single step:false
App Mode: DEVELOPER
Menu Key: ESCAPE
Stage Style: DECORATED
Scene Factory: class com.almasb.fxgl.app.scene.SceneFactory

18:20:46.859 [JavaFX Application Thread] DEBUG FXGLApplication      - Initializing FXGL
18:20:46.862 [JavaFX Application Thread] INFO  Engine               - FXGL-17.2 (20.08.2022 16.50) on MAC (J:17.0.6 FX:18)
18:20:46.862 [JavaFX Application Thread] DEBUG Engine               - JRE Vendor Name: Amazon.com Inc.
18:20:46.862 [JavaFX Application Thread] DEBUG Engine               - Running on OS: Mac OS X version 13.2.1
18:20:46.862 [JavaFX Application Thread] DEBUG Engine               - Architecture: aarch64
18:20:46.862 [JavaFX Application Thread] INFO  Engine               - Source code and latest versions at: https://github.com/AlmasB/FXGL
18:20:46.862 [JavaFX Application Thread] INFO  Engine               -       Ask questions and discuss at: https://github.com/AlmasB/FXGL/discussions
18:20:46.862 [JavaFX Application Thread] INFO  Engine               -              Join the FXGL chat at: https://gitter.im/AlmasB/FXGL
18:20:46.902 [JavaFX Application Thread] DEBUG PrimaryStageWindow   - Creating a JavaFX scene
18:20:46.923 [JavaFX Application Thread] DEBUG PrimaryStageWindow   - Target settings size: 800.0 x 800.0
18:20:46.923 [JavaFX Application Thread] DEBUG PrimaryStageWindow   - Scaled scene size:    800.0 x 800.0
18:20:46.923 [JavaFX Application Thread] DEBUG PrimaryStageWindow   - Scaled ratio: (1.0, 1.0)
18:20:46.923 [JavaFX Application Thread] DEBUG PrimaryStageWindow   - Set initial scene to FXGLStartupScene
18:20:46.927 [JavaFX Application Thread] DEBUG PrimaryStageWindow   - Opening main window
18:20:46.966 [JavaFX Application Thread] DEBUG PrimaryStageWindow   - Window border size: (0.0, 28.0)
18:20:46.966 [JavaFX Application Thread] DEBUG PrimaryStageWindow   - Scaled size: 800.0 x 800.0
18:20:46.966 [JavaFX Application Thread] DEBUG PrimaryStageWindow   - Scaled ratio: (1.0, 1.0)
18:20:46.966 [JavaFX Application Thread] DEBUG PrimaryStageWindow   - Scene size: 800.0 x 800.0
18:20:46.966 [JavaFX Application Thread] DEBUG PrimaryStageWindow   - Stage size: 800.0 x 828.0
18:20:46.969 [FXGL Background Thread 1 ] DEBUG Engine               - Initializing environment variables
18:20:46.984 [FXGL Background Thread 1 ] DEBUG FXGLAssetLoaderServi - User app class for loading assets: class testPackage.McDonalismApp
18:20:46.984 [FXGL Background Thread 1 ] DEBUG GameApplicationServi - Applying CSS: fxgl_dark.css
18:20:46.984 [FXGL Background Thread 1 ] DEBUG FXGLAssetLoaderServi - Loading from file system: jar:file:///Users/meo/.m2/repository/com/github/almasb/fxgl/17.2/fxgl-17.2.jar!/fxglassets/ui/css/fxgl_dark.css
18:20:47.005 [FXGL Background Thread 1 ] DEBUG GameApplicationServi - Initializing application scenes
18:20:47.143 [FXGL Background Thread 1 ] DEBUG GameWorld            - Game world initialized
18:20:47.172 [FXGL Background Thread 1 ] DEBUG PhysicsWorld         - Physics world initialized: appHeight=800, physics.ppm=50.0
18:20:47.172 [FXGL Background Thread 1 ] DEBUG PhysicsWorld         - Using strategy: BRUTE_FORCE
18:20:47.175 [FXGL Background Thread 1 ] DEBUG GameScene            - Game scene initialized: 800x800
18:20:47.185 [FXGL Background Thread 1 ] DEBUG FXGL.DefaultMenu     - createMenuBodyMainMenu()
18:20:47.196 [FXGL Background Thread 1 ] DEBUG FXGL.DefaultMenu     - createOptionsMenu()
18:20:47.201 [FXGL Background Thread 1 ] DEBUG FXGLAssetLoaderServi - Loading from file system: jar:file:///Users/meo/.m2/repository/com/github/almasb/fxgl/17.2/fxgl-17.2.jar!/fxglassets/textures/particles/smoke.png
18:20:47.251 [FXGL Background Thread 1 ] DEBUG FXGLAssetLoaderServi - Loading from file system: jar:file:///Users/meo/.m2/repository/com/github/almasb/fxgl/17.2/fxgl-17.2.jar!/fxglassets/textures/particles/trace_horizontal.png
18:20:47.265 [FXGL Background Thread 1 ] DEBUG FXGL.DefaultMenu     - createMenuBodyGameMenu()
18:20:47.266 [FXGL Background Thread 1 ] DEBUG FXGL.DefaultMenu     - createOptionsMenu()
18:20:47.289 [FXGL Background Thread 1 ] DEBUG GameApplicationServi - Application scenes initialized
18:20:47.295 [FXGL Background Thread 1 ] DEBUG SystemBundleService  - Loading FXGL system data
18:20:47.297 [FXGL Background Thread 1 ] DEBUG FileSystemAccess     - Reading from: /Users/meo/Desktop/CSC1004/javaproject/CSC1004java/system/fxgl.bundle
18:20:47.300 [FXGL Background Thread 1 ] DEBUG SystemBundleService  - Bundle FXGL: {}
18:20:47.300 [FXGL Background Thread 1 ] DEBUG UpdaterService       - Checking for updates
18:20:47.302 [FXGL Background Thread 4 ] DEBUG FXGLApplication      - Loading fonts
18:20:47.302 [FXGL Background Thread 4 ] DEBUG FXGLAssetLoaderServi - Loading from file system: jar:file:///Users/meo/.m2/repository/com/github/almasb/fxgl/17.2/fxgl-17.2.jar!/fxglassets/ui/fonts/VarelaRound-Regular.ttf
18:20:47.302 [FXGL Background Thread 1 ] DEBUG FXGLApplication      - Loading default localization
18:20:47.302 [FXGL Background Thread 1 ] DEBUG FXGLAssetLoaderServi - Loading from file system: jar:file:///Users/meo/.m2/repository/com/github/almasb/fxgl/17.2/fxgl-17.2.jar!/fxglassets/languages/english.lang
18:20:47.307 [FXGL Background Thread 4 ] DEBUG FXGLAssetLoaderServi - Loading from file system: jar:file:///Users/meo/.m2/repository/com/github/almasb/fxgl/17.2/fxgl-17.2.jar!/fxglassets/ui/fonts/Abel-Regular.ttf
18:20:47.309 [FXGL Background Thread 1 ] INFO  FXGLApplication      - FXGL initialization took: 0.340 sec
18:20:47.309 [FXGL Background Thread 4 ] DEBUG FXGLAssetLoaderServi - Loading from file system: jar:file:///Users/meo/.m2/repository/com/github/almasb/fxgl/17.2/fxgl-17.2.jar!/fxglassets/ui/fonts/TerminalLandMono-Regular.otf
18:20:47.310 [FXGL Background Thread 4 ] DEBUG FXGLAssetLoaderServi - Loading from file system: jar:file:///Users/meo/.m2/repository/com/github/almasb/fxgl/17.2/fxgl-17.2.jar!/fxglassets/ui/fonts/Courier-Prime.ttf
18:20:47.313 [JavaFX Application Thread] DEBUG Input                - Registered new binding: Up - W
18:20:47.313 [JavaFX Application Thread] DEBUG Input                - Registered new binding: Down - S
18:20:47.313 [JavaFX Application Thread] DEBUG Input                - Registered new binding: Left - A
18:20:47.313 [JavaFX Application Thread] DEBUG Input                - Registered new binding: Right - D
18:20:47.313 [JavaFX Application Thread] DEBUG Input                - Registered new binding: Shoot - LMB
18:20:47.313 [JavaFX Application Thread] DEBUG FXGLAssetLoaderServi - Loading from file system: jar:file:///Users/meo/.m2/repository/com/github/almasb/fxgl/17.2/fxgl-17.2.jar!/fxglassets/textures/fxgl_icon.png
18:20:47.329 [JavaFX Application Thread] DEBUG FXGLAssetLoaderServi - Loading from file system: jar:file:///Users/meo/.m2/repository/com/github/almasb/fxgl/17.2/fxgl-17.2.jar!/fxglassets/textures/fxgl_default_cursor.png
18:20:47.330 [JavaFX Application Thread] DEBUG Input                - Registered new binding: Screenshot - CTRL+8
18:20:47.330 [JavaFX Application Thread] DEBUG Input                - Registered new binding: System info dump - CTRL+9
18:20:47.330 [JavaFX Application Thread] DEBUG Input                - Registered new binding: Restart - CTRL+R
18:20:47.331 [JavaFX Application Thread] DEBUG Input                - Registered new binding: Toggle Debug Camera - CTRL+7
18:20:47.331 [JavaFX Application Thread] DEBUG LoopRunner           - Starting loop
18:20:47.332 [JavaFX Application Thread] DEBUG LoopRunner           - Initializing JavaFX AnimationTimerLoop
18:20:47.332 [JavaFX Application Thread] DEBUG Input                - Clearing active input actions
18:20:47.336 [JavaFX Application Thread] DEBUG GameApplicationServi - Removing overlay from FXGLStartupScene and adding to FXGLMainMenuDummyScene
18:20:47.336 [JavaFX Application Thread] DEBUG PrimaryStageWindow   - FXGLStartupScene -> FXGLMainMenuDummyScene
18:20:47.336 [JavaFX Application Thread] DEBUG PrimaryStageWindow   - Push state: FXGLDefaultMenu
18:20:47.338 [JavaFX Application Thread] DEBUG Input                - Clearing active input actions
18:20:47.341 [JavaFX Application Thread] DEBUG GameApplicationServi - Removing overlay from FXGLMainMenuDummyScene and adding to FXGLDefaultMenu
18:20:47.341 [JavaFX Application Thread] DEBUG PrimaryStageWindow   - FXGLMainMenuDummyScene -> FXGLDefaultMenu
18:20:47.362 [JavaFX Application Thread] DEBUG FXGLApplication      - Registering font factories with UI factory
18:20:48.000 [JavaFX Application Thread] DEBUG Menu                 - fireNewGame()
18:20:48.000 [JavaFX Application Thread] DEBUG GameApplicationServi - Starting new game
18:20:48.001 [JavaFX Application Thread] DEBUG PrimaryStageWindow   - Pop state: FXGLDefaultMenu
18:20:48.001 [JavaFX Application Thread] DEBUG Input                - Clearing active input actions
18:20:48.002 [JavaFX Application Thread] DEBUG GameApplicationServi - Removing overlay from FXGLDefaultMenu and adding to FXGLMainMenuDummyScene
18:20:48.002 [JavaFX Application Thread] DEBUG PrimaryStageWindow   - FXGLMainMenuDummyScene <- FXGLDefaultMenu
18:20:48.002 [JavaFX Application Thread] DEBUG Input                - Clearing active input actions
18:20:48.006 [JavaFX Application Thread] DEBUG GameApplicationServi - Removing overlay from FXGLMainMenuDummyScene and adding to FXGLLoadingScene
18:20:48.006 [JavaFX Application Thread] DEBUG PrimaryStageWindow   - FXGLMainMenuDummyScene -> FXGLLoadingScene
18:20:48.006 [JavaFX Application Thread] DEBUG GameApplicationServi - Clearing previous game
18:20:48.006 [JavaFX Application Thread] DEBUG GameScene            - Clearing game scene
18:20:48.006 [JavaFX Application Thread] DEBUG GameWorld            - Clearing game world
18:20:48.006 [JavaFX Application Thread] DEBUG PhysicsWorld         - Clearing physics world
18:20:48.007 [FXGL Background Thread 2 ] DEBUG FXGLApplication      - Initializing game
18:20:48.009 [FXGL Background Thread 2 ] DEBUG FXGLAssetLoaderServi - Loading from file system: file:/Users/meo/Desktop/CSC1004/javaproject/CSC1004java/target/classes/assets/music/Crypteque1.mp3
18:20:48.217 [FXGL Background Thread 2 ] DEBUG AudioPlayer          - Playing music com.almasb.fxgl.audio.Music@3e3184b
18:20:48.231 [FXGL Background Thread 2 ] WARN  TMXLevelLoader       - TiledMap generated from 1.9.2. Supported version: 1.9.0. Some features may not be parsed fully.
18:20:48.237 [FXGL Background Thread 2 ] DEBUG TMXLevelLoader       - Parsed TiledMap: file:/Users/meo/Desktop/CSC1004/javaproject/CSC1004java/target/classes/assets/levels/TestLevel.tmx
18:20:48.237 [FXGL Background Thread 2 ] DEBUG TMXLevelLoader       - Creating tile layer entities
18:20:48.238 [FXGL Background Thread 2 ] DEBUG TilesetLoader        - Loading view for layer p1
18:20:48.238 [FXGL Background Thread 2 ] DEBUG TilesetLoader        - Created buffer with size 800.0x800.0
18:20:48.244 [FXGL Background Thread 2 ] DEBUG TMXLevelLoader       - Creating object layer entities
18:20:48.244 [FXGL Background Thread 2 ] DEBUG GameWorld            - Clearing removable entities
18:20:48.245 [FXGL Background Thread 2 ] DEBUG GameWorld            - Setting level: com.almasb.fxgl.entity.level.Level@57bda089
18:20:48.259 [FXGL Background Thread 2 ] INFO  FXGLApplication      - Game initialization took: 0.252 sec
18:20:48.259 [JavaFX Application Thread] DEBUG Input                - Clearing active input actions
18:20:48.261 [JavaFX Application Thread] DEBUG GameApplicationServi - Removing overlay from FXGLLoadingScene and adding to GameScene
18:20:48.261 [JavaFX Application Thread] DEBUG PrimaryStageWindow   - FXGLLoadingScene -> GameScene
18:20:48.756 [JavaFX Application Thread] DEBUG FXGLAssetLoaderServi - Loading from file system: file:/Users/meo/Desktop/CSC1004/javaproject/CSC1004java/target/classes/assets/textures/brick.png
18:20:48.903 [JavaFX Application Thread] DEBUG FXGLAssetLoaderServi - Loading from file system: file:/Users/meo/Desktop/CSC1004/javaproject/CSC1004java/target/classes/assets/sounds/gunfire.wav
18:20:50.301 [FXGL Background Thread 3 ] DEBUG Engine               - Logging environment variables
18:20:50.302 [FXGL Background Thread 3 ] DEBUG Engine               - achievements: []
18:20:50.302 [FXGL Background Thread 3 ] DEBUG Engine               - actualHeight: 800.0
18:20:50.302 [FXGL Background Thread 3 ] DEBUG Engine               - actualHeightProperty: ReadOnlyDoubleProperty [value: 800.0]
18:20:50.302 [FXGL Background Thread 3 ] DEBUG Engine               - actualWidth: 800.0
18:20:50.302 [FXGL Background Thread 3 ] DEBUG Engine               - actualWidthProperty: ReadOnlyDoubleProperty [value: 800.0]
18:20:50.302 [FXGL Background Thread 3 ] DEBUG Engine               - appIcon: fxgl_icon.png
18:20:50.302 [FXGL Background Thread 3 ] DEBUG Engine               - applicationMode: DEVELOPER
18:20:50.302 [FXGL Background Thread 3 ] DEBUG Engine               - cSSList: [fxgl_dark.css]
18:20:50.302 [FXGL Background Thread 3 ] DEBUG Engine               - collisionDetectionStrategy: BRUTE_FORCE
18:20:50.302 [FXGL Background Thread 3 ] DEBUG Engine               - configClass: Optional.empty
18:20:50.302 [FXGL Background Thread 3 ] DEBUG Engine               - credits: []
18:20:50.302 [FXGL Background Thread 3 ] DEBUG Engine               - defaultCursor: CursorInfo(imageName=fxgl_default_cursor.png, hotspotX=7.0, hotspotY=6.0)
18:20:50.303 [FXGL Background Thread 3 ] DEBUG Engine               - devBBoxColorProperty: ObjectProperty [value: 0xff0000ff]
18:20:50.303 [FXGL Background Thread 3 ] DEBUG Engine               - devEnableDebugCameraProperty: BooleanProperty [value: false]
18:20:50.303 [FXGL Background Thread 3 ] DEBUG Engine               - devSensorColorProperty: ObjectProperty [value: 0xffff00ff]
18:20:50.303 [FXGL Background Thread 3 ] DEBUG Engine               - devShowBBoxProperty: BooleanProperty [value: false]
18:20:50.303 [FXGL Background Thread 3 ] DEBUG Engine               - devShowPositionProperty: BooleanProperty [value: false]
18:20:50.303 [FXGL Background Thread 3 ] DEBUG Engine               - enabledMenuItems: []
18:20:50.303 [FXGL Background Thread 3 ] DEBUG Engine               - engineServices: [class com.almasb.fxgl.app.services.FXGLAssetLoaderService, class com.almasb.fxgl.app.FXGLApplication$GameApplicationService, class com.almasb.fxgl.app.services.FXGLDialogService, class com.almasb.fxgl.app.services.IOTaskExecutorService, class com.almasb.fxgl.io.FileSystemService, class com.almasb.fxgl.localization.LocalizationService, class com.almasb.fxgl.app.services.SystemBundleService, class com.almasb.fxgl.profile.SaveLoadService, class com.almasb.fxgl.ui.FXGLUIFactoryServiceProvider, class com.almasb.fxgl.ui.FXGLDialogFactoryServiceProvider, class com.almasb.fxgl.audio.AudioPlayer, class com.almasb.fxgl.notification.impl.NotificationServiceProvider, class com.almasb.fxgl.achievement.AchievementService, class com.almasb.fxgl.cutscene.CutsceneService, class com.almasb.fxgl.minigames.MiniGameService, class com.almasb.fxgl.net.NetService, class com.almasb.fxgl.app.services.UpdaterService, class com.almasb.fxgl.dev.DevService]
18:20:50.303 [FXGL Background Thread 3 ] DEBUG Engine               - fontGame: Abel-Regular.ttf
18:20:50.303 [FXGL Background Thread 3 ] DEBUG Engine               - fontMono: TerminalLandMono-Regular.otf
18:20:50.303 [FXGL Background Thread 3 ] DEBUG Engine               - fontText: Courier-Prime.ttf
18:20:50.303 [FXGL Background Thread 3 ] DEBUG Engine               - fontUI: VarelaRound-Regular.ttf
18:20:50.303 [FXGL Background Thread 3 ] DEBUG Engine               - fullScreen: BooleanProperty [value: false]
18:20:50.303 [FXGL Background Thread 3 ] DEBUG Engine               - gameDifficulty: MEDIUM
18:20:50.303 [FXGL Background Thread 3 ] DEBUG Engine               - gameDifficultyProperty: ObjectProperty [value: MEDIUM]
18:20:50.303 [FXGL Background Thread 3 ] DEBUG Engine               - globalMusicVolume: 0.5
18:20:50.304 [FXGL Background Thread 3 ] DEBUG Engine               - globalMusicVolumeProperty: DoubleProperty [value: 0.5]
18:20:50.304 [FXGL Background Thread 3 ] DEBUG Engine               - globalSoundVolume: 0.5
18:20:50.304 [FXGL Background Thread 3 ] DEBUG Engine               - globalSoundVolumeProperty: DoubleProperty [value: 0.5]
18:20:50.304 [FXGL Background Thread 3 ] DEBUG Engine               - height: 800
18:20:50.304 [FXGL Background Thread 3 ] DEBUG Engine               - is3D: false
18:20:50.304 [FXGL Background Thread 3 ] DEBUG Engine               - isAndroid: false
18:20:50.304 [FXGL Background Thread 3 ] DEBUG Engine               - isBrowser: false
18:20:50.304 [FXGL Background Thread 3 ] DEBUG Engine               - isClickFeedbackEnabled: false
18:20:50.304 [FXGL Background Thread 3 ] DEBUG Engine               - isCloseConfirmation: false
18:20:50.304 [FXGL Background Thread 3 ] DEBUG Engine               - isDesktop: true
18:20:50.304 [FXGL Background Thread 3 ] DEBUG Engine               - isDeveloperMenuEnabled: false
18:20:50.304 [FXGL Background Thread 3 ] DEBUG Engine               - isEmbedded: false
18:20:50.304 [FXGL Background Thread 3 ] DEBUG Engine               - isEntityPreloadEnabled: true
18:20:50.304 [FXGL Background Thread 3 ] DEBUG Engine               - isExperimentalTiledLargeMap: false
18:20:50.304 [FXGL Background Thread 3 ] DEBUG Engine               - isFileSystemWriteAllowed: true
18:20:50.304 [FXGL Background Thread 3 ] DEBUG Engine               - isFullScreenAllowed: false
18:20:50.304 [FXGL Background Thread 3 ] DEBUG Engine               - isFullScreenFromStart: false
18:20:50.304 [FXGL Background Thread 3 ] DEBUG Engine               - isGameMenuEnabled: true
18:20:50.304 [FXGL Background Thread 3 ] DEBUG Engine               - isIOS: false
18:20:50.304 [FXGL Background Thread 3 ] DEBUG Engine               - isIntroEnabled: false
18:20:50.304 [FXGL Background Thread 3 ] DEBUG Engine               - isLinux: false
18:20:50.304 [FXGL Background Thread 3 ] DEBUG Engine               - isMac: true
18:20:50.304 [FXGL Background Thread 3 ] DEBUG Engine               - isMainMenuEnabled: true
18:20:50.304 [FXGL Background Thread 3 ] DEBUG Engine               - isManualResizeEnabled: true
18:20:50.304 [FXGL Background Thread 3 ] DEBUG Engine               - isMobile: false
18:20:50.304 [FXGL Background Thread 3 ] DEBUG Engine               - isNative: false
18:20:50.304 [FXGL Background Thread 3 ] DEBUG Engine               - isPauseMusicWhenMinimized: true
18:20:50.304 [FXGL Background Thread 3 ] DEBUG Engine               - isPreserveResizeRatio: true
18:20:50.304 [FXGL Background Thread 3 ] DEBUG Engine               - isProfilingEnabled: false
18:20:50.304 [FXGL Background Thread 3 ] DEBUG Engine               - isScaleAffectedOnResize: true
18:20:50.304 [FXGL Background Thread 3 ] DEBUG Engine               - isSingleStep: false
18:20:50.304 [FXGL Background Thread 3 ] DEBUG Engine               - isUserProfileEnabled: false
18:20:50.304 [FXGL Background Thread 3 ] DEBUG Engine               - isWindows: false
18:20:50.304 [FXGL Background Thread 3 ] DEBUG Engine               - language: ObjectProperty [value: ENGLISH]
18:20:50.304 [FXGL Background Thread 3 ] DEBUG Engine               - menuKey: ESCAPE
18:20:50.304 [FXGL Background Thread 3 ] DEBUG Engine               - mouseSensitivity: 0.2
18:20:50.304 [FXGL Background Thread 3 ] DEBUG Engine               - notificationViewClass: class com.almasb.fxgl.notification.view.XboxNotificationView
18:20:50.305 [FXGL Background Thread 3 ] DEBUG Engine               - pixelsPerMeter: 50.0
18:20:50.305 [FXGL Background Thread 3 ] DEBUG Engine               - platform: MAC
18:20:50.305 [FXGL Background Thread 3 ] DEBUG Engine               - prefHeightProperty: ReadOnlyDoubleProperty [value: 800.0]
18:20:50.305 [FXGL Background Thread 3 ] DEBUG Engine               - prefWidthProperty: ReadOnlyDoubleProperty [value: 800.0]
18:20:50.305 [FXGL Background Thread 3 ] DEBUG Engine               - profileDir: profiles/
18:20:50.305 [FXGL Background Thread 3 ] DEBUG Engine               - profileName: StringProperty [value: DEFAULT]
18:20:50.305 [FXGL Background Thread 3 ] DEBUG Engine               - randomSeed: -1
18:20:50.305 [FXGL Background Thread 3 ] DEBUG Engine               - runtimeInfo: RuntimeInfo(platform=MAC, version=17.2, build=20.08.2022 16.50)
18:20:50.305 [FXGL Background Thread 3 ] DEBUG Engine               - saveFileExt: sav
18:20:50.305 [FXGL Background Thread 3 ] DEBUG Engine               - scaledHeightProp$fxgl: DoubleProperty [bound, value: 800.0]
18:20:50.305 [FXGL Background Thread 3 ] DEBUG Engine               - scaledWidthProp$fxgl: DoubleProperty [bound, value: 800.0]
18:20:50.305 [FXGL Background Thread 3 ] DEBUG Engine               - sceneFactory: com.almasb.fxgl.app.scene.SceneFactory@12602484
18:20:50.305 [FXGL Background Thread 3 ] DEBUG Engine               - secondsIn24h: 60
18:20:50.305 [FXGL Background Thread 3 ] DEBUG Engine               - soundMenuBack: menu/back.wav
18:20:50.305 [FXGL Background Thread 3 ] DEBUG Engine               - soundMenuPress: menu/press.wav
18:20:50.305 [FXGL Background Thread 3 ] DEBUG Engine               - soundMenuSelect: menu/select.wav
18:20:50.305 [FXGL Background Thread 3 ] DEBUG Engine               - soundNotification: core/notification.wav
18:20:50.305 [FXGL Background Thread 3 ] DEBUG Engine               - stageStyle: DECORATED
18:20:50.305 [FXGL Background Thread 3 ] DEBUG Engine               - supportedLanguages: [ENGLISH, FRENCH, GERMAN, HUNGARIAN, RUSSIAN]
18:20:50.305 [FXGL Background Thread 3 ] DEBUG Engine               - ticksPerSecond: -1
18:20:50.305 [FXGL Background Thread 3 ] DEBUG Engine               - title: McDonalism
18:20:50.305 [FXGL Background Thread 3 ] DEBUG Engine               - urlGithub: https://github.com/AlmasB/FXGL
18:20:50.305 [FXGL Background Thread 3 ] DEBUG Engine               - urlLeaderboard: http://fxgl-top.herokuapp.com/
18:20:50.305 [FXGL Background Thread 3 ] DEBUG Engine               - urlPOM: https://raw.githubusercontent.com/AlmasB/FXGL/release/README.md
18:20:50.305 [FXGL Background Thread 3 ] DEBUG Engine               - userAppClass: class testPackage.McDonalismApp
18:20:50.305 [FXGL Background Thread 3 ] DEBUG Engine               - version: 0.1
18:20:50.306 [FXGL Background Thread 3 ] DEBUG Engine               - versionCheckDays: 7
18:20:50.306 [FXGL Background Thread 3 ] DEBUG Engine               - width: 800
18:20:50.306 [FXGL Background Thread 3 ] DEBUG Engine               - Logging services
18:20:50.306 [FXGL Background Thread 3 ] DEBUG Engine               - class com.almasb.fxgl.app.services.FXGLAssetLoaderService
18:20:50.306 [FXGL Background Thread 3 ] DEBUG Engine               - class com.almasb.fxgl.app.FXGLApplication$GameApplicationService
18:20:50.306 [FXGL Background Thread 3 ] DEBUG Engine               - class com.almasb.fxgl.app.services.FXGLDialogService
18:20:50.306 [FXGL Background Thread 3 ] DEBUG Engine               - class com.almasb.fxgl.app.services.IOTaskExecutorService
18:20:50.306 [FXGL Background Thread 3 ] DEBUG Engine               - class com.almasb.fxgl.io.FileSystemService
18:20:50.306 [FXGL Background Thread 3 ] DEBUG Engine               - class com.almasb.fxgl.localization.LocalizationService
18:20:50.306 [FXGL Background Thread 3 ] DEBUG Engine               - class com.almasb.fxgl.app.services.SystemBundleService
18:20:50.306 [FXGL Background Thread 3 ] DEBUG Engine               - class com.almasb.fxgl.profile.SaveLoadService
18:20:50.306 [FXGL Background Thread 3 ] DEBUG Engine               - class com.almasb.fxgl.ui.FXGLUIFactoryServiceProvider
18:20:50.306 [FXGL Background Thread 3 ] DEBUG Engine               - class com.almasb.fxgl.ui.FXGLDialogFactoryServiceProvider
18:20:50.306 [FXGL Background Thread 3 ] DEBUG Engine               - class com.almasb.fxgl.audio.AudioPlayer
18:20:50.306 [FXGL Background Thread 3 ] DEBUG Engine               - class com.almasb.fxgl.notification.impl.NotificationServiceProvider
18:20:50.306 [FXGL Background Thread 3 ] DEBUG Engine               - class com.almasb.fxgl.achievement.AchievementService
18:20:50.306 [FXGL Background Thread 3 ] DEBUG Engine               - class com.almasb.fxgl.cutscene.CutsceneService
18:20:50.306 [FXGL Background Thread 3 ] DEBUG Engine               - class com.almasb.fxgl.minigames.MiniGameService
18:20:50.306 [FXGL Background Thread 3 ] DEBUG Engine               - class com.almasb.fxgl.net.NetService
18:20:50.306 [FXGL Background Thread 3 ] DEBUG Engine               - class com.almasb.fxgl.app.services.UpdaterService
18:20:50.306 [FXGL Background Thread 3 ] DEBUG Engine               - class com.almasb.fxgl.dev.DevService
18:20:52.838 [JavaFX Application Thread] DEBUG FXGLApplication      - Exiting FXGL
18:20:52.838 [JavaFX Application Thread] DEBUG LoopRunner           - Stopping loop
18:20:52.838 [JavaFX Application Thread] DEBUG SystemBundleService  - Saving FXGL system data
18:20:52.843 [JavaFX Application Thread] DEBUG FileSystemAccess     - Writing to: /Users/meo/Desktop/CSC1004/javaproject/CSC1004java/system/fxgl.bundle
18:20:52.845 [JavaFX Application Thread] DEBUG Async                - Shutting down background threads
18:20:52.845 [JavaFX Application Thread] DEBUG PrimaryStageWindow   - Closing main window
18:20:52.853 [JavaFX Application Thread] DEBUG Logger               - Closing Logger
