15:01:14.036 [main                     ] DEBUG Logger               - Configured Logger
15:01:14.051 [main                     ] DEBUG GameApplication      - Logging settings
Title: McDonalism
Version: 0.1
Width: 720
Height: 540
Fullscreen: false
Intro: false
Profiling: false
Single step:false
App Mode: DEVELOPER
Menu Key: ESCAPE
Stage Style: DECORATED
Scene Factory: class testPackage.McDonalismApp$1

15:01:14.340 [JavaFX Application Thread] DEBUG FXGLApplication      - Initializing FXGL
15:01:14.342 [JavaFX Application Thread] INFO  Engine               - FXGL-17.3 (30.03.2023 11.49) on MAC (J:17.0.6 FX:20)
15:01:14.343 [JavaFX Application Thread] DEBUG Engine               - JRE Vendor Name: Amazon.com Inc.
15:01:14.343 [JavaFX Application Thread] DEBUG Engine               - Running on OS: Mac OS X version 13.2.1
15:01:14.343 [JavaFX Application Thread] DEBUG Engine               - Architecture: aarch64
15:01:14.343 [JavaFX Application Thread] INFO  Engine               - Source code and latest versions at: https://github.com/AlmasB/FXGL
15:01:14.343 [JavaFX Application Thread] INFO  Engine               -       Ask questions and discuss at: https://github.com/AlmasB/FXGL/discussions
15:01:14.343 [JavaFX Application Thread] INFO  Engine               -              Join the FXGL chat at: https://gitter.im/AlmasB/FXGL
15:01:14.387 [JavaFX Application Thread] DEBUG PrimaryStageWindow   - Creating a JavaFX scene
15:01:14.409 [JavaFX Application Thread] DEBUG PrimaryStageWindow   - Target settings size: 720.0 x 540.0
15:01:14.409 [JavaFX Application Thread] DEBUG PrimaryStageWindow   - Scaled scene size:    720.0 x 540.0
15:01:14.410 [JavaFX Application Thread] DEBUG PrimaryStageWindow   - Scaled ratio: (1.0, 1.0)
15:01:14.410 [JavaFX Application Thread] DEBUG PrimaryStageWindow   - Set initial scene to FXGLStartupScene
15:01:14.412 [JavaFX Application Thread] DEBUG PrimaryStageWindow   - Opening main window
15:01:14.458 [JavaFX Application Thread] DEBUG PrimaryStageWindow   - Window border size: (0.0, 28.0)
15:01:14.459 [JavaFX Application Thread] DEBUG PrimaryStageWindow   - Scaled size: 720.0 x 540.0
15:01:14.459 [JavaFX Application Thread] DEBUG PrimaryStageWindow   - Scaled ratio: (1.0, 1.0)
15:01:14.459 [JavaFX Application Thread] DEBUG PrimaryStageWindow   - Scene size: 720.0 x 540.0
15:01:14.459 [JavaFX Application Thread] DEBUG PrimaryStageWindow   - Stage size: 720.0 x 568.0
15:01:14.462 [FXGL Background Thread 1 ] DEBUG Engine               - Initializing environment variables
15:01:14.474 [FXGL Background Thread 1 ] DEBUG FXGLAssetLoaderServi - User app class for loading assets: class testPackage.McDonalismApp
15:01:14.474 [FXGL Background Thread 1 ] DEBUG GameApplicationServi - Applying CSS: fxgl_dark.css
15:01:14.475 [FXGL Background Thread 1 ] DEBUG FXGLAssetLoaderServi - Loading from file system: jar:file:///Users/meo/.m2/repository/com/github/almasb/fxgl/17.3/fxgl-17.3.jar!/fxglassets/ui/css/fxgl_dark.css
15:01:14.496 [FXGL Background Thread 1 ] DEBUG GameApplicationServi - Initializing application scenes
15:01:14.633 [FXGL Background Thread 1 ] DEBUG GameWorld            - Game world initialized
15:01:14.661 [FXGL Background Thread 1 ] DEBUG PhysicsWorld         - Physics world initialized: appHeight=540, physics.ppm=50.0
15:01:14.661 [FXGL Background Thread 1 ] DEBUG PhysicsWorld         - Using strategy: BRUTE_FORCE
15:01:14.663 [FXGL Background Thread 1 ] DEBUG GameScene            - Game scene initialized: 720x540
15:01:14.669 [FXGL Background Thread 1 ] WARN  FXGLAssetLoaderServi - Asset "/assets/textures/ui/icon.png" was not found!
15:01:14.669 [FXGL Background Thread 1 ] WARN  FXGLAssetLoaderServi - Failed to load IMAGE
15:01:14.678 [FXGL Background Thread 1 ] WARN  FXGLAssetLoaderServi - Asset "/assets/textures/ui/icon.png" was not found!
15:01:14.678 [FXGL Background Thread 1 ] WARN  FXGLAssetLoaderServi - Failed to load IMAGE
15:01:14.678 [FXGL Background Thread 1 ] WARN  FXGLAssetLoaderServi - Asset "/assets/textures/ui/icon.png" was not found!
15:01:14.678 [FXGL Background Thread 1 ] WARN  FXGLAssetLoaderServi - Failed to load IMAGE
15:01:14.682 [FXGL Background Thread 1 ] WARN  FXGL.DefaultMenu     - FXGLDefaultMenu is not designed for resolutions < 800x600
15:01:14.682 [FXGL Background Thread 1 ] DEBUG FXGL.DefaultMenu     - createMenuBodyGameMenu()
15:01:14.687 [FXGL Background Thread 1 ] DEBUG FXGL.DefaultMenu     - createOptionsMenu()
15:01:14.689 [FXGL Background Thread 1 ] DEBUG FXGLAssetLoaderServi - Loading from file system: jar:file:///Users/meo/.m2/repository/com/github/almasb/fxgl/17.3/fxgl-17.3.jar!/fxglassets/textures/particles/smoke.png
15:01:14.737 [FXGL Background Thread 1 ] DEBUG FXGLAssetLoaderServi - Loading from file system: jar:file:///Users/meo/.m2/repository/com/github/almasb/fxgl/17.3/fxgl-17.3.jar!/fxglassets/textures/particles/trace_horizontal.png
15:01:14.752 [FXGL Background Thread 1 ] DEBUG GameApplicationServi - Application scenes initialized
15:01:14.759 [FXGL Background Thread 1 ] DEBUG SystemBundleService  - Loading FXGL system data
15:01:14.762 [FXGL Background Thread 1 ] DEBUG FileSystemAccess     - Reading from: /Users/meo/Desktop/CSC1004/javaproject/CSC1004java/system/fxgl.bundle
15:01:14.772 [FXGL Background Thread 1 ] DEBUG SystemBundleService  - Bundle FXGL: {}
15:01:14.772 [FXGL Background Thread 1 ] DEBUG UpdaterService       - Checking for updates
15:01:14.774 [FXGL Background Thread 4 ] DEBUG FXGLApplication      - Loading fonts
15:01:14.774 [FXGL Background Thread 1 ] DEBUG FXGLApplication      - Loading default localization
15:01:14.775 [FXGL Background Thread 4 ] DEBUG FXGLAssetLoaderServi - Loading from file system: jar:file:///Users/meo/.m2/repository/com/github/almasb/fxgl/17.3/fxgl-17.3.jar!/fxglassets/ui/fonts/VarelaRound-Regular.ttf
15:01:14.775 [FXGL Background Thread 1 ] DEBUG FXGLAssetLoaderServi - Loading from file system: jar:file:///Users/meo/.m2/repository/com/github/almasb/fxgl/17.3/fxgl-17.3.jar!/fxglassets/languages/english.lang
15:01:14.781 [FXGL Background Thread 4 ] DEBUG FXGLAssetLoaderServi - Loading from file system: jar:file:///Users/meo/.m2/repository/com/github/almasb/fxgl/17.3/fxgl-17.3.jar!/fxglassets/ui/fonts/Abel-Regular.ttf
15:01:14.783 [FXGL Background Thread 4 ] DEBUG FXGLAssetLoaderServi - Loading from file system: jar:file:///Users/meo/.m2/repository/com/github/almasb/fxgl/17.3/fxgl-17.3.jar!/fxglassets/ui/fonts/TerminalLandMono-Regular.otf
15:01:14.784 [FXGL Background Thread 4 ] DEBUG FXGLAssetLoaderServi - Loading from file system: jar:file:///Users/meo/.m2/repository/com/github/almasb/fxgl/17.3/fxgl-17.3.jar!/fxglassets/ui/fonts/Courier-Prime.ttf
15:01:14.785 [FXGL Background Thread 1 ] INFO  FXGLApplication      - FXGL initialization took: 0.324 sec
15:01:14.790 [JavaFX Application Thread] DEBUG Input                - Registered new binding: Up - W
15:01:14.790 [JavaFX Application Thread] DEBUG Input                - Registered new binding: Down - S
15:01:14.790 [JavaFX Application Thread] DEBUG Input                - Registered new binding: Left - A
15:01:14.790 [JavaFX Application Thread] DEBUG Input                - Registered new binding: Right - D
15:01:14.791 [JavaFX Application Thread] DEBUG Input                - Registered new binding: Shoot - LMB
15:01:14.791 [JavaFX Application Thread] DEBUG FXGLAssetLoaderServi - Loading from file system: file:/Users/meo/Desktop/CSC1004/javaproject/CSC1004java/target/classes/assets/music/Crypteque1.mp3
15:01:14.888 [JavaFX Application Thread] DEBUG FXGLAssetLoaderServi - Loading from file system: file:/Users/meo/Desktop/CSC1004/javaproject/CSC1004java/target/classes/assets/sounds/gunfire.wav
15:01:14.897 [JavaFX Application Thread] DEBUG FXGLAssetLoaderServi - Loading from file system: jar:file:///Users/meo/.m2/repository/com/github/almasb/fxgl/17.3/fxgl-17.3.jar!/fxglassets/textures/fxgl_icon.png
15:01:14.915 [JavaFX Application Thread] DEBUG FXGLAssetLoaderServi - Loading from file system: jar:file:///Users/meo/.m2/repository/com/github/almasb/fxgl/17.3/fxgl-17.3.jar!/fxglassets/textures/fxgl_default_cursor.png
15:01:14.917 [JavaFX Application Thread] DEBUG Input                - Registered new binding: Screenshot - CTRL+8
15:01:14.917 [JavaFX Application Thread] DEBUG Input                - Registered new binding: System info dump - CTRL+9
15:01:14.917 [JavaFX Application Thread] DEBUG Input                - Registered new binding: Restart - CTRL+R
15:01:14.917 [JavaFX Application Thread] DEBUG Input                - Registered new binding: Toggle Debug Camera - CTRL+7
15:01:14.918 [JavaFX Application Thread] DEBUG LoopRunner           - Starting loop
15:01:14.919 [JavaFX Application Thread] DEBUG LoopRunner           - Initializing JavaFX AnimationTimerLoop
15:01:14.920 [JavaFX Application Thread] DEBUG Input                - Clearing active input actions
15:01:14.923 [JavaFX Application Thread] DEBUG GameApplicationServi - Removing overlay from FXGLStartupScene and adding to FXGLMainMenuDummyScene
15:01:14.923 [JavaFX Application Thread] DEBUG PrimaryStageWindow   - FXGLStartupScene -> FXGLMainMenuDummyScene
15:01:14.923 [JavaFX Application Thread] DEBUG PrimaryStageWindow   - Push state: MainMenu
15:01:14.923 [JavaFX Application Thread] DEBUG Input                - Clearing active input actions
15:01:14.925 [JavaFX Application Thread] DEBUG GameApplicationServi - Removing overlay from FXGLMainMenuDummyScene and adding to MainMenu
15:01:14.926 [JavaFX Application Thread] DEBUG PrimaryStageWindow   - FXGLMainMenuDummyScene -> MainMenu
15:01:14.947 [JavaFX Application Thread] DEBUG FXGLApplication      - Registering font factories with UI factory
15:01:14.956 [JavaFX Application Thread] WARN  FXGLAssetLoaderServi - Asset "/assets/sounds/MenuSelections.wav" was not found!
15:01:14.956 [JavaFX Application Thread] WARN  FXGLAssetLoaderServi - Failed to load SOUND
15:01:16.575 [JavaFX Application Thread] WARN  FXGLAssetLoaderServi - Asset "/assets/sounds/MenuSelections.wav" was not found!
15:01:16.575 [JavaFX Application Thread] WARN  FXGLAssetLoaderServi - Failed to load SOUND
15:01:16.595 [JavaFX Application Thread] WARN  FXGLAssetLoaderServi - Asset "/assets/sounds/MenuSelections.wav" was not found!
15:01:16.595 [JavaFX Application Thread] WARN  FXGLAssetLoaderServi - Failed to load SOUND
15:01:16.989 [JavaFX Application Thread] WARN  FXGLAssetLoaderServi - Asset "/assets/sounds/Confirm.wav" was not found!
15:01:16.989 [JavaFX Application Thread] WARN  FXGLAssetLoaderServi - Failed to load SOUND
15:01:16.989 [JavaFX Application Thread] DEBUG Menu                 - fireNewGame()
15:01:16.989 [JavaFX Application Thread] DEBUG GameApplicationServi - Starting new game
15:01:16.989 [JavaFX Application Thread] DEBUG PrimaryStageWindow   - Pop state: MainMenu
15:01:16.989 [JavaFX Application Thread] DEBUG Input                - Clearing active input actions
15:01:16.990 [JavaFX Application Thread] DEBUG GameApplicationServi - Removing overlay from MainMenu and adding to FXGLMainMenuDummyScene
15:01:16.990 [JavaFX Application Thread] DEBUG PrimaryStageWindow   - FXGLMainMenuDummyScene <- MainMenu
15:01:16.990 [JavaFX Application Thread] DEBUG Input                - Clearing active input actions
15:01:16.995 [JavaFX Application Thread] DEBUG GameApplicationServi - Removing overlay from FXGLMainMenuDummyScene and adding to FXGLLoadingScene
15:01:16.996 [JavaFX Application Thread] DEBUG PrimaryStageWindow   - FXGLMainMenuDummyScene -> FXGLLoadingScene
15:01:16.996 [JavaFX Application Thread] DEBUG GameApplicationServi - Clearing previous game
15:01:16.996 [JavaFX Application Thread] DEBUG GameScene            - Clearing game scene
15:01:16.996 [JavaFX Application Thread] DEBUG GameWorld            - Clearing game world
15:01:16.996 [JavaFX Application Thread] DEBUG PhysicsWorld         - Clearing physics world
15:01:16.997 [FXGL Background Thread 2 ] DEBUG FXGLApplication      - Initializing game
15:01:16.998 [FXGL Background Thread 2 ] DEBUG AudioPlayer          - Playing music com.almasb.fxgl.audio.Music@4f230c33
15:01:17.018 [FXGL Background Thread 2 ] WARN  TMXLevelLoader       - TiledMap generated from 1.9.2. Supported version: 1.9.0. Some features may not be parsed fully.
15:01:17.026 [FXGL Background Thread 2 ] DEBUG TMXLevelLoader       - Parsed TiledMap: file:/Users/meo/Desktop/CSC1004/javaproject/CSC1004java/target/classes/assets/levels/TestLevel.tmx
15:01:17.026 [FXGL Background Thread 2 ] DEBUG TMXLevelLoader       - Creating tile layer entities
15:01:17.027 [FXGL Background Thread 2 ] DEBUG TilesetLoader        - Loading view for layer 图块层 1
15:01:17.029 [FXGL Background Thread 2 ] DEBUG TilesetLoader        - Created buffer with size 1920.0x1440.0
15:01:17.073 [FXGL Background Thread 2 ] DEBUG TilesetLoader        - Loading view for layer 图块层 2
15:01:17.074 [FXGL Background Thread 2 ] DEBUG TilesetLoader        - Created buffer with size 1920.0x1440.0
15:01:17.084 [FXGL Background Thread 2 ] DEBUG TMXLevelLoader       - Creating object layer entities
15:01:17.093 [FXGL Background Thread 2 ] DEBUG GameWorld            - Clearing removable entities
15:01:17.095 [FXGL Background Thread 2 ] DEBUG GameWorld            - Setting level: com.almasb.fxgl.entity.level.Level@2d8e952d
15:01:17.107 [FXGL Background Thread 2 ] DEBUG FXGLAssetLoaderServi - Loading from file system: file:/Users/meo/Desktop/CSC1004/javaproject/CSC1004java/target/classes/assets/textures/TestSheet.png
15:01:17.146 [FXGL Background Thread 2 ] DEBUG FXGLAssetLoaderServi - Loading from file system: file:/Users/meo/Desktop/CSC1004/javaproject/CSC1004java/target/classes/assets/textures/WeaponsSheet.png
15:01:17.168 [FXGL Background Thread 2 ] INFO  FXGLApplication      - Game initialization took: 0.171 sec
15:01:17.168 [JavaFX Application Thread] DEBUG Input                - Clearing active input actions
15:01:17.171 [JavaFX Application Thread] DEBUG GameApplicationServi - Removing overlay from FXGLLoadingScene and adding to GameScene
15:01:17.171 [JavaFX Application Thread] DEBUG PrimaryStageWindow   - FXGLLoadingScene -> GameScene
15:01:17.779 [FXGL Background Thread 3 ] DEBUG Engine               - Logging environment variables
15:01:17.779 [FXGL Background Thread 3 ] DEBUG Engine               - achievements: []
15:01:17.779 [FXGL Background Thread 3 ] DEBUG Engine               - actualHeight: 540.0
15:01:17.780 [FXGL Background Thread 3 ] DEBUG Engine               - actualHeightProperty: ReadOnlyDoubleProperty [value: 540.0]
15:01:17.780 [FXGL Background Thread 3 ] DEBUG Engine               - actualWidth: 720.0
15:01:17.780 [FXGL Background Thread 3 ] DEBUG Engine               - actualWidthProperty: ReadOnlyDoubleProperty [value: 720.0]
15:01:17.780 [FXGL Background Thread 3 ] DEBUG Engine               - appIcon: fxgl_icon.png
15:01:17.780 [FXGL Background Thread 3 ] DEBUG Engine               - applicationMode: DEVELOPER
15:01:17.780 [FXGL Background Thread 3 ] DEBUG Engine               - cSSList: [fxgl_dark.css]
15:01:17.780 [FXGL Background Thread 3 ] DEBUG Engine               - collisionDetectionStrategy: BRUTE_FORCE
15:01:17.780 [FXGL Background Thread 3 ] DEBUG Engine               - configClass: Optional.empty
15:01:17.780 [FXGL Background Thread 3 ] DEBUG Engine               - credits: []
15:01:17.781 [FXGL Background Thread 3 ] DEBUG Engine               - defaultCursor: CursorInfo(imageName=fxgl_default_cursor.png, hotspotX=7.0, hotspotY=6.0)
15:01:17.781 [FXGL Background Thread 3 ] DEBUG Engine               - devBBoxColorProperty: ObjectProperty [value: 0xff0000ff]
15:01:17.781 [FXGL Background Thread 3 ] DEBUG Engine               - devEnableDebugCameraProperty: BooleanProperty [value: false]
15:01:17.781 [FXGL Background Thread 3 ] DEBUG Engine               - devSensorColorProperty: ObjectProperty [value: 0xffff00ff]
15:01:17.781 [FXGL Background Thread 3 ] DEBUG Engine               - devShowBBoxProperty: BooleanProperty [value: false]
15:01:17.781 [FXGL Background Thread 3 ] DEBUG Engine               - devShowPositionProperty: BooleanProperty [value: false]
15:01:17.781 [FXGL Background Thread 3 ] DEBUG Engine               - enabledMenuItems: []
15:01:17.781 [FXGL Background Thread 3 ] DEBUG Engine               - engineServices: [class com.almasb.fxgl.app.services.FXGLAssetLoaderService, class com.almasb.fxgl.app.FXGLApplication$GameApplicationService, class com.almasb.fxgl.app.services.FXGLDialogService, class com.almasb.fxgl.app.services.IOTaskExecutorService, class com.almasb.fxgl.io.FileSystemService, class com.almasb.fxgl.localization.LocalizationService, class com.almasb.fxgl.app.services.SystemBundleService, class com.almasb.fxgl.profile.SaveLoadService, class com.almasb.fxgl.ui.FXGLUIFactoryServiceProvider, class com.almasb.fxgl.ui.FXGLDialogFactoryServiceProvider, class com.almasb.fxgl.audio.AudioPlayer, class com.almasb.fxgl.notification.impl.NotificationServiceProvider, class com.almasb.fxgl.achievement.AchievementService, class com.almasb.fxgl.cutscene.CutsceneService, class com.almasb.fxgl.minigames.MiniGameService, class com.almasb.fxgl.net.NetService, class com.almasb.fxgl.app.services.UpdaterService, class com.almasb.fxgl.dev.DevService]
15:01:17.781 [FXGL Background Thread 3 ] DEBUG Engine               - fontGame: Abel-Regular.ttf
15:01:17.781 [FXGL Background Thread 3 ] DEBUG Engine               - fontMono: TerminalLandMono-Regular.otf
15:01:17.781 [FXGL Background Thread 3 ] DEBUG Engine               - fontSizeScaleUI: 1.0
15:01:17.781 [FXGL Background Thread 3 ] DEBUG Engine               - fontText: Courier-Prime.ttf
15:01:17.781 [FXGL Background Thread 3 ] DEBUG Engine               - fontUI: VarelaRound-Regular.ttf
15:01:17.781 [FXGL Background Thread 3 ] DEBUG Engine               - fullScreen: BooleanProperty [value: false]
15:01:17.781 [FXGL Background Thread 3 ] DEBUG Engine               - gameDifficulty: MEDIUM
15:01:17.782 [FXGL Background Thread 3 ] DEBUG Engine               - gameDifficultyProperty: ObjectProperty [value: MEDIUM]
15:01:17.782 [FXGL Background Thread 3 ] DEBUG Engine               - globalMusicVolume: 0.5
15:01:17.782 [FXGL Background Thread 3 ] DEBUG Engine               - globalMusicVolumeProperty: DoubleProperty [value: 0.5]
15:01:17.782 [FXGL Background Thread 3 ] DEBUG Engine               - globalSoundVolume: 0.5
15:01:17.782 [FXGL Background Thread 3 ] DEBUG Engine               - globalSoundVolumeProperty: DoubleProperty [value: 0.5]
15:01:17.782 [FXGL Background Thread 3 ] DEBUG Engine               - height: 540
15:01:17.782 [FXGL Background Thread 3 ] DEBUG Engine               - is3D: false
15:01:17.782 [FXGL Background Thread 3 ] DEBUG Engine               - isAndroid: false
15:01:17.782 [FXGL Background Thread 3 ] DEBUG Engine               - isBrowser: false
15:01:17.782 [FXGL Background Thread 3 ] DEBUG Engine               - isClickFeedbackEnabled: false
15:01:17.782 [FXGL Background Thread 3 ] DEBUG Engine               - isCloseConfirmation: false
15:01:17.782 [FXGL Background Thread 3 ] DEBUG Engine               - isDesktop: true
15:01:17.782 [FXGL Background Thread 3 ] DEBUG Engine               - isDeveloperMenuEnabled: false
15:01:17.782 [FXGL Background Thread 3 ] DEBUG Engine               - isEmbedded: false
15:01:17.782 [FXGL Background Thread 3 ] DEBUG Engine               - isEntityPreloadEnabled: true
15:01:17.782 [FXGL Background Thread 3 ] DEBUG Engine               - isExperimentalTiledLargeMap: false
15:01:17.782 [FXGL Background Thread 3 ] DEBUG Engine               - isFileSystemWriteAllowed: true
15:01:17.782 [FXGL Background Thread 3 ] DEBUG Engine               - isFullScreenAllowed: false
15:01:17.782 [FXGL Background Thread 3 ] DEBUG Engine               - isFullScreenFromStart: false
15:01:17.782 [FXGL Background Thread 3 ] DEBUG Engine               - isGameMenuEnabled: true
15:01:17.782 [FXGL Background Thread 3 ] DEBUG Engine               - isIOS: false
15:01:17.782 [FXGL Background Thread 3 ] DEBUG Engine               - isIntroEnabled: false
15:01:17.782 [FXGL Background Thread 3 ] DEBUG Engine               - isLinux: false
15:01:17.782 [FXGL Background Thread 3 ] DEBUG Engine               - isMac: true
15:01:17.782 [FXGL Background Thread 3 ] DEBUG Engine               - isMainMenuEnabled: true
15:01:17.783 [FXGL Background Thread 3 ] DEBUG Engine               - isManualResizeEnabled: true
15:01:17.783 [FXGL Background Thread 3 ] DEBUG Engine               - isMobile: false
15:01:17.783 [FXGL Background Thread 3 ] DEBUG Engine               - isNative: false
15:01:17.783 [FXGL Background Thread 3 ] DEBUG Engine               - isPauseMusicWhenMinimized: true
15:01:17.783 [FXGL Background Thread 3 ] DEBUG Engine               - isPreserveResizeRatio: true
15:01:17.783 [FXGL Background Thread 3 ] DEBUG Engine               - isProfilingEnabled: false
15:01:17.783 [FXGL Background Thread 3 ] DEBUG Engine               - isScaleAffectedOnResize: true
15:01:17.783 [FXGL Background Thread 3 ] DEBUG Engine               - isSingleStep: false
15:01:17.783 [FXGL Background Thread 3 ] DEBUG Engine               - isUserProfileEnabled: false
15:01:17.783 [FXGL Background Thread 3 ] DEBUG Engine               - isWindows: false
15:01:17.783 [FXGL Background Thread 3 ] DEBUG Engine               - language: ObjectProperty [value: ENGLISH]
15:01:17.783 [FXGL Background Thread 3 ] DEBUG Engine               - menuKey: ESCAPE
15:01:17.783 [FXGL Background Thread 3 ] DEBUG Engine               - mouseSensitivity: 0.2
15:01:17.783 [FXGL Background Thread 3 ] DEBUG Engine               - notificationViewClass: class com.almasb.fxgl.notification.view.XboxNotificationView
15:01:17.783 [FXGL Background Thread 3 ] DEBUG Engine               - pixelsPerMeter: 50.0
15:01:17.783 [FXGL Background Thread 3 ] DEBUG Engine               - platform: MAC
15:01:17.783 [FXGL Background Thread 3 ] DEBUG Engine               - prefHeightProperty: ReadOnlyDoubleProperty [value: 540.0]
15:01:17.783 [FXGL Background Thread 3 ] DEBUG Engine               - prefWidthProperty: ReadOnlyDoubleProperty [value: 720.0]
15:01:17.783 [FXGL Background Thread 3 ] DEBUG Engine               - profileDir: profiles/
15:01:17.783 [FXGL Background Thread 3 ] DEBUG Engine               - profileName: StringProperty [value: DEFAULT]
15:01:17.783 [FXGL Background Thread 3 ] DEBUG Engine               - randomSeed: -1
15:01:17.784 [FXGL Background Thread 3 ] DEBUG Engine               - runtimeInfo: RuntimeInfo(platform=MAC, version=17.3, build=30.03.2023 11.49)
15:01:17.784 [FXGL Background Thread 3 ] DEBUG Engine               - saveFileExt: sav
15:01:17.784 [FXGL Background Thread 3 ] DEBUG Engine               - scaledHeightProp$fxgl: DoubleProperty [bound, value: 540.0]
15:01:17.784 [FXGL Background Thread 3 ] DEBUG Engine               - scaledWidthProp$fxgl: DoubleProperty [bound, value: 720.0]
15:01:17.784 [FXGL Background Thread 3 ] DEBUG Engine               - sceneFactory: testPackage.McDonalismApp$1@3b54d70a
15:01:17.784 [FXGL Background Thread 3 ] DEBUG Engine               - secondsIn24h: 60
15:01:17.784 [FXGL Background Thread 3 ] DEBUG Engine               - soundMenuBack: menu/back.wav
15:01:17.784 [FXGL Background Thread 3 ] DEBUG Engine               - soundMenuPress: menu/press.wav
15:01:17.784 [FXGL Background Thread 3 ] DEBUG Engine               - soundMenuSelect: menu/select.wav
15:01:17.784 [FXGL Background Thread 3 ] DEBUG Engine               - soundNotification: core/notification.wav
15:01:17.784 [FXGL Background Thread 3 ] DEBUG Engine               - stageStyle: DECORATED
15:01:17.784 [FXGL Background Thread 3 ] DEBUG Engine               - supportedLanguages: [ENGLISH, FRENCH, GERMAN, HUNGARIAN, RUSSIAN]
15:01:17.784 [FXGL Background Thread 3 ] DEBUG Engine               - ticksPerSecond: -1
15:01:17.784 [FXGL Background Thread 3 ] DEBUG Engine               - title: McDonalism
15:01:17.784 [FXGL Background Thread 3 ] DEBUG Engine               - urlGithub: https://github.com/AlmasB/FXGL
15:01:17.784 [FXGL Background Thread 3 ] DEBUG Engine               - urlLeaderboard: http://fxgl-top.herokuapp.com/
15:01:17.784 [FXGL Background Thread 3 ] DEBUG Engine               - urlPOM: https://raw.githubusercontent.com/AlmasB/FXGL/release/README.md
15:01:17.784 [FXGL Background Thread 3 ] DEBUG Engine               - userAppClass: class testPackage.McDonalismApp
15:01:17.784 [FXGL Background Thread 3 ] DEBUG Engine               - version: 0.1
15:01:17.784 [FXGL Background Thread 3 ] DEBUG Engine               - versionCheckDays: 7
15:01:17.784 [FXGL Background Thread 3 ] DEBUG Engine               - width: 720
15:01:17.784 [FXGL Background Thread 3 ] DEBUG Engine               - Logging services
15:01:17.784 [FXGL Background Thread 3 ] DEBUG Engine               - class com.almasb.fxgl.app.services.FXGLAssetLoaderService
15:01:17.784 [FXGL Background Thread 3 ] DEBUG Engine               - class com.almasb.fxgl.app.FXGLApplication$GameApplicationService
15:01:17.784 [FXGL Background Thread 3 ] DEBUG Engine               - class com.almasb.fxgl.app.services.FXGLDialogService
15:01:17.784 [FXGL Background Thread 3 ] DEBUG Engine               - class com.almasb.fxgl.app.services.IOTaskExecutorService
15:01:17.784 [FXGL Background Thread 3 ] DEBUG Engine               - class com.almasb.fxgl.io.FileSystemService
15:01:17.785 [FXGL Background Thread 3 ] DEBUG Engine               - class com.almasb.fxgl.localization.LocalizationService
15:01:17.785 [FXGL Background Thread 3 ] DEBUG Engine               - class com.almasb.fxgl.app.services.SystemBundleService
15:01:17.785 [FXGL Background Thread 3 ] DEBUG Engine               - class com.almasb.fxgl.profile.SaveLoadService
15:01:17.785 [FXGL Background Thread 3 ] DEBUG Engine               - class com.almasb.fxgl.ui.FXGLUIFactoryServiceProvider
15:01:17.785 [FXGL Background Thread 3 ] DEBUG Engine               - class com.almasb.fxgl.ui.FXGLDialogFactoryServiceProvider
15:01:17.785 [FXGL Background Thread 3 ] DEBUG Engine               - class com.almasb.fxgl.audio.AudioPlayer
15:01:17.785 [FXGL Background Thread 3 ] DEBUG Engine               - class com.almasb.fxgl.notification.impl.NotificationServiceProvider
15:01:17.785 [FXGL Background Thread 3 ] DEBUG Engine               - class com.almasb.fxgl.achievement.AchievementService
15:01:17.785 [FXGL Background Thread 3 ] DEBUG Engine               - class com.almasb.fxgl.cutscene.CutsceneService
15:01:17.785 [FXGL Background Thread 3 ] DEBUG Engine               - class com.almasb.fxgl.minigames.MiniGameService
15:01:17.785 [FXGL Background Thread 3 ] DEBUG Engine               - class com.almasb.fxgl.net.NetService
15:01:17.785 [FXGL Background Thread 3 ] DEBUG Engine               - class com.almasb.fxgl.app.services.UpdaterService
15:01:17.785 [FXGL Background Thread 3 ] DEBUG Engine               - class com.almasb.fxgl.dev.DevService
15:01:18.149 [JavaFX Application Thread] DEBUG FXGLAssetLoaderServi - Loading from file system: file:/Users/meo/Desktop/CSC1004/javaproject/CSC1004java/target/classes/assets/textures/brick.png
15:01:33.583 [JavaFX Application Thread] DEBUG FXGLApplication      - Exiting FXGL
15:01:33.583 [JavaFX Application Thread] DEBUG LoopRunner           - Stopping loop
15:01:33.584 [JavaFX Application Thread] DEBUG SystemBundleService  - Saving FXGL system data
15:01:33.585 [JavaFX Application Thread] DEBUG FileSystemAccess     - Writing to: /Users/meo/Desktop/CSC1004/javaproject/CSC1004java/system/fxgl.bundle
15:01:33.587 [JavaFX Application Thread] DEBUG Async                - Shutting down background threads
15:01:33.587 [JavaFX Application Thread] DEBUG PrimaryStageWindow   - Closing main window
15:01:33.597 [JavaFX Application Thread] DEBUG Logger               - Closing Logger
