21:06:43.016 [main                     ] DEBUG Logger               - Configured Logger
21:06:43.032 [main                     ] DEBUG GameApplication      - Logging settings
Title: McDonalism
Version: 0.1
Width: 800
Height: 800
Fullscreen: false
Intro: false
Profiling: false
Single step:false
App Mode: DEVELOPER
Menu Key: ESCAPE
Stage Style: DECORATED
Scene Factory: class testPackage.McDonalismApp$1

21:06:43.251 [JavaFX Application Thread] DEBUG FXGLApplication      - Initializing FXGL
21:06:43.255 [JavaFX Application Thread] INFO  Engine               - FXGL-17.2 (20.08.2022 16.50) on WINDOWS (J:17.0.6 FX:18)
21:06:43.255 [JavaFX Application Thread] DEBUG Engine               - JRE Vendor Name: Amazon.com Inc.
21:06:43.255 [JavaFX Application Thread] DEBUG Engine               - Running on OS: Windows 10 version 10.0
21:06:43.255 [JavaFX Application Thread] DEBUG Engine               - Architecture: amd64
21:06:43.256 [JavaFX Application Thread] INFO  Engine               - Source code and latest versions at: https://github.com/AlmasB/FXGL
21:06:43.256 [JavaFX Application Thread] INFO  Engine               -       Ask questions and discuss at: https://github.com/AlmasB/FXGL/discussions
21:06:43.256 [JavaFX Application Thread] INFO  Engine               -              Join the FXGL chat at: https://gitter.im/AlmasB/FXGL
21:06:43.300 [JavaFX Application Thread] DEBUG PrimaryStageWindow   - Creating a JavaFX scene
21:06:43.323 [JavaFX Application Thread] DEBUG PrimaryStageWindow   - Target settings size: 800.0 x 800.0
21:06:43.324 [JavaFX Application Thread] DEBUG PrimaryStageWindow   - Scaled scene size:    800.0 x 800.0
21:06:43.324 [JavaFX Application Thread] DEBUG PrimaryStageWindow   - Scaled ratio: (1.0, 1.0)
21:06:43.324 [JavaFX Application Thread] DEBUG PrimaryStageWindow   - Set initial scene to FXGLStartupScene
21:06:43.328 [JavaFX Application Thread] DEBUG PrimaryStageWindow   - Opening main window
21:06:43.369 [JavaFX Application Thread] DEBUG PrimaryStageWindow   - Window border size: (16.0, 39.0)
21:06:43.369 [JavaFX Application Thread] DEBUG PrimaryStageWindow   - Scaled size: 800.0 x 800.0
21:06:43.370 [JavaFX Application Thread] DEBUG PrimaryStageWindow   - Scaled ratio: (1.0, 1.0)
21:06:43.370 [JavaFX Application Thread] DEBUG PrimaryStageWindow   - Scene size: 800.0 x 800.0
21:06:43.370 [JavaFX Application Thread] DEBUG PrimaryStageWindow   - Stage size: 816.0 x 839.0
21:06:43.374 [FXGL Background Thread 1 ] DEBUG Engine               - Initializing environment variables
21:06:43.394 [FXGL Background Thread 1 ] DEBUG FXGLAssetLoaderServi - User app class for loading assets: class testPackage.McDonalismApp
21:06:43.394 [FXGL Background Thread 1 ] DEBUG GameApplicationServi - Applying CSS: fxgl_dark.css
21:06:43.394 [FXGL Background Thread 1 ] DEBUG FXGLAssetLoaderServi - Loading from file system: jar:file:///C:/Users/Meo/.m2/repository/com/github/almasb/fxgl/17.2/fxgl-17.2.jar!/fxglassets/ui/css/fxgl_dark.css
21:06:43.421 [FXGL Background Thread 1 ] DEBUG GameApplicationServi - Initializing application scenes
21:06:43.461 [FXGL Background Thread 1 ] DEBUG GameWorld            - Game world initialized
21:06:43.489 [FXGL Background Thread 1 ] DEBUG PhysicsWorld         - Physics world initialized: appHeight=800, physics.ppm=50.0
21:06:43.489 [FXGL Background Thread 1 ] DEBUG PhysicsWorld         - Using strategy: BRUTE_FORCE
21:06:43.492 [FXGL Background Thread 1 ] DEBUG GameScene            - Game scene initialized: 800x800
21:06:43.510 [FXGL Background Thread 1 ] WARN  FXGLAssetLoaderServi - Asset "/assets/textures/ui/icon.png" was not found!
21:06:43.510 [FXGL Background Thread 1 ] WARN  FXGLAssetLoaderServi - Failed to load IMAGE
21:06:43.519 [FXGL Background Thread 1 ] WARN  FXGLAssetLoaderServi - Asset "/assets/textures/ui/icon.png" was not found!
21:06:43.519 [FXGL Background Thread 1 ] WARN  FXGLAssetLoaderServi - Failed to load IMAGE
21:06:43.521 [FXGL Background Thread 1 ] WARN  FXGLAssetLoaderServi - Asset "/assets/textures/ui/icon.png" was not found!
21:06:43.521 [FXGL Background Thread 1 ] WARN  FXGLAssetLoaderServi - Failed to load IMAGE
21:06:43.521 [FXGL Background Thread 1 ] WARN  FXGLAssetLoaderServi - Asset "/assets/textures/ui/icon.png" was not found!
21:06:43.521 [FXGL Background Thread 1 ] WARN  FXGLAssetLoaderServi - Failed to load IMAGE
21:06:43.522 [FXGL Background Thread 1 ] WARN  FXGLAssetLoaderServi - Asset "/assets/textures/ui/icon.png" was not found!
21:06:43.522 [FXGL Background Thread 1 ] WARN  FXGLAssetLoaderServi - Failed to load IMAGE
21:06:43.522 [FXGL Background Thread 1 ] WARN  FXGLAssetLoaderServi - Asset "/assets/textures/ui/icon.png" was not found!
21:06:43.522 [FXGL Background Thread 1 ] WARN  FXGLAssetLoaderServi - Failed to load IMAGE
21:06:43.528 [FXGL Background Thread 1 ] DEBUG FXGL.DefaultMenu     - createMenuBodyGameMenu()
21:06:43.533 [FXGL Background Thread 1 ] DEBUG FXGL.DefaultMenu     - createOptionsMenu()
21:06:43.537 [FXGL Background Thread 1 ] DEBUG FXGLAssetLoaderServi - Loading from file system: jar:file:///C:/Users/Meo/.m2/repository/com/github/almasb/fxgl/17.2/fxgl-17.2.jar!/fxglassets/textures/particles/smoke.png
21:06:43.581 [FXGL Background Thread 1 ] DEBUG FXGLAssetLoaderServi - Loading from file system: jar:file:///C:/Users/Meo/.m2/repository/com/github/almasb/fxgl/17.2/fxgl-17.2.jar!/fxglassets/textures/particles/trace_horizontal.png
21:06:43.597 [FXGL Background Thread 1 ] DEBUG GameApplicationServi - Application scenes initialized
21:06:43.603 [FXGL Background Thread 1 ] DEBUG SystemBundleService  - Loading FXGL system data
21:06:43.606 [FXGL Background Thread 1 ] DEBUG FileSystemAccess     - Reading from: C:\Users\Meo\Documents\GitHub\122090288_javaProject\system\fxgl.bundle
21:06:43.610 [FXGL Background Thread 1 ] DEBUG SystemBundleService  - Bundle FXGL: {}
21:06:43.611 [FXGL Background Thread 1 ] DEBUG UpdaterService       - Checking for updates
21:06:43.613 [FXGL Background Thread 4 ] DEBUG FXGLApplication      - Loading fonts
21:06:43.613 [FXGL Background Thread 4 ] DEBUG FXGLAssetLoaderServi - Loading from file system: jar:file:///C:/Users/Meo/.m2/repository/com/github/almasb/fxgl/17.2/fxgl-17.2.jar!/fxglassets/ui/fonts/VarelaRound-Regular.ttf
21:06:43.613 [FXGL Background Thread 1 ] DEBUG FXGLApplication      - Loading default localization
21:06:43.614 [FXGL Background Thread 1 ] DEBUG FXGLAssetLoaderServi - Loading from file system: jar:file:///C:/Users/Meo/.m2/repository/com/github/almasb/fxgl/17.2/fxgl-17.2.jar!/fxglassets/languages/english.lang
21:06:43.627 [FXGL Background Thread 1 ] INFO  FXGLApplication      - FXGL initialization took: 0.253 sec
21:06:43.634 [JavaFX Application Thread] DEBUG Input                - Registered new binding: Up - W
21:06:43.635 [JavaFX Application Thread] DEBUG Input                - Registered new binding: Down - S
21:06:43.635 [JavaFX Application Thread] DEBUG Input                - Registered new binding: Left - A
21:06:43.635 [JavaFX Application Thread] DEBUG Input                - Registered new binding: Right - D
21:06:43.636 [JavaFX Application Thread] DEBUG Input                - Registered new binding: Shoot - LMB
21:06:43.636 [JavaFX Application Thread] DEBUG FXGLAssetLoaderServi - Loading from file system: jar:file:///C:/Users/Meo/.m2/repository/com/github/almasb/fxgl/17.2/fxgl-17.2.jar!/fxglassets/textures/fxgl_icon.png
21:06:43.648 [FXGL Background Thread 4 ] DEBUG FXGLAssetLoaderServi - Loading from file system: jar:file:///C:/Users/Meo/.m2/repository/com/github/almasb/fxgl/17.2/fxgl-17.2.jar!/fxglassets/ui/fonts/Abel-Regular.ttf
21:06:43.649 [JavaFX Application Thread] DEBUG FXGLAssetLoaderServi - Loading from file system: jar:file:///C:/Users/Meo/.m2/repository/com/github/almasb/fxgl/17.2/fxgl-17.2.jar!/fxglassets/textures/fxgl_default_cursor.png
21:06:43.651 [JavaFX Application Thread] DEBUG Input                - Registered new binding: Screenshot - CTRL+8
21:06:43.651 [JavaFX Application Thread] DEBUG Input                - Registered new binding: System info dump - CTRL+9
21:06:43.652 [JavaFX Application Thread] DEBUG Input                - Registered new binding: Restart - CTRL+R
21:06:43.652 [JavaFX Application Thread] DEBUG Input                - Registered new binding: Toggle Debug Camera - CTRL+7
21:06:43.654 [JavaFX Application Thread] DEBUG LoopRunner           - Starting loop
21:06:43.654 [JavaFX Application Thread] DEBUG LoopRunner           - Initializing JavaFX AnimationTimerLoop
21:06:43.655 [FXGL Background Thread 4 ] DEBUG FXGLAssetLoaderServi - Loading from file system: jar:file:///C:/Users/Meo/.m2/repository/com/github/almasb/fxgl/17.2/fxgl-17.2.jar!/fxglassets/ui/fonts/TerminalLandMono-Regular.otf
21:06:43.655 [JavaFX Application Thread] DEBUG Input                - Clearing active input actions
21:06:43.660 [JavaFX Application Thread] DEBUG GameApplicationServi - Removing overlay from FXGLStartupScene and adding to FXGLMainMenuDummyScene
21:06:43.661 [JavaFX Application Thread] DEBUG PrimaryStageWindow   - FXGLStartupScene -> FXGLMainMenuDummyScene
21:06:43.661 [JavaFX Application Thread] DEBUG PrimaryStageWindow   - Push state: MainMenu
21:06:43.661 [JavaFX Application Thread] DEBUG Input                - Clearing active input actions
21:06:43.663 [FXGL Background Thread 4 ] DEBUG FXGLAssetLoaderServi - Loading from file system: jar:file:///C:/Users/Meo/.m2/repository/com/github/almasb/fxgl/17.2/fxgl-17.2.jar!/fxglassets/ui/fonts/Courier-Prime.ttf
21:06:43.665 [JavaFX Application Thread] DEBUG GameApplicationServi - Removing overlay from FXGLMainMenuDummyScene and adding to MainMenu
21:06:43.665 [JavaFX Application Thread] DEBUG PrimaryStageWindow   - FXGLMainMenuDummyScene -> MainMenu
21:06:43.674 [JavaFX Application Thread] WARN  FXGLAssetLoaderServi - Asset "/assets/sounds/mainMenuHover.wav" was not found!
21:06:43.674 [JavaFX Application Thread] WARN  FXGLAssetLoaderServi - Failed to load SOUND
21:06:43.710 [JavaFX Application Thread] DEBUG FXGLApplication      - Registering font factories with UI factory
21:06:43.996 [FXGL Background Thread 2 ] INFO  UpdaterService       - Your current version:  17.2
21:06:43.997 [FXGL Background Thread 2 ] INFO  UpdaterService       - Latest stable version: 17.3
21:06:44.952 [JavaFX Application Thread] WARN  FXGLAssetLoaderServi - Asset "/assets/sounds/mainMenuHover.wav" was not found!
21:06:44.952 [JavaFX Application Thread] WARN  FXGLAssetLoaderServi - Failed to load SOUND
21:06:45.047 [JavaFX Application Thread] WARN  FXGLAssetLoaderServi - Asset "/assets/sounds/mainMenuHover.wav" was not found!
21:06:45.048 [JavaFX Application Thread] WARN  FXGLAssetLoaderServi - Failed to load SOUND
21:06:45.231 [JavaFX Application Thread] WARN  FXGLAssetLoaderServi - Asset "/assets/sounds/mainMenuHover.wav" was not found!
21:06:45.231 [JavaFX Application Thread] WARN  FXGLAssetLoaderServi - Failed to load SOUND
21:06:45.612 [JavaFX Application Thread] WARN  FXGLAssetLoaderServi - Asset "/assets/sounds/mainMenuHover.wav" was not found!
21:06:45.612 [JavaFX Application Thread] WARN  FXGLAssetLoaderServi - Failed to load SOUND
21:06:45.770 [JavaFX Application Thread] WARN  FXGLAssetLoaderServi - Asset "/assets/sounds/mainMenuHover.wav" was not found!
21:06:45.770 [JavaFX Application Thread] WARN  FXGLAssetLoaderServi - Failed to load SOUND
21:06:46.331 [JavaFX Application Thread] WARN  FXGLAssetLoaderServi - Asset "/assets/sounds/mainMenuHover.wav" was not found!
21:06:46.332 [JavaFX Application Thread] WARN  FXGLAssetLoaderServi - Failed to load SOUND
21:06:46.466 [JavaFX Application Thread] WARN  FXGLAssetLoaderServi - Asset "/assets/sounds/mainMenuHover.wav" was not found!
21:06:46.466 [JavaFX Application Thread] WARN  FXGLAssetLoaderServi - Failed to load SOUND
21:06:46.613 [FXGL Background Thread 3 ] DEBUG Engine               - Logging environment variables
21:06:46.613 [FXGL Background Thread 3 ] DEBUG Engine               - achievements: []
21:06:46.613 [FXGL Background Thread 3 ] DEBUG Engine               - actualHeight: 800.0
21:06:46.614 [FXGL Background Thread 3 ] DEBUG Engine               - actualHeightProperty: ReadOnlyDoubleProperty [value: 800.0]
21:06:46.614 [FXGL Background Thread 3 ] DEBUG Engine               - actualWidth: 800.0
21:06:46.614 [FXGL Background Thread 3 ] DEBUG Engine               - actualWidthProperty: ReadOnlyDoubleProperty [value: 800.0]
21:06:46.614 [FXGL Background Thread 3 ] DEBUG Engine               - appIcon: fxgl_icon.png
21:06:46.614 [FXGL Background Thread 3 ] DEBUG Engine               - applicationMode: DEVELOPER
21:06:46.614 [FXGL Background Thread 3 ] DEBUG Engine               - cSSList: [fxgl_dark.css]
21:06:46.614 [FXGL Background Thread 3 ] DEBUG Engine               - collisionDetectionStrategy: BRUTE_FORCE
21:06:46.614 [FXGL Background Thread 3 ] DEBUG Engine               - configClass: Optional.empty
21:06:46.614 [FXGL Background Thread 3 ] DEBUG Engine               - credits: []
21:06:46.614 [FXGL Background Thread 3 ] DEBUG Engine               - defaultCursor: CursorInfo(imageName=fxgl_default_cursor.png, hotspotX=7.0, hotspotY=6.0)
21:06:46.615 [FXGL Background Thread 3 ] DEBUG Engine               - devBBoxColorProperty: ObjectProperty [value: 0xff0000ff]
21:06:46.615 [FXGL Background Thread 3 ] DEBUG Engine               - devEnableDebugCameraProperty: BooleanProperty [value: false]
21:06:46.615 [FXGL Background Thread 3 ] DEBUG Engine               - devSensorColorProperty: ObjectProperty [value: 0xffff00ff]
21:06:46.615 [FXGL Background Thread 3 ] DEBUG Engine               - devShowBBoxProperty: BooleanProperty [value: false]
21:06:46.615 [FXGL Background Thread 3 ] DEBUG Engine               - devShowPositionProperty: BooleanProperty [value: false]
21:06:46.615 [FXGL Background Thread 3 ] DEBUG Engine               - enabledMenuItems: []
21:06:46.615 [FXGL Background Thread 3 ] DEBUG Engine               - engineServices: [class com.almasb.fxgl.app.services.FXGLAssetLoaderService, class com.almasb.fxgl.app.FXGLApplication$GameApplicationService, class com.almasb.fxgl.app.services.FXGLDialogService, class com.almasb.fxgl.app.services.IOTaskExecutorService, class com.almasb.fxgl.io.FileSystemService, class com.almasb.fxgl.localization.LocalizationService, class com.almasb.fxgl.app.services.SystemBundleService, class com.almasb.fxgl.profile.SaveLoadService, class com.almasb.fxgl.ui.FXGLUIFactoryServiceProvider, class com.almasb.fxgl.ui.FXGLDialogFactoryServiceProvider, class com.almasb.fxgl.audio.AudioPlayer, class com.almasb.fxgl.notification.impl.NotificationServiceProvider, class com.almasb.fxgl.achievement.AchievementService, class com.almasb.fxgl.cutscene.CutsceneService, class com.almasb.fxgl.minigames.MiniGameService, class com.almasb.fxgl.net.NetService, class com.almasb.fxgl.app.services.UpdaterService, class com.almasb.fxgl.dev.DevService]
21:06:46.615 [FXGL Background Thread 3 ] DEBUG Engine               - fontGame: Abel-Regular.ttf
21:06:46.615 [FXGL Background Thread 3 ] DEBUG Engine               - fontMono: TerminalLandMono-Regular.otf
21:06:46.615 [FXGL Background Thread 3 ] DEBUG Engine               - fontText: Courier-Prime.ttf
21:06:46.615 [FXGL Background Thread 3 ] DEBUG Engine               - fontUI: VarelaRound-Regular.ttf
21:06:46.616 [FXGL Background Thread 3 ] DEBUG Engine               - fullScreen: BooleanProperty [value: false]
21:06:46.616 [FXGL Background Thread 3 ] DEBUG Engine               - gameDifficulty: MEDIUM
21:06:46.616 [FXGL Background Thread 3 ] DEBUG Engine               - gameDifficultyProperty: ObjectProperty [value: MEDIUM]
21:06:46.616 [FXGL Background Thread 3 ] DEBUG Engine               - globalMusicVolume: 0.5
21:06:46.616 [FXGL Background Thread 3 ] DEBUG Engine               - globalMusicVolumeProperty: DoubleProperty [value: 0.5]
21:06:46.616 [FXGL Background Thread 3 ] DEBUG Engine               - globalSoundVolume: 0.5
21:06:46.616 [FXGL Background Thread 3 ] DEBUG Engine               - globalSoundVolumeProperty: DoubleProperty [value: 0.5]
21:06:46.616 [FXGL Background Thread 3 ] DEBUG Engine               - height: 800
21:06:46.616 [FXGL Background Thread 3 ] DEBUG Engine               - is3D: false
21:06:46.616 [FXGL Background Thread 3 ] DEBUG Engine               - isAndroid: false
21:06:46.616 [FXGL Background Thread 3 ] DEBUG Engine               - isBrowser: false
21:06:46.616 [FXGL Background Thread 3 ] DEBUG Engine               - isClickFeedbackEnabled: false
21:06:46.616 [FXGL Background Thread 3 ] DEBUG Engine               - isCloseConfirmation: false
21:06:46.617 [FXGL Background Thread 3 ] DEBUG Engine               - isDesktop: true
21:06:46.617 [FXGL Background Thread 3 ] DEBUG Engine               - isDeveloperMenuEnabled: false
21:06:46.617 [FXGL Background Thread 3 ] DEBUG Engine               - isEmbedded: false
21:06:46.617 [FXGL Background Thread 3 ] DEBUG Engine               - isEntityPreloadEnabled: true
21:06:46.617 [FXGL Background Thread 3 ] DEBUG Engine               - isExperimentalTiledLargeMap: false
21:06:46.617 [FXGL Background Thread 3 ] DEBUG Engine               - isFileSystemWriteAllowed: true
21:06:46.617 [FXGL Background Thread 3 ] DEBUG Engine               - isFullScreenAllowed: false
21:06:46.617 [FXGL Background Thread 3 ] DEBUG Engine               - isFullScreenFromStart: false
21:06:46.617 [FXGL Background Thread 3 ] DEBUG Engine               - isGameMenuEnabled: true
21:06:46.617 [FXGL Background Thread 3 ] DEBUG Engine               - isIOS: false
21:06:46.617 [FXGL Background Thread 3 ] DEBUG Engine               - isIntroEnabled: false
21:06:46.617 [FXGL Background Thread 3 ] DEBUG Engine               - isLinux: false
21:06:46.617 [FXGL Background Thread 3 ] DEBUG Engine               - isMac: false
21:06:46.617 [FXGL Background Thread 3 ] DEBUG Engine               - isMainMenuEnabled: true
21:06:46.618 [FXGL Background Thread 3 ] DEBUG Engine               - isManualResizeEnabled: true
21:06:46.618 [FXGL Background Thread 3 ] DEBUG Engine               - isMobile: false
21:06:46.618 [FXGL Background Thread 3 ] DEBUG Engine               - isNative: false
21:06:46.618 [FXGL Background Thread 3 ] DEBUG Engine               - isPauseMusicWhenMinimized: true
21:06:46.618 [FXGL Background Thread 3 ] DEBUG Engine               - isPreserveResizeRatio: true
21:06:46.618 [FXGL Background Thread 3 ] DEBUG Engine               - isProfilingEnabled: false
21:06:46.618 [FXGL Background Thread 3 ] DEBUG Engine               - isScaleAffectedOnResize: true
21:06:46.618 [FXGL Background Thread 3 ] DEBUG Engine               - isSingleStep: false
21:06:46.618 [FXGL Background Thread 3 ] DEBUG Engine               - isUserProfileEnabled: false
21:06:46.618 [FXGL Background Thread 3 ] DEBUG Engine               - isWindows: true
21:06:46.618 [FXGL Background Thread 3 ] DEBUG Engine               - language: ObjectProperty [value: ENGLISH]
21:06:46.618 [FXGL Background Thread 3 ] DEBUG Engine               - menuKey: ESCAPE
21:06:46.618 [FXGL Background Thread 3 ] DEBUG Engine               - mouseSensitivity: 0.2
21:06:46.619 [FXGL Background Thread 3 ] DEBUG Engine               - notificationViewClass: class com.almasb.fxgl.notification.view.XboxNotificationView
21:06:46.619 [FXGL Background Thread 3 ] DEBUG Engine               - pixelsPerMeter: 50.0
21:06:46.619 [FXGL Background Thread 3 ] DEBUG Engine               - platform: WINDOWS
21:06:46.619 [FXGL Background Thread 3 ] DEBUG Engine               - prefHeightProperty: ReadOnlyDoubleProperty [value: 800.0]
21:06:46.619 [FXGL Background Thread 3 ] DEBUG Engine               - prefWidthProperty: ReadOnlyDoubleProperty [value: 800.0]
21:06:46.619 [FXGL Background Thread 3 ] DEBUG Engine               - profileDir: profiles/
21:06:46.619 [FXGL Background Thread 3 ] DEBUG Engine               - profileName: StringProperty [value: DEFAULT]
21:06:46.619 [FXGL Background Thread 3 ] DEBUG Engine               - randomSeed: -1
21:06:46.619 [FXGL Background Thread 3 ] DEBUG Engine               - runtimeInfo: RuntimeInfo(platform=WINDOWS, version=17.2, build=20.08.2022 16.50)
21:06:46.619 [FXGL Background Thread 3 ] DEBUG Engine               - saveFileExt: sav
21:06:46.619 [FXGL Background Thread 3 ] DEBUG Engine               - scaledHeightProp$fxgl: DoubleProperty [bound, value: 800.0]
21:06:46.619 [FXGL Background Thread 3 ] DEBUG Engine               - scaledWidthProp$fxgl: DoubleProperty [bound, value: 800.0]
21:06:46.619 [FXGL Background Thread 3 ] DEBUG Engine               - sceneFactory: testPackage.McDonalismApp$1@127afbb
21:06:46.619 [FXGL Background Thread 3 ] DEBUG Engine               - secondsIn24h: 60
21:06:46.619 [FXGL Background Thread 3 ] DEBUG Engine               - soundMenuBack: menu/back.wav
21:06:46.619 [FXGL Background Thread 3 ] DEBUG Engine               - soundMenuPress: menu/press.wav
21:06:46.619 [FXGL Background Thread 3 ] DEBUG Engine               - soundMenuSelect: menu/select.wav
21:06:46.619 [FXGL Background Thread 3 ] DEBUG Engine               - soundNotification: core/notification.wav
21:06:46.620 [FXGL Background Thread 3 ] DEBUG Engine               - stageStyle: DECORATED
21:06:46.620 [FXGL Background Thread 3 ] DEBUG Engine               - supportedLanguages: [ENGLISH, FRENCH, GERMAN, HUNGARIAN, RUSSIAN]
21:06:46.620 [FXGL Background Thread 3 ] DEBUG Engine               - ticksPerSecond: -1
21:06:46.620 [FXGL Background Thread 3 ] DEBUG Engine               - title: McDonalism
21:06:46.620 [FXGL Background Thread 3 ] DEBUG Engine               - urlGithub: https://github.com/AlmasB/FXGL
21:06:46.620 [FXGL Background Thread 3 ] DEBUG Engine               - urlLeaderboard: http://fxgl-top.herokuapp.com/
21:06:46.620 [FXGL Background Thread 3 ] DEBUG Engine               - urlPOM: https://raw.githubusercontent.com/AlmasB/FXGL/release/README.md
21:06:46.620 [FXGL Background Thread 3 ] DEBUG Engine               - userAppClass: class testPackage.McDonalismApp
21:06:46.620 [FXGL Background Thread 3 ] DEBUG Engine               - version: 0.1
21:06:46.620 [FXGL Background Thread 3 ] DEBUG Engine               - versionCheckDays: 7
21:06:46.620 [FXGL Background Thread 3 ] DEBUG Engine               - width: 800
21:06:46.620 [FXGL Background Thread 3 ] DEBUG Engine               - Logging services
21:06:46.620 [FXGL Background Thread 3 ] DEBUG Engine               - class com.almasb.fxgl.app.services.FXGLAssetLoaderService
21:06:46.620 [FXGL Background Thread 3 ] DEBUG Engine               - class com.almasb.fxgl.app.FXGLApplication$GameApplicationService
21:06:46.620 [FXGL Background Thread 3 ] DEBUG Engine               - class com.almasb.fxgl.app.services.FXGLDialogService
21:06:46.620 [FXGL Background Thread 3 ] DEBUG Engine               - class com.almasb.fxgl.app.services.IOTaskExecutorService
21:06:46.620 [FXGL Background Thread 3 ] DEBUG Engine               - class com.almasb.fxgl.io.FileSystemService
21:06:46.620 [FXGL Background Thread 3 ] DEBUG Engine               - class com.almasb.fxgl.localization.LocalizationService
21:06:46.620 [FXGL Background Thread 3 ] DEBUG Engine               - class com.almasb.fxgl.app.services.SystemBundleService
21:06:46.621 [FXGL Background Thread 3 ] DEBUG Engine               - class com.almasb.fxgl.profile.SaveLoadService
21:06:46.621 [FXGL Background Thread 3 ] DEBUG Engine               - class com.almasb.fxgl.ui.FXGLUIFactoryServiceProvider
21:06:46.621 [FXGL Background Thread 3 ] DEBUG Engine               - class com.almasb.fxgl.ui.FXGLDialogFactoryServiceProvider
21:06:46.621 [FXGL Background Thread 3 ] DEBUG Engine               - class com.almasb.fxgl.audio.AudioPlayer
21:06:46.621 [FXGL Background Thread 3 ] DEBUG Engine               - class com.almasb.fxgl.notification.impl.NotificationServiceProvider
21:06:46.621 [FXGL Background Thread 3 ] DEBUG Engine               - class com.almasb.fxgl.achievement.AchievementService
21:06:46.621 [FXGL Background Thread 3 ] DEBUG Engine               - class com.almasb.fxgl.cutscene.CutsceneService
21:06:46.621 [FXGL Background Thread 3 ] DEBUG Engine               - class com.almasb.fxgl.minigames.MiniGameService
21:06:46.621 [FXGL Background Thread 3 ] DEBUG Engine               - class com.almasb.fxgl.net.NetService
21:06:46.621 [FXGL Background Thread 3 ] DEBUG Engine               - class com.almasb.fxgl.app.services.UpdaterService
21:06:46.621 [FXGL Background Thread 3 ] DEBUG Engine               - class com.almasb.fxgl.dev.DevService
21:06:46.828 [JavaFX Application Thread] WARN  FXGLAssetLoaderServi - Asset "/assets/sounds/mainMenuHover.wav" was not found!
21:06:46.828 [JavaFX Application Thread] WARN  FXGLAssetLoaderServi - Failed to load SOUND
21:06:46.966 [JavaFX Application Thread] WARN  FXGLAssetLoaderServi - Asset "/assets/sounds/mainMenuHover.wav" was not found!
21:06:46.966 [JavaFX Application Thread] WARN  FXGLAssetLoaderServi - Failed to load SOUND
21:06:47.549 [JavaFX Application Thread] WARN  FXGLAssetLoaderServi - Asset "/assets/sounds/mainMenuHover.wav" was not found!
21:06:47.549 [JavaFX Application Thread] WARN  FXGLAssetLoaderServi - Failed to load SOUND
21:06:47.661 [JavaFX Application Thread] WARN  FXGLAssetLoaderServi - Asset "/assets/sounds/select.wav" was not found!
21:06:47.661 [JavaFX Application Thread] WARN  FXGLAssetLoaderServi - Failed to load SOUND
21:06:47.661 [JavaFX Application Thread] DEBUG Menu                 - fireExit()
21:06:47.664 [JavaFX Application Thread] DEBUG PrimaryStageWindow   - Push state: DialogSubScene
21:06:47.664 [JavaFX Application Thread] DEBUG Input                - Clearing active input actions
21:06:47.665 [JavaFX Application Thread] DEBUG GameApplicationServi - Removing overlay from MainMenu and adding to DialogSubScene
21:06:47.665 [JavaFX Application Thread] DEBUG PrimaryStageWindow   - MainMenu -> DialogSubScene
21:06:48.798 [JavaFX Application Thread] DEBUG PrimaryStageWindow   - Pop state: DialogSubScene
21:06:48.798 [JavaFX Application Thread] DEBUG Input                - Clearing active input actions
21:06:48.799 [JavaFX Application Thread] DEBUG GameApplicationServi - Removing overlay from DialogSubScene and adding to MainMenu
21:06:48.799 [JavaFX Application Thread] DEBUG PrimaryStageWindow   - MainMenu <- DialogSubScene
21:06:48.799 [JavaFX Application Thread] DEBUG FXGLApplication      - Exiting FXGL
21:06:48.799 [JavaFX Application Thread] DEBUG LoopRunner           - Stopping loop
21:06:48.799 [JavaFX Application Thread] DEBUG SystemBundleService  - Saving FXGL system data
21:06:48.802 [JavaFX Application Thread] DEBUG FileSystemAccess     - Writing to: C:\Users\Meo\Documents\GitHub\122090288_javaProject\system\fxgl.bundle
21:06:48.803 [JavaFX Application Thread] DEBUG Async                - Shutting down background threads
21:06:48.803 [JavaFX Application Thread] DEBUG PrimaryStageWindow   - Closing main window
21:06:48.811 [JavaFX Application Thread] DEBUG Logger               - Closing Logger
