17:48:56.247 [main                     ] DEBUG Logger               - Configured Logger
17:48:56.263 [main                     ] DEBUG GameApplication      - Logging settings
Title: McDonalism
Version: 0.1
Width: 800
Height: 800
Fullscreen: false
Intro: false
Profiling: false
Single step:false
App Mode: DEVELOPER
Menu Key: ESCAPE
Stage Style: DECORATED
Scene Factory: class com.almasb.fxgl.app.scene.SceneFactory

17:48:56.465 [JavaFX Application Thread] DEBUG FXGLApplication      - Initializing FXGL
17:48:56.468 [JavaFX Application Thread] INFO  Engine               - FXGL-17.2 (20.08.2022 16.50) on MAC (J:17.0.6 FX:18)
17:48:56.468 [JavaFX Application Thread] DEBUG Engine               - JRE Vendor Name: Amazon.com Inc.
17:48:56.469 [JavaFX Application Thread] DEBUG Engine               - Running on OS: Mac OS X version 13.2.1
17:48:56.469 [JavaFX Application Thread] DEBUG Engine               - Architecture: aarch64
17:48:56.469 [JavaFX Application Thread] INFO  Engine               - Source code and latest versions at: https://github.com/AlmasB/FXGL
17:48:56.469 [JavaFX Application Thread] INFO  Engine               -       Ask questions and discuss at: https://github.com/AlmasB/FXGL/discussions
17:48:56.469 [JavaFX Application Thread] INFO  Engine               -              Join the FXGL chat at: https://gitter.im/AlmasB/FXGL
17:48:56.511 [JavaFX Application Thread] DEBUG PrimaryStageWindow   - Creating a JavaFX scene
17:48:56.531 [JavaFX Application Thread] DEBUG PrimaryStageWindow   - Target settings size: 800.0 x 800.0
17:48:56.531 [JavaFX Application Thread] DEBUG PrimaryStageWindow   - Scaled scene size:    800.0 x 800.0
17:48:56.532 [JavaFX Application Thread] DEBUG PrimaryStageWindow   - Scaled ratio: (1.0, 1.0)
17:48:56.532 [JavaFX Application Thread] DEBUG PrimaryStageWindow   - Set initial scene to FXGLStartupScene
17:48:56.535 [JavaFX Application Thread] DEBUG PrimaryStageWindow   - Opening main window
17:48:56.577 [JavaFX Application Thread] DEBUG PrimaryStageWindow   - Window border size: (0.0, 28.0)
17:48:56.577 [JavaFX Application Thread] DEBUG PrimaryStageWindow   - Scaled size: 800.0 x 800.0
17:48:56.577 [JavaFX Application Thread] DEBUG PrimaryStageWindow   - Scaled ratio: (1.0, 1.0)
17:48:56.578 [JavaFX Application Thread] DEBUG PrimaryStageWindow   - Scene size: 800.0 x 800.0
17:48:56.578 [JavaFX Application Thread] DEBUG PrimaryStageWindow   - Stage size: 800.0 x 828.0
17:48:56.581 [FXGL Background Thread 1 ] DEBUG Engine               - Initializing environment variables
17:48:56.596 [FXGL Background Thread 1 ] DEBUG FXGLAssetLoaderServi - User app class for loading assets: class testPackage.McDonalismApp
17:48:56.596 [FXGL Background Thread 1 ] DEBUG GameApplicationServi - Applying CSS: fxgl_dark.css
17:48:56.597 [FXGL Background Thread 1 ] DEBUG FXGLAssetLoaderServi - Loading from file system: jar:file:///Users/meo/.m2/repository/com/github/almasb/fxgl/17.2/fxgl-17.2.jar!/fxglassets/ui/css/fxgl_dark.css
17:48:56.619 [FXGL Background Thread 1 ] DEBUG GameApplicationServi - Initializing application scenes
17:48:56.757 [FXGL Background Thread 1 ] DEBUG GameWorld            - Game world initialized
17:48:56.786 [FXGL Background Thread 1 ] DEBUG PhysicsWorld         - Physics world initialized: appHeight=800, physics.ppm=50.0
17:48:56.786 [FXGL Background Thread 1 ] DEBUG PhysicsWorld         - Using strategy: BRUTE_FORCE
17:48:56.788 [FXGL Background Thread 1 ] DEBUG GameScene            - Game scene initialized: 800x800
17:48:56.796 [FXGL Background Thread 1 ] DEBUG FXGL.DefaultMenu     - createMenuBodyMainMenu()
17:48:56.803 [FXGL Background Thread 1 ] DEBUG FXGL.DefaultMenu     - createOptionsMenu()
17:48:56.808 [FXGL Background Thread 1 ] DEBUG FXGLAssetLoaderServi - Loading from file system: jar:file:///Users/meo/.m2/repository/com/github/almasb/fxgl/17.2/fxgl-17.2.jar!/fxglassets/textures/particles/smoke.png
17:48:56.855 [FXGL Background Thread 1 ] DEBUG FXGLAssetLoaderServi - Loading from file system: jar:file:///Users/meo/.m2/repository/com/github/almasb/fxgl/17.2/fxgl-17.2.jar!/fxglassets/textures/particles/trace_horizontal.png
17:48:56.870 [FXGL Background Thread 1 ] DEBUG FXGL.DefaultMenu     - createMenuBodyGameMenu()
17:48:56.871 [FXGL Background Thread 1 ] DEBUG FXGL.DefaultMenu     - createOptionsMenu()
17:48:56.885 [FXGL Background Thread 1 ] DEBUG GameApplicationServi - Application scenes initialized
17:48:56.894 [FXGL Background Thread 1 ] DEBUG SystemBundleService  - Loading FXGL system data
17:48:56.896 [FXGL Background Thread 1 ] DEBUG FileSystemAccess     - Reading from: /Users/meo/Desktop/CSC1004/javaproject/CSC1004java/system/fxgl.bundle
17:48:56.900 [FXGL Background Thread 1 ] DEBUG SystemBundleService  - Bundle FXGL: {}
17:48:56.900 [FXGL Background Thread 1 ] DEBUG UpdaterService       - Checking for updates
17:48:56.902 [FXGL Background Thread 4 ] DEBUG FXGLApplication      - Loading fonts
17:48:56.902 [FXGL Background Thread 4 ] DEBUG FXGLAssetLoaderServi - Loading from file system: jar:file:///Users/meo/.m2/repository/com/github/almasb/fxgl/17.2/fxgl-17.2.jar!/fxglassets/ui/fonts/VarelaRound-Regular.ttf
17:48:56.902 [FXGL Background Thread 1 ] DEBUG FXGLApplication      - Loading default localization
17:48:56.902 [FXGL Background Thread 1 ] DEBUG FXGLAssetLoaderServi - Loading from file system: jar:file:///Users/meo/.m2/repository/com/github/almasb/fxgl/17.2/fxgl-17.2.jar!/fxglassets/languages/english.lang
17:48:56.909 [FXGL Background Thread 4 ] DEBUG FXGLAssetLoaderServi - Loading from file system: jar:file:///Users/meo/.m2/repository/com/github/almasb/fxgl/17.2/fxgl-17.2.jar!/fxglassets/ui/fonts/Abel-Regular.ttf
17:48:56.910 [FXGL Background Thread 1 ] INFO  FXGLApplication      - FXGL initialization took: 0.330 sec
17:48:56.911 [FXGL Background Thread 4 ] DEBUG FXGLAssetLoaderServi - Loading from file system: jar:file:///Users/meo/.m2/repository/com/github/almasb/fxgl/17.2/fxgl-17.2.jar!/fxglassets/ui/fonts/TerminalLandMono-Regular.otf
17:48:56.913 [FXGL Background Thread 4 ] DEBUG FXGLAssetLoaderServi - Loading from file system: jar:file:///Users/meo/.m2/repository/com/github/almasb/fxgl/17.2/fxgl-17.2.jar!/fxglassets/ui/fonts/Courier-Prime.ttf
17:48:56.914 [JavaFX Application Thread] DEBUG Input                - Registered new binding: Up - W
17:48:56.914 [JavaFX Application Thread] DEBUG Input                - Registered new binding: Down - S
17:48:56.915 [JavaFX Application Thread] DEBUG Input                - Registered new binding: Left - A
17:48:56.915 [JavaFX Application Thread] DEBUG Input                - Registered new binding: Right - D
17:48:56.915 [JavaFX Application Thread] DEBUG Input                - Registered new binding: Shoot - LMB
17:48:56.915 [JavaFX Application Thread] DEBUG FXGLAssetLoaderServi - Loading from file system: jar:file:///Users/meo/.m2/repository/com/github/almasb/fxgl/17.2/fxgl-17.2.jar!/fxglassets/textures/fxgl_icon.png
17:48:56.931 [JavaFX Application Thread] DEBUG FXGLAssetLoaderServi - Loading from file system: jar:file:///Users/meo/.m2/repository/com/github/almasb/fxgl/17.2/fxgl-17.2.jar!/fxglassets/textures/fxgl_default_cursor.png
17:48:56.932 [JavaFX Application Thread] DEBUG Input                - Registered new binding: Screenshot - CTRL+8
17:48:56.932 [JavaFX Application Thread] DEBUG Input                - Registered new binding: System info dump - CTRL+9
17:48:56.932 [JavaFX Application Thread] DEBUG Input                - Registered new binding: Restart - CTRL+R
17:48:56.933 [JavaFX Application Thread] DEBUG Input                - Registered new binding: Toggle Debug Camera - CTRL+7
17:48:56.934 [JavaFX Application Thread] DEBUG LoopRunner           - Starting loop
17:48:56.934 [JavaFX Application Thread] DEBUG LoopRunner           - Initializing JavaFX AnimationTimerLoop
17:48:56.935 [JavaFX Application Thread] DEBUG Input                - Clearing active input actions
17:48:56.938 [JavaFX Application Thread] DEBUG GameApplicationServi - Removing overlay from FXGLStartupScene and adding to FXGLMainMenuDummyScene
17:48:56.938 [JavaFX Application Thread] DEBUG PrimaryStageWindow   - FXGLStartupScene -> FXGLMainMenuDummyScene
17:48:56.938 [JavaFX Application Thread] DEBUG PrimaryStageWindow   - Push state: FXGLDefaultMenu
17:48:56.940 [JavaFX Application Thread] DEBUG Input                - Clearing active input actions
17:48:56.943 [JavaFX Application Thread] DEBUG GameApplicationServi - Removing overlay from FXGLMainMenuDummyScene and adding to FXGLDefaultMenu
17:48:56.943 [JavaFX Application Thread] DEBUG PrimaryStageWindow   - FXGLMainMenuDummyScene -> FXGLDefaultMenu
17:48:56.963 [JavaFX Application Thread] DEBUG FXGLApplication      - Registering font factories with UI factory
17:48:57.583 [JavaFX Application Thread] DEBUG Menu                 - fireNewGame()
17:48:57.583 [JavaFX Application Thread] DEBUG GameApplicationServi - Starting new game
17:48:57.584 [JavaFX Application Thread] DEBUG PrimaryStageWindow   - Pop state: FXGLDefaultMenu
17:48:57.584 [JavaFX Application Thread] DEBUG Input                - Clearing active input actions
17:48:57.584 [JavaFX Application Thread] DEBUG GameApplicationServi - Removing overlay from FXGLDefaultMenu and adding to FXGLMainMenuDummyScene
17:48:57.585 [JavaFX Application Thread] DEBUG PrimaryStageWindow   - FXGLMainMenuDummyScene <- FXGLDefaultMenu
17:48:57.585 [JavaFX Application Thread] DEBUG Input                - Clearing active input actions
17:48:57.589 [JavaFX Application Thread] DEBUG GameApplicationServi - Removing overlay from FXGLMainMenuDummyScene and adding to FXGLLoadingScene
17:48:57.589 [JavaFX Application Thread] DEBUG PrimaryStageWindow   - FXGLMainMenuDummyScene -> FXGLLoadingScene
17:48:57.589 [JavaFX Application Thread] DEBUG GameApplicationServi - Clearing previous game
17:48:57.589 [JavaFX Application Thread] DEBUG GameScene            - Clearing game scene
17:48:57.589 [JavaFX Application Thread] DEBUG GameWorld            - Clearing game world
17:48:57.589 [JavaFX Application Thread] DEBUG PhysicsWorld         - Clearing physics world
17:48:57.590 [FXGL Background Thread 2 ] DEBUG FXGLApplication      - Initializing game
17:48:57.590 [FXGL Background Thread 2 ] DEBUG FXGLAssetLoaderServi - Loading from file system: file:/Users/meo/Desktop/CSC1004/javaproject/CSC1004java/target/classes/assets/music/Crypteque1.mp3
17:48:57.811 [FXGL Background Thread 2 ] DEBUG AudioPlayer          - Playing music com.almasb.fxgl.audio.Music@3ea605cc
17:48:57.828 [FXGL Background Thread 2 ] WARN  TMXLevelLoader       - TiledMap generated from 1.9.2. Supported version: 1.9.0. Some features may not be parsed fully.
17:48:57.831 [FXGL Background Thread 2 ] DEBUG TMXLevelLoader       - Parsed TiledMap: file:/Users/meo/Desktop/CSC1004/javaproject/CSC1004java/target/classes/assets/levels/TestLevel.tmx
17:48:57.831 [FXGL Background Thread 2 ] DEBUG TMXLevelLoader       - Creating tile layer entities
17:48:57.832 [FXGL Background Thread 2 ] DEBUG TilesetLoader        - Loading view for layer p1
17:48:57.832 [FXGL Background Thread 2 ] DEBUG TilesetLoader        - Created buffer with size 800.0x800.0
17:48:57.840 [FXGL Background Thread 2 ] DEBUG TMXLevelLoader       - Creating object layer entities
17:48:57.840 [FXGL Background Thread 2 ] DEBUG GameWorld            - Clearing removable entities
17:48:57.841 [FXGL Background Thread 2 ] DEBUG GameWorld            - Setting level: com.almasb.fxgl.entity.level.Level@7e6921d0
17:48:57.854 [FXGL Background Thread 2 ] INFO  FXGLApplication      - Game initialization took: 0.264 sec
17:48:57.974 [JavaFX Application Thread] DEBUG Input                - Clearing active input actions
17:48:57.977 [JavaFX Application Thread] DEBUG GameApplicationServi - Removing overlay from FXGLLoadingScene and adding to GameScene
17:48:57.977 [JavaFX Application Thread] DEBUG PrimaryStageWindow   - FXGLLoadingScene -> GameScene
17:48:58.478 [JavaFX Application Thread] DEBUG FXGLAssetLoaderServi - Loading from file system: file:/Users/meo/Desktop/CSC1004/javaproject/CSC1004java/target/classes/assets/textures/brick.png
17:48:59.906 [FXGL Background Thread 3 ] DEBUG Engine               - Logging environment variables
17:48:59.907 [FXGL Background Thread 3 ] DEBUG Engine               - achievements: []
17:48:59.907 [FXGL Background Thread 3 ] DEBUG Engine               - actualHeight: 800.0
17:48:59.907 [FXGL Background Thread 3 ] DEBUG Engine               - actualHeightProperty: ReadOnlyDoubleProperty [value: 800.0]
17:48:59.907 [FXGL Background Thread 3 ] DEBUG Engine               - actualWidth: 800.0
17:48:59.907 [FXGL Background Thread 3 ] DEBUG Engine               - actualWidthProperty: ReadOnlyDoubleProperty [value: 800.0]
17:48:59.907 [FXGL Background Thread 3 ] DEBUG Engine               - appIcon: fxgl_icon.png
17:48:59.907 [FXGL Background Thread 3 ] DEBUG Engine               - applicationMode: DEVELOPER
17:48:59.907 [FXGL Background Thread 3 ] DEBUG Engine               - cSSList: [fxgl_dark.css]
17:48:59.907 [FXGL Background Thread 3 ] DEBUG Engine               - collisionDetectionStrategy: BRUTE_FORCE
17:48:59.907 [FXGL Background Thread 3 ] DEBUG Engine               - configClass: Optional.empty
17:48:59.907 [FXGL Background Thread 3 ] DEBUG Engine               - credits: []
17:48:59.908 [FXGL Background Thread 3 ] DEBUG Engine               - defaultCursor: CursorInfo(imageName=fxgl_default_cursor.png, hotspotX=7.0, hotspotY=6.0)
17:48:59.908 [FXGL Background Thread 3 ] DEBUG Engine               - devBBoxColorProperty: ObjectProperty [value: 0xff0000ff]
17:48:59.908 [FXGL Background Thread 3 ] DEBUG Engine               - devEnableDebugCameraProperty: BooleanProperty [value: false]
17:48:59.908 [FXGL Background Thread 3 ] DEBUG Engine               - devSensorColorProperty: ObjectProperty [value: 0xffff00ff]
17:48:59.908 [FXGL Background Thread 3 ] DEBUG Engine               - devShowBBoxProperty: BooleanProperty [value: false]
17:48:59.908 [FXGL Background Thread 3 ] DEBUG Engine               - devShowPositionProperty: BooleanProperty [value: false]
17:48:59.908 [FXGL Background Thread 3 ] DEBUG Engine               - enabledMenuItems: []
17:48:59.908 [FXGL Background Thread 3 ] DEBUG Engine               - engineServices: [class com.almasb.fxgl.app.services.FXGLAssetLoaderService, class com.almasb.fxgl.app.FXGLApplication$GameApplicationService, class com.almasb.fxgl.app.services.FXGLDialogService, class com.almasb.fxgl.app.services.IOTaskExecutorService, class com.almasb.fxgl.io.FileSystemService, class com.almasb.fxgl.localization.LocalizationService, class com.almasb.fxgl.app.services.SystemBundleService, class com.almasb.fxgl.profile.SaveLoadService, class com.almasb.fxgl.ui.FXGLUIFactoryServiceProvider, class com.almasb.fxgl.ui.FXGLDialogFactoryServiceProvider, class com.almasb.fxgl.audio.AudioPlayer, class com.almasb.fxgl.notification.impl.NotificationServiceProvider, class com.almasb.fxgl.achievement.AchievementService, class com.almasb.fxgl.cutscene.CutsceneService, class com.almasb.fxgl.minigames.MiniGameService, class com.almasb.fxgl.net.NetService, class com.almasb.fxgl.app.services.UpdaterService, class com.almasb.fxgl.dev.DevService]
17:48:59.908 [FXGL Background Thread 3 ] DEBUG Engine               - fontGame: Abel-Regular.ttf
17:48:59.908 [FXGL Background Thread 3 ] DEBUG Engine               - fontMono: TerminalLandMono-Regular.otf
17:48:59.908 [FXGL Background Thread 3 ] DEBUG Engine               - fontText: Courier-Prime.ttf
17:48:59.908 [FXGL Background Thread 3 ] DEBUG Engine               - fontUI: VarelaRound-Regular.ttf
17:48:59.908 [FXGL Background Thread 3 ] DEBUG Engine               - fullScreen: BooleanProperty [value: false]
17:48:59.908 [FXGL Background Thread 3 ] DEBUG Engine               - gameDifficulty: MEDIUM
17:48:59.908 [FXGL Background Thread 3 ] DEBUG Engine               - gameDifficultyProperty: ObjectProperty [value: MEDIUM]
17:48:59.908 [FXGL Background Thread 3 ] DEBUG Engine               - globalMusicVolume: 0.5
17:48:59.908 [FXGL Background Thread 3 ] DEBUG Engine               - globalMusicVolumeProperty: DoubleProperty [value: 0.5]
17:48:59.908 [FXGL Background Thread 3 ] DEBUG Engine               - globalSoundVolume: 0.5
17:48:59.909 [FXGL Background Thread 3 ] DEBUG Engine               - globalSoundVolumeProperty: DoubleProperty [value: 0.5]
17:48:59.909 [FXGL Background Thread 3 ] DEBUG Engine               - height: 800
17:48:59.909 [FXGL Background Thread 3 ] DEBUG Engine               - is3D: false
17:48:59.909 [FXGL Background Thread 3 ] DEBUG Engine               - isAndroid: false
17:48:59.909 [FXGL Background Thread 3 ] DEBUG Engine               - isBrowser: false
17:48:59.909 [FXGL Background Thread 3 ] DEBUG Engine               - isClickFeedbackEnabled: false
17:48:59.909 [FXGL Background Thread 3 ] DEBUG Engine               - isCloseConfirmation: false
17:48:59.909 [FXGL Background Thread 3 ] DEBUG Engine               - isDesktop: true
17:48:59.909 [FXGL Background Thread 3 ] DEBUG Engine               - isDeveloperMenuEnabled: false
17:48:59.909 [FXGL Background Thread 3 ] DEBUG Engine               - isEmbedded: false
17:48:59.909 [FXGL Background Thread 3 ] DEBUG Engine               - isEntityPreloadEnabled: true
17:48:59.909 [FXGL Background Thread 3 ] DEBUG Engine               - isExperimentalTiledLargeMap: false
17:48:59.909 [FXGL Background Thread 3 ] DEBUG Engine               - isFileSystemWriteAllowed: true
17:48:59.909 [FXGL Background Thread 3 ] DEBUG Engine               - isFullScreenAllowed: false
17:48:59.909 [FXGL Background Thread 3 ] DEBUG Engine               - isFullScreenFromStart: false
17:48:59.909 [FXGL Background Thread 3 ] DEBUG Engine               - isGameMenuEnabled: true
17:48:59.909 [FXGL Background Thread 3 ] DEBUG Engine               - isIOS: false
17:48:59.909 [FXGL Background Thread 3 ] DEBUG Engine               - isIntroEnabled: false
17:48:59.909 [FXGL Background Thread 3 ] DEBUG Engine               - isLinux: false
17:48:59.909 [FXGL Background Thread 3 ] DEBUG Engine               - isMac: true
17:48:59.909 [FXGL Background Thread 3 ] DEBUG Engine               - isMainMenuEnabled: true
17:48:59.909 [FXGL Background Thread 3 ] DEBUG Engine               - isManualResizeEnabled: true
17:48:59.909 [FXGL Background Thread 3 ] DEBUG Engine               - isMobile: false
17:48:59.909 [FXGL Background Thread 3 ] DEBUG Engine               - isNative: false
17:48:59.909 [FXGL Background Thread 3 ] DEBUG Engine               - isPauseMusicWhenMinimized: true
17:48:59.909 [FXGL Background Thread 3 ] DEBUG Engine               - isPreserveResizeRatio: true
17:48:59.909 [FXGL Background Thread 3 ] DEBUG Engine               - isProfilingEnabled: false
17:48:59.910 [FXGL Background Thread 3 ] DEBUG Engine               - isScaleAffectedOnResize: true
17:48:59.910 [FXGL Background Thread 3 ] DEBUG Engine               - isSingleStep: false
17:48:59.910 [FXGL Background Thread 3 ] DEBUG Engine               - isUserProfileEnabled: false
17:48:59.910 [FXGL Background Thread 3 ] DEBUG Engine               - isWindows: false
17:48:59.910 [FXGL Background Thread 3 ] DEBUG Engine               - language: ObjectProperty [value: ENGLISH]
17:48:59.910 [FXGL Background Thread 3 ] DEBUG Engine               - menuKey: ESCAPE
17:48:59.910 [FXGL Background Thread 3 ] DEBUG Engine               - mouseSensitivity: 0.2
17:48:59.910 [FXGL Background Thread 3 ] DEBUG Engine               - notificationViewClass: class com.almasb.fxgl.notification.view.XboxNotificationView
17:48:59.910 [FXGL Background Thread 3 ] DEBUG Engine               - pixelsPerMeter: 50.0
17:48:59.910 [FXGL Background Thread 3 ] DEBUG Engine               - platform: MAC
17:48:59.910 [FXGL Background Thread 3 ] DEBUG Engine               - prefHeightProperty: ReadOnlyDoubleProperty [value: 800.0]
17:48:59.910 [FXGL Background Thread 3 ] DEBUG Engine               - prefWidthProperty: ReadOnlyDoubleProperty [value: 800.0]
17:48:59.910 [FXGL Background Thread 3 ] DEBUG Engine               - profileDir: profiles/
17:48:59.910 [FXGL Background Thread 3 ] DEBUG Engine               - profileName: StringProperty [value: DEFAULT]
17:48:59.910 [FXGL Background Thread 3 ] DEBUG Engine               - randomSeed: -1
17:48:59.910 [FXGL Background Thread 3 ] DEBUG Engine               - runtimeInfo: RuntimeInfo(platform=MAC, version=17.2, build=20.08.2022 16.50)
17:48:59.910 [FXGL Background Thread 3 ] DEBUG Engine               - saveFileExt: sav
17:48:59.910 [FXGL Background Thread 3 ] DEBUG Engine               - scaledHeightProp$fxgl: DoubleProperty [bound, value: 800.0]
17:48:59.910 [FXGL Background Thread 3 ] DEBUG Engine               - scaledWidthProp$fxgl: DoubleProperty [bound, value: 800.0]
17:48:59.910 [FXGL Background Thread 3 ] DEBUG Engine               - sceneFactory: com.almasb.fxgl.app.scene.SceneFactory@67e8d391
17:48:59.910 [FXGL Background Thread 3 ] DEBUG Engine               - secondsIn24h: 60
17:48:59.910 [FXGL Background Thread 3 ] DEBUG Engine               - soundMenuBack: menu/back.wav
17:48:59.910 [FXGL Background Thread 3 ] DEBUG Engine               - soundMenuPress: menu/press.wav
17:48:59.911 [FXGL Background Thread 3 ] DEBUG Engine               - soundMenuSelect: menu/select.wav
17:48:59.911 [FXGL Background Thread 3 ] DEBUG Engine               - soundNotification: core/notification.wav
17:48:59.911 [FXGL Background Thread 3 ] DEBUG Engine               - stageStyle: DECORATED
17:48:59.911 [FXGL Background Thread 3 ] DEBUG Engine               - supportedLanguages: [ENGLISH, FRENCH, GERMAN, HUNGARIAN, RUSSIAN]
17:48:59.911 [FXGL Background Thread 3 ] DEBUG Engine               - ticksPerSecond: -1
17:48:59.911 [FXGL Background Thread 3 ] DEBUG Engine               - title: McDonalism
17:48:59.911 [FXGL Background Thread 3 ] DEBUG Engine               - urlGithub: https://github.com/AlmasB/FXGL
17:48:59.911 [FXGL Background Thread 3 ] DEBUG Engine               - urlLeaderboard: http://fxgl-top.herokuapp.com/
17:48:59.911 [FXGL Background Thread 3 ] DEBUG Engine               - urlPOM: https://raw.githubusercontent.com/AlmasB/FXGL/release/README.md
17:48:59.911 [FXGL Background Thread 3 ] DEBUG Engine               - userAppClass: class testPackage.McDonalismApp
17:48:59.911 [FXGL Background Thread 3 ] DEBUG Engine               - version: 0.1
17:48:59.911 [FXGL Background Thread 3 ] DEBUG Engine               - versionCheckDays: 7
17:48:59.911 [FXGL Background Thread 3 ] DEBUG Engine               - width: 800
17:48:59.911 [FXGL Background Thread 3 ] DEBUG Engine               - Logging services
17:48:59.911 [FXGL Background Thread 3 ] DEBUG Engine               - class com.almasb.fxgl.app.services.FXGLAssetLoaderService
17:48:59.911 [FXGL Background Thread 3 ] DEBUG Engine               - class com.almasb.fxgl.app.FXGLApplication$GameApplicationService
17:48:59.911 [FXGL Background Thread 3 ] DEBUG Engine               - class com.almasb.fxgl.app.services.FXGLDialogService
17:48:59.911 [FXGL Background Thread 3 ] DEBUG Engine               - class com.almasb.fxgl.app.services.IOTaskExecutorService
17:48:59.911 [FXGL Background Thread 3 ] DEBUG Engine               - class com.almasb.fxgl.io.FileSystemService
17:48:59.911 [FXGL Background Thread 3 ] DEBUG Engine               - class com.almasb.fxgl.localization.LocalizationService
17:48:59.911 [FXGL Background Thread 3 ] DEBUG Engine               - class com.almasb.fxgl.app.services.SystemBundleService
17:48:59.911 [FXGL Background Thread 3 ] DEBUG Engine               - class com.almasb.fxgl.profile.SaveLoadService
17:48:59.911 [FXGL Background Thread 3 ] DEBUG Engine               - class com.almasb.fxgl.ui.FXGLUIFactoryServiceProvider
17:48:59.911 [FXGL Background Thread 3 ] DEBUG Engine               - class com.almasb.fxgl.ui.FXGLDialogFactoryServiceProvider
17:48:59.919 [FXGL Background Thread 3 ] DEBUG Engine               - class com.almasb.fxgl.audio.AudioPlayer
17:48:59.919 [FXGL Background Thread 3 ] DEBUG Engine               - class com.almasb.fxgl.notification.impl.NotificationServiceProvider
17:48:59.919 [FXGL Background Thread 3 ] DEBUG Engine               - class com.almasb.fxgl.achievement.AchievementService
17:48:59.919 [FXGL Background Thread 3 ] DEBUG Engine               - class com.almasb.fxgl.cutscene.CutsceneService
17:48:59.919 [FXGL Background Thread 3 ] DEBUG Engine               - class com.almasb.fxgl.minigames.MiniGameService
17:48:59.919 [FXGL Background Thread 3 ] DEBUG Engine               - class com.almasb.fxgl.net.NetService
17:48:59.919 [FXGL Background Thread 3 ] DEBUG Engine               - class com.almasb.fxgl.app.services.UpdaterService
17:48:59.919 [FXGL Background Thread 3 ] DEBUG Engine               - class com.almasb.fxgl.dev.DevService
17:49:04.801 [JavaFX Application Thread] DEBUG FXGLApplication      - Exiting FXGL
17:49:04.802 [JavaFX Application Thread] DEBUG LoopRunner           - Stopping loop
17:49:04.802 [JavaFX Application Thread] DEBUG SystemBundleService  - Saving FXGL system data
17:49:04.804 [JavaFX Application Thread] DEBUG FileSystemAccess     - Writing to: /Users/meo/Desktop/CSC1004/javaproject/CSC1004java/system/fxgl.bundle
17:49:04.804 [JavaFX Application Thread] DEBUG Async                - Shutting down background threads
17:49:04.804 [JavaFX Application Thread] DEBUG PrimaryStageWindow   - Closing main window
17:49:04.809 [JavaFX Application Thread] DEBUG Logger               - Closing Logger
