17:44:27.449 [main                     ] DEBUG Logger               - Configured Logger
17:44:27.465 [main                     ] DEBUG GameApplication      - Logging settings
Title: McDonalism
Version: 0.1
Width: 800
Height: 800
Fullscreen: false
Intro: false
Profiling: false
Single step:false
App Mode: DEVELOPER
Menu Key: ESCAPE
Stage Style: DECORATED
Scene Factory: class com.almasb.fxgl.app.scene.SceneFactory

17:44:27.661 [JavaFX Application Thread] DEBUG FXGLApplication      - Initializing FXGL
17:44:27.664 [JavaFX Application Thread] INFO  Engine               - FXGL-17.2 (20.08.2022 16.50) on MAC (J:17.0.6 FX:18)
17:44:27.665 [JavaFX Application Thread] DEBUG Engine               - JRE Vendor Name: Amazon.com Inc.
17:44:27.665 [JavaFX Application Thread] DEBUG Engine               - Running on OS: Mac OS X version 13.2.1
17:44:27.665 [JavaFX Application Thread] DEBUG Engine               - Architecture: aarch64
17:44:27.665 [JavaFX Application Thread] INFO  Engine               - Source code and latest versions at: https://github.com/AlmasB/FXGL
17:44:27.665 [JavaFX Application Thread] INFO  Engine               -       Ask questions and discuss at: https://github.com/AlmasB/FXGL/discussions
17:44:27.665 [JavaFX Application Thread] INFO  Engine               -              Join the FXGL chat at: https://gitter.im/AlmasB/FXGL
17:44:27.703 [JavaFX Application Thread] DEBUG PrimaryStageWindow   - Creating a JavaFX scene
17:44:27.722 [JavaFX Application Thread] DEBUG PrimaryStageWindow   - Target settings size: 800.0 x 800.0
17:44:27.722 [JavaFX Application Thread] DEBUG PrimaryStageWindow   - Scaled scene size:    800.0 x 800.0
17:44:27.723 [JavaFX Application Thread] DEBUG PrimaryStageWindow   - Scaled ratio: (1.0, 1.0)
17:44:27.723 [JavaFX Application Thread] DEBUG PrimaryStageWindow   - Set initial scene to FXGLStartupScene
17:44:27.726 [JavaFX Application Thread] DEBUG PrimaryStageWindow   - Opening main window
17:44:27.763 [JavaFX Application Thread] DEBUG PrimaryStageWindow   - Window border size: (0.0, 28.0)
17:44:27.763 [JavaFX Application Thread] DEBUG PrimaryStageWindow   - Scaled size: 800.0 x 800.0
17:44:27.763 [JavaFX Application Thread] DEBUG PrimaryStageWindow   - Scaled ratio: (1.0, 1.0)
17:44:27.763 [JavaFX Application Thread] DEBUG PrimaryStageWindow   - Scene size: 800.0 x 800.0
17:44:27.764 [JavaFX Application Thread] DEBUG PrimaryStageWindow   - Stage size: 800.0 x 828.0
17:44:27.766 [FXGL Background Thread 1 ] DEBUG Engine               - Initializing environment variables
17:44:27.782 [FXGL Background Thread 1 ] DEBUG FXGLAssetLoaderServi - User app class for loading assets: class testPackage.McDonalismApp
17:44:27.782 [FXGL Background Thread 1 ] DEBUG GameApplicationServi - Applying CSS: fxgl_dark.css
17:44:27.782 [FXGL Background Thread 1 ] DEBUG FXGLAssetLoaderServi - Loading from file system: jar:file:///Users/meo/.m2/repository/com/github/almasb/fxgl/17.2/fxgl-17.2.jar!/fxglassets/ui/css/fxgl_dark.css
17:44:27.804 [FXGL Background Thread 1 ] DEBUG GameApplicationServi - Initializing application scenes
17:44:27.936 [FXGL Background Thread 1 ] DEBUG GameWorld            - Game world initialized
17:44:27.961 [FXGL Background Thread 1 ] DEBUG PhysicsWorld         - Physics world initialized: appHeight=800, physics.ppm=50.0
17:44:27.961 [FXGL Background Thread 1 ] DEBUG PhysicsWorld         - Using strategy: BRUTE_FORCE
17:44:27.963 [FXGL Background Thread 1 ] DEBUG GameScene            - Game scene initialized: 800x800
17:44:27.969 [FXGL Background Thread 1 ] DEBUG FXGL.DefaultMenu     - createMenuBodyMainMenu()
17:44:27.978 [FXGL Background Thread 1 ] DEBUG FXGL.DefaultMenu     - createOptionsMenu()
17:44:27.984 [FXGL Background Thread 1 ] DEBUG FXGLAssetLoaderServi - Loading from file system: jar:file:///Users/meo/.m2/repository/com/github/almasb/fxgl/17.2/fxgl-17.2.jar!/fxglassets/textures/particles/smoke.png
17:44:28.031 [FXGL Background Thread 1 ] DEBUG FXGLAssetLoaderServi - Loading from file system: jar:file:///Users/meo/.m2/repository/com/github/almasb/fxgl/17.2/fxgl-17.2.jar!/fxglassets/textures/particles/trace_horizontal.png
17:44:28.049 [FXGL Background Thread 1 ] DEBUG FXGL.DefaultMenu     - createMenuBodyGameMenu()
17:44:28.050 [FXGL Background Thread 1 ] DEBUG FXGL.DefaultMenu     - createOptionsMenu()
17:44:28.067 [FXGL Background Thread 1 ] DEBUG GameApplicationServi - Application scenes initialized
17:44:28.073 [FXGL Background Thread 1 ] DEBUG SystemBundleService  - Loading FXGL system data
17:44:28.074 [FXGL Background Thread 1 ] DEBUG FileSystemAccess     - Reading from: /Users/meo/Desktop/CSC1004/javaproject/CSC1004java/system/fxgl.bundle
17:44:28.078 [FXGL Background Thread 1 ] DEBUG SystemBundleService  - Bundle FXGL: {}
17:44:28.078 [FXGL Background Thread 1 ] DEBUG UpdaterService       - Checking for updates
17:44:28.079 [FXGL Background Thread 4 ] DEBUG FXGLApplication      - Loading fonts
17:44:28.079 [FXGL Background Thread 1 ] DEBUG FXGLApplication      - Loading default localization
17:44:28.080 [FXGL Background Thread 4 ] DEBUG FXGLAssetLoaderServi - Loading from file system: jar:file:///Users/meo/.m2/repository/com/github/almasb/fxgl/17.2/fxgl-17.2.jar!/fxglassets/ui/fonts/VarelaRound-Regular.ttf
17:44:28.080 [FXGL Background Thread 1 ] DEBUG FXGLAssetLoaderServi - Loading from file system: jar:file:///Users/meo/.m2/repository/com/github/almasb/fxgl/17.2/fxgl-17.2.jar!/fxglassets/languages/english.lang
17:44:28.085 [FXGL Background Thread 4 ] DEBUG FXGLAssetLoaderServi - Loading from file system: jar:file:///Users/meo/.m2/repository/com/github/almasb/fxgl/17.2/fxgl-17.2.jar!/fxglassets/ui/fonts/Abel-Regular.ttf
17:44:28.087 [FXGL Background Thread 4 ] DEBUG FXGLAssetLoaderServi - Loading from file system: jar:file:///Users/meo/.m2/repository/com/github/almasb/fxgl/17.2/fxgl-17.2.jar!/fxglassets/ui/fonts/TerminalLandMono-Regular.otf
17:44:28.087 [FXGL Background Thread 1 ] INFO  FXGLApplication      - FXGL initialization took: 0.320 sec
17:44:28.088 [FXGL Background Thread 4 ] DEBUG FXGLAssetLoaderServi - Loading from file system: jar:file:///Users/meo/.m2/repository/com/github/almasb/fxgl/17.2/fxgl-17.2.jar!/fxglassets/ui/fonts/Courier-Prime.ttf
17:44:28.091 [JavaFX Application Thread] DEBUG Input                - Registered new binding: Up - W
17:44:28.091 [JavaFX Application Thread] DEBUG Input                - Registered new binding: Down - S
17:44:28.091 [JavaFX Application Thread] DEBUG Input                - Registered new binding: Left - A
17:44:28.091 [JavaFX Application Thread] DEBUG Input                - Registered new binding: Right - D
17:44:28.092 [JavaFX Application Thread] DEBUG Input                - Registered new binding: Shoot - LMB
17:44:28.092 [JavaFX Application Thread] DEBUG FXGLAssetLoaderServi - Loading from file system: jar:file:///Users/meo/.m2/repository/com/github/almasb/fxgl/17.2/fxgl-17.2.jar!/fxglassets/textures/fxgl_icon.png
17:44:28.108 [JavaFX Application Thread] DEBUG FXGLAssetLoaderServi - Loading from file system: jar:file:///Users/meo/.m2/repository/com/github/almasb/fxgl/17.2/fxgl-17.2.jar!/fxglassets/textures/fxgl_default_cursor.png
17:44:28.109 [JavaFX Application Thread] DEBUG Input                - Registered new binding: Screenshot - CTRL+8
17:44:28.110 [JavaFX Application Thread] DEBUG Input                - Registered new binding: System info dump - CTRL+9
17:44:28.110 [JavaFX Application Thread] DEBUG Input                - Registered new binding: Restart - CTRL+R
17:44:28.110 [JavaFX Application Thread] DEBUG Input                - Registered new binding: Toggle Debug Camera - CTRL+7
17:44:28.111 [JavaFX Application Thread] DEBUG LoopRunner           - Starting loop
17:44:28.111 [JavaFX Application Thread] DEBUG LoopRunner           - Initializing JavaFX AnimationTimerLoop
17:44:28.111 [JavaFX Application Thread] DEBUG Input                - Clearing active input actions
17:44:28.115 [JavaFX Application Thread] DEBUG GameApplicationServi - Removing overlay from FXGLStartupScene and adding to FXGLMainMenuDummyScene
17:44:28.115 [JavaFX Application Thread] DEBUG PrimaryStageWindow   - FXGLStartupScene -> FXGLMainMenuDummyScene
17:44:28.115 [JavaFX Application Thread] DEBUG PrimaryStageWindow   - Push state: FXGLDefaultMenu
17:44:28.117 [JavaFX Application Thread] DEBUG Input                - Clearing active input actions
17:44:28.120 [JavaFX Application Thread] DEBUG GameApplicationServi - Removing overlay from FXGLMainMenuDummyScene and adding to FXGLDefaultMenu
17:44:28.120 [JavaFX Application Thread] DEBUG PrimaryStageWindow   - FXGLMainMenuDummyScene -> FXGLDefaultMenu
17:44:28.138 [JavaFX Application Thread] DEBUG FXGLApplication      - Registering font factories with UI factory
17:44:28.914 [JavaFX Application Thread] DEBUG Menu                 - fireNewGame()
17:44:28.914 [JavaFX Application Thread] DEBUG GameApplicationServi - Starting new game
17:44:28.915 [JavaFX Application Thread] DEBUG PrimaryStageWindow   - Pop state: FXGLDefaultMenu
17:44:28.915 [JavaFX Application Thread] DEBUG Input                - Clearing active input actions
17:44:28.916 [JavaFX Application Thread] DEBUG GameApplicationServi - Removing overlay from FXGLDefaultMenu and adding to FXGLMainMenuDummyScene
17:44:28.916 [JavaFX Application Thread] DEBUG PrimaryStageWindow   - FXGLMainMenuDummyScene <- FXGLDefaultMenu
17:44:28.916 [JavaFX Application Thread] DEBUG Input                - Clearing active input actions
17:44:28.920 [JavaFX Application Thread] DEBUG GameApplicationServi - Removing overlay from FXGLMainMenuDummyScene and adding to FXGLLoadingScene
17:44:28.921 [JavaFX Application Thread] DEBUG PrimaryStageWindow   - FXGLMainMenuDummyScene -> FXGLLoadingScene
17:44:28.921 [JavaFX Application Thread] DEBUG GameApplicationServi - Clearing previous game
17:44:28.921 [JavaFX Application Thread] DEBUG GameScene            - Clearing game scene
17:44:28.921 [JavaFX Application Thread] DEBUG GameWorld            - Clearing game world
17:44:28.921 [JavaFX Application Thread] DEBUG PhysicsWorld         - Clearing physics world
17:44:28.922 [FXGL Background Thread 2 ] DEBUG FXGLApplication      - Initializing game
17:44:28.923 [FXGL Background Thread 2 ] DEBUG FXGLAssetLoaderServi - Loading from file system: file:/Users/meo/Desktop/CSC1004/javaproject/CSC1004java/target/classes/assets/music/Crypteque1.mp3
17:44:29.141 [FXGL Background Thread 2 ] DEBUG AudioPlayer          - Playing music com.almasb.fxgl.audio.Music@41a577cd
17:44:29.154 [FXGL Background Thread 2 ] WARN  TMXLevelLoader       - TiledMap generated from 1.9.2. Supported version: 1.9.0. Some features may not be parsed fully.
17:44:29.157 [FXGL Background Thread 2 ] DEBUG TMXLevelLoader       - Parsed TiledMap: file:/Users/meo/Desktop/CSC1004/javaproject/CSC1004java/target/classes/assets/levels/TestLevel.tmx
17:44:29.157 [FXGL Background Thread 2 ] DEBUG TMXLevelLoader       - Creating tile layer entities
17:44:29.158 [FXGL Background Thread 2 ] DEBUG TilesetLoader        - Loading view for layer p1
17:44:29.158 [FXGL Background Thread 2 ] DEBUG TilesetLoader        - Created buffer with size 800.0x800.0
17:44:29.164 [FXGL Background Thread 2 ] DEBUG TMXLevelLoader       - Creating object layer entities
17:44:29.164 [FXGL Background Thread 2 ] DEBUG GameWorld            - Clearing removable entities
17:44:29.164 [FXGL Background Thread 2 ] DEBUG GameWorld            - Setting level: com.almasb.fxgl.entity.level.Level@4f6e3653
17:44:29.187 [FXGL Background Thread 2 ] INFO  FXGLApplication      - Game initialization took: 0.264 sec
17:44:29.478 [JavaFX Application Thread] DEBUG Input                - Clearing active input actions
17:44:29.485 [JavaFX Application Thread] DEBUG GameApplicationServi - Removing overlay from FXGLLoadingScene and adding to GameScene
17:44:29.485 [JavaFX Application Thread] DEBUG PrimaryStageWindow   - FXGLLoadingScene -> GameScene
17:44:29.874 [JavaFX Application Thread] DEBUG FXGLAssetLoaderServi - Loading from file system: file:/Users/meo/Desktop/CSC1004/javaproject/CSC1004java/target/classes/assets/sounds/gunfire.wav
17:44:30.005 [JavaFX Application Thread] DEBUG FXGLAssetLoaderServi - Loading from file system: file:/Users/meo/Desktop/CSC1004/javaproject/CSC1004java/target/classes/assets/textures/brick.png
17:44:31.084 [FXGL Background Thread 3 ] DEBUG Engine               - Logging environment variables
17:44:31.084 [FXGL Background Thread 3 ] DEBUG Engine               - achievements: []
17:44:31.084 [FXGL Background Thread 3 ] DEBUG Engine               - actualHeight: 800.0
17:44:31.084 [FXGL Background Thread 3 ] DEBUG Engine               - actualHeightProperty: ReadOnlyDoubleProperty [value: 800.0]
17:44:31.084 [FXGL Background Thread 3 ] DEBUG Engine               - actualWidth: 800.0
17:44:31.084 [FXGL Background Thread 3 ] DEBUG Engine               - actualWidthProperty: ReadOnlyDoubleProperty [value: 800.0]
17:44:31.084 [FXGL Background Thread 3 ] DEBUG Engine               - appIcon: fxgl_icon.png
17:44:31.084 [FXGL Background Thread 3 ] DEBUG Engine               - applicationMode: DEVELOPER
17:44:31.084 [FXGL Background Thread 3 ] DEBUG Engine               - cSSList: [fxgl_dark.css]
17:44:31.084 [FXGL Background Thread 3 ] DEBUG Engine               - collisionDetectionStrategy: BRUTE_FORCE
17:44:31.084 [FXGL Background Thread 3 ] DEBUG Engine               - configClass: Optional.empty
17:44:31.084 [FXGL Background Thread 3 ] DEBUG Engine               - credits: []
17:44:31.085 [FXGL Background Thread 3 ] DEBUG Engine               - defaultCursor: CursorInfo(imageName=fxgl_default_cursor.png, hotspotX=7.0, hotspotY=6.0)
17:44:31.085 [FXGL Background Thread 3 ] DEBUG Engine               - devBBoxColorProperty: ObjectProperty [value: 0xff0000ff]
17:44:31.085 [FXGL Background Thread 3 ] DEBUG Engine               - devEnableDebugCameraProperty: BooleanProperty [value: false]
17:44:31.085 [FXGL Background Thread 3 ] DEBUG Engine               - devSensorColorProperty: ObjectProperty [value: 0xffff00ff]
17:44:31.085 [FXGL Background Thread 3 ] DEBUG Engine               - devShowBBoxProperty: BooleanProperty [value: false]
17:44:31.085 [FXGL Background Thread 3 ] DEBUG Engine               - devShowPositionProperty: BooleanProperty [value: false]
17:44:31.085 [FXGL Background Thread 3 ] DEBUG Engine               - enabledMenuItems: []
17:44:31.085 [FXGL Background Thread 3 ] DEBUG Engine               - engineServices: [class com.almasb.fxgl.app.services.FXGLAssetLoaderService, class com.almasb.fxgl.app.FXGLApplication$GameApplicationService, class com.almasb.fxgl.app.services.FXGLDialogService, class com.almasb.fxgl.app.services.IOTaskExecutorService, class com.almasb.fxgl.io.FileSystemService, class com.almasb.fxgl.localization.LocalizationService, class com.almasb.fxgl.app.services.SystemBundleService, class com.almasb.fxgl.profile.SaveLoadService, class com.almasb.fxgl.ui.FXGLUIFactoryServiceProvider, class com.almasb.fxgl.ui.FXGLDialogFactoryServiceProvider, class com.almasb.fxgl.audio.AudioPlayer, class com.almasb.fxgl.notification.impl.NotificationServiceProvider, class com.almasb.fxgl.achievement.AchievementService, class com.almasb.fxgl.cutscene.CutsceneService, class com.almasb.fxgl.minigames.MiniGameService, class com.almasb.fxgl.net.NetService, class com.almasb.fxgl.app.services.UpdaterService, class com.almasb.fxgl.dev.DevService]
17:44:31.085 [FXGL Background Thread 3 ] DEBUG Engine               - fontGame: Abel-Regular.ttf
17:44:31.085 [FXGL Background Thread 3 ] DEBUG Engine               - fontMono: TerminalLandMono-Regular.otf
17:44:31.085 [FXGL Background Thread 3 ] DEBUG Engine               - fontText: Courier-Prime.ttf
17:44:31.085 [FXGL Background Thread 3 ] DEBUG Engine               - fontUI: VarelaRound-Regular.ttf
17:44:31.085 [FXGL Background Thread 3 ] DEBUG Engine               - fullScreen: BooleanProperty [value: false]
17:44:31.085 [FXGL Background Thread 3 ] DEBUG Engine               - gameDifficulty: MEDIUM
17:44:31.085 [FXGL Background Thread 3 ] DEBUG Engine               - gameDifficultyProperty: ObjectProperty [value: MEDIUM]
17:44:31.085 [FXGL Background Thread 3 ] DEBUG Engine               - globalMusicVolume: 0.5
17:44:31.085 [FXGL Background Thread 3 ] DEBUG Engine               - globalMusicVolumeProperty: DoubleProperty [value: 0.5]
17:44:31.085 [FXGL Background Thread 3 ] DEBUG Engine               - globalSoundVolume: 0.5
17:44:31.085 [FXGL Background Thread 3 ] DEBUG Engine               - globalSoundVolumeProperty: DoubleProperty [value: 0.5]
17:44:31.085 [FXGL Background Thread 3 ] DEBUG Engine               - height: 800
17:44:31.085 [FXGL Background Thread 3 ] DEBUG Engine               - is3D: false
17:44:31.086 [FXGL Background Thread 3 ] DEBUG Engine               - isAndroid: false
17:44:31.086 [FXGL Background Thread 3 ] DEBUG Engine               - isBrowser: false
17:44:31.086 [FXGL Background Thread 3 ] DEBUG Engine               - isClickFeedbackEnabled: false
17:44:31.086 [FXGL Background Thread 3 ] DEBUG Engine               - isCloseConfirmation: false
17:44:31.086 [FXGL Background Thread 3 ] DEBUG Engine               - isDesktop: true
17:44:31.086 [FXGL Background Thread 3 ] DEBUG Engine               - isDeveloperMenuEnabled: false
17:44:31.086 [FXGL Background Thread 3 ] DEBUG Engine               - isEmbedded: false
17:44:31.086 [FXGL Background Thread 3 ] DEBUG Engine               - isEntityPreloadEnabled: true
17:44:31.086 [FXGL Background Thread 3 ] DEBUG Engine               - isExperimentalTiledLargeMap: false
17:44:31.086 [FXGL Background Thread 3 ] DEBUG Engine               - isFileSystemWriteAllowed: true
17:44:31.086 [FXGL Background Thread 3 ] DEBUG Engine               - isFullScreenAllowed: false
17:44:31.086 [FXGL Background Thread 3 ] DEBUG Engine               - isFullScreenFromStart: false
17:44:31.086 [FXGL Background Thread 3 ] DEBUG Engine               - isGameMenuEnabled: true
17:44:31.086 [FXGL Background Thread 3 ] DEBUG Engine               - isIOS: false
17:44:31.086 [FXGL Background Thread 3 ] DEBUG Engine               - isIntroEnabled: false
17:44:31.086 [FXGL Background Thread 3 ] DEBUG Engine               - isLinux: false
17:44:31.086 [FXGL Background Thread 3 ] DEBUG Engine               - isMac: true
17:44:31.086 [FXGL Background Thread 3 ] DEBUG Engine               - isMainMenuEnabled: true
17:44:31.086 [FXGL Background Thread 3 ] DEBUG Engine               - isManualResizeEnabled: true
17:44:31.086 [FXGL Background Thread 3 ] DEBUG Engine               - isMobile: false
17:44:31.086 [FXGL Background Thread 3 ] DEBUG Engine               - isNative: false
17:44:31.086 [FXGL Background Thread 3 ] DEBUG Engine               - isPauseMusicWhenMinimized: true
17:44:31.086 [FXGL Background Thread 3 ] DEBUG Engine               - isPreserveResizeRatio: true
17:44:31.086 [FXGL Background Thread 3 ] DEBUG Engine               - isProfilingEnabled: false
17:44:31.086 [FXGL Background Thread 3 ] DEBUG Engine               - isScaleAffectedOnResize: true
17:44:31.086 [FXGL Background Thread 3 ] DEBUG Engine               - isSingleStep: false
17:44:31.086 [FXGL Background Thread 3 ] DEBUG Engine               - isUserProfileEnabled: false
17:44:31.086 [FXGL Background Thread 3 ] DEBUG Engine               - isWindows: false
17:44:31.086 [FXGL Background Thread 3 ] DEBUG Engine               - language: ObjectProperty [value: ENGLISH]
17:44:31.086 [FXGL Background Thread 3 ] DEBUG Engine               - menuKey: ESCAPE
17:44:31.086 [FXGL Background Thread 3 ] DEBUG Engine               - mouseSensitivity: 0.2
17:44:31.086 [FXGL Background Thread 3 ] DEBUG Engine               - notificationViewClass: class com.almasb.fxgl.notification.view.XboxNotificationView
17:44:31.086 [FXGL Background Thread 3 ] DEBUG Engine               - pixelsPerMeter: 50.0
17:44:31.086 [FXGL Background Thread 3 ] DEBUG Engine               - platform: MAC
17:44:31.086 [FXGL Background Thread 3 ] DEBUG Engine               - prefHeightProperty: ReadOnlyDoubleProperty [value: 800.0]
17:44:31.086 [FXGL Background Thread 3 ] DEBUG Engine               - prefWidthProperty: ReadOnlyDoubleProperty [value: 800.0]
17:44:31.086 [FXGL Background Thread 3 ] DEBUG Engine               - profileDir: profiles/
17:44:31.086 [FXGL Background Thread 3 ] DEBUG Engine               - profileName: StringProperty [value: DEFAULT]
17:44:31.087 [FXGL Background Thread 3 ] DEBUG Engine               - randomSeed: -1
17:44:31.087 [FXGL Background Thread 3 ] DEBUG Engine               - runtimeInfo: RuntimeInfo(platform=MAC, version=17.2, build=20.08.2022 16.50)
17:44:31.087 [FXGL Background Thread 3 ] DEBUG Engine               - saveFileExt: sav
17:44:31.087 [FXGL Background Thread 3 ] DEBUG Engine               - scaledHeightProp$fxgl: DoubleProperty [bound, value: 800.0]
17:44:31.087 [FXGL Background Thread 3 ] DEBUG Engine               - scaledWidthProp$fxgl: DoubleProperty [bound, value: 800.0]
17:44:31.087 [FXGL Background Thread 3 ] DEBUG Engine               - sceneFactory: com.almasb.fxgl.app.scene.SceneFactory@bd68f11
17:44:31.087 [FXGL Background Thread 3 ] DEBUG Engine               - secondsIn24h: 60
17:44:31.087 [FXGL Background Thread 3 ] DEBUG Engine               - soundMenuBack: menu/back.wav
17:44:31.087 [FXGL Background Thread 3 ] DEBUG Engine               - soundMenuPress: menu/press.wav
17:44:31.087 [FXGL Background Thread 3 ] DEBUG Engine               - soundMenuSelect: menu/select.wav
17:44:31.087 [FXGL Background Thread 3 ] DEBUG Engine               - soundNotification: core/notification.wav
17:44:31.087 [FXGL Background Thread 3 ] DEBUG Engine               - stageStyle: DECORATED
17:44:31.087 [FXGL Background Thread 3 ] DEBUG Engine               - supportedLanguages: [ENGLISH, FRENCH, GERMAN, HUNGARIAN, RUSSIAN]
17:44:31.087 [FXGL Background Thread 3 ] DEBUG Engine               - ticksPerSecond: -1
17:44:31.087 [FXGL Background Thread 3 ] DEBUG Engine               - title: McDonalism
17:44:31.087 [FXGL Background Thread 3 ] DEBUG Engine               - urlGithub: https://github.com/AlmasB/FXGL
17:44:31.087 [FXGL Background Thread 3 ] DEBUG Engine               - urlLeaderboard: http://fxgl-top.herokuapp.com/
17:44:31.087 [FXGL Background Thread 3 ] DEBUG Engine               - urlPOM: https://raw.githubusercontent.com/AlmasB/FXGL/release/README.md
17:44:31.087 [FXGL Background Thread 3 ] DEBUG Engine               - userAppClass: class testPackage.McDonalismApp
17:44:31.087 [FXGL Background Thread 3 ] DEBUG Engine               - version: 0.1
17:44:31.087 [FXGL Background Thread 3 ] DEBUG Engine               - versionCheckDays: 7
17:44:31.087 [FXGL Background Thread 3 ] DEBUG Engine               - width: 800
17:44:31.087 [FXGL Background Thread 3 ] DEBUG Engine               - Logging services
17:44:31.087 [FXGL Background Thread 3 ] DEBUG Engine               - class com.almasb.fxgl.app.services.FXGLAssetLoaderService
17:44:31.087 [FXGL Background Thread 3 ] DEBUG Engine               - class com.almasb.fxgl.app.FXGLApplication$GameApplicationService
17:44:31.087 [FXGL Background Thread 3 ] DEBUG Engine               - class com.almasb.fxgl.app.services.FXGLDialogService
17:44:31.087 [FXGL Background Thread 3 ] DEBUG Engine               - class com.almasb.fxgl.app.services.IOTaskExecutorService
17:44:31.087 [FXGL Background Thread 3 ] DEBUG Engine               - class com.almasb.fxgl.io.FileSystemService
17:44:31.087 [FXGL Background Thread 3 ] DEBUG Engine               - class com.almasb.fxgl.localization.LocalizationService
17:44:31.087 [FXGL Background Thread 3 ] DEBUG Engine               - class com.almasb.fxgl.app.services.SystemBundleService
17:44:31.087 [FXGL Background Thread 3 ] DEBUG Engine               - class com.almasb.fxgl.profile.SaveLoadService
17:44:31.087 [FXGL Background Thread 3 ] DEBUG Engine               - class com.almasb.fxgl.ui.FXGLUIFactoryServiceProvider
17:44:31.087 [FXGL Background Thread 3 ] DEBUG Engine               - class com.almasb.fxgl.ui.FXGLDialogFactoryServiceProvider
17:44:31.087 [FXGL Background Thread 3 ] DEBUG Engine               - class com.almasb.fxgl.audio.AudioPlayer
17:44:31.087 [FXGL Background Thread 3 ] DEBUG Engine               - class com.almasb.fxgl.notification.impl.NotificationServiceProvider
17:44:31.087 [FXGL Background Thread 3 ] DEBUG Engine               - class com.almasb.fxgl.achievement.AchievementService
17:44:31.087 [FXGL Background Thread 3 ] DEBUG Engine               - class com.almasb.fxgl.cutscene.CutsceneService
17:44:31.087 [FXGL Background Thread 3 ] DEBUG Engine               - class com.almasb.fxgl.minigames.MiniGameService
17:44:31.087 [FXGL Background Thread 3 ] DEBUG Engine               - class com.almasb.fxgl.net.NetService
17:44:31.087 [FXGL Background Thread 3 ] DEBUG Engine               - class com.almasb.fxgl.app.services.UpdaterService
17:44:31.087 [FXGL Background Thread 3 ] DEBUG Engine               - class com.almasb.fxgl.dev.DevService
17:44:31.111 [JavaFX Application Thread] DEBUG PrimaryStageWindow   - Push state: FXGLDefaultMenu
17:44:31.111 [JavaFX Application Thread] DEBUG Input                - Clearing active input actions
17:44:31.112 [JavaFX Application Thread] DEBUG GameApplicationServi - Removing overlay from GameScene and adding to FXGLDefaultMenu
17:44:31.112 [JavaFX Application Thread] DEBUG PrimaryStageWindow   - GameScene -> FXGLDefaultMenu
17:44:32.364 [JavaFX Application Thread] DEBUG Menu                 - fireExitToMainMenu()
17:44:32.365 [JavaFX Application Thread] DEBUG PrimaryStageWindow   - Push state: DialogSubScene
17:44:32.365 [JavaFX Application Thread] DEBUG Input                - Clearing active input actions
17:44:32.366 [JavaFX Application Thread] DEBUG GameApplicationServi - Removing overlay from FXGLDefaultMenu and adding to DialogSubScene
17:44:32.366 [JavaFX Application Thread] DEBUG PrimaryStageWindow   - FXGLDefaultMenu -> DialogSubScene
17:44:32.821 [JavaFX Application Thread] DEBUG PrimaryStageWindow   - Pop state: DialogSubScene
17:44:32.822 [JavaFX Application Thread] DEBUG Input                - Clearing active input actions
17:44:32.823 [JavaFX Application Thread] DEBUG GameApplicationServi - Removing overlay from DialogSubScene and adding to FXGLDefaultMenu
17:44:32.823 [JavaFX Application Thread] DEBUG PrimaryStageWindow   - FXGLDefaultMenu <- DialogSubScene
17:44:32.823 [JavaFX Application Thread] DEBUG PrimaryStageWindow   - Pop state: FXGLDefaultMenu
17:44:32.823 [JavaFX Application Thread] DEBUG Input                - Clearing active input actions
17:44:32.824 [JavaFX Application Thread] DEBUG GameApplicationServi - Removing overlay from FXGLDefaultMenu and adding to GameScene
17:44:32.824 [JavaFX Application Thread] DEBUG PrimaryStageWindow   - GameScene <- FXGLDefaultMenu
17:44:32.824 [JavaFX Application Thread] DEBUG Input                - Clearing active input actions
17:44:32.828 [JavaFX Application Thread] DEBUG GameApplicationServi - Removing overlay from GameScene and adding to FXGLMainMenuDummyScene
17:44:32.828 [JavaFX Application Thread] DEBUG PrimaryStageWindow   - GameScene -> FXGLMainMenuDummyScene
17:44:32.828 [JavaFX Application Thread] DEBUG PrimaryStageWindow   - Push state: FXGLDefaultMenu
17:44:32.828 [JavaFX Application Thread] DEBUG Input                - Clearing active input actions
17:44:32.830 [JavaFX Application Thread] DEBUG GameApplicationServi - Removing overlay from FXGLMainMenuDummyScene and adding to FXGLDefaultMenu
17:44:32.830 [JavaFX Application Thread] DEBUG PrimaryStageWindow   - FXGLMainMenuDummyScene -> FXGLDefaultMenu
17:44:33.749 [JavaFX Application Thread] DEBUG Menu                 - fireExit()
17:44:33.749 [JavaFX Application Thread] DEBUG PrimaryStageWindow   - Push state: DialogSubScene
17:44:33.750 [JavaFX Application Thread] DEBUG Input                - Clearing active input actions
17:44:33.750 [JavaFX Application Thread] DEBUG GameApplicationServi - Removing overlay from FXGLDefaultMenu and adding to DialogSubScene
17:44:33.750 [JavaFX Application Thread] DEBUG PrimaryStageWindow   - FXGLDefaultMenu -> DialogSubScene
17:44:34.841 [JavaFX Application Thread] DEBUG PrimaryStageWindow   - Pop state: DialogSubScene
17:44:34.842 [JavaFX Application Thread] DEBUG Input                - Clearing active input actions
17:44:34.844 [JavaFX Application Thread] DEBUG GameApplicationServi - Removing overlay from DialogSubScene and adding to FXGLDefaultMenu
17:44:34.844 [JavaFX Application Thread] DEBUG PrimaryStageWindow   - FXGLDefaultMenu <- DialogSubScene
17:44:34.844 [JavaFX Application Thread] DEBUG FXGLApplication      - Exiting FXGL
17:44:34.844 [JavaFX Application Thread] DEBUG LoopRunner           - Stopping loop
17:44:34.844 [JavaFX Application Thread] DEBUG SystemBundleService  - Saving FXGL system data
17:44:34.847 [JavaFX Application Thread] DEBUG FileSystemAccess     - Writing to: /Users/meo/Desktop/CSC1004/javaproject/CSC1004java/system/fxgl.bundle
17:44:34.849 [JavaFX Application Thread] DEBUG Async                - Shutting down background threads
17:44:34.849 [JavaFX Application Thread] DEBUG PrimaryStageWindow   - Closing main window
17:44:34.858 [JavaFX Application Thread] DEBUG Logger               - Closing Logger
