21:08:21.146 [main                     ] DEBUG Logger               - Configured Logger
21:08:21.163 [main                     ] DEBUG GameApplication      - Logging settings
Title: McDonalism
Version: 0.1
Width: 800
Height: 800
Fullscreen: false
Intro: false
Profiling: false
Single step:false
App Mode: DEVELOPER
Menu Key: ESCAPE
Stage Style: DECORATED
Scene Factory: class testPackage.McDonalismApp$1

21:08:21.381 [JavaFX Application Thread] DEBUG FXGLApplication      - Initializing FXGL
21:08:21.384 [JavaFX Application Thread] INFO  Engine               - FXGL-17.2 (20.08.2022 16.50) on WINDOWS (J:17.0.6 FX:18)
21:08:21.384 [JavaFX Application Thread] DEBUG Engine               - JRE Vendor Name: Amazon.com Inc.
21:08:21.384 [JavaFX Application Thread] DEBUG Engine               - Running on OS: Windows 10 version 10.0
21:08:21.384 [JavaFX Application Thread] DEBUG Engine               - Architecture: amd64
21:08:21.384 [JavaFX Application Thread] INFO  Engine               - Source code and latest versions at: https://github.com/AlmasB/FXGL
21:08:21.385 [JavaFX Application Thread] INFO  Engine               -       Ask questions and discuss at: https://github.com/AlmasB/FXGL/discussions
21:08:21.385 [JavaFX Application Thread] INFO  Engine               -              Join the FXGL chat at: https://gitter.im/AlmasB/FXGL
21:08:21.427 [JavaFX Application Thread] DEBUG PrimaryStageWindow   - Creating a JavaFX scene
21:08:21.452 [JavaFX Application Thread] DEBUG PrimaryStageWindow   - Target settings size: 800.0 x 800.0
21:08:21.453 [JavaFX Application Thread] DEBUG PrimaryStageWindow   - Scaled scene size:    800.0 x 800.0
21:08:21.453 [JavaFX Application Thread] DEBUG PrimaryStageWindow   - Scaled ratio: (1.0, 1.0)
21:08:21.453 [JavaFX Application Thread] DEBUG PrimaryStageWindow   - Set initial scene to FXGLStartupScene
21:08:21.457 [JavaFX Application Thread] DEBUG PrimaryStageWindow   - Opening main window
21:08:21.503 [JavaFX Application Thread] DEBUG PrimaryStageWindow   - Window border size: (16.0, 39.0)
21:08:21.503 [JavaFX Application Thread] DEBUG PrimaryStageWindow   - Scaled size: 800.0 x 800.0
21:08:21.504 [JavaFX Application Thread] DEBUG PrimaryStageWindow   - Scaled ratio: (1.0, 1.0)
21:08:21.504 [JavaFX Application Thread] DEBUG PrimaryStageWindow   - Scene size: 800.0 x 800.0
21:08:21.504 [JavaFX Application Thread] DEBUG PrimaryStageWindow   - Stage size: 816.0 x 839.0
21:08:21.508 [FXGL Background Thread 1 ] DEBUG Engine               - Initializing environment variables
21:08:21.527 [FXGL Background Thread 1 ] DEBUG FXGLAssetLoaderServi - User app class for loading assets: class testPackage.McDonalismApp
21:08:21.527 [FXGL Background Thread 1 ] DEBUG GameApplicationServi - Applying CSS: fxgl_dark.css
21:08:21.528 [FXGL Background Thread 1 ] DEBUG FXGLAssetLoaderServi - Loading from file system: jar:file:///C:/Users/Meo/.m2/repository/com/github/almasb/fxgl/17.2/fxgl-17.2.jar!/fxglassets/ui/css/fxgl_dark.css
21:08:21.553 [FXGL Background Thread 1 ] DEBUG GameApplicationServi - Initializing application scenes
21:08:21.593 [FXGL Background Thread 1 ] DEBUG GameWorld            - Game world initialized
21:08:21.624 [FXGL Background Thread 1 ] DEBUG PhysicsWorld         - Physics world initialized: appHeight=800, physics.ppm=50.0
21:08:21.624 [FXGL Background Thread 1 ] DEBUG PhysicsWorld         - Using strategy: BRUTE_FORCE
21:08:21.627 [FXGL Background Thread 1 ] DEBUG GameScene            - Game scene initialized: 800x800
21:08:21.636 [FXGL Background Thread 1 ] DEBUG FXGLAssetLoaderServi - Loading from file system: file:/C:/Users/Meo/Documents/GitHub/122090288_javaProject/target/classes/assets/textures/icon.png
21:08:21.649 [FXGL Background Thread 1 ] DEBUG FXGL.DefaultMenu     - createMenuBodyGameMenu()
21:08:21.655 [FXGL Background Thread 1 ] DEBUG FXGL.DefaultMenu     - createOptionsMenu()
21:08:21.659 [FXGL Background Thread 1 ] DEBUG FXGLAssetLoaderServi - Loading from file system: jar:file:///C:/Users/Meo/.m2/repository/com/github/almasb/fxgl/17.2/fxgl-17.2.jar!/fxglassets/textures/particles/smoke.png
21:08:21.699 [FXGL Background Thread 1 ] DEBUG FXGLAssetLoaderServi - Loading from file system: jar:file:///C:/Users/Meo/.m2/repository/com/github/almasb/fxgl/17.2/fxgl-17.2.jar!/fxglassets/textures/particles/trace_horizontal.png
21:08:21.715 [FXGL Background Thread 1 ] DEBUG GameApplicationServi - Application scenes initialized
21:08:21.721 [FXGL Background Thread 1 ] DEBUG SystemBundleService  - Loading FXGL system data
21:08:21.724 [FXGL Background Thread 1 ] DEBUG FileSystemAccess     - Reading from: C:\Users\Meo\Documents\GitHub\122090288_javaProject\system\fxgl.bundle
21:08:21.728 [FXGL Background Thread 1 ] DEBUG SystemBundleService  - Bundle FXGL: {}
21:08:21.728 [FXGL Background Thread 1 ] DEBUG UpdaterService       - Checking for updates
21:08:21.730 [FXGL Background Thread 4 ] DEBUG FXGLApplication      - Loading fonts
21:08:21.730 [FXGL Background Thread 1 ] DEBUG FXGLApplication      - Loading default localization
21:08:21.730 [FXGL Background Thread 4 ] DEBUG FXGLAssetLoaderServi - Loading from file system: jar:file:///C:/Users/Meo/.m2/repository/com/github/almasb/fxgl/17.2/fxgl-17.2.jar!/fxglassets/ui/fonts/VarelaRound-Regular.ttf
21:08:21.731 [FXGL Background Thread 1 ] DEBUG FXGLAssetLoaderServi - Loading from file system: jar:file:///C:/Users/Meo/.m2/repository/com/github/almasb/fxgl/17.2/fxgl-17.2.jar!/fxglassets/languages/english.lang
21:08:21.744 [FXGL Background Thread 1 ] INFO  FXGLApplication      - FXGL initialization took: 0.237 sec
21:08:21.753 [JavaFX Application Thread] DEBUG Input                - Registered new binding: Up - W
21:08:21.753 [JavaFX Application Thread] DEBUG Input                - Registered new binding: Down - S
21:08:21.753 [JavaFX Application Thread] DEBUG Input                - Registered new binding: Left - A
21:08:21.753 [JavaFX Application Thread] DEBUG Input                - Registered new binding: Right - D
21:08:21.754 [JavaFX Application Thread] DEBUG Input                - Registered new binding: Shoot - LMB
21:08:21.755 [JavaFX Application Thread] DEBUG FXGLAssetLoaderServi - Loading from file system: jar:file:///C:/Users/Meo/.m2/repository/com/github/almasb/fxgl/17.2/fxgl-17.2.jar!/fxglassets/textures/fxgl_icon.png
21:08:21.766 [FXGL Background Thread 4 ] DEBUG FXGLAssetLoaderServi - Loading from file system: jar:file:///C:/Users/Meo/.m2/repository/com/github/almasb/fxgl/17.2/fxgl-17.2.jar!/fxglassets/ui/fonts/Abel-Regular.ttf
21:08:21.768 [JavaFX Application Thread] DEBUG FXGLAssetLoaderServi - Loading from file system: jar:file:///C:/Users/Meo/.m2/repository/com/github/almasb/fxgl/17.2/fxgl-17.2.jar!/fxglassets/textures/fxgl_default_cursor.png
21:08:21.769 [JavaFX Application Thread] DEBUG Input                - Registered new binding: Screenshot - CTRL+8
21:08:21.770 [JavaFX Application Thread] DEBUG Input                - Registered new binding: System info dump - CTRL+9
21:08:21.770 [JavaFX Application Thread] DEBUG Input                - Registered new binding: Restart - CTRL+R
21:08:21.770 [JavaFX Application Thread] DEBUG Input                - Registered new binding: Toggle Debug Camera - CTRL+7
21:08:21.771 [JavaFX Application Thread] DEBUG LoopRunner           - Starting loop
21:08:21.771 [JavaFX Application Thread] DEBUG LoopRunner           - Initializing JavaFX AnimationTimerLoop
21:08:21.772 [FXGL Background Thread 4 ] DEBUG FXGLAssetLoaderServi - Loading from file system: jar:file:///C:/Users/Meo/.m2/repository/com/github/almasb/fxgl/17.2/fxgl-17.2.jar!/fxglassets/ui/fonts/TerminalLandMono-Regular.otf
21:08:21.773 [JavaFX Application Thread] DEBUG Input                - Clearing active input actions
21:08:21.778 [JavaFX Application Thread] DEBUG GameApplicationServi - Removing overlay from FXGLStartupScene and adding to FXGLMainMenuDummyScene
21:08:21.779 [JavaFX Application Thread] DEBUG PrimaryStageWindow   - FXGLStartupScene -> FXGLMainMenuDummyScene
21:08:21.779 [JavaFX Application Thread] DEBUG PrimaryStageWindow   - Push state: MainMenu
21:08:21.779 [JavaFX Application Thread] DEBUG Input                - Clearing active input actions
21:08:21.781 [FXGL Background Thread 4 ] DEBUG FXGLAssetLoaderServi - Loading from file system: jar:file:///C:/Users/Meo/.m2/repository/com/github/almasb/fxgl/17.2/fxgl-17.2.jar!/fxglassets/ui/fonts/Courier-Prime.ttf
21:08:21.783 [JavaFX Application Thread] DEBUG GameApplicationServi - Removing overlay from FXGLMainMenuDummyScene and adding to MainMenu
21:08:21.783 [JavaFX Application Thread] DEBUG PrimaryStageWindow   - FXGLMainMenuDummyScene -> MainMenu
21:08:21.791 [JavaFX Application Thread] WARN  FXGLAssetLoaderServi - Asset "/assets/sounds/mainMenuHover.wav" was not found!
21:08:21.791 [JavaFX Application Thread] WARN  FXGLAssetLoaderServi - Failed to load SOUND
21:08:21.832 [JavaFX Application Thread] DEBUG FXGLApplication      - Registering font factories with UI factory
21:08:22.110 [FXGL Background Thread 2 ] INFO  UpdaterService       - Your current version:  17.2
21:08:22.110 [FXGL Background Thread 2 ] INFO  UpdaterService       - Latest stable version: 17.3
21:08:22.662 [JavaFX Application Thread] WARN  FXGLAssetLoaderServi - Asset "/assets/sounds/mainMenuHover.wav" was not found!
21:08:22.662 [JavaFX Application Thread] WARN  FXGLAssetLoaderServi - Failed to load SOUND
21:08:23.088 [JavaFX Application Thread] WARN  FXGLAssetLoaderServi - Asset "/assets/sounds/mainMenuHover.wav" was not found!
21:08:23.089 [JavaFX Application Thread] WARN  FXGLAssetLoaderServi - Failed to load SOUND
21:08:23.405 [JavaFX Application Thread] WARN  FXGLAssetLoaderServi - Asset "/assets/sounds/mainMenuHover.wav" was not found!
21:08:23.405 [JavaFX Application Thread] WARN  FXGLAssetLoaderServi - Failed to load SOUND
21:08:24.336 [JavaFX Application Thread] WARN  FXGLAssetLoaderServi - Asset "/assets/sounds/mainMenuHover.wav" was not found!
21:08:24.336 [JavaFX Application Thread] WARN  FXGLAssetLoaderServi - Failed to load SOUND
21:08:24.500 [JavaFX Application Thread] WARN  FXGLAssetLoaderServi - Asset "/assets/sounds/mainMenuHover.wav" was not found!
21:08:24.500 [JavaFX Application Thread] WARN  FXGLAssetLoaderServi - Failed to load SOUND
21:08:24.731 [FXGL Background Thread 3 ] DEBUG Engine               - Logging environment variables
21:08:24.732 [FXGL Background Thread 3 ] DEBUG Engine               - achievements: []
21:08:24.733 [FXGL Background Thread 3 ] DEBUG Engine               - actualHeight: 800.0
21:08:24.734 [FXGL Background Thread 3 ] DEBUG Engine               - actualHeightProperty: ReadOnlyDoubleProperty [value: 800.0]
21:08:24.734 [FXGL Background Thread 3 ] DEBUG Engine               - actualWidth: 800.0
21:08:24.734 [FXGL Background Thread 3 ] DEBUG Engine               - actualWidthProperty: ReadOnlyDoubleProperty [value: 800.0]
21:08:24.734 [FXGL Background Thread 3 ] DEBUG Engine               - appIcon: fxgl_icon.png
21:08:24.734 [FXGL Background Thread 3 ] DEBUG Engine               - applicationMode: DEVELOPER
21:08:24.734 [FXGL Background Thread 3 ] DEBUG Engine               - cSSList: [fxgl_dark.css]
21:08:24.735 [FXGL Background Thread 3 ] DEBUG Engine               - collisionDetectionStrategy: BRUTE_FORCE
21:08:24.735 [FXGL Background Thread 3 ] DEBUG Engine               - configClass: Optional.empty
21:08:24.735 [FXGL Background Thread 3 ] DEBUG Engine               - credits: []
21:08:24.735 [FXGL Background Thread 3 ] DEBUG Engine               - defaultCursor: CursorInfo(imageName=fxgl_default_cursor.png, hotspotX=7.0, hotspotY=6.0)
21:08:24.736 [FXGL Background Thread 3 ] DEBUG Engine               - devBBoxColorProperty: ObjectProperty [value: 0xff0000ff]
21:08:24.736 [FXGL Background Thread 3 ] DEBUG Engine               - devEnableDebugCameraProperty: BooleanProperty [value: false]
21:08:24.736 [FXGL Background Thread 3 ] DEBUG Engine               - devSensorColorProperty: ObjectProperty [value: 0xffff00ff]
21:08:24.736 [FXGL Background Thread 3 ] DEBUG Engine               - devShowBBoxProperty: BooleanProperty [value: false]
21:08:24.736 [FXGL Background Thread 3 ] DEBUG Engine               - devShowPositionProperty: BooleanProperty [value: false]
21:08:24.736 [FXGL Background Thread 3 ] DEBUG Engine               - enabledMenuItems: []
21:08:24.736 [FXGL Background Thread 3 ] DEBUG Engine               - engineServices: [class com.almasb.fxgl.app.services.FXGLAssetLoaderService, class com.almasb.fxgl.app.FXGLApplication$GameApplicationService, class com.almasb.fxgl.app.services.FXGLDialogService, class com.almasb.fxgl.app.services.IOTaskExecutorService, class com.almasb.fxgl.io.FileSystemService, class com.almasb.fxgl.localization.LocalizationService, class com.almasb.fxgl.app.services.SystemBundleService, class com.almasb.fxgl.profile.SaveLoadService, class com.almasb.fxgl.ui.FXGLUIFactoryServiceProvider, class com.almasb.fxgl.ui.FXGLDialogFactoryServiceProvider, class com.almasb.fxgl.audio.AudioPlayer, class com.almasb.fxgl.notification.impl.NotificationServiceProvider, class com.almasb.fxgl.achievement.AchievementService, class com.almasb.fxgl.cutscene.CutsceneService, class com.almasb.fxgl.minigames.MiniGameService, class com.almasb.fxgl.net.NetService, class com.almasb.fxgl.app.services.UpdaterService, class com.almasb.fxgl.dev.DevService]
21:08:24.736 [FXGL Background Thread 3 ] DEBUG Engine               - fontGame: Abel-Regular.ttf
21:08:24.736 [FXGL Background Thread 3 ] DEBUG Engine               - fontMono: TerminalLandMono-Regular.otf
21:08:24.736 [FXGL Background Thread 3 ] DEBUG Engine               - fontText: Courier-Prime.ttf
21:08:24.736 [FXGL Background Thread 3 ] DEBUG Engine               - fontUI: VarelaRound-Regular.ttf
21:08:24.737 [FXGL Background Thread 3 ] DEBUG Engine               - fullScreen: BooleanProperty [value: false]
21:08:24.737 [FXGL Background Thread 3 ] DEBUG Engine               - gameDifficulty: MEDIUM
21:08:24.737 [FXGL Background Thread 3 ] DEBUG Engine               - gameDifficultyProperty: ObjectProperty [value: MEDIUM]
21:08:24.737 [FXGL Background Thread 3 ] DEBUG Engine               - globalMusicVolume: 0.5
21:08:24.737 [FXGL Background Thread 3 ] DEBUG Engine               - globalMusicVolumeProperty: DoubleProperty [value: 0.5]
21:08:24.737 [FXGL Background Thread 3 ] DEBUG Engine               - globalSoundVolume: 0.5
21:08:24.737 [FXGL Background Thread 3 ] DEBUG Engine               - globalSoundVolumeProperty: DoubleProperty [value: 0.5]
21:08:24.737 [FXGL Background Thread 3 ] DEBUG Engine               - height: 800
21:08:24.737 [FXGL Background Thread 3 ] DEBUG Engine               - is3D: false
21:08:24.737 [FXGL Background Thread 3 ] DEBUG Engine               - isAndroid: false
21:08:24.737 [FXGL Background Thread 3 ] DEBUG Engine               - isBrowser: false
21:08:24.737 [FXGL Background Thread 3 ] DEBUG Engine               - isClickFeedbackEnabled: false
21:08:24.737 [FXGL Background Thread 3 ] DEBUG Engine               - isCloseConfirmation: false
21:08:24.737 [FXGL Background Thread 3 ] DEBUG Engine               - isDesktop: true
21:08:24.737 [FXGL Background Thread 3 ] DEBUG Engine               - isDeveloperMenuEnabled: false
21:08:24.737 [FXGL Background Thread 3 ] DEBUG Engine               - isEmbedded: false
21:08:24.737 [FXGL Background Thread 3 ] DEBUG Engine               - isEntityPreloadEnabled: true
21:08:24.738 [FXGL Background Thread 3 ] DEBUG Engine               - isExperimentalTiledLargeMap: false
21:08:24.738 [FXGL Background Thread 3 ] DEBUG Engine               - isFileSystemWriteAllowed: true
21:08:24.738 [FXGL Background Thread 3 ] DEBUG Engine               - isFullScreenAllowed: false
21:08:24.738 [FXGL Background Thread 3 ] DEBUG Engine               - isFullScreenFromStart: false
21:08:24.739 [FXGL Background Thread 3 ] DEBUG Engine               - isGameMenuEnabled: true
21:08:24.739 [FXGL Background Thread 3 ] DEBUG Engine               - isIOS: false
21:08:24.739 [FXGL Background Thread 3 ] DEBUG Engine               - isIntroEnabled: false
21:08:24.739 [FXGL Background Thread 3 ] DEBUG Engine               - isLinux: false
21:08:24.739 [FXGL Background Thread 3 ] DEBUG Engine               - isMac: false
21:08:24.739 [FXGL Background Thread 3 ] DEBUG Engine               - isMainMenuEnabled: true
21:08:24.739 [FXGL Background Thread 3 ] DEBUG Engine               - isManualResizeEnabled: true
21:08:24.739 [FXGL Background Thread 3 ] DEBUG Engine               - isMobile: false
21:08:24.739 [FXGL Background Thread 3 ] DEBUG Engine               - isNative: false
21:08:24.739 [FXGL Background Thread 3 ] DEBUG Engine               - isPauseMusicWhenMinimized: true
21:08:24.739 [FXGL Background Thread 3 ] DEBUG Engine               - isPreserveResizeRatio: true
21:08:24.739 [FXGL Background Thread 3 ] DEBUG Engine               - isProfilingEnabled: false
21:08:24.739 [FXGL Background Thread 3 ] DEBUG Engine               - isScaleAffectedOnResize: true
21:08:24.740 [FXGL Background Thread 3 ] DEBUG Engine               - isSingleStep: false
21:08:24.740 [FXGL Background Thread 3 ] DEBUG Engine               - isUserProfileEnabled: false
21:08:24.740 [FXGL Background Thread 3 ] DEBUG Engine               - isWindows: true
21:08:24.740 [FXGL Background Thread 3 ] DEBUG Engine               - language: ObjectProperty [value: ENGLISH]
21:08:24.740 [FXGL Background Thread 3 ] DEBUG Engine               - menuKey: ESCAPE
21:08:24.740 [FXGL Background Thread 3 ] DEBUG Engine               - mouseSensitivity: 0.2
21:08:24.740 [FXGL Background Thread 3 ] DEBUG Engine               - notificationViewClass: class com.almasb.fxgl.notification.view.XboxNotificationView
21:08:24.740 [FXGL Background Thread 3 ] DEBUG Engine               - pixelsPerMeter: 50.0
21:08:24.740 [FXGL Background Thread 3 ] DEBUG Engine               - platform: WINDOWS
21:08:24.740 [FXGL Background Thread 3 ] DEBUG Engine               - prefHeightProperty: ReadOnlyDoubleProperty [value: 800.0]
21:08:24.740 [FXGL Background Thread 3 ] DEBUG Engine               - prefWidthProperty: ReadOnlyDoubleProperty [value: 800.0]
21:08:24.740 [FXGL Background Thread 3 ] DEBUG Engine               - profileDir: profiles/
21:08:24.740 [FXGL Background Thread 3 ] DEBUG Engine               - profileName: StringProperty [value: DEFAULT]
21:08:24.740 [FXGL Background Thread 3 ] DEBUG Engine               - randomSeed: -1
21:08:24.740 [FXGL Background Thread 3 ] DEBUG Engine               - runtimeInfo: RuntimeInfo(platform=WINDOWS, version=17.2, build=20.08.2022 16.50)
21:08:24.741 [FXGL Background Thread 3 ] DEBUG Engine               - saveFileExt: sav
21:08:24.741 [FXGL Background Thread 3 ] DEBUG Engine               - scaledHeightProp$fxgl: DoubleProperty [bound, value: 800.0]
21:08:24.741 [FXGL Background Thread 3 ] DEBUG Engine               - scaledWidthProp$fxgl: DoubleProperty [bound, value: 800.0]
21:08:24.741 [FXGL Background Thread 3 ] DEBUG Engine               - sceneFactory: testPackage.McDonalismApp$1@6741df0a
21:08:24.741 [FXGL Background Thread 3 ] DEBUG Engine               - secondsIn24h: 60
21:08:24.741 [FXGL Background Thread 3 ] DEBUG Engine               - soundMenuBack: menu/back.wav
21:08:24.741 [FXGL Background Thread 3 ] DEBUG Engine               - soundMenuPress: menu/press.wav
21:08:24.741 [FXGL Background Thread 3 ] DEBUG Engine               - soundMenuSelect: menu/select.wav
21:08:24.741 [FXGL Background Thread 3 ] DEBUG Engine               - soundNotification: core/notification.wav
21:08:24.741 [FXGL Background Thread 3 ] DEBUG Engine               - stageStyle: DECORATED
21:08:24.741 [FXGL Background Thread 3 ] DEBUG Engine               - supportedLanguages: [ENGLISH, FRENCH, GERMAN, HUNGARIAN, RUSSIAN]
21:08:24.741 [FXGL Background Thread 3 ] DEBUG Engine               - ticksPerSecond: -1
21:08:24.741 [FXGL Background Thread 3 ] DEBUG Engine               - title: McDonalism
21:08:24.741 [FXGL Background Thread 3 ] DEBUG Engine               - urlGithub: https://github.com/AlmasB/FXGL
21:08:24.741 [FXGL Background Thread 3 ] DEBUG Engine               - urlLeaderboard: http://fxgl-top.herokuapp.com/
21:08:24.741 [FXGL Background Thread 3 ] DEBUG Engine               - urlPOM: https://raw.githubusercontent.com/AlmasB/FXGL/release/README.md
21:08:24.741 [FXGL Background Thread 3 ] DEBUG Engine               - userAppClass: class testPackage.McDonalismApp
21:08:24.741 [FXGL Background Thread 3 ] DEBUG Engine               - version: 0.1
21:08:24.741 [FXGL Background Thread 3 ] DEBUG Engine               - versionCheckDays: 7
21:08:24.741 [FXGL Background Thread 3 ] DEBUG Engine               - width: 800
21:08:24.741 [FXGL Background Thread 3 ] DEBUG Engine               - Logging services
21:08:24.741 [FXGL Background Thread 3 ] DEBUG Engine               - class com.almasb.fxgl.app.services.FXGLAssetLoaderService
21:08:24.741 [FXGL Background Thread 3 ] DEBUG Engine               - class com.almasb.fxgl.app.FXGLApplication$GameApplicationService
21:08:24.742 [FXGL Background Thread 3 ] DEBUG Engine               - class com.almasb.fxgl.app.services.FXGLDialogService
21:08:24.742 [FXGL Background Thread 3 ] DEBUG Engine               - class com.almasb.fxgl.app.services.IOTaskExecutorService
21:08:24.742 [FXGL Background Thread 3 ] DEBUG Engine               - class com.almasb.fxgl.io.FileSystemService
21:08:24.742 [FXGL Background Thread 3 ] DEBUG Engine               - class com.almasb.fxgl.localization.LocalizationService
21:08:24.742 [FXGL Background Thread 3 ] DEBUG Engine               - class com.almasb.fxgl.app.services.SystemBundleService
21:08:24.742 [FXGL Background Thread 3 ] DEBUG Engine               - class com.almasb.fxgl.profile.SaveLoadService
21:08:24.742 [FXGL Background Thread 3 ] DEBUG Engine               - class com.almasb.fxgl.ui.FXGLUIFactoryServiceProvider
21:08:24.742 [FXGL Background Thread 3 ] DEBUG Engine               - class com.almasb.fxgl.ui.FXGLDialogFactoryServiceProvider
21:08:24.742 [FXGL Background Thread 3 ] DEBUG Engine               - class com.almasb.fxgl.audio.AudioPlayer
21:08:24.742 [FXGL Background Thread 3 ] DEBUG Engine               - class com.almasb.fxgl.notification.impl.NotificationServiceProvider
21:08:24.742 [FXGL Background Thread 3 ] DEBUG Engine               - class com.almasb.fxgl.achievement.AchievementService
21:08:24.742 [FXGL Background Thread 3 ] DEBUG Engine               - class com.almasb.fxgl.cutscene.CutsceneService
21:08:24.742 [FXGL Background Thread 3 ] DEBUG Engine               - class com.almasb.fxgl.minigames.MiniGameService
21:08:24.742 [FXGL Background Thread 3 ] DEBUG Engine               - class com.almasb.fxgl.net.NetService
21:08:24.742 [FXGL Background Thread 3 ] DEBUG Engine               - class com.almasb.fxgl.app.services.UpdaterService
21:08:24.742 [FXGL Background Thread 3 ] DEBUG Engine               - class com.almasb.fxgl.dev.DevService
21:08:24.881 [JavaFX Application Thread] WARN  FXGLAssetLoaderServi - Asset "/assets/sounds/mainMenuHover.wav" was not found!
21:08:24.881 [JavaFX Application Thread] WARN  FXGLAssetLoaderServi - Failed to load SOUND
21:08:25.163 [JavaFX Application Thread] WARN  FXGLAssetLoaderServi - Asset "/assets/sounds/mainMenuHover.wav" was not found!
21:08:25.164 [JavaFX Application Thread] WARN  FXGLAssetLoaderServi - Failed to load SOUND
21:08:25.418 [JavaFX Application Thread] WARN  FXGLAssetLoaderServi - Asset "/assets/sounds/mainMenuHover.wav" was not found!
21:08:25.418 [JavaFX Application Thread] WARN  FXGLAssetLoaderServi - Failed to load SOUND
21:08:25.648 [JavaFX Application Thread] WARN  FXGLAssetLoaderServi - Asset "/assets/sounds/mainMenuHover.wav" was not found!
21:08:25.648 [JavaFX Application Thread] WARN  FXGLAssetLoaderServi - Failed to load SOUND
21:08:25.854 [JavaFX Application Thread] WARN  FXGLAssetLoaderServi - Asset "/assets/sounds/mainMenuHover.wav" was not found!
21:08:25.854 [JavaFX Application Thread] WARN  FXGLAssetLoaderServi - Failed to load SOUND
21:08:26.185 [JavaFX Application Thread] WARN  FXGLAssetLoaderServi - Asset "/assets/sounds/mainMenuHover.wav" was not found!
21:08:26.185 [JavaFX Application Thread] WARN  FXGLAssetLoaderServi - Failed to load SOUND
21:08:29.860 [JavaFX Application Thread] WARN  FXGLAssetLoaderServi - Asset "/assets/sounds/mainMenuHover.wav" was not found!
21:08:29.861 [JavaFX Application Thread] WARN  FXGLAssetLoaderServi - Failed to load SOUND
21:08:30.341 [JavaFX Application Thread] WARN  FXGLAssetLoaderServi - Asset "/assets/sounds/mainMenuHover.wav" was not found!
21:08:30.341 [JavaFX Application Thread] WARN  FXGLAssetLoaderServi - Failed to load SOUND
21:08:30.710 [JavaFX Application Thread] WARN  FXGLAssetLoaderServi - Asset "/assets/sounds/mainMenuHover.wav" was not found!
21:08:30.711 [JavaFX Application Thread] WARN  FXGLAssetLoaderServi - Failed to load SOUND
21:08:31.346 [JavaFX Application Thread] WARN  FXGLAssetLoaderServi - Asset "/assets/sounds/mainMenuHover.wav" was not found!
21:08:31.347 [JavaFX Application Thread] WARN  FXGLAssetLoaderServi - Failed to load SOUND
21:08:31.557 [JavaFX Application Thread] WARN  FXGLAssetLoaderServi - Asset "/assets/sounds/mainMenuHover.wav" was not found!
21:08:31.557 [JavaFX Application Thread] WARN  FXGLAssetLoaderServi - Failed to load SOUND
21:08:31.963 [JavaFX Application Thread] WARN  FXGLAssetLoaderServi - Asset "/assets/sounds/mainMenuHover.wav" was not found!
21:08:31.964 [JavaFX Application Thread] WARN  FXGLAssetLoaderServi - Failed to load SOUND
21:08:32.076 [JavaFX Application Thread] WARN  FXGLAssetLoaderServi - Asset "/assets/sounds/mainMenuHover.wav" was not found!
21:08:32.076 [JavaFX Application Thread] WARN  FXGLAssetLoaderServi - Failed to load SOUND
21:08:34.062 [JavaFX Application Thread] DEBUG FXGLApplication      - Exiting FXGL
21:08:34.063 [JavaFX Application Thread] DEBUG LoopRunner           - Stopping loop
21:08:34.063 [JavaFX Application Thread] DEBUG SystemBundleService  - Saving FXGL system data
21:08:34.065 [JavaFX Application Thread] DEBUG FileSystemAccess     - Writing to: C:\Users\Meo\Documents\GitHub\122090288_javaProject\system\fxgl.bundle
21:08:34.066 [JavaFX Application Thread] DEBUG Async                - Shutting down background threads
21:08:34.066 [JavaFX Application Thread] DEBUG PrimaryStageWindow   - Closing main window
21:08:34.079 [JavaFX Application Thread] DEBUG Logger               - Closing Logger
