15:13:29.917 [main                     ] DEBUG Logger               - Configured Logger
15:13:29.932 [main                     ] DEBUG GameApplication      - Logging settings
Title: McDonalism
Version: 0.8
Width: 720
Height: 540
Fullscreen: false
Intro: false
Profiling: false
Single step:false
App Mode: DEVELOPER
Menu Key: ESCAPE
Stage Style: DECORATED
Scene Factory: class testPackage.McDonalismApp$1

15:13:30.174 [JavaFX Application Thread] DEBUG FXGLApplication      - Initializing FXGL
15:13:30.177 [JavaFX Application Thread] INFO  Engine               - FXGL-17.3 (30.03.2023 11.49) on MAC (J:17.0.6 FX:20)
15:13:30.177 [JavaFX Application Thread] DEBUG Engine               - JRE Vendor Name: Amazon.com Inc.
15:13:30.177 [JavaFX Application Thread] DEBUG Engine               - Running on OS: Mac OS X version 13.2.1
15:13:30.177 [JavaFX Application Thread] DEBUG Engine               - Architecture: aarch64
15:13:30.177 [JavaFX Application Thread] INFO  Engine               - Source code and latest versions at: https://github.com/AlmasB/FXGL
15:13:30.178 [JavaFX Application Thread] INFO  Engine               -       Ask questions and discuss at: https://github.com/AlmasB/FXGL/discussions
15:13:30.178 [JavaFX Application Thread] INFO  Engine               -              Join the FXGL chat at: https://gitter.im/AlmasB/FXGL
15:13:30.232 [JavaFX Application Thread] DEBUG PrimaryStageWindow   - Creating a JavaFX scene
15:13:30.255 [JavaFX Application Thread] DEBUG PrimaryStageWindow   - Target settings size: 720.0 x 540.0
15:13:30.255 [JavaFX Application Thread] DEBUG PrimaryStageWindow   - Scaled scene size:    720.0 x 540.0
15:13:30.255 [JavaFX Application Thread] DEBUG PrimaryStageWindow   - Scaled ratio: (1.0, 1.0)
15:13:30.256 [JavaFX Application Thread] DEBUG PrimaryStageWindow   - Set initial scene to M_StartupScene
15:13:30.257 [JavaFX Application Thread] DEBUG PrimaryStageWindow   - Opening main window
15:13:30.317 [JavaFX Application Thread] DEBUG PrimaryStageWindow   - Window border size: (0.0, 28.0)
15:13:30.317 [JavaFX Application Thread] DEBUG PrimaryStageWindow   - Scaled size: 720.0 x 540.0
15:13:30.317 [JavaFX Application Thread] DEBUG PrimaryStageWindow   - Scaled ratio: (1.0, 1.0)
15:13:30.317 [JavaFX Application Thread] DEBUG PrimaryStageWindow   - Scene size: 720.0 x 540.0
15:13:30.317 [JavaFX Application Thread] DEBUG PrimaryStageWindow   - Stage size: 720.0 x 568.0
15:13:30.321 [FXGL Background Thread 1 ] DEBUG Engine               - Initializing environment variables
15:13:30.333 [FXGL Background Thread 1 ] DEBUG FXGLAssetLoaderServi - User app class for loading assets: class testPackage.McDonalismApp
15:13:30.333 [FXGL Background Thread 1 ] DEBUG GameApplicationServi - Applying CSS: fxgl_dark.css
15:13:30.334 [FXGL Background Thread 1 ] DEBUG FXGLAssetLoaderServi - Loading from file system: jar:file:///Users/meo/.m2/repository/com/github/almasb/fxgl/17.3/fxgl-17.3.jar!/fxglassets/ui/css/fxgl_dark.css
15:13:30.355 [FXGL Background Thread 1 ] DEBUG GameApplicationServi - Initializing application scenes
15:13:30.522 [FXGL Background Thread 1 ] DEBUG GameWorld            - Game world initialized
15:13:30.549 [FXGL Background Thread 1 ] DEBUG PhysicsWorld         - Physics world initialized: appHeight=540, physics.ppm=50.0
15:13:30.550 [FXGL Background Thread 1 ] DEBUG PhysicsWorld         - Using strategy: BRUTE_FORCE
15:13:30.551 [FXGL Background Thread 1 ] DEBUG GameScene            - Game scene initialized: 720x540
15:13:30.568 [FXGL Background Thread 1 ] DEBUG FXGLAssetLoaderServi - Loading from file system: file:/Users/meo/Desktop/CSC1004/javaproject/CSC1004java/target/classes/assets/textures/ui/ui_heroIcon_random.png
15:13:30.571 [FXGL Background Thread 1 ] DEBUG FXGLAssetLoaderServi - Loading from file system: file:/Users/meo/Desktop/CSC1004/javaproject/CSC1004java/target/classes/assets/textures/ui/ui_heroIcon_m.png
15:13:30.576 [FXGL Background Thread 1 ] DEBUG FXGLAssetLoaderServi - Loading from file system: file:/Users/meo/Desktop/CSC1004/javaproject/CSC1004java/target/classes/assets/textures/ui/ui_heroIcon_k.png
15:13:30.578 [FXGL Background Thread 1 ] DEBUG FXGLAssetLoaderServi - Loading from file system: file:/Users/meo/Desktop/CSC1004/javaproject/CSC1004java/target/classes/assets/textures/ui/ui_heroIcon_w.png
15:13:30.580 [FXGL Background Thread 1 ] DEBUG FXGLAssetLoaderServi - Loading from file system: file:/Users/meo/Desktop/CSC1004/javaproject/CSC1004java/target/classes/assets/textures/ui/M_logo.png
15:13:30.663 [FXGL Background Thread 1 ] DEBUG FXGLAssetLoaderServi - Loading from file system: file:/Users/meo/Desktop/CSC1004/javaproject/CSC1004java/target/classes/assets/textures/ui/background.png
15:13:30.670 [FXGL Background Thread 1 ] DEBUG FXGLAssetLoaderServi - Loading from file system: file:/Users/meo/Desktop/CSC1004/javaproject/CSC1004java/target/classes/assets/textures/ui/ui_hero_pane.png
15:13:30.672 [FXGL Background Thread 1 ] DEBUG FXGLAssetLoaderServi - Loading from file system: file:/Users/meo/Desktop/CSC1004/javaproject/CSC1004java/target/classes/assets/textures/ui/ui_heroes_pane.png
15:13:30.674 [FXGL Background Thread 1 ] DEBUG FXGLAssetLoaderServi - Loading from file system: file:/Users/meo/Desktop/CSC1004/javaproject/CSC1004java/target/classes/assets/textures/ui/ui_preHero_pane.png
15:13:30.676 [FXGL Background Thread 1 ] DEBUG FXGLAssetLoaderServi - Loading from file system: file:/Users/meo/Desktop/CSC1004/javaproject/CSC1004java/target/classes/assets/textures/ui/ui_main_pane.png
15:13:30.677 [FXGL Background Thread 1 ] DEBUG FXGLAssetLoaderServi - Loading from file system: file:/Users/meo/Desktop/CSC1004/javaproject/CSC1004java/target/classes/assets/textures/ui/ui_login_pane.png
15:13:30.679 [FXGL Background Thread 1 ] DEBUG FXGLAssetLoaderServi - Loading from file system: file:/Users/meo/Desktop/CSC1004/javaproject/CSC1004java/target/classes/assets/textures/ui/ui_signUp_pane.png
15:13:30.684 [FXGL Background Thread 1 ] DEBUG FXGLAssetLoaderServi - Loading from file system: file:/Users/meo/Desktop/CSC1004/javaproject/CSC1004java/target/classes/assets/textures/ui/ui_back_idle.png
15:13:30.685 [FXGL Background Thread 1 ] DEBUG FXGLAssetLoaderServi - Loading from file system: file:/Users/meo/Desktop/CSC1004/javaproject/CSC1004java/target/classes/assets/textures/ui/ui_back_hover.png
15:13:30.685 [FXGL Background Thread 1 ] DEBUG FXGLAssetLoaderServi - Loading from file system: file:/Users/meo/Desktop/CSC1004/javaproject/CSC1004java/target/classes/assets/textures/ui/ui_back_confirm.png
15:13:30.687 [FXGL Background Thread 1 ] DEBUG FXGLAssetLoaderServi - Loading from file system: file:/Users/meo/Desktop/CSC1004/javaproject/CSC1004java/target/classes/assets/textures/ui/ui_start_idle.png
15:13:30.687 [FXGL Background Thread 1 ] DEBUG FXGLAssetLoaderServi - Loading from file system: file:/Users/meo/Desktop/CSC1004/javaproject/CSC1004java/target/classes/assets/textures/ui/ui_start_hover.png
15:13:30.688 [FXGL Background Thread 1 ] DEBUG FXGLAssetLoaderServi - Loading from file system: file:/Users/meo/Desktop/CSC1004/javaproject/CSC1004java/target/classes/assets/textures/ui/ui_start_confirm.png
15:13:30.689 [FXGL Background Thread 1 ] DEBUG FXGLAssetLoaderServi - Loading from file system: file:/Users/meo/Desktop/CSC1004/javaproject/CSC1004java/target/classes/assets/textures/ui/ui_left_idle.png
15:13:30.690 [FXGL Background Thread 1 ] DEBUG FXGLAssetLoaderServi - Loading from file system: file:/Users/meo/Desktop/CSC1004/javaproject/CSC1004java/target/classes/assets/textures/ui/ui_left_hover.png
15:13:30.690 [FXGL Background Thread 1 ] DEBUG FXGLAssetLoaderServi - Loading from file system: file:/Users/meo/Desktop/CSC1004/javaproject/CSC1004java/target/classes/assets/textures/ui/ui_left_confirm.png
15:13:30.691 [FXGL Background Thread 1 ] DEBUG FXGLAssetLoaderServi - Loading from file system: file:/Users/meo/Desktop/CSC1004/javaproject/CSC1004java/target/classes/assets/textures/ui/ui_right_idle.png
15:13:30.692 [FXGL Background Thread 1 ] DEBUG FXGLAssetLoaderServi - Loading from file system: file:/Users/meo/Desktop/CSC1004/javaproject/CSC1004java/target/classes/assets/textures/ui/ui_right_hover.png
15:13:30.692 [FXGL Background Thread 1 ] DEBUG FXGLAssetLoaderServi - Loading from file system: file:/Users/meo/Desktop/CSC1004/javaproject/CSC1004java/target/classes/assets/textures/ui/ui_right_confirm.png
15:13:30.699 [FXGL Background Thread 1 ] DEBUG FXGLAssetLoaderServi - Loading from file system: file:/Users/meo/Desktop/CSC1004/javaproject/CSC1004java/target/classes/assets/textures/ui/ui_single_idle.png
15:13:30.699 [FXGL Background Thread 1 ] DEBUG FXGLAssetLoaderServi - Loading from file system: file:/Users/meo/Desktop/CSC1004/javaproject/CSC1004java/target/classes/assets/textures/ui/ui_single_hover.png
15:13:30.700 [FXGL Background Thread 1 ] DEBUG FXGLAssetLoaderServi - Loading from file system: file:/Users/meo/Desktop/CSC1004/javaproject/CSC1004java/target/classes/assets/textures/ui/ui_single_confirm.png
15:13:30.701 [FXGL Background Thread 1 ] DEBUG FXGLAssetLoaderServi - Loading from file system: file:/Users/meo/Desktop/CSC1004/javaproject/CSC1004java/target/classes/assets/textures/ui/ui_multi_idle.png
15:13:30.702 [FXGL Background Thread 1 ] DEBUG FXGLAssetLoaderServi - Loading from file system: file:/Users/meo/Desktop/CSC1004/javaproject/CSC1004java/target/classes/assets/textures/ui/ui_multi_hover.png
15:13:30.702 [FXGL Background Thread 1 ] DEBUG FXGLAssetLoaderServi - Loading from file system: file:/Users/meo/Desktop/CSC1004/javaproject/CSC1004java/target/classes/assets/textures/ui/ui_multi_confirm.png
15:13:30.704 [FXGL Background Thread 1 ] DEBUG FXGLAssetLoaderServi - Loading from file system: file:/Users/meo/Desktop/CSC1004/javaproject/CSC1004java/target/classes/assets/textures/ui/ui_play_idle.png
15:13:30.704 [FXGL Background Thread 1 ] DEBUG FXGLAssetLoaderServi - Loading from file system: file:/Users/meo/Desktop/CSC1004/javaproject/CSC1004java/target/classes/assets/textures/ui/ui_play_hover.png
15:13:30.705 [FXGL Background Thread 1 ] DEBUG FXGLAssetLoaderServi - Loading from file system: file:/Users/meo/Desktop/CSC1004/javaproject/CSC1004java/target/classes/assets/textures/ui/ui_play_confirm.png
15:13:30.706 [FXGL Background Thread 1 ] DEBUG FXGLAssetLoaderServi - Loading from file system: file:/Users/meo/Desktop/CSC1004/javaproject/CSC1004java/target/classes/assets/textures/ui/ui_options_idle.png
15:13:30.707 [FXGL Background Thread 1 ] DEBUG FXGLAssetLoaderServi - Loading from file system: file:/Users/meo/Desktop/CSC1004/javaproject/CSC1004java/target/classes/assets/textures/ui/ui_options_hover.png
15:13:30.707 [FXGL Background Thread 1 ] DEBUG FXGLAssetLoaderServi - Loading from file system: file:/Users/meo/Desktop/CSC1004/javaproject/CSC1004java/target/classes/assets/textures/ui/ui_options_confirm.png
15:13:30.708 [FXGL Background Thread 1 ] DEBUG FXGLAssetLoaderServi - Loading from file system: file:/Users/meo/Desktop/CSC1004/javaproject/CSC1004java/target/classes/assets/textures/ui/ui_exit_idle.png
15:13:30.709 [FXGL Background Thread 1 ] DEBUG FXGLAssetLoaderServi - Loading from file system: file:/Users/meo/Desktop/CSC1004/javaproject/CSC1004java/target/classes/assets/textures/ui/ui_exit_hover.png
15:13:30.711 [FXGL Background Thread 1 ] DEBUG FXGLAssetLoaderServi - Loading from file system: file:/Users/meo/Desktop/CSC1004/javaproject/CSC1004java/target/classes/assets/textures/ui/ui_exit_confirm.png
15:13:30.718 [FXGL Background Thread 1 ] DEBUG FXGLAssetLoaderServi - Loading from file system: file:/Users/meo/Desktop/CSC1004/javaproject/CSC1004java/target/classes/assets/textures/ui/inputField.png
15:13:30.721 [FXGL Background Thread 1 ] DEBUG FXGLAssetLoaderServi - Loading from file system: file:/Users/meo/Desktop/CSC1004/javaproject/CSC1004java/target/classes/assets/textures/ui/ui_signIn_idle.png
15:13:30.722 [FXGL Background Thread 1 ] DEBUG FXGLAssetLoaderServi - Loading from file system: file:/Users/meo/Desktop/CSC1004/javaproject/CSC1004java/target/classes/assets/textures/ui/ui_signIn_hover.png
15:13:30.723 [FXGL Background Thread 1 ] DEBUG FXGLAssetLoaderServi - Loading from file system: file:/Users/meo/Desktop/CSC1004/javaproject/CSC1004java/target/classes/assets/textures/ui/ui_signIn_confirm.png
15:13:30.724 [FXGL Background Thread 1 ] DEBUG FXGLAssetLoaderServi - Loading from file system: file:/Users/meo/Desktop/CSC1004/javaproject/CSC1004java/target/classes/assets/textures/ui/ui_signUp_idle.png
15:13:30.725 [FXGL Background Thread 1 ] DEBUG FXGLAssetLoaderServi - Loading from file system: file:/Users/meo/Desktop/CSC1004/javaproject/CSC1004java/target/classes/assets/textures/ui/ui_signUp_hover.png
15:13:30.726 [FXGL Background Thread 1 ] DEBUG FXGLAssetLoaderServi - Loading from file system: file:/Users/meo/Desktop/CSC1004/javaproject/CSC1004java/target/classes/assets/textures/ui/ui_signUp_confirm.png
15:13:30.731 [FXGL Background Thread 1 ] DEBUG FXGLAssetLoaderServi - Loading from file system: file:/Users/meo/Desktop/CSC1004/javaproject/CSC1004java/target/classes/assets/textures/ui/cursor.png
15:13:30.738 [FXGL Background Thread 1 ] WARN  FXGL.DefaultMenu     - FXGLDefaultMenu is not designed for resolutions < 800x600
15:13:30.738 [FXGL Background Thread 1 ] DEBUG FXGL.DefaultMenu     - createMenuBodyGameMenu()
15:13:30.743 [FXGL Background Thread 1 ] DEBUG FXGL.DefaultMenu     - createOptionsMenu()
15:13:30.746 [FXGL Background Thread 1 ] DEBUG FXGLAssetLoaderServi - Loading from file system: jar:file:///Users/meo/.m2/repository/com/github/almasb/fxgl/17.3/fxgl-17.3.jar!/fxglassets/textures/particles/smoke.png
15:13:30.792 [FXGL Background Thread 1 ] DEBUG FXGLAssetLoaderServi - Loading from file system: jar:file:///Users/meo/.m2/repository/com/github/almasb/fxgl/17.3/fxgl-17.3.jar!/fxglassets/textures/particles/trace_horizontal.png
15:13:30.801 [FXGL Background Thread 1 ] DEBUG GameApplicationServi - Application scenes initialized
15:13:30.806 [FXGL Background Thread 1 ] DEBUG SystemBundleService  - Loading FXGL system data
15:13:30.808 [FXGL Background Thread 1 ] DEBUG FileSystemAccess     - Reading from: /Users/meo/Desktop/CSC1004/javaproject/CSC1004java/system/fxgl.bundle
15:13:30.812 [FXGL Background Thread 1 ] DEBUG SystemBundleService  - Bundle FXGL: {}
15:13:30.813 [FXGL Background Thread 1 ] DEBUG UpdaterService       - Checking for updates
15:13:30.823 [FXGL Background Thread 4 ] DEBUG FXGLApplication      - Loading fonts
15:13:30.824 [FXGL Background Thread 4 ] DEBUG FXGLAssetLoaderServi - Loading from file system: file:/Users/meo/Desktop/CSC1004/javaproject/CSC1004java/target/classes/assets/ui/fonts/font.ttf
15:13:30.824 [FXGL Background Thread 1 ] DEBUG FXGLApplication      - Loading default localization
15:13:30.824 [FXGL Background Thread 1 ] DEBUG FXGLAssetLoaderServi - Loading from file system: jar:file:///Users/meo/.m2/repository/com/github/almasb/fxgl/17.3/fxgl-17.3.jar!/fxglassets/languages/english.lang
15:13:30.826 [JavaFX Application Thread] DEBUG FXGLApplication      - Registering font factories with UI factory
15:13:30.832 [FXGL Background Thread 1 ] INFO  FXGLApplication      - FXGL initialization took: 0.511 sec
15:13:30.836 [JavaFX Application Thread] DEBUG Input                - Registered new binding: Player1 Move Up - Up
15:13:30.836 [JavaFX Application Thread] DEBUG Input                - Registered new binding: Player1 Move Down - Down
15:13:30.836 [JavaFX Application Thread] DEBUG Input                - Registered new binding: Player1 Move Left - Left
15:13:30.836 [JavaFX Application Thread] DEBUG Input                - Registered new binding: Player1 Move Right - Right
15:13:30.836 [JavaFX Application Thread] DEBUG Input                - Registered new binding: Player or Player2 Move Up - W
15:13:30.836 [JavaFX Application Thread] DEBUG Input                - Registered new binding: Player or Player2 Move Down - S
15:13:30.836 [JavaFX Application Thread] DEBUG Input                - Registered new binding: Player or Player2 Move Left - A
15:13:30.836 [JavaFX Application Thread] DEBUG Input                - Registered new binding: Player or Player2 Move Right - D
15:13:30.837 [JavaFX Application Thread] DEBUG Input                - Registered new binding: Shoot - LMB
15:13:30.837 [JavaFX Application Thread] DEBUG Input                - Registered new binding: Left Punch/Summon - J
15:13:30.837 [JavaFX Application Thread] DEBUG Input                - Registered new binding: Right Punch/Recover - K
15:13:30.837 [JavaFX Application Thread] DEBUG FXGLAssetLoaderServi - Loading from file system: file:/Users/meo/Desktop/CSC1004/javaproject/CSC1004java/target/classes/assets/music/Crypteque1.mp3
15:13:30.839 [JavaFX Application Thread] DEBUG FXGLAssetLoaderServi - Loading from file system: file:/Users/meo/Desktop/CSC1004/javaproject/CSC1004java/target/classes/assets/sounds/gunfire.wav
15:13:30.846 [JavaFX Application Thread] DEBUG FXGLAssetLoaderServi - Loading from file system: file:/Users/meo/Desktop/CSC1004/javaproject/CSC1004java/target/classes/assets/sounds/M_hurt.wav
15:13:30.848 [JavaFX Application Thread] DEBUG FXGLAssetLoaderServi - Loading from file system: file:/Users/meo/Desktop/CSC1004/javaproject/CSC1004java/target/classes/assets/sounds/M_die.wav
15:13:30.849 [JavaFX Application Thread] DEBUG FXGLAssetLoaderServi - Loading from file system: file:/Users/meo/Desktop/CSC1004/javaproject/CSC1004java/target/classes/assets/sounds/W_hurt.wav
15:13:30.850 [JavaFX Application Thread] DEBUG FXGLAssetLoaderServi - Loading from file system: file:/Users/meo/Desktop/CSC1004/javaproject/CSC1004java/target/classes/assets/sounds/W_die.wav
15:13:30.851 [JavaFX Application Thread] DEBUG FXGLAssetLoaderServi - Loading from file system: file:/Users/meo/Desktop/CSC1004/javaproject/CSC1004java/target/classes/assets/sounds/K_hurt.wav
15:13:30.853 [JavaFX Application Thread] DEBUG FXGLAssetLoaderServi - Loading from file system: file:/Users/meo/Desktop/CSC1004/javaproject/CSC1004java/target/classes/assets/sounds/K_die.wav
15:13:30.854 [JavaFX Application Thread] DEBUG FXGLAssetLoaderServi - Loading from file system: file:/Users/meo/Desktop/CSC1004/javaproject/CSC1004java/target/classes/assets/sounds/enemy_die.wav
15:13:30.855 [JavaFX Application Thread] DEBUG FXGLAssetLoaderServi - Loading from file system: file:/Users/meo/Desktop/CSC1004/javaproject/CSC1004java/target/classes/assets/sounds/hover.wav
15:13:30.856 [JavaFX Application Thread] DEBUG FXGLAssetLoaderServi - Loading from file system: file:/Users/meo/Desktop/CSC1004/javaproject/CSC1004java/target/classes/assets/sounds/confirm.wav
15:13:30.863 [JavaFX Application Thread] DEBUG Input                - Registered new binding: Screenshot - CTRL+8
15:13:30.863 [JavaFX Application Thread] DEBUG Input                - Registered new binding: Dev Options - 1
15:13:30.863 [JavaFX Application Thread] DEBUG Input                - Registered new binding: Dev Console - 2
15:13:30.864 [JavaFX Application Thread] DEBUG Input                - Registered new binding: System info dump - CTRL+9
15:13:30.864 [JavaFX Application Thread] DEBUG Input                - Registered new binding: Restart - CTRL+R
15:13:30.864 [JavaFX Application Thread] DEBUG Input                - Registered new binding: Toggle Debug Camera - CTRL+7
15:13:30.865 [JavaFX Application Thread] DEBUG LoopRunner           - Starting loop
15:13:30.868 [JavaFX Application Thread] DEBUG LoopRunner           - Initializing JavaFX AnimationTimerLoop
15:13:30.869 [JavaFX Application Thread] DEBUG Input                - Clearing active input actions
15:13:30.872 [JavaFX Application Thread] DEBUG GameApplicationServi - Removing overlay from M_StartupScene and adding to FXGLMainMenuDummyScene
15:13:30.874 [JavaFX Application Thread] DEBUG PrimaryStageWindow   - M_StartupScene -> FXGLMainMenuDummyScene
15:13:30.874 [JavaFX Application Thread] DEBUG PrimaryStageWindow   - Push state: M_MainMenu
15:13:30.874 [JavaFX Application Thread] DEBUG Input                - Clearing active input actions
15:13:30.879 [JavaFX Application Thread] DEBUG GameApplicationServi - Removing overlay from FXGLMainMenuDummyScene and adding to M_MainMenu
15:13:30.879 [JavaFX Application Thread] DEBUG PrimaryStageWindow   - FXGLMainMenuDummyScene -> M_MainMenu
15:13:33.828 [FXGL Background Thread 3 ] DEBUG Engine               - Logging environment variables
15:13:33.829 [FXGL Background Thread 3 ] DEBUG Engine               - achievements: []
15:13:33.829 [FXGL Background Thread 3 ] DEBUG Engine               - actualHeight: 540.0
15:13:33.829 [FXGL Background Thread 3 ] DEBUG Engine               - actualHeightProperty: ReadOnlyDoubleProperty [value: 540.0]
15:13:33.829 [FXGL Background Thread 3 ] DEBUG Engine               - actualWidth: 720.0
15:13:33.829 [FXGL Background Thread 3 ] DEBUG Engine               - actualWidthProperty: ReadOnlyDoubleProperty [value: 720.0]
15:13:33.829 [FXGL Background Thread 3 ] DEBUG Engine               - appIcon: ui/M_logo.png
15:13:33.829 [FXGL Background Thread 3 ] DEBUG Engine               - applicationMode: DEVELOPER
15:13:33.829 [FXGL Background Thread 3 ] DEBUG Engine               - cSSList: [fxgl_dark.css]
15:13:33.829 [FXGL Background Thread 3 ] DEBUG Engine               - collisionDetectionStrategy: BRUTE_FORCE
15:13:33.829 [FXGL Background Thread 3 ] DEBUG Engine               - configClass: Optional.empty
15:13:33.829 [FXGL Background Thread 3 ] DEBUG Engine               - credits: []
15:13:33.830 [FXGL Background Thread 3 ] DEBUG Engine               - defaultCursor: CursorInfo(imageName=ui/cursor.png, hotspotX=10.0, hotspotY=10.0)
15:13:33.830 [FXGL Background Thread 3 ] DEBUG Engine               - devBBoxColorProperty: ObjectProperty [value: 0xff0000ff]
15:13:33.830 [FXGL Background Thread 3 ] DEBUG Engine               - devEnableDebugCameraProperty: BooleanProperty [value: false]
15:13:33.830 [FXGL Background Thread 3 ] DEBUG Engine               - devSensorColorProperty: ObjectProperty [value: 0xffff00ff]
15:13:33.830 [FXGL Background Thread 3 ] DEBUG Engine               - devShowBBoxProperty: BooleanProperty [value: false]
15:13:33.830 [FXGL Background Thread 3 ] DEBUG Engine               - devShowPositionProperty: BooleanProperty [value: false]
15:13:33.830 [FXGL Background Thread 3 ] DEBUG Engine               - enabledMenuItems: []
15:13:33.830 [FXGL Background Thread 3 ] DEBUG Engine               - engineServices: [class com.almasb.fxgl.app.services.FXGLAssetLoaderService, class com.almasb.fxgl.app.FXGLApplication$GameApplicationService, class com.almasb.fxgl.app.services.FXGLDialogService, class com.almasb.fxgl.app.services.IOTaskExecutorService, class com.almasb.fxgl.io.FileSystemService, class com.almasb.fxgl.localization.LocalizationService, class com.almasb.fxgl.app.services.SystemBundleService, class com.almasb.fxgl.profile.SaveLoadService, class com.almasb.fxgl.ui.FXGLUIFactoryServiceProvider, class com.almasb.fxgl.ui.FXGLDialogFactoryServiceProvider, class com.almasb.fxgl.audio.AudioPlayer, class com.almasb.fxgl.notification.impl.NotificationServiceProvider, class com.almasb.fxgl.achievement.AchievementService, class com.almasb.fxgl.cutscene.CutsceneService, class com.almasb.fxgl.minigames.MiniGameService, class com.almasb.fxgl.net.NetService, class com.almasb.fxgl.app.services.UpdaterService, class com.almasb.fxgl.dev.DevService]
15:13:33.830 [FXGL Background Thread 3 ] DEBUG Engine               - fontGame: font.ttf
15:13:33.830 [FXGL Background Thread 3 ] DEBUG Engine               - fontMono: font.ttf
15:13:33.830 [FXGL Background Thread 3 ] DEBUG Engine               - fontSizeScaleUI: 1.5
15:13:33.830 [FXGL Background Thread 3 ] DEBUG Engine               - fontText: font.ttf
15:13:33.830 [FXGL Background Thread 3 ] DEBUG Engine               - fontUI: font.ttf
15:13:33.830 [FXGL Background Thread 3 ] DEBUG Engine               - fullScreen: BooleanProperty [value: false]
15:13:33.830 [FXGL Background Thread 3 ] DEBUG Engine               - gameDifficulty: MEDIUM
15:13:33.830 [FXGL Background Thread 3 ] DEBUG Engine               - gameDifficultyProperty: ObjectProperty [value: MEDIUM]
15:13:33.831 [FXGL Background Thread 3 ] DEBUG Engine               - globalMusicVolume: 0.5
15:13:33.831 [FXGL Background Thread 3 ] DEBUG Engine               - globalMusicVolumeProperty: DoubleProperty [value: 0.5]
15:13:33.831 [FXGL Background Thread 3 ] DEBUG Engine               - globalSoundVolume: 0.5
15:13:33.831 [FXGL Background Thread 3 ] DEBUG Engine               - globalSoundVolumeProperty: DoubleProperty [value: 0.5]
15:13:33.831 [FXGL Background Thread 3 ] DEBUG Engine               - height: 540
15:13:33.831 [FXGL Background Thread 3 ] DEBUG Engine               - is3D: false
15:13:33.831 [FXGL Background Thread 3 ] DEBUG Engine               - isAndroid: false
15:13:33.831 [FXGL Background Thread 3 ] DEBUG Engine               - isBrowser: false
15:13:33.831 [FXGL Background Thread 3 ] DEBUG Engine               - isClickFeedbackEnabled: false
15:13:33.831 [FXGL Background Thread 3 ] DEBUG Engine               - isCloseConfirmation: false
15:13:33.831 [FXGL Background Thread 3 ] DEBUG Engine               - isDesktop: true
15:13:33.831 [FXGL Background Thread 3 ] DEBUG Engine               - isDeveloperMenuEnabled: true
15:13:33.831 [FXGL Background Thread 3 ] DEBUG Engine               - isEmbedded: false
15:13:33.831 [FXGL Background Thread 3 ] DEBUG Engine               - isEntityPreloadEnabled: true
15:13:33.831 [FXGL Background Thread 3 ] DEBUG Engine               - isExperimentalTiledLargeMap: false
15:13:33.831 [FXGL Background Thread 3 ] DEBUG Engine               - isFileSystemWriteAllowed: true
15:13:33.831 [FXGL Background Thread 3 ] DEBUG Engine               - isFullScreenAllowed: false
15:13:33.831 [FXGL Background Thread 3 ] DEBUG Engine               - isFullScreenFromStart: false
15:13:33.831 [FXGL Background Thread 3 ] DEBUG Engine               - isGameMenuEnabled: true
15:13:33.831 [FXGL Background Thread 3 ] DEBUG Engine               - isIOS: false
15:13:33.831 [FXGL Background Thread 3 ] DEBUG Engine               - isIntroEnabled: false
15:13:33.831 [FXGL Background Thread 3 ] DEBUG Engine               - isLinux: false
15:13:33.831 [FXGL Background Thread 3 ] DEBUG Engine               - isMac: true
15:13:33.831 [FXGL Background Thread 3 ] DEBUG Engine               - isMainMenuEnabled: true
15:13:33.831 [FXGL Background Thread 3 ] DEBUG Engine               - isManualResizeEnabled: true
15:13:33.831 [FXGL Background Thread 3 ] DEBUG Engine               - isMobile: false
15:13:33.831 [FXGL Background Thread 3 ] DEBUG Engine               - isNative: false
15:13:33.831 [FXGL Background Thread 3 ] DEBUG Engine               - isPauseMusicWhenMinimized: true
15:13:33.832 [FXGL Background Thread 3 ] DEBUG Engine               - isPreserveResizeRatio: true
15:13:33.832 [FXGL Background Thread 3 ] DEBUG Engine               - isProfilingEnabled: false
15:13:33.832 [FXGL Background Thread 3 ] DEBUG Engine               - isScaleAffectedOnResize: true
15:13:33.832 [FXGL Background Thread 3 ] DEBUG Engine               - isSingleStep: false
15:13:33.832 [FXGL Background Thread 3 ] DEBUG Engine               - isUserProfileEnabled: false
15:13:33.832 [FXGL Background Thread 3 ] DEBUG Engine               - isWindows: false
15:13:33.832 [FXGL Background Thread 3 ] DEBUG Engine               - language: ObjectProperty [value: ENGLISH]
15:13:33.832 [FXGL Background Thread 3 ] DEBUG Engine               - menuKey: ESCAPE
15:13:33.832 [FXGL Background Thread 3 ] DEBUG Engine               - mouseSensitivity: 0.2
15:13:33.832 [FXGL Background Thread 3 ] DEBUG Engine               - notificationViewClass: class com.almasb.fxgl.notification.view.XboxNotificationView
15:13:33.832 [FXGL Background Thread 3 ] DEBUG Engine               - pixelsPerMeter: 50.0
15:13:33.832 [FXGL Background Thread 3 ] DEBUG Engine               - platform: MAC
15:13:33.832 [FXGL Background Thread 3 ] DEBUG Engine               - prefHeightProperty: ReadOnlyDoubleProperty [value: 540.0]
15:13:33.832 [FXGL Background Thread 3 ] DEBUG Engine               - prefWidthProperty: ReadOnlyDoubleProperty [value: 720.0]
15:13:33.832 [FXGL Background Thread 3 ] DEBUG Engine               - profileDir: profiles/
15:13:33.832 [FXGL Background Thread 3 ] DEBUG Engine               - profileName: StringProperty [value: DEFAULT]
15:13:33.832 [FXGL Background Thread 3 ] DEBUG Engine               - randomSeed: -1
15:13:33.832 [FXGL Background Thread 3 ] DEBUG Engine               - runtimeInfo: RuntimeInfo(platform=MAC, version=17.3, build=30.03.2023 11.49)
15:13:33.832 [FXGL Background Thread 3 ] DEBUG Engine               - saveFileExt: sav
15:13:33.832 [FXGL Background Thread 3 ] DEBUG Engine               - scaledHeightProp$fxgl: DoubleProperty [bound, value: 540.0]
15:13:33.832 [FXGL Background Thread 3 ] DEBUG Engine               - scaledWidthProp$fxgl: DoubleProperty [bound, value: 720.0]
15:13:33.832 [FXGL Background Thread 3 ] DEBUG Engine               - sceneFactory: testPackage.McDonalismApp$1@56f6f775
15:13:33.832 [FXGL Background Thread 3 ] DEBUG Engine               - secondsIn24h: 60
15:13:33.832 [FXGL Background Thread 3 ] DEBUG Engine               - soundMenuBack: menu/back.wav
15:13:33.832 [FXGL Background Thread 3 ] DEBUG Engine               - soundMenuPress: menu/press.wav
15:13:33.832 [FXGL Background Thread 3 ] DEBUG Engine               - soundMenuSelect: menu/select.wav
15:13:33.832 [FXGL Background Thread 3 ] DEBUG Engine               - soundNotification: core/notification.wav
15:13:33.833 [FXGL Background Thread 3 ] DEBUG Engine               - stageStyle: DECORATED
15:13:33.833 [FXGL Background Thread 3 ] DEBUG Engine               - supportedLanguages: [ENGLISH, FRENCH, GERMAN, HUNGARIAN, RUSSIAN]
15:13:33.833 [FXGL Background Thread 3 ] DEBUG Engine               - ticksPerSecond: -1
15:13:33.833 [FXGL Background Thread 3 ] DEBUG Engine               - title: McDonalism
15:13:33.833 [FXGL Background Thread 3 ] DEBUG Engine               - urlGithub: https://github.com/AlmasB/FXGL
15:13:33.833 [FXGL Background Thread 3 ] DEBUG Engine               - urlLeaderboard: http://fxgl-top.herokuapp.com/
15:13:33.833 [FXGL Background Thread 3 ] DEBUG Engine               - urlPOM: https://raw.githubusercontent.com/AlmasB/FXGL/release/README.md
15:13:33.833 [FXGL Background Thread 3 ] DEBUG Engine               - userAppClass: class testPackage.McDonalismApp
15:13:33.833 [FXGL Background Thread 3 ] DEBUG Engine               - version: 0.8
15:13:33.833 [FXGL Background Thread 3 ] DEBUG Engine               - versionCheckDays: 7
15:13:33.833 [FXGL Background Thread 3 ] DEBUG Engine               - width: 720
15:13:33.833 [FXGL Background Thread 3 ] DEBUG Engine               - Logging services
15:13:33.833 [FXGL Background Thread 3 ] DEBUG Engine               - class com.almasb.fxgl.app.services.FXGLAssetLoaderService
15:13:33.833 [FXGL Background Thread 3 ] DEBUG Engine               - class com.almasb.fxgl.app.FXGLApplication$GameApplicationService
15:13:33.833 [FXGL Background Thread 3 ] DEBUG Engine               - class com.almasb.fxgl.app.services.FXGLDialogService
15:13:33.833 [FXGL Background Thread 3 ] DEBUG Engine               - class com.almasb.fxgl.app.services.IOTaskExecutorService
15:13:33.833 [FXGL Background Thread 3 ] DEBUG Engine               - class com.almasb.fxgl.io.FileSystemService
15:13:33.833 [FXGL Background Thread 3 ] DEBUG Engine               - class com.almasb.fxgl.localization.LocalizationService
15:13:33.833 [FXGL Background Thread 3 ] DEBUG Engine               - class com.almasb.fxgl.app.services.SystemBundleService
15:13:33.833 [FXGL Background Thread 3 ] DEBUG Engine               - class com.almasb.fxgl.profile.SaveLoadService
15:13:33.833 [FXGL Background Thread 3 ] DEBUG Engine               - class com.almasb.fxgl.ui.FXGLUIFactoryServiceProvider
15:13:33.833 [FXGL Background Thread 3 ] DEBUG Engine               - class com.almasb.fxgl.ui.FXGLDialogFactoryServiceProvider
15:13:33.833 [FXGL Background Thread 3 ] DEBUG Engine               - class com.almasb.fxgl.audio.AudioPlayer
15:13:33.833 [FXGL Background Thread 3 ] DEBUG Engine               - class com.almasb.fxgl.notification.impl.NotificationServiceProvider
15:13:33.833 [FXGL Background Thread 3 ] DEBUG Engine               - class com.almasb.fxgl.achievement.AchievementService
15:13:33.833 [FXGL Background Thread 3 ] DEBUG Engine               - class com.almasb.fxgl.cutscene.CutsceneService
15:13:33.833 [FXGL Background Thread 3 ] DEBUG Engine               - class com.almasb.fxgl.minigames.MiniGameService
15:13:33.833 [FXGL Background Thread 3 ] DEBUG Engine               - class com.almasb.fxgl.net.NetService
15:13:33.833 [FXGL Background Thread 3 ] DEBUG Engine               - class com.almasb.fxgl.app.services.UpdaterService
15:13:33.833 [FXGL Background Thread 3 ] DEBUG Engine               - class com.almasb.fxgl.dev.DevService
15:13:34.437 [JavaFX Application Thread] DEBUG Menu                 - fireExit()
15:13:34.443 [JavaFX Application Thread] DEBUG PrimaryStageWindow   - Push state: DialogSubScene
15:13:34.443 [JavaFX Application Thread] DEBUG Input                - Clearing active input actions
15:13:34.445 [JavaFX Application Thread] DEBUG GameApplicationServi - Removing overlay from M_MainMenu and adding to DialogSubScene
15:13:34.447 [JavaFX Application Thread] DEBUG PrimaryStageWindow   - M_MainMenu -> DialogSubScene
15:13:34.964 [JavaFX Application Thread] DEBUG PrimaryStageWindow   - Pop state: DialogSubScene
15:13:34.965 [JavaFX Application Thread] DEBUG Input                - Clearing active input actions
15:13:34.966 [JavaFX Application Thread] DEBUG GameApplicationServi - Removing overlay from DialogSubScene and adding to M_MainMenu
15:13:34.968 [JavaFX Application Thread] DEBUG PrimaryStageWindow   - M_MainMenu <- DialogSubScene
15:13:34.968 [JavaFX Application Thread] DEBUG FXGLApplication      - Exiting FXGL
15:13:34.968 [JavaFX Application Thread] DEBUG LoopRunner           - Stopping loop
15:13:34.968 [JavaFX Application Thread] DEBUG SystemBundleService  - Saving FXGL system data
15:13:34.970 [JavaFX Application Thread] DEBUG FileSystemAccess     - Writing to: /Users/meo/Desktop/CSC1004/javaproject/CSC1004java/system/fxgl.bundle
15:13:34.972 [JavaFX Application Thread] DEBUG Async                - Shutting down background threads
15:13:34.972 [JavaFX Application Thread] DEBUG PrimaryStageWindow   - Closing main window
15:13:34.979 [JavaFX Application Thread] DEBUG Logger               - Closing Logger
