23:05:20.524 [main                     ] DEBUG Logger               - Configured Logger
23:05:20.535 [main                     ] DEBUG GameApplication      - Logging settings
Title: McDonalism
Version: 0.1
Width: 800
Height: 600
Fullscreen: false
Intro: false
Profiling: false
Single step:false
App Mode: DEVELOPER
Menu Key: ESCAPE
Stage Style: DECORATED
Scene Factory: class com.almasb.fxgl.app.scene.SceneFactory

23:05:20.739 [JavaFX Application Thread] DEBUG FXGLApplication      - Initializing FXGL
23:05:20.743 [JavaFX Application Thread] INFO  Engine               - FXGL-17.2 (20.08.2022 16.50) on MAC (J:18.0.2.1 FX:18)
23:05:20.743 [JavaFX Application Thread] DEBUG Engine               - JRE Vendor Name: Oracle Corporation
23:05:20.743 [JavaFX Application Thread] DEBUG Engine               - Running on OS: Mac OS X version 13.2.1
23:05:20.743 [JavaFX Application Thread] DEBUG Engine               - Architecture: aarch64
23:05:20.743 [JavaFX Application Thread] INFO  Engine               - Source code and latest versions at: https://github.com/AlmasB/FXGL
23:05:20.743 [JavaFX Application Thread] INFO  Engine               -       Ask questions and discuss at: https://github.com/AlmasB/FXGL/discussions
23:05:20.743 [JavaFX Application Thread] INFO  Engine               -              Join the FXGL chat at: https://gitter.im/AlmasB/FXGL
23:05:20.786 [JavaFX Application Thread] DEBUG PrimaryStageWindow   - Creating a JavaFX scene
23:05:20.806 [JavaFX Application Thread] DEBUG PrimaryStageWindow   - Target settings size: 800.0 x 600.0
23:05:20.806 [JavaFX Application Thread] DEBUG PrimaryStageWindow   - Scaled scene size:    800.0 x 600.0
23:05:20.806 [JavaFX Application Thread] DEBUG PrimaryStageWindow   - Scaled ratio: (1.0, 1.0)
23:05:20.807 [JavaFX Application Thread] DEBUG PrimaryStageWindow   - Set initial scene to FXGLStartupScene
23:05:20.810 [JavaFX Application Thread] DEBUG PrimaryStageWindow   - Opening main window
23:05:20.854 [JavaFX Application Thread] DEBUG PrimaryStageWindow   - Window border size: (0.0, 28.0)
23:05:20.854 [JavaFX Application Thread] DEBUG PrimaryStageWindow   - Scaled size: 800.0 x 600.0
23:05:20.854 [JavaFX Application Thread] DEBUG PrimaryStageWindow   - Scaled ratio: (1.0, 1.0)
23:05:20.854 [JavaFX Application Thread] DEBUG PrimaryStageWindow   - Scene size: 800.0 x 600.0
23:05:20.854 [JavaFX Application Thread] DEBUG PrimaryStageWindow   - Stage size: 800.0 x 628.0
23:05:20.858 [FXGL Background Thread 1 ] DEBUG Engine               - Initializing environment variables
23:05:20.880 [FXGL Background Thread 1 ] DEBUG FXGLAssetLoaderServi - User app class for loading assets: class testPackage.McDonalismApp
23:05:20.881 [FXGL Background Thread 1 ] DEBUG GameApplicationServi - Applying CSS: fxgl_dark.css
23:05:20.881 [FXGL Background Thread 1 ] DEBUG FXGLAssetLoaderServi - Loading from file system: jar:file:///Users/meo/.m2/repository/com/github/almasb/fxgl/17.2/fxgl-17.2.jar!/fxglassets/ui/css/fxgl_dark.css
23:05:20.904 [FXGL Background Thread 1 ] DEBUG GameApplicationServi - Initializing application scenes
23:05:21.046 [FXGL Background Thread 1 ] DEBUG GameWorld            - Game world initialized
23:05:21.073 [FXGL Background Thread 1 ] DEBUG PhysicsWorld         - Physics world initialized: appHeight=600, physics.ppm=50.0
23:05:21.073 [FXGL Background Thread 1 ] DEBUG PhysicsWorld         - Using strategy: BRUTE_FORCE
23:05:21.075 [FXGL Background Thread 1 ] DEBUG GameScene            - Game scene initialized: 800x600
23:05:21.080 [FXGL Background Thread 1 ] DEBUG FXGL.DefaultMenu     - createMenuBodyMainMenu()
23:05:21.087 [FXGL Background Thread 1 ] DEBUG FXGL.DefaultMenu     - createOptionsMenu()
23:05:21.092 [FXGL Background Thread 1 ] DEBUG FXGLAssetLoaderServi - Loading from file system: jar:file:///Users/meo/.m2/repository/com/github/almasb/fxgl/17.2/fxgl-17.2.jar!/fxglassets/textures/particles/smoke.png
23:05:21.140 [FXGL Background Thread 1 ] DEBUG FXGLAssetLoaderServi - Loading from file system: jar:file:///Users/meo/.m2/repository/com/github/almasb/fxgl/17.2/fxgl-17.2.jar!/fxglassets/textures/particles/trace_horizontal.png
23:05:21.153 [FXGL Background Thread 1 ] DEBUG FXGL.DefaultMenu     - createMenuBodyGameMenu()
23:05:21.154 [FXGL Background Thread 1 ] DEBUG FXGL.DefaultMenu     - createOptionsMenu()
23:05:21.172 [FXGL Background Thread 1 ] DEBUG GameApplicationServi - Application scenes initialized
23:05:21.178 [FXGL Background Thread 1 ] DEBUG SystemBundleService  - Loading FXGL system data
23:05:21.183 [FXGL Background Thread 1 ] DEBUG FileSystemAccess     - Reading from: /Users/meo/Desktop/CSC1004/javaproject/CSC1004java/system/fxgl.bundle
23:05:21.188 [FXGL Background Thread 1 ] DEBUG SystemBundleService  - Bundle FXGL: {}
23:05:21.188 [FXGL Background Thread 1 ] DEBUG UpdaterService       - Checking for updates
23:05:21.189 [FXGL Background Thread 4 ] DEBUG FXGLApplication      - Loading fonts
23:05:21.189 [FXGL Background Thread 4 ] DEBUG FXGLAssetLoaderServi - Loading from file system: jar:file:///Users/meo/.m2/repository/com/github/almasb/fxgl/17.2/fxgl-17.2.jar!/fxglassets/ui/fonts/VarelaRound-Regular.ttf
23:05:21.189 [FXGL Background Thread 1 ] DEBUG FXGLApplication      - Loading default localization
23:05:21.190 [FXGL Background Thread 1 ] DEBUG FXGLAssetLoaderServi - Loading from file system: jar:file:///Users/meo/.m2/repository/com/github/almasb/fxgl/17.2/fxgl-17.2.jar!/fxglassets/languages/english.lang
23:05:21.194 [FXGL Background Thread 4 ] DEBUG FXGLAssetLoaderServi - Loading from file system: jar:file:///Users/meo/.m2/repository/com/github/almasb/fxgl/17.2/fxgl-17.2.jar!/fxglassets/ui/fonts/Abel-Regular.ttf
23:05:21.196 [FXGL Background Thread 4 ] DEBUG FXGLAssetLoaderServi - Loading from file system: jar:file:///Users/meo/.m2/repository/com/github/almasb/fxgl/17.2/fxgl-17.2.jar!/fxglassets/ui/fonts/TerminalLandMono-Regular.otf
23:05:21.197 [FXGL Background Thread 1 ] INFO  FXGLApplication      - FXGL initialization took: 0.339 sec
23:05:21.197 [FXGL Background Thread 4 ] DEBUG FXGLAssetLoaderServi - Loading from file system: jar:file:///Users/meo/.m2/repository/com/github/almasb/fxgl/17.2/fxgl-17.2.jar!/fxglassets/ui/fonts/Courier-Prime.ttf
23:05:21.200 [JavaFX Application Thread] DEBUG Input                - Registered new binding: Up - W
23:05:21.200 [JavaFX Application Thread] DEBUG Input                - Registered new binding: Down - S
23:05:21.200 [JavaFX Application Thread] DEBUG Input                - Registered new binding: Left - A
23:05:21.201 [JavaFX Application Thread] DEBUG Input                - Registered new binding: Right - D
23:05:21.201 [JavaFX Application Thread] DEBUG Input                - Registered new binding: Shoot - LMB
23:05:21.201 [JavaFX Application Thread] DEBUG FXGLAssetLoaderServi - Loading from file system: jar:file:///Users/meo/.m2/repository/com/github/almasb/fxgl/17.2/fxgl-17.2.jar!/fxglassets/textures/fxgl_icon.png
23:05:21.214 [JavaFX Application Thread] DEBUG FXGLAssetLoaderServi - Loading from file system: jar:file:///Users/meo/.m2/repository/com/github/almasb/fxgl/17.2/fxgl-17.2.jar!/fxglassets/textures/fxgl_default_cursor.png
23:05:21.215 [JavaFX Application Thread] DEBUG Input                - Registered new binding: Screenshot - CTRL+8
23:05:21.215 [JavaFX Application Thread] DEBUG Input                - Registered new binding: System info dump - CTRL+9
23:05:21.215 [JavaFX Application Thread] DEBUG Input                - Registered new binding: Restart - CTRL+R
23:05:21.215 [JavaFX Application Thread] DEBUG Input                - Registered new binding: Toggle Debug Camera - CTRL+7
23:05:21.216 [JavaFX Application Thread] DEBUG LoopRunner           - Starting loop
23:05:21.216 [JavaFX Application Thread] DEBUG LoopRunner           - Initializing JavaFX AnimationTimerLoop
23:05:21.217 [JavaFX Application Thread] DEBUG Input                - Clearing active input actions
23:05:21.220 [JavaFX Application Thread] DEBUG GameApplicationServi - Removing overlay from FXGLStartupScene and adding to FXGLMainMenuDummyScene
23:05:21.220 [JavaFX Application Thread] DEBUG PrimaryStageWindow   - FXGLStartupScene -> FXGLMainMenuDummyScene
23:05:21.220 [JavaFX Application Thread] DEBUG PrimaryStageWindow   - Push state: FXGLDefaultMenu
23:05:21.222 [JavaFX Application Thread] DEBUG Input                - Clearing active input actions
23:05:21.225 [JavaFX Application Thread] DEBUG GameApplicationServi - Removing overlay from FXGLMainMenuDummyScene and adding to FXGLDefaultMenu
23:05:21.225 [JavaFX Application Thread] DEBUG PrimaryStageWindow   - FXGLMainMenuDummyScene -> FXGLDefaultMenu
23:05:21.244 [JavaFX Application Thread] DEBUG FXGLApplication      - Registering font factories with UI factory
23:05:21.949 [JavaFX Application Thread] DEBUG Menu                 - fireNewGame()
23:05:21.950 [JavaFX Application Thread] DEBUG GameApplicationServi - Starting new game
23:05:21.950 [JavaFX Application Thread] DEBUG PrimaryStageWindow   - Pop state: FXGLDefaultMenu
23:05:21.950 [JavaFX Application Thread] DEBUG Input                - Clearing active input actions
23:05:21.951 [JavaFX Application Thread] DEBUG GameApplicationServi - Removing overlay from FXGLDefaultMenu and adding to FXGLMainMenuDummyScene
23:05:21.951 [JavaFX Application Thread] DEBUG PrimaryStageWindow   - FXGLMainMenuDummyScene <- FXGLDefaultMenu
23:05:21.951 [JavaFX Application Thread] DEBUG Input                - Clearing active input actions
23:05:21.954 [JavaFX Application Thread] DEBUG GameApplicationServi - Removing overlay from FXGLMainMenuDummyScene and adding to FXGLLoadingScene
23:05:21.954 [JavaFX Application Thread] DEBUG PrimaryStageWindow   - FXGLMainMenuDummyScene -> FXGLLoadingScene
23:05:21.954 [JavaFX Application Thread] DEBUG GameApplicationServi - Clearing previous game
23:05:21.954 [JavaFX Application Thread] DEBUG GameScene            - Clearing game scene
23:05:21.954 [JavaFX Application Thread] DEBUG GameWorld            - Clearing game world
23:05:21.954 [JavaFX Application Thread] DEBUG PhysicsWorld         - Clearing physics world
23:05:21.955 [FXGL Background Thread 2 ] DEBUG FXGLApplication      - Initializing game
23:05:21.955 [FXGL Background Thread 2 ] DEBUG FXGLAssetLoaderServi - Loading from file system: file:/Users/meo/Desktop/CSC1004/javaproject/CSC1004java/target/classes/assets/music/Crypteque1.mp3
23:05:22.168 [FXGL Background Thread 2 ] DEBUG AudioPlayer          - Playing music com.almasb.fxgl.audio.Music@51de608d
23:05:22.182 [FXGL Background Thread 2 ] WARN  TMXLevelLoader       - TiledMap generated from 1.9.2. Supported version: 1.9.0. Some features may not be parsed fully.
23:05:22.184 [FXGL Background Thread 2 ] WARN  TMXLevelLoader       - Parse error
javax.xml.stream.XMLStreamException: ParseError at [row,col]:[8,50]
Message: elementGetText() function expects text only elment but START_ELEMENT was encountered.
	at java.xml/com.sun.org.apache.xerces.internal.impl.XMLStreamReaderImpl.getElementText(XMLStreamReaderImpl.java:918)
	at java.xml/com.sun.xml.internal.stream.XMLEventReaderImpl.getElementText(XMLEventReaderImpl.java:187)
	at com.almasb.fxgl.entity@17.2/com.almasb.fxgl.entity.level.tiled.TMXLevelLoader.parse(TMXLevelLoader.kt:225)
	at com.almasb.fxgl.entity@17.2/com.almasb.fxgl.entity.level.tiled.TMXLevelLoader.load(TMXLevelLoader.kt:52)
	at com.almasb.fxgl.all@17.2/com.almasb.fxgl.app.services.FXGLAssetLoaderService.loadLevel(FXGLAssetLoaderService.kt:446)
	at com.almasb.fxgl.all@17.2/com.almasb.fxgl.dsl.FXGL$Companion.setLevelFromMap(FXGL.kt:634)
	at com.almasb.fxgl.all@17.2/com.almasb.fxgl.dsl.FXGL.setLevelFromMap(FXGL.kt)
	at CSC1004java/testPackage.McDonalismApp.initGame(McDonalismApp.java:78)
	at com.almasb.fxgl.all@17.2/com.almasb.fxgl.app.FXGLApplication$InitAppTask.initGame(FXGLApplication.kt:339)
	at com.almasb.fxgl.all@17.2/com.almasb.fxgl.app.FXGLApplication$InitAppTask.call(FXGLApplication.kt:319)
	at com.almasb.fxgl.all@17.2/com.almasb.fxgl.app.FXGLApplication$InitAppTask.call(FXGLApplication.kt:311)
	at javafx.graphics@18/javafx.concurrent.Task$TaskCallable.call(Task.java:1426)
	at java.base/java.util.concurrent.FutureTask.run(FutureTask.java:264)
	at java.base/java.util.concurrent.Executors$RunnableAdapter.call(Executors.java:539)
	at java.base/java.util.concurrent.FutureTask.run(FutureTask.java:264)
	at java.base/java.util.concurrent.ThreadPoolExecutor.runWorker(ThreadPoolExecutor.java:1136)
	at java.base/java.util.concurrent.ThreadPoolExecutor$Worker.run(ThreadPoolExecutor.java:635)
	at java.base/java.lang.Thread.run(Thread.java:833)

23:05:22.277 [JavaFX Application Thread] DEBUG LoopRunner           - Stopping loop
23:05:22.277 [JavaFX Application Thread] FATAL FXGLApplication      - Uncaught Exception:
java.lang.RuntimeException: Initialization failed
	at com.almasb.fxgl.all@17.2/com.almasb.fxgl.app.FXGLApplication$InitAppTask.failed(FXGLApplication.kt:343)
	at javafx.graphics@18/javafx.concurrent.Task.setState(Task.java:710)
	at javafx.graphics@18/javafx.concurrent.Task$TaskCallable.lambda$call$2(Task.java:1456)
	at javafx.graphics@18/com.sun.javafx.application.PlatformImpl.lambda$runLater$10(PlatformImpl.java:457)
	at java.base/java.security.AccessController.doPrivileged(AccessController.java:399)
	at javafx.graphics@18/com.sun.javafx.application.PlatformImpl.lambda$runLater$11(PlatformImpl.java:456)
	at javafx.graphics@18/com.sun.glass.ui.InvokeLaterDispatcher$Future.run(InvokeLaterDispatcher.java:96)
Caused by: com.almasb.fxgl.entity.level.LevelLoadingException: ParseError at [row,col]:[8,50]
Message: elementGetText() function expects text only elment but START_ELEMENT was encountered.
	at com.almasb.fxgl.entity@17.2/com.almasb.fxgl.entity.level.tiled.TMXLevelLoader.load(TMXLevelLoader.kt:78)
	at com.almasb.fxgl.all@17.2/com.almasb.fxgl.app.services.FXGLAssetLoaderService.loadLevel(FXGLAssetLoaderService.kt:446)
	at com.almasb.fxgl.all@17.2/com.almasb.fxgl.dsl.FXGL$Companion.setLevelFromMap(FXGL.kt:634)
	at com.almasb.fxgl.all@17.2/com.almasb.fxgl.dsl.FXGL.setLevelFromMap(FXGL.kt)
	at CSC1004java/testPackage.McDonalismApp.initGame(McDonalismApp.java:78)
	at com.almasb.fxgl.all@17.2/com.almasb.fxgl.app.FXGLApplication$InitAppTask.initGame(FXGLApplication.kt:339)
	at com.almasb.fxgl.all@17.2/com.almasb.fxgl.app.FXGLApplication$InitAppTask.call(FXGLApplication.kt:319)
	at com.almasb.fxgl.all@17.2/com.almasb.fxgl.app.FXGLApplication$InitAppTask.call(FXGLApplication.kt:311)
	at javafx.graphics@18/javafx.concurrent.Task$TaskCallable.call(Task.java:1426)
	at java.base/java.util.concurrent.FutureTask.run(FutureTask.java:264)
	at java.base/java.util.concurrent.Executors$RunnableAdapter.call(Executors.java:539)
	at java.base/java.util.concurrent.FutureTask.run(FutureTask.java:264)
	at java.base/java.util.concurrent.ThreadPoolExecutor.runWorker(ThreadPoolExecutor.java:1136)
	at java.base/java.util.concurrent.ThreadPoolExecutor$Worker.run(ThreadPoolExecutor.java:635)
	at java.base/java.lang.Thread.run(Thread.java:833)
Caused by: javax.xml.stream.XMLStreamException: ParseError at [row,col]:[8,50]
Message: elementGetText() function expects text only elment but START_ELEMENT was encountered.
	at java.xml/com.sun.org.apache.xerces.internal.impl.XMLStreamReaderImpl.getElementText(XMLStreamReaderImpl.java:918)
	at java.xml/com.sun.xml.internal.stream.XMLEventReaderImpl.getElementText(XMLEventReaderImpl.java:187)
	at com.almasb.fxgl.entity@17.2/com.almasb.fxgl.entity.level.tiled.TMXLevelLoader.parse(TMXLevelLoader.kt:225)
	at com.almasb.fxgl.entity@17.2/com.almasb.fxgl.entity.level.tiled.TMXLevelLoader.load(TMXLevelLoader.kt:52)
	... 14 more

23:05:22.277 [JavaFX Application Thread] FATAL FXGLApplication      - Application will now exit
23:05:22.286 [JavaFX Application Thread] DEBUG PrimaryStageWindow   - Push state: ErrorSubScene
23:05:22.286 [JavaFX Application Thread] DEBUG Input                - Clearing active input actions
23:05:22.287 [JavaFX Application Thread] DEBUG GameApplicationServi - Removing overlay from FXGLLoadingScene and adding to ErrorSubScene
23:05:22.287 [JavaFX Application Thread] DEBUG PrimaryStageWindow   - FXGLLoadingScene -> ErrorSubScene
23:05:24.194 [FXGL Background Thread 3 ] DEBUG Engine               - Logging environment variables
23:05:24.194 [FXGL Background Thread 3 ] DEBUG Engine               - achievements: []
23:05:24.195 [FXGL Background Thread 3 ] DEBUG Engine               - actualHeight: 600.0
23:05:24.195 [FXGL Background Thread 3 ] DEBUG Engine               - actualHeightProperty: ReadOnlyDoubleProperty [value: 600.0]
23:05:24.195 [FXGL Background Thread 3 ] DEBUG Engine               - actualWidth: 800.0
23:05:24.195 [FXGL Background Thread 3 ] DEBUG Engine               - actualWidthProperty: ReadOnlyDoubleProperty [value: 800.0]
23:05:24.195 [FXGL Background Thread 3 ] DEBUG Engine               - appIcon: fxgl_icon.png
23:05:24.195 [FXGL Background Thread 3 ] DEBUG Engine               - applicationMode: DEVELOPER
23:05:24.195 [FXGL Background Thread 3 ] DEBUG Engine               - cSSList: [fxgl_dark.css]
23:05:24.195 [FXGL Background Thread 3 ] DEBUG Engine               - collisionDetectionStrategy: BRUTE_FORCE
23:05:24.195 [FXGL Background Thread 3 ] DEBUG Engine               - configClass: Optional.empty
23:05:24.195 [FXGL Background Thread 3 ] DEBUG Engine               - credits: []
23:05:24.195 [FXGL Background Thread 3 ] DEBUG Engine               - defaultCursor: CursorInfo(imageName=fxgl_default_cursor.png, hotspotX=7.0, hotspotY=6.0)
23:05:24.195 [FXGL Background Thread 3 ] DEBUG Engine               - devBBoxColorProperty: ObjectProperty [value: 0xff0000ff]
23:05:24.195 [FXGL Background Thread 3 ] DEBUG Engine               - devEnableDebugCameraProperty: BooleanProperty [value: false]
23:05:24.195 [FXGL Background Thread 3 ] DEBUG Engine               - devSensorColorProperty: ObjectProperty [value: 0xffff00ff]
23:05:24.195 [FXGL Background Thread 3 ] DEBUG Engine               - devShowBBoxProperty: BooleanProperty [value: false]
23:05:24.196 [FXGL Background Thread 3 ] DEBUG Engine               - devShowPositionProperty: BooleanProperty [value: false]
23:05:24.196 [FXGL Background Thread 3 ] DEBUG Engine               - enabledMenuItems: []
23:05:24.196 [FXGL Background Thread 3 ] DEBUG Engine               - engineServices: [class com.almasb.fxgl.app.services.FXGLAssetLoaderService, class com.almasb.fxgl.app.FXGLApplication$GameApplicationService, class com.almasb.fxgl.app.services.FXGLDialogService, class com.almasb.fxgl.app.services.IOTaskExecutorService, class com.almasb.fxgl.io.FileSystemService, class com.almasb.fxgl.localization.LocalizationService, class com.almasb.fxgl.app.services.SystemBundleService, class com.almasb.fxgl.profile.SaveLoadService, class com.almasb.fxgl.ui.FXGLUIFactoryServiceProvider, class com.almasb.fxgl.ui.FXGLDialogFactoryServiceProvider, class com.almasb.fxgl.audio.AudioPlayer, class com.almasb.fxgl.notification.impl.NotificationServiceProvider, class com.almasb.fxgl.achievement.AchievementService, class com.almasb.fxgl.cutscene.CutsceneService, class com.almasb.fxgl.minigames.MiniGameService, class com.almasb.fxgl.net.NetService, class com.almasb.fxgl.app.services.UpdaterService, class com.almasb.fxgl.dev.DevService]
23:05:24.196 [FXGL Background Thread 3 ] DEBUG Engine               - fontGame: Abel-Regular.ttf
23:05:24.196 [FXGL Background Thread 3 ] DEBUG Engine               - fontMono: TerminalLandMono-Regular.otf
23:05:24.196 [FXGL Background Thread 3 ] DEBUG Engine               - fontText: Courier-Prime.ttf
23:05:24.196 [FXGL Background Thread 3 ] DEBUG Engine               - fontUI: VarelaRound-Regular.ttf
23:05:24.196 [FXGL Background Thread 3 ] DEBUG Engine               - fullScreen: BooleanProperty [value: false]
23:05:24.196 [FXGL Background Thread 3 ] DEBUG Engine               - gameDifficulty: MEDIUM
23:05:24.196 [FXGL Background Thread 3 ] DEBUG Engine               - gameDifficultyProperty: ObjectProperty [value: MEDIUM]
23:05:24.196 [FXGL Background Thread 3 ] DEBUG Engine               - globalMusicVolume: 0.5
23:05:24.196 [FXGL Background Thread 3 ] DEBUG Engine               - globalMusicVolumeProperty: DoubleProperty [value: 0.5]
23:05:24.196 [FXGL Background Thread 3 ] DEBUG Engine               - globalSoundVolume: 0.5
23:05:24.196 [FXGL Background Thread 3 ] DEBUG Engine               - globalSoundVolumeProperty: DoubleProperty [value: 0.5]
23:05:24.196 [FXGL Background Thread 3 ] DEBUG Engine               - height: 600
23:05:24.196 [FXGL Background Thread 3 ] DEBUG Engine               - is3D: false
23:05:24.196 [FXGL Background Thread 3 ] DEBUG Engine               - isAndroid: false
23:05:24.196 [FXGL Background Thread 3 ] DEBUG Engine               - isBrowser: false
23:05:24.196 [FXGL Background Thread 3 ] DEBUG Engine               - isClickFeedbackEnabled: false
23:05:24.196 [FXGL Background Thread 3 ] DEBUG Engine               - isCloseConfirmation: false
23:05:24.196 [FXGL Background Thread 3 ] DEBUG Engine               - isDesktop: true
23:05:24.196 [FXGL Background Thread 3 ] DEBUG Engine               - isDeveloperMenuEnabled: false
23:05:24.196 [FXGL Background Thread 3 ] DEBUG Engine               - isEmbedded: false
23:05:24.196 [FXGL Background Thread 3 ] DEBUG Engine               - isEntityPreloadEnabled: true
23:05:24.196 [FXGL Background Thread 3 ] DEBUG Engine               - isExperimentalTiledLargeMap: false
23:05:24.196 [FXGL Background Thread 3 ] DEBUG Engine               - isFileSystemWriteAllowed: true
23:05:24.196 [FXGL Background Thread 3 ] DEBUG Engine               - isFullScreenAllowed: false
23:05:24.196 [FXGL Background Thread 3 ] DEBUG Engine               - isFullScreenFromStart: false
23:05:24.196 [FXGL Background Thread 3 ] DEBUG Engine               - isGameMenuEnabled: true
23:05:24.196 [FXGL Background Thread 3 ] DEBUG Engine               - isIOS: false
23:05:24.196 [FXGL Background Thread 3 ] DEBUG Engine               - isIntroEnabled: false
23:05:24.196 [FXGL Background Thread 3 ] DEBUG Engine               - isLinux: false
23:05:24.196 [FXGL Background Thread 3 ] DEBUG Engine               - isMac: true
23:05:24.197 [FXGL Background Thread 3 ] DEBUG Engine               - isMainMenuEnabled: true
23:05:24.197 [FXGL Background Thread 3 ] DEBUG Engine               - isManualResizeEnabled: true
23:05:24.197 [FXGL Background Thread 3 ] DEBUG Engine               - isMobile: false
23:05:24.197 [FXGL Background Thread 3 ] DEBUG Engine               - isNative: false
23:05:24.197 [FXGL Background Thread 3 ] DEBUG Engine               - isPauseMusicWhenMinimized: true
23:05:24.197 [FXGL Background Thread 3 ] DEBUG Engine               - isPreserveResizeRatio: true
23:05:24.197 [FXGL Background Thread 3 ] DEBUG Engine               - isProfilingEnabled: false
23:05:24.197 [FXGL Background Thread 3 ] DEBUG Engine               - isScaleAffectedOnResize: true
23:05:24.197 [FXGL Background Thread 3 ] DEBUG Engine               - isSingleStep: false
23:05:24.197 [FXGL Background Thread 3 ] DEBUG Engine               - isUserProfileEnabled: false
23:05:24.197 [FXGL Background Thread 3 ] DEBUG Engine               - isWindows: false
23:05:24.197 [FXGL Background Thread 3 ] DEBUG Engine               - language: ObjectProperty [value: ENGLISH]
23:05:24.197 [FXGL Background Thread 3 ] DEBUG Engine               - menuKey: ESCAPE
23:05:24.197 [FXGL Background Thread 3 ] DEBUG Engine               - mouseSensitivity: 0.2
23:05:24.197 [FXGL Background Thread 3 ] DEBUG Engine               - notificationViewClass: class com.almasb.fxgl.notification.view.XboxNotificationView
23:05:24.197 [FXGL Background Thread 3 ] DEBUG Engine               - pixelsPerMeter: 50.0
23:05:24.197 [FXGL Background Thread 3 ] DEBUG Engine               - platform: MAC
23:05:24.197 [FXGL Background Thread 3 ] DEBUG Engine               - prefHeightProperty: ReadOnlyDoubleProperty [value: 600.0]
23:05:24.197 [FXGL Background Thread 3 ] DEBUG Engine               - prefWidthProperty: ReadOnlyDoubleProperty [value: 800.0]
23:05:24.197 [FXGL Background Thread 3 ] DEBUG Engine               - profileDir: profiles/
23:05:24.197 [FXGL Background Thread 3 ] DEBUG Engine               - profileName: StringProperty [value: DEFAULT]
23:05:24.197 [FXGL Background Thread 3 ] DEBUG Engine               - randomSeed: -1
23:05:24.197 [FXGL Background Thread 3 ] DEBUG Engine               - runtimeInfo: RuntimeInfo(platform=MAC, version=17.2, build=20.08.2022 16.50)
23:05:24.197 [FXGL Background Thread 3 ] DEBUG Engine               - saveFileExt: sav
23:05:24.197 [FXGL Background Thread 3 ] DEBUG Engine               - scaledHeightProp$fxgl: DoubleProperty [bound, value: 600.0]
23:05:24.197 [FXGL Background Thread 3 ] DEBUG Engine               - scaledWidthProp$fxgl: DoubleProperty [bound, value: 800.0]
23:05:24.197 [FXGL Background Thread 3 ] DEBUG Engine               - sceneFactory: com.almasb.fxgl.app.scene.SceneFactory@2dfcafb1
23:05:24.197 [FXGL Background Thread 3 ] DEBUG Engine               - secondsIn24h: 60
23:05:24.197 [FXGL Background Thread 3 ] DEBUG Engine               - soundMenuBack: menu/back.wav
23:05:24.197 [FXGL Background Thread 3 ] DEBUG Engine               - soundMenuPress: menu/press.wav
23:05:24.197 [FXGL Background Thread 3 ] DEBUG Engine               - soundMenuSelect: menu/select.wav
23:05:24.197 [FXGL Background Thread 3 ] DEBUG Engine               - soundNotification: core/notification.wav
23:05:24.197 [FXGL Background Thread 3 ] DEBUG Engine               - stageStyle: DECORATED
23:05:24.197 [FXGL Background Thread 3 ] DEBUG Engine               - supportedLanguages: [ENGLISH, FRENCH, GERMAN, HUNGARIAN, RUSSIAN]
23:05:24.198 [FXGL Background Thread 3 ] DEBUG Engine               - ticksPerSecond: -1
23:05:24.198 [FXGL Background Thread 3 ] DEBUG Engine               - title: McDonalism
23:05:24.198 [FXGL Background Thread 3 ] DEBUG Engine               - urlGithub: https://github.com/AlmasB/FXGL
23:05:24.198 [FXGL Background Thread 3 ] DEBUG Engine               - urlLeaderboard: http://fxgl-top.herokuapp.com/
23:05:24.198 [FXGL Background Thread 3 ] DEBUG Engine               - urlPOM: https://raw.githubusercontent.com/AlmasB/FXGL/release/README.md
23:05:24.198 [FXGL Background Thread 3 ] DEBUG Engine               - userAppClass: class testPackage.McDonalismApp
23:05:24.198 [FXGL Background Thread 3 ] DEBUG Engine               - version: 0.1
23:05:24.198 [FXGL Background Thread 3 ] DEBUG Engine               - versionCheckDays: 7
23:05:24.198 [FXGL Background Thread 3 ] DEBUG Engine               - width: 800
23:05:24.198 [FXGL Background Thread 3 ] DEBUG Engine               - Logging services
23:05:24.198 [FXGL Background Thread 3 ] DEBUG Engine               - class com.almasb.fxgl.app.services.FXGLAssetLoaderService
23:05:24.198 [FXGL Background Thread 3 ] DEBUG Engine               - class com.almasb.fxgl.app.FXGLApplication$GameApplicationService
23:05:24.198 [FXGL Background Thread 3 ] DEBUG Engine               - class com.almasb.fxgl.app.services.FXGLDialogService
23:05:24.198 [FXGL Background Thread 3 ] DEBUG Engine               - class com.almasb.fxgl.app.services.IOTaskExecutorService
23:05:24.198 [FXGL Background Thread 3 ] DEBUG Engine               - class com.almasb.fxgl.io.FileSystemService
23:05:24.198 [FXGL Background Thread 3 ] DEBUG Engine               - class com.almasb.fxgl.localization.LocalizationService
23:05:24.198 [FXGL Background Thread 3 ] DEBUG Engine               - class com.almasb.fxgl.app.services.SystemBundleService
23:05:24.198 [FXGL Background Thread 3 ] DEBUG Engine               - class com.almasb.fxgl.profile.SaveLoadService
23:05:24.198 [FXGL Background Thread 3 ] DEBUG Engine               - class com.almasb.fxgl.ui.FXGLUIFactoryServiceProvider
23:05:24.198 [FXGL Background Thread 3 ] DEBUG Engine               - class com.almasb.fxgl.ui.FXGLDialogFactoryServiceProvider
23:05:24.198 [FXGL Background Thread 3 ] DEBUG Engine               - class com.almasb.fxgl.audio.AudioPlayer
23:05:24.198 [FXGL Background Thread 3 ] DEBUG Engine               - class com.almasb.fxgl.notification.impl.NotificationServiceProvider
23:05:24.198 [FXGL Background Thread 3 ] DEBUG Engine               - class com.almasb.fxgl.achievement.AchievementService
23:05:24.198 [FXGL Background Thread 3 ] DEBUG Engine               - class com.almasb.fxgl.cutscene.CutsceneService
23:05:24.198 [FXGL Background Thread 3 ] DEBUG Engine               - class com.almasb.fxgl.minigames.MiniGameService
23:05:24.198 [FXGL Background Thread 3 ] DEBUG Engine               - class com.almasb.fxgl.net.NetService
23:05:24.198 [FXGL Background Thread 3 ] DEBUG Engine               - class com.almasb.fxgl.app.services.UpdaterService
23:05:24.198 [FXGL Background Thread 3 ] DEBUG Engine               - class com.almasb.fxgl.dev.DevService
23:05:36.170 [JavaFX Application Thread] DEBUG FXGLApplication      - Exiting FXGL
23:05:36.170 [JavaFX Application Thread] DEBUG Async                - Shutting down background threads
23:05:36.170 [JavaFX Application Thread] DEBUG PrimaryStageWindow   - Closing main window
23:05:36.179 [JavaFX Application Thread] DEBUG Logger               - Closing Logger
