15:16:04.355 [main                     ] DEBUG Logger               - Configured Logger
15:16:04.374 [main                     ] DEBUG GameApplication      - Logging settings
Title: McDonalism
Version: 0.8
Width: 720
Height: 540
Fullscreen: false
Intro: false
Profiling: false
Single step:false
App Mode: DEVELOPER
Menu Key: ESCAPE
Stage Style: DECORATED
Scene Factory: class testPackage.McDonalismApp$1

15:16:04.592 [JavaFX Application Thread] DEBUG FXGLApplication      - Initializing FXGL
15:16:04.595 [JavaFX Application Thread] INFO  Engine               - FXGL-17.3 (30.03.2023 11.49) on MAC (J:17.0.6 FX:20)
15:16:04.595 [JavaFX Application Thread] DEBUG Engine               - JRE Vendor Name: Amazon.com Inc.
15:16:04.595 [JavaFX Application Thread] DEBUG Engine               - Running on OS: Mac OS X version 13.2.1
15:16:04.595 [JavaFX Application Thread] DEBUG Engine               - Architecture: aarch64
15:16:04.595 [JavaFX Application Thread] INFO  Engine               - Source code and latest versions at: https://github.com/AlmasB/FXGL
15:16:04.595 [JavaFX Application Thread] INFO  Engine               -       Ask questions and discuss at: https://github.com/AlmasB/FXGL/discussions
15:16:04.595 [JavaFX Application Thread] INFO  Engine               -              Join the FXGL chat at: https://gitter.im/AlmasB/FXGL
15:16:04.649 [JavaFX Application Thread] DEBUG PrimaryStageWindow   - Creating a JavaFX scene
15:16:04.671 [JavaFX Application Thread] DEBUG PrimaryStageWindow   - Target settings size: 720.0 x 540.0
15:16:04.671 [JavaFX Application Thread] DEBUG PrimaryStageWindow   - Scaled scene size:    720.0 x 540.0
15:16:04.671 [JavaFX Application Thread] DEBUG PrimaryStageWindow   - Scaled ratio: (1.0, 1.0)
15:16:04.671 [JavaFX Application Thread] DEBUG PrimaryStageWindow   - Set initial scene to M_StartupScene
15:16:04.673 [JavaFX Application Thread] DEBUG PrimaryStageWindow   - Opening main window
15:16:04.722 [JavaFX Application Thread] DEBUG PrimaryStageWindow   - Window border size: (0.0, 28.0)
15:16:04.722 [JavaFX Application Thread] DEBUG PrimaryStageWindow   - Scaled size: 720.0 x 540.0
15:16:04.722 [JavaFX Application Thread] DEBUG PrimaryStageWindow   - Scaled ratio: (1.0, 1.0)
15:16:04.722 [JavaFX Application Thread] DEBUG PrimaryStageWindow   - Scene size: 720.0 x 540.0
15:16:04.722 [JavaFX Application Thread] DEBUG PrimaryStageWindow   - Stage size: 720.0 x 568.0
15:16:04.726 [FXGL Background Thread 1 ] DEBUG Engine               - Initializing environment variables
15:16:04.740 [FXGL Background Thread 1 ] DEBUG FXGLAssetLoaderServi - User app class for loading assets: class testPackage.McDonalismApp
15:16:04.740 [FXGL Background Thread 1 ] DEBUG GameApplicationServi - Applying CSS: fxgl_dark.css
15:16:04.740 [FXGL Background Thread 1 ] DEBUG FXGLAssetLoaderServi - Loading from file system: jar:file:///Users/meo/.m2/repository/com/github/almasb/fxgl/17.3/fxgl-17.3.jar!/fxglassets/ui/css/fxgl_dark.css
15:16:04.760 [FXGL Background Thread 1 ] DEBUG GameApplicationServi - Initializing application scenes
15:16:04.943 [FXGL Background Thread 1 ] DEBUG GameWorld            - Game world initialized
15:16:04.974 [FXGL Background Thread 1 ] DEBUG PhysicsWorld         - Physics world initialized: appHeight=540, physics.ppm=50.0
15:16:04.974 [FXGL Background Thread 1 ] DEBUG PhysicsWorld         - Using strategy: BRUTE_FORCE
15:16:04.976 [FXGL Background Thread 1 ] DEBUG GameScene            - Game scene initialized: 720x540
15:16:04.993 [FXGL Background Thread 1 ] DEBUG FXGLAssetLoaderServi - Loading from file system: file:/Users/meo/Desktop/CSC1004/javaproject/CSC1004java/target/classes/assets/textures/ui/ui_heroIcon_random.png
15:16:04.997 [FXGL Background Thread 1 ] DEBUG FXGLAssetLoaderServi - Loading from file system: file:/Users/meo/Desktop/CSC1004/javaproject/CSC1004java/target/classes/assets/textures/ui/ui_heroIcon_m.png
15:16:05.002 [FXGL Background Thread 1 ] DEBUG FXGLAssetLoaderServi - Loading from file system: file:/Users/meo/Desktop/CSC1004/javaproject/CSC1004java/target/classes/assets/textures/ui/ui_heroIcon_k.png
15:16:05.004 [FXGL Background Thread 1 ] DEBUG FXGLAssetLoaderServi - Loading from file system: file:/Users/meo/Desktop/CSC1004/javaproject/CSC1004java/target/classes/assets/textures/ui/ui_heroIcon_w.png
15:16:05.006 [FXGL Background Thread 1 ] DEBUG FXGLAssetLoaderServi - Loading from file system: file:/Users/meo/Desktop/CSC1004/javaproject/CSC1004java/target/classes/assets/textures/ui/M_logo.png
15:16:05.095 [FXGL Background Thread 1 ] DEBUG FXGLAssetLoaderServi - Loading from file system: file:/Users/meo/Desktop/CSC1004/javaproject/CSC1004java/target/classes/assets/textures/ui/background.png
15:16:05.102 [FXGL Background Thread 1 ] DEBUG FXGLAssetLoaderServi - Loading from file system: file:/Users/meo/Desktop/CSC1004/javaproject/CSC1004java/target/classes/assets/textures/ui/ui_hero_pane.png
15:16:05.105 [FXGL Background Thread 1 ] DEBUG FXGLAssetLoaderServi - Loading from file system: file:/Users/meo/Desktop/CSC1004/javaproject/CSC1004java/target/classes/assets/textures/ui/ui_heroes_pane.png
15:16:05.107 [FXGL Background Thread 1 ] DEBUG FXGLAssetLoaderServi - Loading from file system: file:/Users/meo/Desktop/CSC1004/javaproject/CSC1004java/target/classes/assets/textures/ui/ui_preHero_pane.png
15:16:05.109 [FXGL Background Thread 1 ] DEBUG FXGLAssetLoaderServi - Loading from file system: file:/Users/meo/Desktop/CSC1004/javaproject/CSC1004java/target/classes/assets/textures/ui/ui_main_pane.png
15:16:05.110 [FXGL Background Thread 1 ] DEBUG FXGLAssetLoaderServi - Loading from file system: file:/Users/meo/Desktop/CSC1004/javaproject/CSC1004java/target/classes/assets/textures/ui/ui_login_pane.png
15:16:05.112 [FXGL Background Thread 1 ] DEBUG FXGLAssetLoaderServi - Loading from file system: file:/Users/meo/Desktop/CSC1004/javaproject/CSC1004java/target/classes/assets/textures/ui/ui_signUp_pane.png
15:16:05.118 [FXGL Background Thread 1 ] DEBUG FXGLAssetLoaderServi - Loading from file system: file:/Users/meo/Desktop/CSC1004/javaproject/CSC1004java/target/classes/assets/textures/ui/ui_back_idle.png
15:16:05.119 [FXGL Background Thread 1 ] DEBUG FXGLAssetLoaderServi - Loading from file system: file:/Users/meo/Desktop/CSC1004/javaproject/CSC1004java/target/classes/assets/textures/ui/ui_back_hover.png
15:16:05.119 [FXGL Background Thread 1 ] DEBUG FXGLAssetLoaderServi - Loading from file system: file:/Users/meo/Desktop/CSC1004/javaproject/CSC1004java/target/classes/assets/textures/ui/ui_back_confirm.png
15:16:05.121 [FXGL Background Thread 1 ] DEBUG FXGLAssetLoaderServi - Loading from file system: file:/Users/meo/Desktop/CSC1004/javaproject/CSC1004java/target/classes/assets/textures/ui/ui_start_idle.png
15:16:05.122 [FXGL Background Thread 1 ] DEBUG FXGLAssetLoaderServi - Loading from file system: file:/Users/meo/Desktop/CSC1004/javaproject/CSC1004java/target/classes/assets/textures/ui/ui_start_hover.png
15:16:05.122 [FXGL Background Thread 1 ] DEBUG FXGLAssetLoaderServi - Loading from file system: file:/Users/meo/Desktop/CSC1004/javaproject/CSC1004java/target/classes/assets/textures/ui/ui_start_confirm.png
15:16:05.123 [FXGL Background Thread 1 ] DEBUG FXGLAssetLoaderServi - Loading from file system: file:/Users/meo/Desktop/CSC1004/javaproject/CSC1004java/target/classes/assets/textures/ui/ui_left_idle.png
15:16:05.124 [FXGL Background Thread 1 ] DEBUG FXGLAssetLoaderServi - Loading from file system: file:/Users/meo/Desktop/CSC1004/javaproject/CSC1004java/target/classes/assets/textures/ui/ui_left_hover.png
15:16:05.124 [FXGL Background Thread 1 ] DEBUG FXGLAssetLoaderServi - Loading from file system: file:/Users/meo/Desktop/CSC1004/javaproject/CSC1004java/target/classes/assets/textures/ui/ui_left_confirm.png
15:16:05.125 [FXGL Background Thread 1 ] DEBUG FXGLAssetLoaderServi - Loading from file system: file:/Users/meo/Desktop/CSC1004/javaproject/CSC1004java/target/classes/assets/textures/ui/ui_right_idle.png
15:16:05.125 [FXGL Background Thread 1 ] DEBUG FXGLAssetLoaderServi - Loading from file system: file:/Users/meo/Desktop/CSC1004/javaproject/CSC1004java/target/classes/assets/textures/ui/ui_right_hover.png
15:16:05.126 [FXGL Background Thread 1 ] DEBUG FXGLAssetLoaderServi - Loading from file system: file:/Users/meo/Desktop/CSC1004/javaproject/CSC1004java/target/classes/assets/textures/ui/ui_right_confirm.png
15:16:05.131 [FXGL Background Thread 1 ] DEBUG FXGLAssetLoaderServi - Loading from file system: file:/Users/meo/Desktop/CSC1004/javaproject/CSC1004java/target/classes/assets/textures/ui/ui_single_idle.png
15:16:05.132 [FXGL Background Thread 1 ] DEBUG FXGLAssetLoaderServi - Loading from file system: file:/Users/meo/Desktop/CSC1004/javaproject/CSC1004java/target/classes/assets/textures/ui/ui_single_hover.png
15:16:05.133 [FXGL Background Thread 1 ] DEBUG FXGLAssetLoaderServi - Loading from file system: file:/Users/meo/Desktop/CSC1004/javaproject/CSC1004java/target/classes/assets/textures/ui/ui_single_confirm.png
15:16:05.134 [FXGL Background Thread 1 ] DEBUG FXGLAssetLoaderServi - Loading from file system: file:/Users/meo/Desktop/CSC1004/javaproject/CSC1004java/target/classes/assets/textures/ui/ui_multi_idle.png
15:16:05.135 [FXGL Background Thread 1 ] DEBUG FXGLAssetLoaderServi - Loading from file system: file:/Users/meo/Desktop/CSC1004/javaproject/CSC1004java/target/classes/assets/textures/ui/ui_multi_hover.png
15:16:05.135 [FXGL Background Thread 1 ] DEBUG FXGLAssetLoaderServi - Loading from file system: file:/Users/meo/Desktop/CSC1004/javaproject/CSC1004java/target/classes/assets/textures/ui/ui_multi_confirm.png
15:16:05.136 [FXGL Background Thread 1 ] DEBUG FXGLAssetLoaderServi - Loading from file system: file:/Users/meo/Desktop/CSC1004/javaproject/CSC1004java/target/classes/assets/textures/ui/ui_play_idle.png
15:16:05.141 [FXGL Background Thread 1 ] DEBUG FXGLAssetLoaderServi - Loading from file system: file:/Users/meo/Desktop/CSC1004/javaproject/CSC1004java/target/classes/assets/textures/ui/ui_play_hover.png
15:16:05.142 [FXGL Background Thread 1 ] DEBUG FXGLAssetLoaderServi - Loading from file system: file:/Users/meo/Desktop/CSC1004/javaproject/CSC1004java/target/classes/assets/textures/ui/ui_play_confirm.png
15:16:05.144 [FXGL Background Thread 1 ] DEBUG FXGLAssetLoaderServi - Loading from file system: file:/Users/meo/Desktop/CSC1004/javaproject/CSC1004java/target/classes/assets/textures/ui/ui_options_idle.png
15:16:05.144 [FXGL Background Thread 1 ] DEBUG FXGLAssetLoaderServi - Loading from file system: file:/Users/meo/Desktop/CSC1004/javaproject/CSC1004java/target/classes/assets/textures/ui/ui_options_hover.png
15:16:05.150 [FXGL Background Thread 1 ] DEBUG FXGLAssetLoaderServi - Loading from file system: file:/Users/meo/Desktop/CSC1004/javaproject/CSC1004java/target/classes/assets/textures/ui/ui_options_confirm.png
15:16:05.151 [FXGL Background Thread 1 ] DEBUG FXGLAssetLoaderServi - Loading from file system: file:/Users/meo/Desktop/CSC1004/javaproject/CSC1004java/target/classes/assets/textures/ui/ui_exit_idle.png
15:16:05.153 [FXGL Background Thread 1 ] DEBUG FXGLAssetLoaderServi - Loading from file system: file:/Users/meo/Desktop/CSC1004/javaproject/CSC1004java/target/classes/assets/textures/ui/ui_exit_hover.png
15:16:05.154 [FXGL Background Thread 1 ] DEBUG FXGLAssetLoaderServi - Loading from file system: file:/Users/meo/Desktop/CSC1004/javaproject/CSC1004java/target/classes/assets/textures/ui/ui_exit_confirm.png
15:16:05.163 [FXGL Background Thread 1 ] DEBUG FXGLAssetLoaderServi - Loading from file system: file:/Users/meo/Desktop/CSC1004/javaproject/CSC1004java/target/classes/assets/textures/ui/inputField.png
15:16:05.166 [FXGL Background Thread 1 ] DEBUG FXGLAssetLoaderServi - Loading from file system: file:/Users/meo/Desktop/CSC1004/javaproject/CSC1004java/target/classes/assets/textures/ui/ui_signIn_idle.png
15:16:05.167 [FXGL Background Thread 1 ] DEBUG FXGLAssetLoaderServi - Loading from file system: file:/Users/meo/Desktop/CSC1004/javaproject/CSC1004java/target/classes/assets/textures/ui/ui_signIn_hover.png
15:16:05.167 [FXGL Background Thread 1 ] DEBUG FXGLAssetLoaderServi - Loading from file system: file:/Users/meo/Desktop/CSC1004/javaproject/CSC1004java/target/classes/assets/textures/ui/ui_signIn_confirm.png
15:16:05.168 [FXGL Background Thread 1 ] DEBUG FXGLAssetLoaderServi - Loading from file system: file:/Users/meo/Desktop/CSC1004/javaproject/CSC1004java/target/classes/assets/textures/ui/ui_signUp_idle.png
15:16:05.169 [FXGL Background Thread 1 ] DEBUG FXGLAssetLoaderServi - Loading from file system: file:/Users/meo/Desktop/CSC1004/javaproject/CSC1004java/target/classes/assets/textures/ui/ui_signUp_hover.png
15:16:05.170 [FXGL Background Thread 1 ] DEBUG FXGLAssetLoaderServi - Loading from file system: file:/Users/meo/Desktop/CSC1004/javaproject/CSC1004java/target/classes/assets/textures/ui/ui_signUp_confirm.png
15:16:05.173 [FXGL Background Thread 1 ] DEBUG FXGLAssetLoaderServi - Loading from file system: file:/Users/meo/Desktop/CSC1004/javaproject/CSC1004java/target/classes/assets/textures/ui/cursor.png
15:16:05.183 [FXGL Background Thread 1 ] WARN  FXGL.DefaultMenu     - FXGLDefaultMenu is not designed for resolutions < 800x600
15:16:05.183 [FXGL Background Thread 1 ] DEBUG FXGL.DefaultMenu     - createMenuBodyGameMenu()
15:16:05.189 [FXGL Background Thread 1 ] DEBUG FXGL.DefaultMenu     - createOptionsMenu()
15:16:05.193 [FXGL Background Thread 1 ] DEBUG FXGLAssetLoaderServi - Loading from file system: jar:file:///Users/meo/.m2/repository/com/github/almasb/fxgl/17.3/fxgl-17.3.jar!/fxglassets/textures/particles/smoke.png
15:16:05.244 [FXGL Background Thread 1 ] DEBUG FXGLAssetLoaderServi - Loading from file system: jar:file:///Users/meo/.m2/repository/com/github/almasb/fxgl/17.3/fxgl-17.3.jar!/fxglassets/textures/particles/trace_horizontal.png
15:16:05.254 [FXGL Background Thread 1 ] DEBUG GameApplicationServi - Application scenes initialized
15:16:05.260 [FXGL Background Thread 1 ] DEBUG SystemBundleService  - Loading FXGL system data
15:16:05.262 [FXGL Background Thread 1 ] DEBUG FileSystemAccess     - Reading from: /Users/meo/Desktop/CSC1004/javaproject/CSC1004java/system/fxgl.bundle
15:16:05.266 [FXGL Background Thread 1 ] DEBUG SystemBundleService  - Bundle FXGL: {}
15:16:05.266 [FXGL Background Thread 1 ] DEBUG UpdaterService       - Checking for updates
15:16:05.283 [FXGL Background Thread 4 ] DEBUG FXGLApplication      - Loading fonts
15:16:05.283 [FXGL Background Thread 4 ] DEBUG FXGLAssetLoaderServi - Loading from file system: file:/Users/meo/Desktop/CSC1004/javaproject/CSC1004java/target/classes/assets/ui/fonts/font.ttf
15:16:05.283 [FXGL Background Thread 1 ] DEBUG FXGLApplication      - Loading default localization
15:16:05.283 [FXGL Background Thread 1 ] DEBUG FXGLAssetLoaderServi - Loading from file system: jar:file:///Users/meo/.m2/repository/com/github/almasb/fxgl/17.3/fxgl-17.3.jar!/fxglassets/languages/english.lang
15:16:05.285 [JavaFX Application Thread] DEBUG FXGLApplication      - Registering font factories with UI factory
15:16:05.293 [FXGL Background Thread 1 ] INFO  FXGLApplication      - FXGL initialization took: 0.567 sec
15:16:05.297 [JavaFX Application Thread] DEBUG Input                - Registered new binding: Player1 Move Up - Up
15:16:05.298 [JavaFX Application Thread] DEBUG Input                - Registered new binding: Player1 Move Down - Down
15:16:05.298 [JavaFX Application Thread] DEBUG Input                - Registered new binding: Player1 Move Left - Left
15:16:05.298 [JavaFX Application Thread] DEBUG Input                - Registered new binding: Player1 Move Right - Right
15:16:05.298 [JavaFX Application Thread] DEBUG Input                - Registered new binding: Player or Player2 Move Up - W
15:16:05.298 [JavaFX Application Thread] DEBUG Input                - Registered new binding: Player or Player2 Move Down - S
15:16:05.298 [JavaFX Application Thread] DEBUG Input                - Registered new binding: Player or Player2 Move Left - A
15:16:05.298 [JavaFX Application Thread] DEBUG Input                - Registered new binding: Player or Player2 Move Right - D
15:16:05.298 [JavaFX Application Thread] DEBUG Input                - Registered new binding: Shoot - LMB
15:16:05.298 [JavaFX Application Thread] DEBUG Input                - Registered new binding: Left Punch/Summon - J
15:16:05.299 [JavaFX Application Thread] DEBUG Input                - Registered new binding: Right Punch/Recover - K
15:16:05.299 [JavaFX Application Thread] DEBUG FXGLAssetLoaderServi - Loading from file system: file:/Users/meo/Desktop/CSC1004/javaproject/CSC1004java/target/classes/assets/music/Crypteque1.mp3
15:16:05.301 [JavaFX Application Thread] DEBUG FXGLAssetLoaderServi - Loading from file system: file:/Users/meo/Desktop/CSC1004/javaproject/CSC1004java/target/classes/assets/sounds/gunfire.wav
15:16:05.307 [JavaFX Application Thread] DEBUG FXGLAssetLoaderServi - Loading from file system: file:/Users/meo/Desktop/CSC1004/javaproject/CSC1004java/target/classes/assets/sounds/M_hurt.wav
15:16:05.309 [JavaFX Application Thread] DEBUG FXGLAssetLoaderServi - Loading from file system: file:/Users/meo/Desktop/CSC1004/javaproject/CSC1004java/target/classes/assets/sounds/M_die.wav
15:16:05.311 [JavaFX Application Thread] DEBUG FXGLAssetLoaderServi - Loading from file system: file:/Users/meo/Desktop/CSC1004/javaproject/CSC1004java/target/classes/assets/sounds/W_hurt.wav
15:16:05.312 [JavaFX Application Thread] DEBUG FXGLAssetLoaderServi - Loading from file system: file:/Users/meo/Desktop/CSC1004/javaproject/CSC1004java/target/classes/assets/sounds/W_die.wav
15:16:05.313 [JavaFX Application Thread] DEBUG FXGLAssetLoaderServi - Loading from file system: file:/Users/meo/Desktop/CSC1004/javaproject/CSC1004java/target/classes/assets/sounds/K_hurt.wav
15:16:05.314 [JavaFX Application Thread] DEBUG FXGLAssetLoaderServi - Loading from file system: file:/Users/meo/Desktop/CSC1004/javaproject/CSC1004java/target/classes/assets/sounds/K_die.wav
15:16:05.316 [JavaFX Application Thread] DEBUG FXGLAssetLoaderServi - Loading from file system: file:/Users/meo/Desktop/CSC1004/javaproject/CSC1004java/target/classes/assets/sounds/enemy_die.wav
15:16:05.317 [JavaFX Application Thread] DEBUG FXGLAssetLoaderServi - Loading from file system: file:/Users/meo/Desktop/CSC1004/javaproject/CSC1004java/target/classes/assets/sounds/hover.wav
15:16:05.318 [JavaFX Application Thread] DEBUG FXGLAssetLoaderServi - Loading from file system: file:/Users/meo/Desktop/CSC1004/javaproject/CSC1004java/target/classes/assets/sounds/confirm.wav
15:16:05.327 [JavaFX Application Thread] DEBUG Input                - Registered new binding: Screenshot - CTRL+8
15:16:05.327 [JavaFX Application Thread] DEBUG Input                - Registered new binding: Dev Options - 1
15:16:05.327 [JavaFX Application Thread] DEBUG Input                - Registered new binding: Dev Console - 2
15:16:05.328 [JavaFX Application Thread] DEBUG Input                - Registered new binding: System info dump - CTRL+9
15:16:05.328 [JavaFX Application Thread] DEBUG Input                - Registered new binding: Restart - CTRL+R
15:16:05.328 [JavaFX Application Thread] DEBUG Input                - Registered new binding: Toggle Debug Camera - CTRL+7
15:16:05.329 [JavaFX Application Thread] DEBUG LoopRunner           - Starting loop
15:16:05.332 [JavaFX Application Thread] DEBUG LoopRunner           - Initializing JavaFX AnimationTimerLoop
15:16:05.333 [JavaFX Application Thread] DEBUG Input                - Clearing active input actions
15:16:05.337 [JavaFX Application Thread] DEBUG GameApplicationServi - Removing overlay from M_StartupScene and adding to FXGLMainMenuDummyScene
15:16:05.338 [JavaFX Application Thread] DEBUG PrimaryStageWindow   - M_StartupScene -> FXGLMainMenuDummyScene
15:16:05.338 [JavaFX Application Thread] DEBUG PrimaryStageWindow   - Push state: M_MainMenu
15:16:05.338 [JavaFX Application Thread] DEBUG Input                - Clearing active input actions
15:16:05.347 [JavaFX Application Thread] DEBUG GameApplicationServi - Removing overlay from FXGLMainMenuDummyScene and adding to M_MainMenu
15:16:05.348 [JavaFX Application Thread] DEBUG PrimaryStageWindow   - FXGLMainMenuDummyScene -> M_MainMenu
15:16:08.287 [FXGL Background Thread 3 ] DEBUG Engine               - Logging environment variables
15:16:08.289 [FXGL Background Thread 3 ] DEBUG Engine               - achievements: []
15:16:08.289 [FXGL Background Thread 3 ] DEBUG Engine               - actualHeight: 540.0
15:16:08.290 [FXGL Background Thread 3 ] DEBUG Engine               - actualHeightProperty: ReadOnlyDoubleProperty [value: 540.0]
15:16:08.290 [FXGL Background Thread 3 ] DEBUG Engine               - actualWidth: 720.0
15:16:08.290 [FXGL Background Thread 3 ] DEBUG Engine               - actualWidthProperty: ReadOnlyDoubleProperty [value: 720.0]
15:16:08.290 [FXGL Background Thread 3 ] DEBUG Engine               - appIcon: ui/M_logo.png
15:16:08.290 [FXGL Background Thread 3 ] DEBUG Engine               - applicationMode: DEVELOPER
15:16:08.291 [FXGL Background Thread 3 ] DEBUG Engine               - cSSList: [fxgl_dark.css]
15:16:08.291 [FXGL Background Thread 3 ] DEBUG Engine               - collisionDetectionStrategy: BRUTE_FORCE
15:16:08.291 [FXGL Background Thread 3 ] DEBUG Engine               - configClass: Optional.empty
15:16:08.291 [FXGL Background Thread 3 ] DEBUG Engine               - credits: []
15:16:08.291 [FXGL Background Thread 3 ] DEBUG Engine               - defaultCursor: CursorInfo(imageName=ui/cursor.png, hotspotX=10.0, hotspotY=10.0)
15:16:08.292 [FXGL Background Thread 3 ] DEBUG Engine               - devBBoxColorProperty: ObjectProperty [value: 0xff0000ff]
15:16:08.292 [FXGL Background Thread 3 ] DEBUG Engine               - devEnableDebugCameraProperty: BooleanProperty [value: false]
15:16:08.292 [FXGL Background Thread 3 ] DEBUG Engine               - devSensorColorProperty: ObjectProperty [value: 0xffff00ff]
15:16:08.292 [FXGL Background Thread 3 ] DEBUG Engine               - devShowBBoxProperty: BooleanProperty [value: false]
15:16:08.292 [FXGL Background Thread 3 ] DEBUG Engine               - devShowPositionProperty: BooleanProperty [value: false]
15:16:08.292 [FXGL Background Thread 3 ] DEBUG Engine               - enabledMenuItems: []
15:16:08.292 [FXGL Background Thread 3 ] DEBUG Engine               - engineServices: [class com.almasb.fxgl.app.services.FXGLAssetLoaderService, class com.almasb.fxgl.app.FXGLApplication$GameApplicationService, class com.almasb.fxgl.app.services.FXGLDialogService, class com.almasb.fxgl.app.services.IOTaskExecutorService, class com.almasb.fxgl.io.FileSystemService, class com.almasb.fxgl.localization.LocalizationService, class com.almasb.fxgl.app.services.SystemBundleService, class com.almasb.fxgl.profile.SaveLoadService, class com.almasb.fxgl.ui.FXGLUIFactoryServiceProvider, class com.almasb.fxgl.ui.FXGLDialogFactoryServiceProvider, class com.almasb.fxgl.audio.AudioPlayer, class com.almasb.fxgl.notification.impl.NotificationServiceProvider, class com.almasb.fxgl.achievement.AchievementService, class com.almasb.fxgl.cutscene.CutsceneService, class com.almasb.fxgl.minigames.MiniGameService, class com.almasb.fxgl.net.NetService, class com.almasb.fxgl.app.services.UpdaterService, class com.almasb.fxgl.dev.DevService]
15:16:08.293 [FXGL Background Thread 3 ] DEBUG Engine               - fontGame: font.ttf
15:16:08.293 [FXGL Background Thread 3 ] DEBUG Engine               - fontMono: font.ttf
15:16:08.293 [FXGL Background Thread 3 ] DEBUG Engine               - fontSizeScaleUI: 1.5
15:16:08.293 [FXGL Background Thread 3 ] DEBUG Engine               - fontText: font.ttf
15:16:08.293 [FXGL Background Thread 3 ] DEBUG Engine               - fontUI: font.ttf
15:16:08.293 [FXGL Background Thread 3 ] DEBUG Engine               - fullScreen: BooleanProperty [value: false]
15:16:08.293 [FXGL Background Thread 3 ] DEBUG Engine               - gameDifficulty: MEDIUM
15:16:08.293 [FXGL Background Thread 3 ] DEBUG Engine               - gameDifficultyProperty: ObjectProperty [value: MEDIUM]
15:16:08.293 [FXGL Background Thread 3 ] DEBUG Engine               - globalMusicVolume: 0.5
15:16:08.293 [FXGL Background Thread 3 ] DEBUG Engine               - globalMusicVolumeProperty: DoubleProperty [value: 0.5]
15:16:08.294 [FXGL Background Thread 3 ] DEBUG Engine               - globalSoundVolume: 0.5
15:16:08.294 [FXGL Background Thread 3 ] DEBUG Engine               - globalSoundVolumeProperty: DoubleProperty [value: 0.5]
15:16:08.294 [FXGL Background Thread 3 ] DEBUG Engine               - height: 540
15:16:08.294 [FXGL Background Thread 3 ] DEBUG Engine               - is3D: false
15:16:08.294 [FXGL Background Thread 3 ] DEBUG Engine               - isAndroid: false
15:16:08.294 [FXGL Background Thread 3 ] DEBUG Engine               - isBrowser: false
15:16:08.294 [FXGL Background Thread 3 ] DEBUG Engine               - isClickFeedbackEnabled: false
15:16:08.294 [FXGL Background Thread 3 ] DEBUG Engine               - isCloseConfirmation: false
15:16:08.294 [FXGL Background Thread 3 ] DEBUG Engine               - isDesktop: true
15:16:08.294 [FXGL Background Thread 3 ] DEBUG Engine               - isDeveloperMenuEnabled: true
15:16:08.294 [FXGL Background Thread 3 ] DEBUG Engine               - isEmbedded: false
15:16:08.295 [FXGL Background Thread 3 ] DEBUG Engine               - isEntityPreloadEnabled: true
15:16:08.295 [FXGL Background Thread 3 ] DEBUG Engine               - isExperimentalTiledLargeMap: false
15:16:08.295 [FXGL Background Thread 3 ] DEBUG Engine               - isFileSystemWriteAllowed: true
15:16:08.295 [FXGL Background Thread 3 ] DEBUG Engine               - isFullScreenAllowed: false
15:16:08.295 [FXGL Background Thread 3 ] DEBUG Engine               - isFullScreenFromStart: false
15:16:08.295 [FXGL Background Thread 3 ] DEBUG Engine               - isGameMenuEnabled: true
15:16:08.295 [FXGL Background Thread 3 ] DEBUG Engine               - isIOS: false
15:16:08.295 [FXGL Background Thread 3 ] DEBUG Engine               - isIntroEnabled: false
15:16:08.295 [FXGL Background Thread 3 ] DEBUG Engine               - isLinux: false
15:16:08.295 [FXGL Background Thread 3 ] DEBUG Engine               - isMac: true
15:16:08.295 [FXGL Background Thread 3 ] DEBUG Engine               - isMainMenuEnabled: true
15:16:08.295 [FXGL Background Thread 3 ] DEBUG Engine               - isManualResizeEnabled: true
15:16:08.295 [FXGL Background Thread 3 ] DEBUG Engine               - isMobile: false
15:16:08.295 [FXGL Background Thread 3 ] DEBUG Engine               - isNative: false
15:16:08.296 [FXGL Background Thread 3 ] DEBUG Engine               - isPauseMusicWhenMinimized: true
15:16:08.296 [FXGL Background Thread 3 ] DEBUG Engine               - isPreserveResizeRatio: true
15:16:08.296 [FXGL Background Thread 3 ] DEBUG Engine               - isProfilingEnabled: false
15:16:08.296 [FXGL Background Thread 3 ] DEBUG Engine               - isScaleAffectedOnResize: true
15:16:08.296 [FXGL Background Thread 3 ] DEBUG Engine               - isSingleStep: false
15:16:08.296 [FXGL Background Thread 3 ] DEBUG Engine               - isUserProfileEnabled: false
15:16:08.296 [FXGL Background Thread 3 ] DEBUG Engine               - isWindows: false
15:16:08.296 [FXGL Background Thread 3 ] DEBUG Engine               - language: ObjectProperty [value: ENGLISH]
15:16:08.296 [FXGL Background Thread 3 ] DEBUG Engine               - menuKey: ESCAPE
15:16:08.296 [FXGL Background Thread 3 ] DEBUG Engine               - mouseSensitivity: 0.2
15:16:08.297 [FXGL Background Thread 3 ] DEBUG Engine               - notificationViewClass: class com.almasb.fxgl.notification.view.XboxNotificationView
15:16:08.297 [FXGL Background Thread 3 ] DEBUG Engine               - pixelsPerMeter: 50.0
15:16:08.297 [FXGL Background Thread 3 ] DEBUG Engine               - platform: MAC
15:16:08.297 [FXGL Background Thread 3 ] DEBUG Engine               - prefHeightProperty: ReadOnlyDoubleProperty [value: 540.0]
15:16:08.297 [FXGL Background Thread 3 ] DEBUG Engine               - prefWidthProperty: ReadOnlyDoubleProperty [value: 720.0]
15:16:08.297 [FXGL Background Thread 3 ] DEBUG Engine               - profileDir: profiles/
15:16:08.297 [FXGL Background Thread 3 ] DEBUG Engine               - profileName: StringProperty [value: DEFAULT]
15:16:08.297 [FXGL Background Thread 3 ] DEBUG Engine               - randomSeed: -1
15:16:08.297 [FXGL Background Thread 3 ] DEBUG Engine               - runtimeInfo: RuntimeInfo(platform=MAC, version=17.3, build=30.03.2023 11.49)
15:16:08.297 [FXGL Background Thread 3 ] DEBUG Engine               - saveFileExt: sav
15:16:08.298 [FXGL Background Thread 3 ] DEBUG Engine               - scaledHeightProp$fxgl: DoubleProperty [bound, value: 540.0]
15:16:08.298 [FXGL Background Thread 3 ] DEBUG Engine               - scaledWidthProp$fxgl: DoubleProperty [bound, value: 720.0]
15:16:08.298 [FXGL Background Thread 3 ] DEBUG Engine               - sceneFactory: testPackage.McDonalismApp$1@78d8a34e
15:16:08.298 [FXGL Background Thread 3 ] DEBUG Engine               - secondsIn24h: 60
15:16:08.298 [FXGL Background Thread 3 ] DEBUG Engine               - soundMenuBack: menu/back.wav
15:16:08.298 [FXGL Background Thread 3 ] DEBUG Engine               - soundMenuPress: menu/press.wav
15:16:08.298 [FXGL Background Thread 3 ] DEBUG Engine               - soundMenuSelect: menu/select.wav
15:16:08.298 [FXGL Background Thread 3 ] DEBUG Engine               - soundNotification: core/notification.wav
15:16:08.298 [FXGL Background Thread 3 ] DEBUG Engine               - stageStyle: DECORATED
15:16:08.298 [FXGL Background Thread 3 ] DEBUG Engine               - supportedLanguages: [ENGLISH, FRENCH, GERMAN, HUNGARIAN, RUSSIAN]
15:16:08.298 [FXGL Background Thread 3 ] DEBUG Engine               - ticksPerSecond: -1
15:16:08.299 [FXGL Background Thread 3 ] DEBUG Engine               - title: McDonalism
15:16:08.299 [FXGL Background Thread 3 ] DEBUG Engine               - urlGithub: https://github.com/AlmasB/FXGL
15:16:08.299 [FXGL Background Thread 3 ] DEBUG Engine               - urlLeaderboard: http://fxgl-top.herokuapp.com/
15:16:08.299 [FXGL Background Thread 3 ] DEBUG Engine               - urlPOM: https://raw.githubusercontent.com/AlmasB/FXGL/release/README.md
15:16:08.299 [FXGL Background Thread 3 ] DEBUG Engine               - userAppClass: class testPackage.McDonalismApp
15:16:08.299 [FXGL Background Thread 3 ] DEBUG Engine               - version: 0.8
15:16:08.299 [FXGL Background Thread 3 ] DEBUG Engine               - versionCheckDays: 7
15:16:08.299 [FXGL Background Thread 3 ] DEBUG Engine               - width: 720
15:16:08.299 [FXGL Background Thread 3 ] DEBUG Engine               - Logging services
15:16:08.299 [FXGL Background Thread 3 ] DEBUG Engine               - class com.almasb.fxgl.app.services.FXGLAssetLoaderService
15:16:08.299 [FXGL Background Thread 3 ] DEBUG Engine               - class com.almasb.fxgl.app.FXGLApplication$GameApplicationService
15:16:08.299 [FXGL Background Thread 3 ] DEBUG Engine               - class com.almasb.fxgl.app.services.FXGLDialogService
15:16:08.299 [FXGL Background Thread 3 ] DEBUG Engine               - class com.almasb.fxgl.app.services.IOTaskExecutorService
15:16:08.299 [FXGL Background Thread 3 ] DEBUG Engine               - class com.almasb.fxgl.io.FileSystemService
15:16:08.299 [FXGL Background Thread 3 ] DEBUG Engine               - class com.almasb.fxgl.localization.LocalizationService
15:16:08.299 [FXGL Background Thread 3 ] DEBUG Engine               - class com.almasb.fxgl.app.services.SystemBundleService
15:16:08.299 [FXGL Background Thread 3 ] DEBUG Engine               - class com.almasb.fxgl.profile.SaveLoadService
15:16:08.299 [FXGL Background Thread 3 ] DEBUG Engine               - class com.almasb.fxgl.ui.FXGLUIFactoryServiceProvider
15:16:08.299 [FXGL Background Thread 3 ] DEBUG Engine               - class com.almasb.fxgl.ui.FXGLDialogFactoryServiceProvider
15:16:08.299 [FXGL Background Thread 3 ] DEBUG Engine               - class com.almasb.fxgl.audio.AudioPlayer
15:16:08.299 [FXGL Background Thread 3 ] DEBUG Engine               - class com.almasb.fxgl.notification.impl.NotificationServiceProvider
15:16:08.299 [FXGL Background Thread 3 ] DEBUG Engine               - class com.almasb.fxgl.achievement.AchievementService
15:16:08.299 [FXGL Background Thread 3 ] DEBUG Engine               - class com.almasb.fxgl.cutscene.CutsceneService
15:16:08.300 [FXGL Background Thread 3 ] DEBUG Engine               - class com.almasb.fxgl.minigames.MiniGameService
15:16:08.300 [FXGL Background Thread 3 ] DEBUG Engine               - class com.almasb.fxgl.net.NetService
15:16:08.300 [FXGL Background Thread 3 ] DEBUG Engine               - class com.almasb.fxgl.app.services.UpdaterService
15:16:08.300 [FXGL Background Thread 3 ] DEBUG Engine               - class com.almasb.fxgl.dev.DevService
15:16:45.188 [JavaFX Application Thread] DEBUG Menu                 - fireExit()
15:16:45.196 [JavaFX Application Thread] DEBUG PrimaryStageWindow   - Push state: DialogSubScene
15:16:45.196 [JavaFX Application Thread] DEBUG Input                - Clearing active input actions
15:16:45.197 [JavaFX Application Thread] DEBUG GameApplicationServi - Removing overlay from M_MainMenu and adding to DialogSubScene
15:16:45.200 [JavaFX Application Thread] DEBUG PrimaryStageWindow   - M_MainMenu -> DialogSubScene
15:16:45.944 [JavaFX Application Thread] DEBUG PrimaryStageWindow   - Pop state: DialogSubScene
15:16:45.944 [JavaFX Application Thread] DEBUG Input                - Clearing active input actions
15:16:45.946 [JavaFX Application Thread] DEBUG GameApplicationServi - Removing overlay from DialogSubScene and adding to M_MainMenu
15:16:45.949 [JavaFX Application Thread] DEBUG PrimaryStageWindow   - M_MainMenu <- DialogSubScene
15:16:45.949 [JavaFX Application Thread] DEBUG FXGLApplication      - Exiting FXGL
15:16:45.949 [JavaFX Application Thread] DEBUG LoopRunner           - Stopping loop
15:16:45.949 [JavaFX Application Thread] DEBUG SystemBundleService  - Saving FXGL system data
15:16:45.956 [JavaFX Application Thread] DEBUG FileSystemAccess     - Writing to: /Users/meo/Desktop/CSC1004/javaproject/CSC1004java/system/fxgl.bundle
15:16:45.957 [JavaFX Application Thread] DEBUG Async                - Shutting down background threads
15:16:45.958 [JavaFX Application Thread] DEBUG PrimaryStageWindow   - Closing main window
15:16:45.967 [JavaFX Application Thread] DEBUG Logger               - Closing Logger
