14:28:36.953 [main                     ] DEBUG Logger               - Configured Logger
14:28:36.969 [main                     ] DEBUG GameApplication      - Logging settings
Title: McDonalism
Version: 0.8
Width: 720
Height: 540
Fullscreen: false
Intro: false
Profiling: false
Single step:false
App Mode: DEVELOPER
Menu Key: ESCAPE
Stage Style: DECORATED
Scene Factory: class testPackage.McDonalismApp$1

14:28:37.199 [JavaFX Application Thread] DEBUG FXGLApplication      - Initializing FXGL
14:28:37.203 [JavaFX Application Thread] INFO  Engine               - FXGL-17.3 (30.03.2023 11.49) on MAC (J:17.0.6 FX:20)
14:28:37.203 [JavaFX Application Thread] DEBUG Engine               - JRE Vendor Name: Amazon.com Inc.
14:28:37.203 [JavaFX Application Thread] DEBUG Engine               - Running on OS: Mac OS X version 13.2.1
14:28:37.203 [JavaFX Application Thread] DEBUG Engine               - Architecture: aarch64
14:28:37.203 [JavaFX Application Thread] INFO  Engine               - Source code and latest versions at: https://github.com/AlmasB/FXGL
14:28:37.203 [JavaFX Application Thread] INFO  Engine               -       Ask questions and discuss at: https://github.com/AlmasB/FXGL/discussions
14:28:37.203 [JavaFX Application Thread] INFO  Engine               -              Join the FXGL chat at: https://gitter.im/AlmasB/FXGL
14:28:37.257 [JavaFX Application Thread] DEBUG PrimaryStageWindow   - Creating a JavaFX scene
14:28:37.286 [JavaFX Application Thread] DEBUG PrimaryStageWindow   - Target settings size: 720.0 x 540.0
14:28:37.286 [JavaFX Application Thread] DEBUG PrimaryStageWindow   - Scaled scene size:    720.0 x 540.0
14:28:37.286 [JavaFX Application Thread] DEBUG PrimaryStageWindow   - Scaled ratio: (1.0, 1.0)
14:28:37.287 [JavaFX Application Thread] DEBUG PrimaryStageWindow   - Set initial scene to M_StartupScene
14:28:37.288 [JavaFX Application Thread] DEBUG PrimaryStageWindow   - Opening main window
14:28:37.344 [JavaFX Application Thread] DEBUG PrimaryStageWindow   - Window border size: (0.0, 28.0)
14:28:37.344 [JavaFX Application Thread] DEBUG PrimaryStageWindow   - Scaled size: 720.0 x 540.0
14:28:37.344 [JavaFX Application Thread] DEBUG PrimaryStageWindow   - Scaled ratio: (1.0, 1.0)
14:28:37.344 [JavaFX Application Thread] DEBUG PrimaryStageWindow   - Scene size: 720.0 x 540.0
14:28:37.344 [JavaFX Application Thread] DEBUG PrimaryStageWindow   - Stage size: 720.0 x 568.0
14:28:37.348 [FXGL Background Thread 1 ] DEBUG Engine               - Initializing environment variables
14:28:37.362 [FXGL Background Thread 1 ] DEBUG FXGLAssetLoaderServi - User app class for loading assets: class testPackage.McDonalismApp
14:28:37.362 [FXGL Background Thread 1 ] DEBUG GameApplicationServi - Applying CSS: fxgl_dark.css
14:28:37.362 [FXGL Background Thread 1 ] DEBUG FXGLAssetLoaderServi - Loading from file system: jar:file:///Users/meo/.m2/repository/com/github/almasb/fxgl/17.3/fxgl-17.3.jar!/fxglassets/ui/css/fxgl_dark.css
14:28:37.385 [FXGL Background Thread 1 ] DEBUG GameApplicationServi - Initializing application scenes
14:28:37.538 [FXGL Background Thread 1 ] DEBUG GameWorld            - Game world initialized
14:28:37.564 [FXGL Background Thread 1 ] DEBUG PhysicsWorld         - Physics world initialized: appHeight=540, physics.ppm=50.0
14:28:37.564 [FXGL Background Thread 1 ] DEBUG PhysicsWorld         - Using strategy: BRUTE_FORCE
14:28:37.566 [FXGL Background Thread 1 ] DEBUG GameScene            - Game scene initialized: 720x540
14:28:37.583 [FXGL Background Thread 1 ] DEBUG FXGLAssetLoaderServi - Loading from file system: file:/Users/meo/Desktop/CSC1004/javaproject/CSC1004java/target/classes/assets/textures/ui/ui_heroIcon_random.png
14:28:37.587 [FXGL Background Thread 1 ] DEBUG FXGLAssetLoaderServi - Loading from file system: file:/Users/meo/Desktop/CSC1004/javaproject/CSC1004java/target/classes/assets/textures/ui/ui_heroIcon_m.png
14:28:37.591 [FXGL Background Thread 1 ] DEBUG FXGLAssetLoaderServi - Loading from file system: file:/Users/meo/Desktop/CSC1004/javaproject/CSC1004java/target/classes/assets/textures/ui/ui_heroIcon_k.png
14:28:37.593 [FXGL Background Thread 1 ] DEBUG FXGLAssetLoaderServi - Loading from file system: file:/Users/meo/Desktop/CSC1004/javaproject/CSC1004java/target/classes/assets/textures/ui/ui_heroIcon_w.png
14:28:37.595 [FXGL Background Thread 1 ] DEBUG FXGLAssetLoaderServi - Loading from file system: file:/Users/meo/Desktop/CSC1004/javaproject/CSC1004java/target/classes/assets/textures/ui/M_logo.png
14:28:37.676 [FXGL Background Thread 1 ] DEBUG FXGLAssetLoaderServi - Loading from file system: file:/Users/meo/Desktop/CSC1004/javaproject/CSC1004java/target/classes/assets/textures/ui/background.png
14:28:37.683 [FXGL Background Thread 1 ] DEBUG FXGLAssetLoaderServi - Loading from file system: file:/Users/meo/Desktop/CSC1004/javaproject/CSC1004java/target/classes/assets/textures/ui/ui_hero_pane.png
14:28:37.685 [FXGL Background Thread 1 ] DEBUG FXGLAssetLoaderServi - Loading from file system: file:/Users/meo/Desktop/CSC1004/javaproject/CSC1004java/target/classes/assets/textures/ui/ui_heroes_pane.png
14:28:37.688 [FXGL Background Thread 1 ] DEBUG FXGLAssetLoaderServi - Loading from file system: file:/Users/meo/Desktop/CSC1004/javaproject/CSC1004java/target/classes/assets/textures/ui/ui_preHero_pane.png
14:28:37.689 [FXGL Background Thread 1 ] DEBUG FXGLAssetLoaderServi - Loading from file system: file:/Users/meo/Desktop/CSC1004/javaproject/CSC1004java/target/classes/assets/textures/ui/ui_main_pane.png
14:28:37.691 [FXGL Background Thread 1 ] DEBUG FXGLAssetLoaderServi - Loading from file system: file:/Users/meo/Desktop/CSC1004/javaproject/CSC1004java/target/classes/assets/textures/ui/ui_login_pane.png
14:28:37.693 [FXGL Background Thread 1 ] DEBUG FXGLAssetLoaderServi - Loading from file system: file:/Users/meo/Desktop/CSC1004/javaproject/CSC1004java/target/classes/assets/textures/ui/ui_signUp_pane.png
14:28:37.698 [FXGL Background Thread 1 ] DEBUG FXGLAssetLoaderServi - Loading from file system: file:/Users/meo/Desktop/CSC1004/javaproject/CSC1004java/target/classes/assets/textures/ui/ui_back_idle.png
14:28:37.699 [FXGL Background Thread 1 ] DEBUG FXGLAssetLoaderServi - Loading from file system: file:/Users/meo/Desktop/CSC1004/javaproject/CSC1004java/target/classes/assets/textures/ui/ui_back_hover.png
14:28:37.699 [FXGL Background Thread 1 ] DEBUG FXGLAssetLoaderServi - Loading from file system: file:/Users/meo/Desktop/CSC1004/javaproject/CSC1004java/target/classes/assets/textures/ui/ui_back_confirm.png
14:28:37.701 [FXGL Background Thread 1 ] DEBUG FXGLAssetLoaderServi - Loading from file system: file:/Users/meo/Desktop/CSC1004/javaproject/CSC1004java/target/classes/assets/textures/ui/ui_start_idle.png
14:28:37.702 [FXGL Background Thread 1 ] DEBUG FXGLAssetLoaderServi - Loading from file system: file:/Users/meo/Desktop/CSC1004/javaproject/CSC1004java/target/classes/assets/textures/ui/ui_start_hover.png
14:28:37.702 [FXGL Background Thread 1 ] DEBUG FXGLAssetLoaderServi - Loading from file system: file:/Users/meo/Desktop/CSC1004/javaproject/CSC1004java/target/classes/assets/textures/ui/ui_start_confirm.png
14:28:37.703 [FXGL Background Thread 1 ] DEBUG FXGLAssetLoaderServi - Loading from file system: file:/Users/meo/Desktop/CSC1004/javaproject/CSC1004java/target/classes/assets/textures/ui/ui_left_idle.png
14:28:37.704 [FXGL Background Thread 1 ] DEBUG FXGLAssetLoaderServi - Loading from file system: file:/Users/meo/Desktop/CSC1004/javaproject/CSC1004java/target/classes/assets/textures/ui/ui_left_hover.png
14:28:37.704 [FXGL Background Thread 1 ] DEBUG FXGLAssetLoaderServi - Loading from file system: file:/Users/meo/Desktop/CSC1004/javaproject/CSC1004java/target/classes/assets/textures/ui/ui_left_confirm.png
14:28:37.705 [FXGL Background Thread 1 ] DEBUG FXGLAssetLoaderServi - Loading from file system: file:/Users/meo/Desktop/CSC1004/javaproject/CSC1004java/target/classes/assets/textures/ui/ui_right_idle.png
14:28:37.705 [FXGL Background Thread 1 ] DEBUG FXGLAssetLoaderServi - Loading from file system: file:/Users/meo/Desktop/CSC1004/javaproject/CSC1004java/target/classes/assets/textures/ui/ui_right_hover.png
14:28:37.706 [FXGL Background Thread 1 ] DEBUG FXGLAssetLoaderServi - Loading from file system: file:/Users/meo/Desktop/CSC1004/javaproject/CSC1004java/target/classes/assets/textures/ui/ui_right_confirm.png
14:28:37.711 [FXGL Background Thread 1 ] DEBUG FXGLAssetLoaderServi - Loading from file system: file:/Users/meo/Desktop/CSC1004/javaproject/CSC1004java/target/classes/assets/textures/ui/ui_single_idle.png
14:28:37.712 [FXGL Background Thread 1 ] DEBUG FXGLAssetLoaderServi - Loading from file system: file:/Users/meo/Desktop/CSC1004/javaproject/CSC1004java/target/classes/assets/textures/ui/ui_single_hover.png
14:28:37.712 [FXGL Background Thread 1 ] DEBUG FXGLAssetLoaderServi - Loading from file system: file:/Users/meo/Desktop/CSC1004/javaproject/CSC1004java/target/classes/assets/textures/ui/ui_single_confirm.png
14:28:37.713 [FXGL Background Thread 1 ] DEBUG FXGLAssetLoaderServi - Loading from file system: file:/Users/meo/Desktop/CSC1004/javaproject/CSC1004java/target/classes/assets/textures/ui/ui_multi_idle.png
14:28:37.714 [FXGL Background Thread 1 ] DEBUG FXGLAssetLoaderServi - Loading from file system: file:/Users/meo/Desktop/CSC1004/javaproject/CSC1004java/target/classes/assets/textures/ui/ui_multi_hover.png
14:28:37.715 [FXGL Background Thread 1 ] DEBUG FXGLAssetLoaderServi - Loading from file system: file:/Users/meo/Desktop/CSC1004/javaproject/CSC1004java/target/classes/assets/textures/ui/ui_multi_confirm.png
14:28:37.715 [FXGL Background Thread 1 ] DEBUG FXGLAssetLoaderServi - Loading from file system: file:/Users/meo/Desktop/CSC1004/javaproject/CSC1004java/target/classes/assets/textures/ui/ui_play_idle.png
14:28:37.716 [FXGL Background Thread 1 ] DEBUG FXGLAssetLoaderServi - Loading from file system: file:/Users/meo/Desktop/CSC1004/javaproject/CSC1004java/target/classes/assets/textures/ui/ui_play_hover.png
14:28:37.716 [FXGL Background Thread 1 ] DEBUG FXGLAssetLoaderServi - Loading from file system: file:/Users/meo/Desktop/CSC1004/javaproject/CSC1004java/target/classes/assets/textures/ui/ui_play_confirm.png
14:28:37.719 [FXGL Background Thread 1 ] DEBUG FXGLAssetLoaderServi - Loading from file system: file:/Users/meo/Desktop/CSC1004/javaproject/CSC1004java/target/classes/assets/textures/ui/ui_options_idle.png
14:28:37.719 [FXGL Background Thread 1 ] DEBUG FXGLAssetLoaderServi - Loading from file system: file:/Users/meo/Desktop/CSC1004/javaproject/CSC1004java/target/classes/assets/textures/ui/ui_options_hover.png
14:28:37.720 [FXGL Background Thread 1 ] DEBUG FXGLAssetLoaderServi - Loading from file system: file:/Users/meo/Desktop/CSC1004/javaproject/CSC1004java/target/classes/assets/textures/ui/ui_options_confirm.png
14:28:37.720 [FXGL Background Thread 1 ] DEBUG FXGLAssetLoaderServi - Loading from file system: file:/Users/meo/Desktop/CSC1004/javaproject/CSC1004java/target/classes/assets/textures/ui/ui_exit_idle.png
14:28:37.721 [FXGL Background Thread 1 ] DEBUG FXGLAssetLoaderServi - Loading from file system: file:/Users/meo/Desktop/CSC1004/javaproject/CSC1004java/target/classes/assets/textures/ui/ui_exit_hover.png
14:28:37.722 [FXGL Background Thread 1 ] DEBUG FXGLAssetLoaderServi - Loading from file system: file:/Users/meo/Desktop/CSC1004/javaproject/CSC1004java/target/classes/assets/textures/ui/ui_exit_confirm.png
14:28:37.728 [FXGL Background Thread 1 ] DEBUG FXGLAssetLoaderServi - Loading from file system: file:/Users/meo/Desktop/CSC1004/javaproject/CSC1004java/target/classes/assets/textures/ui/inputField.png
14:28:37.729 [FXGL Background Thread 1 ] DEBUG FXGLAssetLoaderServi - Loading from file system: file:/Users/meo/Desktop/CSC1004/javaproject/CSC1004java/target/classes/assets/textures/ui/ui_signIn_idle.png
14:28:37.730 [FXGL Background Thread 1 ] DEBUG FXGLAssetLoaderServi - Loading from file system: file:/Users/meo/Desktop/CSC1004/javaproject/CSC1004java/target/classes/assets/textures/ui/ui_signIn_hover.png
14:28:37.730 [FXGL Background Thread 1 ] DEBUG FXGLAssetLoaderServi - Loading from file system: file:/Users/meo/Desktop/CSC1004/javaproject/CSC1004java/target/classes/assets/textures/ui/ui_signIn_confirm.png
14:28:37.731 [FXGL Background Thread 1 ] DEBUG FXGLAssetLoaderServi - Loading from file system: file:/Users/meo/Desktop/CSC1004/javaproject/CSC1004java/target/classes/assets/textures/ui/ui_signUp_idle.png
14:28:37.731 [FXGL Background Thread 1 ] DEBUG FXGLAssetLoaderServi - Loading from file system: file:/Users/meo/Desktop/CSC1004/javaproject/CSC1004java/target/classes/assets/textures/ui/ui_signUp_hover.png
14:28:37.732 [FXGL Background Thread 1 ] DEBUG FXGLAssetLoaderServi - Loading from file system: file:/Users/meo/Desktop/CSC1004/javaproject/CSC1004java/target/classes/assets/textures/ui/ui_signUp_confirm.png
14:28:37.734 [FXGL Background Thread 1 ] DEBUG FXGLAssetLoaderServi - Loading from file system: file:/Users/meo/Desktop/CSC1004/javaproject/CSC1004java/target/classes/assets/textures/ui/cursor.png
14:28:37.748 [FXGL Background Thread 1 ] WARN  FXGL.DefaultMenu     - FXGLDefaultMenu is not designed for resolutions < 800x600
14:28:37.748 [FXGL Background Thread 1 ] DEBUG FXGL.DefaultMenu     - createMenuBodyGameMenu()
14:28:37.753 [FXGL Background Thread 1 ] DEBUG FXGL.DefaultMenu     - createOptionsMenu()
14:28:37.756 [FXGL Background Thread 1 ] DEBUG FXGLAssetLoaderServi - Loading from file system: jar:file:///Users/meo/.m2/repository/com/github/almasb/fxgl/17.3/fxgl-17.3.jar!/fxglassets/textures/particles/smoke.png
14:28:37.798 [FXGL Background Thread 1 ] DEBUG FXGLAssetLoaderServi - Loading from file system: jar:file:///Users/meo/.m2/repository/com/github/almasb/fxgl/17.3/fxgl-17.3.jar!/fxglassets/textures/particles/trace_horizontal.png
14:28:37.807 [FXGL Background Thread 1 ] DEBUG GameApplicationServi - Application scenes initialized
14:28:37.813 [FXGL Background Thread 1 ] DEBUG SystemBundleService  - Loading FXGL system data
14:28:37.815 [FXGL Background Thread 1 ] DEBUG FileSystemAccess     - Reading from: /Users/meo/Desktop/CSC1004/javaproject/CSC1004java/system/fxgl.bundle
14:28:37.819 [FXGL Background Thread 1 ] DEBUG SystemBundleService  - Bundle FXGL: {}
14:28:37.819 [FXGL Background Thread 1 ] DEBUG UpdaterService       - Checking for updates
14:28:37.829 [FXGL Background Thread 4 ] DEBUG FXGLApplication      - Loading fonts
14:28:37.829 [FXGL Background Thread 4 ] DEBUG FXGLAssetLoaderServi - Loading from file system: file:/Users/meo/Desktop/CSC1004/javaproject/CSC1004java/target/classes/assets/ui/fonts/font.ttf
14:28:37.830 [FXGL Background Thread 1 ] DEBUG FXGLApplication      - Loading default localization
14:28:37.830 [FXGL Background Thread 1 ] DEBUG FXGLAssetLoaderServi - Loading from file system: jar:file:///Users/meo/.m2/repository/com/github/almasb/fxgl/17.3/fxgl-17.3.jar!/fxglassets/languages/english.lang
14:28:37.831 [JavaFX Application Thread] DEBUG FXGLApplication      - Registering font factories with UI factory
14:28:37.842 [FXGL Background Thread 1 ] INFO  FXGLApplication      - FXGL initialization took: 0.494 sec
14:28:37.847 [JavaFX Application Thread] DEBUG Input                - Registered new binding: Player1 Move Up - Up
14:28:37.847 [JavaFX Application Thread] DEBUG Input                - Registered new binding: Player1 Move Down - Down
14:28:37.847 [JavaFX Application Thread] DEBUG Input                - Registered new binding: Player1 Move Left - Left
14:28:37.847 [JavaFX Application Thread] DEBUG Input                - Registered new binding: Player1 Move Right - Right
14:28:37.847 [JavaFX Application Thread] DEBUG Input                - Registered new binding: Player or Player2 Move Up - W
14:28:37.847 [JavaFX Application Thread] DEBUG Input                - Registered new binding: Player or Player2 Move Down - S
14:28:37.847 [JavaFX Application Thread] DEBUG Input                - Registered new binding: Player or Player2 Move Left - A
14:28:37.847 [JavaFX Application Thread] DEBUG Input                - Registered new binding: Player or Player2 Move Right - D
14:28:37.847 [JavaFX Application Thread] DEBUG Input                - Registered new binding: Shoot - LMB
14:28:37.847 [JavaFX Application Thread] DEBUG Input                - Registered new binding: Left Punch/Summon - J
14:28:37.847 [JavaFX Application Thread] DEBUG Input                - Registered new binding: Right Punch/Recover - K
14:28:37.848 [JavaFX Application Thread] DEBUG FXGLAssetLoaderServi - Loading from file system: file:/Users/meo/Desktop/CSC1004/javaproject/CSC1004java/target/classes/assets/music/Crypteque1.mp3
14:28:37.855 [JavaFX Application Thread] DEBUG FXGLAssetLoaderServi - Loading from file system: file:/Users/meo/Desktop/CSC1004/javaproject/CSC1004java/target/classes/assets/sounds/gunfire.wav
14:28:37.862 [JavaFX Application Thread] DEBUG FXGLAssetLoaderServi - Loading from file system: file:/Users/meo/Desktop/CSC1004/javaproject/CSC1004java/target/classes/assets/sounds/M_hurt.wav
14:28:37.863 [JavaFX Application Thread] DEBUG FXGLAssetLoaderServi - Loading from file system: file:/Users/meo/Desktop/CSC1004/javaproject/CSC1004java/target/classes/assets/sounds/M_die.wav
14:28:37.864 [JavaFX Application Thread] DEBUG FXGLAssetLoaderServi - Loading from file system: file:/Users/meo/Desktop/CSC1004/javaproject/CSC1004java/target/classes/assets/sounds/W_hurt.wav
14:28:37.866 [JavaFX Application Thread] DEBUG FXGLAssetLoaderServi - Loading from file system: file:/Users/meo/Desktop/CSC1004/javaproject/CSC1004java/target/classes/assets/sounds/W_die.wav
14:28:37.867 [JavaFX Application Thread] DEBUG FXGLAssetLoaderServi - Loading from file system: file:/Users/meo/Desktop/CSC1004/javaproject/CSC1004java/target/classes/assets/sounds/K_hurt.wav
14:28:37.868 [JavaFX Application Thread] DEBUG FXGLAssetLoaderServi - Loading from file system: file:/Users/meo/Desktop/CSC1004/javaproject/CSC1004java/target/classes/assets/sounds/K_die.wav
14:28:37.870 [JavaFX Application Thread] DEBUG FXGLAssetLoaderServi - Loading from file system: file:/Users/meo/Desktop/CSC1004/javaproject/CSC1004java/target/classes/assets/sounds/enemy_die.wav
14:28:37.871 [JavaFX Application Thread] DEBUG FXGLAssetLoaderServi - Loading from file system: file:/Users/meo/Desktop/CSC1004/javaproject/CSC1004java/target/classes/assets/sounds/hover.wav
14:28:37.872 [JavaFX Application Thread] DEBUG FXGLAssetLoaderServi - Loading from file system: file:/Users/meo/Desktop/CSC1004/javaproject/CSC1004java/target/classes/assets/sounds/confirm.wav
14:28:37.891 [JavaFX Application Thread] DEBUG Input                - Registered new binding: Screenshot - CTRL+8
14:28:37.891 [JavaFX Application Thread] DEBUG Input                - Registered new binding: Dev Options - 1
14:28:37.891 [JavaFX Application Thread] DEBUG Input                - Registered new binding: Dev Console - 2
14:28:37.891 [JavaFX Application Thread] DEBUG Input                - Registered new binding: System info dump - CTRL+9
14:28:37.891 [JavaFX Application Thread] DEBUG Input                - Registered new binding: Restart - CTRL+R
14:28:37.891 [JavaFX Application Thread] DEBUG Input                - Registered new binding: Toggle Debug Camera - CTRL+7
14:28:37.892 [JavaFX Application Thread] DEBUG LoopRunner           - Starting loop
14:28:37.895 [JavaFX Application Thread] DEBUG LoopRunner           - Initializing JavaFX AnimationTimerLoop
14:28:37.898 [JavaFX Application Thread] DEBUG Input                - Clearing active input actions
14:28:37.901 [JavaFX Application Thread] DEBUG GameApplicationServi - Removing overlay from M_StartupScene and adding to FXGLMainMenuDummyScene
14:28:37.903 [JavaFX Application Thread] DEBUG PrimaryStageWindow   - M_StartupScene -> FXGLMainMenuDummyScene
14:28:37.903 [JavaFX Application Thread] DEBUG PrimaryStageWindow   - Push state: M_MainMenu
14:28:37.903 [JavaFX Application Thread] DEBUG Input                - Clearing active input actions
14:28:37.907 [JavaFX Application Thread] DEBUG GameApplicationServi - Removing overlay from FXGLMainMenuDummyScene and adding to M_MainMenu
14:28:37.908 [JavaFX Application Thread] DEBUG PrimaryStageWindow   - FXGLMainMenuDummyScene -> M_MainMenu
14:28:40.831 [FXGL Background Thread 3 ] DEBUG Engine               - Logging environment variables
14:28:40.832 [FXGL Background Thread 3 ] DEBUG Engine               - achievements: []
14:28:40.832 [FXGL Background Thread 3 ] DEBUG Engine               - actualHeight: 540.0
14:28:40.833 [FXGL Background Thread 3 ] DEBUG Engine               - actualHeightProperty: ReadOnlyDoubleProperty [value: 540.0]
14:28:40.833 [FXGL Background Thread 3 ] DEBUG Engine               - actualWidth: 720.0
14:28:40.833 [FXGL Background Thread 3 ] DEBUG Engine               - actualWidthProperty: ReadOnlyDoubleProperty [value: 720.0]
14:28:40.833 [FXGL Background Thread 3 ] DEBUG Engine               - appIcon: ui/M_logo.png
14:28:40.833 [FXGL Background Thread 3 ] DEBUG Engine               - applicationMode: DEVELOPER
14:28:40.833 [FXGL Background Thread 3 ] DEBUG Engine               - cSSList: [fxgl_dark.css]
14:28:40.833 [FXGL Background Thread 3 ] DEBUG Engine               - collisionDetectionStrategy: BRUTE_FORCE
14:28:40.833 [FXGL Background Thread 3 ] DEBUG Engine               - configClass: Optional.empty
14:28:40.833 [FXGL Background Thread 3 ] DEBUG Engine               - credits: []
14:28:40.834 [FXGL Background Thread 3 ] DEBUG Engine               - defaultCursor: CursorInfo(imageName=ui/cursor.png, hotspotX=10.0, hotspotY=10.0)
14:28:40.834 [FXGL Background Thread 3 ] DEBUG Engine               - devBBoxColorProperty: ObjectProperty [value: 0xff0000ff]
14:28:40.834 [FXGL Background Thread 3 ] DEBUG Engine               - devEnableDebugCameraProperty: BooleanProperty [value: false]
14:28:40.834 [FXGL Background Thread 3 ] DEBUG Engine               - devSensorColorProperty: ObjectProperty [value: 0xffff00ff]
14:28:40.834 [FXGL Background Thread 3 ] DEBUG Engine               - devShowBBoxProperty: BooleanProperty [value: false]
14:28:40.834 [FXGL Background Thread 3 ] DEBUG Engine               - devShowPositionProperty: BooleanProperty [value: false]
14:28:40.834 [FXGL Background Thread 3 ] DEBUG Engine               - enabledMenuItems: []
14:28:40.835 [FXGL Background Thread 3 ] DEBUG Engine               - engineServices: [class com.almasb.fxgl.app.services.FXGLAssetLoaderService, class com.almasb.fxgl.app.FXGLApplication$GameApplicationService, class com.almasb.fxgl.app.services.FXGLDialogService, class com.almasb.fxgl.app.services.IOTaskExecutorService, class com.almasb.fxgl.io.FileSystemService, class com.almasb.fxgl.localization.LocalizationService, class com.almasb.fxgl.app.services.SystemBundleService, class com.almasb.fxgl.profile.SaveLoadService, class com.almasb.fxgl.ui.FXGLUIFactoryServiceProvider, class com.almasb.fxgl.ui.FXGLDialogFactoryServiceProvider, class com.almasb.fxgl.audio.AudioPlayer, class com.almasb.fxgl.notification.impl.NotificationServiceProvider, class com.almasb.fxgl.achievement.AchievementService, class com.almasb.fxgl.cutscene.CutsceneService, class com.almasb.fxgl.minigames.MiniGameService, class com.almasb.fxgl.net.NetService, class com.almasb.fxgl.app.services.UpdaterService, class com.almasb.fxgl.dev.DevService]
14:28:40.835 [FXGL Background Thread 3 ] DEBUG Engine               - fontGame: font.ttf
14:28:40.835 [FXGL Background Thread 3 ] DEBUG Engine               - fontMono: font.ttf
14:28:40.835 [FXGL Background Thread 3 ] DEBUG Engine               - fontSizeScaleUI: 1.5
14:28:40.835 [FXGL Background Thread 3 ] DEBUG Engine               - fontText: font.ttf
14:28:40.835 [FXGL Background Thread 3 ] DEBUG Engine               - fontUI: font.ttf
14:28:40.836 [FXGL Background Thread 3 ] DEBUG Engine               - fullScreen: BooleanProperty [value: false]
14:28:40.836 [FXGL Background Thread 3 ] DEBUG Engine               - gameDifficulty: MEDIUM
14:28:40.836 [FXGL Background Thread 3 ] DEBUG Engine               - gameDifficultyProperty: ObjectProperty [value: MEDIUM]
14:28:40.836 [FXGL Background Thread 3 ] DEBUG Engine               - globalMusicVolume: 0.5
14:28:40.836 [FXGL Background Thread 3 ] DEBUG Engine               - globalMusicVolumeProperty: DoubleProperty [value: 0.5]
14:28:40.836 [FXGL Background Thread 3 ] DEBUG Engine               - globalSoundVolume: 0.5
14:28:40.836 [FXGL Background Thread 3 ] DEBUG Engine               - globalSoundVolumeProperty: DoubleProperty [value: 0.5]
14:28:40.836 [FXGL Background Thread 3 ] DEBUG Engine               - height: 540
14:28:40.836 [FXGL Background Thread 3 ] DEBUG Engine               - is3D: false
14:28:40.836 [FXGL Background Thread 3 ] DEBUG Engine               - isAndroid: false
14:28:40.836 [FXGL Background Thread 3 ] DEBUG Engine               - isBrowser: false
14:28:40.836 [FXGL Background Thread 3 ] DEBUG Engine               - isClickFeedbackEnabled: false
14:28:40.836 [FXGL Background Thread 3 ] DEBUG Engine               - isCloseConfirmation: false
14:28:40.837 [FXGL Background Thread 3 ] DEBUG Engine               - isDesktop: true
14:28:40.837 [FXGL Background Thread 3 ] DEBUG Engine               - isDeveloperMenuEnabled: true
14:28:40.837 [FXGL Background Thread 3 ] DEBUG Engine               - isEmbedded: false
14:28:40.837 [FXGL Background Thread 3 ] DEBUG Engine               - isEntityPreloadEnabled: true
14:28:40.837 [FXGL Background Thread 3 ] DEBUG Engine               - isExperimentalTiledLargeMap: false
14:28:40.837 [FXGL Background Thread 3 ] DEBUG Engine               - isFileSystemWriteAllowed: true
14:28:40.837 [FXGL Background Thread 3 ] DEBUG Engine               - isFullScreenAllowed: false
14:28:40.837 [FXGL Background Thread 3 ] DEBUG Engine               - isFullScreenFromStart: false
14:28:40.837 [FXGL Background Thread 3 ] DEBUG Engine               - isGameMenuEnabled: true
14:28:40.837 [FXGL Background Thread 3 ] DEBUG Engine               - isIOS: false
14:28:40.837 [FXGL Background Thread 3 ] DEBUG Engine               - isIntroEnabled: false
14:28:40.837 [FXGL Background Thread 3 ] DEBUG Engine               - isLinux: false
14:28:40.837 [FXGL Background Thread 3 ] DEBUG Engine               - isMac: true
14:28:40.837 [FXGL Background Thread 3 ] DEBUG Engine               - isMainMenuEnabled: true
14:28:40.837 [FXGL Background Thread 3 ] DEBUG Engine               - isManualResizeEnabled: true
14:28:40.837 [FXGL Background Thread 3 ] DEBUG Engine               - isMobile: false
14:28:40.837 [FXGL Background Thread 3 ] DEBUG Engine               - isNative: false
14:28:40.837 [FXGL Background Thread 3 ] DEBUG Engine               - isPauseMusicWhenMinimized: true
14:28:40.837 [FXGL Background Thread 3 ] DEBUG Engine               - isPreserveResizeRatio: true
14:28:40.837 [FXGL Background Thread 3 ] DEBUG Engine               - isProfilingEnabled: false
14:28:40.837 [FXGL Background Thread 3 ] DEBUG Engine               - isScaleAffectedOnResize: true
14:28:40.837 [FXGL Background Thread 3 ] DEBUG Engine               - isSingleStep: false
14:28:40.838 [FXGL Background Thread 3 ] DEBUG Engine               - isUserProfileEnabled: false
14:28:40.838 [FXGL Background Thread 3 ] DEBUG Engine               - isWindows: false
14:28:40.838 [FXGL Background Thread 3 ] DEBUG Engine               - language: ObjectProperty [value: ENGLISH]
14:28:40.838 [FXGL Background Thread 3 ] DEBUG Engine               - menuKey: ESCAPE
14:28:40.838 [FXGL Background Thread 3 ] DEBUG Engine               - mouseSensitivity: 0.2
14:28:40.838 [FXGL Background Thread 3 ] DEBUG Engine               - notificationViewClass: class com.almasb.fxgl.notification.view.XboxNotificationView
14:28:40.838 [FXGL Background Thread 3 ] DEBUG Engine               - pixelsPerMeter: 50.0
14:28:40.838 [FXGL Background Thread 3 ] DEBUG Engine               - platform: MAC
14:28:40.838 [FXGL Background Thread 3 ] DEBUG Engine               - prefHeightProperty: ReadOnlyDoubleProperty [value: 540.0]
14:28:40.838 [FXGL Background Thread 3 ] DEBUG Engine               - prefWidthProperty: ReadOnlyDoubleProperty [value: 720.0]
14:28:40.838 [FXGL Background Thread 3 ] DEBUG Engine               - profileDir: profiles/
14:28:40.838 [FXGL Background Thread 3 ] DEBUG Engine               - profileName: StringProperty [value: DEFAULT]
14:28:40.838 [FXGL Background Thread 3 ] DEBUG Engine               - randomSeed: -1
14:28:40.838 [FXGL Background Thread 3 ] DEBUG Engine               - runtimeInfo: RuntimeInfo(platform=MAC, version=17.3, build=30.03.2023 11.49)
14:28:40.838 [FXGL Background Thread 3 ] DEBUG Engine               - saveFileExt: sav
14:28:40.839 [FXGL Background Thread 3 ] DEBUG Engine               - scaledHeightProp$fxgl: DoubleProperty [bound, value: 540.0]
14:28:40.839 [FXGL Background Thread 3 ] DEBUG Engine               - scaledWidthProp$fxgl: DoubleProperty [bound, value: 720.0]
14:28:40.839 [FXGL Background Thread 3 ] DEBUG Engine               - sceneFactory: testPackage.McDonalismApp$1@22c517b9
14:28:40.839 [FXGL Background Thread 3 ] DEBUG Engine               - secondsIn24h: 60
14:28:40.839 [FXGL Background Thread 3 ] DEBUG Engine               - soundMenuBack: menu/back.wav
14:28:40.839 [FXGL Background Thread 3 ] DEBUG Engine               - soundMenuPress: menu/press.wav
14:28:40.839 [FXGL Background Thread 3 ] DEBUG Engine               - soundMenuSelect: menu/select.wav
14:28:40.839 [FXGL Background Thread 3 ] DEBUG Engine               - soundNotification: core/notification.wav
14:28:40.839 [FXGL Background Thread 3 ] DEBUG Engine               - stageStyle: DECORATED
14:28:40.839 [FXGL Background Thread 3 ] DEBUG Engine               - supportedLanguages: [ENGLISH, FRENCH, GERMAN, HUNGARIAN, RUSSIAN]
14:28:40.839 [FXGL Background Thread 3 ] DEBUG Engine               - ticksPerSecond: -1
14:28:40.839 [FXGL Background Thread 3 ] DEBUG Engine               - title: McDonalism
14:28:40.839 [FXGL Background Thread 3 ] DEBUG Engine               - urlGithub: https://github.com/AlmasB/FXGL
14:28:40.839 [FXGL Background Thread 3 ] DEBUG Engine               - urlLeaderboard: http://fxgl-top.herokuapp.com/
14:28:40.839 [FXGL Background Thread 3 ] DEBUG Engine               - urlPOM: https://raw.githubusercontent.com/AlmasB/FXGL/release/README.md
14:28:40.839 [FXGL Background Thread 3 ] DEBUG Engine               - userAppClass: class testPackage.McDonalismApp
14:28:40.839 [FXGL Background Thread 3 ] DEBUG Engine               - version: 0.8
14:28:40.839 [FXGL Background Thread 3 ] DEBUG Engine               - versionCheckDays: 7
14:28:40.839 [FXGL Background Thread 3 ] DEBUG Engine               - width: 720
14:28:40.839 [FXGL Background Thread 3 ] DEBUG Engine               - Logging services
14:28:40.839 [FXGL Background Thread 3 ] DEBUG Engine               - class com.almasb.fxgl.app.services.FXGLAssetLoaderService
14:28:40.839 [FXGL Background Thread 3 ] DEBUG Engine               - class com.almasb.fxgl.app.FXGLApplication$GameApplicationService
14:28:40.839 [FXGL Background Thread 3 ] DEBUG Engine               - class com.almasb.fxgl.app.services.FXGLDialogService
14:28:40.839 [FXGL Background Thread 3 ] DEBUG Engine               - class com.almasb.fxgl.app.services.IOTaskExecutorService
14:28:40.839 [FXGL Background Thread 3 ] DEBUG Engine               - class com.almasb.fxgl.io.FileSystemService
14:28:40.839 [FXGL Background Thread 3 ] DEBUG Engine               - class com.almasb.fxgl.localization.LocalizationService
14:28:40.840 [FXGL Background Thread 3 ] DEBUG Engine               - class com.almasb.fxgl.app.services.SystemBundleService
14:28:40.840 [FXGL Background Thread 3 ] DEBUG Engine               - class com.almasb.fxgl.profile.SaveLoadService
14:28:40.840 [FXGL Background Thread 3 ] DEBUG Engine               - class com.almasb.fxgl.ui.FXGLUIFactoryServiceProvider
14:28:40.840 [FXGL Background Thread 3 ] DEBUG Engine               - class com.almasb.fxgl.ui.FXGLDialogFactoryServiceProvider
14:28:40.840 [FXGL Background Thread 3 ] DEBUG Engine               - class com.almasb.fxgl.audio.AudioPlayer
14:28:40.840 [FXGL Background Thread 3 ] DEBUG Engine               - class com.almasb.fxgl.notification.impl.NotificationServiceProvider
14:28:40.840 [FXGL Background Thread 3 ] DEBUG Engine               - class com.almasb.fxgl.achievement.AchievementService
14:28:40.840 [FXGL Background Thread 3 ] DEBUG Engine               - class com.almasb.fxgl.cutscene.CutsceneService
14:28:40.840 [FXGL Background Thread 3 ] DEBUG Engine               - class com.almasb.fxgl.minigames.MiniGameService
14:28:40.840 [FXGL Background Thread 3 ] DEBUG Engine               - class com.almasb.fxgl.net.NetService
14:28:40.840 [FXGL Background Thread 3 ] DEBUG Engine               - class com.almasb.fxgl.app.services.UpdaterService
14:28:40.840 [FXGL Background Thread 3 ] DEBUG Engine               - class com.almasb.fxgl.dev.DevService
14:28:43.783 [JavaFX Application Thread] DEBUG Menu                 - fireNewGame()
14:28:43.784 [JavaFX Application Thread] DEBUG GameApplicationServi - Starting new game
14:28:43.784 [JavaFX Application Thread] DEBUG PrimaryStageWindow   - Pop state: M_MainMenu
14:28:43.784 [JavaFX Application Thread] DEBUG Input                - Clearing active input actions
14:28:43.787 [JavaFX Application Thread] DEBUG GameApplicationServi - Removing overlay from M_MainMenu and adding to FXGLMainMenuDummyScene
14:28:43.790 [JavaFX Application Thread] DEBUG PrimaryStageWindow   - FXGLMainMenuDummyScene <- M_MainMenu
14:28:43.790 [JavaFX Application Thread] DEBUG Input                - Clearing active input actions
14:28:43.796 [JavaFX Application Thread] DEBUG GameApplicationServi - Removing overlay from FXGLMainMenuDummyScene and adding to FXGLLoadingScene
14:28:43.796 [JavaFX Application Thread] DEBUG PrimaryStageWindow   - FXGLMainMenuDummyScene -> FXGLLoadingScene
14:28:43.796 [JavaFX Application Thread] DEBUG GameApplicationServi - Clearing previous game
14:28:43.796 [JavaFX Application Thread] DEBUG GameScene            - Clearing game scene
14:28:43.796 [JavaFX Application Thread] DEBUG GameWorld            - Clearing game world
14:28:43.796 [JavaFX Application Thread] DEBUG PhysicsWorld         - Clearing physics world
14:28:43.798 [FXGL Background Thread 2 ] DEBUG FXGLApplication      - Initializing game
14:28:43.820 [FXGL Background Thread 2 ] WARN  TMXLevelLoader       - TiledMap generated from 1.9.2. Supported version: 1.9.0. Some features may not be parsed fully.
14:28:43.827 [FXGL Background Thread 2 ] DEBUG TMXLevelLoader       - Parsed TiledMap: file:/Users/meo/Desktop/CSC1004/javaproject/CSC1004java/target/classes/assets/levels/TestLevel.tmx
14:28:43.828 [FXGL Background Thread 2 ] DEBUG TMXLevelLoader       - Creating tile layer entities
14:28:43.829 [FXGL Background Thread 2 ] DEBUG TilesetLoader        - Loading view for layer 图块层 1
14:28:43.831 [FXGL Background Thread 2 ] DEBUG TilesetLoader        - Created buffer with size 1920.0x1440.0
14:28:43.865 [FXGL Background Thread 2 ] DEBUG TilesetLoader        - Loading view for layer 图块层 2
14:28:43.867 [FXGL Background Thread 2 ] DEBUG TilesetLoader        - Created buffer with size 1920.0x1440.0
14:28:43.878 [FXGL Background Thread 2 ] DEBUG TMXLevelLoader       - Creating object layer entities
14:28:43.889 [FXGL Background Thread 2 ] DEBUG GameWorld            - Clearing removable entities
14:28:43.889 [FXGL Background Thread 2 ] DEBUG GameWorld            - Setting level: com.almasb.fxgl.entity.level.Level@2112f6cd
14:28:43.894 [FXGL Background Thread 2 ] DEBUG FXGLAssetLoaderServi - Loading from file system: file:/Users/meo/Desktop/CSC1004/javaproject/CSC1004java/target/classes/assets/textures/ui/cursor_crossHair.png
14:28:43.897 [FXGL Background Thread 2 ] DEBUG FXGLAssetLoaderServi - Loading from file system: file:/Users/meo/Desktop/CSC1004/javaproject/CSC1004java/target/classes/assets/textures/hero/M_idle.png
14:28:43.898 [FXGL Background Thread 2 ] DEBUG FXGLAssetLoaderServi - Loading from file system: file:/Users/meo/Desktop/CSC1004/javaproject/CSC1004java/target/classes/assets/textures/hero/M_run.png
14:28:43.899 [FXGL Background Thread 2 ] DEBUG FXGLAssetLoaderServi - Loading from file system: file:/Users/meo/Desktop/CSC1004/javaproject/CSC1004java/target/classes/assets/textures/hero/M_hurt.png
14:28:43.900 [FXGL Background Thread 2 ] DEBUG FXGLAssetLoaderServi - Loading from file system: file:/Users/meo/Desktop/CSC1004/javaproject/CSC1004java/target/classes/assets/textures/hero/M_dead.png
14:28:43.904 [FXGL Background Thread 2 ] DEBUG FXGLAssetLoaderServi - Loading from file system: file:/Users/meo/Desktop/CSC1004/javaproject/CSC1004java/target/classes/assets/textures/weapon/P90.png
14:28:43.905 [FXGL Background Thread 2 ] DEBUG FXGLAssetLoaderServi - Loading from file system: file:/Users/meo/Desktop/CSC1004/javaproject/CSC1004java/target/classes/assets/textures/ui/ui_score_pane.png
14:28:43.918 [FXGL Background Thread 2 ] DEBUG FXGLAssetLoaderServi - Loading from file system: file:/Users/meo/Desktop/CSC1004/javaproject/CSC1004java/target/classes/assets/textures/ui/ui_hud_pane.png
14:28:43.919 [FXGL Background Thread 2 ] INFO  FXGLApplication      - Game initialization took: 0.121 sec
14:28:43.931 [JavaFX Application Thread] DEBUG Input                - Clearing active input actions
14:28:43.934 [JavaFX Application Thread] DEBUG GameApplicationServi - Removing overlay from FXGLLoadingScene and adding to GameScene
14:28:43.936 [JavaFX Application Thread] DEBUG PrimaryStageWindow   - FXGLLoadingScene -> GameScene
14:28:45.785 [JavaFX Application Thread] DEBUG FXGLAssetLoaderServi - Loading from file system: file:/Users/meo/Desktop/CSC1004/javaproject/CSC1004java/target/classes/assets/textures/weapon/McNugget.png
14:28:46.892 [JavaFX Application Thread] DEBUG FXGLAssetLoaderServi - Loading from file system: file:/Users/meo/Desktop/CSC1004/javaproject/CSC1004java/target/classes/assets/textures/enemy/kun_white.png
14:28:51.908 [JavaFX Application Thread] DEBUG FXGLAssetLoaderServi - Loading from file system: file:/Users/meo/Desktop/CSC1004/javaproject/CSC1004java/target/classes/assets/textures/enemy/kun_white_dead.png
14:29:01.375 [JavaFX Application Thread] DEBUG FXGLAssetLoaderServi - Loading from file system: file:/Users/meo/Desktop/CSC1004/javaproject/CSC1004java/target/classes/assets/sounds/M_Hurt.wav
14:29:07.168 [JavaFX Application Thread] DEBUG FXGLAssetLoaderServi - Loading from file system: file:/Users/meo/Desktop/CSC1004/javaproject/CSC1004java/target/classes/assets/sounds/gameOver.wav
14:29:09.180 [JavaFX Application Thread] DEBUG PrimaryStageWindow   - Push state: M_FailedScene
14:29:09.180 [JavaFX Application Thread] DEBUG Input                - Clearing active input actions
14:29:09.180 [JavaFX Application Thread] DEBUG GameApplicationServi - Removing overlay from GameScene and adding to M_FailedScene
14:29:09.181 [JavaFX Application Thread] DEBUG PrimaryStageWindow   - GameScene -> M_FailedScene
14:29:10.483 [JavaFX Application Thread] DEBUG PrimaryStageWindow   - Pop state: M_FailedScene
14:29:10.484 [JavaFX Application Thread] DEBUG Input                - Clearing active input actions
14:29:10.486 [JavaFX Application Thread] DEBUG GameApplicationServi - Removing overlay from M_FailedScene and adding to GameScene
14:29:10.487 [JavaFX Application Thread] DEBUG PrimaryStageWindow   - GameScene <- M_FailedScene
14:29:10.487 [JavaFX Application Thread] DEBUG Input                - Clearing active input actions
14:29:10.492 [JavaFX Application Thread] DEBUG GameApplicationServi - Removing overlay from GameScene and adding to FXGLMainMenuDummyScene
14:29:10.492 [JavaFX Application Thread] DEBUG PrimaryStageWindow   - GameScene -> FXGLMainMenuDummyScene
14:29:10.492 [JavaFX Application Thread] DEBUG PrimaryStageWindow   - Push state: M_MainMenu
14:29:10.492 [JavaFX Application Thread] DEBUG Input                - Clearing active input actions
14:29:10.494 [JavaFX Application Thread] DEBUG GameApplicationServi - Removing overlay from FXGLMainMenuDummyScene and adding to M_MainMenu
14:29:10.498 [JavaFX Application Thread] DEBUG PrimaryStageWindow   - FXGLMainMenuDummyScene -> M_MainMenu
14:29:12.866 [JavaFX Application Thread] DEBUG Menu                 - fireNewGame()
14:29:12.866 [JavaFX Application Thread] DEBUG GameApplicationServi - Starting new game
14:29:12.866 [JavaFX Application Thread] DEBUG PrimaryStageWindow   - Pop state: M_MainMenu
14:29:12.866 [JavaFX Application Thread] DEBUG Input                - Clearing active input actions
14:29:12.866 [JavaFX Application Thread] DEBUG GameApplicationServi - Removing overlay from M_MainMenu and adding to FXGLMainMenuDummyScene
14:29:12.866 [JavaFX Application Thread] DEBUG PrimaryStageWindow   - FXGLMainMenuDummyScene <- M_MainMenu
14:29:12.867 [JavaFX Application Thread] DEBUG Input                - Clearing active input actions
14:29:12.869 [JavaFX Application Thread] DEBUG GameApplicationServi - Removing overlay from FXGLMainMenuDummyScene and adding to FXGLLoadingScene
14:29:12.869 [JavaFX Application Thread] DEBUG PrimaryStageWindow   - FXGLMainMenuDummyScene -> FXGLLoadingScene
14:29:12.869 [JavaFX Application Thread] DEBUG GameApplicationServi - Clearing previous game
14:29:12.869 [JavaFX Application Thread] DEBUG GameScene            - Clearing game scene
14:29:12.869 [JavaFX Application Thread] DEBUG GameWorld            - Clearing game world
14:29:12.870 [JavaFX Application Thread] DEBUG PhysicsWorld         - Clearing physics world
14:29:12.871 [FXGL Background Thread 2 ] DEBUG FXGLApplication      - Initializing game
14:29:12.873 [FXGL Background Thread 2 ] WARN  TMXLevelLoader       - TiledMap generated from 1.9.2. Supported version: 1.9.0. Some features may not be parsed fully.
14:29:12.877 [FXGL Background Thread 2 ] DEBUG TMXLevelLoader       - Parsed TiledMap: file:/Users/meo/Desktop/CSC1004/javaproject/CSC1004java/target/classes/assets/levels/TestLevel.tmx
14:29:12.878 [FXGL Background Thread 2 ] DEBUG TMXLevelLoader       - Creating tile layer entities
14:29:12.878 [FXGL Background Thread 2 ] DEBUG TilesetLoader        - Loading view for layer 图块层 1
14:29:12.879 [FXGL Background Thread 2 ] DEBUG TilesetLoader        - Created buffer with size 1920.0x1440.0
14:29:12.898 [FXGL Background Thread 2 ] DEBUG TilesetLoader        - Loading view for layer 图块层 2
14:29:12.899 [FXGL Background Thread 2 ] DEBUG TilesetLoader        - Created buffer with size 1920.0x1440.0
14:29:12.910 [FXGL Background Thread 2 ] DEBUG TMXLevelLoader       - Creating object layer entities
14:29:12.912 [FXGL Background Thread 2 ] DEBUG GameWorld            - Clearing removable entities
14:29:12.912 [FXGL Background Thread 2 ] DEBUG GameWorld            - Setting level: com.almasb.fxgl.entity.level.Level@15ca1a63
14:29:12.915 [FXGL Background Thread 2 ] DEBUG FXGLAssetLoaderServi - Loading from file system: file:/Users/meo/Desktop/CSC1004/javaproject/CSC1004java/target/classes/assets/textures/hero/W_idle.png
14:29:12.916 [FXGL Background Thread 2 ] DEBUG FXGLAssetLoaderServi - Loading from file system: file:/Users/meo/Desktop/CSC1004/javaproject/CSC1004java/target/classes/assets/textures/hero/W_run.png
14:29:12.917 [FXGL Background Thread 2 ] DEBUG FXGLAssetLoaderServi - Loading from file system: file:/Users/meo/Desktop/CSC1004/javaproject/CSC1004java/target/classes/assets/textures/hero/W_hurt.png
14:29:12.917 [FXGL Background Thread 2 ] DEBUG FXGLAssetLoaderServi - Loading from file system: file:/Users/meo/Desktop/CSC1004/javaproject/CSC1004java/target/classes/assets/textures/hero/W_attack.png
14:29:12.918 [FXGL Background Thread 2 ] DEBUG FXGLAssetLoaderServi - Loading from file system: file:/Users/meo/Desktop/CSC1004/javaproject/CSC1004java/target/classes/assets/textures/hero/W_recover.png
14:29:12.919 [FXGL Background Thread 2 ] DEBUG FXGLAssetLoaderServi - Loading from file system: file:/Users/meo/Desktop/CSC1004/javaproject/CSC1004java/target/classes/assets/textures/hero/W_dead.png
14:29:12.924 [FXGL Background Thread 2 ] INFO  FXGLApplication      - Game initialization took: 0.053 sec
14:29:12.943 [JavaFX Application Thread] DEBUG Input                - Clearing active input actions
14:29:12.945 [JavaFX Application Thread] DEBUG GameApplicationServi - Removing overlay from FXGLLoadingScene and adding to GameScene
14:29:12.946 [JavaFX Application Thread] DEBUG PrimaryStageWindow   - FXGLLoadingScene -> GameScene
14:29:14.962 [JavaFX Application Thread] DEBUG FXGLApplication      - Exiting FXGL
14:29:14.963 [JavaFX Application Thread] DEBUG LoopRunner           - Stopping loop
14:29:14.963 [JavaFX Application Thread] DEBUG SystemBundleService  - Saving FXGL system data
14:29:14.969 [JavaFX Application Thread] DEBUG FileSystemAccess     - Writing to: /Users/meo/Desktop/CSC1004/javaproject/CSC1004java/system/fxgl.bundle
14:29:14.971 [JavaFX Application Thread] DEBUG Async                - Shutting down background threads
14:29:14.971 [JavaFX Application Thread] DEBUG PrimaryStageWindow   - Closing main window
14:29:14.980 [JavaFX Application Thread] DEBUG Logger               - Closing Logger
