14:25:31.339 [main                     ] DEBUG Logger               - Configured Logger
14:25:31.354 [main                     ] DEBUG GameApplication      - Logging settings
Title: McDonalism
Version: 0.8
Width: 720
Height: 540
Fullscreen: false
Intro: false
Profiling: false
Single step:false
App Mode: DEVELOPER
Menu Key: ESCAPE
Stage Style: DECORATED
Scene Factory: class testPackage.McDonalismApp$1

14:25:31.613 [JavaFX Application Thread] DEBUG FXGLApplication      - Initializing FXGL
14:25:31.615 [JavaFX Application Thread] INFO  Engine               - FXGL-17.3 (30.03.2023 11.49) on MAC (J:17.0.6 FX:20)
14:25:31.615 [JavaFX Application Thread] DEBUG Engine               - JRE Vendor Name: Amazon.com Inc.
14:25:31.616 [JavaFX Application Thread] DEBUG Engine               - Running on OS: Mac OS X version 13.2.1
14:25:31.616 [JavaFX Application Thread] DEBUG Engine               - Architecture: aarch64
14:25:31.616 [JavaFX Application Thread] INFO  Engine               - Source code and latest versions at: https://github.com/AlmasB/FXGL
14:25:31.616 [JavaFX Application Thread] INFO  Engine               -       Ask questions and discuss at: https://github.com/AlmasB/FXGL/discussions
14:25:31.616 [JavaFX Application Thread] INFO  Engine               -              Join the FXGL chat at: https://gitter.im/AlmasB/FXGL
14:25:31.673 [JavaFX Application Thread] DEBUG PrimaryStageWindow   - Creating a JavaFX scene
14:25:31.697 [JavaFX Application Thread] DEBUG PrimaryStageWindow   - Target settings size: 720.0 x 540.0
14:25:31.697 [JavaFX Application Thread] DEBUG PrimaryStageWindow   - Scaled scene size:    720.0 x 540.0
14:25:31.697 [JavaFX Application Thread] DEBUG PrimaryStageWindow   - Scaled ratio: (1.0, 1.0)
14:25:31.698 [JavaFX Application Thread] DEBUG PrimaryStageWindow   - Set initial scene to M_StartupScene
14:25:31.700 [JavaFX Application Thread] DEBUG PrimaryStageWindow   - Opening main window
14:25:31.761 [JavaFX Application Thread] DEBUG PrimaryStageWindow   - Window border size: (0.0, 28.0)
14:25:31.761 [JavaFX Application Thread] DEBUG PrimaryStageWindow   - Scaled size: 720.0 x 540.0
14:25:31.761 [JavaFX Application Thread] DEBUG PrimaryStageWindow   - Scaled ratio: (1.0, 1.0)
14:25:31.762 [JavaFX Application Thread] DEBUG PrimaryStageWindow   - Scene size: 720.0 x 540.0
14:25:31.762 [JavaFX Application Thread] DEBUG PrimaryStageWindow   - Stage size: 720.0 x 568.0
14:25:31.766 [FXGL Background Thread 1 ] DEBUG Engine               - Initializing environment variables
14:25:31.780 [FXGL Background Thread 1 ] DEBUG FXGLAssetLoaderServi - User app class for loading assets: class testPackage.McDonalismApp
14:25:31.781 [FXGL Background Thread 1 ] DEBUG GameApplicationServi - Applying CSS: fxgl_dark.css
14:25:31.781 [FXGL Background Thread 1 ] DEBUG FXGLAssetLoaderServi - Loading from file system: jar:file:///Users/meo/.m2/repository/com/github/almasb/fxgl/17.3/fxgl-17.3.jar!/fxglassets/ui/css/fxgl_dark.css
14:25:31.801 [FXGL Background Thread 1 ] DEBUG GameApplicationServi - Initializing application scenes
14:25:32.002 [FXGL Background Thread 1 ] DEBUG GameWorld            - Game world initialized
14:25:32.033 [FXGL Background Thread 1 ] DEBUG PhysicsWorld         - Physics world initialized: appHeight=540, physics.ppm=50.0
14:25:32.033 [FXGL Background Thread 1 ] DEBUG PhysicsWorld         - Using strategy: BRUTE_FORCE
14:25:32.036 [FXGL Background Thread 1 ] DEBUG GameScene            - Game scene initialized: 720x540
14:25:32.065 [FXGL Background Thread 1 ] DEBUG FXGLAssetLoaderServi - Loading from file system: file:/Users/meo/Desktop/CSC1004/javaproject/CSC1004java/target/classes/assets/textures/ui/ui_heroIcon_random.png
14:25:32.069 [FXGL Background Thread 1 ] DEBUG FXGLAssetLoaderServi - Loading from file system: file:/Users/meo/Desktop/CSC1004/javaproject/CSC1004java/target/classes/assets/textures/ui/ui_heroIcon_m.png
14:25:32.075 [FXGL Background Thread 1 ] DEBUG FXGLAssetLoaderServi - Loading from file system: file:/Users/meo/Desktop/CSC1004/javaproject/CSC1004java/target/classes/assets/textures/ui/ui_heroIcon_k.png
14:25:32.077 [FXGL Background Thread 1 ] DEBUG FXGLAssetLoaderServi - Loading from file system: file:/Users/meo/Desktop/CSC1004/javaproject/CSC1004java/target/classes/assets/textures/ui/ui_heroIcon_w.png
14:25:32.080 [FXGL Background Thread 1 ] DEBUG FXGLAssetLoaderServi - Loading from file system: file:/Users/meo/Desktop/CSC1004/javaproject/CSC1004java/target/classes/assets/textures/ui/M_logo.png
14:25:32.174 [FXGL Background Thread 1 ] DEBUG FXGLAssetLoaderServi - Loading from file system: file:/Users/meo/Desktop/CSC1004/javaproject/CSC1004java/target/classes/assets/textures/ui/background.png
14:25:32.185 [FXGL Background Thread 1 ] DEBUG FXGLAssetLoaderServi - Loading from file system: file:/Users/meo/Desktop/CSC1004/javaproject/CSC1004java/target/classes/assets/textures/ui/ui_hero_pane.png
14:25:32.191 [FXGL Background Thread 1 ] DEBUG FXGLAssetLoaderServi - Loading from file system: file:/Users/meo/Desktop/CSC1004/javaproject/CSC1004java/target/classes/assets/textures/ui/ui_heroes_pane.png
14:25:32.196 [FXGL Background Thread 1 ] DEBUG FXGLAssetLoaderServi - Loading from file system: file:/Users/meo/Desktop/CSC1004/javaproject/CSC1004java/target/classes/assets/textures/ui/ui_preHero_pane.png
14:25:32.198 [FXGL Background Thread 1 ] DEBUG FXGLAssetLoaderServi - Loading from file system: file:/Users/meo/Desktop/CSC1004/javaproject/CSC1004java/target/classes/assets/textures/ui/ui_main_pane.png
14:25:32.200 [FXGL Background Thread 1 ] DEBUG FXGLAssetLoaderServi - Loading from file system: file:/Users/meo/Desktop/CSC1004/javaproject/CSC1004java/target/classes/assets/textures/ui/ui_login_pane.png
14:25:32.202 [FXGL Background Thread 1 ] DEBUG FXGLAssetLoaderServi - Loading from file system: file:/Users/meo/Desktop/CSC1004/javaproject/CSC1004java/target/classes/assets/textures/ui/ui_signUp_pane.png
14:25:32.208 [FXGL Background Thread 1 ] DEBUG FXGLAssetLoaderServi - Loading from file system: file:/Users/meo/Desktop/CSC1004/javaproject/CSC1004java/target/classes/assets/textures/ui/ui_back_idle.png
14:25:32.209 [FXGL Background Thread 1 ] DEBUG FXGLAssetLoaderServi - Loading from file system: file:/Users/meo/Desktop/CSC1004/javaproject/CSC1004java/target/classes/assets/textures/ui/ui_back_hover.png
14:25:32.210 [FXGL Background Thread 1 ] DEBUG FXGLAssetLoaderServi - Loading from file system: file:/Users/meo/Desktop/CSC1004/javaproject/CSC1004java/target/classes/assets/textures/ui/ui_back_confirm.png
14:25:32.212 [FXGL Background Thread 1 ] DEBUG FXGLAssetLoaderServi - Loading from file system: file:/Users/meo/Desktop/CSC1004/javaproject/CSC1004java/target/classes/assets/textures/ui/ui_start_idle.png
14:25:32.213 [FXGL Background Thread 1 ] DEBUG FXGLAssetLoaderServi - Loading from file system: file:/Users/meo/Desktop/CSC1004/javaproject/CSC1004java/target/classes/assets/textures/ui/ui_start_hover.png
14:25:32.214 [FXGL Background Thread 1 ] DEBUG FXGLAssetLoaderServi - Loading from file system: file:/Users/meo/Desktop/CSC1004/javaproject/CSC1004java/target/classes/assets/textures/ui/ui_start_confirm.png
14:25:32.215 [FXGL Background Thread 1 ] DEBUG FXGLAssetLoaderServi - Loading from file system: file:/Users/meo/Desktop/CSC1004/javaproject/CSC1004java/target/classes/assets/textures/ui/ui_left_idle.png
14:25:32.216 [FXGL Background Thread 1 ] DEBUG FXGLAssetLoaderServi - Loading from file system: file:/Users/meo/Desktop/CSC1004/javaproject/CSC1004java/target/classes/assets/textures/ui/ui_left_hover.png
14:25:32.216 [FXGL Background Thread 1 ] DEBUG FXGLAssetLoaderServi - Loading from file system: file:/Users/meo/Desktop/CSC1004/javaproject/CSC1004java/target/classes/assets/textures/ui/ui_left_confirm.png
14:25:32.221 [FXGL Background Thread 1 ] DEBUG FXGLAssetLoaderServi - Loading from file system: file:/Users/meo/Desktop/CSC1004/javaproject/CSC1004java/target/classes/assets/textures/ui/ui_right_idle.png
14:25:32.222 [FXGL Background Thread 1 ] DEBUG FXGLAssetLoaderServi - Loading from file system: file:/Users/meo/Desktop/CSC1004/javaproject/CSC1004java/target/classes/assets/textures/ui/ui_right_hover.png
14:25:32.223 [FXGL Background Thread 1 ] DEBUG FXGLAssetLoaderServi - Loading from file system: file:/Users/meo/Desktop/CSC1004/javaproject/CSC1004java/target/classes/assets/textures/ui/ui_right_confirm.png
14:25:32.248 [FXGL Background Thread 1 ] DEBUG FXGLAssetLoaderServi - Loading from file system: file:/Users/meo/Desktop/CSC1004/javaproject/CSC1004java/target/classes/assets/textures/ui/ui_single_idle.png
14:25:32.249 [FXGL Background Thread 1 ] DEBUG FXGLAssetLoaderServi - Loading from file system: file:/Users/meo/Desktop/CSC1004/javaproject/CSC1004java/target/classes/assets/textures/ui/ui_single_hover.png
14:25:32.251 [FXGL Background Thread 1 ] DEBUG FXGLAssetLoaderServi - Loading from file system: file:/Users/meo/Desktop/CSC1004/javaproject/CSC1004java/target/classes/assets/textures/ui/ui_single_confirm.png
14:25:32.253 [FXGL Background Thread 1 ] DEBUG FXGLAssetLoaderServi - Loading from file system: file:/Users/meo/Desktop/CSC1004/javaproject/CSC1004java/target/classes/assets/textures/ui/ui_multi_idle.png
14:25:32.257 [FXGL Background Thread 1 ] DEBUG FXGLAssetLoaderServi - Loading from file system: file:/Users/meo/Desktop/CSC1004/javaproject/CSC1004java/target/classes/assets/textures/ui/ui_multi_hover.png
14:25:32.262 [FXGL Background Thread 1 ] DEBUG FXGLAssetLoaderServi - Loading from file system: file:/Users/meo/Desktop/CSC1004/javaproject/CSC1004java/target/classes/assets/textures/ui/ui_multi_confirm.png
14:25:32.265 [FXGL Background Thread 1 ] DEBUG FXGLAssetLoaderServi - Loading from file system: file:/Users/meo/Desktop/CSC1004/javaproject/CSC1004java/target/classes/assets/textures/ui/ui_play_idle.png
14:25:32.268 [FXGL Background Thread 1 ] DEBUG FXGLAssetLoaderServi - Loading from file system: file:/Users/meo/Desktop/CSC1004/javaproject/CSC1004java/target/classes/assets/textures/ui/ui_play_hover.png
14:25:32.269 [FXGL Background Thread 1 ] DEBUG FXGLAssetLoaderServi - Loading from file system: file:/Users/meo/Desktop/CSC1004/javaproject/CSC1004java/target/classes/assets/textures/ui/ui_play_confirm.png
14:25:32.276 [FXGL Background Thread 1 ] DEBUG FXGLAssetLoaderServi - Loading from file system: file:/Users/meo/Desktop/CSC1004/javaproject/CSC1004java/target/classes/assets/textures/ui/ui_options_idle.png
14:25:32.277 [FXGL Background Thread 1 ] DEBUG FXGLAssetLoaderServi - Loading from file system: file:/Users/meo/Desktop/CSC1004/javaproject/CSC1004java/target/classes/assets/textures/ui/ui_options_hover.png
14:25:32.279 [FXGL Background Thread 1 ] DEBUG FXGLAssetLoaderServi - Loading from file system: file:/Users/meo/Desktop/CSC1004/javaproject/CSC1004java/target/classes/assets/textures/ui/ui_options_confirm.png
14:25:32.283 [FXGL Background Thread 1 ] DEBUG FXGLAssetLoaderServi - Loading from file system: file:/Users/meo/Desktop/CSC1004/javaproject/CSC1004java/target/classes/assets/textures/ui/ui_exit_idle.png
14:25:32.284 [FXGL Background Thread 1 ] DEBUG FXGLAssetLoaderServi - Loading from file system: file:/Users/meo/Desktop/CSC1004/javaproject/CSC1004java/target/classes/assets/textures/ui/ui_exit_hover.png
14:25:32.285 [FXGL Background Thread 1 ] DEBUG FXGLAssetLoaderServi - Loading from file system: file:/Users/meo/Desktop/CSC1004/javaproject/CSC1004java/target/classes/assets/textures/ui/ui_exit_confirm.png
14:25:32.294 [FXGL Background Thread 1 ] DEBUG FXGLAssetLoaderServi - Loading from file system: file:/Users/meo/Desktop/CSC1004/javaproject/CSC1004java/target/classes/assets/textures/ui/inputField.png
14:25:32.295 [FXGL Background Thread 1 ] DEBUG FXGLAssetLoaderServi - Loading from file system: file:/Users/meo/Desktop/CSC1004/javaproject/CSC1004java/target/classes/assets/textures/ui/ui_signIn_idle.png
14:25:32.296 [FXGL Background Thread 1 ] DEBUG FXGLAssetLoaderServi - Loading from file system: file:/Users/meo/Desktop/CSC1004/javaproject/CSC1004java/target/classes/assets/textures/ui/ui_signIn_hover.png
14:25:32.298 [FXGL Background Thread 1 ] DEBUG FXGLAssetLoaderServi - Loading from file system: file:/Users/meo/Desktop/CSC1004/javaproject/CSC1004java/target/classes/assets/textures/ui/ui_signIn_confirm.png
14:25:32.301 [FXGL Background Thread 1 ] DEBUG FXGLAssetLoaderServi - Loading from file system: file:/Users/meo/Desktop/CSC1004/javaproject/CSC1004java/target/classes/assets/textures/ui/ui_signUp_idle.png
14:25:32.303 [FXGL Background Thread 1 ] DEBUG FXGLAssetLoaderServi - Loading from file system: file:/Users/meo/Desktop/CSC1004/javaproject/CSC1004java/target/classes/assets/textures/ui/ui_signUp_hover.png
14:25:32.305 [FXGL Background Thread 1 ] DEBUG FXGLAssetLoaderServi - Loading from file system: file:/Users/meo/Desktop/CSC1004/javaproject/CSC1004java/target/classes/assets/textures/ui/ui_signUp_confirm.png
14:25:32.359 [FXGL Background Thread 1 ] DEBUG FXGLAssetLoaderServi - Loading from file system: file:/Users/meo/Desktop/CSC1004/javaproject/CSC1004java/target/classes/assets/textures/ui/cursor.png
14:25:32.368 [FXGL Background Thread 1 ] WARN  FXGL.DefaultMenu     - FXGLDefaultMenu is not designed for resolutions < 800x600
14:25:32.368 [FXGL Background Thread 1 ] DEBUG FXGL.DefaultMenu     - createMenuBodyGameMenu()
14:25:32.379 [FXGL Background Thread 1 ] DEBUG FXGL.DefaultMenu     - createOptionsMenu()
14:25:32.384 [FXGL Background Thread 1 ] DEBUG FXGLAssetLoaderServi - Loading from file system: jar:file:///Users/meo/.m2/repository/com/github/almasb/fxgl/17.3/fxgl-17.3.jar!/fxglassets/textures/particles/smoke.png
14:25:32.487 [FXGL Background Thread 1 ] DEBUG FXGLAssetLoaderServi - Loading from file system: jar:file:///Users/meo/.m2/repository/com/github/almasb/fxgl/17.3/fxgl-17.3.jar!/fxglassets/textures/particles/trace_horizontal.png
14:25:32.495 [FXGL Background Thread 1 ] DEBUG GameApplicationServi - Application scenes initialized
14:25:32.524 [FXGL Background Thread 1 ] DEBUG SystemBundleService  - Loading FXGL system data
14:25:32.534 [FXGL Background Thread 1 ] DEBUG FileSystemAccess     - Reading from: /Users/meo/Desktop/CSC1004/javaproject/CSC1004java/system/fxgl.bundle
14:25:32.551 [FXGL Background Thread 1 ] DEBUG SystemBundleService  - Bundle FXGL: {}
14:25:32.551 [FXGL Background Thread 1 ] DEBUG UpdaterService       - Checking for updates
14:25:32.593 [FXGL Background Thread 4 ] DEBUG FXGLApplication      - Loading fonts
14:25:32.594 [FXGL Background Thread 4 ] DEBUG FXGLAssetLoaderServi - Loading from file system: file:/Users/meo/Desktop/CSC1004/javaproject/CSC1004java/target/classes/assets/ui/fonts/font.ttf
14:25:32.599 [JavaFX Application Thread] DEBUG FXGLApplication      - Registering font factories with UI factory
14:25:32.601 [FXGL Background Thread 1 ] DEBUG FXGLApplication      - Loading default localization
14:25:32.606 [FXGL Background Thread 1 ] DEBUG FXGLAssetLoaderServi - Loading from file system: jar:file:///Users/meo/.m2/repository/com/github/almasb/fxgl/17.3/fxgl-17.3.jar!/fxglassets/languages/english.lang
14:25:32.638 [FXGL Background Thread 1 ] INFO  FXGLApplication      - FXGL initialization took: 0.869 sec
14:25:32.643 [JavaFX Application Thread] DEBUG Input                - Registered new binding: Player1 Move Up - Up
14:25:32.643 [JavaFX Application Thread] DEBUG Input                - Registered new binding: Player1 Move Down - Down
14:25:32.643 [JavaFX Application Thread] DEBUG Input                - Registered new binding: Player1 Move Left - Left
14:25:32.643 [JavaFX Application Thread] DEBUG Input                - Registered new binding: Player1 Move Right - Right
14:25:32.643 [JavaFX Application Thread] DEBUG Input                - Registered new binding: Player or Player2 Move Up - W
14:25:32.643 [JavaFX Application Thread] DEBUG Input                - Registered new binding: Player or Player2 Move Down - S
14:25:32.643 [JavaFX Application Thread] DEBUG Input                - Registered new binding: Player or Player2 Move Left - A
14:25:32.643 [JavaFX Application Thread] DEBUG Input                - Registered new binding: Player or Player2 Move Right - D
14:25:32.644 [JavaFX Application Thread] DEBUG Input                - Registered new binding: Shoot - LMB
14:25:32.644 [JavaFX Application Thread] DEBUG Input                - Registered new binding: Left Punch/Summon - J
14:25:32.644 [JavaFX Application Thread] DEBUG Input                - Registered new binding: Right Punch/Recover - K
14:25:32.644 [JavaFX Application Thread] DEBUG FXGLAssetLoaderServi - Loading from file system: file:/Users/meo/Desktop/CSC1004/javaproject/CSC1004java/target/classes/assets/music/Crypteque1.mp3
14:25:32.647 [JavaFX Application Thread] DEBUG FXGLAssetLoaderServi - Loading from file system: file:/Users/meo/Desktop/CSC1004/javaproject/CSC1004java/target/classes/assets/sounds/gunfire.wav
14:25:32.654 [JavaFX Application Thread] DEBUG FXGLAssetLoaderServi - Loading from file system: file:/Users/meo/Desktop/CSC1004/javaproject/CSC1004java/target/classes/assets/sounds/M_hurt.wav
14:25:32.656 [JavaFX Application Thread] DEBUG FXGLAssetLoaderServi - Loading from file system: file:/Users/meo/Desktop/CSC1004/javaproject/CSC1004java/target/classes/assets/sounds/M_die.wav
14:25:32.657 [JavaFX Application Thread] DEBUG FXGLAssetLoaderServi - Loading from file system: file:/Users/meo/Desktop/CSC1004/javaproject/CSC1004java/target/classes/assets/sounds/W_hurt.wav
14:25:32.658 [JavaFX Application Thread] DEBUG FXGLAssetLoaderServi - Loading from file system: file:/Users/meo/Desktop/CSC1004/javaproject/CSC1004java/target/classes/assets/sounds/W_die.wav
14:25:32.660 [JavaFX Application Thread] DEBUG FXGLAssetLoaderServi - Loading from file system: file:/Users/meo/Desktop/CSC1004/javaproject/CSC1004java/target/classes/assets/sounds/K_hurt.wav
14:25:32.661 [JavaFX Application Thread] DEBUG FXGLAssetLoaderServi - Loading from file system: file:/Users/meo/Desktop/CSC1004/javaproject/CSC1004java/target/classes/assets/sounds/K_die.wav
14:25:32.662 [JavaFX Application Thread] DEBUG FXGLAssetLoaderServi - Loading from file system: file:/Users/meo/Desktop/CSC1004/javaproject/CSC1004java/target/classes/assets/sounds/enemy_die.wav
14:25:32.664 [JavaFX Application Thread] DEBUG FXGLAssetLoaderServi - Loading from file system: file:/Users/meo/Desktop/CSC1004/javaproject/CSC1004java/target/classes/assets/sounds/hover.wav
14:25:32.665 [JavaFX Application Thread] DEBUG FXGLAssetLoaderServi - Loading from file system: file:/Users/meo/Desktop/CSC1004/javaproject/CSC1004java/target/classes/assets/sounds/confirm.wav
14:25:32.678 [JavaFX Application Thread] DEBUG Input                - Registered new binding: Screenshot - CTRL+8
14:25:32.678 [JavaFX Application Thread] DEBUG Input                - Registered new binding: Dev Options - 1
14:25:32.678 [JavaFX Application Thread] DEBUG Input                - Registered new binding: Dev Console - 2
14:25:32.678 [JavaFX Application Thread] DEBUG Input                - Registered new binding: System info dump - CTRL+9
14:25:32.678 [JavaFX Application Thread] DEBUG Input                - Registered new binding: Restart - CTRL+R
14:25:32.678 [JavaFX Application Thread] DEBUG Input                - Registered new binding: Toggle Debug Camera - CTRL+7
14:25:32.680 [JavaFX Application Thread] DEBUG LoopRunner           - Starting loop
14:25:32.682 [JavaFX Application Thread] DEBUG LoopRunner           - Initializing JavaFX AnimationTimerLoop
14:25:32.683 [JavaFX Application Thread] DEBUG Input                - Clearing active input actions
14:25:32.686 [JavaFX Application Thread] DEBUG GameApplicationServi - Removing overlay from M_StartupScene and adding to FXGLMainMenuDummyScene
14:25:32.688 [JavaFX Application Thread] DEBUG PrimaryStageWindow   - M_StartupScene -> FXGLMainMenuDummyScene
14:25:32.688 [JavaFX Application Thread] DEBUG PrimaryStageWindow   - Push state: M_MainMenu
14:25:32.688 [JavaFX Application Thread] DEBUG Input                - Clearing active input actions
14:25:32.692 [JavaFX Application Thread] DEBUG GameApplicationServi - Removing overlay from FXGLMainMenuDummyScene and adding to M_MainMenu
14:25:32.693 [JavaFX Application Thread] DEBUG PrimaryStageWindow   - FXGLMainMenuDummyScene -> M_MainMenu
14:25:35.588 [FXGL Background Thread 3 ] DEBUG Engine               - Logging environment variables
14:25:35.589 [FXGL Background Thread 3 ] DEBUG Engine               - achievements: []
14:25:35.589 [FXGL Background Thread 3 ] DEBUG Engine               - actualHeight: 540.0
14:25:35.589 [FXGL Background Thread 3 ] DEBUG Engine               - actualHeightProperty: ReadOnlyDoubleProperty [value: 540.0]
14:25:35.589 [FXGL Background Thread 3 ] DEBUG Engine               - actualWidth: 720.0
14:25:35.589 [FXGL Background Thread 3 ] DEBUG Engine               - actualWidthProperty: ReadOnlyDoubleProperty [value: 720.0]
14:25:35.589 [FXGL Background Thread 3 ] DEBUG Engine               - appIcon: ui/M_logo.png
14:25:35.590 [FXGL Background Thread 3 ] DEBUG Engine               - applicationMode: DEVELOPER
14:25:35.590 [FXGL Background Thread 3 ] DEBUG Engine               - cSSList: [fxgl_dark.css]
14:25:35.590 [FXGL Background Thread 3 ] DEBUG Engine               - collisionDetectionStrategy: BRUTE_FORCE
14:25:35.590 [FXGL Background Thread 3 ] DEBUG Engine               - configClass: Optional.empty
14:25:35.590 [FXGL Background Thread 3 ] DEBUG Engine               - credits: []
14:25:35.590 [FXGL Background Thread 3 ] DEBUG Engine               - defaultCursor: CursorInfo(imageName=ui/cursor.png, hotspotX=10.0, hotspotY=10.0)
14:25:35.591 [FXGL Background Thread 3 ] DEBUG Engine               - devBBoxColorProperty: ObjectProperty [value: 0xff0000ff]
14:25:35.591 [FXGL Background Thread 3 ] DEBUG Engine               - devEnableDebugCameraProperty: BooleanProperty [value: false]
14:25:35.591 [FXGL Background Thread 3 ] DEBUG Engine               - devSensorColorProperty: ObjectProperty [value: 0xffff00ff]
14:25:35.591 [FXGL Background Thread 3 ] DEBUG Engine               - devShowBBoxProperty: BooleanProperty [value: false]
14:25:35.591 [FXGL Background Thread 3 ] DEBUG Engine               - devShowPositionProperty: BooleanProperty [value: false]
14:25:35.591 [FXGL Background Thread 3 ] DEBUG Engine               - enabledMenuItems: []
14:25:35.591 [FXGL Background Thread 3 ] DEBUG Engine               - engineServices: [class com.almasb.fxgl.app.services.FXGLAssetLoaderService, class com.almasb.fxgl.app.FXGLApplication$GameApplicationService, class com.almasb.fxgl.app.services.FXGLDialogService, class com.almasb.fxgl.app.services.IOTaskExecutorService, class com.almasb.fxgl.io.FileSystemService, class com.almasb.fxgl.localization.LocalizationService, class com.almasb.fxgl.app.services.SystemBundleService, class com.almasb.fxgl.profile.SaveLoadService, class com.almasb.fxgl.ui.FXGLUIFactoryServiceProvider, class com.almasb.fxgl.ui.FXGLDialogFactoryServiceProvider, class com.almasb.fxgl.audio.AudioPlayer, class com.almasb.fxgl.notification.impl.NotificationServiceProvider, class com.almasb.fxgl.achievement.AchievementService, class com.almasb.fxgl.cutscene.CutsceneService, class com.almasb.fxgl.minigames.MiniGameService, class com.almasb.fxgl.net.NetService, class com.almasb.fxgl.app.services.UpdaterService, class com.almasb.fxgl.dev.DevService]
14:25:35.591 [FXGL Background Thread 3 ] DEBUG Engine               - fontGame: font.ttf
14:25:35.591 [FXGL Background Thread 3 ] DEBUG Engine               - fontMono: font.ttf
14:25:35.591 [FXGL Background Thread 3 ] DEBUG Engine               - fontSizeScaleUI: 1.5
14:25:35.592 [FXGL Background Thread 3 ] DEBUG Engine               - fontText: font.ttf
14:25:35.594 [FXGL Background Thread 3 ] DEBUG Engine               - fontUI: font.ttf
14:25:35.594 [FXGL Background Thread 3 ] DEBUG Engine               - fullScreen: BooleanProperty [value: false]
14:25:35.594 [FXGL Background Thread 3 ] DEBUG Engine               - gameDifficulty: MEDIUM
14:25:35.594 [FXGL Background Thread 3 ] DEBUG Engine               - gameDifficultyProperty: ObjectProperty [value: MEDIUM]
14:25:35.594 [FXGL Background Thread 3 ] DEBUG Engine               - globalMusicVolume: 0.5
14:25:35.594 [FXGL Background Thread 3 ] DEBUG Engine               - globalMusicVolumeProperty: DoubleProperty [value: 0.5]
14:25:35.595 [FXGL Background Thread 3 ] DEBUG Engine               - globalSoundVolume: 0.5
14:25:35.595 [FXGL Background Thread 3 ] DEBUG Engine               - globalSoundVolumeProperty: DoubleProperty [value: 0.5]
14:25:35.595 [FXGL Background Thread 3 ] DEBUG Engine               - height: 540
14:25:35.595 [FXGL Background Thread 3 ] DEBUG Engine               - is3D: false
14:25:35.595 [FXGL Background Thread 3 ] DEBUG Engine               - isAndroid: false
14:25:35.595 [FXGL Background Thread 3 ] DEBUG Engine               - isBrowser: false
14:25:35.595 [FXGL Background Thread 3 ] DEBUG Engine               - isClickFeedbackEnabled: false
14:25:35.595 [FXGL Background Thread 3 ] DEBUG Engine               - isCloseConfirmation: false
14:25:35.595 [FXGL Background Thread 3 ] DEBUG Engine               - isDesktop: true
14:25:35.595 [FXGL Background Thread 3 ] DEBUG Engine               - isDeveloperMenuEnabled: true
14:25:35.596 [FXGL Background Thread 3 ] DEBUG Engine               - isEmbedded: false
14:25:35.596 [FXGL Background Thread 3 ] DEBUG Engine               - isEntityPreloadEnabled: true
14:25:35.596 [FXGL Background Thread 3 ] DEBUG Engine               - isExperimentalTiledLargeMap: false
14:25:35.596 [FXGL Background Thread 3 ] DEBUG Engine               - isFileSystemWriteAllowed: true
14:25:35.596 [FXGL Background Thread 3 ] DEBUG Engine               - isFullScreenAllowed: false
14:25:35.596 [FXGL Background Thread 3 ] DEBUG Engine               - isFullScreenFromStart: false
14:25:35.596 [FXGL Background Thread 3 ] DEBUG Engine               - isGameMenuEnabled: true
14:25:35.596 [FXGL Background Thread 3 ] DEBUG Engine               - isIOS: false
14:25:35.596 [FXGL Background Thread 3 ] DEBUG Engine               - isIntroEnabled: false
14:25:35.596 [FXGL Background Thread 3 ] DEBUG Engine               - isLinux: false
14:25:35.596 [FXGL Background Thread 3 ] DEBUG Engine               - isMac: true
14:25:35.596 [FXGL Background Thread 3 ] DEBUG Engine               - isMainMenuEnabled: true
14:25:35.596 [FXGL Background Thread 3 ] DEBUG Engine               - isManualResizeEnabled: true
14:25:35.596 [FXGL Background Thread 3 ] DEBUG Engine               - isMobile: false
14:25:35.596 [FXGL Background Thread 3 ] DEBUG Engine               - isNative: false
14:25:35.596 [FXGL Background Thread 3 ] DEBUG Engine               - isPauseMusicWhenMinimized: true
14:25:35.596 [FXGL Background Thread 3 ] DEBUG Engine               - isPreserveResizeRatio: true
14:25:35.596 [FXGL Background Thread 3 ] DEBUG Engine               - isProfilingEnabled: false
14:25:35.597 [FXGL Background Thread 3 ] DEBUG Engine               - isScaleAffectedOnResize: true
14:25:35.597 [FXGL Background Thread 3 ] DEBUG Engine               - isSingleStep: false
14:25:35.597 [FXGL Background Thread 3 ] DEBUG Engine               - isUserProfileEnabled: false
14:25:35.597 [FXGL Background Thread 3 ] DEBUG Engine               - isWindows: false
14:25:35.597 [FXGL Background Thread 3 ] DEBUG Engine               - language: ObjectProperty [value: ENGLISH]
14:25:35.597 [FXGL Background Thread 3 ] DEBUG Engine               - menuKey: ESCAPE
14:25:35.597 [FXGL Background Thread 3 ] DEBUG Engine               - mouseSensitivity: 0.2
14:25:35.597 [FXGL Background Thread 3 ] DEBUG Engine               - notificationViewClass: class com.almasb.fxgl.notification.view.XboxNotificationView
14:25:35.597 [FXGL Background Thread 3 ] DEBUG Engine               - pixelsPerMeter: 50.0
14:25:35.597 [FXGL Background Thread 3 ] DEBUG Engine               - platform: MAC
14:25:35.597 [FXGL Background Thread 3 ] DEBUG Engine               - prefHeightProperty: ReadOnlyDoubleProperty [value: 540.0]
14:25:35.597 [FXGL Background Thread 3 ] DEBUG Engine               - prefWidthProperty: ReadOnlyDoubleProperty [value: 720.0]
14:25:35.597 [FXGL Background Thread 3 ] DEBUG Engine               - profileDir: profiles/
14:25:35.597 [FXGL Background Thread 3 ] DEBUG Engine               - profileName: StringProperty [value: DEFAULT]
14:25:35.597 [FXGL Background Thread 3 ] DEBUG Engine               - randomSeed: -1
14:25:35.598 [FXGL Background Thread 3 ] DEBUG Engine               - runtimeInfo: RuntimeInfo(platform=MAC, version=17.3, build=30.03.2023 11.49)
14:25:35.598 [FXGL Background Thread 3 ] DEBUG Engine               - saveFileExt: sav
14:25:35.598 [FXGL Background Thread 3 ] DEBUG Engine               - scaledHeightProp$fxgl: DoubleProperty [bound, value: 540.0]
14:25:35.598 [FXGL Background Thread 3 ] DEBUG Engine               - scaledWidthProp$fxgl: DoubleProperty [bound, value: 720.0]
14:25:35.598 [FXGL Background Thread 3 ] DEBUG Engine               - sceneFactory: testPackage.McDonalismApp$1@1b2c9d8b
14:25:35.598 [FXGL Background Thread 3 ] DEBUG Engine               - secondsIn24h: 60
14:25:35.598 [FXGL Background Thread 3 ] DEBUG Engine               - soundMenuBack: menu/back.wav
14:25:35.598 [FXGL Background Thread 3 ] DEBUG Engine               - soundMenuPress: menu/press.wav
14:25:35.598 [FXGL Background Thread 3 ] DEBUG Engine               - soundMenuSelect: menu/select.wav
14:25:35.598 [FXGL Background Thread 3 ] DEBUG Engine               - soundNotification: core/notification.wav
14:25:35.598 [FXGL Background Thread 3 ] DEBUG Engine               - stageStyle: DECORATED
14:25:35.599 [FXGL Background Thread 3 ] DEBUG Engine               - supportedLanguages: [ENGLISH, FRENCH, GERMAN, HUNGARIAN, RUSSIAN]
14:25:35.599 [FXGL Background Thread 3 ] DEBUG Engine               - ticksPerSecond: -1
14:25:35.599 [FXGL Background Thread 3 ] DEBUG Engine               - title: McDonalism
14:25:35.599 [FXGL Background Thread 3 ] DEBUG Engine               - urlGithub: https://github.com/AlmasB/FXGL
14:25:35.599 [FXGL Background Thread 3 ] DEBUG Engine               - urlLeaderboard: http://fxgl-top.herokuapp.com/
14:25:35.599 [FXGL Background Thread 3 ] DEBUG Engine               - urlPOM: https://raw.githubusercontent.com/AlmasB/FXGL/release/README.md
14:25:35.599 [FXGL Background Thread 3 ] DEBUG Engine               - userAppClass: class testPackage.McDonalismApp
14:25:35.599 [FXGL Background Thread 3 ] DEBUG Engine               - version: 0.8
14:25:35.599 [FXGL Background Thread 3 ] DEBUG Engine               - versionCheckDays: 7
14:25:35.599 [FXGL Background Thread 3 ] DEBUG Engine               - width: 720
14:25:35.599 [FXGL Background Thread 3 ] DEBUG Engine               - Logging services
14:25:35.599 [FXGL Background Thread 3 ] DEBUG Engine               - class com.almasb.fxgl.app.services.FXGLAssetLoaderService
14:25:35.599 [FXGL Background Thread 3 ] DEBUG Engine               - class com.almasb.fxgl.app.FXGLApplication$GameApplicationService
14:25:35.599 [FXGL Background Thread 3 ] DEBUG Engine               - class com.almasb.fxgl.app.services.FXGLDialogService
14:25:35.599 [FXGL Background Thread 3 ] DEBUG Engine               - class com.almasb.fxgl.app.services.IOTaskExecutorService
14:25:35.599 [FXGL Background Thread 3 ] DEBUG Engine               - class com.almasb.fxgl.io.FileSystemService
14:25:35.599 [FXGL Background Thread 3 ] DEBUG Engine               - class com.almasb.fxgl.localization.LocalizationService
14:25:35.599 [FXGL Background Thread 3 ] DEBUG Engine               - class com.almasb.fxgl.app.services.SystemBundleService
14:25:35.599 [FXGL Background Thread 3 ] DEBUG Engine               - class com.almasb.fxgl.profile.SaveLoadService
14:25:35.599 [FXGL Background Thread 3 ] DEBUG Engine               - class com.almasb.fxgl.ui.FXGLUIFactoryServiceProvider
14:25:35.599 [FXGL Background Thread 3 ] DEBUG Engine               - class com.almasb.fxgl.ui.FXGLDialogFactoryServiceProvider
14:25:35.599 [FXGL Background Thread 3 ] DEBUG Engine               - class com.almasb.fxgl.audio.AudioPlayer
14:25:35.599 [FXGL Background Thread 3 ] DEBUG Engine               - class com.almasb.fxgl.notification.impl.NotificationServiceProvider
14:25:35.599 [FXGL Background Thread 3 ] DEBUG Engine               - class com.almasb.fxgl.achievement.AchievementService
14:25:35.599 [FXGL Background Thread 3 ] DEBUG Engine               - class com.almasb.fxgl.cutscene.CutsceneService
14:25:35.600 [FXGL Background Thread 3 ] DEBUG Engine               - class com.almasb.fxgl.minigames.MiniGameService
14:25:35.600 [FXGL Background Thread 3 ] DEBUG Engine               - class com.almasb.fxgl.net.NetService
14:25:35.600 [FXGL Background Thread 3 ] DEBUG Engine               - class com.almasb.fxgl.app.services.UpdaterService
14:25:35.600 [FXGL Background Thread 3 ] DEBUG Engine               - class com.almasb.fxgl.dev.DevService
14:25:37.968 [JavaFX Application Thread] DEBUG Menu                 - fireNewGame()
14:25:37.969 [JavaFX Application Thread] DEBUG GameApplicationServi - Starting new game
14:25:37.970 [JavaFX Application Thread] DEBUG PrimaryStageWindow   - Pop state: M_MainMenu
14:25:37.970 [JavaFX Application Thread] DEBUG Input                - Clearing active input actions
14:25:37.973 [JavaFX Application Thread] DEBUG GameApplicationServi - Removing overlay from M_MainMenu and adding to FXGLMainMenuDummyScene
14:25:37.975 [JavaFX Application Thread] DEBUG PrimaryStageWindow   - FXGLMainMenuDummyScene <- M_MainMenu
14:25:37.975 [JavaFX Application Thread] DEBUG Input                - Clearing active input actions
14:25:37.980 [JavaFX Application Thread] DEBUG GameApplicationServi - Removing overlay from FXGLMainMenuDummyScene and adding to FXGLLoadingScene
14:25:37.980 [JavaFX Application Thread] DEBUG PrimaryStageWindow   - FXGLMainMenuDummyScene -> FXGLLoadingScene
14:25:37.980 [JavaFX Application Thread] DEBUG GameApplicationServi - Clearing previous game
14:25:37.980 [JavaFX Application Thread] DEBUG GameScene            - Clearing game scene
14:25:37.980 [JavaFX Application Thread] DEBUG GameWorld            - Clearing game world
14:25:37.981 [JavaFX Application Thread] DEBUG PhysicsWorld         - Clearing physics world
14:25:37.983 [FXGL Background Thread 2 ] DEBUG FXGLApplication      - Initializing game
14:25:38.003 [FXGL Background Thread 2 ] WARN  TMXLevelLoader       - TiledMap generated from 1.9.2. Supported version: 1.9.0. Some features may not be parsed fully.
14:25:38.010 [FXGL Background Thread 2 ] DEBUG TMXLevelLoader       - Parsed TiledMap: file:/Users/meo/Desktop/CSC1004/javaproject/CSC1004java/target/classes/assets/levels/TestLevel.tmx
14:25:38.011 [FXGL Background Thread 2 ] DEBUG TMXLevelLoader       - Creating tile layer entities
14:25:38.012 [FXGL Background Thread 2 ] DEBUG TilesetLoader        - Loading view for layer 图块层 1
14:25:38.013 [FXGL Background Thread 2 ] DEBUG TilesetLoader        - Created buffer with size 1920.0x1440.0
14:25:38.042 [FXGL Background Thread 2 ] DEBUG TilesetLoader        - Loading view for layer 图块层 2
14:25:38.043 [FXGL Background Thread 2 ] DEBUG TilesetLoader        - Created buffer with size 1920.0x1440.0
14:25:38.052 [FXGL Background Thread 2 ] DEBUG TMXLevelLoader       - Creating object layer entities
14:25:38.063 [FXGL Background Thread 2 ] DEBUG GameWorld            - Clearing removable entities
14:25:38.064 [FXGL Background Thread 2 ] DEBUG GameWorld            - Setting level: com.almasb.fxgl.entity.level.Level@5bcb9c5d
14:25:38.067 [FXGL Background Thread 2 ] DEBUG AudioPlayer          - Playing music com.almasb.fxgl.audio.Music@2ce432db
14:25:42.087 [JavaFX Application Thread] DEBUG LoopRunner           - Stopping loop
14:25:42.089 [JavaFX Application Thread] FATAL FXGLApplication      - Uncaught Exception:
java.lang.RuntimeException: Initialization failed
	at com.almasb.fxgl.all@17.3/com.almasb.fxgl.app.FXGLApplication$InitAppTask.failed(FXGLApplication.kt:343)
	at javafx.graphics@20/javafx.concurrent.Task.setState(Task.java:710)
	at javafx.graphics@20/javafx.concurrent.Task$TaskCallable.lambda$call$2(Task.java:1456)
	at javafx.graphics@20/com.sun.javafx.application.PlatformImpl.lambda$runLater$10(PlatformImpl.java:456)
	at java.base/java.security.AccessController.doPrivileged(AccessController.java:399)
	at javafx.graphics@20/com.sun.javafx.application.PlatformImpl.lambda$runLater$11(PlatformImpl.java:455)
	at javafx.graphics@20/com.sun.glass.ui.InvokeLaterDispatcher$Future.run(InvokeLaterDispatcher.java:95)
Caused by: MediaException: MEDIA_UNAVAILABLE : /Users/meo/Desktop/CSC1004/javaproject/CSC1004java/src/main/resources/assets/music/Crypteque1 (No such file or directory)
	at javafx.media@20/javafx.scene.media.Media.<init>(Media.java:406)
	at CSC1004java/testPackage.McDonalismApp.initGame(McDonalismApp.java:139)
	at com.almasb.fxgl.all@17.3/com.almasb.fxgl.app.FXGLApplication$InitAppTask.initGame(FXGLApplication.kt:339)
	at com.almasb.fxgl.all@17.3/com.almasb.fxgl.app.FXGLApplication$InitAppTask.call(FXGLApplication.kt:319)
	at com.almasb.fxgl.all@17.3/com.almasb.fxgl.app.FXGLApplication$InitAppTask.call(FXGLApplication.kt:311)
	at javafx.graphics@20/javafx.concurrent.Task$TaskCallable.call(Task.java:1426)
	at java.base/java.util.concurrent.FutureTask.run(FutureTask.java:264)
	at java.base/java.util.concurrent.Executors$RunnableAdapter.call(Executors.java:539)
	at java.base/java.util.concurrent.FutureTask.run(FutureTask.java:264)
	at java.base/java.util.concurrent.ThreadPoolExecutor.runWorker(ThreadPoolExecutor.java:1136)
	at java.base/java.util.concurrent.ThreadPoolExecutor$Worker.run(ThreadPoolExecutor.java:635)
	at java.base/java.lang.Thread.run(Thread.java:833)

14:25:42.089 [JavaFX Application Thread] FATAL FXGLApplication      - Application will now exit
14:25:42.095 [JavaFX Application Thread] DEBUG PrimaryStageWindow   - Push state: ErrorSubScene
14:25:42.095 [JavaFX Application Thread] DEBUG Input                - Clearing active input actions
14:25:42.097 [JavaFX Application Thread] DEBUG GameApplicationServi - Removing overlay from FXGLLoadingScene and adding to ErrorSubScene
14:25:42.099 [JavaFX Application Thread] DEBUG PrimaryStageWindow   - FXGLLoadingScene -> ErrorSubScene
14:25:45.471 [JavaFX Application Thread] DEBUG FXGLApplication      - Exiting FXGL
14:25:45.471 [JavaFX Application Thread] DEBUG Async                - Shutting down background threads
14:25:45.471 [JavaFX Application Thread] DEBUG PrimaryStageWindow   - Closing main window
14:25:45.476 [JavaFX Application Thread] DEBUG Logger               - Closing Logger
