15:31:48.777 [main                     ] DEBUG Logger               - Configured Logger
15:31:48.792 [main                     ] DEBUG GameApplication      - Logging settings
Title: McDonalism
Version: 0.8
Width: 720
Height: 540
Fullscreen: false
Intro: false
Profiling: false
Single step:false
App Mode: DEVELOPER
Menu Key: ESCAPE
Stage Style: DECORATED
Scene Factory: class testPackage.McDonalismApp$1

15:31:49.066 [JavaFX Application Thread] DEBUG FXGLApplication      - Initializing FXGL
15:31:49.069 [JavaFX Application Thread] INFO  Engine               - FXGL-17.3 (30.03.2023 11.49) on MAC (J:17.0.6 FX:20)
15:31:49.069 [JavaFX Application Thread] DEBUG Engine               - JRE Vendor Name: Amazon.com Inc.
15:31:49.069 [JavaFX Application Thread] DEBUG Engine               - Running on OS: Mac OS X version 13.2.1
15:31:49.069 [JavaFX Application Thread] DEBUG Engine               - Architecture: aarch64
15:31:49.069 [JavaFX Application Thread] INFO  Engine               - Source code and latest versions at: https://github.com/AlmasB/FXGL
15:31:49.070 [JavaFX Application Thread] INFO  Engine               -       Ask questions and discuss at: https://github.com/AlmasB/FXGL/discussions
15:31:49.070 [JavaFX Application Thread] INFO  Engine               -              Join the FXGL chat at: https://gitter.im/AlmasB/FXGL
15:31:49.133 [JavaFX Application Thread] DEBUG PrimaryStageWindow   - Creating a JavaFX scene
15:31:49.156 [JavaFX Application Thread] DEBUG PrimaryStageWindow   - Target settings size: 720.0 x 540.0
15:31:49.156 [JavaFX Application Thread] DEBUG PrimaryStageWindow   - Scaled scene size:    720.0 x 540.0
15:31:49.157 [JavaFX Application Thread] DEBUG PrimaryStageWindow   - Scaled ratio: (1.0, 1.0)
15:31:49.157 [JavaFX Application Thread] DEBUG PrimaryStageWindow   - Set initial scene to M_StartupScene
15:31:49.158 [JavaFX Application Thread] DEBUG PrimaryStageWindow   - Opening main window
15:31:49.226 [JavaFX Application Thread] DEBUG PrimaryStageWindow   - Window border size: (0.0, 28.0)
15:31:49.227 [JavaFX Application Thread] DEBUG PrimaryStageWindow   - Scaled size: 720.0 x 540.0
15:31:49.227 [JavaFX Application Thread] DEBUG PrimaryStageWindow   - Scaled ratio: (1.0, 1.0)
15:31:49.227 [JavaFX Application Thread] DEBUG PrimaryStageWindow   - Scene size: 720.0 x 540.0
15:31:49.227 [JavaFX Application Thread] DEBUG PrimaryStageWindow   - Stage size: 720.0 x 568.0
15:31:49.230 [FXGL Background Thread 1 ] DEBUG Engine               - Initializing environment variables
15:31:49.245 [FXGL Background Thread 1 ] DEBUG FXGLAssetLoaderServi - User app class for loading assets: class testPackage.McDonalismApp
15:31:49.245 [FXGL Background Thread 1 ] DEBUG GameApplicationServi - Applying CSS: fxgl_dark.css
15:31:49.245 [FXGL Background Thread 1 ] DEBUG FXGLAssetLoaderServi - Loading from file system: jar:file:///Users/meo/.m2/repository/com/github/almasb/fxgl/17.3/fxgl-17.3.jar!/fxglassets/ui/css/fxgl_dark.css
15:31:49.282 [FXGL Background Thread 1 ] DEBUG GameApplicationServi - Initializing application scenes
15:31:49.511 [FXGL Background Thread 1 ] DEBUG GameWorld            - Game world initialized
15:31:49.536 [FXGL Background Thread 1 ] DEBUG PhysicsWorld         - Physics world initialized: appHeight=540, physics.ppm=50.0
15:31:49.536 [FXGL Background Thread 1 ] DEBUG PhysicsWorld         - Using strategy: BRUTE_FORCE
15:31:49.538 [FXGL Background Thread 1 ] DEBUG GameScene            - Game scene initialized: 720x540
15:31:49.556 [FXGL Background Thread 1 ] DEBUG FXGLAssetLoaderServi - Loading from file system: file:/Users/meo/Desktop/CSC1004/javaproject/CSC1004java/target/classes/assets/textures/ui/ui_heroIcon_random.png
15:31:49.560 [FXGL Background Thread 1 ] DEBUG FXGLAssetLoaderServi - Loading from file system: file:/Users/meo/Desktop/CSC1004/javaproject/CSC1004java/target/classes/assets/textures/ui/ui_heroIcon_m.png
15:31:49.565 [FXGL Background Thread 1 ] DEBUG FXGLAssetLoaderServi - Loading from file system: file:/Users/meo/Desktop/CSC1004/javaproject/CSC1004java/target/classes/assets/textures/ui/ui_heroIcon_k.png
15:31:49.572 [FXGL Background Thread 1 ] DEBUG FXGLAssetLoaderServi - Loading from file system: file:/Users/meo/Desktop/CSC1004/javaproject/CSC1004java/target/classes/assets/textures/ui/ui_heroIcon_w.png
15:31:49.575 [FXGL Background Thread 1 ] DEBUG FXGLAssetLoaderServi - Loading from file system: file:/Users/meo/Desktop/CSC1004/javaproject/CSC1004java/target/classes/assets/textures/ui/M_logo.png
15:31:49.698 [FXGL Background Thread 1 ] DEBUG FXGLAssetLoaderServi - Loading from file system: file:/Users/meo/Desktop/CSC1004/javaproject/CSC1004java/target/classes/assets/textures/ui/background.png
15:31:49.704 [FXGL Background Thread 1 ] DEBUG FXGLAssetLoaderServi - Loading from file system: file:/Users/meo/Desktop/CSC1004/javaproject/CSC1004java/target/classes/assets/textures/ui/ui_hero_pane.png
15:31:49.707 [FXGL Background Thread 1 ] DEBUG FXGLAssetLoaderServi - Loading from file system: file:/Users/meo/Desktop/CSC1004/javaproject/CSC1004java/target/classes/assets/textures/ui/ui_heroes_pane.png
15:31:49.709 [FXGL Background Thread 1 ] DEBUG FXGLAssetLoaderServi - Loading from file system: file:/Users/meo/Desktop/CSC1004/javaproject/CSC1004java/target/classes/assets/textures/ui/ui_preHero_pane.png
15:31:49.710 [FXGL Background Thread 1 ] DEBUG FXGLAssetLoaderServi - Loading from file system: file:/Users/meo/Desktop/CSC1004/javaproject/CSC1004java/target/classes/assets/textures/ui/ui_main_pane.png
15:31:49.711 [FXGL Background Thread 1 ] DEBUG FXGLAssetLoaderServi - Loading from file system: file:/Users/meo/Desktop/CSC1004/javaproject/CSC1004java/target/classes/assets/textures/ui/ui_login_pane.png
15:31:49.713 [FXGL Background Thread 1 ] DEBUG FXGLAssetLoaderServi - Loading from file system: file:/Users/meo/Desktop/CSC1004/javaproject/CSC1004java/target/classes/assets/textures/ui/ui_signUp_pane.png
15:31:49.718 [FXGL Background Thread 1 ] DEBUG FXGLAssetLoaderServi - Loading from file system: file:/Users/meo/Desktop/CSC1004/javaproject/CSC1004java/target/classes/assets/textures/ui/ui_back_idle.png
15:31:49.719 [FXGL Background Thread 1 ] DEBUG FXGLAssetLoaderServi - Loading from file system: file:/Users/meo/Desktop/CSC1004/javaproject/CSC1004java/target/classes/assets/textures/ui/ui_back_hover.png
15:31:49.719 [FXGL Background Thread 1 ] DEBUG FXGLAssetLoaderServi - Loading from file system: file:/Users/meo/Desktop/CSC1004/javaproject/CSC1004java/target/classes/assets/textures/ui/ui_back_confirm.png
15:31:49.721 [FXGL Background Thread 1 ] DEBUG FXGLAssetLoaderServi - Loading from file system: file:/Users/meo/Desktop/CSC1004/javaproject/CSC1004java/target/classes/assets/textures/ui/ui_start_idle.png
15:31:49.722 [FXGL Background Thread 1 ] DEBUG FXGLAssetLoaderServi - Loading from file system: file:/Users/meo/Desktop/CSC1004/javaproject/CSC1004java/target/classes/assets/textures/ui/ui_start_hover.png
15:31:49.723 [FXGL Background Thread 1 ] DEBUG FXGLAssetLoaderServi - Loading from file system: file:/Users/meo/Desktop/CSC1004/javaproject/CSC1004java/target/classes/assets/textures/ui/ui_start_confirm.png
15:31:49.724 [FXGL Background Thread 1 ] DEBUG FXGLAssetLoaderServi - Loading from file system: file:/Users/meo/Desktop/CSC1004/javaproject/CSC1004java/target/classes/assets/textures/ui/ui_left_idle.png
15:31:49.725 [FXGL Background Thread 1 ] DEBUG FXGLAssetLoaderServi - Loading from file system: file:/Users/meo/Desktop/CSC1004/javaproject/CSC1004java/target/classes/assets/textures/ui/ui_left_hover.png
15:31:49.726 [FXGL Background Thread 1 ] DEBUG FXGLAssetLoaderServi - Loading from file system: file:/Users/meo/Desktop/CSC1004/javaproject/CSC1004java/target/classes/assets/textures/ui/ui_left_confirm.png
15:31:49.727 [FXGL Background Thread 1 ] DEBUG FXGLAssetLoaderServi - Loading from file system: file:/Users/meo/Desktop/CSC1004/javaproject/CSC1004java/target/classes/assets/textures/ui/ui_right_idle.png
15:31:49.727 [FXGL Background Thread 1 ] DEBUG FXGLAssetLoaderServi - Loading from file system: file:/Users/meo/Desktop/CSC1004/javaproject/CSC1004java/target/classes/assets/textures/ui/ui_right_hover.png
15:31:49.732 [FXGL Background Thread 1 ] DEBUG FXGLAssetLoaderServi - Loading from file system: file:/Users/meo/Desktop/CSC1004/javaproject/CSC1004java/target/classes/assets/textures/ui/ui_right_confirm.png
15:31:49.741 [FXGL Background Thread 1 ] DEBUG FXGLAssetLoaderServi - Loading from file system: file:/Users/meo/Desktop/CSC1004/javaproject/CSC1004java/target/classes/assets/textures/ui/ui_single_idle.png
15:31:49.743 [FXGL Background Thread 1 ] DEBUG FXGLAssetLoaderServi - Loading from file system: file:/Users/meo/Desktop/CSC1004/javaproject/CSC1004java/target/classes/assets/textures/ui/ui_single_hover.png
15:31:49.744 [FXGL Background Thread 1 ] DEBUG FXGLAssetLoaderServi - Loading from file system: file:/Users/meo/Desktop/CSC1004/javaproject/CSC1004java/target/classes/assets/textures/ui/ui_single_confirm.png
15:31:49.745 [FXGL Background Thread 1 ] DEBUG FXGLAssetLoaderServi - Loading from file system: file:/Users/meo/Desktop/CSC1004/javaproject/CSC1004java/target/classes/assets/textures/ui/ui_multi_idle.png
15:31:49.747 [FXGL Background Thread 1 ] DEBUG FXGLAssetLoaderServi - Loading from file system: file:/Users/meo/Desktop/CSC1004/javaproject/CSC1004java/target/classes/assets/textures/ui/ui_multi_hover.png
15:31:49.748 [FXGL Background Thread 1 ] DEBUG FXGLAssetLoaderServi - Loading from file system: file:/Users/meo/Desktop/CSC1004/javaproject/CSC1004java/target/classes/assets/textures/ui/ui_multi_confirm.png
15:31:49.751 [FXGL Background Thread 1 ] DEBUG FXGLAssetLoaderServi - Loading from file system: file:/Users/meo/Desktop/CSC1004/javaproject/CSC1004java/target/classes/assets/textures/ui/ui_play_idle.png
15:31:49.752 [FXGL Background Thread 1 ] DEBUG FXGLAssetLoaderServi - Loading from file system: file:/Users/meo/Desktop/CSC1004/javaproject/CSC1004java/target/classes/assets/textures/ui/ui_play_hover.png
15:31:49.753 [FXGL Background Thread 1 ] DEBUG FXGLAssetLoaderServi - Loading from file system: file:/Users/meo/Desktop/CSC1004/javaproject/CSC1004java/target/classes/assets/textures/ui/ui_play_confirm.png
15:31:49.755 [FXGL Background Thread 1 ] DEBUG FXGLAssetLoaderServi - Loading from file system: file:/Users/meo/Desktop/CSC1004/javaproject/CSC1004java/target/classes/assets/textures/ui/ui_options_idle.png
15:31:49.756 [FXGL Background Thread 1 ] DEBUG FXGLAssetLoaderServi - Loading from file system: file:/Users/meo/Desktop/CSC1004/javaproject/CSC1004java/target/classes/assets/textures/ui/ui_options_hover.png
15:31:49.756 [FXGL Background Thread 1 ] DEBUG FXGLAssetLoaderServi - Loading from file system: file:/Users/meo/Desktop/CSC1004/javaproject/CSC1004java/target/classes/assets/textures/ui/ui_options_confirm.png
15:31:49.757 [FXGL Background Thread 1 ] DEBUG FXGLAssetLoaderServi - Loading from file system: file:/Users/meo/Desktop/CSC1004/javaproject/CSC1004java/target/classes/assets/textures/ui/ui_exit_idle.png
15:31:49.758 [FXGL Background Thread 1 ] DEBUG FXGLAssetLoaderServi - Loading from file system: file:/Users/meo/Desktop/CSC1004/javaproject/CSC1004java/target/classes/assets/textures/ui/ui_exit_hover.png
15:31:49.759 [FXGL Background Thread 1 ] DEBUG FXGLAssetLoaderServi - Loading from file system: file:/Users/meo/Desktop/CSC1004/javaproject/CSC1004java/target/classes/assets/textures/ui/ui_exit_confirm.png
15:31:49.765 [FXGL Background Thread 1 ] DEBUG FXGLAssetLoaderServi - Loading from file system: file:/Users/meo/Desktop/CSC1004/javaproject/CSC1004java/target/classes/assets/textures/ui/inputField.png
15:31:49.768 [FXGL Background Thread 1 ] DEBUG FXGLAssetLoaderServi - Loading from file system: file:/Users/meo/Desktop/CSC1004/javaproject/CSC1004java/target/classes/assets/textures/ui/ui_signIn_idle.png
15:31:49.768 [FXGL Background Thread 1 ] DEBUG FXGLAssetLoaderServi - Loading from file system: file:/Users/meo/Desktop/CSC1004/javaproject/CSC1004java/target/classes/assets/textures/ui/ui_signIn_hover.png
15:31:49.769 [FXGL Background Thread 1 ] DEBUG FXGLAssetLoaderServi - Loading from file system: file:/Users/meo/Desktop/CSC1004/javaproject/CSC1004java/target/classes/assets/textures/ui/ui_signIn_confirm.png
15:31:49.770 [FXGL Background Thread 1 ] DEBUG FXGLAssetLoaderServi - Loading from file system: file:/Users/meo/Desktop/CSC1004/javaproject/CSC1004java/target/classes/assets/textures/ui/ui_signUp_idle.png
15:31:49.770 [FXGL Background Thread 1 ] DEBUG FXGLAssetLoaderServi - Loading from file system: file:/Users/meo/Desktop/CSC1004/javaproject/CSC1004java/target/classes/assets/textures/ui/ui_signUp_hover.png
15:31:49.771 [FXGL Background Thread 1 ] DEBUG FXGLAssetLoaderServi - Loading from file system: file:/Users/meo/Desktop/CSC1004/javaproject/CSC1004java/target/classes/assets/textures/ui/ui_signUp_confirm.png
15:31:49.774 [FXGL Background Thread 1 ] DEBUG FXGLAssetLoaderServi - Loading from file system: file:/Users/meo/Desktop/CSC1004/javaproject/CSC1004java/target/classes/assets/textures/ui/cursor.png
15:31:49.783 [FXGL Background Thread 1 ] WARN  FXGL.DefaultMenu     - FXGLDefaultMenu is not designed for resolutions < 800x600
15:31:49.783 [FXGL Background Thread 1 ] DEBUG FXGL.DefaultMenu     - createMenuBodyGameMenu()
15:31:49.787 [FXGL Background Thread 1 ] DEBUG FXGL.DefaultMenu     - createOptionsMenu()
15:31:49.790 [FXGL Background Thread 1 ] DEBUG FXGLAssetLoaderServi - Loading from file system: jar:file:///Users/meo/.m2/repository/com/github/almasb/fxgl/17.3/fxgl-17.3.jar!/fxglassets/textures/particles/smoke.png
15:31:49.841 [FXGL Background Thread 1 ] DEBUG FXGLAssetLoaderServi - Loading from file system: jar:file:///Users/meo/.m2/repository/com/github/almasb/fxgl/17.3/fxgl-17.3.jar!/fxglassets/textures/particles/trace_horizontal.png
15:31:49.851 [FXGL Background Thread 1 ] DEBUG GameApplicationServi - Application scenes initialized
15:31:49.857 [FXGL Background Thread 1 ] DEBUG SystemBundleService  - Loading FXGL system data
15:31:49.859 [FXGL Background Thread 1 ] DEBUG FileSystemAccess     - Reading from: /Users/meo/Desktop/CSC1004/javaproject/CSC1004java/system/fxgl.bundle
15:31:49.863 [FXGL Background Thread 1 ] DEBUG SystemBundleService  - Bundle FXGL: {}
15:31:49.863 [FXGL Background Thread 1 ] DEBUG UpdaterService       - Checking for updates
15:31:49.874 [FXGL Background Thread 4 ] DEBUG FXGLApplication      - Loading fonts
15:31:49.875 [FXGL Background Thread 4 ] DEBUG FXGLAssetLoaderServi - Loading from file system: file:/Users/meo/Desktop/CSC1004/javaproject/CSC1004java/target/classes/assets/ui/fonts/font.ttf
15:31:49.875 [FXGL Background Thread 1 ] DEBUG FXGLApplication      - Loading default localization
15:31:49.875 [FXGL Background Thread 1 ] DEBUG FXGLAssetLoaderServi - Loading from file system: jar:file:///Users/meo/.m2/repository/com/github/almasb/fxgl/17.3/fxgl-17.3.jar!/fxglassets/languages/english.lang
15:31:49.877 [JavaFX Application Thread] DEBUG FXGLApplication      - Registering font factories with UI factory
15:31:49.883 [FXGL Background Thread 1 ] INFO  FXGLApplication      - FXGL initialization took: 0.652 sec
15:31:49.887 [JavaFX Application Thread] DEBUG Input                - Registered new binding: Player1 Move Up - Up
15:31:49.887 [JavaFX Application Thread] DEBUG Input                - Registered new binding: Player1 Move Down - Down
15:31:49.887 [JavaFX Application Thread] DEBUG Input                - Registered new binding: Player1 Move Left - Left
15:31:49.887 [JavaFX Application Thread] DEBUG Input                - Registered new binding: Player1 Move Right - Right
15:31:49.887 [JavaFX Application Thread] DEBUG Input                - Registered new binding: Player or Player2 Move Up - W
15:31:49.887 [JavaFX Application Thread] DEBUG Input                - Registered new binding: Player or Player2 Move Down - S
15:31:49.887 [JavaFX Application Thread] DEBUG Input                - Registered new binding: Player or Player2 Move Left - A
15:31:49.887 [JavaFX Application Thread] DEBUG Input                - Registered new binding: Player or Player2 Move Right - D
15:31:49.888 [JavaFX Application Thread] DEBUG Input                - Registered new binding: Shoot - LMB
15:31:49.888 [JavaFX Application Thread] DEBUG Input                - Registered new binding: Left Punch/Summon - J
15:31:49.888 [JavaFX Application Thread] DEBUG Input                - Registered new binding: Right Punch/Recover - K
15:31:49.888 [JavaFX Application Thread] DEBUG FXGLAssetLoaderServi - Loading from file system: file:/Users/meo/Desktop/CSC1004/javaproject/CSC1004java/target/classes/assets/music/Crypteque1.mp3
15:31:49.890 [JavaFX Application Thread] DEBUG FXGLAssetLoaderServi - Loading from file system: file:/Users/meo/Desktop/CSC1004/javaproject/CSC1004java/target/classes/assets/sounds/gunfire.wav
15:31:49.896 [JavaFX Application Thread] DEBUG FXGLAssetLoaderServi - Loading from file system: file:/Users/meo/Desktop/CSC1004/javaproject/CSC1004java/target/classes/assets/sounds/M_hurt.wav
15:31:49.897 [JavaFX Application Thread] DEBUG FXGLAssetLoaderServi - Loading from file system: file:/Users/meo/Desktop/CSC1004/javaproject/CSC1004java/target/classes/assets/sounds/M_die.wav
15:31:49.898 [JavaFX Application Thread] DEBUG FXGLAssetLoaderServi - Loading from file system: file:/Users/meo/Desktop/CSC1004/javaproject/CSC1004java/target/classes/assets/sounds/W_hurt.wav
15:31:49.899 [JavaFX Application Thread] DEBUG FXGLAssetLoaderServi - Loading from file system: file:/Users/meo/Desktop/CSC1004/javaproject/CSC1004java/target/classes/assets/sounds/W_die.wav
15:31:49.900 [JavaFX Application Thread] DEBUG FXGLAssetLoaderServi - Loading from file system: file:/Users/meo/Desktop/CSC1004/javaproject/CSC1004java/target/classes/assets/sounds/K_hurt.wav
15:31:49.901 [JavaFX Application Thread] DEBUG FXGLAssetLoaderServi - Loading from file system: file:/Users/meo/Desktop/CSC1004/javaproject/CSC1004java/target/classes/assets/sounds/K_die.wav
15:31:49.903 [JavaFX Application Thread] DEBUG FXGLAssetLoaderServi - Loading from file system: file:/Users/meo/Desktop/CSC1004/javaproject/CSC1004java/target/classes/assets/sounds/enemy_die.wav
15:31:49.904 [JavaFX Application Thread] DEBUG FXGLAssetLoaderServi - Loading from file system: file:/Users/meo/Desktop/CSC1004/javaproject/CSC1004java/target/classes/assets/sounds/hover.wav
15:31:49.905 [JavaFX Application Thread] DEBUG FXGLAssetLoaderServi - Loading from file system: file:/Users/meo/Desktop/CSC1004/javaproject/CSC1004java/target/classes/assets/sounds/confirm.wav
15:31:49.912 [JavaFX Application Thread] DEBUG Input                - Registered new binding: Screenshot - CTRL+8
15:31:49.912 [JavaFX Application Thread] DEBUG Input                - Registered new binding: Dev Options - 1
15:31:49.912 [JavaFX Application Thread] DEBUG Input                - Registered new binding: Dev Console - 2
15:31:49.913 [JavaFX Application Thread] DEBUG Input                - Registered new binding: System info dump - CTRL+9
15:31:49.913 [JavaFX Application Thread] DEBUG Input                - Registered new binding: Restart - CTRL+R
15:31:49.913 [JavaFX Application Thread] DEBUG Input                - Registered new binding: Toggle Debug Camera - CTRL+7
15:31:49.914 [JavaFX Application Thread] DEBUG LoopRunner           - Starting loop
15:31:49.917 [JavaFX Application Thread] DEBUG LoopRunner           - Initializing JavaFX AnimationTimerLoop
15:31:49.918 [JavaFX Application Thread] DEBUG Input                - Clearing active input actions
15:31:49.921 [JavaFX Application Thread] DEBUG GameApplicationServi - Removing overlay from M_StartupScene and adding to FXGLMainMenuDummyScene
15:31:49.926 [JavaFX Application Thread] DEBUG PrimaryStageWindow   - M_StartupScene -> FXGLMainMenuDummyScene
15:31:49.926 [JavaFX Application Thread] DEBUG PrimaryStageWindow   - Push state: M_MainMenu
15:31:49.926 [JavaFX Application Thread] DEBUG Input                - Clearing active input actions
15:31:49.931 [JavaFX Application Thread] DEBUG GameApplicationServi - Removing overlay from FXGLMainMenuDummyScene and adding to M_MainMenu
15:31:49.932 [JavaFX Application Thread] DEBUG PrimaryStageWindow   - FXGLMainMenuDummyScene -> M_MainMenu
15:31:51.949 [JavaFX Application Thread] DEBUG Menu                 - fireExit()
15:31:51.954 [JavaFX Application Thread] DEBUG PrimaryStageWindow   - Push state: DialogSubScene
15:31:51.954 [JavaFX Application Thread] DEBUG Input                - Clearing active input actions
15:31:51.955 [JavaFX Application Thread] DEBUG GameApplicationServi - Removing overlay from M_MainMenu and adding to DialogSubScene
15:31:51.958 [JavaFX Application Thread] DEBUG PrimaryStageWindow   - M_MainMenu -> DialogSubScene
15:31:52.422 [JavaFX Application Thread] DEBUG PrimaryStageWindow   - Pop state: DialogSubScene
15:31:52.422 [JavaFX Application Thread] DEBUG Input                - Clearing active input actions
15:31:52.423 [JavaFX Application Thread] DEBUG GameApplicationServi - Removing overlay from DialogSubScene and adding to M_MainMenu
15:31:52.424 [JavaFX Application Thread] DEBUG PrimaryStageWindow   - M_MainMenu <- DialogSubScene
15:31:52.425 [JavaFX Application Thread] DEBUG FXGLApplication      - Exiting FXGL
15:31:52.425 [JavaFX Application Thread] DEBUG LoopRunner           - Stopping loop
15:31:52.425 [JavaFX Application Thread] DEBUG SystemBundleService  - Saving FXGL system data
15:31:52.427 [JavaFX Application Thread] DEBUG FileSystemAccess     - Writing to: /Users/meo/Desktop/CSC1004/javaproject/CSC1004java/system/fxgl.bundle
15:31:52.428 [JavaFX Application Thread] DEBUG Async                - Shutting down background threads
15:31:52.428 [JavaFX Application Thread] DEBUG PrimaryStageWindow   - Closing main window
15:31:52.433 [JavaFX Application Thread] DEBUG Logger               - Closing Logger
