19:46:36.712 [main                     ] DEBUG Logger               - Configured Logger
19:46:36.736 [main                     ] DEBUG GameApplication      - Logging settings
Title: McDonalism
Version: 0.1
Width: 800
Height: 800
Fullscreen: false
Intro: false
Profiling: false
Single step:false
App Mode: DEVELOPER
Menu Key: ESCAPE
Stage Style: DECORATED
Scene Factory: class testPackage.McDonalismApp$1

19:46:37.279 [JavaFX Application Thread] DEBUG FXGLApplication      - Initializing FXGL
19:46:37.282 [JavaFX Application Thread] INFO  Engine               - FXGL-17.2 (20.08.2022 16.50) on WINDOWS (J:17.0.6 FX:18)
19:46:37.282 [JavaFX Application Thread] DEBUG Engine               - JRE Vendor Name: Amazon.com Inc.
19:46:37.282 [JavaFX Application Thread] DEBUG Engine               - Running on OS: Windows 10 version 10.0
19:46:37.282 [JavaFX Application Thread] DEBUG Engine               - Architecture: amd64
19:46:37.282 [JavaFX Application Thread] INFO  Engine               - Source code and latest versions at: https://github.com/AlmasB/FXGL
19:46:37.283 [JavaFX Application Thread] INFO  Engine               -       Ask questions and discuss at: https://github.com/AlmasB/FXGL/discussions
19:46:37.283 [JavaFX Application Thread] INFO  Engine               -              Join the FXGL chat at: https://gitter.im/AlmasB/FXGL
19:46:37.329 [JavaFX Application Thread] DEBUG PrimaryStageWindow   - Creating a JavaFX scene
19:46:37.365 [JavaFX Application Thread] DEBUG PrimaryStageWindow   - Target settings size: 800.0 x 800.0
19:46:37.365 [JavaFX Application Thread] DEBUG PrimaryStageWindow   - Scaled scene size:    800.0 x 800.0
19:46:37.365 [JavaFX Application Thread] DEBUG PrimaryStageWindow   - Scaled ratio: (1.0, 1.0)
19:46:37.366 [JavaFX Application Thread] DEBUG PrimaryStageWindow   - Set initial scene to FXGLStartupScene
19:46:37.369 [JavaFX Application Thread] DEBUG PrimaryStageWindow   - Opening main window
19:46:37.431 [JavaFX Application Thread] DEBUG PrimaryStageWindow   - Window border size: (16.0, 39.0)
19:46:37.431 [JavaFX Application Thread] DEBUG PrimaryStageWindow   - Scaled size: 800.0 x 800.0
19:46:37.432 [JavaFX Application Thread] DEBUG PrimaryStageWindow   - Scaled ratio: (1.0, 1.0)
19:46:37.432 [JavaFX Application Thread] DEBUG PrimaryStageWindow   - Scene size: 800.0 x 800.0
19:46:37.432 [JavaFX Application Thread] DEBUG PrimaryStageWindow   - Stage size: 816.0 x 839.0
19:46:37.436 [FXGL Background Thread 1 ] DEBUG Engine               - Initializing environment variables
19:46:37.459 [FXGL Background Thread 1 ] DEBUG FXGLAssetLoaderServi - User app class for loading assets: class testPackage.McDonalismApp
19:46:37.459 [FXGL Background Thread 1 ] DEBUG GameApplicationServi - Applying CSS: fxgl_dark.css
19:46:37.460 [FXGL Background Thread 1 ] DEBUG FXGLAssetLoaderServi - Loading from file system: jar:file:///C:/Users/Meo/.m2/repository/com/github/almasb/fxgl/17.2/fxgl-17.2.jar!/fxglassets/ui/css/fxgl_dark.css
19:46:37.483 [FXGL Background Thread 1 ] DEBUG GameApplicationServi - Initializing application scenes
19:46:37.538 [FXGL Background Thread 1 ] DEBUG GameWorld            - Game world initialized
19:46:37.568 [FXGL Background Thread 1 ] DEBUG PhysicsWorld         - Physics world initialized: appHeight=800, physics.ppm=50.0
19:46:37.568 [FXGL Background Thread 1 ] DEBUG PhysicsWorld         - Using strategy: BRUTE_FORCE
19:46:37.571 [FXGL Background Thread 1 ] DEBUG GameScene            - Game scene initialized: 800x800
19:46:37.580 [FXGL Background Thread 1 ] WARN  FXGLAssetLoaderServi - Asset "/assets/textures/ui/icon.png" was not found!
19:46:37.580 [FXGL Background Thread 1 ] WARN  FXGLAssetLoaderServi - Failed to load IMAGE
19:46:37.590 [FXGL Background Thread 1 ] WARN  FXGLAssetLoaderServi - Asset "/assets/textures/ui/icon.png" was not found!
19:46:37.590 [FXGL Background Thread 1 ] WARN  FXGLAssetLoaderServi - Failed to load IMAGE
19:46:37.591 [FXGL Background Thread 1 ] WARN  FXGLAssetLoaderServi - Asset "/assets/textures/ui/icon.png" was not found!
19:46:37.591 [FXGL Background Thread 1 ] WARN  FXGLAssetLoaderServi - Failed to load IMAGE
19:46:37.597 [FXGL Background Thread 1 ] DEBUG FXGL.DefaultMenu     - createMenuBodyGameMenu()
19:46:37.602 [FXGL Background Thread 1 ] DEBUG FXGL.DefaultMenu     - createOptionsMenu()
19:46:37.607 [FXGL Background Thread 1 ] DEBUG FXGLAssetLoaderServi - Loading from file system: jar:file:///C:/Users/Meo/.m2/repository/com/github/almasb/fxgl/17.2/fxgl-17.2.jar!/fxglassets/textures/particles/smoke.png
19:46:37.656 [FXGL Background Thread 1 ] DEBUG FXGLAssetLoaderServi - Loading from file system: jar:file:///C:/Users/Meo/.m2/repository/com/github/almasb/fxgl/17.2/fxgl-17.2.jar!/fxglassets/textures/particles/trace_horizontal.png
19:46:37.674 [FXGL Background Thread 1 ] DEBUG GameApplicationServi - Application scenes initialized
19:46:37.681 [FXGL Background Thread 1 ] DEBUG SystemBundleService  - Loading FXGL system data
19:46:37.686 [FXGL Background Thread 1 ] DEBUG FileSystemAccess     - Reading from: C:\Users\Meo\Documents\GitHub\122090288_javaProject\system\fxgl.bundle
19:46:37.691 [FXGL Background Thread 1 ] DEBUG SystemBundleService  - Bundle FXGL: {}
19:46:37.691 [FXGL Background Thread 1 ] DEBUG UpdaterService       - Checking for updates
19:46:37.693 [FXGL Background Thread 4 ] DEBUG FXGLApplication      - Loading fonts
19:46:37.694 [FXGL Background Thread 1 ] DEBUG FXGLApplication      - Loading default localization
19:46:37.694 [FXGL Background Thread 4 ] DEBUG FXGLAssetLoaderServi - Loading from file system: jar:file:///C:/Users/Meo/.m2/repository/com/github/almasb/fxgl/17.2/fxgl-17.2.jar!/fxglassets/ui/fonts/VarelaRound-Regular.ttf
19:46:37.694 [FXGL Background Thread 1 ] DEBUG FXGLAssetLoaderServi - Loading from file system: jar:file:///C:/Users/Meo/.m2/repository/com/github/almasb/fxgl/17.2/fxgl-17.2.jar!/fxglassets/languages/english.lang
19:46:37.709 [FXGL Background Thread 1 ] INFO  FXGLApplication      - FXGL initialization took: 0.272 sec
19:46:37.715 [JavaFX Application Thread] DEBUG Input                - Registered new binding: Up - W
19:46:37.715 [JavaFX Application Thread] DEBUG Input                - Registered new binding: Down - S
19:46:37.715 [JavaFX Application Thread] DEBUG Input                - Registered new binding: Left - A
19:46:37.716 [JavaFX Application Thread] DEBUG Input                - Registered new binding: Right - D
19:46:37.717 [JavaFX Application Thread] DEBUG Input                - Registered new binding: Shoot - LMB
19:46:37.717 [JavaFX Application Thread] DEBUG FXGLAssetLoaderServi - Loading from file system: jar:file:///C:/Users/Meo/.m2/repository/com/github/almasb/fxgl/17.2/fxgl-17.2.jar!/fxglassets/textures/fxgl_icon.png
19:46:37.730 [JavaFX Application Thread] DEBUG FXGLAssetLoaderServi - Loading from file system: jar:file:///C:/Users/Meo/.m2/repository/com/github/almasb/fxgl/17.2/fxgl-17.2.jar!/fxglassets/textures/fxgl_default_cursor.png
19:46:37.732 [JavaFX Application Thread] DEBUG Input                - Registered new binding: Screenshot - CTRL+8
19:46:37.732 [FXGL Background Thread 4 ] DEBUG FXGLAssetLoaderServi - Loading from file system: jar:file:///C:/Users/Meo/.m2/repository/com/github/almasb/fxgl/17.2/fxgl-17.2.jar!/fxglassets/ui/fonts/Abel-Regular.ttf
19:46:37.732 [JavaFX Application Thread] DEBUG Input                - Registered new binding: System info dump - CTRL+9
19:46:37.732 [JavaFX Application Thread] DEBUG Input                - Registered new binding: Restart - CTRL+R
19:46:37.733 [JavaFX Application Thread] DEBUG Input                - Registered new binding: Toggle Debug Camera - CTRL+7
19:46:37.734 [JavaFX Application Thread] DEBUG LoopRunner           - Starting loop
19:46:37.735 [JavaFX Application Thread] DEBUG LoopRunner           - Initializing JavaFX AnimationTimerLoop
19:46:37.737 [JavaFX Application Thread] DEBUG Input                - Clearing active input actions
19:46:37.740 [FXGL Background Thread 4 ] DEBUG FXGLAssetLoaderServi - Loading from file system: jar:file:///C:/Users/Meo/.m2/repository/com/github/almasb/fxgl/17.2/fxgl-17.2.jar!/fxglassets/ui/fonts/TerminalLandMono-Regular.otf
19:46:37.742 [JavaFX Application Thread] DEBUG GameApplicationServi - Removing overlay from FXGLStartupScene and adding to FXGLMainMenuDummyScene
19:46:37.742 [JavaFX Application Thread] DEBUG PrimaryStageWindow   - FXGLStartupScene -> FXGLMainMenuDummyScene
19:46:37.742 [JavaFX Application Thread] DEBUG PrimaryStageWindow   - Push state: MainMenu
19:46:37.742 [JavaFX Application Thread] DEBUG Input                - Clearing active input actions
19:46:37.747 [JavaFX Application Thread] DEBUG GameApplicationServi - Removing overlay from FXGLMainMenuDummyScene and adding to MainMenu
19:46:37.747 [FXGL Background Thread 4 ] DEBUG FXGLAssetLoaderServi - Loading from file system: jar:file:///C:/Users/Meo/.m2/repository/com/github/almasb/fxgl/17.2/fxgl-17.2.jar!/fxglassets/ui/fonts/Courier-Prime.ttf
19:46:37.747 [JavaFX Application Thread] DEBUG PrimaryStageWindow   - FXGLMainMenuDummyScene -> MainMenu
19:46:37.756 [JavaFX Application Thread] WARN  FXGLAssetLoaderServi - Asset "/assets/sounds/mainMenuHover.wav" was not found!
19:46:37.756 [JavaFX Application Thread] WARN  FXGLAssetLoaderServi - Failed to load SOUND
19:46:37.810 [JavaFX Application Thread] DEBUG FXGLApplication      - Registering font factories with UI factory
19:46:38.411 [JavaFX Application Thread] WARN  FXGLAssetLoaderServi - Asset "/assets/sounds/mainMenuHover.wav" was not found!
19:46:38.411 [JavaFX Application Thread] WARN  FXGLAssetLoaderServi - Failed to load SOUND
19:46:38.561 [JavaFX Application Thread] WARN  FXGLAssetLoaderServi - Asset "/assets/sounds/mainMenuHover.wav" was not found!
19:46:38.561 [JavaFX Application Thread] WARN  FXGLAssetLoaderServi - Failed to load SOUND
19:46:38.581 [FXGL Background Thread 2 ] INFO  UpdaterService       - Your current version:  17.2
19:46:38.581 [FXGL Background Thread 2 ] INFO  UpdaterService       - Latest stable version: 17.3
19:46:39.329 [JavaFX Application Thread] WARN  FXGLAssetLoaderServi - Asset "/assets/sounds/mainMenuHover.wav" was not found!
19:46:39.329 [JavaFX Application Thread] WARN  FXGLAssetLoaderServi - Failed to load SOUND
19:46:39.537 [JavaFX Application Thread] WARN  FXGLAssetLoaderServi - Asset "/assets/sounds/mainMenuHover.wav" was not found!
19:46:39.538 [JavaFX Application Thread] WARN  FXGLAssetLoaderServi - Failed to load SOUND
19:46:40.591 [JavaFX Application Thread] WARN  FXGLAssetLoaderServi - Asset "/assets/sounds/mainMenuHover.wav" was not found!
19:46:40.591 [JavaFX Application Thread] WARN  FXGLAssetLoaderServi - Failed to load SOUND
19:46:40.695 [FXGL Background Thread 3 ] DEBUG Engine               - Logging environment variables
19:46:40.696 [FXGL Background Thread 3 ] DEBUG Engine               - achievements: []
19:46:40.697 [FXGL Background Thread 3 ] DEBUG Engine               - actualHeight: 800.0
19:46:40.698 [FXGL Background Thread 3 ] DEBUG Engine               - actualHeightProperty: ReadOnlyDoubleProperty [value: 800.0]
19:46:40.698 [FXGL Background Thread 3 ] DEBUG Engine               - actualWidth: 800.0
19:46:40.698 [FXGL Background Thread 3 ] DEBUG Engine               - actualWidthProperty: ReadOnlyDoubleProperty [value: 800.0]
19:46:40.698 [FXGL Background Thread 3 ] DEBUG Engine               - appIcon: fxgl_icon.png
19:46:40.699 [FXGL Background Thread 3 ] DEBUG Engine               - applicationMode: DEVELOPER
19:46:40.699 [FXGL Background Thread 3 ] DEBUG Engine               - cSSList: [fxgl_dark.css]
19:46:40.700 [FXGL Background Thread 3 ] DEBUG Engine               - collisionDetectionStrategy: BRUTE_FORCE
19:46:40.700 [FXGL Background Thread 3 ] DEBUG Engine               - configClass: Optional.empty
19:46:40.700 [FXGL Background Thread 3 ] DEBUG Engine               - credits: []
19:46:40.700 [FXGL Background Thread 3 ] DEBUG Engine               - defaultCursor: CursorInfo(imageName=fxgl_default_cursor.png, hotspotX=7.0, hotspotY=6.0)
19:46:40.700 [FXGL Background Thread 3 ] DEBUG Engine               - devBBoxColorProperty: ObjectProperty [value: 0xff0000ff]
19:46:40.701 [FXGL Background Thread 3 ] DEBUG Engine               - devEnableDebugCameraProperty: BooleanProperty [value: false]
19:46:40.701 [FXGL Background Thread 3 ] DEBUG Engine               - devSensorColorProperty: ObjectProperty [value: 0xffff00ff]
19:46:40.701 [FXGL Background Thread 3 ] DEBUG Engine               - devShowBBoxProperty: BooleanProperty [value: false]
19:46:40.701 [FXGL Background Thread 3 ] DEBUG Engine               - devShowPositionProperty: BooleanProperty [value: false]
19:46:40.701 [FXGL Background Thread 3 ] DEBUG Engine               - enabledMenuItems: []
19:46:40.701 [FXGL Background Thread 3 ] DEBUG Engine               - engineServices: [class com.almasb.fxgl.app.services.FXGLAssetLoaderService, class com.almasb.fxgl.app.FXGLApplication$GameApplicationService, class com.almasb.fxgl.app.services.FXGLDialogService, class com.almasb.fxgl.app.services.IOTaskExecutorService, class com.almasb.fxgl.io.FileSystemService, class com.almasb.fxgl.localization.LocalizationService, class com.almasb.fxgl.app.services.SystemBundleService, class com.almasb.fxgl.profile.SaveLoadService, class com.almasb.fxgl.ui.FXGLUIFactoryServiceProvider, class com.almasb.fxgl.ui.FXGLDialogFactoryServiceProvider, class com.almasb.fxgl.audio.AudioPlayer, class com.almasb.fxgl.notification.impl.NotificationServiceProvider, class com.almasb.fxgl.achievement.AchievementService, class com.almasb.fxgl.cutscene.CutsceneService, class com.almasb.fxgl.minigames.MiniGameService, class com.almasb.fxgl.net.NetService, class com.almasb.fxgl.app.services.UpdaterService, class com.almasb.fxgl.dev.DevService]
19:46:40.701 [FXGL Background Thread 3 ] DEBUG Engine               - fontGame: Abel-Regular.ttf
19:46:40.701 [FXGL Background Thread 3 ] DEBUG Engine               - fontMono: TerminalLandMono-Regular.otf
19:46:40.701 [FXGL Background Thread 3 ] DEBUG Engine               - fontText: Courier-Prime.ttf
19:46:40.701 [FXGL Background Thread 3 ] DEBUG Engine               - fontUI: VarelaRound-Regular.ttf
19:46:40.702 [FXGL Background Thread 3 ] DEBUG Engine               - fullScreen: BooleanProperty [value: false]
19:46:40.702 [FXGL Background Thread 3 ] DEBUG Engine               - gameDifficulty: MEDIUM
19:46:40.702 [FXGL Background Thread 3 ] DEBUG Engine               - gameDifficultyProperty: ObjectProperty [value: MEDIUM]
19:46:40.702 [FXGL Background Thread 3 ] DEBUG Engine               - globalMusicVolume: 0.5
19:46:40.702 [FXGL Background Thread 3 ] DEBUG Engine               - globalMusicVolumeProperty: DoubleProperty [value: 0.5]
19:46:40.702 [FXGL Background Thread 3 ] DEBUG Engine               - globalSoundVolume: 0.5
19:46:40.702 [FXGL Background Thread 3 ] DEBUG Engine               - globalSoundVolumeProperty: DoubleProperty [value: 0.5]
19:46:40.702 [FXGL Background Thread 3 ] DEBUG Engine               - height: 800
19:46:40.702 [FXGL Background Thread 3 ] DEBUG Engine               - is3D: false
19:46:40.702 [FXGL Background Thread 3 ] DEBUG Engine               - isAndroid: false
19:46:40.702 [FXGL Background Thread 3 ] DEBUG Engine               - isBrowser: false
19:46:40.703 [FXGL Background Thread 3 ] DEBUG Engine               - isClickFeedbackEnabled: false
19:46:40.703 [FXGL Background Thread 3 ] DEBUG Engine               - isCloseConfirmation: false
19:46:40.703 [FXGL Background Thread 3 ] DEBUG Engine               - isDesktop: true
19:46:40.703 [FXGL Background Thread 3 ] DEBUG Engine               - isDeveloperMenuEnabled: false
19:46:40.703 [FXGL Background Thread 3 ] DEBUG Engine               - isEmbedded: false
19:46:40.703 [FXGL Background Thread 3 ] DEBUG Engine               - isEntityPreloadEnabled: true
19:46:40.703 [FXGL Background Thread 3 ] DEBUG Engine               - isExperimentalTiledLargeMap: false
19:46:40.703 [FXGL Background Thread 3 ] DEBUG Engine               - isFileSystemWriteAllowed: true
19:46:40.703 [FXGL Background Thread 3 ] DEBUG Engine               - isFullScreenAllowed: false
19:46:40.703 [FXGL Background Thread 3 ] DEBUG Engine               - isFullScreenFromStart: false
19:46:40.704 [FXGL Background Thread 3 ] DEBUG Engine               - isGameMenuEnabled: true
19:46:40.704 [FXGL Background Thread 3 ] DEBUG Engine               - isIOS: false
19:46:40.704 [FXGL Background Thread 3 ] DEBUG Engine               - isIntroEnabled: false
19:46:40.704 [FXGL Background Thread 3 ] DEBUG Engine               - isLinux: false
19:46:40.704 [FXGL Background Thread 3 ] DEBUG Engine               - isMac: false
19:46:40.704 [FXGL Background Thread 3 ] DEBUG Engine               - isMainMenuEnabled: true
19:46:40.704 [FXGL Background Thread 3 ] DEBUG Engine               - isManualResizeEnabled: true
19:46:40.704 [FXGL Background Thread 3 ] DEBUG Engine               - isMobile: false
19:46:40.704 [FXGL Background Thread 3 ] DEBUG Engine               - isNative: false
19:46:40.704 [FXGL Background Thread 3 ] DEBUG Engine               - isPauseMusicWhenMinimized: true
19:46:40.704 [FXGL Background Thread 3 ] DEBUG Engine               - isPreserveResizeRatio: true
19:46:40.704 [FXGL Background Thread 3 ] DEBUG Engine               - isProfilingEnabled: false
19:46:40.704 [FXGL Background Thread 3 ] DEBUG Engine               - isScaleAffectedOnResize: true
19:46:40.704 [FXGL Background Thread 3 ] DEBUG Engine               - isSingleStep: false
19:46:40.704 [FXGL Background Thread 3 ] DEBUG Engine               - isUserProfileEnabled: false
19:46:40.705 [FXGL Background Thread 3 ] DEBUG Engine               - isWindows: true
19:46:40.705 [FXGL Background Thread 3 ] DEBUG Engine               - language: ObjectProperty [value: ENGLISH]
19:46:40.705 [FXGL Background Thread 3 ] DEBUG Engine               - menuKey: ESCAPE
19:46:40.705 [FXGL Background Thread 3 ] DEBUG Engine               - mouseSensitivity: 0.2
19:46:40.705 [FXGL Background Thread 3 ] DEBUG Engine               - notificationViewClass: class com.almasb.fxgl.notification.view.XboxNotificationView
19:46:40.705 [FXGL Background Thread 3 ] DEBUG Engine               - pixelsPerMeter: 50.0
19:46:40.705 [FXGL Background Thread 3 ] DEBUG Engine               - platform: WINDOWS
19:46:40.705 [FXGL Background Thread 3 ] DEBUG Engine               - prefHeightProperty: ReadOnlyDoubleProperty [value: 800.0]
19:46:40.705 [FXGL Background Thread 3 ] DEBUG Engine               - prefWidthProperty: ReadOnlyDoubleProperty [value: 800.0]
19:46:40.705 [FXGL Background Thread 3 ] DEBUG Engine               - profileDir: profiles/
19:46:40.705 [FXGL Background Thread 3 ] DEBUG Engine               - profileName: StringProperty [value: DEFAULT]
19:46:40.705 [FXGL Background Thread 3 ] DEBUG Engine               - randomSeed: -1
19:46:40.705 [FXGL Background Thread 3 ] DEBUG Engine               - runtimeInfo: RuntimeInfo(platform=WINDOWS, version=17.2, build=20.08.2022 16.50)
19:46:40.705 [FXGL Background Thread 3 ] DEBUG Engine               - saveFileExt: sav
19:46:40.705 [FXGL Background Thread 3 ] DEBUG Engine               - scaledHeightProp$fxgl: DoubleProperty [bound, value: 800.0]
19:46:40.706 [FXGL Background Thread 3 ] DEBUG Engine               - scaledWidthProp$fxgl: DoubleProperty [bound, value: 800.0]
19:46:40.706 [FXGL Background Thread 3 ] DEBUG Engine               - sceneFactory: testPackage.McDonalismApp$1@553924c3
19:46:40.706 [FXGL Background Thread 3 ] DEBUG Engine               - secondsIn24h: 60
19:46:40.706 [FXGL Background Thread 3 ] DEBUG Engine               - soundMenuBack: menu/back.wav
19:46:40.706 [FXGL Background Thread 3 ] DEBUG Engine               - soundMenuPress: menu/press.wav
19:46:40.706 [FXGL Background Thread 3 ] DEBUG Engine               - soundMenuSelect: menu/select.wav
19:46:40.706 [FXGL Background Thread 3 ] DEBUG Engine               - soundNotification: core/notification.wav
19:46:40.706 [FXGL Background Thread 3 ] DEBUG Engine               - stageStyle: DECORATED
19:46:40.706 [FXGL Background Thread 3 ] DEBUG Engine               - supportedLanguages: [ENGLISH, FRENCH, GERMAN, HUNGARIAN, RUSSIAN]
19:46:40.706 [FXGL Background Thread 3 ] DEBUG Engine               - ticksPerSecond: -1
19:46:40.706 [FXGL Background Thread 3 ] DEBUG Engine               - title: McDonalism
19:46:40.706 [FXGL Background Thread 3 ] DEBUG Engine               - urlGithub: https://github.com/AlmasB/FXGL
19:46:40.706 [FXGL Background Thread 3 ] DEBUG Engine               - urlLeaderboard: http://fxgl-top.herokuapp.com/
19:46:40.706 [FXGL Background Thread 3 ] DEBUG Engine               - urlPOM: https://raw.githubusercontent.com/AlmasB/FXGL/release/README.md
19:46:40.706 [FXGL Background Thread 3 ] DEBUG Engine               - userAppClass: class testPackage.McDonalismApp
19:46:40.706 [FXGL Background Thread 3 ] DEBUG Engine               - version: 0.1
19:46:40.706 [FXGL Background Thread 3 ] DEBUG Engine               - versionCheckDays: 7
19:46:40.706 [FXGL Background Thread 3 ] DEBUG Engine               - width: 800
19:46:40.706 [FXGL Background Thread 3 ] DEBUG Engine               - Logging services
19:46:40.706 [FXGL Background Thread 3 ] DEBUG Engine               - class com.almasb.fxgl.app.services.FXGLAssetLoaderService
19:46:40.706 [FXGL Background Thread 3 ] DEBUG Engine               - class com.almasb.fxgl.app.FXGLApplication$GameApplicationService
19:46:40.706 [FXGL Background Thread 3 ] DEBUG Engine               - class com.almasb.fxgl.app.services.FXGLDialogService
19:46:40.706 [FXGL Background Thread 3 ] DEBUG Engine               - class com.almasb.fxgl.app.services.IOTaskExecutorService
19:46:40.706 [FXGL Background Thread 3 ] DEBUG Engine               - class com.almasb.fxgl.io.FileSystemService
19:46:40.707 [FXGL Background Thread 3 ] DEBUG Engine               - class com.almasb.fxgl.localization.LocalizationService
19:46:40.707 [FXGL Background Thread 3 ] DEBUG Engine               - class com.almasb.fxgl.app.services.SystemBundleService
19:46:40.707 [FXGL Background Thread 3 ] DEBUG Engine               - class com.almasb.fxgl.profile.SaveLoadService
19:46:40.707 [FXGL Background Thread 3 ] DEBUG Engine               - class com.almasb.fxgl.ui.FXGLUIFactoryServiceProvider
19:46:40.707 [FXGL Background Thread 3 ] DEBUG Engine               - class com.almasb.fxgl.ui.FXGLDialogFactoryServiceProvider
19:46:40.707 [FXGL Background Thread 3 ] DEBUG Engine               - class com.almasb.fxgl.audio.AudioPlayer
19:46:40.707 [FXGL Background Thread 3 ] DEBUG Engine               - class com.almasb.fxgl.notification.impl.NotificationServiceProvider
19:46:40.707 [FXGL Background Thread 3 ] DEBUG Engine               - class com.almasb.fxgl.achievement.AchievementService
19:46:40.707 [FXGL Background Thread 3 ] DEBUG Engine               - class com.almasb.fxgl.cutscene.CutsceneService
19:46:40.707 [FXGL Background Thread 3 ] DEBUG Engine               - class com.almasb.fxgl.minigames.MiniGameService
19:46:40.707 [FXGL Background Thread 3 ] DEBUG Engine               - class com.almasb.fxgl.net.NetService
19:46:40.707 [FXGL Background Thread 3 ] DEBUG Engine               - class com.almasb.fxgl.app.services.UpdaterService
19:46:40.707 [FXGL Background Thread 3 ] DEBUG Engine               - class com.almasb.fxgl.dev.DevService
19:46:40.845 [JavaFX Application Thread] WARN  FXGLAssetLoaderServi - Asset "/assets/sounds/mainMenuHover.wav" was not found!
19:46:40.846 [JavaFX Application Thread] WARN  FXGLAssetLoaderServi - Failed to load SOUND
19:46:41.390 [JavaFX Application Thread] WARN  FXGLAssetLoaderServi - Asset "/assets/sounds/select.wav" was not found!
19:46:41.391 [JavaFX Application Thread] WARN  FXGLAssetLoaderServi - Failed to load SOUND
19:46:41.391 [JavaFX Application Thread] DEBUG Menu                 - fireNewGame()
19:46:41.391 [JavaFX Application Thread] DEBUG GameApplicationServi - Starting new game
19:46:41.391 [JavaFX Application Thread] DEBUG PrimaryStageWindow   - Pop state: MainMenu
19:46:41.391 [JavaFX Application Thread] DEBUG Input                - Clearing active input actions
19:46:41.392 [JavaFX Application Thread] DEBUG GameApplicationServi - Removing overlay from MainMenu and adding to FXGLMainMenuDummyScene
19:46:41.393 [JavaFX Application Thread] DEBUG PrimaryStageWindow   - FXGLMainMenuDummyScene <- MainMenu
19:46:41.393 [JavaFX Application Thread] DEBUG Input                - Clearing active input actions
19:46:41.400 [JavaFX Application Thread] DEBUG GameApplicationServi - Removing overlay from FXGLMainMenuDummyScene and adding to FXGLLoadingScene
19:46:41.400 [JavaFX Application Thread] DEBUG PrimaryStageWindow   - FXGLMainMenuDummyScene -> FXGLLoadingScene
19:46:41.400 [JavaFX Application Thread] DEBUG GameApplicationServi - Clearing previous game
19:46:41.400 [JavaFX Application Thread] DEBUG GameScene            - Clearing game scene
19:46:41.400 [JavaFX Application Thread] DEBUG GameWorld            - Clearing game world
19:46:41.400 [JavaFX Application Thread] DEBUG PhysicsWorld         - Clearing physics world
19:46:41.401 [FXGL Background Thread 2 ] DEBUG FXGLApplication      - Initializing game
19:46:41.402 [FXGL Background Thread 2 ] DEBUG FXGLAssetLoaderServi - Loading from file system: file:/C:/Users/Meo/Documents/GitHub/122090288_javaProject/target/classes/assets/music/Crypteque1.mp3
19:46:41.612 [FXGL Background Thread 2 ] DEBUG AudioPlayer          - Playing music com.almasb.fxgl.audio.Music@2aa721f4
19:46:41.639 [FXGL Background Thread 2 ] WARN  TMXLevelLoader       - TiledMap generated from 1.9.2. Supported version: 1.9.0. Some features may not be parsed fully.
19:46:41.642 [FXGL Background Thread 2 ] DEBUG TMXLevelLoader       - Parsed TiledMap: file:/C:/Users/Meo/Documents/GitHub/122090288_javaProject/target/classes/assets/levels/TestLevel.tmx
19:46:41.643 [FXGL Background Thread 2 ] DEBUG TMXLevelLoader       - Creating tile layer entities
19:46:41.643 [FXGL Background Thread 2 ] DEBUG TilesetLoader        - Loading view for layer p1
19:46:41.650 [FXGL Background Thread 2 ] DEBUG TilesetLoader        - Created buffer with size 800.0x800.0
19:46:41.658 [FXGL Background Thread 2 ] DEBUG TMXLevelLoader       - Creating object layer entities
19:46:41.659 [FXGL Background Thread 2 ] DEBUG GameWorld            - Clearing removable entities
19:46:41.659 [FXGL Background Thread 2 ] DEBUG GameWorld            - Setting level: com.almasb.fxgl.entity.level.Level@7bfd2efb
19:46:41.694 [FXGL Background Thread 2 ] INFO  FXGLApplication      - Game initialization took: 0.293 sec
19:46:41.694 [JavaFX Application Thread] DEBUG Input                - Clearing active input actions
19:46:41.696 [JavaFX Application Thread] DEBUG GameApplicationServi - Removing overlay from FXGLLoadingScene and adding to GameScene
19:46:41.696 [JavaFX Application Thread] DEBUG PrimaryStageWindow   - FXGLLoadingScene -> GameScene
19:46:42.635 [JavaFX Application Thread] DEBUG FXGLAssetLoaderServi - Loading from file system: file:/C:/Users/Meo/Documents/GitHub/122090288_javaProject/target/classes/assets/sounds/gunfire.wav
19:46:42.726 [JavaFX Application Thread] DEBUG FXGLAssetLoaderServi - Loading from file system: file:/C:/Users/Meo/Documents/GitHub/122090288_javaProject/target/classes/assets/textures/brick.png
19:46:49.214 [JavaFX Application Thread] DEBUG FXGLApplication      - Exiting FXGL
19:46:49.214 [JavaFX Application Thread] DEBUG LoopRunner           - Stopping loop
19:46:49.214 [JavaFX Application Thread] DEBUG SystemBundleService  - Saving FXGL system data
19:46:49.216 [JavaFX Application Thread] DEBUG FileSystemAccess     - Writing to: C:\Users\Meo\Documents\GitHub\122090288_javaProject\system\fxgl.bundle
19:46:49.218 [JavaFX Application Thread] DEBUG Async                - Shutting down background threads
19:46:49.218 [JavaFX Application Thread] DEBUG PrimaryStageWindow   - Closing main window
19:46:49.253 [JavaFX Application Thread] DEBUG Logger               - Closing Logger
