19:58:15.762 [main                     ] DEBUG Logger               - Configured Logger
19:58:15.773 [main                     ] DEBUG GameApplication      - Logging settings
Title: McDonald's Hunter
Version: 0.1
Width: 800
Height: 600
Fullscreen: false
Intro: false
Profiling: false
Single step:false
App Mode: DEVELOPER
Menu Key: ESCAPE
Stage Style: DECORATED
Scene Factory: class com.almasb.fxgl.app.scene.SceneFactory

19:58:15.972 [JavaFX Application Thread] DEBUG FXGLApplication      - Initializing FXGL
19:58:15.975 [JavaFX Application Thread] INFO  Engine               - FXGL-17.2 (20.08.2022 16.50) on MAC (J:18.0.2.1 FX:18)
19:58:15.975 [JavaFX Application Thread] DEBUG Engine               - JRE Vendor Name: Oracle Corporation
19:58:15.976 [JavaFX Application Thread] DEBUG Engine               - Running on OS: Mac OS X version 13.2.1
19:58:15.976 [JavaFX Application Thread] DEBUG Engine               - Architecture: aarch64
19:58:15.976 [JavaFX Application Thread] INFO  Engine               - Source code and latest versions at: https://github.com/AlmasB/FXGL
19:58:15.976 [JavaFX Application Thread] INFO  Engine               -       Ask questions and discuss at: https://github.com/AlmasB/FXGL/discussions
19:58:15.976 [JavaFX Application Thread] INFO  Engine               -              Join the FXGL chat at: https://gitter.im/AlmasB/FXGL
19:58:16.015 [JavaFX Application Thread] DEBUG PrimaryStageWindow   - Creating a JavaFX scene
19:58:16.035 [JavaFX Application Thread] DEBUG PrimaryStageWindow   - Target settings size: 800.0 x 600.0
19:58:16.035 [JavaFX Application Thread] DEBUG PrimaryStageWindow   - Scaled scene size:    800.0 x 600.0
19:58:16.035 [JavaFX Application Thread] DEBUG PrimaryStageWindow   - Scaled ratio: (1.0, 1.0)
19:58:16.035 [JavaFX Application Thread] DEBUG PrimaryStageWindow   - Set initial scene to FXGLStartupScene
19:58:16.038 [JavaFX Application Thread] DEBUG PrimaryStageWindow   - Opening main window
19:58:16.077 [JavaFX Application Thread] DEBUG PrimaryStageWindow   - Window border size: (0.0, 28.0)
19:58:16.077 [JavaFX Application Thread] DEBUG PrimaryStageWindow   - Scaled size: 800.0 x 600.0
19:58:16.078 [JavaFX Application Thread] DEBUG PrimaryStageWindow   - Scaled ratio: (1.0, 1.0)
19:58:16.078 [JavaFX Application Thread] DEBUG PrimaryStageWindow   - Scene size: 800.0 x 600.0
19:58:16.078 [JavaFX Application Thread] DEBUG PrimaryStageWindow   - Stage size: 800.0 x 628.0
19:58:16.081 [FXGL Background Thread 1 ] DEBUG Engine               - Initializing environment variables
19:58:16.101 [FXGL Background Thread 1 ] DEBUG FXGLAssetLoaderServi - User app class for loading assets: class testPackage.McHunterApp
19:58:16.102 [FXGL Background Thread 1 ] DEBUG GameApplicationServi - Applying CSS: fxgl_dark.css
19:58:16.102 [FXGL Background Thread 1 ] DEBUG FXGLAssetLoaderServi - Loading from file system: jar:file:///Users/meo/.m2/repository/com/github/almasb/fxgl/17.2/fxgl-17.2.jar!/fxglassets/ui/css/fxgl_dark.css
19:58:16.124 [FXGL Background Thread 1 ] DEBUG GameApplicationServi - Initializing application scenes
19:58:16.239 [FXGL Background Thread 1 ] DEBUG GameWorld            - Game world initialized
19:58:16.265 [FXGL Background Thread 1 ] DEBUG PhysicsWorld         - Physics world initialized: appHeight=600, physics.ppm=50.0
19:58:16.265 [FXGL Background Thread 1 ] DEBUG PhysicsWorld         - Using strategy: BRUTE_FORCE
19:58:16.267 [FXGL Background Thread 1 ] DEBUG GameScene            - Game scene initialized: 800x600
19:58:16.272 [FXGL Background Thread 1 ] DEBUG FXGL.DefaultMenu     - createMenuBodyMainMenu()
19:58:16.280 [FXGL Background Thread 1 ] DEBUG FXGL.DefaultMenu     - createOptionsMenu()
19:58:16.285 [FXGL Background Thread 1 ] DEBUG FXGLAssetLoaderServi - Loading from file system: jar:file:///Users/meo/.m2/repository/com/github/almasb/fxgl/17.2/fxgl-17.2.jar!/fxglassets/textures/particles/smoke.png
19:58:16.335 [FXGL Background Thread 1 ] DEBUG FXGLAssetLoaderServi - Loading from file system: jar:file:///Users/meo/.m2/repository/com/github/almasb/fxgl/17.2/fxgl-17.2.jar!/fxglassets/textures/particles/trace_horizontal.png
19:58:16.350 [FXGL Background Thread 1 ] DEBUG FXGL.DefaultMenu     - createMenuBodyGameMenu()
19:58:16.350 [FXGL Background Thread 1 ] DEBUG FXGL.DefaultMenu     - createOptionsMenu()
19:58:16.368 [FXGL Background Thread 1 ] DEBUG GameApplicationServi - Application scenes initialized
19:58:16.374 [FXGL Background Thread 1 ] DEBUG SystemBundleService  - Loading FXGL system data
19:58:16.376 [FXGL Background Thread 1 ] DEBUG FileSystemAccess     - Reading from: /Users/meo/Desktop/CSC1004/javaproject/CSC1004java/system/fxgl.bundle
19:58:16.381 [FXGL Background Thread 1 ] DEBUG SystemBundleService  - Bundle FXGL: {}
19:58:16.381 [FXGL Background Thread 1 ] DEBUG UpdaterService       - Checking for updates
19:58:16.382 [FXGL Background Thread 4 ] DEBUG FXGLApplication      - Loading fonts
19:58:16.382 [FXGL Background Thread 1 ] DEBUG FXGLApplication      - Loading default localization
19:58:16.382 [FXGL Background Thread 4 ] DEBUG FXGLAssetLoaderServi - Loading from file system: jar:file:///Users/meo/.m2/repository/com/github/almasb/fxgl/17.2/fxgl-17.2.jar!/fxglassets/ui/fonts/VarelaRound-Regular.ttf
19:58:16.383 [FXGL Background Thread 1 ] DEBUG FXGLAssetLoaderServi - Loading from file system: jar:file:///Users/meo/.m2/repository/com/github/almasb/fxgl/17.2/fxgl-17.2.jar!/fxglassets/languages/english.lang
19:58:16.388 [FXGL Background Thread 4 ] DEBUG FXGLAssetLoaderServi - Loading from file system: jar:file:///Users/meo/.m2/repository/com/github/almasb/fxgl/17.2/fxgl-17.2.jar!/fxglassets/ui/fonts/Abel-Regular.ttf
19:58:16.389 [FXGL Background Thread 1 ] INFO  FXGLApplication      - FXGL initialization took: 0.309 sec
19:58:16.389 [FXGL Background Thread 4 ] DEBUG FXGLAssetLoaderServi - Loading from file system: jar:file:///Users/meo/.m2/repository/com/github/almasb/fxgl/17.2/fxgl-17.2.jar!/fxglassets/ui/fonts/TerminalLandMono-Regular.otf
19:58:16.391 [FXGL Background Thread 4 ] DEBUG FXGLAssetLoaderServi - Loading from file system: jar:file:///Users/meo/.m2/repository/com/github/almasb/fxgl/17.2/fxgl-17.2.jar!/fxglassets/ui/fonts/Courier-Prime.ttf
19:58:16.393 [JavaFX Application Thread] DEBUG Input                - Registered new binding: Right - D
19:58:16.393 [JavaFX Application Thread] DEBUG Input                - Registered new binding: Left - A
19:58:16.393 [JavaFX Application Thread] DEBUG Input                - Registered new binding: Up - W
19:58:16.393 [JavaFX Application Thread] DEBUG Input                - Registered new binding: action0 - S
19:58:16.394 [JavaFX Application Thread] DEBUG FXGLAssetLoaderServi - Loading from file system: jar:file:///Users/meo/.m2/repository/com/github/almasb/fxgl/17.2/fxgl-17.2.jar!/fxglassets/textures/fxgl_icon.png
19:58:16.407 [JavaFX Application Thread] DEBUG FXGLAssetLoaderServi - Loading from file system: jar:file:///Users/meo/.m2/repository/com/github/almasb/fxgl/17.2/fxgl-17.2.jar!/fxglassets/textures/fxgl_default_cursor.png
19:58:16.408 [JavaFX Application Thread] DEBUG Input                - Registered new binding: Screenshot - CTRL+8
19:58:16.408 [JavaFX Application Thread] DEBUG Input                - Registered new binding: System info dump - CTRL+9
19:58:16.408 [JavaFX Application Thread] DEBUG Input                - Registered new binding: Restart - CTRL+R
19:58:16.408 [JavaFX Application Thread] DEBUG Input                - Registered new binding: Toggle Debug Camera - CTRL+7
19:58:16.409 [JavaFX Application Thread] DEBUG LoopRunner           - Starting loop
19:58:16.409 [JavaFX Application Thread] DEBUG LoopRunner           - Initializing JavaFX AnimationTimerLoop
19:58:16.410 [JavaFX Application Thread] DEBUG Input                - Clearing active input actions
19:58:16.413 [JavaFX Application Thread] DEBUG GameApplicationServi - Removing overlay from FXGLStartupScene and adding to FXGLMainMenuDummyScene
19:58:16.413 [JavaFX Application Thread] DEBUG PrimaryStageWindow   - FXGLStartupScene -> FXGLMainMenuDummyScene
19:58:16.413 [JavaFX Application Thread] DEBUG PrimaryStageWindow   - Push state: FXGLDefaultMenu
19:58:16.415 [JavaFX Application Thread] DEBUG Input                - Clearing active input actions
19:58:16.418 [JavaFX Application Thread] DEBUG GameApplicationServi - Removing overlay from FXGLMainMenuDummyScene and adding to FXGLDefaultMenu
19:58:16.418 [JavaFX Application Thread] DEBUG PrimaryStageWindow   - FXGLMainMenuDummyScene -> FXGLDefaultMenu
19:58:16.436 [JavaFX Application Thread] DEBUG FXGLApplication      - Registering font factories with UI factory
19:58:17.409 [JavaFX Application Thread] DEBUG Menu                 - fireNewGame()
19:58:17.410 [JavaFX Application Thread] DEBUG GameApplicationServi - Starting new game
19:58:17.410 [JavaFX Application Thread] DEBUG PrimaryStageWindow   - Pop state: FXGLDefaultMenu
19:58:17.410 [JavaFX Application Thread] DEBUG Input                - Clearing active input actions
19:58:17.411 [JavaFX Application Thread] DEBUG GameApplicationServi - Removing overlay from FXGLDefaultMenu and adding to FXGLMainMenuDummyScene
19:58:17.411 [JavaFX Application Thread] DEBUG PrimaryStageWindow   - FXGLMainMenuDummyScene <- FXGLDefaultMenu
19:58:17.411 [JavaFX Application Thread] DEBUG Input                - Clearing active input actions
19:58:17.414 [JavaFX Application Thread] DEBUG GameApplicationServi - Removing overlay from FXGLMainMenuDummyScene and adding to FXGLLoadingScene
19:58:17.414 [JavaFX Application Thread] DEBUG PrimaryStageWindow   - FXGLMainMenuDummyScene -> FXGLLoadingScene
19:58:17.414 [JavaFX Application Thread] DEBUG GameApplicationServi - Clearing previous game
19:58:17.414 [JavaFX Application Thread] DEBUG GameScene            - Clearing game scene
19:58:17.414 [JavaFX Application Thread] DEBUG GameWorld            - Clearing game world
19:58:17.414 [JavaFX Application Thread] DEBUG PhysicsWorld         - Clearing physics world
19:58:17.415 [FXGL Background Thread 2 ] DEBUG FXGLApplication      - Initializing game
19:58:17.423 [FXGL Background Thread 2 ] DEBUG FXGLAssetLoaderServi - Loading from file system: file:/Users/meo/Desktop/CSC1004/javaproject/CSC1004java/target/classes/assets/textures/player.png
19:58:17.444 [FXGL Background Thread 2 ] DEBUG FXGLAssetLoaderServi - Loading from file system: file:/Users/meo/Desktop/CSC1004/javaproject/CSC1004java/target/classes/assets/textures/brick.png
19:58:17.445 [FXGL Background Thread 2 ] INFO  FXGLApplication      - Game initialization took: 0.031 sec
19:58:17.446 [JavaFX Application Thread] DEBUG Input                - Clearing active input actions
19:58:17.448 [JavaFX Application Thread] DEBUG GameApplicationServi - Removing overlay from FXGLLoadingScene and adding to GameScene
19:58:17.448 [JavaFX Application Thread] DEBUG PrimaryStageWindow   - FXGLLoadingScene -> GameScene
19:58:19.387 [FXGL Background Thread 3 ] DEBUG Engine               - Logging environment variables
19:58:19.389 [FXGL Background Thread 3 ] DEBUG Engine               - achievements: []
19:58:19.389 [FXGL Background Thread 3 ] DEBUG Engine               - actualHeight: 600.0
19:58:19.390 [FXGL Background Thread 3 ] DEBUG Engine               - actualHeightProperty: ReadOnlyDoubleProperty [value: 600.0]
19:58:19.390 [FXGL Background Thread 3 ] DEBUG Engine               - actualWidth: 800.0
19:58:19.390 [FXGL Background Thread 3 ] DEBUG Engine               - actualWidthProperty: ReadOnlyDoubleProperty [value: 800.0]
19:58:19.390 [FXGL Background Thread 3 ] DEBUG Engine               - appIcon: fxgl_icon.png
19:58:19.390 [FXGL Background Thread 3 ] DEBUG Engine               - applicationMode: DEVELOPER
19:58:19.390 [FXGL Background Thread 3 ] DEBUG Engine               - cSSList: [fxgl_dark.css]
19:58:19.390 [FXGL Background Thread 3 ] DEBUG Engine               - collisionDetectionStrategy: BRUTE_FORCE
19:58:19.390 [FXGL Background Thread 3 ] DEBUG Engine               - configClass: Optional.empty
19:58:19.390 [FXGL Background Thread 3 ] DEBUG Engine               - credits: []
19:58:19.391 [FXGL Background Thread 3 ] DEBUG Engine               - defaultCursor: CursorInfo(imageName=fxgl_default_cursor.png, hotspotX=7.0, hotspotY=6.0)
19:58:19.391 [FXGL Background Thread 3 ] DEBUG Engine               - devBBoxColorProperty: ObjectProperty [value: 0xff0000ff]
19:58:19.391 [FXGL Background Thread 3 ] DEBUG Engine               - devEnableDebugCameraProperty: BooleanProperty [value: false]
19:58:19.391 [FXGL Background Thread 3 ] DEBUG Engine               - devSensorColorProperty: ObjectProperty [value: 0xffff00ff]
19:58:19.392 [FXGL Background Thread 3 ] DEBUG Engine               - devShowBBoxProperty: BooleanProperty [value: false]
19:58:19.392 [FXGL Background Thread 3 ] DEBUG Engine               - devShowPositionProperty: BooleanProperty [value: false]
19:58:19.392 [FXGL Background Thread 3 ] DEBUG Engine               - enabledMenuItems: []
19:58:19.392 [FXGL Background Thread 3 ] DEBUG Engine               - engineServices: [class com.almasb.fxgl.app.services.FXGLAssetLoaderService, class com.almasb.fxgl.app.FXGLApplication$GameApplicationService, class com.almasb.fxgl.app.services.FXGLDialogService, class com.almasb.fxgl.app.services.IOTaskExecutorService, class com.almasb.fxgl.io.FileSystemService, class com.almasb.fxgl.localization.LocalizationService, class com.almasb.fxgl.app.services.SystemBundleService, class com.almasb.fxgl.profile.SaveLoadService, class com.almasb.fxgl.ui.FXGLUIFactoryServiceProvider, class com.almasb.fxgl.ui.FXGLDialogFactoryServiceProvider, class com.almasb.fxgl.audio.AudioPlayer, class com.almasb.fxgl.notification.impl.NotificationServiceProvider, class com.almasb.fxgl.achievement.AchievementService, class com.almasb.fxgl.cutscene.CutsceneService, class com.almasb.fxgl.minigames.MiniGameService, class com.almasb.fxgl.net.NetService, class com.almasb.fxgl.app.services.UpdaterService, class com.almasb.fxgl.dev.DevService]
19:58:19.392 [FXGL Background Thread 3 ] DEBUG Engine               - fontGame: Abel-Regular.ttf
19:58:19.392 [FXGL Background Thread 3 ] DEBUG Engine               - fontMono: TerminalLandMono-Regular.otf
19:58:19.392 [FXGL Background Thread 3 ] DEBUG Engine               - fontText: Courier-Prime.ttf
19:58:19.392 [FXGL Background Thread 3 ] DEBUG Engine               - fontUI: VarelaRound-Regular.ttf
19:58:19.392 [FXGL Background Thread 3 ] DEBUG Engine               - fullScreen: BooleanProperty [value: false]
19:58:19.392 [FXGL Background Thread 3 ] DEBUG Engine               - gameDifficulty: MEDIUM
19:58:19.392 [FXGL Background Thread 3 ] DEBUG Engine               - gameDifficultyProperty: ObjectProperty [value: MEDIUM]
19:58:19.392 [FXGL Background Thread 3 ] DEBUG Engine               - globalMusicVolume: 0.5
19:58:19.393 [FXGL Background Thread 3 ] DEBUG Engine               - globalMusicVolumeProperty: DoubleProperty [value: 0.5]
19:58:19.393 [FXGL Background Thread 3 ] DEBUG Engine               - globalSoundVolume: 0.5
19:58:19.393 [FXGL Background Thread 3 ] DEBUG Engine               - globalSoundVolumeProperty: DoubleProperty [value: 0.5]
19:58:19.393 [FXGL Background Thread 3 ] DEBUG Engine               - height: 600
19:58:19.393 [FXGL Background Thread 3 ] DEBUG Engine               - is3D: false
19:58:19.393 [FXGL Background Thread 3 ] DEBUG Engine               - isAndroid: false
19:58:19.393 [FXGL Background Thread 3 ] DEBUG Engine               - isBrowser: false
19:58:19.393 [FXGL Background Thread 3 ] DEBUG Engine               - isClickFeedbackEnabled: false
19:58:19.393 [FXGL Background Thread 3 ] DEBUG Engine               - isCloseConfirmation: false
19:58:19.393 [FXGL Background Thread 3 ] DEBUG Engine               - isDesktop: true
19:58:19.393 [FXGL Background Thread 3 ] DEBUG Engine               - isDeveloperMenuEnabled: false
19:58:19.393 [FXGL Background Thread 3 ] DEBUG Engine               - isEmbedded: false
19:58:19.393 [FXGL Background Thread 3 ] DEBUG Engine               - isEntityPreloadEnabled: true
19:58:19.394 [FXGL Background Thread 3 ] DEBUG Engine               - isExperimentalTiledLargeMap: false
19:58:19.394 [FXGL Background Thread 3 ] DEBUG Engine               - isFileSystemWriteAllowed: true
19:58:19.394 [FXGL Background Thread 3 ] DEBUG Engine               - isFullScreenAllowed: false
19:58:19.394 [FXGL Background Thread 3 ] DEBUG Engine               - isFullScreenFromStart: false
19:58:19.394 [FXGL Background Thread 3 ] DEBUG Engine               - isGameMenuEnabled: true
19:58:19.394 [FXGL Background Thread 3 ] DEBUG Engine               - isIOS: false
19:58:19.394 [FXGL Background Thread 3 ] DEBUG Engine               - isIntroEnabled: false
19:58:19.394 [FXGL Background Thread 3 ] DEBUG Engine               - isLinux: false
19:58:19.394 [FXGL Background Thread 3 ] DEBUG Engine               - isMac: true
19:58:19.394 [FXGL Background Thread 3 ] DEBUG Engine               - isMainMenuEnabled: true
19:58:19.394 [FXGL Background Thread 3 ] DEBUG Engine               - isManualResizeEnabled: false
19:58:19.394 [FXGL Background Thread 3 ] DEBUG Engine               - isMobile: false
19:58:19.394 [FXGL Background Thread 3 ] DEBUG Engine               - isNative: false
19:58:19.394 [FXGL Background Thread 3 ] DEBUG Engine               - isPauseMusicWhenMinimized: true
19:58:19.394 [FXGL Background Thread 3 ] DEBUG Engine               - isPreserveResizeRatio: false
19:58:19.394 [FXGL Background Thread 3 ] DEBUG Engine               - isProfilingEnabled: false
19:58:19.395 [FXGL Background Thread 3 ] DEBUG Engine               - isScaleAffectedOnResize: true
19:58:19.395 [FXGL Background Thread 3 ] DEBUG Engine               - isSingleStep: false
19:58:19.395 [FXGL Background Thread 3 ] DEBUG Engine               - isUserProfileEnabled: false
19:58:19.395 [FXGL Background Thread 3 ] DEBUG Engine               - isWindows: false
19:58:19.395 [FXGL Background Thread 3 ] DEBUG Engine               - language: ObjectProperty [value: ENGLISH]
19:58:19.395 [FXGL Background Thread 3 ] DEBUG Engine               - menuKey: ESCAPE
19:58:19.395 [FXGL Background Thread 3 ] DEBUG Engine               - mouseSensitivity: 0.2
19:58:19.395 [FXGL Background Thread 3 ] DEBUG Engine               - notificationViewClass: class com.almasb.fxgl.notification.view.XboxNotificationView
19:58:19.395 [FXGL Background Thread 3 ] DEBUG Engine               - pixelsPerMeter: 50.0
19:58:19.395 [FXGL Background Thread 3 ] DEBUG Engine               - platform: MAC
19:58:19.395 [FXGL Background Thread 3 ] DEBUG Engine               - prefHeightProperty: ReadOnlyDoubleProperty [value: 600.0]
19:58:19.395 [FXGL Background Thread 3 ] DEBUG Engine               - prefWidthProperty: ReadOnlyDoubleProperty [value: 800.0]
19:58:19.395 [FXGL Background Thread 3 ] DEBUG Engine               - profileDir: profiles/
19:58:19.395 [FXGL Background Thread 3 ] DEBUG Engine               - profileName: StringProperty [value: DEFAULT]
19:58:19.395 [FXGL Background Thread 3 ] DEBUG Engine               - randomSeed: -1
19:58:19.396 [FXGL Background Thread 3 ] DEBUG Engine               - runtimeInfo: RuntimeInfo(platform=MAC, version=17.2, build=20.08.2022 16.50)
19:58:19.396 [FXGL Background Thread 3 ] DEBUG Engine               - saveFileExt: sav
19:58:19.396 [FXGL Background Thread 3 ] DEBUG Engine               - scaledHeightProp$fxgl: DoubleProperty [bound, value: 600.0]
19:58:19.396 [FXGL Background Thread 3 ] DEBUG Engine               - scaledWidthProp$fxgl: DoubleProperty [bound, value: 800.0]
19:58:19.396 [FXGL Background Thread 3 ] DEBUG Engine               - sceneFactory: com.almasb.fxgl.app.scene.SceneFactory@3fe5e56d
19:58:19.396 [FXGL Background Thread 3 ] DEBUG Engine               - secondsIn24h: 60
19:58:19.396 [FXGL Background Thread 3 ] DEBUG Engine               - soundMenuBack: menu/back.wav
19:58:19.396 [FXGL Background Thread 3 ] DEBUG Engine               - soundMenuPress: menu/press.wav
19:58:19.396 [FXGL Background Thread 3 ] DEBUG Engine               - soundMenuSelect: menu/select.wav
19:58:19.396 [FXGL Background Thread 3 ] DEBUG Engine               - soundNotification: core/notification.wav
19:58:19.396 [FXGL Background Thread 3 ] DEBUG Engine               - stageStyle: DECORATED
19:58:19.396 [FXGL Background Thread 3 ] DEBUG Engine               - supportedLanguages: [ENGLISH, FRENCH, GERMAN, HUNGARIAN, RUSSIAN]
19:58:19.396 [FXGL Background Thread 3 ] DEBUG Engine               - ticksPerSecond: -1
19:58:19.397 [FXGL Background Thread 3 ] DEBUG Engine               - title: McDonald's Hunter
19:58:19.397 [FXGL Background Thread 3 ] DEBUG Engine               - urlGithub: https://github.com/AlmasB/FXGL
19:58:19.397 [FXGL Background Thread 3 ] DEBUG Engine               - urlLeaderboard: http://fxgl-top.herokuapp.com/
19:58:19.397 [FXGL Background Thread 3 ] DEBUG Engine               - urlPOM: https://raw.githubusercontent.com/AlmasB/FXGL/release/README.md
19:58:19.397 [FXGL Background Thread 3 ] DEBUG Engine               - userAppClass: class testPackage.McHunterApp
19:58:19.397 [FXGL Background Thread 3 ] DEBUG Engine               - version: 0.1
19:58:19.397 [FXGL Background Thread 3 ] DEBUG Engine               - versionCheckDays: 7
19:58:19.397 [FXGL Background Thread 3 ] DEBUG Engine               - width: 800
19:58:19.397 [FXGL Background Thread 3 ] DEBUG Engine               - Logging services
19:58:19.397 [FXGL Background Thread 3 ] DEBUG Engine               - class com.almasb.fxgl.app.services.FXGLAssetLoaderService
19:58:19.397 [FXGL Background Thread 3 ] DEBUG Engine               - class com.almasb.fxgl.app.FXGLApplication$GameApplicationService
19:58:19.397 [FXGL Background Thread 3 ] DEBUG Engine               - class com.almasb.fxgl.app.services.FXGLDialogService
19:58:19.397 [FXGL Background Thread 3 ] DEBUG Engine               - class com.almasb.fxgl.app.services.IOTaskExecutorService
19:58:19.397 [FXGL Background Thread 3 ] DEBUG Engine               - class com.almasb.fxgl.io.FileSystemService
19:58:19.397 [FXGL Background Thread 3 ] DEBUG Engine               - class com.almasb.fxgl.localization.LocalizationService
19:58:19.397 [FXGL Background Thread 3 ] DEBUG Engine               - class com.almasb.fxgl.app.services.SystemBundleService
19:58:19.397 [FXGL Background Thread 3 ] DEBUG Engine               - class com.almasb.fxgl.profile.SaveLoadService
19:58:19.397 [FXGL Background Thread 3 ] DEBUG Engine               - class com.almasb.fxgl.ui.FXGLUIFactoryServiceProvider
19:58:19.397 [FXGL Background Thread 3 ] DEBUG Engine               - class com.almasb.fxgl.ui.FXGLDialogFactoryServiceProvider
19:58:19.397 [FXGL Background Thread 3 ] DEBUG Engine               - class com.almasb.fxgl.audio.AudioPlayer
19:58:19.397 [FXGL Background Thread 3 ] DEBUG Engine               - class com.almasb.fxgl.notification.impl.NotificationServiceProvider
19:58:19.397 [FXGL Background Thread 3 ] DEBUG Engine               - class com.almasb.fxgl.achievement.AchievementService
19:58:19.397 [FXGL Background Thread 3 ] DEBUG Engine               - class com.almasb.fxgl.cutscene.CutsceneService
19:58:19.397 [FXGL Background Thread 3 ] DEBUG Engine               - class com.almasb.fxgl.minigames.MiniGameService
19:58:19.397 [FXGL Background Thread 3 ] DEBUG Engine               - class com.almasb.fxgl.net.NetService
19:58:19.397 [FXGL Background Thread 3 ] DEBUG Engine               - class com.almasb.fxgl.app.services.UpdaterService
19:58:19.398 [FXGL Background Thread 3 ] DEBUG Engine               - class com.almasb.fxgl.dev.DevService
19:58:22.011 [JavaFX Application Thread] DEBUG FXGLApplication      - Exiting FXGL
19:58:22.012 [JavaFX Application Thread] DEBUG LoopRunner           - Stopping loop
19:58:22.012 [JavaFX Application Thread] DEBUG SystemBundleService  - Saving FXGL system data
19:58:22.016 [JavaFX Application Thread] DEBUG FileSystemAccess     - Writing to: /Users/meo/Desktop/CSC1004/javaproject/CSC1004java/system/fxgl.bundle
19:58:22.018 [JavaFX Application Thread] DEBUG Async                - Shutting down background threads
19:58:22.019 [JavaFX Application Thread] DEBUG PrimaryStageWindow   - Closing main window
19:58:22.026 [JavaFX Application Thread] DEBUG Logger               - Closing Logger
