15:29:30.849 [main                     ] DEBUG Logger               - Configured Logger
15:29:30.870 [main                     ] DEBUG GameApplication      - Logging settings
Title: McDonalism
Version: 0.1
Width: 720
Height: 540
Fullscreen: false
Intro: false
Profiling: false
Single step:false
App Mode: DEVELOPER
Menu Key: ESCAPE
Stage Style: DECORATED
Scene Factory: class testPackage.McDonalismApp$1

15:29:31.151 [JavaFX Application Thread] DEBUG FXGLApplication      - Initializing FXGL
15:29:31.154 [JavaFX Application Thread] INFO  Engine               - FXGL-17.3 (30.03.2023 11.49) on MAC (J:17.0.6 FX:20)
15:29:31.154 [JavaFX Application Thread] DEBUG Engine               - JRE Vendor Name: Amazon.com Inc.
15:29:31.154 [JavaFX Application Thread] DEBUG Engine               - Running on OS: Mac OS X version 13.2.1
15:29:31.155 [JavaFX Application Thread] DEBUG Engine               - Architecture: aarch64
15:29:31.155 [JavaFX Application Thread] INFO  Engine               - Source code and latest versions at: https://github.com/AlmasB/FXGL
15:29:31.155 [JavaFX Application Thread] INFO  Engine               -       Ask questions and discuss at: https://github.com/AlmasB/FXGL/discussions
15:29:31.155 [JavaFX Application Thread] INFO  Engine               -              Join the FXGL chat at: https://gitter.im/AlmasB/FXGL
15:29:31.204 [JavaFX Application Thread] DEBUG PrimaryStageWindow   - Creating a JavaFX scene
15:29:31.226 [JavaFX Application Thread] DEBUG PrimaryStageWindow   - Target settings size: 720.0 x 540.0
15:29:31.226 [JavaFX Application Thread] DEBUG PrimaryStageWindow   - Scaled scene size:    720.0 x 540.0
15:29:31.227 [JavaFX Application Thread] DEBUG PrimaryStageWindow   - Scaled ratio: (1.0, 1.0)
15:29:31.227 [JavaFX Application Thread] DEBUG PrimaryStageWindow   - Set initial scene to FXGLStartupScene
15:29:31.228 [JavaFX Application Thread] DEBUG PrimaryStageWindow   - Opening main window
15:29:31.277 [JavaFX Application Thread] DEBUG PrimaryStageWindow   - Window border size: (0.0, 28.0)
15:29:31.277 [JavaFX Application Thread] DEBUG PrimaryStageWindow   - Scaled size: 720.0 x 540.0
15:29:31.278 [JavaFX Application Thread] DEBUG PrimaryStageWindow   - Scaled ratio: (1.0, 1.0)
15:29:31.278 [JavaFX Application Thread] DEBUG PrimaryStageWindow   - Scene size: 720.0 x 540.0
15:29:31.278 [JavaFX Application Thread] DEBUG PrimaryStageWindow   - Stage size: 720.0 x 568.0
15:29:31.281 [FXGL Background Thread 1 ] DEBUG Engine               - Initializing environment variables
15:29:31.295 [FXGL Background Thread 1 ] DEBUG FXGLAssetLoaderServi - User app class for loading assets: class testPackage.McDonalismApp
15:29:31.295 [FXGL Background Thread 1 ] DEBUG GameApplicationServi - Applying CSS: fxgl_dark.css
15:29:31.296 [FXGL Background Thread 1 ] DEBUG FXGLAssetLoaderServi - Loading from file system: jar:file:///Users/meo/.m2/repository/com/github/almasb/fxgl/17.3/fxgl-17.3.jar!/fxglassets/ui/css/fxgl_dark.css
15:29:31.320 [FXGL Background Thread 1 ] DEBUG GameApplicationServi - Initializing application scenes
15:29:31.496 [FXGL Background Thread 1 ] DEBUG GameWorld            - Game world initialized
15:29:31.524 [FXGL Background Thread 1 ] DEBUG PhysicsWorld         - Physics world initialized: appHeight=540, physics.ppm=50.0
15:29:31.524 [FXGL Background Thread 1 ] DEBUG PhysicsWorld         - Using strategy: BRUTE_FORCE
15:29:31.526 [FXGL Background Thread 1 ] DEBUG GameScene            - Game scene initialized: 720x540
15:29:31.532 [FXGL Background Thread 1 ] WARN  FXGLAssetLoaderServi - Asset "/assets/textures/ui/icon.png" was not found!
15:29:31.532 [FXGL Background Thread 1 ] WARN  FXGLAssetLoaderServi - Failed to load IMAGE
15:29:31.542 [FXGL Background Thread 1 ] WARN  FXGLAssetLoaderServi - Asset "/assets/textures/ui/icon.png" was not found!
15:29:31.543 [FXGL Background Thread 1 ] WARN  FXGLAssetLoaderServi - Failed to load IMAGE
15:29:31.543 [FXGL Background Thread 1 ] WARN  FXGLAssetLoaderServi - Asset "/assets/textures/ui/icon.png" was not found!
15:29:31.543 [FXGL Background Thread 1 ] WARN  FXGLAssetLoaderServi - Failed to load IMAGE
15:29:31.549 [FXGL Background Thread 1 ] WARN  FXGL.DefaultMenu     - FXGLDefaultMenu is not designed for resolutions < 800x600
15:29:31.549 [FXGL Background Thread 1 ] DEBUG FXGL.DefaultMenu     - createMenuBodyGameMenu()
15:29:31.554 [FXGL Background Thread 1 ] DEBUG FXGL.DefaultMenu     - createOptionsMenu()
15:29:31.558 [FXGL Background Thread 1 ] DEBUG FXGLAssetLoaderServi - Loading from file system: jar:file:///Users/meo/.m2/repository/com/github/almasb/fxgl/17.3/fxgl-17.3.jar!/fxglassets/textures/particles/smoke.png
15:29:31.611 [FXGL Background Thread 1 ] DEBUG FXGLAssetLoaderServi - Loading from file system: jar:file:///Users/meo/.m2/repository/com/github/almasb/fxgl/17.3/fxgl-17.3.jar!/fxglassets/textures/particles/trace_horizontal.png
15:29:31.625 [FXGL Background Thread 1 ] DEBUG GameApplicationServi - Application scenes initialized
15:29:31.630 [FXGL Background Thread 1 ] DEBUG SystemBundleService  - Loading FXGL system data
15:29:31.632 [FXGL Background Thread 1 ] DEBUG FileSystemAccess     - Reading from: /Users/meo/Desktop/CSC1004/javaproject/CSC1004java/system/fxgl.bundle
15:29:31.636 [FXGL Background Thread 1 ] DEBUG SystemBundleService  - Bundle FXGL: {}
15:29:31.636 [FXGL Background Thread 1 ] DEBUG UpdaterService       - Checking for updates
15:29:31.638 [FXGL Background Thread 4 ] DEBUG FXGLApplication      - Loading fonts
15:29:31.639 [FXGL Background Thread 4 ] DEBUG FXGLAssetLoaderServi - Loading from file system: jar:file:///Users/meo/.m2/repository/com/github/almasb/fxgl/17.3/fxgl-17.3.jar!/fxglassets/ui/fonts/VarelaRound-Regular.ttf
15:29:31.639 [FXGL Background Thread 1 ] DEBUG FXGLApplication      - Loading default localization
15:29:31.639 [FXGL Background Thread 1 ] DEBUG FXGLAssetLoaderServi - Loading from file system: jar:file:///Users/meo/.m2/repository/com/github/almasb/fxgl/17.3/fxgl-17.3.jar!/fxglassets/languages/english.lang
15:29:31.644 [FXGL Background Thread 4 ] DEBUG FXGLAssetLoaderServi - Loading from file system: jar:file:///Users/meo/.m2/repository/com/github/almasb/fxgl/17.3/fxgl-17.3.jar!/fxglassets/ui/fonts/Abel-Regular.ttf
15:29:31.646 [FXGL Background Thread 4 ] DEBUG FXGLAssetLoaderServi - Loading from file system: jar:file:///Users/meo/.m2/repository/com/github/almasb/fxgl/17.3/fxgl-17.3.jar!/fxglassets/ui/fonts/TerminalLandMono-Regular.otf
15:29:31.649 [FXGL Background Thread 4 ] DEBUG FXGLAssetLoaderServi - Loading from file system: jar:file:///Users/meo/.m2/repository/com/github/almasb/fxgl/17.3/fxgl-17.3.jar!/fxglassets/ui/fonts/Courier-Prime.ttf
15:29:31.649 [FXGL Background Thread 1 ] INFO  FXGLApplication      - FXGL initialization took: 0.368 sec
15:29:31.654 [JavaFX Application Thread] DEBUG Input                - Registered new binding: Up - W
15:29:31.654 [JavaFX Application Thread] DEBUG Input                - Registered new binding: Down - S
15:29:31.654 [JavaFX Application Thread] DEBUG Input                - Registered new binding: Left - A
15:29:31.654 [JavaFX Application Thread] DEBUG Input                - Registered new binding: Right - D
15:29:31.655 [JavaFX Application Thread] DEBUG Input                - Registered new binding: Shoot - LMB
15:29:31.655 [JavaFX Application Thread] DEBUG FXGLAssetLoaderServi - Loading from file system: file:/Users/meo/Desktop/CSC1004/javaproject/CSC1004java/target/classes/assets/music/Crypteque1.mp3
15:29:31.756 [JavaFX Application Thread] DEBUG FXGLAssetLoaderServi - Loading from file system: file:/Users/meo/Desktop/CSC1004/javaproject/CSC1004java/target/classes/assets/sounds/gunfire.wav
15:29:31.765 [JavaFX Application Thread] DEBUG FXGLAssetLoaderServi - Loading from file system: jar:file:///Users/meo/.m2/repository/com/github/almasb/fxgl/17.3/fxgl-17.3.jar!/fxglassets/textures/fxgl_icon.png
15:29:31.782 [JavaFX Application Thread] DEBUG FXGLAssetLoaderServi - Loading from file system: jar:file:///Users/meo/.m2/repository/com/github/almasb/fxgl/17.3/fxgl-17.3.jar!/fxglassets/textures/fxgl_default_cursor.png
15:29:31.784 [JavaFX Application Thread] DEBUG Input                - Registered new binding: Screenshot - CTRL+8
15:29:31.784 [JavaFX Application Thread] DEBUG Input                - Registered new binding: System info dump - CTRL+9
15:29:31.784 [JavaFX Application Thread] DEBUG Input                - Registered new binding: Restart - CTRL+R
15:29:31.784 [JavaFX Application Thread] DEBUG Input                - Registered new binding: Toggle Debug Camera - CTRL+7
15:29:31.787 [JavaFX Application Thread] DEBUG LoopRunner           - Starting loop
15:29:31.787 [JavaFX Application Thread] DEBUG LoopRunner           - Initializing JavaFX AnimationTimerLoop
15:29:31.788 [JavaFX Application Thread] DEBUG Input                - Clearing active input actions
15:29:31.791 [JavaFX Application Thread] DEBUG GameApplicationServi - Removing overlay from FXGLStartupScene and adding to FXGLMainMenuDummyScene
15:29:31.792 [JavaFX Application Thread] DEBUG PrimaryStageWindow   - FXGLStartupScene -> FXGLMainMenuDummyScene
15:29:31.792 [JavaFX Application Thread] DEBUG PrimaryStageWindow   - Push state: MainMenu
15:29:31.792 [JavaFX Application Thread] DEBUG Input                - Clearing active input actions
15:29:31.794 [JavaFX Application Thread] DEBUG GameApplicationServi - Removing overlay from FXGLMainMenuDummyScene and adding to MainMenu
15:29:31.794 [JavaFX Application Thread] DEBUG PrimaryStageWindow   - FXGLMainMenuDummyScene -> MainMenu
15:29:31.814 [JavaFX Application Thread] DEBUG FXGLApplication      - Registering font factories with UI factory
15:29:31.820 [JavaFX Application Thread] WARN  FXGLAssetLoaderServi - Asset "/assets/sounds/MenuSelections.wav" was not found!
15:29:31.820 [JavaFX Application Thread] WARN  FXGLAssetLoaderServi - Failed to load SOUND
15:29:32.979 [JavaFX Application Thread] WARN  FXGLAssetLoaderServi - Asset "/assets/sounds/MenuSelections.wav" was not found!
15:29:32.980 [JavaFX Application Thread] WARN  FXGLAssetLoaderServi - Failed to load SOUND
15:29:33.223 [JavaFX Application Thread] WARN  FXGLAssetLoaderServi - Asset "/assets/sounds/Confirm.wav" was not found!
15:29:33.223 [JavaFX Application Thread] WARN  FXGLAssetLoaderServi - Failed to load SOUND
15:29:33.223 [JavaFX Application Thread] DEBUG Menu                 - fireNewGame()
15:29:33.223 [JavaFX Application Thread] DEBUG GameApplicationServi - Starting new game
15:29:33.223 [JavaFX Application Thread] DEBUG PrimaryStageWindow   - Pop state: MainMenu
15:29:33.224 [JavaFX Application Thread] DEBUG Input                - Clearing active input actions
15:29:33.224 [JavaFX Application Thread] DEBUG GameApplicationServi - Removing overlay from MainMenu and adding to FXGLMainMenuDummyScene
15:29:33.225 [JavaFX Application Thread] DEBUG PrimaryStageWindow   - FXGLMainMenuDummyScene <- MainMenu
15:29:33.225 [JavaFX Application Thread] DEBUG Input                - Clearing active input actions
15:29:33.229 [JavaFX Application Thread] DEBUG GameApplicationServi - Removing overlay from FXGLMainMenuDummyScene and adding to FXGLLoadingScene
15:29:33.229 [JavaFX Application Thread] DEBUG PrimaryStageWindow   - FXGLMainMenuDummyScene -> FXGLLoadingScene
15:29:33.230 [JavaFX Application Thread] DEBUG GameApplicationServi - Clearing previous game
15:29:33.230 [JavaFX Application Thread] DEBUG GameScene            - Clearing game scene
15:29:33.230 [JavaFX Application Thread] DEBUG GameWorld            - Clearing game world
15:29:33.230 [JavaFX Application Thread] DEBUG PhysicsWorld         - Clearing physics world
15:29:33.231 [FXGL Background Thread 2 ] DEBUG FXGLApplication      - Initializing game
15:29:33.232 [FXGL Background Thread 2 ] DEBUG AudioPlayer          - Playing music com.almasb.fxgl.audio.Music@256b6767
15:29:33.258 [FXGL Background Thread 2 ] WARN  TMXLevelLoader       - TiledMap generated from 1.9.2. Supported version: 1.9.0. Some features may not be parsed fully.
15:29:33.265 [FXGL Background Thread 2 ] DEBUG TMXLevelLoader       - Parsed TiledMap: file:/Users/meo/Desktop/CSC1004/javaproject/CSC1004java/target/classes/assets/levels/TestLevel.tmx
15:29:33.265 [FXGL Background Thread 2 ] DEBUG TMXLevelLoader       - Creating tile layer entities
15:29:33.266 [FXGL Background Thread 2 ] DEBUG TilesetLoader        - Loading view for layer 图块层 1
15:29:33.267 [FXGL Background Thread 2 ] DEBUG TilesetLoader        - Created buffer with size 1920.0x1440.0
15:29:33.303 [FXGL Background Thread 2 ] DEBUG TilesetLoader        - Loading view for layer 图块层 2
15:29:33.311 [FXGL Background Thread 2 ] DEBUG TilesetLoader        - Created buffer with size 1920.0x1440.0
15:29:33.321 [FXGL Background Thread 2 ] DEBUG TMXLevelLoader       - Creating object layer entities
15:29:33.331 [FXGL Background Thread 2 ] DEBUG GameWorld            - Clearing removable entities
15:29:33.331 [FXGL Background Thread 2 ] DEBUG GameWorld            - Setting level: com.almasb.fxgl.entity.level.Level@725f8ba5
15:29:33.346 [FXGL Background Thread 2 ] DEBUG FXGLAssetLoaderServi - Loading from file system: file:/Users/meo/Desktop/CSC1004/javaproject/CSC1004java/target/classes/assets/textures/TestSheet.png
15:29:33.355 [FXGL Background Thread 2 ] DEBUG FXGLAssetLoaderServi - Loading from file system: file:/Users/meo/Desktop/CSC1004/javaproject/CSC1004java/target/classes/assets/textures/WeaponsSheet2.png
15:29:33.379 [JavaFX Application Thread] DEBUG LoopRunner           - Stopping loop
15:29:33.380 [JavaFX Application Thread] FATAL FXGLApplication      - Uncaught Exception:
java.lang.RuntimeException: Initialization failed
	at com.almasb.fxgl.all@17.3/com.almasb.fxgl.app.FXGLApplication$InitAppTask.failed(FXGLApplication.kt:343)
	at javafx.graphics@20/javafx.concurrent.Task.setState(Task.java:710)
	at javafx.graphics@20/javafx.concurrent.Task$TaskCallable.lambda$call$2(Task.java:1456)
	at javafx.graphics@20/com.sun.javafx.application.PlatformImpl.lambda$runLater$10(PlatformImpl.java:456)
	at java.base/java.security.AccessController.doPrivileged(AccessController.java:399)
	at javafx.graphics@20/com.sun.javafx.application.PlatformImpl.lambda$runLater$11(PlatformImpl.java:455)
	at javafx.graphics@20/com.sun.glass.ui.InvokeLaterDispatcher$Future.run(InvokeLaterDispatcher.java:95)
Caused by: java.lang.NullPointerException
	at com.almasb.fxgl.core@17.3/com.almasb.fxgl.texture.AnimationChannel.getFrameData(AnimationChannel.kt:97)
	at com.almasb.fxgl.core@17.3/com.almasb.fxgl.texture.AnimatedTexture.updateImage(AnimatedTexture.kt:169)
	at com.almasb.fxgl.core@17.3/com.almasb.fxgl.texture.AnimatedTexture.<init>(AnimatedTexture.kt:46)
	at CSC1004java/testPackage.components.WeaponComponent.<init>(WeaponComponent.java:51)
	at CSC1004java/testPackage.McDonalismFactory.newWeapon(McDonalismFactory.java:75)
	at java.base/jdk.internal.reflect.NativeMethodAccessorImpl.invoke0(Native Method)
	at java.base/jdk.internal.reflect.NativeMethodAccessorImpl.invoke(NativeMethodAccessorImpl.java:77)
	at java.base/jdk.internal.reflect.DelegatingMethodAccessorImpl.invoke(DelegatingMethodAccessorImpl.java:43)
	at java.base/java.lang.reflect.Method.invoke(Method.java:568)
	at com.almasb.fxgl.core@17.3/com.almasb.fxgl.core.reflect.ReflectionUtils.call(ReflectionUtils.java:104)
	at com.almasb.fxgl.core@17.3/com.almasb.fxgl.core.reflect.ReflectionUtils.lambda$mapToFunction$3(ReflectionUtils.java:111)
	at com.almasb.fxgl.entity@17.3/com.almasb.fxgl.entity.GameWorld$create$2.invoke(GameWorld.kt:430)
	at com.almasb.fxgl.entity@17.3/com.almasb.fxgl.entity.GameWorld$create$2.invoke(GameWorld.kt:430)
	at com.almasb.fxgl.core@17.3/com.almasb.fxgl.core.util.DSLKt.tryCatchRoot(DSL.kt:34)
	at com.almasb.fxgl.entity@17.3/com.almasb.fxgl.entity.GameWorld.create(GameWorld.kt:430)
	at com.almasb.fxgl.entity@17.3/com.almasb.fxgl.entity.GameWorld.spawn(GameWorld.kt:396)
	at com.almasb.fxgl.entity@17.3/com.almasb.fxgl.entity.GameWorld.spawn(GameWorld.kt:384)
	at com.almasb.fxgl.entity@17.3/com.almasb.fxgl.entity.GameWorld.spawn(GameWorld.kt:359)
	at com.almasb.fxgl.all@17.3/com.almasb.fxgl.dsl.FXGL$Companion.spawn(FXGL.kt:555)
	at com.almasb.fxgl.all@17.3/com.almasb.fxgl.dsl.FXGL.spawn(FXGL.kt)
	at CSC1004java/testPackage.McDonalismApp.initGame(McDonalismApp.java:96)
	at com.almasb.fxgl.all@17.3/com.almasb.fxgl.app.FXGLApplication$InitAppTask.initGame(FXGLApplication.kt:339)
	at com.almasb.fxgl.all@17.3/com.almasb.fxgl.app.FXGLApplication$InitAppTask.call(FXGLApplication.kt:319)
	at com.almasb.fxgl.all@17.3/com.almasb.fxgl.app.FXGLApplication$InitAppTask.call(FXGLApplication.kt:311)
	at javafx.graphics@20/javafx.concurrent.Task$TaskCallable.call(Task.java:1426)
	at java.base/java.util.concurrent.FutureTask.run(FutureTask.java:264)
	at java.base/java.util.concurrent.Executors$RunnableAdapter.call(Executors.java:539)
	at java.base/java.util.concurrent.FutureTask.run(FutureTask.java:264)
	at java.base/java.util.concurrent.ThreadPoolExecutor.runWorker(ThreadPoolExecutor.java:1136)
	at java.base/java.util.concurrent.ThreadPoolExecutor$Worker.run(ThreadPoolExecutor.java:635)
	at java.base/java.lang.Thread.run(Thread.java:833)

15:29:33.380 [JavaFX Application Thread] FATAL FXGLApplication      - Application will now exit
15:29:33.388 [JavaFX Application Thread] DEBUG PrimaryStageWindow   - Push state: ErrorSubScene
15:29:33.389 [JavaFX Application Thread] DEBUG Input                - Clearing active input actions
15:29:33.390 [JavaFX Application Thread] DEBUG GameApplicationServi - Removing overlay from FXGLLoadingScene and adding to ErrorSubScene
15:29:33.390 [JavaFX Application Thread] DEBUG PrimaryStageWindow   - FXGLLoadingScene -> ErrorSubScene
15:29:34.640 [FXGL Background Thread 3 ] DEBUG Engine               - Logging environment variables
15:29:34.641 [FXGL Background Thread 3 ] DEBUG Engine               - achievements: []
15:29:34.641 [FXGL Background Thread 3 ] DEBUG Engine               - actualHeight: 540.0
15:29:34.641 [FXGL Background Thread 3 ] DEBUG Engine               - actualHeightProperty: ReadOnlyDoubleProperty [value: 540.0]
15:29:34.641 [FXGL Background Thread 3 ] DEBUG Engine               - actualWidth: 720.0
15:29:34.641 [FXGL Background Thread 3 ] DEBUG Engine               - actualWidthProperty: ReadOnlyDoubleProperty [value: 720.0]
15:29:34.641 [FXGL Background Thread 3 ] DEBUG Engine               - appIcon: fxgl_icon.png
15:29:34.641 [FXGL Background Thread 3 ] DEBUG Engine               - applicationMode: DEVELOPER
15:29:34.641 [FXGL Background Thread 3 ] DEBUG Engine               - cSSList: [fxgl_dark.css]
15:29:34.641 [FXGL Background Thread 3 ] DEBUG Engine               - collisionDetectionStrategy: BRUTE_FORCE
15:29:34.641 [FXGL Background Thread 3 ] DEBUG Engine               - configClass: Optional.empty
15:29:34.641 [FXGL Background Thread 3 ] DEBUG Engine               - credits: []
15:29:34.642 [FXGL Background Thread 3 ] DEBUG Engine               - defaultCursor: CursorInfo(imageName=fxgl_default_cursor.png, hotspotX=7.0, hotspotY=6.0)
15:29:34.642 [FXGL Background Thread 3 ] DEBUG Engine               - devBBoxColorProperty: ObjectProperty [value: 0xff0000ff]
15:29:34.642 [FXGL Background Thread 3 ] DEBUG Engine               - devEnableDebugCameraProperty: BooleanProperty [value: false]
15:29:34.642 [FXGL Background Thread 3 ] DEBUG Engine               - devSensorColorProperty: ObjectProperty [value: 0xffff00ff]
15:29:34.642 [FXGL Background Thread 3 ] DEBUG Engine               - devShowBBoxProperty: BooleanProperty [value: false]
15:29:34.642 [FXGL Background Thread 3 ] DEBUG Engine               - devShowPositionProperty: BooleanProperty [value: false]
15:29:34.642 [FXGL Background Thread 3 ] DEBUG Engine               - enabledMenuItems: []
15:29:34.642 [FXGL Background Thread 3 ] DEBUG Engine               - engineServices: [class com.almasb.fxgl.app.services.FXGLAssetLoaderService, class com.almasb.fxgl.app.FXGLApplication$GameApplicationService, class com.almasb.fxgl.app.services.FXGLDialogService, class com.almasb.fxgl.app.services.IOTaskExecutorService, class com.almasb.fxgl.io.FileSystemService, class com.almasb.fxgl.localization.LocalizationService, class com.almasb.fxgl.app.services.SystemBundleService, class com.almasb.fxgl.profile.SaveLoadService, class com.almasb.fxgl.ui.FXGLUIFactoryServiceProvider, class com.almasb.fxgl.ui.FXGLDialogFactoryServiceProvider, class com.almasb.fxgl.audio.AudioPlayer, class com.almasb.fxgl.notification.impl.NotificationServiceProvider, class com.almasb.fxgl.achievement.AchievementService, class com.almasb.fxgl.cutscene.CutsceneService, class com.almasb.fxgl.minigames.MiniGameService, class com.almasb.fxgl.net.NetService, class com.almasb.fxgl.app.services.UpdaterService, class com.almasb.fxgl.dev.DevService]
15:29:34.642 [FXGL Background Thread 3 ] DEBUG Engine               - fontGame: Abel-Regular.ttf
15:29:34.642 [FXGL Background Thread 3 ] DEBUG Engine               - fontMono: TerminalLandMono-Regular.otf
15:29:34.642 [FXGL Background Thread 3 ] DEBUG Engine               - fontSizeScaleUI: 1.0
15:29:34.643 [FXGL Background Thread 3 ] DEBUG Engine               - fontText: Courier-Prime.ttf
15:29:34.643 [FXGL Background Thread 3 ] DEBUG Engine               - fontUI: VarelaRound-Regular.ttf
15:29:34.643 [FXGL Background Thread 3 ] DEBUG Engine               - fullScreen: BooleanProperty [value: false]
15:29:34.643 [FXGL Background Thread 3 ] DEBUG Engine               - gameDifficulty: MEDIUM
15:29:34.643 [FXGL Background Thread 3 ] DEBUG Engine               - gameDifficultyProperty: ObjectProperty [value: MEDIUM]
15:29:34.643 [FXGL Background Thread 3 ] DEBUG Engine               - globalMusicVolume: 0.5
15:29:34.643 [FXGL Background Thread 3 ] DEBUG Engine               - globalMusicVolumeProperty: DoubleProperty [value: 0.5]
15:29:34.643 [FXGL Background Thread 3 ] DEBUG Engine               - globalSoundVolume: 0.5
15:29:34.645 [FXGL Background Thread 3 ] DEBUG Engine               - globalSoundVolumeProperty: DoubleProperty [value: 0.5]
15:29:34.645 [FXGL Background Thread 3 ] DEBUG Engine               - height: 540
15:29:34.645 [FXGL Background Thread 3 ] DEBUG Engine               - is3D: false
15:29:34.645 [FXGL Background Thread 3 ] DEBUG Engine               - isAndroid: false
15:29:34.645 [FXGL Background Thread 3 ] DEBUG Engine               - isBrowser: false
15:29:34.645 [FXGL Background Thread 3 ] DEBUG Engine               - isClickFeedbackEnabled: false
15:29:34.645 [FXGL Background Thread 3 ] DEBUG Engine               - isCloseConfirmation: false
15:29:34.645 [FXGL Background Thread 3 ] DEBUG Engine               - isDesktop: true
15:29:34.645 [FXGL Background Thread 3 ] DEBUG Engine               - isDeveloperMenuEnabled: false
15:29:34.645 [FXGL Background Thread 3 ] DEBUG Engine               - isEmbedded: false
15:29:34.645 [FXGL Background Thread 3 ] DEBUG Engine               - isEntityPreloadEnabled: true
15:29:34.646 [FXGL Background Thread 3 ] DEBUG Engine               - isExperimentalTiledLargeMap: false
15:29:34.646 [FXGL Background Thread 3 ] DEBUG Engine               - isFileSystemWriteAllowed: true
15:29:34.646 [FXGL Background Thread 3 ] DEBUG Engine               - isFullScreenAllowed: false
15:29:34.646 [FXGL Background Thread 3 ] DEBUG Engine               - isFullScreenFromStart: false
15:29:34.646 [FXGL Background Thread 3 ] DEBUG Engine               - isGameMenuEnabled: true
15:29:34.646 [FXGL Background Thread 3 ] DEBUG Engine               - isIOS: false
15:29:34.646 [FXGL Background Thread 3 ] DEBUG Engine               - isIntroEnabled: false
15:29:34.646 [FXGL Background Thread 3 ] DEBUG Engine               - isLinux: false
15:29:34.646 [FXGL Background Thread 3 ] DEBUG Engine               - isMac: true
15:29:34.646 [FXGL Background Thread 3 ] DEBUG Engine               - isMainMenuEnabled: true
15:29:34.646 [FXGL Background Thread 3 ] DEBUG Engine               - isManualResizeEnabled: true
15:29:34.646 [FXGL Background Thread 3 ] DEBUG Engine               - isMobile: false
15:29:34.646 [FXGL Background Thread 3 ] DEBUG Engine               - isNative: false
15:29:34.646 [FXGL Background Thread 3 ] DEBUG Engine               - isPauseMusicWhenMinimized: true
15:29:34.646 [FXGL Background Thread 3 ] DEBUG Engine               - isPreserveResizeRatio: true
15:29:34.646 [FXGL Background Thread 3 ] DEBUG Engine               - isProfilingEnabled: false
15:29:34.646 [FXGL Background Thread 3 ] DEBUG Engine               - isScaleAffectedOnResize: true
15:29:34.646 [FXGL Background Thread 3 ] DEBUG Engine               - isSingleStep: false
15:29:34.646 [FXGL Background Thread 3 ] DEBUG Engine               - isUserProfileEnabled: false
15:29:34.646 [FXGL Background Thread 3 ] DEBUG Engine               - isWindows: false
15:29:34.647 [FXGL Background Thread 3 ] DEBUG Engine               - language: ObjectProperty [value: ENGLISH]
15:29:34.647 [FXGL Background Thread 3 ] DEBUG Engine               - menuKey: ESCAPE
15:29:34.647 [FXGL Background Thread 3 ] DEBUG Engine               - mouseSensitivity: 0.2
15:29:34.647 [FXGL Background Thread 3 ] DEBUG Engine               - notificationViewClass: class com.almasb.fxgl.notification.view.XboxNotificationView
15:29:34.647 [FXGL Background Thread 3 ] DEBUG Engine               - pixelsPerMeter: 50.0
15:29:34.647 [FXGL Background Thread 3 ] DEBUG Engine               - platform: MAC
15:29:34.647 [FXGL Background Thread 3 ] DEBUG Engine               - prefHeightProperty: ReadOnlyDoubleProperty [value: 540.0]
15:29:34.647 [FXGL Background Thread 3 ] DEBUG Engine               - prefWidthProperty: ReadOnlyDoubleProperty [value: 720.0]
15:29:34.647 [FXGL Background Thread 3 ] DEBUG Engine               - profileDir: profiles/
15:29:34.647 [FXGL Background Thread 3 ] DEBUG Engine               - profileName: StringProperty [value: DEFAULT]
15:29:34.647 [FXGL Background Thread 3 ] DEBUG Engine               - randomSeed: -1
15:29:34.647 [FXGL Background Thread 3 ] DEBUG Engine               - runtimeInfo: RuntimeInfo(platform=MAC, version=17.3, build=30.03.2023 11.49)
15:29:34.647 [FXGL Background Thread 3 ] DEBUG Engine               - saveFileExt: sav
15:29:34.647 [FXGL Background Thread 3 ] DEBUG Engine               - scaledHeightProp$fxgl: DoubleProperty [bound, value: 540.0]
15:29:34.647 [FXGL Background Thread 3 ] DEBUG Engine               - scaledWidthProp$fxgl: DoubleProperty [bound, value: 720.0]
15:29:34.647 [FXGL Background Thread 3 ] DEBUG Engine               - sceneFactory: testPackage.McDonalismApp$1@2a71ae89
15:29:34.648 [FXGL Background Thread 3 ] DEBUG Engine               - secondsIn24h: 60
15:29:34.648 [FXGL Background Thread 3 ] DEBUG Engine               - soundMenuBack: menu/back.wav
15:29:34.648 [FXGL Background Thread 3 ] DEBUG Engine               - soundMenuPress: menu/press.wav
15:29:34.648 [FXGL Background Thread 3 ] DEBUG Engine               - soundMenuSelect: menu/select.wav
15:29:34.648 [FXGL Background Thread 3 ] DEBUG Engine               - soundNotification: core/notification.wav
15:29:34.648 [FXGL Background Thread 3 ] DEBUG Engine               - stageStyle: DECORATED
15:29:34.648 [FXGL Background Thread 3 ] DEBUG Engine               - supportedLanguages: [ENGLISH, FRENCH, GERMAN, HUNGARIAN, RUSSIAN]
15:29:34.648 [FXGL Background Thread 3 ] DEBUG Engine               - ticksPerSecond: -1
15:29:34.648 [FXGL Background Thread 3 ] DEBUG Engine               - title: McDonalism
15:29:34.648 [FXGL Background Thread 3 ] DEBUG Engine               - urlGithub: https://github.com/AlmasB/FXGL
15:29:34.648 [FXGL Background Thread 3 ] DEBUG Engine               - urlLeaderboard: http://fxgl-top.herokuapp.com/
15:29:34.648 [FXGL Background Thread 3 ] DEBUG Engine               - urlPOM: https://raw.githubusercontent.com/AlmasB/FXGL/release/README.md
15:29:34.648 [FXGL Background Thread 3 ] DEBUG Engine               - userAppClass: class testPackage.McDonalismApp
15:29:34.648 [FXGL Background Thread 3 ] DEBUG Engine               - version: 0.1
15:29:34.648 [FXGL Background Thread 3 ] DEBUG Engine               - versionCheckDays: 7
15:29:34.648 [FXGL Background Thread 3 ] DEBUG Engine               - width: 720
15:29:34.648 [FXGL Background Thread 3 ] DEBUG Engine               - Logging services
15:29:34.648 [FXGL Background Thread 3 ] DEBUG Engine               - class com.almasb.fxgl.app.services.FXGLAssetLoaderService
15:29:34.648 [FXGL Background Thread 3 ] DEBUG Engine               - class com.almasb.fxgl.app.FXGLApplication$GameApplicationService
15:29:34.648 [FXGL Background Thread 3 ] DEBUG Engine               - class com.almasb.fxgl.app.services.FXGLDialogService
15:29:34.648 [FXGL Background Thread 3 ] DEBUG Engine               - class com.almasb.fxgl.app.services.IOTaskExecutorService
15:29:34.648 [FXGL Background Thread 3 ] DEBUG Engine               - class com.almasb.fxgl.io.FileSystemService
15:29:34.648 [FXGL Background Thread 3 ] DEBUG Engine               - class com.almasb.fxgl.localization.LocalizationService
15:29:34.648 [FXGL Background Thread 3 ] DEBUG Engine               - class com.almasb.fxgl.app.services.SystemBundleService
15:29:34.648 [FXGL Background Thread 3 ] DEBUG Engine               - class com.almasb.fxgl.profile.SaveLoadService
15:29:34.648 [FXGL Background Thread 3 ] DEBUG Engine               - class com.almasb.fxgl.ui.FXGLUIFactoryServiceProvider
15:29:34.648 [FXGL Background Thread 3 ] DEBUG Engine               - class com.almasb.fxgl.ui.FXGLDialogFactoryServiceProvider
15:29:34.648 [FXGL Background Thread 3 ] DEBUG Engine               - class com.almasb.fxgl.audio.AudioPlayer
15:29:34.648 [FXGL Background Thread 3 ] DEBUG Engine               - class com.almasb.fxgl.notification.impl.NotificationServiceProvider
15:29:34.648 [FXGL Background Thread 3 ] DEBUG Engine               - class com.almasb.fxgl.achievement.AchievementService
15:29:34.648 [FXGL Background Thread 3 ] DEBUG Engine               - class com.almasb.fxgl.cutscene.CutsceneService
15:29:34.648 [FXGL Background Thread 3 ] DEBUG Engine               - class com.almasb.fxgl.minigames.MiniGameService
15:29:34.648 [FXGL Background Thread 3 ] DEBUG Engine               - class com.almasb.fxgl.net.NetService
15:29:34.648 [FXGL Background Thread 3 ] DEBUG Engine               - class com.almasb.fxgl.app.services.UpdaterService
15:29:34.648 [FXGL Background Thread 3 ] DEBUG Engine               - class com.almasb.fxgl.dev.DevService
15:29:48.430 [JavaFX Application Thread] DEBUG FXGLApplication      - Exiting FXGL
15:29:48.430 [JavaFX Application Thread] DEBUG Async                - Shutting down background threads
15:29:48.430 [JavaFX Application Thread] DEBUG PrimaryStageWindow   - Closing main window
15:29:48.435 [JavaFX Application Thread] DEBUG Logger               - Closing Logger
