14:59:17.794 [main                     ] DEBUG Logger               - Configured Logger
14:59:17.809 [main                     ] DEBUG GameApplication      - Logging settings
Title: McDonalism
Version: 0.8
Width: 720
Height: 540
Fullscreen: false
Intro: false
Profiling: false
Single step:false
App Mode: DEVELOPER
Menu Key: ESCAPE
Stage Style: DECORATED
Scene Factory: class testPackage.McDonalismApp$1

14:59:18.046 [JavaFX Application Thread] DEBUG FXGLApplication      - Initializing FXGL
14:59:18.048 [JavaFX Application Thread] INFO  Engine               - FXGL-17.3 (30.03.2023 11.49) on MAC (J:17.0.6 FX:20)
14:59:18.049 [JavaFX Application Thread] DEBUG Engine               - JRE Vendor Name: Amazon.com Inc.
14:59:18.049 [JavaFX Application Thread] DEBUG Engine               - Running on OS: Mac OS X version 13.2.1
14:59:18.049 [JavaFX Application Thread] DEBUG Engine               - Architecture: aarch64
14:59:18.049 [JavaFX Application Thread] INFO  Engine               - Source code and latest versions at: https://github.com/AlmasB/FXGL
14:59:18.049 [JavaFX Application Thread] INFO  Engine               -       Ask questions and discuss at: https://github.com/AlmasB/FXGL/discussions
14:59:18.049 [JavaFX Application Thread] INFO  Engine               -              Join the FXGL chat at: https://gitter.im/AlmasB/FXGL
14:59:18.102 [JavaFX Application Thread] DEBUG PrimaryStageWindow   - Creating a JavaFX scene
14:59:18.126 [JavaFX Application Thread] DEBUG PrimaryStageWindow   - Target settings size: 720.0 x 540.0
14:59:18.126 [JavaFX Application Thread] DEBUG PrimaryStageWindow   - Scaled scene size:    720.0 x 540.0
14:59:18.126 [JavaFX Application Thread] DEBUG PrimaryStageWindow   - Scaled ratio: (1.0, 1.0)
14:59:18.127 [JavaFX Application Thread] DEBUG PrimaryStageWindow   - Set initial scene to M_StartupScene
14:59:18.128 [JavaFX Application Thread] DEBUG PrimaryStageWindow   - Opening main window
14:59:18.187 [JavaFX Application Thread] DEBUG PrimaryStageWindow   - Window border size: (0.0, 28.0)
14:59:18.187 [JavaFX Application Thread] DEBUG PrimaryStageWindow   - Scaled size: 720.0 x 540.0
14:59:18.187 [JavaFX Application Thread] DEBUG PrimaryStageWindow   - Scaled ratio: (1.0, 1.0)
14:59:18.187 [JavaFX Application Thread] DEBUG PrimaryStageWindow   - Scene size: 720.0 x 540.0
14:59:18.187 [JavaFX Application Thread] DEBUG PrimaryStageWindow   - Stage size: 720.0 x 568.0
14:59:18.191 [FXGL Background Thread 1 ] DEBUG Engine               - Initializing environment variables
14:59:18.204 [FXGL Background Thread 1 ] DEBUG FXGLAssetLoaderServi - User app class for loading assets: class testPackage.McDonalismApp
14:59:18.204 [FXGL Background Thread 1 ] DEBUG GameApplicationServi - Applying CSS: fxgl_dark.css
14:59:18.205 [FXGL Background Thread 1 ] DEBUG FXGLAssetLoaderServi - Loading from file system: jar:file:///Users/meo/.m2/repository/com/github/almasb/fxgl/17.3/fxgl-17.3.jar!/fxglassets/ui/css/fxgl_dark.css
14:59:18.225 [FXGL Background Thread 1 ] DEBUG GameApplicationServi - Initializing application scenes
14:59:18.421 [FXGL Background Thread 1 ] DEBUG GameWorld            - Game world initialized
14:59:18.453 [FXGL Background Thread 1 ] DEBUG PhysicsWorld         - Physics world initialized: appHeight=540, physics.ppm=50.0
14:59:18.453 [FXGL Background Thread 1 ] DEBUG PhysicsWorld         - Using strategy: BRUTE_FORCE
14:59:18.455 [FXGL Background Thread 1 ] DEBUG GameScene            - Game scene initialized: 720x540
14:59:18.473 [FXGL Background Thread 1 ] DEBUG FXGLAssetLoaderServi - Loading from file system: file:/Users/meo/Desktop/CSC1004/javaproject/CSC1004java/target/classes/assets/textures/ui/ui_heroIcon_random.png
14:59:18.477 [FXGL Background Thread 1 ] DEBUG FXGLAssetLoaderServi - Loading from file system: file:/Users/meo/Desktop/CSC1004/javaproject/CSC1004java/target/classes/assets/textures/ui/ui_heroIcon_m.png
14:59:18.481 [FXGL Background Thread 1 ] DEBUG FXGLAssetLoaderServi - Loading from file system: file:/Users/meo/Desktop/CSC1004/javaproject/CSC1004java/target/classes/assets/textures/ui/ui_heroIcon_k.png
14:59:18.483 [FXGL Background Thread 1 ] DEBUG FXGLAssetLoaderServi - Loading from file system: file:/Users/meo/Desktop/CSC1004/javaproject/CSC1004java/target/classes/assets/textures/ui/ui_heroIcon_w.png
14:59:18.485 [FXGL Background Thread 1 ] DEBUG FXGLAssetLoaderServi - Loading from file system: file:/Users/meo/Desktop/CSC1004/javaproject/CSC1004java/target/classes/assets/textures/ui/M_logo.png
14:59:18.574 [FXGL Background Thread 1 ] DEBUG FXGLAssetLoaderServi - Loading from file system: file:/Users/meo/Desktop/CSC1004/javaproject/CSC1004java/target/classes/assets/textures/ui/background.png
14:59:18.581 [FXGL Background Thread 1 ] DEBUG FXGLAssetLoaderServi - Loading from file system: file:/Users/meo/Desktop/CSC1004/javaproject/CSC1004java/target/classes/assets/textures/ui/ui_hero_pane.png
14:59:18.583 [FXGL Background Thread 1 ] DEBUG FXGLAssetLoaderServi - Loading from file system: file:/Users/meo/Desktop/CSC1004/javaproject/CSC1004java/target/classes/assets/textures/ui/ui_heroes_pane.png
14:59:18.586 [FXGL Background Thread 1 ] DEBUG FXGLAssetLoaderServi - Loading from file system: file:/Users/meo/Desktop/CSC1004/javaproject/CSC1004java/target/classes/assets/textures/ui/ui_preHero_pane.png
14:59:18.587 [FXGL Background Thread 1 ] DEBUG FXGLAssetLoaderServi - Loading from file system: file:/Users/meo/Desktop/CSC1004/javaproject/CSC1004java/target/classes/assets/textures/ui/ui_main_pane.png
14:59:18.589 [FXGL Background Thread 1 ] DEBUG FXGLAssetLoaderServi - Loading from file system: file:/Users/meo/Desktop/CSC1004/javaproject/CSC1004java/target/classes/assets/textures/ui/ui_login_pane.png
14:59:18.591 [FXGL Background Thread 1 ] DEBUG FXGLAssetLoaderServi - Loading from file system: file:/Users/meo/Desktop/CSC1004/javaproject/CSC1004java/target/classes/assets/textures/ui/ui_signUp_pane.png
14:59:18.596 [FXGL Background Thread 1 ] DEBUG FXGLAssetLoaderServi - Loading from file system: file:/Users/meo/Desktop/CSC1004/javaproject/CSC1004java/target/classes/assets/textures/ui/ui_back_idle.png
14:59:18.597 [FXGL Background Thread 1 ] DEBUG FXGLAssetLoaderServi - Loading from file system: file:/Users/meo/Desktop/CSC1004/javaproject/CSC1004java/target/classes/assets/textures/ui/ui_back_hover.png
14:59:18.598 [FXGL Background Thread 1 ] DEBUG FXGLAssetLoaderServi - Loading from file system: file:/Users/meo/Desktop/CSC1004/javaproject/CSC1004java/target/classes/assets/textures/ui/ui_back_confirm.png
14:59:18.599 [FXGL Background Thread 1 ] DEBUG FXGLAssetLoaderServi - Loading from file system: file:/Users/meo/Desktop/CSC1004/javaproject/CSC1004java/target/classes/assets/textures/ui/ui_start_idle.png
14:59:18.600 [FXGL Background Thread 1 ] DEBUG FXGLAssetLoaderServi - Loading from file system: file:/Users/meo/Desktop/CSC1004/javaproject/CSC1004java/target/classes/assets/textures/ui/ui_start_hover.png
14:59:18.601 [FXGL Background Thread 1 ] DEBUG FXGLAssetLoaderServi - Loading from file system: file:/Users/meo/Desktop/CSC1004/javaproject/CSC1004java/target/classes/assets/textures/ui/ui_start_confirm.png
14:59:18.602 [FXGL Background Thread 1 ] DEBUG FXGLAssetLoaderServi - Loading from file system: file:/Users/meo/Desktop/CSC1004/javaproject/CSC1004java/target/classes/assets/textures/ui/ui_left_idle.png
14:59:18.602 [FXGL Background Thread 1 ] DEBUG FXGLAssetLoaderServi - Loading from file system: file:/Users/meo/Desktop/CSC1004/javaproject/CSC1004java/target/classes/assets/textures/ui/ui_left_hover.png
14:59:18.604 [FXGL Background Thread 1 ] DEBUG FXGLAssetLoaderServi - Loading from file system: file:/Users/meo/Desktop/CSC1004/javaproject/CSC1004java/target/classes/assets/textures/ui/ui_left_confirm.png
14:59:18.605 [FXGL Background Thread 1 ] DEBUG FXGLAssetLoaderServi - Loading from file system: file:/Users/meo/Desktop/CSC1004/javaproject/CSC1004java/target/classes/assets/textures/ui/ui_right_idle.png
14:59:18.606 [FXGL Background Thread 1 ] DEBUG FXGLAssetLoaderServi - Loading from file system: file:/Users/meo/Desktop/CSC1004/javaproject/CSC1004java/target/classes/assets/textures/ui/ui_right_hover.png
14:59:18.606 [FXGL Background Thread 1 ] DEBUG FXGLAssetLoaderServi - Loading from file system: file:/Users/meo/Desktop/CSC1004/javaproject/CSC1004java/target/classes/assets/textures/ui/ui_right_confirm.png
14:59:18.613 [FXGL Background Thread 1 ] DEBUG FXGLAssetLoaderServi - Loading from file system: file:/Users/meo/Desktop/CSC1004/javaproject/CSC1004java/target/classes/assets/textures/ui/ui_single_idle.png
14:59:18.614 [FXGL Background Thread 1 ] DEBUG FXGLAssetLoaderServi - Loading from file system: file:/Users/meo/Desktop/CSC1004/javaproject/CSC1004java/target/classes/assets/textures/ui/ui_single_hover.png
14:59:18.615 [FXGL Background Thread 1 ] DEBUG FXGLAssetLoaderServi - Loading from file system: file:/Users/meo/Desktop/CSC1004/javaproject/CSC1004java/target/classes/assets/textures/ui/ui_single_confirm.png
14:59:18.616 [FXGL Background Thread 1 ] DEBUG FXGLAssetLoaderServi - Loading from file system: file:/Users/meo/Desktop/CSC1004/javaproject/CSC1004java/target/classes/assets/textures/ui/ui_multi_idle.png
14:59:18.617 [FXGL Background Thread 1 ] DEBUG FXGLAssetLoaderServi - Loading from file system: file:/Users/meo/Desktop/CSC1004/javaproject/CSC1004java/target/classes/assets/textures/ui/ui_multi_hover.png
14:59:18.617 [FXGL Background Thread 1 ] DEBUG FXGLAssetLoaderServi - Loading from file system: file:/Users/meo/Desktop/CSC1004/javaproject/CSC1004java/target/classes/assets/textures/ui/ui_multi_confirm.png
14:59:18.618 [FXGL Background Thread 1 ] DEBUG FXGLAssetLoaderServi - Loading from file system: file:/Users/meo/Desktop/CSC1004/javaproject/CSC1004java/target/classes/assets/textures/ui/ui_play_idle.png
14:59:18.619 [FXGL Background Thread 1 ] DEBUG FXGLAssetLoaderServi - Loading from file system: file:/Users/meo/Desktop/CSC1004/javaproject/CSC1004java/target/classes/assets/textures/ui/ui_play_hover.png
14:59:18.619 [FXGL Background Thread 1 ] DEBUG FXGLAssetLoaderServi - Loading from file system: file:/Users/meo/Desktop/CSC1004/javaproject/CSC1004java/target/classes/assets/textures/ui/ui_play_confirm.png
14:59:18.620 [FXGL Background Thread 1 ] DEBUG FXGLAssetLoaderServi - Loading from file system: file:/Users/meo/Desktop/CSC1004/javaproject/CSC1004java/target/classes/assets/textures/ui/ui_options_idle.png
14:59:18.621 [FXGL Background Thread 1 ] DEBUG FXGLAssetLoaderServi - Loading from file system: file:/Users/meo/Desktop/CSC1004/javaproject/CSC1004java/target/classes/assets/textures/ui/ui_options_hover.png
14:59:18.621 [FXGL Background Thread 1 ] DEBUG FXGLAssetLoaderServi - Loading from file system: file:/Users/meo/Desktop/CSC1004/javaproject/CSC1004java/target/classes/assets/textures/ui/ui_options_confirm.png
14:59:18.622 [FXGL Background Thread 1 ] DEBUG FXGLAssetLoaderServi - Loading from file system: file:/Users/meo/Desktop/CSC1004/javaproject/CSC1004java/target/classes/assets/textures/ui/ui_exit_idle.png
14:59:18.622 [FXGL Background Thread 1 ] DEBUG FXGLAssetLoaderServi - Loading from file system: file:/Users/meo/Desktop/CSC1004/javaproject/CSC1004java/target/classes/assets/textures/ui/ui_exit_hover.png
14:59:18.623 [FXGL Background Thread 1 ] DEBUG FXGLAssetLoaderServi - Loading from file system: file:/Users/meo/Desktop/CSC1004/javaproject/CSC1004java/target/classes/assets/textures/ui/ui_exit_confirm.png
14:59:18.628 [FXGL Background Thread 1 ] DEBUG FXGLAssetLoaderServi - Loading from file system: file:/Users/meo/Desktop/CSC1004/javaproject/CSC1004java/target/classes/assets/textures/ui/inputField.png
14:59:18.629 [FXGL Background Thread 1 ] DEBUG FXGLAssetLoaderServi - Loading from file system: file:/Users/meo/Desktop/CSC1004/javaproject/CSC1004java/target/classes/assets/textures/ui/ui_signIn_idle.png
14:59:18.630 [FXGL Background Thread 1 ] DEBUG FXGLAssetLoaderServi - Loading from file system: file:/Users/meo/Desktop/CSC1004/javaproject/CSC1004java/target/classes/assets/textures/ui/ui_signIn_hover.png
14:59:18.630 [FXGL Background Thread 1 ] DEBUG FXGLAssetLoaderServi - Loading from file system: file:/Users/meo/Desktop/CSC1004/javaproject/CSC1004java/target/classes/assets/textures/ui/ui_signIn_confirm.png
14:59:18.631 [FXGL Background Thread 1 ] DEBUG FXGLAssetLoaderServi - Loading from file system: file:/Users/meo/Desktop/CSC1004/javaproject/CSC1004java/target/classes/assets/textures/ui/ui_signUp_idle.png
14:59:18.631 [FXGL Background Thread 1 ] DEBUG FXGLAssetLoaderServi - Loading from file system: file:/Users/meo/Desktop/CSC1004/javaproject/CSC1004java/target/classes/assets/textures/ui/ui_signUp_hover.png
14:59:18.632 [FXGL Background Thread 1 ] DEBUG FXGLAssetLoaderServi - Loading from file system: file:/Users/meo/Desktop/CSC1004/javaproject/CSC1004java/target/classes/assets/textures/ui/ui_signUp_confirm.png
14:59:18.634 [FXGL Background Thread 1 ] DEBUG FXGLAssetLoaderServi - Loading from file system: file:/Users/meo/Desktop/CSC1004/javaproject/CSC1004java/target/classes/assets/textures/ui/cursor.png
14:59:18.651 [FXGL Background Thread 1 ] WARN  FXGL.DefaultMenu     - FXGLDefaultMenu is not designed for resolutions < 800x600
14:59:18.651 [FXGL Background Thread 1 ] DEBUG FXGL.DefaultMenu     - createMenuBodyGameMenu()
14:59:18.656 [FXGL Background Thread 1 ] DEBUG FXGL.DefaultMenu     - createOptionsMenu()
14:59:18.660 [FXGL Background Thread 1 ] DEBUG FXGLAssetLoaderServi - Loading from file system: jar:file:///Users/meo/.m2/repository/com/github/almasb/fxgl/17.3/fxgl-17.3.jar!/fxglassets/textures/particles/smoke.png
14:59:18.715 [FXGL Background Thread 1 ] DEBUG FXGLAssetLoaderServi - Loading from file system: jar:file:///Users/meo/.m2/repository/com/github/almasb/fxgl/17.3/fxgl-17.3.jar!/fxglassets/textures/particles/trace_horizontal.png
14:59:18.722 [FXGL Background Thread 1 ] DEBUG GameApplicationServi - Application scenes initialized
14:59:18.730 [FXGL Background Thread 1 ] DEBUG SystemBundleService  - Loading FXGL system data
14:59:18.733 [FXGL Background Thread 1 ] DEBUG FileSystemAccess     - Reading from: /Users/meo/Desktop/CSC1004/javaproject/CSC1004java/system/fxgl.bundle
14:59:18.737 [FXGL Background Thread 1 ] DEBUG SystemBundleService  - Bundle FXGL: {}
14:59:18.737 [FXGL Background Thread 1 ] DEBUG UpdaterService       - Checking for updates
14:59:18.755 [FXGL Background Thread 4 ] DEBUG FXGLApplication      - Loading fonts
14:59:18.756 [FXGL Background Thread 4 ] DEBUG FXGLAssetLoaderServi - Loading from file system: file:/Users/meo/Desktop/CSC1004/javaproject/CSC1004java/target/classes/assets/ui/fonts/font.ttf
14:59:18.756 [FXGL Background Thread 1 ] DEBUG FXGLApplication      - Loading default localization
14:59:18.756 [FXGL Background Thread 1 ] DEBUG FXGLAssetLoaderServi - Loading from file system: jar:file:///Users/meo/.m2/repository/com/github/almasb/fxgl/17.3/fxgl-17.3.jar!/fxglassets/languages/english.lang
14:59:18.758 [JavaFX Application Thread] DEBUG FXGLApplication      - Registering font factories with UI factory
14:59:18.763 [FXGL Background Thread 1 ] INFO  FXGLApplication      - FXGL initialization took: 0.572 sec
14:59:18.767 [JavaFX Application Thread] DEBUG Input                - Registered new binding: Player1 Move Up - Up
14:59:18.767 [JavaFX Application Thread] DEBUG Input                - Registered new binding: Player1 Move Down - Down
14:59:18.768 [JavaFX Application Thread] DEBUG Input                - Registered new binding: Player1 Move Left - Left
14:59:18.768 [JavaFX Application Thread] DEBUG Input                - Registered new binding: Player1 Move Right - Right
14:59:18.768 [JavaFX Application Thread] DEBUG Input                - Registered new binding: Player or Player2 Move Up - W
14:59:18.768 [JavaFX Application Thread] DEBUG Input                - Registered new binding: Player or Player2 Move Down - S
14:59:18.768 [JavaFX Application Thread] DEBUG Input                - Registered new binding: Player or Player2 Move Left - A
14:59:18.768 [JavaFX Application Thread] DEBUG Input                - Registered new binding: Player or Player2 Move Right - D
14:59:18.768 [JavaFX Application Thread] DEBUG Input                - Registered new binding: Shoot - LMB
14:59:18.768 [JavaFX Application Thread] DEBUG Input                - Registered new binding: Left Punch/Summon - J
14:59:18.768 [JavaFX Application Thread] DEBUG Input                - Registered new binding: Right Punch/Recover - K
14:59:18.768 [JavaFX Application Thread] DEBUG FXGLAssetLoaderServi - Loading from file system: file:/Users/meo/Desktop/CSC1004/javaproject/CSC1004java/target/classes/assets/music/Crypteque1.mp3
14:59:18.770 [JavaFX Application Thread] DEBUG FXGLAssetLoaderServi - Loading from file system: file:/Users/meo/Desktop/CSC1004/javaproject/CSC1004java/target/classes/assets/sounds/gunfire.wav
14:59:18.777 [JavaFX Application Thread] DEBUG FXGLAssetLoaderServi - Loading from file system: file:/Users/meo/Desktop/CSC1004/javaproject/CSC1004java/target/classes/assets/sounds/M_hurt.wav
14:59:18.778 [JavaFX Application Thread] DEBUG FXGLAssetLoaderServi - Loading from file system: file:/Users/meo/Desktop/CSC1004/javaproject/CSC1004java/target/classes/assets/sounds/M_die.wav
14:59:18.780 [JavaFX Application Thread] DEBUG FXGLAssetLoaderServi - Loading from file system: file:/Users/meo/Desktop/CSC1004/javaproject/CSC1004java/target/classes/assets/sounds/W_hurt.wav
14:59:18.781 [JavaFX Application Thread] DEBUG FXGLAssetLoaderServi - Loading from file system: file:/Users/meo/Desktop/CSC1004/javaproject/CSC1004java/target/classes/assets/sounds/W_die.wav
14:59:18.782 [JavaFX Application Thread] DEBUG FXGLAssetLoaderServi - Loading from file system: file:/Users/meo/Desktop/CSC1004/javaproject/CSC1004java/target/classes/assets/sounds/K_hurt.wav
14:59:18.784 [JavaFX Application Thread] DEBUG FXGLAssetLoaderServi - Loading from file system: file:/Users/meo/Desktop/CSC1004/javaproject/CSC1004java/target/classes/assets/sounds/K_die.wav
14:59:18.785 [JavaFX Application Thread] DEBUG FXGLAssetLoaderServi - Loading from file system: file:/Users/meo/Desktop/CSC1004/javaproject/CSC1004java/target/classes/assets/sounds/enemy_die.wav
14:59:18.786 [JavaFX Application Thread] DEBUG FXGLAssetLoaderServi - Loading from file system: file:/Users/meo/Desktop/CSC1004/javaproject/CSC1004java/target/classes/assets/sounds/hover.wav
14:59:18.788 [JavaFX Application Thread] DEBUG FXGLAssetLoaderServi - Loading from file system: file:/Users/meo/Desktop/CSC1004/javaproject/CSC1004java/target/classes/assets/sounds/confirm.wav
14:59:18.795 [JavaFX Application Thread] DEBUG Input                - Registered new binding: Screenshot - CTRL+8
14:59:18.796 [JavaFX Application Thread] DEBUG Input                - Registered new binding: Dev Options - 1
14:59:18.796 [JavaFX Application Thread] DEBUG Input                - Registered new binding: Dev Console - 2
14:59:18.796 [JavaFX Application Thread] DEBUG Input                - Registered new binding: System info dump - CTRL+9
14:59:18.796 [JavaFX Application Thread] DEBUG Input                - Registered new binding: Restart - CTRL+R
14:59:18.796 [JavaFX Application Thread] DEBUG Input                - Registered new binding: Toggle Debug Camera - CTRL+7
14:59:18.798 [JavaFX Application Thread] DEBUG LoopRunner           - Starting loop
14:59:18.801 [JavaFX Application Thread] DEBUG LoopRunner           - Initializing JavaFX AnimationTimerLoop
14:59:18.802 [JavaFX Application Thread] DEBUG Input                - Clearing active input actions
14:59:18.805 [JavaFX Application Thread] DEBUG GameApplicationServi - Removing overlay from M_StartupScene and adding to FXGLMainMenuDummyScene
14:59:18.806 [JavaFX Application Thread] DEBUG PrimaryStageWindow   - M_StartupScene -> FXGLMainMenuDummyScene
14:59:18.806 [JavaFX Application Thread] DEBUG PrimaryStageWindow   - Push state: M_MainMenu
14:59:18.806 [JavaFX Application Thread] DEBUG Input                - Clearing active input actions
14:59:18.811 [JavaFX Application Thread] DEBUG GameApplicationServi - Removing overlay from FXGLMainMenuDummyScene and adding to M_MainMenu
14:59:18.812 [JavaFX Application Thread] DEBUG PrimaryStageWindow   - FXGLMainMenuDummyScene -> M_MainMenu
14:59:21.754 [FXGL Background Thread 3 ] DEBUG Engine               - Logging environment variables
14:59:21.756 [FXGL Background Thread 3 ] DEBUG Engine               - achievements: []
14:59:21.756 [FXGL Background Thread 3 ] DEBUG Engine               - actualHeight: 540.0
14:59:21.756 [FXGL Background Thread 3 ] DEBUG Engine               - actualHeightProperty: ReadOnlyDoubleProperty [value: 540.0]
14:59:21.756 [FXGL Background Thread 3 ] DEBUG Engine               - actualWidth: 720.0
14:59:21.756 [FXGL Background Thread 3 ] DEBUG Engine               - actualWidthProperty: ReadOnlyDoubleProperty [value: 720.0]
14:59:21.756 [FXGL Background Thread 3 ] DEBUG Engine               - appIcon: ui/M_logo.png
14:59:21.756 [FXGL Background Thread 3 ] DEBUG Engine               - applicationMode: DEVELOPER
14:59:21.757 [FXGL Background Thread 3 ] DEBUG Engine               - cSSList: [fxgl_dark.css]
14:59:21.757 [FXGL Background Thread 3 ] DEBUG Engine               - collisionDetectionStrategy: BRUTE_FORCE
14:59:21.757 [FXGL Background Thread 3 ] DEBUG Engine               - configClass: Optional.empty
14:59:21.757 [FXGL Background Thread 3 ] DEBUG Engine               - credits: []
14:59:21.757 [FXGL Background Thread 3 ] DEBUG Engine               - defaultCursor: CursorInfo(imageName=ui/cursor.png, hotspotX=10.0, hotspotY=10.0)
14:59:21.757 [FXGL Background Thread 3 ] DEBUG Engine               - devBBoxColorProperty: ObjectProperty [value: 0xff0000ff]
14:59:21.757 [FXGL Background Thread 3 ] DEBUG Engine               - devEnableDebugCameraProperty: BooleanProperty [value: false]
14:59:21.758 [FXGL Background Thread 3 ] DEBUG Engine               - devSensorColorProperty: ObjectProperty [value: 0xffff00ff]
14:59:21.758 [FXGL Background Thread 3 ] DEBUG Engine               - devShowBBoxProperty: BooleanProperty [value: false]
14:59:21.758 [FXGL Background Thread 3 ] DEBUG Engine               - devShowPositionProperty: BooleanProperty [value: false]
14:59:21.758 [FXGL Background Thread 3 ] DEBUG Engine               - enabledMenuItems: []
14:59:21.758 [FXGL Background Thread 3 ] DEBUG Engine               - engineServices: [class com.almasb.fxgl.app.services.FXGLAssetLoaderService, class com.almasb.fxgl.app.FXGLApplication$GameApplicationService, class com.almasb.fxgl.app.services.FXGLDialogService, class com.almasb.fxgl.app.services.IOTaskExecutorService, class com.almasb.fxgl.io.FileSystemService, class com.almasb.fxgl.localization.LocalizationService, class com.almasb.fxgl.app.services.SystemBundleService, class com.almasb.fxgl.profile.SaveLoadService, class com.almasb.fxgl.ui.FXGLUIFactoryServiceProvider, class com.almasb.fxgl.ui.FXGLDialogFactoryServiceProvider, class com.almasb.fxgl.audio.AudioPlayer, class com.almasb.fxgl.notification.impl.NotificationServiceProvider, class com.almasb.fxgl.achievement.AchievementService, class com.almasb.fxgl.cutscene.CutsceneService, class com.almasb.fxgl.minigames.MiniGameService, class com.almasb.fxgl.net.NetService, class com.almasb.fxgl.app.services.UpdaterService, class com.almasb.fxgl.dev.DevService]
14:59:21.758 [FXGL Background Thread 3 ] DEBUG Engine               - fontGame: font.ttf
14:59:21.758 [FXGL Background Thread 3 ] DEBUG Engine               - fontMono: font.ttf
14:59:21.758 [FXGL Background Thread 3 ] DEBUG Engine               - fontSizeScaleUI: 1.5
14:59:21.758 [FXGL Background Thread 3 ] DEBUG Engine               - fontText: font.ttf
14:59:21.758 [FXGL Background Thread 3 ] DEBUG Engine               - fontUI: font.ttf
14:59:21.758 [FXGL Background Thread 3 ] DEBUG Engine               - fullScreen: BooleanProperty [value: false]
14:59:21.758 [FXGL Background Thread 3 ] DEBUG Engine               - gameDifficulty: MEDIUM
14:59:21.758 [FXGL Background Thread 3 ] DEBUG Engine               - gameDifficultyProperty: ObjectProperty [value: MEDIUM]
14:59:21.758 [FXGL Background Thread 3 ] DEBUG Engine               - globalMusicVolume: 0.5
14:59:21.759 [FXGL Background Thread 3 ] DEBUG Engine               - globalMusicVolumeProperty: DoubleProperty [value: 0.5]
14:59:21.759 [FXGL Background Thread 3 ] DEBUG Engine               - globalSoundVolume: 0.5
14:59:21.759 [FXGL Background Thread 3 ] DEBUG Engine               - globalSoundVolumeProperty: DoubleProperty [value: 0.5]
14:59:21.759 [FXGL Background Thread 3 ] DEBUG Engine               - height: 540
14:59:21.759 [FXGL Background Thread 3 ] DEBUG Engine               - is3D: false
14:59:21.759 [FXGL Background Thread 3 ] DEBUG Engine               - isAndroid: false
14:59:21.759 [FXGL Background Thread 3 ] DEBUG Engine               - isBrowser: false
14:59:21.759 [FXGL Background Thread 3 ] DEBUG Engine               - isClickFeedbackEnabled: false
14:59:21.759 [FXGL Background Thread 3 ] DEBUG Engine               - isCloseConfirmation: false
14:59:21.759 [FXGL Background Thread 3 ] DEBUG Engine               - isDesktop: true
14:59:21.759 [FXGL Background Thread 3 ] DEBUG Engine               - isDeveloperMenuEnabled: true
14:59:21.759 [FXGL Background Thread 3 ] DEBUG Engine               - isEmbedded: false
14:59:21.759 [FXGL Background Thread 3 ] DEBUG Engine               - isEntityPreloadEnabled: true
14:59:21.759 [FXGL Background Thread 3 ] DEBUG Engine               - isExperimentalTiledLargeMap: false
14:59:21.760 [FXGL Background Thread 3 ] DEBUG Engine               - isFileSystemWriteAllowed: true
14:59:21.760 [FXGL Background Thread 3 ] DEBUG Engine               - isFullScreenAllowed: false
14:59:21.760 [FXGL Background Thread 3 ] DEBUG Engine               - isFullScreenFromStart: false
14:59:21.760 [FXGL Background Thread 3 ] DEBUG Engine               - isGameMenuEnabled: true
14:59:21.760 [FXGL Background Thread 3 ] DEBUG Engine               - isIOS: false
14:59:21.760 [FXGL Background Thread 3 ] DEBUG Engine               - isIntroEnabled: false
14:59:21.760 [FXGL Background Thread 3 ] DEBUG Engine               - isLinux: false
14:59:21.760 [FXGL Background Thread 3 ] DEBUG Engine               - isMac: true
14:59:21.760 [FXGL Background Thread 3 ] DEBUG Engine               - isMainMenuEnabled: true
14:59:21.760 [FXGL Background Thread 3 ] DEBUG Engine               - isManualResizeEnabled: true
14:59:21.760 [FXGL Background Thread 3 ] DEBUG Engine               - isMobile: false
14:59:21.760 [FXGL Background Thread 3 ] DEBUG Engine               - isNative: false
14:59:21.760 [FXGL Background Thread 3 ] DEBUG Engine               - isPauseMusicWhenMinimized: true
14:59:21.760 [FXGL Background Thread 3 ] DEBUG Engine               - isPreserveResizeRatio: true
14:59:21.760 [FXGL Background Thread 3 ] DEBUG Engine               - isProfilingEnabled: false
14:59:21.760 [FXGL Background Thread 3 ] DEBUG Engine               - isScaleAffectedOnResize: true
14:59:21.760 [FXGL Background Thread 3 ] DEBUG Engine               - isSingleStep: false
14:59:21.760 [FXGL Background Thread 3 ] DEBUG Engine               - isUserProfileEnabled: false
14:59:21.760 [FXGL Background Thread 3 ] DEBUG Engine               - isWindows: false
14:59:21.761 [FXGL Background Thread 3 ] DEBUG Engine               - language: ObjectProperty [value: ENGLISH]
14:59:21.761 [FXGL Background Thread 3 ] DEBUG Engine               - menuKey: ESCAPE
14:59:21.761 [FXGL Background Thread 3 ] DEBUG Engine               - mouseSensitivity: 0.2
14:59:21.761 [FXGL Background Thread 3 ] DEBUG Engine               - notificationViewClass: class com.almasb.fxgl.notification.view.XboxNotificationView
14:59:21.761 [FXGL Background Thread 3 ] DEBUG Engine               - pixelsPerMeter: 50.0
14:59:21.761 [FXGL Background Thread 3 ] DEBUG Engine               - platform: MAC
14:59:21.761 [FXGL Background Thread 3 ] DEBUG Engine               - prefHeightProperty: ReadOnlyDoubleProperty [value: 540.0]
14:59:21.761 [FXGL Background Thread 3 ] DEBUG Engine               - prefWidthProperty: ReadOnlyDoubleProperty [value: 720.0]
14:59:21.761 [FXGL Background Thread 3 ] DEBUG Engine               - profileDir: profiles/
14:59:21.761 [FXGL Background Thread 3 ] DEBUG Engine               - profileName: StringProperty [value: DEFAULT]
14:59:21.761 [FXGL Background Thread 3 ] DEBUG Engine               - randomSeed: -1
14:59:21.761 [FXGL Background Thread 3 ] DEBUG Engine               - runtimeInfo: RuntimeInfo(platform=MAC, version=17.3, build=30.03.2023 11.49)
14:59:21.761 [FXGL Background Thread 3 ] DEBUG Engine               - saveFileExt: sav
14:59:21.762 [FXGL Background Thread 3 ] DEBUG Engine               - scaledHeightProp$fxgl: DoubleProperty [bound, value: 540.0]
14:59:21.762 [FXGL Background Thread 3 ] DEBUG Engine               - scaledWidthProp$fxgl: DoubleProperty [bound, value: 720.0]
14:59:21.762 [FXGL Background Thread 3 ] DEBUG Engine               - sceneFactory: testPackage.McDonalismApp$1@5eb75db2
14:59:21.762 [FXGL Background Thread 3 ] DEBUG Engine               - secondsIn24h: 60
14:59:21.762 [FXGL Background Thread 3 ] DEBUG Engine               - soundMenuBack: menu/back.wav
14:59:21.762 [FXGL Background Thread 3 ] DEBUG Engine               - soundMenuPress: menu/press.wav
14:59:21.763 [FXGL Background Thread 3 ] DEBUG Engine               - soundMenuSelect: menu/select.wav
14:59:21.763 [FXGL Background Thread 3 ] DEBUG Engine               - soundNotification: core/notification.wav
14:59:21.763 [FXGL Background Thread 3 ] DEBUG Engine               - stageStyle: DECORATED
14:59:21.763 [FXGL Background Thread 3 ] DEBUG Engine               - supportedLanguages: [ENGLISH, FRENCH, GERMAN, HUNGARIAN, RUSSIAN]
14:59:21.763 [FXGL Background Thread 3 ] DEBUG Engine               - ticksPerSecond: -1
14:59:21.763 [FXGL Background Thread 3 ] DEBUG Engine               - title: McDonalism
14:59:21.763 [FXGL Background Thread 3 ] DEBUG Engine               - urlGithub: https://github.com/AlmasB/FXGL
14:59:21.763 [FXGL Background Thread 3 ] DEBUG Engine               - urlLeaderboard: http://fxgl-top.herokuapp.com/
14:59:21.763 [FXGL Background Thread 3 ] DEBUG Engine               - urlPOM: https://raw.githubusercontent.com/AlmasB/FXGL/release/README.md
14:59:21.763 [FXGL Background Thread 3 ] DEBUG Engine               - userAppClass: class testPackage.McDonalismApp
14:59:21.763 [FXGL Background Thread 3 ] DEBUG Engine               - version: 0.8
14:59:21.763 [FXGL Background Thread 3 ] DEBUG Engine               - versionCheckDays: 7
14:59:21.763 [FXGL Background Thread 3 ] DEBUG Engine               - width: 720
14:59:21.763 [FXGL Background Thread 3 ] DEBUG Engine               - Logging services
14:59:21.763 [FXGL Background Thread 3 ] DEBUG Engine               - class com.almasb.fxgl.app.services.FXGLAssetLoaderService
14:59:21.763 [FXGL Background Thread 3 ] DEBUG Engine               - class com.almasb.fxgl.app.FXGLApplication$GameApplicationService
14:59:21.763 [FXGL Background Thread 3 ] DEBUG Engine               - class com.almasb.fxgl.app.services.FXGLDialogService
14:59:21.763 [FXGL Background Thread 3 ] DEBUG Engine               - class com.almasb.fxgl.app.services.IOTaskExecutorService
14:59:21.763 [FXGL Background Thread 3 ] DEBUG Engine               - class com.almasb.fxgl.io.FileSystemService
14:59:21.763 [FXGL Background Thread 3 ] DEBUG Engine               - class com.almasb.fxgl.localization.LocalizationService
14:59:21.764 [FXGL Background Thread 3 ] DEBUG Engine               - class com.almasb.fxgl.app.services.SystemBundleService
14:59:21.764 [FXGL Background Thread 3 ] DEBUG Engine               - class com.almasb.fxgl.profile.SaveLoadService
14:59:21.764 [FXGL Background Thread 3 ] DEBUG Engine               - class com.almasb.fxgl.ui.FXGLUIFactoryServiceProvider
14:59:21.764 [FXGL Background Thread 3 ] DEBUG Engine               - class com.almasb.fxgl.ui.FXGLDialogFactoryServiceProvider
14:59:21.764 [FXGL Background Thread 3 ] DEBUG Engine               - class com.almasb.fxgl.audio.AudioPlayer
14:59:21.764 [FXGL Background Thread 3 ] DEBUG Engine               - class com.almasb.fxgl.notification.impl.NotificationServiceProvider
14:59:21.764 [FXGL Background Thread 3 ] DEBUG Engine               - class com.almasb.fxgl.achievement.AchievementService
14:59:21.764 [FXGL Background Thread 3 ] DEBUG Engine               - class com.almasb.fxgl.cutscene.CutsceneService
14:59:21.764 [FXGL Background Thread 3 ] DEBUG Engine               - class com.almasb.fxgl.minigames.MiniGameService
14:59:21.764 [FXGL Background Thread 3 ] DEBUG Engine               - class com.almasb.fxgl.net.NetService
14:59:21.764 [FXGL Background Thread 3 ] DEBUG Engine               - class com.almasb.fxgl.app.services.UpdaterService
14:59:21.764 [FXGL Background Thread 3 ] DEBUG Engine               - class com.almasb.fxgl.dev.DevService
14:59:48.883 [JavaFX Application Thread] DEBUG Menu                 - fireExit()
14:59:48.885 [JavaFX Application Thread] DEBUG PrimaryStageWindow   - Push state: DialogSubScene
14:59:48.885 [JavaFX Application Thread] DEBUG Input                - Clearing active input actions
14:59:48.886 [JavaFX Application Thread] DEBUG GameApplicationServi - Removing overlay from M_MainMenu and adding to DialogSubScene
14:59:48.887 [JavaFX Application Thread] DEBUG PrimaryStageWindow   - M_MainMenu -> DialogSubScene
14:59:49.505 [JavaFX Application Thread] DEBUG PrimaryStageWindow   - Pop state: DialogSubScene
14:59:49.505 [JavaFX Application Thread] DEBUG Input                - Clearing active input actions
14:59:49.506 [JavaFX Application Thread] DEBUG GameApplicationServi - Removing overlay from DialogSubScene and adding to M_MainMenu
14:59:49.507 [JavaFX Application Thread] DEBUG PrimaryStageWindow   - M_MainMenu <- DialogSubScene
14:59:49.507 [JavaFX Application Thread] DEBUG FXGLApplication      - Exiting FXGL
14:59:49.507 [JavaFX Application Thread] DEBUG LoopRunner           - Stopping loop
14:59:49.507 [JavaFX Application Thread] DEBUG SystemBundleService  - Saving FXGL system data
14:59:49.511 [JavaFX Application Thread] DEBUG FileSystemAccess     - Writing to: /Users/meo/Desktop/CSC1004/javaproject/CSC1004java/system/fxgl.bundle
14:59:49.512 [JavaFX Application Thread] DEBUG Async                - Shutting down background threads
14:59:49.512 [JavaFX Application Thread] DEBUG PrimaryStageWindow   - Closing main window
14:59:49.521 [JavaFX Application Thread] DEBUG Logger               - Closing Logger
