18:22:23.386 [main                     ] DEBUG Logger               - Configured Logger
18:22:23.402 [main                     ] DEBUG GameApplication      - Logging settings
Title: McDonalism
Version: 0.1
Width: 800
Height: 800
Fullscreen: false
Intro: false
Profiling: false
Single step:false
App Mode: DEVELOPER
Menu Key: ESCAPE
Stage Style: DECORATED
Scene Factory: class com.almasb.fxgl.app.scene.SceneFactory

18:22:23.577 [JavaFX Application Thread] DEBUG FXGLApplication      - Initializing FXGL
18:22:23.580 [JavaFX Application Thread] INFO  Engine               - FXGL-17.2 (20.08.2022 16.50) on MAC (J:17.0.6 FX:18)
18:22:23.580 [JavaFX Application Thread] DEBUG Engine               - JRE Vendor Name: Amazon.com Inc.
18:22:23.581 [JavaFX Application Thread] DEBUG Engine               - Running on OS: Mac OS X version 13.2.1
18:22:23.581 [JavaFX Application Thread] DEBUG Engine               - Architecture: aarch64
18:22:23.581 [JavaFX Application Thread] INFO  Engine               - Source code and latest versions at: https://github.com/AlmasB/FXGL
18:22:23.581 [JavaFX Application Thread] INFO  Engine               -       Ask questions and discuss at: https://github.com/AlmasB/FXGL/discussions
18:22:23.581 [JavaFX Application Thread] INFO  Engine               -              Join the FXGL chat at: https://gitter.im/AlmasB/FXGL
18:22:23.620 [JavaFX Application Thread] DEBUG PrimaryStageWindow   - Creating a JavaFX scene
18:22:23.640 [JavaFX Application Thread] DEBUG PrimaryStageWindow   - Target settings size: 800.0 x 800.0
18:22:23.640 [JavaFX Application Thread] DEBUG PrimaryStageWindow   - Scaled scene size:    800.0 x 800.0
18:22:23.640 [JavaFX Application Thread] DEBUG PrimaryStageWindow   - Scaled ratio: (1.0, 1.0)
18:22:23.641 [JavaFX Application Thread] DEBUG PrimaryStageWindow   - Set initial scene to FXGLStartupScene
18:22:23.644 [JavaFX Application Thread] DEBUG PrimaryStageWindow   - Opening main window
18:22:23.685 [JavaFX Application Thread] DEBUG PrimaryStageWindow   - Window border size: (0.0, 28.0)
18:22:23.685 [JavaFX Application Thread] DEBUG PrimaryStageWindow   - Scaled size: 800.0 x 800.0
18:22:23.685 [JavaFX Application Thread] DEBUG PrimaryStageWindow   - Scaled ratio: (1.0, 1.0)
18:22:23.686 [JavaFX Application Thread] DEBUG PrimaryStageWindow   - Scene size: 800.0 x 800.0
18:22:23.686 [JavaFX Application Thread] DEBUG PrimaryStageWindow   - Stage size: 800.0 x 828.0
18:22:23.689 [FXGL Background Thread 1 ] DEBUG Engine               - Initializing environment variables
18:22:23.703 [FXGL Background Thread 1 ] DEBUG FXGLAssetLoaderServi - User app class for loading assets: class testPackage.McDonalismApp
18:22:23.703 [FXGL Background Thread 1 ] DEBUG GameApplicationServi - Applying CSS: fxgl_dark.css
18:22:23.704 [FXGL Background Thread 1 ] DEBUG FXGLAssetLoaderServi - Loading from file system: jar:file:///Users/meo/.m2/repository/com/github/almasb/fxgl/17.2/fxgl-17.2.jar!/fxglassets/ui/css/fxgl_dark.css
18:22:23.725 [FXGL Background Thread 1 ] DEBUG GameApplicationServi - Initializing application scenes
18:22:23.862 [FXGL Background Thread 1 ] DEBUG GameWorld            - Game world initialized
18:22:23.889 [FXGL Background Thread 1 ] DEBUG PhysicsWorld         - Physics world initialized: appHeight=800, physics.ppm=50.0
18:22:23.889 [FXGL Background Thread 1 ] DEBUG PhysicsWorld         - Using strategy: BRUTE_FORCE
18:22:23.892 [FXGL Background Thread 1 ] DEBUG GameScene            - Game scene initialized: 800x800
18:22:23.899 [FXGL Background Thread 1 ] DEBUG FXGL.DefaultMenu     - createMenuBodyMainMenu()
18:22:23.906 [FXGL Background Thread 1 ] DEBUG FXGL.DefaultMenu     - createOptionsMenu()
18:22:23.912 [FXGL Background Thread 1 ] DEBUG FXGLAssetLoaderServi - Loading from file system: jar:file:///Users/meo/.m2/repository/com/github/almasb/fxgl/17.2/fxgl-17.2.jar!/fxglassets/textures/particles/smoke.png
18:22:23.972 [FXGL Background Thread 1 ] DEBUG FXGLAssetLoaderServi - Loading from file system: jar:file:///Users/meo/.m2/repository/com/github/almasb/fxgl/17.2/fxgl-17.2.jar!/fxglassets/textures/particles/trace_horizontal.png
18:22:23.990 [FXGL Background Thread 1 ] DEBUG FXGL.DefaultMenu     - createMenuBodyGameMenu()
18:22:23.990 [FXGL Background Thread 1 ] DEBUG FXGL.DefaultMenu     - createOptionsMenu()
18:22:24.009 [FXGL Background Thread 1 ] DEBUG GameApplicationServi - Application scenes initialized
18:22:24.015 [FXGL Background Thread 1 ] DEBUG SystemBundleService  - Loading FXGL system data
18:22:24.017 [FXGL Background Thread 1 ] DEBUG FileSystemAccess     - Reading from: /Users/meo/Desktop/CSC1004/javaproject/CSC1004java/system/fxgl.bundle
18:22:24.020 [FXGL Background Thread 1 ] DEBUG SystemBundleService  - Bundle FXGL: {}
18:22:24.020 [FXGL Background Thread 1 ] DEBUG UpdaterService       - Checking for updates
18:22:24.022 [FXGL Background Thread 4 ] DEBUG FXGLApplication      - Loading fonts
18:22:24.022 [FXGL Background Thread 1 ] DEBUG FXGLApplication      - Loading default localization
18:22:24.022 [FXGL Background Thread 4 ] DEBUG FXGLAssetLoaderServi - Loading from file system: jar:file:///Users/meo/.m2/repository/com/github/almasb/fxgl/17.2/fxgl-17.2.jar!/fxglassets/ui/fonts/VarelaRound-Regular.ttf
18:22:24.023 [FXGL Background Thread 1 ] DEBUG FXGLAssetLoaderServi - Loading from file system: jar:file:///Users/meo/.m2/repository/com/github/almasb/fxgl/17.2/fxgl-17.2.jar!/fxglassets/languages/english.lang
18:22:24.030 [FXGL Background Thread 4 ] DEBUG FXGLAssetLoaderServi - Loading from file system: jar:file:///Users/meo/.m2/repository/com/github/almasb/fxgl/17.2/fxgl-17.2.jar!/fxglassets/ui/fonts/Abel-Regular.ttf
18:22:24.032 [FXGL Background Thread 4 ] DEBUG FXGLAssetLoaderServi - Loading from file system: jar:file:///Users/meo/.m2/repository/com/github/almasb/fxgl/17.2/fxgl-17.2.jar!/fxglassets/ui/fonts/TerminalLandMono-Regular.otf
18:22:24.033 [FXGL Background Thread 1 ] INFO  FXGLApplication      - FXGL initialization took: 0.344 sec
18:22:24.033 [FXGL Background Thread 4 ] DEBUG FXGLAssetLoaderServi - Loading from file system: jar:file:///Users/meo/.m2/repository/com/github/almasb/fxgl/17.2/fxgl-17.2.jar!/fxglassets/ui/fonts/Courier-Prime.ttf
18:22:24.037 [JavaFX Application Thread] DEBUG Input                - Registered new binding: Up - W
18:22:24.037 [JavaFX Application Thread] DEBUG Input                - Registered new binding: Down - S
18:22:24.037 [JavaFX Application Thread] DEBUG Input                - Registered new binding: Left - A
18:22:24.037 [JavaFX Application Thread] DEBUG Input                - Registered new binding: Right - D
18:22:24.037 [JavaFX Application Thread] DEBUG Input                - Registered new binding: Shoot - LMB
18:22:24.038 [JavaFX Application Thread] DEBUG FXGLAssetLoaderServi - Loading from file system: jar:file:///Users/meo/.m2/repository/com/github/almasb/fxgl/17.2/fxgl-17.2.jar!/fxglassets/textures/fxgl_icon.png
18:22:24.057 [JavaFX Application Thread] DEBUG FXGLAssetLoaderServi - Loading from file system: jar:file:///Users/meo/.m2/repository/com/github/almasb/fxgl/17.2/fxgl-17.2.jar!/fxglassets/textures/fxgl_default_cursor.png
18:22:24.059 [JavaFX Application Thread] DEBUG Input                - Registered new binding: Screenshot - CTRL+8
18:22:24.059 [JavaFX Application Thread] DEBUG Input                - Registered new binding: System info dump - CTRL+9
18:22:24.059 [JavaFX Application Thread] DEBUG Input                - Registered new binding: Restart - CTRL+R
18:22:24.059 [JavaFX Application Thread] DEBUG Input                - Registered new binding: Toggle Debug Camera - CTRL+7
18:22:24.060 [JavaFX Application Thread] DEBUG LoopRunner           - Starting loop
18:22:24.060 [JavaFX Application Thread] DEBUG LoopRunner           - Initializing JavaFX AnimationTimerLoop
18:22:24.061 [JavaFX Application Thread] DEBUG Input                - Clearing active input actions
18:22:24.065 [JavaFX Application Thread] DEBUG GameApplicationServi - Removing overlay from FXGLStartupScene and adding to FXGLMainMenuDummyScene
18:22:24.065 [JavaFX Application Thread] DEBUG PrimaryStageWindow   - FXGLStartupScene -> FXGLMainMenuDummyScene
18:22:24.065 [JavaFX Application Thread] DEBUG PrimaryStageWindow   - Push state: FXGLDefaultMenu
18:22:24.067 [JavaFX Application Thread] DEBUG Input                - Clearing active input actions
18:22:24.070 [JavaFX Application Thread] DEBUG GameApplicationServi - Removing overlay from FXGLMainMenuDummyScene and adding to FXGLDefaultMenu
18:22:24.071 [JavaFX Application Thread] DEBUG PrimaryStageWindow   - FXGLMainMenuDummyScene -> FXGLDefaultMenu
18:22:24.088 [JavaFX Application Thread] DEBUG FXGLApplication      - Registering font factories with UI factory
18:22:24.759 [JavaFX Application Thread] DEBUG Menu                 - fireNewGame()
18:22:24.759 [JavaFX Application Thread] DEBUG GameApplicationServi - Starting new game
18:22:24.760 [JavaFX Application Thread] DEBUG PrimaryStageWindow   - Pop state: FXGLDefaultMenu
18:22:24.760 [JavaFX Application Thread] DEBUG Input                - Clearing active input actions
18:22:24.760 [JavaFX Application Thread] DEBUG GameApplicationServi - Removing overlay from FXGLDefaultMenu and adding to FXGLMainMenuDummyScene
18:22:24.761 [JavaFX Application Thread] DEBUG PrimaryStageWindow   - FXGLMainMenuDummyScene <- FXGLDefaultMenu
18:22:24.761 [JavaFX Application Thread] DEBUG Input                - Clearing active input actions
18:22:24.764 [JavaFX Application Thread] DEBUG GameApplicationServi - Removing overlay from FXGLMainMenuDummyScene and adding to FXGLLoadingScene
18:22:24.764 [JavaFX Application Thread] DEBUG PrimaryStageWindow   - FXGLMainMenuDummyScene -> FXGLLoadingScene
18:22:24.764 [JavaFX Application Thread] DEBUG GameApplicationServi - Clearing previous game
18:22:24.764 [JavaFX Application Thread] DEBUG GameScene            - Clearing game scene
18:22:24.764 [JavaFX Application Thread] DEBUG GameWorld            - Clearing game world
18:22:24.764 [JavaFX Application Thread] DEBUG PhysicsWorld         - Clearing physics world
18:22:24.766 [FXGL Background Thread 4 ] DEBUG FXGLApplication      - Initializing game
18:22:24.766 [FXGL Background Thread 4 ] DEBUG FXGLAssetLoaderServi - Loading from file system: file:/Users/meo/Desktop/CSC1004/javaproject/CSC1004java/target/classes/assets/music/Crypteque1.mp3
18:22:24.968 [FXGL Background Thread 4 ] DEBUG AudioPlayer          - Playing music com.almasb.fxgl.audio.Music@2c09d435
18:22:24.983 [FXGL Background Thread 4 ] WARN  TMXLevelLoader       - TiledMap generated from 1.9.2. Supported version: 1.9.0. Some features may not be parsed fully.
18:22:24.991 [FXGL Background Thread 4 ] DEBUG TMXLevelLoader       - Parsed TiledMap: file:/Users/meo/Desktop/CSC1004/javaproject/CSC1004java/target/classes/assets/levels/TestLevel.tmx
18:22:24.992 [FXGL Background Thread 4 ] DEBUG TMXLevelLoader       - Creating tile layer entities
18:22:24.992 [FXGL Background Thread 4 ] DEBUG TilesetLoader        - Loading view for layer p1
18:22:24.993 [FXGL Background Thread 4 ] DEBUG TilesetLoader        - Created buffer with size 800.0x800.0
18:22:25.000 [FXGL Background Thread 4 ] DEBUG TMXLevelLoader       - Creating object layer entities
18:22:25.000 [FXGL Background Thread 4 ] DEBUG GameWorld            - Clearing removable entities
18:22:25.001 [FXGL Background Thread 4 ] DEBUG GameWorld            - Setting level: com.almasb.fxgl.entity.level.Level@132ce139
18:22:25.016 [FXGL Background Thread 4 ] INFO  FXGLApplication      - Game initialization took: 0.250 sec
18:22:25.016 [JavaFX Application Thread] DEBUG Input                - Clearing active input actions
18:22:25.021 [JavaFX Application Thread] DEBUG GameApplicationServi - Removing overlay from FXGLLoadingScene and adding to GameScene
18:22:25.022 [JavaFX Application Thread] DEBUG PrimaryStageWindow   - FXGLLoadingScene -> GameScene
18:22:25.534 [JavaFX Application Thread] DEBUG FXGLAssetLoaderServi - Loading from file system: file:/Users/meo/Desktop/CSC1004/javaproject/CSC1004java/target/classes/assets/textures/brick.png
18:22:27.027 [FXGL Background Thread 3 ] DEBUG Engine               - Logging environment variables
18:22:27.029 [FXGL Background Thread 3 ] DEBUG Engine               - achievements: []
18:22:27.029 [FXGL Background Thread 3 ] DEBUG Engine               - actualHeight: 800.0
18:22:27.029 [FXGL Background Thread 3 ] DEBUG Engine               - actualHeightProperty: ReadOnlyDoubleProperty [value: 800.0]
18:22:27.029 [FXGL Background Thread 3 ] DEBUG Engine               - actualWidth: 800.0
18:22:27.029 [FXGL Background Thread 3 ] DEBUG Engine               - actualWidthProperty: ReadOnlyDoubleProperty [value: 800.0]
18:22:27.029 [FXGL Background Thread 3 ] DEBUG Engine               - appIcon: fxgl_icon.png
18:22:27.029 [FXGL Background Thread 3 ] DEBUG Engine               - applicationMode: DEVELOPER
18:22:27.030 [FXGL Background Thread 3 ] DEBUG Engine               - cSSList: [fxgl_dark.css]
18:22:27.030 [FXGL Background Thread 3 ] DEBUG Engine               - collisionDetectionStrategy: BRUTE_FORCE
18:22:27.030 [FXGL Background Thread 3 ] DEBUG Engine               - configClass: Optional.empty
18:22:27.030 [FXGL Background Thread 3 ] DEBUG Engine               - credits: []
18:22:27.030 [FXGL Background Thread 3 ] DEBUG Engine               - defaultCursor: CursorInfo(imageName=fxgl_default_cursor.png, hotspotX=7.0, hotspotY=6.0)
18:22:27.030 [FXGL Background Thread 3 ] DEBUG Engine               - devBBoxColorProperty: ObjectProperty [value: 0xff0000ff]
18:22:27.031 [FXGL Background Thread 3 ] DEBUG Engine               - devEnableDebugCameraProperty: BooleanProperty [value: false]
18:22:27.031 [FXGL Background Thread 3 ] DEBUG Engine               - devSensorColorProperty: ObjectProperty [value: 0xffff00ff]
18:22:27.031 [FXGL Background Thread 3 ] DEBUG Engine               - devShowBBoxProperty: BooleanProperty [value: false]
18:22:27.031 [FXGL Background Thread 3 ] DEBUG Engine               - devShowPositionProperty: BooleanProperty [value: false]
18:22:27.031 [FXGL Background Thread 3 ] DEBUG Engine               - enabledMenuItems: []
18:22:27.031 [FXGL Background Thread 3 ] DEBUG Engine               - engineServices: [class com.almasb.fxgl.app.services.FXGLAssetLoaderService, class com.almasb.fxgl.app.FXGLApplication$GameApplicationService, class com.almasb.fxgl.app.services.FXGLDialogService, class com.almasb.fxgl.app.services.IOTaskExecutorService, class com.almasb.fxgl.io.FileSystemService, class com.almasb.fxgl.localization.LocalizationService, class com.almasb.fxgl.app.services.SystemBundleService, class com.almasb.fxgl.profile.SaveLoadService, class com.almasb.fxgl.ui.FXGLUIFactoryServiceProvider, class com.almasb.fxgl.ui.FXGLDialogFactoryServiceProvider, class com.almasb.fxgl.audio.AudioPlayer, class com.almasb.fxgl.notification.impl.NotificationServiceProvider, class com.almasb.fxgl.achievement.AchievementService, class com.almasb.fxgl.cutscene.CutsceneService, class com.almasb.fxgl.minigames.MiniGameService, class com.almasb.fxgl.net.NetService, class com.almasb.fxgl.app.services.UpdaterService, class com.almasb.fxgl.dev.DevService]
18:22:27.031 [FXGL Background Thread 3 ] DEBUG Engine               - fontGame: Abel-Regular.ttf
18:22:27.031 [FXGL Background Thread 3 ] DEBUG Engine               - fontMono: TerminalLandMono-Regular.otf
18:22:27.031 [FXGL Background Thread 3 ] DEBUG Engine               - fontText: Courier-Prime.ttf
18:22:27.031 [FXGL Background Thread 3 ] DEBUG Engine               - fontUI: VarelaRound-Regular.ttf
18:22:27.031 [FXGL Background Thread 3 ] DEBUG Engine               - fullScreen: BooleanProperty [value: false]
18:22:27.032 [FXGL Background Thread 3 ] DEBUG Engine               - gameDifficulty: MEDIUM
18:22:27.032 [FXGL Background Thread 3 ] DEBUG Engine               - gameDifficultyProperty: ObjectProperty [value: MEDIUM]
18:22:27.032 [FXGL Background Thread 3 ] DEBUG Engine               - globalMusicVolume: 0.5
18:22:27.032 [FXGL Background Thread 3 ] DEBUG Engine               - globalMusicVolumeProperty: DoubleProperty [value: 0.5]
18:22:27.032 [FXGL Background Thread 3 ] DEBUG Engine               - globalSoundVolume: 0.5
18:22:27.032 [FXGL Background Thread 3 ] DEBUG Engine               - globalSoundVolumeProperty: DoubleProperty [value: 0.5]
18:22:27.032 [FXGL Background Thread 3 ] DEBUG Engine               - height: 800
18:22:27.032 [FXGL Background Thread 3 ] DEBUG Engine               - is3D: false
18:22:27.032 [FXGL Background Thread 3 ] DEBUG Engine               - isAndroid: false
18:22:27.032 [FXGL Background Thread 3 ] DEBUG Engine               - isBrowser: false
18:22:27.032 [FXGL Background Thread 3 ] DEBUG Engine               - isClickFeedbackEnabled: false
18:22:27.032 [FXGL Background Thread 3 ] DEBUG Engine               - isCloseConfirmation: false
18:22:27.032 [FXGL Background Thread 3 ] DEBUG Engine               - isDesktop: true
18:22:27.033 [FXGL Background Thread 3 ] DEBUG Engine               - isDeveloperMenuEnabled: false
18:22:27.033 [FXGL Background Thread 3 ] DEBUG Engine               - isEmbedded: false
18:22:27.033 [FXGL Background Thread 3 ] DEBUG Engine               - isEntityPreloadEnabled: true
18:22:27.033 [FXGL Background Thread 3 ] DEBUG Engine               - isExperimentalTiledLargeMap: false
18:22:27.033 [FXGL Background Thread 3 ] DEBUG Engine               - isFileSystemWriteAllowed: true
18:22:27.033 [FXGL Background Thread 3 ] DEBUG Engine               - isFullScreenAllowed: false
18:22:27.033 [FXGL Background Thread 3 ] DEBUG Engine               - isFullScreenFromStart: false
18:22:27.033 [FXGL Background Thread 3 ] DEBUG Engine               - isGameMenuEnabled: true
18:22:27.033 [FXGL Background Thread 3 ] DEBUG Engine               - isIOS: false
18:22:27.033 [FXGL Background Thread 3 ] DEBUG Engine               - isIntroEnabled: false
18:22:27.033 [FXGL Background Thread 3 ] DEBUG Engine               - isLinux: false
18:22:27.033 [FXGL Background Thread 3 ] DEBUG Engine               - isMac: true
18:22:27.033 [FXGL Background Thread 3 ] DEBUG Engine               - isMainMenuEnabled: true
18:22:27.033 [FXGL Background Thread 3 ] DEBUG Engine               - isManualResizeEnabled: true
18:22:27.033 [FXGL Background Thread 3 ] DEBUG Engine               - isMobile: false
18:22:27.033 [FXGL Background Thread 3 ] DEBUG Engine               - isNative: false
18:22:27.033 [FXGL Background Thread 3 ] DEBUG Engine               - isPauseMusicWhenMinimized: true
18:22:27.034 [FXGL Background Thread 3 ] DEBUG Engine               - isPreserveResizeRatio: true
18:22:27.034 [FXGL Background Thread 3 ] DEBUG Engine               - isProfilingEnabled: false
18:22:27.034 [FXGL Background Thread 3 ] DEBUG Engine               - isScaleAffectedOnResize: true
18:22:27.034 [FXGL Background Thread 3 ] DEBUG Engine               - isSingleStep: false
18:22:27.034 [FXGL Background Thread 3 ] DEBUG Engine               - isUserProfileEnabled: false
18:22:27.034 [FXGL Background Thread 3 ] DEBUG Engine               - isWindows: false
18:22:27.034 [FXGL Background Thread 3 ] DEBUG Engine               - language: ObjectProperty [value: ENGLISH]
18:22:27.034 [FXGL Background Thread 3 ] DEBUG Engine               - menuKey: ESCAPE
18:22:27.034 [FXGL Background Thread 3 ] DEBUG Engine               - mouseSensitivity: 0.2
18:22:27.034 [FXGL Background Thread 3 ] DEBUG Engine               - notificationViewClass: class com.almasb.fxgl.notification.view.XboxNotificationView
18:22:27.034 [FXGL Background Thread 3 ] DEBUG Engine               - pixelsPerMeter: 50.0
18:22:27.034 [FXGL Background Thread 3 ] DEBUG Engine               - platform: MAC
18:22:27.034 [FXGL Background Thread 3 ] DEBUG Engine               - prefHeightProperty: ReadOnlyDoubleProperty [value: 800.0]
18:22:27.035 [FXGL Background Thread 3 ] DEBUG Engine               - prefWidthProperty: ReadOnlyDoubleProperty [value: 800.0]
18:22:27.035 [FXGL Background Thread 3 ] DEBUG Engine               - profileDir: profiles/
18:22:27.035 [FXGL Background Thread 3 ] DEBUG Engine               - profileName: StringProperty [value: DEFAULT]
18:22:27.035 [FXGL Background Thread 3 ] DEBUG Engine               - randomSeed: -1
18:22:27.035 [FXGL Background Thread 3 ] DEBUG Engine               - runtimeInfo: RuntimeInfo(platform=MAC, version=17.2, build=20.08.2022 16.50)
18:22:27.035 [FXGL Background Thread 3 ] DEBUG Engine               - saveFileExt: sav
18:22:27.035 [FXGL Background Thread 3 ] DEBUG Engine               - scaledHeightProp$fxgl: DoubleProperty [bound, value: 800.0]
18:22:27.035 [FXGL Background Thread 3 ] DEBUG Engine               - scaledWidthProp$fxgl: DoubleProperty [bound, value: 800.0]
18:22:27.035 [FXGL Background Thread 3 ] DEBUG Engine               - sceneFactory: com.almasb.fxgl.app.scene.SceneFactory@5ccfbeb8
18:22:27.036 [FXGL Background Thread 3 ] DEBUG Engine               - secondsIn24h: 60
18:22:27.036 [FXGL Background Thread 3 ] DEBUG Engine               - soundMenuBack: menu/back.wav
18:22:27.036 [FXGL Background Thread 3 ] DEBUG Engine               - soundMenuPress: menu/press.wav
18:22:27.036 [FXGL Background Thread 3 ] DEBUG Engine               - soundMenuSelect: menu/select.wav
18:22:27.036 [FXGL Background Thread 3 ] DEBUG Engine               - soundNotification: core/notification.wav
18:22:27.036 [FXGL Background Thread 3 ] DEBUG Engine               - stageStyle: DECORATED
18:22:27.036 [FXGL Background Thread 3 ] DEBUG Engine               - supportedLanguages: [ENGLISH, FRENCH, GERMAN, HUNGARIAN, RUSSIAN]
18:22:27.036 [FXGL Background Thread 3 ] DEBUG Engine               - ticksPerSecond: -1
18:22:27.036 [FXGL Background Thread 3 ] DEBUG Engine               - title: McDonalism
18:22:27.036 [FXGL Background Thread 3 ] DEBUG Engine               - urlGithub: https://github.com/AlmasB/FXGL
18:22:27.036 [FXGL Background Thread 3 ] DEBUG Engine               - urlLeaderboard: http://fxgl-top.herokuapp.com/
18:22:27.036 [FXGL Background Thread 3 ] DEBUG Engine               - urlPOM: https://raw.githubusercontent.com/AlmasB/FXGL/release/README.md
18:22:27.036 [FXGL Background Thread 3 ] DEBUG Engine               - userAppClass: class testPackage.McDonalismApp
18:22:27.036 [FXGL Background Thread 3 ] DEBUG Engine               - version: 0.1
18:22:27.036 [FXGL Background Thread 3 ] DEBUG Engine               - versionCheckDays: 7
18:22:27.036 [FXGL Background Thread 3 ] DEBUG Engine               - width: 800
18:22:27.036 [FXGL Background Thread 3 ] DEBUG Engine               - Logging services
18:22:27.036 [FXGL Background Thread 3 ] DEBUG Engine               - class com.almasb.fxgl.app.services.FXGLAssetLoaderService
18:22:27.036 [FXGL Background Thread 3 ] DEBUG Engine               - class com.almasb.fxgl.app.FXGLApplication$GameApplicationService
18:22:27.036 [FXGL Background Thread 3 ] DEBUG Engine               - class com.almasb.fxgl.app.services.FXGLDialogService
18:22:27.037 [FXGL Background Thread 3 ] DEBUG Engine               - class com.almasb.fxgl.app.services.IOTaskExecutorService
18:22:27.037 [FXGL Background Thread 3 ] DEBUG Engine               - class com.almasb.fxgl.io.FileSystemService
18:22:27.037 [FXGL Background Thread 3 ] DEBUG Engine               - class com.almasb.fxgl.localization.LocalizationService
18:22:27.037 [FXGL Background Thread 3 ] DEBUG Engine               - class com.almasb.fxgl.app.services.SystemBundleService
18:22:27.037 [FXGL Background Thread 3 ] DEBUG Engine               - class com.almasb.fxgl.profile.SaveLoadService
18:22:27.037 [FXGL Background Thread 3 ] DEBUG Engine               - class com.almasb.fxgl.ui.FXGLUIFactoryServiceProvider
18:22:27.037 [FXGL Background Thread 3 ] DEBUG Engine               - class com.almasb.fxgl.ui.FXGLDialogFactoryServiceProvider
18:22:27.037 [FXGL Background Thread 3 ] DEBUG Engine               - class com.almasb.fxgl.audio.AudioPlayer
18:22:27.037 [FXGL Background Thread 3 ] DEBUG Engine               - class com.almasb.fxgl.notification.impl.NotificationServiceProvider
18:22:27.037 [FXGL Background Thread 3 ] DEBUG Engine               - class com.almasb.fxgl.achievement.AchievementService
18:22:27.037 [FXGL Background Thread 3 ] DEBUG Engine               - class com.almasb.fxgl.cutscene.CutsceneService
18:22:27.037 [FXGL Background Thread 3 ] DEBUG Engine               - class com.almasb.fxgl.minigames.MiniGameService
18:22:27.037 [FXGL Background Thread 3 ] DEBUG Engine               - class com.almasb.fxgl.net.NetService
18:22:27.037 [FXGL Background Thread 3 ] DEBUG Engine               - class com.almasb.fxgl.app.services.UpdaterService
18:22:27.037 [FXGL Background Thread 3 ] DEBUG Engine               - class com.almasb.fxgl.dev.DevService
18:22:53.733 [JavaFX Application Thread] DEBUG FXGLAssetLoaderServi - Loading from file system: file:/Users/meo/Desktop/CSC1004/javaproject/CSC1004java/target/classes/assets/sounds/gunfire.wav
18:22:57.509 [JavaFX Application Thread] DEBUG FXGLApplication      - Exiting FXGL
18:22:57.509 [JavaFX Application Thread] DEBUG LoopRunner           - Stopping loop
18:22:57.509 [JavaFX Application Thread] DEBUG SystemBundleService  - Saving FXGL system data
18:22:57.511 [JavaFX Application Thread] DEBUG FileSystemAccess     - Writing to: /Users/meo/Desktop/CSC1004/javaproject/CSC1004java/system/fxgl.bundle
18:22:57.512 [JavaFX Application Thread] DEBUG Async                - Shutting down background threads
18:22:57.512 [JavaFX Application Thread] DEBUG PrimaryStageWindow   - Closing main window
18:22:57.516 [JavaFX Application Thread] DEBUG Logger               - Closing Logger
