01:31:23.028 [main                     ] DEBUG Logger               - Configured Logger
01:31:23.044 [main                     ] DEBUG GameApplication      - Logging settings
Title: McDonalism
Version: 0.1
Width: 720
Height: 540
Fullscreen: false
Intro: false
Profiling: false
Single step:false
App Mode: DEVELOPER
Menu Key: ESCAPE
Stage Style: DECORATED
Scene Factory: class testPackage.McDonalismApp$1

01:31:23.257 [JavaFX Application Thread] DEBUG FXGLApplication      - Initializing FXGL
01:31:23.260 [JavaFX Application Thread] INFO  Engine               - FXGL-17.3 (30.03.2023 11.49) on MAC (J:17.0.6 FX:20)
01:31:23.260 [JavaFX Application Thread] DEBUG Engine               - JRE Vendor Name: Amazon.com Inc.
01:31:23.261 [JavaFX Application Thread] DEBUG Engine               - Running on OS: Mac OS X version 13.2.1
01:31:23.261 [JavaFX Application Thread] DEBUG Engine               - Architecture: aarch64
01:31:23.261 [JavaFX Application Thread] INFO  Engine               - Source code and latest versions at: https://github.com/AlmasB/FXGL
01:31:23.261 [JavaFX Application Thread] INFO  Engine               -       Ask questions and discuss at: https://github.com/AlmasB/FXGL/discussions
01:31:23.261 [JavaFX Application Thread] INFO  Engine               -              Join the FXGL chat at: https://gitter.im/AlmasB/FXGL
01:31:23.306 [JavaFX Application Thread] DEBUG PrimaryStageWindow   - Creating a JavaFX scene
01:31:23.327 [JavaFX Application Thread] DEBUG PrimaryStageWindow   - Target settings size: 720.0 x 540.0
01:31:23.327 [JavaFX Application Thread] DEBUG PrimaryStageWindow   - Scaled scene size:    720.0 x 540.0
01:31:23.327 [JavaFX Application Thread] DEBUG PrimaryStageWindow   - Scaled ratio: (1.0, 1.0)
01:31:23.328 [JavaFX Application Thread] DEBUG PrimaryStageWindow   - Set initial scene to FXGLStartupScene
01:31:23.329 [JavaFX Application Thread] DEBUG PrimaryStageWindow   - Opening main window
01:31:23.374 [JavaFX Application Thread] DEBUG PrimaryStageWindow   - Window border size: (0.0, 28.0)
01:31:23.374 [JavaFX Application Thread] DEBUG PrimaryStageWindow   - Scaled size: 720.0 x 540.0
01:31:23.374 [JavaFX Application Thread] DEBUG PrimaryStageWindow   - Scaled ratio: (1.0, 1.0)
01:31:23.375 [JavaFX Application Thread] DEBUG PrimaryStageWindow   - Scene size: 720.0 x 540.0
01:31:23.375 [JavaFX Application Thread] DEBUG PrimaryStageWindow   - Stage size: 720.0 x 568.0
01:31:23.377 [FXGL Background Thread 1 ] DEBUG Engine               - Initializing environment variables
01:31:23.391 [FXGL Background Thread 1 ] DEBUG FXGLAssetLoaderServi - User app class for loading assets: class testPackage.McDonalismApp
01:31:23.391 [FXGL Background Thread 1 ] DEBUG GameApplicationServi - Applying CSS: fxgl_dark.css
01:31:23.391 [FXGL Background Thread 1 ] DEBUG FXGLAssetLoaderServi - Loading from file system: jar:file:///Users/meo/.m2/repository/com/github/almasb/fxgl/17.3/fxgl-17.3.jar!/fxglassets/ui/css/fxgl_dark.css
01:31:23.413 [FXGL Background Thread 1 ] DEBUG GameApplicationServi - Initializing application scenes
01:31:23.551 [FXGL Background Thread 1 ] DEBUG GameWorld            - Game world initialized
01:31:23.580 [FXGL Background Thread 1 ] DEBUG PhysicsWorld         - Physics world initialized: appHeight=540, physics.ppm=50.0
01:31:23.580 [FXGL Background Thread 1 ] DEBUG PhysicsWorld         - Using strategy: BRUTE_FORCE
01:31:23.582 [FXGL Background Thread 1 ] DEBUG GameScene            - Game scene initialized: 720x540
01:31:23.589 [FXGL Background Thread 1 ] WARN  FXGLAssetLoaderServi - Asset "/assets/textures/ui/icon.png" was not found!
01:31:23.589 [FXGL Background Thread 1 ] WARN  FXGLAssetLoaderServi - Failed to load IMAGE
01:31:23.601 [FXGL Background Thread 1 ] WARN  FXGLAssetLoaderServi - Asset "/assets/textures/ui/icon.png" was not found!
01:31:23.601 [FXGL Background Thread 1 ] WARN  FXGLAssetLoaderServi - Failed to load IMAGE
01:31:23.601 [FXGL Background Thread 1 ] WARN  FXGLAssetLoaderServi - Asset "/assets/textures/ui/icon.png" was not found!
01:31:23.602 [FXGL Background Thread 1 ] WARN  FXGLAssetLoaderServi - Failed to load IMAGE
01:31:23.607 [FXGL Background Thread 1 ] WARN  FXGL.DefaultMenu     - FXGLDefaultMenu is not designed for resolutions < 800x600
01:31:23.607 [FXGL Background Thread 1 ] DEBUG FXGL.DefaultMenu     - createMenuBodyGameMenu()
01:31:23.612 [FXGL Background Thread 1 ] DEBUG FXGL.DefaultMenu     - createOptionsMenu()
01:31:23.616 [FXGL Background Thread 1 ] DEBUG FXGLAssetLoaderServi - Loading from file system: jar:file:///Users/meo/.m2/repository/com/github/almasb/fxgl/17.3/fxgl-17.3.jar!/fxglassets/textures/particles/smoke.png
01:31:23.662 [FXGL Background Thread 1 ] DEBUG FXGLAssetLoaderServi - Loading from file system: jar:file:///Users/meo/.m2/repository/com/github/almasb/fxgl/17.3/fxgl-17.3.jar!/fxglassets/textures/particles/trace_horizontal.png
01:31:23.676 [FXGL Background Thread 1 ] DEBUG GameApplicationServi - Application scenes initialized
01:31:23.681 [FXGL Background Thread 1 ] DEBUG SystemBundleService  - Loading FXGL system data
01:31:23.684 [FXGL Background Thread 1 ] DEBUG FileSystemAccess     - Reading from: /Users/meo/Desktop/CSC1004/javaproject/CSC1004java/system/fxgl.bundle
01:31:23.688 [FXGL Background Thread 1 ] DEBUG SystemBundleService  - Bundle FXGL: {}
01:31:23.688 [FXGL Background Thread 1 ] DEBUG UpdaterService       - Checking for updates
01:31:23.690 [FXGL Background Thread 4 ] DEBUG FXGLApplication      - Loading fonts
01:31:23.690 [FXGL Background Thread 4 ] DEBUG FXGLAssetLoaderServi - Loading from file system: jar:file:///Users/meo/.m2/repository/com/github/almasb/fxgl/17.3/fxgl-17.3.jar!/fxglassets/ui/fonts/VarelaRound-Regular.ttf
01:31:23.690 [FXGL Background Thread 1 ] DEBUG FXGLApplication      - Loading default localization
01:31:23.691 [FXGL Background Thread 1 ] DEBUG FXGLAssetLoaderServi - Loading from file system: jar:file:///Users/meo/.m2/repository/com/github/almasb/fxgl/17.3/fxgl-17.3.jar!/fxglassets/languages/english.lang
01:31:23.698 [FXGL Background Thread 4 ] DEBUG FXGLAssetLoaderServi - Loading from file system: jar:file:///Users/meo/.m2/repository/com/github/almasb/fxgl/17.3/fxgl-17.3.jar!/fxglassets/ui/fonts/Abel-Regular.ttf
01:31:23.700 [FXGL Background Thread 4 ] DEBUG FXGLAssetLoaderServi - Loading from file system: jar:file:///Users/meo/.m2/repository/com/github/almasb/fxgl/17.3/fxgl-17.3.jar!/fxglassets/ui/fonts/TerminalLandMono-Regular.otf
01:31:23.701 [FXGL Background Thread 4 ] DEBUG FXGLAssetLoaderServi - Loading from file system: jar:file:///Users/meo/.m2/repository/com/github/almasb/fxgl/17.3/fxgl-17.3.jar!/fxglassets/ui/fonts/Courier-Prime.ttf
01:31:23.701 [FXGL Background Thread 1 ] INFO  FXGLApplication      - FXGL initialization took: 0.324 sec
01:31:23.706 [JavaFX Application Thread] DEBUG Input                - Registered new binding: Up - W
01:31:23.706 [JavaFX Application Thread] DEBUG Input                - Registered new binding: Down - S
01:31:23.706 [JavaFX Application Thread] DEBUG Input                - Registered new binding: Left - A
01:31:23.706 [JavaFX Application Thread] DEBUG Input                - Registered new binding: Right - D
01:31:23.706 [JavaFX Application Thread] DEBUG Input                - Registered new binding: Shoot - LMB
01:31:23.706 [JavaFX Application Thread] DEBUG FXGLAssetLoaderServi - Loading from file system: file:/Users/meo/Desktop/CSC1004/javaproject/CSC1004java/target/classes/assets/music/Crypteque1.mp3
01:31:23.815 [JavaFX Application Thread] DEBUG FXGLAssetLoaderServi - Loading from file system: file:/Users/meo/Desktop/CSC1004/javaproject/CSC1004java/target/classes/assets/sounds/gunfire.wav
01:31:23.821 [JavaFX Application Thread] DEBUG FXGLAssetLoaderServi - Loading from file system: jar:file:///Users/meo/.m2/repository/com/github/almasb/fxgl/17.3/fxgl-17.3.jar!/fxglassets/textures/fxgl_icon.png
01:31:23.833 [JavaFX Application Thread] DEBUG FXGLAssetLoaderServi - Loading from file system: jar:file:///Users/meo/.m2/repository/com/github/almasb/fxgl/17.3/fxgl-17.3.jar!/fxglassets/textures/fxgl_default_cursor.png
01:31:23.834 [JavaFX Application Thread] DEBUG Input                - Registered new binding: Screenshot - CTRL+8
01:31:23.834 [JavaFX Application Thread] DEBUG Input                - Registered new binding: System info dump - CTRL+9
01:31:23.834 [JavaFX Application Thread] DEBUG Input                - Registered new binding: Restart - CTRL+R
01:31:23.834 [JavaFX Application Thread] DEBUG Input                - Registered new binding: Toggle Debug Camera - CTRL+7
01:31:23.835 [JavaFX Application Thread] DEBUG LoopRunner           - Starting loop
01:31:23.835 [JavaFX Application Thread] DEBUG LoopRunner           - Initializing JavaFX AnimationTimerLoop
01:31:23.836 [JavaFX Application Thread] DEBUG Input                - Clearing active input actions
01:31:23.840 [JavaFX Application Thread] DEBUG GameApplicationServi - Removing overlay from FXGLStartupScene and adding to FXGLMainMenuDummyScene
01:31:23.840 [JavaFX Application Thread] DEBUG PrimaryStageWindow   - FXGLStartupScene -> FXGLMainMenuDummyScene
01:31:23.840 [JavaFX Application Thread] DEBUG PrimaryStageWindow   - Push state: MainMenu
01:31:23.840 [JavaFX Application Thread] DEBUG Input                - Clearing active input actions
01:31:23.843 [JavaFX Application Thread] DEBUG GameApplicationServi - Removing overlay from FXGLMainMenuDummyScene and adding to MainMenu
01:31:23.843 [JavaFX Application Thread] DEBUG PrimaryStageWindow   - FXGLMainMenuDummyScene -> MainMenu
01:31:23.863 [JavaFX Application Thread] DEBUG FXGLApplication      - Registering font factories with UI factory
01:31:23.869 [JavaFX Application Thread] WARN  FXGLAssetLoaderServi - Asset "/assets/sounds/MenuSelections.wav" was not found!
01:31:23.870 [JavaFX Application Thread] WARN  FXGLAssetLoaderServi - Failed to load SOUND
01:31:24.231 [JavaFX Application Thread] WARN  FXGLAssetLoaderServi - Asset "/assets/sounds/MenuSelections.wav" was not found!
01:31:24.231 [JavaFX Application Thread] WARN  FXGLAssetLoaderServi - Failed to load SOUND
01:31:24.246 [JavaFX Application Thread] WARN  FXGLAssetLoaderServi - Asset "/assets/sounds/MenuSelections.wav" was not found!
01:31:24.246 [JavaFX Application Thread] WARN  FXGLAssetLoaderServi - Failed to load SOUND
01:31:24.386 [JavaFX Application Thread] WARN  FXGLAssetLoaderServi - Asset "/assets/sounds/MenuSelections.wav" was not found!
01:31:24.386 [JavaFX Application Thread] WARN  FXGLAssetLoaderServi - Failed to load SOUND
01:31:24.751 [JavaFX Application Thread] WARN  FXGLAssetLoaderServi - Asset "/assets/sounds/Confirm.wav" was not found!
01:31:24.751 [JavaFX Application Thread] WARN  FXGLAssetLoaderServi - Failed to load SOUND
01:31:24.751 [JavaFX Application Thread] DEBUG Menu                 - fireNewGame()
01:31:24.751 [JavaFX Application Thread] DEBUG GameApplicationServi - Starting new game
01:31:24.751 [JavaFX Application Thread] DEBUG PrimaryStageWindow   - Pop state: MainMenu
01:31:24.751 [JavaFX Application Thread] DEBUG Input                - Clearing active input actions
01:31:24.752 [JavaFX Application Thread] DEBUG GameApplicationServi - Removing overlay from MainMenu and adding to FXGLMainMenuDummyScene
01:31:24.752 [JavaFX Application Thread] DEBUG PrimaryStageWindow   - FXGLMainMenuDummyScene <- MainMenu
01:31:24.752 [JavaFX Application Thread] DEBUG Input                - Clearing active input actions
01:31:24.755 [JavaFX Application Thread] DEBUG GameApplicationServi - Removing overlay from FXGLMainMenuDummyScene and adding to FXGLLoadingScene
01:31:24.755 [JavaFX Application Thread] DEBUG PrimaryStageWindow   - FXGLMainMenuDummyScene -> FXGLLoadingScene
01:31:24.755 [JavaFX Application Thread] DEBUG GameApplicationServi - Clearing previous game
01:31:24.755 [JavaFX Application Thread] DEBUG GameScene            - Clearing game scene
01:31:24.755 [JavaFX Application Thread] DEBUG GameWorld            - Clearing game world
01:31:24.755 [JavaFX Application Thread] DEBUG PhysicsWorld         - Clearing physics world
01:31:24.756 [FXGL Background Thread 2 ] DEBUG FXGLApplication      - Initializing game
01:31:24.756 [FXGL Background Thread 2 ] DEBUG AudioPlayer          - Playing music com.almasb.fxgl.audio.Music@74397456
01:31:24.771 [FXGL Background Thread 2 ] WARN  TMXLevelLoader       - TiledMap generated from 1.9.2. Supported version: 1.9.0. Some features may not be parsed fully.
01:31:24.778 [FXGL Background Thread 2 ] DEBUG TMXLevelLoader       - Parsed TiledMap: file:/Users/meo/Desktop/CSC1004/javaproject/CSC1004java/target/classes/assets/levels/TestLevel.tmx
01:31:24.778 [FXGL Background Thread 2 ] DEBUG TMXLevelLoader       - Creating tile layer entities
01:31:24.779 [FXGL Background Thread 2 ] DEBUG TilesetLoader        - Loading view for layer 图块层 1
01:31:24.780 [FXGL Background Thread 2 ] DEBUG TilesetLoader        - Created buffer with size 1920.0x1440.0
01:31:24.812 [FXGL Background Thread 2 ] DEBUG TilesetLoader        - Loading view for layer 图块层 2
01:31:24.812 [FXGL Background Thread 2 ] DEBUG TilesetLoader        - Created buffer with size 1920.0x1440.0
01:31:24.823 [FXGL Background Thread 2 ] DEBUG TMXLevelLoader       - Creating object layer entities
01:31:24.832 [FXGL Background Thread 2 ] DEBUG GameWorld            - Clearing removable entities
01:31:24.832 [FXGL Background Thread 2 ] DEBUG GameWorld            - Setting level: com.almasb.fxgl.entity.level.Level@4b4b2a0c
01:31:24.847 [FXGL Background Thread 2 ] INFO  FXGLApplication      - Game initialization took: 0.091 sec
01:31:25.338 [JavaFX Application Thread] DEBUG Input                - Clearing active input actions
01:31:25.345 [JavaFX Application Thread] DEBUG GameApplicationServi - Removing overlay from FXGLLoadingScene and adding to GameScene
01:31:25.345 [JavaFX Application Thread] DEBUG PrimaryStageWindow   - FXGLLoadingScene -> GameScene
01:31:25.612 [JavaFX Application Thread] DEBUG FXGLAssetLoaderServi - Loading from file system: file:/Users/meo/Desktop/CSC1004/javaproject/CSC1004java/target/classes/assets/textures/brick.png
01:31:26.694 [FXGL Background Thread 3 ] DEBUG Engine               - Logging environment variables
01:31:26.695 [FXGL Background Thread 3 ] DEBUG Engine               - achievements: []
01:31:26.695 [FXGL Background Thread 3 ] DEBUG Engine               - actualHeight: 540.0
01:31:26.695 [FXGL Background Thread 3 ] DEBUG Engine               - actualHeightProperty: ReadOnlyDoubleProperty [value: 540.0]
01:31:26.695 [FXGL Background Thread 3 ] DEBUG Engine               - actualWidth: 720.0
01:31:26.695 [FXGL Background Thread 3 ] DEBUG Engine               - actualWidthProperty: ReadOnlyDoubleProperty [value: 720.0]
01:31:26.695 [FXGL Background Thread 3 ] DEBUG Engine               - appIcon: fxgl_icon.png
01:31:26.695 [FXGL Background Thread 3 ] DEBUG Engine               - applicationMode: DEVELOPER
01:31:26.695 [FXGL Background Thread 3 ] DEBUG Engine               - cSSList: [fxgl_dark.css]
01:31:26.695 [FXGL Background Thread 3 ] DEBUG Engine               - collisionDetectionStrategy: BRUTE_FORCE
01:31:26.695 [FXGL Background Thread 3 ] DEBUG Engine               - configClass: Optional.empty
01:31:26.695 [FXGL Background Thread 3 ] DEBUG Engine               - credits: []
01:31:26.695 [FXGL Background Thread 3 ] DEBUG Engine               - defaultCursor: CursorInfo(imageName=fxgl_default_cursor.png, hotspotX=7.0, hotspotY=6.0)
01:31:26.695 [FXGL Background Thread 3 ] DEBUG Engine               - devBBoxColorProperty: ObjectProperty [value: 0xff0000ff]
01:31:26.695 [FXGL Background Thread 3 ] DEBUG Engine               - devEnableDebugCameraProperty: BooleanProperty [value: false]
01:31:26.695 [FXGL Background Thread 3 ] DEBUG Engine               - devSensorColorProperty: ObjectProperty [value: 0xffff00ff]
01:31:26.695 [FXGL Background Thread 3 ] DEBUG Engine               - devShowBBoxProperty: BooleanProperty [value: false]
01:31:26.696 [FXGL Background Thread 3 ] DEBUG Engine               - devShowPositionProperty: BooleanProperty [value: false]
01:31:26.696 [FXGL Background Thread 3 ] DEBUG Engine               - enabledMenuItems: []
01:31:26.696 [FXGL Background Thread 3 ] DEBUG Engine               - engineServices: [class com.almasb.fxgl.app.services.FXGLAssetLoaderService, class com.almasb.fxgl.app.FXGLApplication$GameApplicationService, class com.almasb.fxgl.app.services.FXGLDialogService, class com.almasb.fxgl.app.services.IOTaskExecutorService, class com.almasb.fxgl.io.FileSystemService, class com.almasb.fxgl.localization.LocalizationService, class com.almasb.fxgl.app.services.SystemBundleService, class com.almasb.fxgl.profile.SaveLoadService, class com.almasb.fxgl.ui.FXGLUIFactoryServiceProvider, class com.almasb.fxgl.ui.FXGLDialogFactoryServiceProvider, class com.almasb.fxgl.audio.AudioPlayer, class com.almasb.fxgl.notification.impl.NotificationServiceProvider, class com.almasb.fxgl.achievement.AchievementService, class com.almasb.fxgl.cutscene.CutsceneService, class com.almasb.fxgl.minigames.MiniGameService, class com.almasb.fxgl.net.NetService, class com.almasb.fxgl.app.services.UpdaterService, class com.almasb.fxgl.dev.DevService]
01:31:26.696 [FXGL Background Thread 3 ] DEBUG Engine               - fontGame: Abel-Regular.ttf
01:31:26.696 [FXGL Background Thread 3 ] DEBUG Engine               - fontMono: TerminalLandMono-Regular.otf
01:31:26.696 [FXGL Background Thread 3 ] DEBUG Engine               - fontSizeScaleUI: 1.0
01:31:26.696 [FXGL Background Thread 3 ] DEBUG Engine               - fontText: Courier-Prime.ttf
01:31:26.696 [FXGL Background Thread 3 ] DEBUG Engine               - fontUI: VarelaRound-Regular.ttf
01:31:26.696 [FXGL Background Thread 3 ] DEBUG Engine               - fullScreen: BooleanProperty [value: false]
01:31:26.696 [FXGL Background Thread 3 ] DEBUG Engine               - gameDifficulty: MEDIUM
01:31:26.696 [FXGL Background Thread 3 ] DEBUG Engine               - gameDifficultyProperty: ObjectProperty [value: MEDIUM]
01:31:26.696 [FXGL Background Thread 3 ] DEBUG Engine               - globalMusicVolume: 0.5
01:31:26.696 [FXGL Background Thread 3 ] DEBUG Engine               - globalMusicVolumeProperty: DoubleProperty [value: 0.5]
01:31:26.696 [FXGL Background Thread 3 ] DEBUG Engine               - globalSoundVolume: 0.5
01:31:26.696 [FXGL Background Thread 3 ] DEBUG Engine               - globalSoundVolumeProperty: DoubleProperty [value: 0.5]
01:31:26.696 [FXGL Background Thread 3 ] DEBUG Engine               - height: 540
01:31:26.696 [FXGL Background Thread 3 ] DEBUG Engine               - is3D: false
01:31:26.696 [FXGL Background Thread 3 ] DEBUG Engine               - isAndroid: false
01:31:26.696 [FXGL Background Thread 3 ] DEBUG Engine               - isBrowser: false
01:31:26.696 [FXGL Background Thread 3 ] DEBUG Engine               - isClickFeedbackEnabled: false
01:31:26.696 [FXGL Background Thread 3 ] DEBUG Engine               - isCloseConfirmation: false
01:31:26.696 [FXGL Background Thread 3 ] DEBUG Engine               - isDesktop: true
01:31:26.696 [FXGL Background Thread 3 ] DEBUG Engine               - isDeveloperMenuEnabled: false
01:31:26.696 [FXGL Background Thread 3 ] DEBUG Engine               - isEmbedded: false
01:31:26.696 [FXGL Background Thread 3 ] DEBUG Engine               - isEntityPreloadEnabled: true
01:31:26.696 [FXGL Background Thread 3 ] DEBUG Engine               - isExperimentalTiledLargeMap: false
01:31:26.696 [FXGL Background Thread 3 ] DEBUG Engine               - isFileSystemWriteAllowed: true
01:31:26.696 [FXGL Background Thread 3 ] DEBUG Engine               - isFullScreenAllowed: false
01:31:26.696 [FXGL Background Thread 3 ] DEBUG Engine               - isFullScreenFromStart: false
01:31:26.696 [FXGL Background Thread 3 ] DEBUG Engine               - isGameMenuEnabled: true
01:31:26.696 [FXGL Background Thread 3 ] DEBUG Engine               - isIOS: false
01:31:26.697 [FXGL Background Thread 3 ] DEBUG Engine               - isIntroEnabled: false
01:31:26.697 [FXGL Background Thread 3 ] DEBUG Engine               - isLinux: false
01:31:26.697 [FXGL Background Thread 3 ] DEBUG Engine               - isMac: true
01:31:26.697 [FXGL Background Thread 3 ] DEBUG Engine               - isMainMenuEnabled: true
01:31:26.697 [FXGL Background Thread 3 ] DEBUG Engine               - isManualResizeEnabled: true
01:31:26.697 [FXGL Background Thread 3 ] DEBUG Engine               - isMobile: false
01:31:26.697 [FXGL Background Thread 3 ] DEBUG Engine               - isNative: false
01:31:26.697 [FXGL Background Thread 3 ] DEBUG Engine               - isPauseMusicWhenMinimized: true
01:31:26.697 [FXGL Background Thread 3 ] DEBUG Engine               - isPreserveResizeRatio: true
01:31:26.697 [FXGL Background Thread 3 ] DEBUG Engine               - isProfilingEnabled: false
01:31:26.697 [FXGL Background Thread 3 ] DEBUG Engine               - isScaleAffectedOnResize: true
01:31:26.697 [FXGL Background Thread 3 ] DEBUG Engine               - isSingleStep: false
01:31:26.697 [FXGL Background Thread 3 ] DEBUG Engine               - isUserProfileEnabled: false
01:31:26.697 [FXGL Background Thread 3 ] DEBUG Engine               - isWindows: false
01:31:26.697 [FXGL Background Thread 3 ] DEBUG Engine               - language: ObjectProperty [value: ENGLISH]
01:31:26.697 [FXGL Background Thread 3 ] DEBUG Engine               - menuKey: ESCAPE
01:31:26.697 [FXGL Background Thread 3 ] DEBUG Engine               - mouseSensitivity: 0.2
01:31:26.697 [FXGL Background Thread 3 ] DEBUG Engine               - notificationViewClass: class com.almasb.fxgl.notification.view.XboxNotificationView
01:31:26.697 [FXGL Background Thread 3 ] DEBUG Engine               - pixelsPerMeter: 50.0
01:31:26.697 [FXGL Background Thread 3 ] DEBUG Engine               - platform: MAC
01:31:26.697 [FXGL Background Thread 3 ] DEBUG Engine               - prefHeightProperty: ReadOnlyDoubleProperty [value: 540.0]
01:31:26.697 [FXGL Background Thread 3 ] DEBUG Engine               - prefWidthProperty: ReadOnlyDoubleProperty [value: 720.0]
01:31:26.697 [FXGL Background Thread 3 ] DEBUG Engine               - profileDir: profiles/
01:31:26.697 [FXGL Background Thread 3 ] DEBUG Engine               - profileName: StringProperty [value: DEFAULT]
01:31:26.697 [FXGL Background Thread 3 ] DEBUG Engine               - randomSeed: -1
01:31:26.697 [FXGL Background Thread 3 ] DEBUG Engine               - runtimeInfo: RuntimeInfo(platform=MAC, version=17.3, build=30.03.2023 11.49)
01:31:26.697 [FXGL Background Thread 3 ] DEBUG Engine               - saveFileExt: sav
01:31:26.697 [FXGL Background Thread 3 ] DEBUG Engine               - scaledHeightProp$fxgl: DoubleProperty [bound, value: 540.0]
01:31:26.697 [FXGL Background Thread 3 ] DEBUG Engine               - scaledWidthProp$fxgl: DoubleProperty [bound, value: 720.0]
01:31:26.697 [FXGL Background Thread 3 ] DEBUG Engine               - sceneFactory: testPackage.McDonalismApp$1@65e091da
01:31:26.698 [FXGL Background Thread 3 ] DEBUG Engine               - secondsIn24h: 60
01:31:26.698 [FXGL Background Thread 3 ] DEBUG Engine               - soundMenuBack: menu/back.wav
01:31:26.698 [FXGL Background Thread 3 ] DEBUG Engine               - soundMenuPress: menu/press.wav
01:31:26.698 [FXGL Background Thread 3 ] DEBUG Engine               - soundMenuSelect: menu/select.wav
01:31:26.698 [FXGL Background Thread 3 ] DEBUG Engine               - soundNotification: core/notification.wav
01:31:26.698 [FXGL Background Thread 3 ] DEBUG Engine               - stageStyle: DECORATED
01:31:26.698 [FXGL Background Thread 3 ] DEBUG Engine               - supportedLanguages: [ENGLISH, FRENCH, GERMAN, HUNGARIAN, RUSSIAN]
01:31:26.698 [FXGL Background Thread 3 ] DEBUG Engine               - ticksPerSecond: -1
01:31:26.698 [FXGL Background Thread 3 ] DEBUG Engine               - title: McDonalism
01:31:26.698 [FXGL Background Thread 3 ] DEBUG Engine               - urlGithub: https://github.com/AlmasB/FXGL
01:31:26.698 [FXGL Background Thread 3 ] DEBUG Engine               - urlLeaderboard: http://fxgl-top.herokuapp.com/
01:31:26.698 [FXGL Background Thread 3 ] DEBUG Engine               - urlPOM: https://raw.githubusercontent.com/AlmasB/FXGL/release/README.md
01:31:26.698 [FXGL Background Thread 3 ] DEBUG Engine               - userAppClass: class testPackage.McDonalismApp
01:31:26.698 [FXGL Background Thread 3 ] DEBUG Engine               - version: 0.1
01:31:26.698 [FXGL Background Thread 3 ] DEBUG Engine               - versionCheckDays: 7
01:31:26.698 [FXGL Background Thread 3 ] DEBUG Engine               - width: 720
01:31:26.698 [FXGL Background Thread 3 ] DEBUG Engine               - Logging services
01:31:26.698 [FXGL Background Thread 3 ] DEBUG Engine               - class com.almasb.fxgl.app.services.FXGLAssetLoaderService
01:31:26.698 [FXGL Background Thread 3 ] DEBUG Engine               - class com.almasb.fxgl.app.FXGLApplication$GameApplicationService
01:31:26.698 [FXGL Background Thread 3 ] DEBUG Engine               - class com.almasb.fxgl.app.services.FXGLDialogService
01:31:26.698 [FXGL Background Thread 3 ] DEBUG Engine               - class com.almasb.fxgl.app.services.IOTaskExecutorService
01:31:26.698 [FXGL Background Thread 3 ] DEBUG Engine               - class com.almasb.fxgl.io.FileSystemService
01:31:26.698 [FXGL Background Thread 3 ] DEBUG Engine               - class com.almasb.fxgl.localization.LocalizationService
01:31:26.698 [FXGL Background Thread 3 ] DEBUG Engine               - class com.almasb.fxgl.app.services.SystemBundleService
01:31:26.698 [FXGL Background Thread 3 ] DEBUG Engine               - class com.almasb.fxgl.profile.SaveLoadService
01:31:26.698 [FXGL Background Thread 3 ] DEBUG Engine               - class com.almasb.fxgl.ui.FXGLUIFactoryServiceProvider
01:31:26.698 [FXGL Background Thread 3 ] DEBUG Engine               - class com.almasb.fxgl.ui.FXGLDialogFactoryServiceProvider
01:31:26.698 [FXGL Background Thread 3 ] DEBUG Engine               - class com.almasb.fxgl.audio.AudioPlayer
01:31:26.698 [FXGL Background Thread 3 ] DEBUG Engine               - class com.almasb.fxgl.notification.impl.NotificationServiceProvider
01:31:26.698 [FXGL Background Thread 3 ] DEBUG Engine               - class com.almasb.fxgl.achievement.AchievementService
01:31:26.698 [FXGL Background Thread 3 ] DEBUG Engine               - class com.almasb.fxgl.cutscene.CutsceneService
01:31:26.698 [FXGL Background Thread 3 ] DEBUG Engine               - class com.almasb.fxgl.minigames.MiniGameService
01:31:26.698 [FXGL Background Thread 3 ] DEBUG Engine               - class com.almasb.fxgl.net.NetService
01:31:26.698 [FXGL Background Thread 3 ] DEBUG Engine               - class com.almasb.fxgl.app.services.UpdaterService
01:31:26.698 [FXGL Background Thread 3 ] DEBUG Engine               - class com.almasb.fxgl.dev.DevService
01:31:50.396 [JavaFX Application Thread] DEBUG FXGLApplication      - Exiting FXGL
01:31:50.396 [JavaFX Application Thread] DEBUG LoopRunner           - Stopping loop
01:31:50.396 [JavaFX Application Thread] DEBUG SystemBundleService  - Saving FXGL system data
01:31:50.399 [JavaFX Application Thread] DEBUG FileSystemAccess     - Writing to: /Users/meo/Desktop/CSC1004/javaproject/CSC1004java/system/fxgl.bundle
01:31:50.401 [JavaFX Application Thread] DEBUG Async                - Shutting down background threads
01:31:50.401 [JavaFX Application Thread] DEBUG PrimaryStageWindow   - Closing main window
01:31:50.411 [JavaFX Application Thread] DEBUG Logger               - Closing Logger
