18:27:21.455 [main                     ] DEBUG Logger               - Configured Logger
18:27:21.469 [main                     ] DEBUG GameApplication      - Logging settings
Title: McDonalism
Version: 0.8
Width: 720
Height: 540
Fullscreen: false
Intro: false
Profiling: false
Single step:false
App Mode: DEVELOPER
Menu Key: ESCAPE
Stage Style: DECORATED
Scene Factory: class testPackage.McDonalismApp$1

18:27:21.691 [JavaFX Application Thread] DEBUG FXGLApplication      - Initializing FXGL
18:27:21.694 [JavaFX Application Thread] INFO  Engine               - FXGL-17.3 (30.03.2023 11.49) on MAC (J:17.0.6 FX:20)
18:27:21.695 [JavaFX Application Thread] DEBUG Engine               - JRE Vendor Name: Amazon.com Inc.
18:27:21.695 [JavaFX Application Thread] DEBUG Engine               - Running on OS: Mac OS X version 13.2.1
18:27:21.695 [JavaFX Application Thread] DEBUG Engine               - Architecture: aarch64
18:27:21.695 [JavaFX Application Thread] INFO  Engine               - Source code and latest versions at: https://github.com/AlmasB/FXGL
18:27:21.695 [JavaFX Application Thread] INFO  Engine               -       Ask questions and discuss at: https://github.com/AlmasB/FXGL/discussions
18:27:21.695 [JavaFX Application Thread] INFO  Engine               -              Join the FXGL chat at: https://gitter.im/AlmasB/FXGL
18:27:21.753 [JavaFX Application Thread] DEBUG PrimaryStageWindow   - Creating a JavaFX scene
18:27:21.775 [JavaFX Application Thread] DEBUG PrimaryStageWindow   - Target settings size: 720.0 x 540.0
18:27:21.775 [JavaFX Application Thread] DEBUG PrimaryStageWindow   - Scaled scene size:    720.0 x 540.0
18:27:21.775 [JavaFX Application Thread] DEBUG PrimaryStageWindow   - Scaled ratio: (1.0, 1.0)
18:27:21.776 [JavaFX Application Thread] DEBUG PrimaryStageWindow   - Set initial scene to M_StartupScene
18:27:21.777 [JavaFX Application Thread] DEBUG PrimaryStageWindow   - Opening main window
18:27:21.825 [JavaFX Application Thread] DEBUG PrimaryStageWindow   - Window border size: (0.0, 28.0)
18:27:21.825 [JavaFX Application Thread] DEBUG PrimaryStageWindow   - Scaled size: 720.0 x 540.0
18:27:21.825 [JavaFX Application Thread] DEBUG PrimaryStageWindow   - Scaled ratio: (1.0, 1.0)
18:27:21.825 [JavaFX Application Thread] DEBUG PrimaryStageWindow   - Scene size: 720.0 x 540.0
18:27:21.825 [JavaFX Application Thread] DEBUG PrimaryStageWindow   - Stage size: 720.0 x 568.0
18:27:21.829 [FXGL Background Thread 1 ] DEBUG Engine               - Initializing environment variables
18:27:21.844 [FXGL Background Thread 1 ] DEBUG FXGLAssetLoaderServi - User app class for loading assets: class testPackage.McDonalismApp
18:27:21.844 [FXGL Background Thread 1 ] DEBUG GameApplicationServi - Applying CSS: fxgl_dark.css
18:27:21.844 [FXGL Background Thread 1 ] DEBUG FXGLAssetLoaderServi - Loading from file system: jar:file:///Users/meo/.m2/repository/com/github/almasb/fxgl/17.3/fxgl-17.3.jar!/fxglassets/ui/css/fxgl_dark.css
18:27:21.865 [FXGL Background Thread 1 ] DEBUG GameApplicationServi - Initializing application scenes
18:27:21.866 [FXGL Background Thread 1 ] DEBUG FXGLAssetLoaderServi - Loading from file system: file:/Users/meo/Desktop/CSC1004/javaproject/CSC1004java/target/classes/assets/textures/ui/M_logo.png
18:27:21.869 [FXGL Background Thread 1 ] DEBUG GameWorld            - Game world initialized
18:27:21.899 [FXGL Background Thread 1 ] DEBUG PhysicsWorld         - Physics world initialized: appHeight=540, physics.ppm=50.0
18:27:21.899 [FXGL Background Thread 1 ] DEBUG PhysicsWorld         - Using strategy: BRUTE_FORCE
18:27:21.901 [FXGL Background Thread 1 ] DEBUG GameScene            - Game scene initialized: 720x540
18:27:21.921 [FXGL Background Thread 1 ] DEBUG FXGLAssetLoaderServi - Loading from file system: file:/Users/meo/Desktop/CSC1004/javaproject/CSC1004java/target/classes/assets/textures/ui/ui_heroIcon_random.png
18:27:21.925 [FXGL Background Thread 1 ] DEBUG FXGLAssetLoaderServi - Loading from file system: file:/Users/meo/Desktop/CSC1004/javaproject/CSC1004java/target/classes/assets/textures/ui/ui_heroIcon_m.png
18:27:21.929 [FXGL Background Thread 1 ] DEBUG FXGLAssetLoaderServi - Loading from file system: file:/Users/meo/Desktop/CSC1004/javaproject/CSC1004java/target/classes/assets/textures/ui/ui_heroIcon_k.png
18:27:21.931 [FXGL Background Thread 1 ] DEBUG FXGLAssetLoaderServi - Loading from file system: file:/Users/meo/Desktop/CSC1004/javaproject/CSC1004java/target/classes/assets/textures/ui/ui_heroIcon_w.png
18:27:22.034 [FXGL Background Thread 1 ] DEBUG FXGLAssetLoaderServi - Loading from file system: file:/Users/meo/Desktop/CSC1004/javaproject/CSC1004java/target/classes/assets/textures/ui/background.png
18:27:22.046 [FXGL Background Thread 1 ] DEBUG FXGLAssetLoaderServi - Loading from file system: file:/Users/meo/Desktop/CSC1004/javaproject/CSC1004java/target/classes/assets/textures/ui/ui_hero_pane.png
18:27:22.050 [FXGL Background Thread 1 ] DEBUG FXGLAssetLoaderServi - Loading from file system: file:/Users/meo/Desktop/CSC1004/javaproject/CSC1004java/target/classes/assets/textures/ui/ui_heroes_pane.png
18:27:22.053 [FXGL Background Thread 1 ] DEBUG FXGLAssetLoaderServi - Loading from file system: file:/Users/meo/Desktop/CSC1004/javaproject/CSC1004java/target/classes/assets/textures/ui/ui_preHero_pane.png
18:27:22.055 [FXGL Background Thread 1 ] DEBUG FXGLAssetLoaderServi - Loading from file system: file:/Users/meo/Desktop/CSC1004/javaproject/CSC1004java/target/classes/assets/textures/ui/ui_main_pane.png
18:27:22.057 [FXGL Background Thread 1 ] DEBUG FXGLAssetLoaderServi - Loading from file system: file:/Users/meo/Desktop/CSC1004/javaproject/CSC1004java/target/classes/assets/textures/ui/ui_login_pane.png
18:27:22.060 [FXGL Background Thread 1 ] DEBUG FXGLAssetLoaderServi - Loading from file system: file:/Users/meo/Desktop/CSC1004/javaproject/CSC1004java/target/classes/assets/textures/ui/ui_signUp_pane.png
18:27:22.066 [FXGL Background Thread 1 ] DEBUG FXGLAssetLoaderServi - Loading from file system: file:/Users/meo/Desktop/CSC1004/javaproject/CSC1004java/target/classes/assets/textures/ui/ui_back_idle.png
18:27:22.067 [FXGL Background Thread 1 ] DEBUG FXGLAssetLoaderServi - Loading from file system: file:/Users/meo/Desktop/CSC1004/javaproject/CSC1004java/target/classes/assets/textures/ui/ui_back_hover.png
18:27:22.068 [FXGL Background Thread 1 ] DEBUG FXGLAssetLoaderServi - Loading from file system: file:/Users/meo/Desktop/CSC1004/javaproject/CSC1004java/target/classes/assets/textures/ui/ui_back_confirm.png
18:27:22.070 [FXGL Background Thread 1 ] DEBUG FXGLAssetLoaderServi - Loading from file system: file:/Users/meo/Desktop/CSC1004/javaproject/CSC1004java/target/classes/assets/textures/ui/ui_start_idle.png
18:27:22.070 [FXGL Background Thread 1 ] DEBUG FXGLAssetLoaderServi - Loading from file system: file:/Users/meo/Desktop/CSC1004/javaproject/CSC1004java/target/classes/assets/textures/ui/ui_start_hover.png
18:27:22.071 [FXGL Background Thread 1 ] DEBUG FXGLAssetLoaderServi - Loading from file system: file:/Users/meo/Desktop/CSC1004/javaproject/CSC1004java/target/classes/assets/textures/ui/ui_start_confirm.png
18:27:22.072 [FXGL Background Thread 1 ] DEBUG FXGLAssetLoaderServi - Loading from file system: file:/Users/meo/Desktop/CSC1004/javaproject/CSC1004java/target/classes/assets/textures/ui/ui_left_idle.png
18:27:22.073 [FXGL Background Thread 1 ] DEBUG FXGLAssetLoaderServi - Loading from file system: file:/Users/meo/Desktop/CSC1004/javaproject/CSC1004java/target/classes/assets/textures/ui/ui_left_hover.png
18:27:22.073 [FXGL Background Thread 1 ] DEBUG FXGLAssetLoaderServi - Loading from file system: file:/Users/meo/Desktop/CSC1004/javaproject/CSC1004java/target/classes/assets/textures/ui/ui_left_confirm.png
18:27:22.074 [FXGL Background Thread 1 ] DEBUG FXGLAssetLoaderServi - Loading from file system: file:/Users/meo/Desktop/CSC1004/javaproject/CSC1004java/target/classes/assets/textures/ui/ui_right_idle.png
18:27:22.074 [FXGL Background Thread 1 ] DEBUG FXGLAssetLoaderServi - Loading from file system: file:/Users/meo/Desktop/CSC1004/javaproject/CSC1004java/target/classes/assets/textures/ui/ui_right_hover.png
18:27:22.075 [FXGL Background Thread 1 ] DEBUG FXGLAssetLoaderServi - Loading from file system: file:/Users/meo/Desktop/CSC1004/javaproject/CSC1004java/target/classes/assets/textures/ui/ui_right_confirm.png
18:27:22.080 [FXGL Background Thread 1 ] DEBUG FXGLAssetLoaderServi - Loading from file system: file:/Users/meo/Desktop/CSC1004/javaproject/CSC1004java/target/classes/assets/textures/ui/ui_single_idle.png
18:27:22.081 [FXGL Background Thread 1 ] DEBUG FXGLAssetLoaderServi - Loading from file system: file:/Users/meo/Desktop/CSC1004/javaproject/CSC1004java/target/classes/assets/textures/ui/ui_single_hover.png
18:27:22.081 [FXGL Background Thread 1 ] DEBUG FXGLAssetLoaderServi - Loading from file system: file:/Users/meo/Desktop/CSC1004/javaproject/CSC1004java/target/classes/assets/textures/ui/ui_single_confirm.png
18:27:22.083 [FXGL Background Thread 1 ] DEBUG FXGLAssetLoaderServi - Loading from file system: file:/Users/meo/Desktop/CSC1004/javaproject/CSC1004java/target/classes/assets/textures/ui/ui_multi_idle.png
18:27:22.083 [FXGL Background Thread 1 ] DEBUG FXGLAssetLoaderServi - Loading from file system: file:/Users/meo/Desktop/CSC1004/javaproject/CSC1004java/target/classes/assets/textures/ui/ui_multi_hover.png
18:27:22.084 [FXGL Background Thread 1 ] DEBUG FXGLAssetLoaderServi - Loading from file system: file:/Users/meo/Desktop/CSC1004/javaproject/CSC1004java/target/classes/assets/textures/ui/ui_multi_confirm.png
18:27:22.085 [FXGL Background Thread 1 ] DEBUG FXGLAssetLoaderServi - Loading from file system: file:/Users/meo/Desktop/CSC1004/javaproject/CSC1004java/target/classes/assets/textures/ui/ui_play_idle.png
18:27:22.085 [FXGL Background Thread 1 ] DEBUG FXGLAssetLoaderServi - Loading from file system: file:/Users/meo/Desktop/CSC1004/javaproject/CSC1004java/target/classes/assets/textures/ui/ui_play_hover.png
18:27:22.086 [FXGL Background Thread 1 ] DEBUG FXGLAssetLoaderServi - Loading from file system: file:/Users/meo/Desktop/CSC1004/javaproject/CSC1004java/target/classes/assets/textures/ui/ui_play_confirm.png
18:27:22.087 [FXGL Background Thread 1 ] DEBUG FXGLAssetLoaderServi - Loading from file system: file:/Users/meo/Desktop/CSC1004/javaproject/CSC1004java/target/classes/assets/textures/ui/ui_options_idle.png
18:27:22.087 [FXGL Background Thread 1 ] DEBUG FXGLAssetLoaderServi - Loading from file system: file:/Users/meo/Desktop/CSC1004/javaproject/CSC1004java/target/classes/assets/textures/ui/ui_options_hover.png
18:27:22.088 [FXGL Background Thread 1 ] DEBUG FXGLAssetLoaderServi - Loading from file system: file:/Users/meo/Desktop/CSC1004/javaproject/CSC1004java/target/classes/assets/textures/ui/ui_options_confirm.png
18:27:22.089 [FXGL Background Thread 1 ] DEBUG FXGLAssetLoaderServi - Loading from file system: file:/Users/meo/Desktop/CSC1004/javaproject/CSC1004java/target/classes/assets/textures/ui/ui_exit_idle.png
18:27:22.089 [FXGL Background Thread 1 ] DEBUG FXGLAssetLoaderServi - Loading from file system: file:/Users/meo/Desktop/CSC1004/javaproject/CSC1004java/target/classes/assets/textures/ui/ui_exit_hover.png
18:27:22.090 [FXGL Background Thread 1 ] DEBUG FXGLAssetLoaderServi - Loading from file system: file:/Users/meo/Desktop/CSC1004/javaproject/CSC1004java/target/classes/assets/textures/ui/ui_exit_confirm.png
18:27:22.095 [FXGL Background Thread 1 ] DEBUG FXGLAssetLoaderServi - Loading from file system: file:/Users/meo/Desktop/CSC1004/javaproject/CSC1004java/target/classes/assets/textures/ui/inputField.png
18:27:22.096 [FXGL Background Thread 1 ] DEBUG FXGLAssetLoaderServi - Loading from file system: file:/Users/meo/Desktop/CSC1004/javaproject/CSC1004java/target/classes/assets/textures/ui/ui_signIn_idle.png
18:27:22.097 [FXGL Background Thread 1 ] DEBUG FXGLAssetLoaderServi - Loading from file system: file:/Users/meo/Desktop/CSC1004/javaproject/CSC1004java/target/classes/assets/textures/ui/ui_signIn_hover.png
18:27:22.097 [FXGL Background Thread 1 ] DEBUG FXGLAssetLoaderServi - Loading from file system: file:/Users/meo/Desktop/CSC1004/javaproject/CSC1004java/target/classes/assets/textures/ui/ui_signIn_confirm.png
18:27:22.098 [FXGL Background Thread 1 ] DEBUG FXGLAssetLoaderServi - Loading from file system: file:/Users/meo/Desktop/CSC1004/javaproject/CSC1004java/target/classes/assets/textures/ui/ui_signUp_idle.png
18:27:22.098 [FXGL Background Thread 1 ] DEBUG FXGLAssetLoaderServi - Loading from file system: file:/Users/meo/Desktop/CSC1004/javaproject/CSC1004java/target/classes/assets/textures/ui/ui_signUp_hover.png
18:27:22.099 [FXGL Background Thread 1 ] DEBUG FXGLAssetLoaderServi - Loading from file system: file:/Users/meo/Desktop/CSC1004/javaproject/CSC1004java/target/classes/assets/textures/ui/ui_signUp_confirm.png
18:27:22.101 [FXGL Background Thread 1 ] DEBUG FXGLAssetLoaderServi - Loading from file system: file:/Users/meo/Desktop/CSC1004/javaproject/CSC1004java/target/classes/assets/textures/ui/cursor.png
18:27:22.241 [FXGL Background Thread 1 ] WARN  FXGL.DefaultMenu     - FXGLDefaultMenu is not designed for resolutions < 800x600
18:27:22.241 [FXGL Background Thread 1 ] DEBUG FXGL.DefaultMenu     - createMenuBodyGameMenu()
18:27:22.246 [FXGL Background Thread 1 ] DEBUG FXGL.DefaultMenu     - createOptionsMenu()
18:27:22.248 [FXGL Background Thread 1 ] DEBUG FXGLAssetLoaderServi - Loading from file system: jar:file:///Users/meo/.m2/repository/com/github/almasb/fxgl/17.3/fxgl-17.3.jar!/fxglassets/textures/particles/smoke.png
18:27:22.295 [FXGL Background Thread 1 ] DEBUG FXGLAssetLoaderServi - Loading from file system: jar:file:///Users/meo/.m2/repository/com/github/almasb/fxgl/17.3/fxgl-17.3.jar!/fxglassets/textures/particles/trace_horizontal.png
18:27:22.302 [FXGL Background Thread 1 ] DEBUG GameApplicationServi - Application scenes initialized
18:27:22.308 [FXGL Background Thread 1 ] DEBUG SystemBundleService  - Loading FXGL system data
18:27:22.309 [FXGL Background Thread 1 ] DEBUG FileSystemAccess     - Reading from: /Users/meo/Desktop/CSC1004/javaproject/CSC1004java/system/fxgl.bundle
18:27:22.313 [FXGL Background Thread 1 ] DEBUG SystemBundleService  - Bundle FXGL: {}
18:27:22.313 [FXGL Background Thread 1 ] DEBUG UpdaterService       - Checking for updates
18:27:22.325 [FXGL Background Thread 4 ] DEBUG FXGLApplication      - Loading fonts
18:27:22.325 [FXGL Background Thread 4 ] DEBUG FXGLAssetLoaderServi - Loading from file system: file:/Users/meo/Desktop/CSC1004/javaproject/CSC1004java/target/classes/assets/ui/fonts/font.ttf
18:27:22.325 [FXGL Background Thread 1 ] DEBUG FXGLApplication      - Loading default localization
18:27:22.325 [FXGL Background Thread 1 ] DEBUG FXGLAssetLoaderServi - Loading from file system: jar:file:///Users/meo/.m2/repository/com/github/almasb/fxgl/17.3/fxgl-17.3.jar!/fxglassets/languages/english.lang
18:27:22.329 [JavaFX Application Thread] DEBUG FXGLApplication      - Registering font factories with UI factory
18:27:22.336 [FXGL Background Thread 1 ] INFO  FXGLApplication      - FXGL initialization took: 0.507 sec
18:27:22.392 [JavaFX Application Thread] DEBUG Input                - Registered new binding: Player1 Move Up - Up
18:27:22.392 [JavaFX Application Thread] DEBUG Input                - Registered new binding: Player1 Move Down - Down
18:27:22.393 [JavaFX Application Thread] DEBUG Input                - Registered new binding: Player1 Move Left - Left
18:27:22.393 [JavaFX Application Thread] DEBUG Input                - Registered new binding: Player1 Move Right - Right
18:27:22.393 [JavaFX Application Thread] DEBUG Input                - Registered new binding: Player or Player2 Move Up - W
18:27:22.393 [JavaFX Application Thread] DEBUG Input                - Registered new binding: Player or Player2 Move Down - S
18:27:22.393 [JavaFX Application Thread] DEBUG Input                - Registered new binding: Player or Player2 Move Left - A
18:27:22.393 [JavaFX Application Thread] DEBUG Input                - Registered new binding: Player or Player2 Move Right - D
18:27:22.393 [JavaFX Application Thread] DEBUG Input                - Registered new binding: Shoot - LMB
18:27:22.393 [JavaFX Application Thread] DEBUG Input                - Registered new binding: Left Punch/Summon - J
18:27:22.393 [JavaFX Application Thread] DEBUG Input                - Registered new binding: Right Punch/Recover - K
18:27:22.393 [JavaFX Application Thread] DEBUG FXGLAssetLoaderServi - Loading from file system: file:/Users/meo/Desktop/CSC1004/javaproject/CSC1004java/target/classes/assets/music/Crypteque1.mp3
18:27:22.395 [JavaFX Application Thread] DEBUG FXGLAssetLoaderServi - Loading from file system: file:/Users/meo/Desktop/CSC1004/javaproject/CSC1004java/target/classes/assets/sounds/gunfire.wav
18:27:22.402 [JavaFX Application Thread] DEBUG FXGLAssetLoaderServi - Loading from file system: file:/Users/meo/Desktop/CSC1004/javaproject/CSC1004java/target/classes/assets/sounds/M_hurt.wav
18:27:22.403 [JavaFX Application Thread] DEBUG FXGLAssetLoaderServi - Loading from file system: file:/Users/meo/Desktop/CSC1004/javaproject/CSC1004java/target/classes/assets/sounds/M_die.wav
18:27:22.404 [JavaFX Application Thread] DEBUG FXGLAssetLoaderServi - Loading from file system: file:/Users/meo/Desktop/CSC1004/javaproject/CSC1004java/target/classes/assets/sounds/W_hurt.wav
18:27:22.405 [JavaFX Application Thread] DEBUG FXGLAssetLoaderServi - Loading from file system: file:/Users/meo/Desktop/CSC1004/javaproject/CSC1004java/target/classes/assets/sounds/W_die.wav
18:27:22.407 [JavaFX Application Thread] DEBUG FXGLAssetLoaderServi - Loading from file system: file:/Users/meo/Desktop/CSC1004/javaproject/CSC1004java/target/classes/assets/sounds/K_hurt.wav
18:27:22.408 [JavaFX Application Thread] DEBUG FXGLAssetLoaderServi - Loading from file system: file:/Users/meo/Desktop/CSC1004/javaproject/CSC1004java/target/classes/assets/sounds/K_die.wav
18:27:22.409 [JavaFX Application Thread] DEBUG FXGLAssetLoaderServi - Loading from file system: file:/Users/meo/Desktop/CSC1004/javaproject/CSC1004java/target/classes/assets/sounds/enemy_die.wav
18:27:22.411 [JavaFX Application Thread] DEBUG FXGLAssetLoaderServi - Loading from file system: file:/Users/meo/Desktop/CSC1004/javaproject/CSC1004java/target/classes/assets/sounds/hover.wav
18:27:22.412 [JavaFX Application Thread] DEBUG FXGLAssetLoaderServi - Loading from file system: file:/Users/meo/Desktop/CSC1004/javaproject/CSC1004java/target/classes/assets/sounds/confirm.wav
18:27:22.420 [JavaFX Application Thread] DEBUG Input                - Registered new binding: Screenshot - CTRL+8
18:27:22.420 [JavaFX Application Thread] DEBUG Input                - Registered new binding: Dev Options - 1
18:27:22.420 [JavaFX Application Thread] DEBUG Input                - Registered new binding: Dev Console - 2
18:27:22.420 [JavaFX Application Thread] DEBUG Input                - Registered new binding: System info dump - CTRL+9
18:27:22.420 [JavaFX Application Thread] DEBUG Input                - Registered new binding: Restart - CTRL+R
18:27:22.421 [JavaFX Application Thread] DEBUG Input                - Registered new binding: Toggle Debug Camera - CTRL+7
18:27:22.422 [JavaFX Application Thread] DEBUG LoopRunner           - Starting loop
18:27:22.425 [JavaFX Application Thread] DEBUG LoopRunner           - Initializing JavaFX AnimationTimerLoop
18:27:22.426 [JavaFX Application Thread] DEBUG Input                - Clearing active input actions
18:27:22.429 [JavaFX Application Thread] DEBUG GameApplicationServi - Removing overlay from M_StartupScene and adding to FXGLMainMenuDummyScene
18:27:22.430 [JavaFX Application Thread] DEBUG PrimaryStageWindow   - M_StartupScene -> FXGLMainMenuDummyScene
18:27:22.431 [JavaFX Application Thread] DEBUG PrimaryStageWindow   - Push state: M_MainMenu
18:27:22.431 [JavaFX Application Thread] DEBUG Input                - Clearing active input actions
18:27:22.435 [JavaFX Application Thread] DEBUG GameApplicationServi - Removing overlay from FXGLMainMenuDummyScene and adding to M_MainMenu
18:27:22.435 [JavaFX Application Thread] DEBUG PrimaryStageWindow   - FXGLMainMenuDummyScene -> M_MainMenu
18:27:25.328 [FXGL Background Thread 3 ] DEBUG Engine               - Logging environment variables
18:27:25.331 [FXGL Background Thread 3 ] DEBUG Engine               - achievements: []
18:27:25.331 [FXGL Background Thread 3 ] DEBUG Engine               - actualHeight: 540.0
18:27:25.332 [FXGL Background Thread 3 ] DEBUG Engine               - actualHeightProperty: ReadOnlyDoubleProperty [value: 540.0]
18:27:25.332 [FXGL Background Thread 3 ] DEBUG Engine               - actualWidth: 720.0
18:27:25.332 [FXGL Background Thread 3 ] DEBUG Engine               - actualWidthProperty: ReadOnlyDoubleProperty [value: 720.0]
18:27:25.332 [FXGL Background Thread 3 ] DEBUG Engine               - appIcon: ui/M_logo.png
18:27:25.332 [FXGL Background Thread 3 ] DEBUG Engine               - applicationMode: DEVELOPER
18:27:25.332 [FXGL Background Thread 3 ] DEBUG Engine               - cSSList: [fxgl_dark.css]
18:27:25.333 [FXGL Background Thread 3 ] DEBUG Engine               - collisionDetectionStrategy: BRUTE_FORCE
18:27:25.333 [FXGL Background Thread 3 ] DEBUG Engine               - configClass: Optional.empty
18:27:25.333 [FXGL Background Thread 3 ] DEBUG Engine               - credits: []
18:27:25.333 [FXGL Background Thread 3 ] DEBUG Engine               - defaultCursor: CursorInfo(imageName=ui/cursor.png, hotspotX=10.0, hotspotY=10.0)
18:27:25.334 [FXGL Background Thread 3 ] DEBUG Engine               - devBBoxColorProperty: ObjectProperty [value: 0xff0000ff]
18:27:25.334 [FXGL Background Thread 3 ] DEBUG Engine               - devEnableDebugCameraProperty: BooleanProperty [value: false]
18:27:25.334 [FXGL Background Thread 3 ] DEBUG Engine               - devSensorColorProperty: ObjectProperty [value: 0xffff00ff]
18:27:25.334 [FXGL Background Thread 3 ] DEBUG Engine               - devShowBBoxProperty: BooleanProperty [value: false]
18:27:25.334 [FXGL Background Thread 3 ] DEBUG Engine               - devShowPositionProperty: BooleanProperty [value: false]
18:27:25.334 [FXGL Background Thread 3 ] DEBUG Engine               - enabledMenuItems: []
18:27:25.334 [FXGL Background Thread 3 ] DEBUG Engine               - engineServices: [class com.almasb.fxgl.app.services.FXGLAssetLoaderService, class com.almasb.fxgl.app.FXGLApplication$GameApplicationService, class com.almasb.fxgl.app.services.FXGLDialogService, class com.almasb.fxgl.app.services.IOTaskExecutorService, class com.almasb.fxgl.io.FileSystemService, class com.almasb.fxgl.localization.LocalizationService, class com.almasb.fxgl.app.services.SystemBundleService, class com.almasb.fxgl.profile.SaveLoadService, class com.almasb.fxgl.ui.FXGLUIFactoryServiceProvider, class com.almasb.fxgl.ui.FXGLDialogFactoryServiceProvider, class com.almasb.fxgl.audio.AudioPlayer, class com.almasb.fxgl.notification.impl.NotificationServiceProvider, class com.almasb.fxgl.achievement.AchievementService, class com.almasb.fxgl.cutscene.CutsceneService, class com.almasb.fxgl.minigames.MiniGameService, class com.almasb.fxgl.net.NetService, class com.almasb.fxgl.app.services.UpdaterService, class com.almasb.fxgl.dev.DevService]
18:27:25.334 [FXGL Background Thread 3 ] DEBUG Engine               - fontGame: font.ttf
18:27:25.334 [FXGL Background Thread 3 ] DEBUG Engine               - fontMono: font.ttf
18:27:25.335 [FXGL Background Thread 3 ] DEBUG Engine               - fontSizeScaleUI: 1.5
18:27:25.335 [FXGL Background Thread 3 ] DEBUG Engine               - fontText: font.ttf
18:27:25.335 [FXGL Background Thread 3 ] DEBUG Engine               - fontUI: font.ttf
18:27:25.335 [FXGL Background Thread 3 ] DEBUG Engine               - fullScreen: BooleanProperty [value: false]
18:27:25.335 [FXGL Background Thread 3 ] DEBUG Engine               - gameDifficulty: MEDIUM
18:27:25.335 [FXGL Background Thread 3 ] DEBUG Engine               - gameDifficultyProperty: ObjectProperty [value: MEDIUM]
18:27:25.335 [FXGL Background Thread 3 ] DEBUG Engine               - globalMusicVolume: 0.5
18:27:25.335 [FXGL Background Thread 3 ] DEBUG Engine               - globalMusicVolumeProperty: DoubleProperty [value: 0.5]
18:27:25.335 [FXGL Background Thread 3 ] DEBUG Engine               - globalSoundVolume: 0.5
18:27:25.335 [FXGL Background Thread 3 ] DEBUG Engine               - globalSoundVolumeProperty: DoubleProperty [value: 0.5]
18:27:25.335 [FXGL Background Thread 3 ] DEBUG Engine               - height: 540
18:27:25.335 [FXGL Background Thread 3 ] DEBUG Engine               - is3D: false
18:27:25.336 [FXGL Background Thread 3 ] DEBUG Engine               - isAndroid: false
18:27:25.336 [FXGL Background Thread 3 ] DEBUG Engine               - isBrowser: false
18:27:25.336 [FXGL Background Thread 3 ] DEBUG Engine               - isClickFeedbackEnabled: false
18:27:25.336 [FXGL Background Thread 3 ] DEBUG Engine               - isCloseConfirmation: false
18:27:25.336 [FXGL Background Thread 3 ] DEBUG Engine               - isDesktop: true
18:27:25.336 [FXGL Background Thread 3 ] DEBUG Engine               - isDeveloperMenuEnabled: true
18:27:25.336 [FXGL Background Thread 3 ] DEBUG Engine               - isEmbedded: false
18:27:25.336 [FXGL Background Thread 3 ] DEBUG Engine               - isEntityPreloadEnabled: true
18:27:25.336 [FXGL Background Thread 3 ] DEBUG Engine               - isExperimentalTiledLargeMap: false
18:27:25.336 [FXGL Background Thread 3 ] DEBUG Engine               - isFileSystemWriteAllowed: true
18:27:25.336 [FXGL Background Thread 3 ] DEBUG Engine               - isFullScreenAllowed: false
18:27:25.337 [FXGL Background Thread 3 ] DEBUG Engine               - isFullScreenFromStart: false
18:27:25.337 [FXGL Background Thread 3 ] DEBUG Engine               - isGameMenuEnabled: true
18:27:25.337 [FXGL Background Thread 3 ] DEBUG Engine               - isIOS: false
18:27:25.337 [FXGL Background Thread 3 ] DEBUG Engine               - isIntroEnabled: false
18:27:25.337 [FXGL Background Thread 3 ] DEBUG Engine               - isLinux: false
18:27:25.337 [FXGL Background Thread 3 ] DEBUG Engine               - isMac: true
18:27:25.337 [FXGL Background Thread 3 ] DEBUG Engine               - isMainMenuEnabled: true
18:27:25.337 [FXGL Background Thread 3 ] DEBUG Engine               - isManualResizeEnabled: true
18:27:25.337 [FXGL Background Thread 3 ] DEBUG Engine               - isMobile: false
18:27:25.337 [FXGL Background Thread 3 ] DEBUG Engine               - isNative: false
18:27:25.337 [FXGL Background Thread 3 ] DEBUG Engine               - isPauseMusicWhenMinimized: true
18:27:25.337 [FXGL Background Thread 3 ] DEBUG Engine               - isPreserveResizeRatio: true
18:27:25.337 [FXGL Background Thread 3 ] DEBUG Engine               - isProfilingEnabled: false
18:27:25.337 [FXGL Background Thread 3 ] DEBUG Engine               - isScaleAffectedOnResize: true
18:27:25.337 [FXGL Background Thread 3 ] DEBUG Engine               - isSingleStep: false
18:27:25.337 [FXGL Background Thread 3 ] DEBUG Engine               - isUserProfileEnabled: false
18:27:25.338 [FXGL Background Thread 3 ] DEBUG Engine               - isWindows: false
18:27:25.338 [FXGL Background Thread 3 ] DEBUG Engine               - language: ObjectProperty [value: ENGLISH]
18:27:25.338 [FXGL Background Thread 3 ] DEBUG Engine               - menuKey: ESCAPE
18:27:25.338 [FXGL Background Thread 3 ] DEBUG Engine               - mouseSensitivity: 0.2
18:27:25.338 [FXGL Background Thread 3 ] DEBUG Engine               - notificationViewClass: class com.almasb.fxgl.notification.view.XboxNotificationView
18:27:25.338 [FXGL Background Thread 3 ] DEBUG Engine               - pixelsPerMeter: 50.0
18:27:25.338 [FXGL Background Thread 3 ] DEBUG Engine               - platform: MAC
18:27:25.338 [FXGL Background Thread 3 ] DEBUG Engine               - prefHeightProperty: ReadOnlyDoubleProperty [value: 540.0]
18:27:25.338 [FXGL Background Thread 3 ] DEBUG Engine               - prefWidthProperty: ReadOnlyDoubleProperty [value: 720.0]
18:27:25.338 [FXGL Background Thread 3 ] DEBUG Engine               - profileDir: profiles/
18:27:25.338 [FXGL Background Thread 3 ] DEBUG Engine               - profileName: StringProperty [value: DEFAULT]
18:27:25.338 [FXGL Background Thread 3 ] DEBUG Engine               - randomSeed: -1
18:27:25.339 [FXGL Background Thread 3 ] DEBUG Engine               - runtimeInfo: RuntimeInfo(platform=MAC, version=17.3, build=30.03.2023 11.49)
18:27:25.339 [FXGL Background Thread 3 ] DEBUG Engine               - saveFileExt: sav
18:27:25.339 [FXGL Background Thread 3 ] DEBUG Engine               - scaledHeightProp$fxgl: DoubleProperty [bound, value: 540.0]
18:27:25.339 [FXGL Background Thread 3 ] DEBUG Engine               - scaledWidthProp$fxgl: DoubleProperty [bound, value: 720.0]
18:27:25.339 [FXGL Background Thread 3 ] DEBUG Engine               - sceneFactory: testPackage.McDonalismApp$1@49992490
18:27:25.339 [FXGL Background Thread 3 ] DEBUG Engine               - secondsIn24h: 60
18:27:25.339 [FXGL Background Thread 3 ] DEBUG Engine               - soundMenuBack: menu/back.wav
18:27:25.339 [FXGL Background Thread 3 ] DEBUG Engine               - soundMenuPress: menu/press.wav
18:27:25.340 [FXGL Background Thread 3 ] DEBUG Engine               - soundMenuSelect: menu/select.wav
18:27:25.340 [FXGL Background Thread 3 ] DEBUG Engine               - soundNotification: core/notification.wav
18:27:25.340 [FXGL Background Thread 3 ] DEBUG Engine               - stageStyle: DECORATED
18:27:25.340 [FXGL Background Thread 3 ] DEBUG Engine               - supportedLanguages: [ENGLISH, FRENCH, GERMAN, HUNGARIAN, RUSSIAN]
18:27:25.340 [FXGL Background Thread 3 ] DEBUG Engine               - ticksPerSecond: -1
18:27:25.340 [FXGL Background Thread 3 ] DEBUG Engine               - title: McDonalism
18:27:25.340 [FXGL Background Thread 3 ] DEBUG Engine               - urlGithub: https://github.com/AlmasB/FXGL
18:27:25.340 [FXGL Background Thread 3 ] DEBUG Engine               - urlLeaderboard: http://fxgl-top.herokuapp.com/
18:27:25.340 [FXGL Background Thread 3 ] DEBUG Engine               - urlPOM: https://raw.githubusercontent.com/AlmasB/FXGL/release/README.md
18:27:25.340 [FXGL Background Thread 3 ] DEBUG Engine               - userAppClass: class testPackage.McDonalismApp
18:27:25.340 [FXGL Background Thread 3 ] DEBUG Engine               - version: 0.8
18:27:25.340 [FXGL Background Thread 3 ] DEBUG Engine               - versionCheckDays: 7
18:27:25.340 [FXGL Background Thread 3 ] DEBUG Engine               - width: 720
18:27:25.340 [FXGL Background Thread 3 ] DEBUG Engine               - Logging services
18:27:25.340 [FXGL Background Thread 3 ] DEBUG Engine               - class com.almasb.fxgl.app.services.FXGLAssetLoaderService
18:27:25.340 [FXGL Background Thread 3 ] DEBUG Engine               - class com.almasb.fxgl.app.FXGLApplication$GameApplicationService
18:27:25.340 [FXGL Background Thread 3 ] DEBUG Engine               - class com.almasb.fxgl.app.services.FXGLDialogService
18:27:25.341 [FXGL Background Thread 3 ] DEBUG Engine               - class com.almasb.fxgl.app.services.IOTaskExecutorService
18:27:25.341 [FXGL Background Thread 3 ] DEBUG Engine               - class com.almasb.fxgl.io.FileSystemService
18:27:25.341 [FXGL Background Thread 3 ] DEBUG Engine               - class com.almasb.fxgl.localization.LocalizationService
18:27:25.341 [FXGL Background Thread 3 ] DEBUG Engine               - class com.almasb.fxgl.app.services.SystemBundleService
18:27:25.341 [FXGL Background Thread 3 ] DEBUG Engine               - class com.almasb.fxgl.profile.SaveLoadService
18:27:25.341 [FXGL Background Thread 3 ] DEBUG Engine               - class com.almasb.fxgl.ui.FXGLUIFactoryServiceProvider
18:27:25.341 [FXGL Background Thread 3 ] DEBUG Engine               - class com.almasb.fxgl.ui.FXGLDialogFactoryServiceProvider
18:27:25.341 [FXGL Background Thread 3 ] DEBUG Engine               - class com.almasb.fxgl.audio.AudioPlayer
18:27:25.341 [FXGL Background Thread 3 ] DEBUG Engine               - class com.almasb.fxgl.notification.impl.NotificationServiceProvider
18:27:25.341 [FXGL Background Thread 3 ] DEBUG Engine               - class com.almasb.fxgl.achievement.AchievementService
18:27:25.341 [FXGL Background Thread 3 ] DEBUG Engine               - class com.almasb.fxgl.cutscene.CutsceneService
18:27:25.341 [FXGL Background Thread 3 ] DEBUG Engine               - class com.almasb.fxgl.minigames.MiniGameService
18:27:25.341 [FXGL Background Thread 3 ] DEBUG Engine               - class com.almasb.fxgl.net.NetService
18:27:25.341 [FXGL Background Thread 3 ] DEBUG Engine               - class com.almasb.fxgl.app.services.UpdaterService
18:27:25.341 [FXGL Background Thread 3 ] DEBUG Engine               - class com.almasb.fxgl.dev.DevService
18:27:55.040 [JavaFX Application Thread] DEBUG Menu                 - fireExit()
18:27:55.043 [JavaFX Application Thread] DEBUG PrimaryStageWindow   - Push state: DialogSubScene
18:27:55.043 [JavaFX Application Thread] DEBUG Input                - Clearing active input actions
18:27:55.044 [JavaFX Application Thread] DEBUG GameApplicationServi - Removing overlay from M_MainMenu and adding to DialogSubScene
18:27:55.046 [JavaFX Application Thread] DEBUG PrimaryStageWindow   - M_MainMenu -> DialogSubScene
18:27:55.874 [JavaFX Application Thread] DEBUG PrimaryStageWindow   - Pop state: DialogSubScene
18:27:55.874 [JavaFX Application Thread] DEBUG Input                - Clearing active input actions
18:27:55.876 [JavaFX Application Thread] DEBUG GameApplicationServi - Removing overlay from DialogSubScene and adding to M_MainMenu
18:27:55.879 [JavaFX Application Thread] DEBUG PrimaryStageWindow   - M_MainMenu <- DialogSubScene
18:27:55.879 [JavaFX Application Thread] DEBUG FXGLApplication      - Exiting FXGL
18:27:55.879 [JavaFX Application Thread] DEBUG LoopRunner           - Stopping loop
18:27:55.880 [JavaFX Application Thread] DEBUG SystemBundleService  - Saving FXGL system data
18:27:55.883 [JavaFX Application Thread] DEBUG FileSystemAccess     - Writing to: /Users/meo/Desktop/CSC1004/javaproject/CSC1004java/system/fxgl.bundle
18:27:55.885 [JavaFX Application Thread] DEBUG Async                - Shutting down background threads
18:27:55.885 [JavaFX Application Thread] DEBUG PrimaryStageWindow   - Closing main window
18:27:55.892 [JavaFX Application Thread] DEBUG Logger               - Closing Logger
