14:32:52.641 [main                     ] DEBUG Logger               - Configured Logger
14:32:52.656 [main                     ] DEBUG GameApplication      - Logging settings
Title: McDonalism
Version: 0.8
Width: 720
Height: 540
Fullscreen: false
Intro: false
Profiling: false
Single step:false
App Mode: DEVELOPER
Menu Key: ESCAPE
Stage Style: DECORATED
Scene Factory: class testPackage.McDonalismApp$1

14:32:52.899 [JavaFX Application Thread] DEBUG FXGLApplication      - Initializing FXGL
14:32:52.901 [JavaFX Application Thread] INFO  Engine               - FXGL-17.3 (30.03.2023 11.49) on MAC (J:17.0.6 FX:20)
14:32:52.902 [JavaFX Application Thread] DEBUG Engine               - JRE Vendor Name: Amazon.com Inc.
14:32:52.902 [JavaFX Application Thread] DEBUG Engine               - Running on OS: Mac OS X version 13.2.1
14:32:52.902 [JavaFX Application Thread] DEBUG Engine               - Architecture: aarch64
14:32:52.902 [JavaFX Application Thread] INFO  Engine               - Source code and latest versions at: https://github.com/AlmasB/FXGL
14:32:52.902 [JavaFX Application Thread] INFO  Engine               -       Ask questions and discuss at: https://github.com/AlmasB/FXGL/discussions
14:32:52.902 [JavaFX Application Thread] INFO  Engine               -              Join the FXGL chat at: https://gitter.im/AlmasB/FXGL
14:32:52.960 [JavaFX Application Thread] DEBUG PrimaryStageWindow   - Creating a JavaFX scene
14:32:52.987 [JavaFX Application Thread] DEBUG PrimaryStageWindow   - Target settings size: 720.0 x 540.0
14:32:52.988 [JavaFX Application Thread] DEBUG PrimaryStageWindow   - Scaled scene size:    720.0 x 540.0
14:32:52.988 [JavaFX Application Thread] DEBUG PrimaryStageWindow   - Scaled ratio: (1.0, 1.0)
14:32:52.988 [JavaFX Application Thread] DEBUG PrimaryStageWindow   - Set initial scene to M_StartupScene
14:32:52.989 [JavaFX Application Thread] DEBUG PrimaryStageWindow   - Opening main window
14:32:53.046 [JavaFX Application Thread] DEBUG PrimaryStageWindow   - Window border size: (0.0, 28.0)
14:32:53.046 [JavaFX Application Thread] DEBUG PrimaryStageWindow   - Scaled size: 720.0 x 540.0
14:32:53.046 [JavaFX Application Thread] DEBUG PrimaryStageWindow   - Scaled ratio: (1.0, 1.0)
14:32:53.046 [JavaFX Application Thread] DEBUG PrimaryStageWindow   - Scene size: 720.0 x 540.0
14:32:53.046 [JavaFX Application Thread] DEBUG PrimaryStageWindow   - Stage size: 720.0 x 568.0
14:32:53.050 [FXGL Background Thread 1 ] DEBUG Engine               - Initializing environment variables
14:32:53.062 [FXGL Background Thread 1 ] DEBUG FXGLAssetLoaderServi - User app class for loading assets: class testPackage.McDonalismApp
14:32:53.062 [FXGL Background Thread 1 ] DEBUG GameApplicationServi - Applying CSS: fxgl_dark.css
14:32:53.063 [FXGL Background Thread 1 ] DEBUG FXGLAssetLoaderServi - Loading from file system: jar:file:///Users/meo/.m2/repository/com/github/almasb/fxgl/17.3/fxgl-17.3.jar!/fxglassets/ui/css/fxgl_dark.css
14:32:53.084 [FXGL Background Thread 1 ] DEBUG GameApplicationServi - Initializing application scenes
14:32:53.276 [FXGL Background Thread 1 ] DEBUG GameWorld            - Game world initialized
14:32:53.301 [FXGL Background Thread 1 ] DEBUG PhysicsWorld         - Physics world initialized: appHeight=540, physics.ppm=50.0
14:32:53.301 [FXGL Background Thread 1 ] DEBUG PhysicsWorld         - Using strategy: BRUTE_FORCE
14:32:53.303 [FXGL Background Thread 1 ] DEBUG GameScene            - Game scene initialized: 720x540
14:32:53.320 [FXGL Background Thread 1 ] DEBUG FXGLAssetLoaderServi - Loading from file system: file:/Users/meo/Desktop/CSC1004/javaproject/CSC1004java/target/classes/assets/textures/ui/ui_heroIcon_random.png
14:32:53.324 [FXGL Background Thread 1 ] DEBUG FXGLAssetLoaderServi - Loading from file system: file:/Users/meo/Desktop/CSC1004/javaproject/CSC1004java/target/classes/assets/textures/ui/ui_heroIcon_m.png
14:32:53.328 [FXGL Background Thread 1 ] DEBUG FXGLAssetLoaderServi - Loading from file system: file:/Users/meo/Desktop/CSC1004/javaproject/CSC1004java/target/classes/assets/textures/ui/ui_heroIcon_k.png
14:32:53.330 [FXGL Background Thread 1 ] DEBUG FXGLAssetLoaderServi - Loading from file system: file:/Users/meo/Desktop/CSC1004/javaproject/CSC1004java/target/classes/assets/textures/ui/ui_heroIcon_w.png
14:32:53.332 [FXGL Background Thread 1 ] DEBUG FXGLAssetLoaderServi - Loading from file system: file:/Users/meo/Desktop/CSC1004/javaproject/CSC1004java/target/classes/assets/textures/ui/M_logo.png
14:32:53.421 [FXGL Background Thread 1 ] DEBUG FXGLAssetLoaderServi - Loading from file system: file:/Users/meo/Desktop/CSC1004/javaproject/CSC1004java/target/classes/assets/textures/ui/background.png
14:32:53.430 [FXGL Background Thread 1 ] DEBUG FXGLAssetLoaderServi - Loading from file system: file:/Users/meo/Desktop/CSC1004/javaproject/CSC1004java/target/classes/assets/textures/ui/ui_hero_pane.png
14:32:53.432 [FXGL Background Thread 1 ] DEBUG FXGLAssetLoaderServi - Loading from file system: file:/Users/meo/Desktop/CSC1004/javaproject/CSC1004java/target/classes/assets/textures/ui/ui_heroes_pane.png
14:32:53.435 [FXGL Background Thread 1 ] DEBUG FXGLAssetLoaderServi - Loading from file system: file:/Users/meo/Desktop/CSC1004/javaproject/CSC1004java/target/classes/assets/textures/ui/ui_preHero_pane.png
14:32:53.437 [FXGL Background Thread 1 ] DEBUG FXGLAssetLoaderServi - Loading from file system: file:/Users/meo/Desktop/CSC1004/javaproject/CSC1004java/target/classes/assets/textures/ui/ui_main_pane.png
14:32:53.439 [FXGL Background Thread 1 ] DEBUG FXGLAssetLoaderServi - Loading from file system: file:/Users/meo/Desktop/CSC1004/javaproject/CSC1004java/target/classes/assets/textures/ui/ui_login_pane.png
14:32:53.441 [FXGL Background Thread 1 ] DEBUG FXGLAssetLoaderServi - Loading from file system: file:/Users/meo/Desktop/CSC1004/javaproject/CSC1004java/target/classes/assets/textures/ui/ui_signUp_pane.png
14:32:53.446 [FXGL Background Thread 1 ] DEBUG FXGLAssetLoaderServi - Loading from file system: file:/Users/meo/Desktop/CSC1004/javaproject/CSC1004java/target/classes/assets/textures/ui/ui_back_idle.png
14:32:53.447 [FXGL Background Thread 1 ] DEBUG FXGLAssetLoaderServi - Loading from file system: file:/Users/meo/Desktop/CSC1004/javaproject/CSC1004java/target/classes/assets/textures/ui/ui_back_hover.png
14:32:53.447 [FXGL Background Thread 1 ] DEBUG FXGLAssetLoaderServi - Loading from file system: file:/Users/meo/Desktop/CSC1004/javaproject/CSC1004java/target/classes/assets/textures/ui/ui_back_confirm.png
14:32:53.449 [FXGL Background Thread 1 ] DEBUG FXGLAssetLoaderServi - Loading from file system: file:/Users/meo/Desktop/CSC1004/javaproject/CSC1004java/target/classes/assets/textures/ui/ui_start_idle.png
14:32:53.450 [FXGL Background Thread 1 ] DEBUG FXGLAssetLoaderServi - Loading from file system: file:/Users/meo/Desktop/CSC1004/javaproject/CSC1004java/target/classes/assets/textures/ui/ui_start_hover.png
14:32:53.450 [FXGL Background Thread 1 ] DEBUG FXGLAssetLoaderServi - Loading from file system: file:/Users/meo/Desktop/CSC1004/javaproject/CSC1004java/target/classes/assets/textures/ui/ui_start_confirm.png
14:32:53.452 [FXGL Background Thread 1 ] DEBUG FXGLAssetLoaderServi - Loading from file system: file:/Users/meo/Desktop/CSC1004/javaproject/CSC1004java/target/classes/assets/textures/ui/ui_left_idle.png
14:32:53.452 [FXGL Background Thread 1 ] DEBUG FXGLAssetLoaderServi - Loading from file system: file:/Users/meo/Desktop/CSC1004/javaproject/CSC1004java/target/classes/assets/textures/ui/ui_left_hover.png
14:32:53.452 [FXGL Background Thread 1 ] DEBUG FXGLAssetLoaderServi - Loading from file system: file:/Users/meo/Desktop/CSC1004/javaproject/CSC1004java/target/classes/assets/textures/ui/ui_left_confirm.png
14:32:53.453 [FXGL Background Thread 1 ] DEBUG FXGLAssetLoaderServi - Loading from file system: file:/Users/meo/Desktop/CSC1004/javaproject/CSC1004java/target/classes/assets/textures/ui/ui_right_idle.png
14:32:53.454 [FXGL Background Thread 1 ] DEBUG FXGLAssetLoaderServi - Loading from file system: file:/Users/meo/Desktop/CSC1004/javaproject/CSC1004java/target/classes/assets/textures/ui/ui_right_hover.png
14:32:53.454 [FXGL Background Thread 1 ] DEBUG FXGLAssetLoaderServi - Loading from file system: file:/Users/meo/Desktop/CSC1004/javaproject/CSC1004java/target/classes/assets/textures/ui/ui_right_confirm.png
14:32:53.459 [FXGL Background Thread 1 ] DEBUG FXGLAssetLoaderServi - Loading from file system: file:/Users/meo/Desktop/CSC1004/javaproject/CSC1004java/target/classes/assets/textures/ui/ui_single_idle.png
14:32:53.460 [FXGL Background Thread 1 ] DEBUG FXGLAssetLoaderServi - Loading from file system: file:/Users/meo/Desktop/CSC1004/javaproject/CSC1004java/target/classes/assets/textures/ui/ui_single_hover.png
14:32:53.461 [FXGL Background Thread 1 ] DEBUG FXGLAssetLoaderServi - Loading from file system: file:/Users/meo/Desktop/CSC1004/javaproject/CSC1004java/target/classes/assets/textures/ui/ui_single_confirm.png
14:32:53.465 [FXGL Background Thread 1 ] DEBUG FXGLAssetLoaderServi - Loading from file system: file:/Users/meo/Desktop/CSC1004/javaproject/CSC1004java/target/classes/assets/textures/ui/ui_multi_idle.png
14:32:53.466 [FXGL Background Thread 1 ] DEBUG FXGLAssetLoaderServi - Loading from file system: file:/Users/meo/Desktop/CSC1004/javaproject/CSC1004java/target/classes/assets/textures/ui/ui_multi_hover.png
14:32:53.468 [FXGL Background Thread 1 ] DEBUG FXGLAssetLoaderServi - Loading from file system: file:/Users/meo/Desktop/CSC1004/javaproject/CSC1004java/target/classes/assets/textures/ui/ui_multi_confirm.png
14:32:53.473 [FXGL Background Thread 1 ] DEBUG FXGLAssetLoaderServi - Loading from file system: file:/Users/meo/Desktop/CSC1004/javaproject/CSC1004java/target/classes/assets/textures/ui/ui_play_idle.png
14:32:53.475 [FXGL Background Thread 1 ] DEBUG FXGLAssetLoaderServi - Loading from file system: file:/Users/meo/Desktop/CSC1004/javaproject/CSC1004java/target/classes/assets/textures/ui/ui_play_hover.png
14:32:53.482 [FXGL Background Thread 1 ] DEBUG FXGLAssetLoaderServi - Loading from file system: file:/Users/meo/Desktop/CSC1004/javaproject/CSC1004java/target/classes/assets/textures/ui/ui_play_confirm.png
14:32:53.483 [FXGL Background Thread 1 ] DEBUG FXGLAssetLoaderServi - Loading from file system: file:/Users/meo/Desktop/CSC1004/javaproject/CSC1004java/target/classes/assets/textures/ui/ui_options_idle.png
14:32:53.496 [FXGL Background Thread 1 ] DEBUG FXGLAssetLoaderServi - Loading from file system: file:/Users/meo/Desktop/CSC1004/javaproject/CSC1004java/target/classes/assets/textures/ui/ui_options_hover.png
14:32:53.497 [FXGL Background Thread 1 ] DEBUG FXGLAssetLoaderServi - Loading from file system: file:/Users/meo/Desktop/CSC1004/javaproject/CSC1004java/target/classes/assets/textures/ui/ui_options_confirm.png
14:32:53.498 [FXGL Background Thread 1 ] DEBUG FXGLAssetLoaderServi - Loading from file system: file:/Users/meo/Desktop/CSC1004/javaproject/CSC1004java/target/classes/assets/textures/ui/ui_exit_idle.png
14:32:53.499 [FXGL Background Thread 1 ] DEBUG FXGLAssetLoaderServi - Loading from file system: file:/Users/meo/Desktop/CSC1004/javaproject/CSC1004java/target/classes/assets/textures/ui/ui_exit_hover.png
14:32:53.500 [FXGL Background Thread 1 ] DEBUG FXGLAssetLoaderServi - Loading from file system: file:/Users/meo/Desktop/CSC1004/javaproject/CSC1004java/target/classes/assets/textures/ui/ui_exit_confirm.png
14:32:53.505 [FXGL Background Thread 1 ] DEBUG FXGLAssetLoaderServi - Loading from file system: file:/Users/meo/Desktop/CSC1004/javaproject/CSC1004java/target/classes/assets/textures/ui/inputField.png
14:32:53.507 [FXGL Background Thread 1 ] DEBUG FXGLAssetLoaderServi - Loading from file system: file:/Users/meo/Desktop/CSC1004/javaproject/CSC1004java/target/classes/assets/textures/ui/ui_signIn_idle.png
14:32:53.507 [FXGL Background Thread 1 ] DEBUG FXGLAssetLoaderServi - Loading from file system: file:/Users/meo/Desktop/CSC1004/javaproject/CSC1004java/target/classes/assets/textures/ui/ui_signIn_hover.png
14:32:53.508 [FXGL Background Thread 1 ] DEBUG FXGLAssetLoaderServi - Loading from file system: file:/Users/meo/Desktop/CSC1004/javaproject/CSC1004java/target/classes/assets/textures/ui/ui_signIn_confirm.png
14:32:53.509 [FXGL Background Thread 1 ] DEBUG FXGLAssetLoaderServi - Loading from file system: file:/Users/meo/Desktop/CSC1004/javaproject/CSC1004java/target/classes/assets/textures/ui/ui_signUp_idle.png
14:32:53.509 [FXGL Background Thread 1 ] DEBUG FXGLAssetLoaderServi - Loading from file system: file:/Users/meo/Desktop/CSC1004/javaproject/CSC1004java/target/classes/assets/textures/ui/ui_signUp_hover.png
14:32:53.510 [FXGL Background Thread 1 ] DEBUG FXGLAssetLoaderServi - Loading from file system: file:/Users/meo/Desktop/CSC1004/javaproject/CSC1004java/target/classes/assets/textures/ui/ui_signUp_confirm.png
14:32:53.512 [FXGL Background Thread 1 ] DEBUG FXGLAssetLoaderServi - Loading from file system: file:/Users/meo/Desktop/CSC1004/javaproject/CSC1004java/target/classes/assets/textures/ui/cursor.png
14:32:53.541 [FXGL Background Thread 1 ] WARN  FXGL.DefaultMenu     - FXGLDefaultMenu is not designed for resolutions < 800x600
14:32:53.541 [FXGL Background Thread 1 ] DEBUG FXGL.DefaultMenu     - createMenuBodyGameMenu()
14:32:53.552 [FXGL Background Thread 1 ] DEBUG FXGL.DefaultMenu     - createOptionsMenu()
14:32:53.576 [FXGL Background Thread 1 ] DEBUG FXGLAssetLoaderServi - Loading from file system: jar:file:///Users/meo/.m2/repository/com/github/almasb/fxgl/17.3/fxgl-17.3.jar!/fxglassets/textures/particles/smoke.png
14:32:53.665 [FXGL Background Thread 1 ] DEBUG FXGLAssetLoaderServi - Loading from file system: jar:file:///Users/meo/.m2/repository/com/github/almasb/fxgl/17.3/fxgl-17.3.jar!/fxglassets/textures/particles/trace_horizontal.png
14:32:53.673 [FXGL Background Thread 1 ] DEBUG GameApplicationServi - Application scenes initialized
14:32:53.680 [FXGL Background Thread 1 ] DEBUG SystemBundleService  - Loading FXGL system data
14:32:53.683 [FXGL Background Thread 1 ] DEBUG FileSystemAccess     - Reading from: /Users/meo/Desktop/CSC1004/javaproject/CSC1004java/system/fxgl.bundle
14:32:53.686 [FXGL Background Thread 1 ] DEBUG SystemBundleService  - Bundle FXGL: {}
14:32:53.686 [FXGL Background Thread 1 ] DEBUG UpdaterService       - Checking for updates
14:32:53.701 [FXGL Background Thread 4 ] DEBUG FXGLApplication      - Loading fonts
14:32:53.701 [FXGL Background Thread 1 ] DEBUG FXGLApplication      - Loading default localization
14:32:53.702 [FXGL Background Thread 4 ] DEBUG FXGLAssetLoaderServi - Loading from file system: file:/Users/meo/Desktop/CSC1004/javaproject/CSC1004java/target/classes/assets/ui/fonts/font.ttf
14:32:53.702 [FXGL Background Thread 1 ] DEBUG FXGLAssetLoaderServi - Loading from file system: jar:file:///Users/meo/.m2/repository/com/github/almasb/fxgl/17.3/fxgl-17.3.jar!/fxglassets/languages/english.lang
14:32:53.705 [JavaFX Application Thread] DEBUG FXGLApplication      - Registering font factories with UI factory
14:32:53.713 [FXGL Background Thread 1 ] INFO  FXGLApplication      - FXGL initialization took: 0.663 sec
14:32:53.718 [JavaFX Application Thread] DEBUG Input                - Registered new binding: Player1 Move Up - Up
14:32:53.718 [JavaFX Application Thread] DEBUG Input                - Registered new binding: Player1 Move Down - Down
14:32:53.718 [JavaFX Application Thread] DEBUG Input                - Registered new binding: Player1 Move Left - Left
14:32:53.718 [JavaFX Application Thread] DEBUG Input                - Registered new binding: Player1 Move Right - Right
14:32:53.718 [JavaFX Application Thread] DEBUG Input                - Registered new binding: Player or Player2 Move Up - W
14:32:53.718 [JavaFX Application Thread] DEBUG Input                - Registered new binding: Player or Player2 Move Down - S
14:32:53.718 [JavaFX Application Thread] DEBUG Input                - Registered new binding: Player or Player2 Move Left - A
14:32:53.718 [JavaFX Application Thread] DEBUG Input                - Registered new binding: Player or Player2 Move Right - D
14:32:53.718 [JavaFX Application Thread] DEBUG Input                - Registered new binding: Shoot - LMB
14:32:53.718 [JavaFX Application Thread] DEBUG Input                - Registered new binding: Left Punch/Summon - J
14:32:53.718 [JavaFX Application Thread] DEBUG Input                - Registered new binding: Right Punch/Recover - K
14:32:53.719 [JavaFX Application Thread] DEBUG FXGLAssetLoaderServi - Loading from file system: file:/Users/meo/Desktop/CSC1004/javaproject/CSC1004java/target/classes/assets/music/Crypteque1.mp3
14:32:53.721 [JavaFX Application Thread] DEBUG FXGLAssetLoaderServi - Loading from file system: file:/Users/meo/Desktop/CSC1004/javaproject/CSC1004java/target/classes/assets/sounds/gunfire.wav
14:32:53.728 [JavaFX Application Thread] DEBUG FXGLAssetLoaderServi - Loading from file system: file:/Users/meo/Desktop/CSC1004/javaproject/CSC1004java/target/classes/assets/sounds/M_hurt.wav
14:32:53.730 [JavaFX Application Thread] DEBUG FXGLAssetLoaderServi - Loading from file system: file:/Users/meo/Desktop/CSC1004/javaproject/CSC1004java/target/classes/assets/sounds/M_die.wav
14:32:53.731 [JavaFX Application Thread] DEBUG FXGLAssetLoaderServi - Loading from file system: file:/Users/meo/Desktop/CSC1004/javaproject/CSC1004java/target/classes/assets/sounds/W_hurt.wav
14:32:53.733 [JavaFX Application Thread] DEBUG FXGLAssetLoaderServi - Loading from file system: file:/Users/meo/Desktop/CSC1004/javaproject/CSC1004java/target/classes/assets/sounds/W_die.wav
14:32:53.734 [JavaFX Application Thread] DEBUG FXGLAssetLoaderServi - Loading from file system: file:/Users/meo/Desktop/CSC1004/javaproject/CSC1004java/target/classes/assets/sounds/K_hurt.wav
14:32:53.736 [JavaFX Application Thread] DEBUG FXGLAssetLoaderServi - Loading from file system: file:/Users/meo/Desktop/CSC1004/javaproject/CSC1004java/target/classes/assets/sounds/K_die.wav
14:32:53.739 [JavaFX Application Thread] DEBUG FXGLAssetLoaderServi - Loading from file system: file:/Users/meo/Desktop/CSC1004/javaproject/CSC1004java/target/classes/assets/sounds/enemy_die.wav
14:32:53.742 [JavaFX Application Thread] DEBUG FXGLAssetLoaderServi - Loading from file system: file:/Users/meo/Desktop/CSC1004/javaproject/CSC1004java/target/classes/assets/sounds/hover.wav
14:32:53.743 [JavaFX Application Thread] DEBUG FXGLAssetLoaderServi - Loading from file system: file:/Users/meo/Desktop/CSC1004/javaproject/CSC1004java/target/classes/assets/sounds/confirm.wav
14:32:53.755 [JavaFX Application Thread] DEBUG Input                - Registered new binding: Screenshot - CTRL+8
14:32:53.756 [JavaFX Application Thread] DEBUG Input                - Registered new binding: Dev Options - 1
14:32:53.756 [JavaFX Application Thread] DEBUG Input                - Registered new binding: Dev Console - 2
14:32:53.756 [JavaFX Application Thread] DEBUG Input                - Registered new binding: System info dump - CTRL+9
14:32:53.756 [JavaFX Application Thread] DEBUG Input                - Registered new binding: Restart - CTRL+R
14:32:53.756 [JavaFX Application Thread] DEBUG Input                - Registered new binding: Toggle Debug Camera - CTRL+7
14:32:53.757 [JavaFX Application Thread] DEBUG LoopRunner           - Starting loop
14:32:53.760 [JavaFX Application Thread] DEBUG LoopRunner           - Initializing JavaFX AnimationTimerLoop
14:32:53.761 [JavaFX Application Thread] DEBUG Input                - Clearing active input actions
14:32:53.764 [JavaFX Application Thread] DEBUG GameApplicationServi - Removing overlay from M_StartupScene and adding to FXGLMainMenuDummyScene
14:32:53.766 [JavaFX Application Thread] DEBUG PrimaryStageWindow   - M_StartupScene -> FXGLMainMenuDummyScene
14:32:53.766 [JavaFX Application Thread] DEBUG PrimaryStageWindow   - Push state: M_MainMenu
14:32:53.766 [JavaFX Application Thread] DEBUG Input                - Clearing active input actions
14:32:53.775 [JavaFX Application Thread] DEBUG GameApplicationServi - Removing overlay from FXGLMainMenuDummyScene and adding to M_MainMenu
14:32:53.776 [JavaFX Application Thread] DEBUG PrimaryStageWindow   - FXGLMainMenuDummyScene -> M_MainMenu
14:32:56.507 [JavaFX Application Thread] DEBUG Menu                 - fireNewGame()
14:32:56.508 [JavaFX Application Thread] DEBUG GameApplicationServi - Starting new game
14:32:56.509 [JavaFX Application Thread] DEBUG PrimaryStageWindow   - Pop state: M_MainMenu
14:32:56.509 [JavaFX Application Thread] DEBUG Input                - Clearing active input actions
14:32:56.512 [JavaFX Application Thread] DEBUG GameApplicationServi - Removing overlay from M_MainMenu and adding to FXGLMainMenuDummyScene
14:32:56.514 [JavaFX Application Thread] DEBUG PrimaryStageWindow   - FXGLMainMenuDummyScene <- M_MainMenu
14:32:56.515 [JavaFX Application Thread] DEBUG Input                - Clearing active input actions
14:32:56.525 [JavaFX Application Thread] DEBUG GameApplicationServi - Removing overlay from FXGLMainMenuDummyScene and adding to FXGLLoadingScene
14:32:56.525 [JavaFX Application Thread] DEBUG PrimaryStageWindow   - FXGLMainMenuDummyScene -> FXGLLoadingScene
14:32:56.525 [JavaFX Application Thread] DEBUG GameApplicationServi - Clearing previous game
14:32:56.525 [JavaFX Application Thread] DEBUG GameScene            - Clearing game scene
14:32:56.525 [JavaFX Application Thread] DEBUG GameWorld            - Clearing game world
14:32:56.526 [JavaFX Application Thread] DEBUG PhysicsWorld         - Clearing physics world
14:32:56.527 [FXGL Background Thread 2 ] DEBUG FXGLApplication      - Initializing game
14:32:56.549 [FXGL Background Thread 2 ] WARN  TMXLevelLoader       - TiledMap generated from 1.9.2. Supported version: 1.9.0. Some features may not be parsed fully.
14:32:56.555 [FXGL Background Thread 2 ] DEBUG TMXLevelLoader       - Parsed TiledMap: file:/Users/meo/Desktop/CSC1004/javaproject/CSC1004java/target/classes/assets/levels/TestLevel.tmx
14:32:56.556 [FXGL Background Thread 2 ] DEBUG TMXLevelLoader       - Creating tile layer entities
14:32:56.557 [FXGL Background Thread 2 ] DEBUG TilesetLoader        - Loading view for layer 图块层 1
14:32:56.558 [FXGL Background Thread 2 ] DEBUG TilesetLoader        - Created buffer with size 1920.0x1440.0
14:32:56.591 [FXGL Background Thread 2 ] DEBUG TilesetLoader        - Loading view for layer 图块层 2
14:32:56.593 [FXGL Background Thread 2 ] DEBUG TilesetLoader        - Created buffer with size 1920.0x1440.0
14:32:56.603 [FXGL Background Thread 2 ] DEBUG TMXLevelLoader       - Creating object layer entities
14:32:56.614 [FXGL Background Thread 2 ] DEBUG GameWorld            - Clearing removable entities
14:32:56.614 [FXGL Background Thread 2 ] DEBUG GameWorld            - Setting level: com.almasb.fxgl.entity.level.Level@3ea245a9
14:32:56.618 [JavaFX Application Thread] DEBUG LoopRunner           - Stopping loop
14:32:56.618 [JavaFX Application Thread] FATAL FXGLApplication      - Uncaught Exception:
java.lang.RuntimeException: Initialization failed
	at com.almasb.fxgl.all@17.3/com.almasb.fxgl.app.FXGLApplication$InitAppTask.failed(FXGLApplication.kt:343)
	at javafx.graphics@20/javafx.concurrent.Task.setState(Task.java:710)
	at javafx.graphics@20/javafx.concurrent.Task$TaskCallable.lambda$call$2(Task.java:1456)
	at javafx.graphics@20/com.sun.javafx.application.PlatformImpl.lambda$runLater$10(PlatformImpl.java:456)
	at java.base/java.security.AccessController.doPrivileged(AccessController.java:399)
	at javafx.graphics@20/com.sun.javafx.application.PlatformImpl.lambda$runLater$11(PlatformImpl.java:455)
	at javafx.graphics@20/com.sun.glass.ui.InvokeLaterDispatcher$Future.run(InvokeLaterDispatcher.java:95)
Caused by: java.lang.IllegalArgumentException: Property src/main/resources/assets/music/Crypteque1.mp3 does not exist
	at com.almasb.fxgl.core@17.3/com.almasb.fxgl.core.collection.PropertyMap.get(PropertyMap.kt:279)
	at com.almasb.fxgl.core@17.3/com.almasb.fxgl.core.collection.PropertyMap.objectProperty(PropertyMap.kt:179)
	at com.almasb.fxgl.core@17.3/com.almasb.fxgl.core.collection.PropertyMap.getObject(PropertyMap.kt:168)
	at com.almasb.fxgl.all@17.3/com.almasb.fxgl.dsl.FXGL$Companion.geto(FXGL.kt:314)
	at com.almasb.fxgl.all@17.3/com.almasb.fxgl.dsl.FXGL.geto(FXGL.kt)
	at CSC1004java/testPackage.McDonalismApp.initGame(McDonalismApp.java:156)
	at com.almasb.fxgl.all@17.3/com.almasb.fxgl.app.FXGLApplication$InitAppTask.initGame(FXGLApplication.kt:339)
	at com.almasb.fxgl.all@17.3/com.almasb.fxgl.app.FXGLApplication$InitAppTask.call(FXGLApplication.kt:319)
	at com.almasb.fxgl.all@17.3/com.almasb.fxgl.app.FXGLApplication$InitAppTask.call(FXGLApplication.kt:311)
	at javafx.graphics@20/javafx.concurrent.Task$TaskCallable.call(Task.java:1426)
	at java.base/java.util.concurrent.FutureTask.run(FutureTask.java:264)
	at java.base/java.util.concurrent.Executors$RunnableAdapter.call(Executors.java:539)
	at java.base/java.util.concurrent.FutureTask.run(FutureTask.java:264)
	at java.base/java.util.concurrent.ThreadPoolExecutor.runWorker(ThreadPoolExecutor.java:1136)
	at java.base/java.util.concurrent.ThreadPoolExecutor$Worker.run(ThreadPoolExecutor.java:635)
	at java.base/java.lang.Thread.run(Thread.java:833)

14:32:56.619 [JavaFX Application Thread] FATAL FXGLApplication      - Application will now exit
14:32:56.622 [JavaFX Application Thread] DEBUG PrimaryStageWindow   - Push state: ErrorSubScene
14:32:56.622 [JavaFX Application Thread] DEBUG Input                - Clearing active input actions
14:32:56.622 [JavaFX Application Thread] DEBUG GameApplicationServi - Removing overlay from FXGLLoadingScene and adding to ErrorSubScene
14:32:56.623 [JavaFX Application Thread] DEBUG PrimaryStageWindow   - FXGLLoadingScene -> ErrorSubScene
14:32:56.705 [FXGL Background Thread 3 ] DEBUG Engine               - Logging environment variables
14:32:56.705 [FXGL Background Thread 3 ] DEBUG Engine               - achievements: []
14:32:56.705 [FXGL Background Thread 3 ] DEBUG Engine               - actualHeight: 540.0
14:32:56.705 [FXGL Background Thread 3 ] DEBUG Engine               - actualHeightProperty: ReadOnlyDoubleProperty [value: 540.0]
14:32:56.705 [FXGL Background Thread 3 ] DEBUG Engine               - actualWidth: 720.0
14:32:56.705 [FXGL Background Thread 3 ] DEBUG Engine               - actualWidthProperty: ReadOnlyDoubleProperty [value: 720.0]
14:32:56.705 [FXGL Background Thread 3 ] DEBUG Engine               - appIcon: ui/M_logo.png
14:32:56.705 [FXGL Background Thread 3 ] DEBUG Engine               - applicationMode: DEVELOPER
14:32:56.705 [FXGL Background Thread 3 ] DEBUG Engine               - cSSList: [fxgl_dark.css]
14:32:56.705 [FXGL Background Thread 3 ] DEBUG Engine               - collisionDetectionStrategy: BRUTE_FORCE
14:32:56.705 [FXGL Background Thread 3 ] DEBUG Engine               - configClass: Optional.empty
14:32:56.705 [FXGL Background Thread 3 ] DEBUG Engine               - credits: []
14:32:56.706 [FXGL Background Thread 3 ] DEBUG Engine               - defaultCursor: CursorInfo(imageName=ui/cursor.png, hotspotX=10.0, hotspotY=10.0)
14:32:56.706 [FXGL Background Thread 3 ] DEBUG Engine               - devBBoxColorProperty: ObjectProperty [value: 0xff0000ff]
14:32:56.706 [FXGL Background Thread 3 ] DEBUG Engine               - devEnableDebugCameraProperty: BooleanProperty [value: false]
14:32:56.706 [FXGL Background Thread 3 ] DEBUG Engine               - devSensorColorProperty: ObjectProperty [value: 0xffff00ff]
14:32:56.706 [FXGL Background Thread 3 ] DEBUG Engine               - devShowBBoxProperty: BooleanProperty [value: false]
14:32:56.706 [FXGL Background Thread 3 ] DEBUG Engine               - devShowPositionProperty: BooleanProperty [value: false]
14:32:56.706 [FXGL Background Thread 3 ] DEBUG Engine               - enabledMenuItems: []
14:32:56.706 [FXGL Background Thread 3 ] DEBUG Engine               - engineServices: [class com.almasb.fxgl.app.services.FXGLAssetLoaderService, class com.almasb.fxgl.app.FXGLApplication$GameApplicationService, class com.almasb.fxgl.app.services.FXGLDialogService, class com.almasb.fxgl.app.services.IOTaskExecutorService, class com.almasb.fxgl.io.FileSystemService, class com.almasb.fxgl.localization.LocalizationService, class com.almasb.fxgl.app.services.SystemBundleService, class com.almasb.fxgl.profile.SaveLoadService, class com.almasb.fxgl.ui.FXGLUIFactoryServiceProvider, class com.almasb.fxgl.ui.FXGLDialogFactoryServiceProvider, class com.almasb.fxgl.audio.AudioPlayer, class com.almasb.fxgl.notification.impl.NotificationServiceProvider, class com.almasb.fxgl.achievement.AchievementService, class com.almasb.fxgl.cutscene.CutsceneService, class com.almasb.fxgl.minigames.MiniGameService, class com.almasb.fxgl.net.NetService, class com.almasb.fxgl.app.services.UpdaterService, class com.almasb.fxgl.dev.DevService]
14:32:56.706 [FXGL Background Thread 3 ] DEBUG Engine               - fontGame: font.ttf
14:32:56.706 [FXGL Background Thread 3 ] DEBUG Engine               - fontMono: font.ttf
14:32:56.706 [FXGL Background Thread 3 ] DEBUG Engine               - fontSizeScaleUI: 1.5
14:32:56.706 [FXGL Background Thread 3 ] DEBUG Engine               - fontText: font.ttf
14:32:56.706 [FXGL Background Thread 3 ] DEBUG Engine               - fontUI: font.ttf
14:32:56.706 [FXGL Background Thread 3 ] DEBUG Engine               - fullScreen: BooleanProperty [value: false]
14:32:56.706 [FXGL Background Thread 3 ] DEBUG Engine               - gameDifficulty: MEDIUM
14:32:56.706 [FXGL Background Thread 3 ] DEBUG Engine               - gameDifficultyProperty: ObjectProperty [value: MEDIUM]
14:32:56.706 [FXGL Background Thread 3 ] DEBUG Engine               - globalMusicVolume: 0.5
14:32:56.706 [FXGL Background Thread 3 ] DEBUG Engine               - globalMusicVolumeProperty: DoubleProperty [value: 0.5]
14:32:56.706 [FXGL Background Thread 3 ] DEBUG Engine               - globalSoundVolume: 0.5
14:32:56.706 [FXGL Background Thread 3 ] DEBUG Engine               - globalSoundVolumeProperty: DoubleProperty [value: 0.5]
14:32:56.706 [FXGL Background Thread 3 ] DEBUG Engine               - height: 540
14:32:56.706 [FXGL Background Thread 3 ] DEBUG Engine               - is3D: false
14:32:56.706 [FXGL Background Thread 3 ] DEBUG Engine               - isAndroid: false
14:32:56.706 [FXGL Background Thread 3 ] DEBUG Engine               - isBrowser: false
14:32:56.706 [FXGL Background Thread 3 ] DEBUG Engine               - isClickFeedbackEnabled: false
14:32:56.706 [FXGL Background Thread 3 ] DEBUG Engine               - isCloseConfirmation: false
14:32:56.707 [FXGL Background Thread 3 ] DEBUG Engine               - isDesktop: true
14:32:56.707 [FXGL Background Thread 3 ] DEBUG Engine               - isDeveloperMenuEnabled: true
14:32:56.707 [FXGL Background Thread 3 ] DEBUG Engine               - isEmbedded: false
14:32:56.707 [FXGL Background Thread 3 ] DEBUG Engine               - isEntityPreloadEnabled: true
14:32:56.707 [FXGL Background Thread 3 ] DEBUG Engine               - isExperimentalTiledLargeMap: false
14:32:56.707 [FXGL Background Thread 3 ] DEBUG Engine               - isFileSystemWriteAllowed: true
14:32:56.707 [FXGL Background Thread 3 ] DEBUG Engine               - isFullScreenAllowed: false
14:32:56.707 [FXGL Background Thread 3 ] DEBUG Engine               - isFullScreenFromStart: false
14:32:56.707 [FXGL Background Thread 3 ] DEBUG Engine               - isGameMenuEnabled: true
14:32:56.707 [FXGL Background Thread 3 ] DEBUG Engine               - isIOS: false
14:32:56.707 [FXGL Background Thread 3 ] DEBUG Engine               - isIntroEnabled: false
14:32:56.707 [FXGL Background Thread 3 ] DEBUG Engine               - isLinux: false
14:32:56.707 [FXGL Background Thread 3 ] DEBUG Engine               - isMac: true
14:32:56.707 [FXGL Background Thread 3 ] DEBUG Engine               - isMainMenuEnabled: true
14:32:56.707 [FXGL Background Thread 3 ] DEBUG Engine               - isManualResizeEnabled: true
14:32:56.707 [FXGL Background Thread 3 ] DEBUG Engine               - isMobile: false
14:32:56.707 [FXGL Background Thread 3 ] DEBUG Engine               - isNative: false
14:32:56.707 [FXGL Background Thread 3 ] DEBUG Engine               - isPauseMusicWhenMinimized: true
14:32:56.707 [FXGL Background Thread 3 ] DEBUG Engine               - isPreserveResizeRatio: true
14:32:56.707 [FXGL Background Thread 3 ] DEBUG Engine               - isProfilingEnabled: false
14:32:56.707 [FXGL Background Thread 3 ] DEBUG Engine               - isScaleAffectedOnResize: true
14:32:56.707 [FXGL Background Thread 3 ] DEBUG Engine               - isSingleStep: false
14:32:56.707 [FXGL Background Thread 3 ] DEBUG Engine               - isUserProfileEnabled: false
14:32:56.707 [FXGL Background Thread 3 ] DEBUG Engine               - isWindows: false
14:32:56.707 [FXGL Background Thread 3 ] DEBUG Engine               - language: ObjectProperty [value: ENGLISH]
14:32:56.707 [FXGL Background Thread 3 ] DEBUG Engine               - menuKey: ESCAPE
14:32:56.707 [FXGL Background Thread 3 ] DEBUG Engine               - mouseSensitivity: 0.2
14:32:56.707 [FXGL Background Thread 3 ] DEBUG Engine               - notificationViewClass: class com.almasb.fxgl.notification.view.XboxNotificationView
14:32:56.707 [FXGL Background Thread 3 ] DEBUG Engine               - pixelsPerMeter: 50.0
14:32:56.707 [FXGL Background Thread 3 ] DEBUG Engine               - platform: MAC
14:32:56.707 [FXGL Background Thread 3 ] DEBUG Engine               - prefHeightProperty: ReadOnlyDoubleProperty [value: 540.0]
14:32:56.707 [FXGL Background Thread 3 ] DEBUG Engine               - prefWidthProperty: ReadOnlyDoubleProperty [value: 720.0]
14:32:56.707 [FXGL Background Thread 3 ] DEBUG Engine               - profileDir: profiles/
14:32:56.707 [FXGL Background Thread 3 ] DEBUG Engine               - profileName: StringProperty [value: DEFAULT]
14:32:56.707 [FXGL Background Thread 3 ] DEBUG Engine               - randomSeed: -1
14:32:56.707 [FXGL Background Thread 3 ] DEBUG Engine               - runtimeInfo: RuntimeInfo(platform=MAC, version=17.3, build=30.03.2023 11.49)
14:32:56.707 [FXGL Background Thread 3 ] DEBUG Engine               - saveFileExt: sav
14:32:56.707 [FXGL Background Thread 3 ] DEBUG Engine               - scaledHeightProp$fxgl: DoubleProperty [bound, value: 540.0]
14:32:56.707 [FXGL Background Thread 3 ] DEBUG Engine               - scaledWidthProp$fxgl: DoubleProperty [bound, value: 720.0]
14:32:56.707 [FXGL Background Thread 3 ] DEBUG Engine               - sceneFactory: testPackage.McDonalismApp$1@c5f84fe
14:32:56.707 [FXGL Background Thread 3 ] DEBUG Engine               - secondsIn24h: 60
14:32:56.708 [FXGL Background Thread 3 ] DEBUG Engine               - soundMenuBack: menu/back.wav
14:32:56.708 [FXGL Background Thread 3 ] DEBUG Engine               - soundMenuPress: menu/press.wav
14:32:56.708 [FXGL Background Thread 3 ] DEBUG Engine               - soundMenuSelect: menu/select.wav
14:32:56.708 [FXGL Background Thread 3 ] DEBUG Engine               - soundNotification: core/notification.wav
14:32:56.708 [FXGL Background Thread 3 ] DEBUG Engine               - stageStyle: DECORATED
14:32:56.708 [FXGL Background Thread 3 ] DEBUG Engine               - supportedLanguages: [ENGLISH, FRENCH, GERMAN, HUNGARIAN, RUSSIAN]
14:32:56.708 [FXGL Background Thread 3 ] DEBUG Engine               - ticksPerSecond: -1
14:32:56.708 [FXGL Background Thread 3 ] DEBUG Engine               - title: McDonalism
14:32:56.708 [FXGL Background Thread 3 ] DEBUG Engine               - urlGithub: https://github.com/AlmasB/FXGL
14:32:56.708 [FXGL Background Thread 3 ] DEBUG Engine               - urlLeaderboard: http://fxgl-top.herokuapp.com/
14:32:56.708 [FXGL Background Thread 3 ] DEBUG Engine               - urlPOM: https://raw.githubusercontent.com/AlmasB/FXGL/release/README.md
14:32:56.708 [FXGL Background Thread 3 ] DEBUG Engine               - userAppClass: class testPackage.McDonalismApp
14:32:56.708 [FXGL Background Thread 3 ] DEBUG Engine               - version: 0.8
14:32:56.708 [FXGL Background Thread 3 ] DEBUG Engine               - versionCheckDays: 7
14:32:56.708 [FXGL Background Thread 3 ] DEBUG Engine               - width: 720
14:32:56.708 [FXGL Background Thread 3 ] DEBUG Engine               - Logging services
14:32:56.708 [FXGL Background Thread 3 ] DEBUG Engine               - class com.almasb.fxgl.app.services.FXGLAssetLoaderService
14:32:56.708 [FXGL Background Thread 3 ] DEBUG Engine               - class com.almasb.fxgl.app.FXGLApplication$GameApplicationService
14:32:56.708 [FXGL Background Thread 3 ] DEBUG Engine               - class com.almasb.fxgl.app.services.FXGLDialogService
14:32:56.708 [FXGL Background Thread 3 ] DEBUG Engine               - class com.almasb.fxgl.app.services.IOTaskExecutorService
14:32:56.708 [FXGL Background Thread 3 ] DEBUG Engine               - class com.almasb.fxgl.io.FileSystemService
14:32:56.708 [FXGL Background Thread 3 ] DEBUG Engine               - class com.almasb.fxgl.localization.LocalizationService
14:32:56.708 [FXGL Background Thread 3 ] DEBUG Engine               - class com.almasb.fxgl.app.services.SystemBundleService
14:32:56.708 [FXGL Background Thread 3 ] DEBUG Engine               - class com.almasb.fxgl.profile.SaveLoadService
14:32:56.708 [FXGL Background Thread 3 ] DEBUG Engine               - class com.almasb.fxgl.ui.FXGLUIFactoryServiceProvider
14:32:56.708 [FXGL Background Thread 3 ] DEBUG Engine               - class com.almasb.fxgl.ui.FXGLDialogFactoryServiceProvider
14:32:56.708 [FXGL Background Thread 3 ] DEBUG Engine               - class com.almasb.fxgl.audio.AudioPlayer
14:32:56.708 [FXGL Background Thread 3 ] DEBUG Engine               - class com.almasb.fxgl.notification.impl.NotificationServiceProvider
14:32:56.708 [FXGL Background Thread 3 ] DEBUG Engine               - class com.almasb.fxgl.achievement.AchievementService
14:32:56.708 [FXGL Background Thread 3 ] DEBUG Engine               - class com.almasb.fxgl.cutscene.CutsceneService
14:32:56.708 [FXGL Background Thread 3 ] DEBUG Engine               - class com.almasb.fxgl.minigames.MiniGameService
14:32:56.708 [FXGL Background Thread 3 ] DEBUG Engine               - class com.almasb.fxgl.net.NetService
14:32:56.708 [FXGL Background Thread 3 ] DEBUG Engine               - class com.almasb.fxgl.app.services.UpdaterService
14:32:56.708 [FXGL Background Thread 3 ] DEBUG Engine               - class com.almasb.fxgl.dev.DevService
14:32:57.817 [JavaFX Application Thread] DEBUG FXGLApplication      - Exiting FXGL
14:32:57.817 [JavaFX Application Thread] DEBUG Async                - Shutting down background threads
14:32:57.817 [JavaFX Application Thread] DEBUG PrimaryStageWindow   - Closing main window
14:32:57.823 [JavaFX Application Thread] DEBUG Logger               - Closing Logger
