16:21:41.476 [main                     ] DEBUG Logger               - Configured Logger
16:21:41.496 [main                     ] DEBUG GameApplication      - Logging settings
Title: McDonalism
Version: 0.8
Width: 720
Height: 540
Fullscreen: false
Intro: false
Profiling: false
Single step:false
App Mode: DEVELOPER
Menu Key: ESCAPE
Stage Style: DECORATED
Scene Factory: class testPackage.McDonalismApp$1

16:21:41.723 [JavaFX Application Thread] DEBUG FXGLApplication      - Initializing FXGL
16:21:41.727 [JavaFX Application Thread] INFO  Engine               - FXGL-17.3 (30.03.2023 11.49) on WINDOWS (J:17.0.6 FX:20)
16:21:41.727 [JavaFX Application Thread] DEBUG Engine               - JRE Vendor Name: Amazon.com Inc.
16:21:41.727 [JavaFX Application Thread] DEBUG Engine               - Running on OS: Windows 10 version 10.0
16:21:41.727 [JavaFX Application Thread] DEBUG Engine               - Architecture: amd64
16:21:41.727 [JavaFX Application Thread] INFO  Engine               - Source code and latest versions at: https://github.com/AlmasB/FXGL
16:21:41.727 [JavaFX Application Thread] INFO  Engine               -       Ask questions and discuss at: https://github.com/AlmasB/FXGL/discussions
16:21:41.727 [JavaFX Application Thread] INFO  Engine               -              Join the FXGL chat at: https://gitter.im/AlmasB/FXGL
16:21:41.778 [JavaFX Application Thread] DEBUG PrimaryStageWindow   - Creating a JavaFX scene
16:21:41.805 [JavaFX Application Thread] DEBUG PrimaryStageWindow   - Target settings size: 720.0 x 540.0
16:21:41.805 [JavaFX Application Thread] DEBUG PrimaryStageWindow   - Scaled scene size:    720.0 x 540.0
16:21:41.805 [JavaFX Application Thread] DEBUG PrimaryStageWindow   - Scaled ratio: (1.0, 1.0)
16:21:41.806 [JavaFX Application Thread] DEBUG PrimaryStageWindow   - Set initial scene to M_StartupScene
16:21:41.808 [JavaFX Application Thread] DEBUG PrimaryStageWindow   - Opening main window
16:21:41.859 [JavaFX Application Thread] DEBUG PrimaryStageWindow   - Window border size: (16.0, 39.0)
16:21:41.859 [JavaFX Application Thread] DEBUG PrimaryStageWindow   - Scaled size: 720.0 x 540.0
16:21:41.859 [JavaFX Application Thread] DEBUG PrimaryStageWindow   - Scaled ratio: (1.0, 1.0)
16:21:41.859 [JavaFX Application Thread] DEBUG PrimaryStageWindow   - Scene size: 720.0 x 540.0
16:21:41.859 [JavaFX Application Thread] DEBUG PrimaryStageWindow   - Stage size: 736.0 x 579.0
16:21:41.864 [FXGL Background Thread 1 ] DEBUG Engine               - Initializing environment variables
16:21:41.885 [FXGL Background Thread 1 ] DEBUG FXGLAssetLoaderServi - User app class for loading assets: class testPackage.McDonalismApp
16:21:41.885 [FXGL Background Thread 1 ] DEBUG GameApplicationServi - Applying CSS: fxgl_dark.css
16:21:41.886 [FXGL Background Thread 1 ] DEBUG FXGLAssetLoaderServi - Loading from file system: jar:file:///C:/Users/Meo/.m2/repository/com/github/almasb/fxgl/17.3/fxgl-17.3.jar!/fxglassets/ui/css/fxgl_dark.css
16:21:41.912 [FXGL Background Thread 1 ] DEBUG GameApplicationServi - Initializing application scenes
16:21:41.945 [FXGL Background Thread 1 ] DEBUG GameWorld            - Game world initialized
16:21:41.975 [FXGL Background Thread 1 ] DEBUG PhysicsWorld         - Physics world initialized: appHeight=540, physics.ppm=50.0
16:21:41.975 [FXGL Background Thread 1 ] DEBUG PhysicsWorld         - Using strategy: BRUTE_FORCE
16:21:41.978 [FXGL Background Thread 1 ] DEBUG GameScene            - Game scene initialized: 720x540
16:21:42.022 [FXGL Background Thread 1 ] DEBUG FXGLAssetLoaderServi - Loading from file system: file:/C:/Users/Meo/Documents/GitHub/122090288_javaProject/target/classes/assets/textures/ui/ui_heroIcon_random.png
16:21:42.026 [FXGL Background Thread 1 ] DEBUG FXGLAssetLoaderServi - Loading from file system: file:/C:/Users/Meo/Documents/GitHub/122090288_javaProject/target/classes/assets/textures/ui/ui_heroIcon_m.png
16:21:42.030 [FXGL Background Thread 1 ] DEBUG FXGLAssetLoaderServi - Loading from file system: file:/C:/Users/Meo/Documents/GitHub/122090288_javaProject/target/classes/assets/textures/ui/ui_heroIcon_k.png
16:21:42.033 [FXGL Background Thread 1 ] DEBUG FXGLAssetLoaderServi - Loading from file system: file:/C:/Users/Meo/Documents/GitHub/122090288_javaProject/target/classes/assets/textures/ui/ui_heroIcon_w.png
16:21:42.035 [FXGL Background Thread 1 ] DEBUG FXGLAssetLoaderServi - Loading from file system: file:/C:/Users/Meo/Documents/GitHub/122090288_javaProject/target/classes/assets/textures/ui/M_logo.png
16:21:42.097 [FXGL Background Thread 1 ] DEBUG FXGLAssetLoaderServi - Loading from file system: file:/C:/Users/Meo/Documents/GitHub/122090288_javaProject/target/classes/assets/textures/ui/background.png
16:21:42.103 [FXGL Background Thread 1 ] DEBUG FXGLAssetLoaderServi - Loading from file system: file:/C:/Users/Meo/Documents/GitHub/122090288_javaProject/target/classes/assets/textures/ui/ui_hero_pane.png
16:21:42.106 [FXGL Background Thread 1 ] DEBUG FXGLAssetLoaderServi - Loading from file system: file:/C:/Users/Meo/Documents/GitHub/122090288_javaProject/target/classes/assets/textures/ui/ui_heroes_pane.png
16:21:42.109 [FXGL Background Thread 1 ] DEBUG FXGLAssetLoaderServi - Loading from file system: file:/C:/Users/Meo/Documents/GitHub/122090288_javaProject/target/classes/assets/textures/ui/ui_preHero_pane.png
16:21:42.110 [FXGL Background Thread 1 ] DEBUG FXGLAssetLoaderServi - Loading from file system: file:/C:/Users/Meo/Documents/GitHub/122090288_javaProject/target/classes/assets/textures/ui/ui_main_pane.png
16:21:42.112 [FXGL Background Thread 1 ] DEBUG FXGLAssetLoaderServi - Loading from file system: file:/C:/Users/Meo/Documents/GitHub/122090288_javaProject/target/classes/assets/textures/ui/ui_login_pane.png
16:21:42.114 [FXGL Background Thread 1 ] DEBUG FXGLAssetLoaderServi - Loading from file system: file:/C:/Users/Meo/Documents/GitHub/122090288_javaProject/target/classes/assets/textures/ui/ui_signUp_pane.png
16:21:42.119 [FXGL Background Thread 1 ] DEBUG FXGLAssetLoaderServi - Loading from file system: file:/C:/Users/Meo/Documents/GitHub/122090288_javaProject/target/classes/assets/textures/ui/ui_back_idle.png
16:21:42.120 [FXGL Background Thread 1 ] DEBUG FXGLAssetLoaderServi - Loading from file system: file:/C:/Users/Meo/Documents/GitHub/122090288_javaProject/target/classes/assets/textures/ui/ui_back_hover.png
16:21:42.121 [FXGL Background Thread 1 ] DEBUG FXGLAssetLoaderServi - Loading from file system: file:/C:/Users/Meo/Documents/GitHub/122090288_javaProject/target/classes/assets/textures/ui/ui_back_confirm.png
16:21:42.124 [FXGL Background Thread 1 ] DEBUG FXGLAssetLoaderServi - Loading from file system: file:/C:/Users/Meo/Documents/GitHub/122090288_javaProject/target/classes/assets/textures/ui/ui_start_idle.png
16:21:42.125 [FXGL Background Thread 1 ] DEBUG FXGLAssetLoaderServi - Loading from file system: file:/C:/Users/Meo/Documents/GitHub/122090288_javaProject/target/classes/assets/textures/ui/ui_start_hover.png
16:21:42.126 [FXGL Background Thread 1 ] DEBUG FXGLAssetLoaderServi - Loading from file system: file:/C:/Users/Meo/Documents/GitHub/122090288_javaProject/target/classes/assets/textures/ui/ui_start_confirm.png
16:21:42.128 [FXGL Background Thread 1 ] DEBUG FXGLAssetLoaderServi - Loading from file system: file:/C:/Users/Meo/Documents/GitHub/122090288_javaProject/target/classes/assets/textures/ui/ui_left_idle.png
16:21:42.128 [FXGL Background Thread 1 ] DEBUG FXGLAssetLoaderServi - Loading from file system: file:/C:/Users/Meo/Documents/GitHub/122090288_javaProject/target/classes/assets/textures/ui/ui_left_hover.png
16:21:42.129 [FXGL Background Thread 1 ] DEBUG FXGLAssetLoaderServi - Loading from file system: file:/C:/Users/Meo/Documents/GitHub/122090288_javaProject/target/classes/assets/textures/ui/ui_left_confirm.png
16:21:42.130 [FXGL Background Thread 1 ] DEBUG FXGLAssetLoaderServi - Loading from file system: file:/C:/Users/Meo/Documents/GitHub/122090288_javaProject/target/classes/assets/textures/ui/ui_right_idle.png
16:21:42.131 [FXGL Background Thread 1 ] DEBUG FXGLAssetLoaderServi - Loading from file system: file:/C:/Users/Meo/Documents/GitHub/122090288_javaProject/target/classes/assets/textures/ui/ui_right_hover.png
16:21:42.131 [FXGL Background Thread 1 ] DEBUG FXGLAssetLoaderServi - Loading from file system: file:/C:/Users/Meo/Documents/GitHub/122090288_javaProject/target/classes/assets/textures/ui/ui_right_confirm.png
16:21:42.141 [FXGL Background Thread 1 ] DEBUG FXGLAssetLoaderServi - Loading from file system: file:/C:/Users/Meo/Documents/GitHub/122090288_javaProject/target/classes/assets/textures/ui/ui_single_idle.png
16:21:42.142 [FXGL Background Thread 1 ] DEBUG FXGLAssetLoaderServi - Loading from file system: file:/C:/Users/Meo/Documents/GitHub/122090288_javaProject/target/classes/assets/textures/ui/ui_single_hover.png
16:21:42.143 [FXGL Background Thread 1 ] DEBUG FXGLAssetLoaderServi - Loading from file system: file:/C:/Users/Meo/Documents/GitHub/122090288_javaProject/target/classes/assets/textures/ui/ui_single_confirm.png
16:21:42.145 [FXGL Background Thread 1 ] DEBUG FXGLAssetLoaderServi - Loading from file system: file:/C:/Users/Meo/Documents/GitHub/122090288_javaProject/target/classes/assets/textures/ui/ui_multi_idle.png
16:21:42.145 [FXGL Background Thread 1 ] DEBUG FXGLAssetLoaderServi - Loading from file system: file:/C:/Users/Meo/Documents/GitHub/122090288_javaProject/target/classes/assets/textures/ui/ui_multi_hover.png
16:21:42.146 [FXGL Background Thread 1 ] DEBUG FXGLAssetLoaderServi - Loading from file system: file:/C:/Users/Meo/Documents/GitHub/122090288_javaProject/target/classes/assets/textures/ui/ui_multi_confirm.png
16:21:42.147 [FXGL Background Thread 1 ] DEBUG FXGLAssetLoaderServi - Loading from file system: file:/C:/Users/Meo/Documents/GitHub/122090288_javaProject/target/classes/assets/textures/ui/ui_play_idle.png
16:21:42.148 [FXGL Background Thread 1 ] DEBUG FXGLAssetLoaderServi - Loading from file system: file:/C:/Users/Meo/Documents/GitHub/122090288_javaProject/target/classes/assets/textures/ui/ui_play_hover.png
16:21:42.149 [FXGL Background Thread 1 ] DEBUG FXGLAssetLoaderServi - Loading from file system: file:/C:/Users/Meo/Documents/GitHub/122090288_javaProject/target/classes/assets/textures/ui/ui_play_confirm.png
16:21:42.150 [FXGL Background Thread 1 ] DEBUG FXGLAssetLoaderServi - Loading from file system: file:/C:/Users/Meo/Documents/GitHub/122090288_javaProject/target/classes/assets/textures/ui/ui_options_idle.png
16:21:42.151 [FXGL Background Thread 1 ] DEBUG FXGLAssetLoaderServi - Loading from file system: file:/C:/Users/Meo/Documents/GitHub/122090288_javaProject/target/classes/assets/textures/ui/ui_options_hover.png
16:21:42.151 [FXGL Background Thread 1 ] DEBUG FXGLAssetLoaderServi - Loading from file system: file:/C:/Users/Meo/Documents/GitHub/122090288_javaProject/target/classes/assets/textures/ui/ui_options_confirm.png
16:21:42.152 [FXGL Background Thread 1 ] DEBUG FXGLAssetLoaderServi - Loading from file system: file:/C:/Users/Meo/Documents/GitHub/122090288_javaProject/target/classes/assets/textures/ui/ui_exit_idle.png
16:21:42.153 [FXGL Background Thread 1 ] DEBUG FXGLAssetLoaderServi - Loading from file system: file:/C:/Users/Meo/Documents/GitHub/122090288_javaProject/target/classes/assets/textures/ui/ui_exit_hover.png
16:21:42.154 [FXGL Background Thread 1 ] DEBUG FXGLAssetLoaderServi - Loading from file system: file:/C:/Users/Meo/Documents/GitHub/122090288_javaProject/target/classes/assets/textures/ui/ui_exit_confirm.png
16:21:42.160 [FXGL Background Thread 1 ] DEBUG FXGLAssetLoaderServi - Loading from file system: file:/C:/Users/Meo/Documents/GitHub/122090288_javaProject/target/classes/assets/textures/ui/inputField.png
16:21:42.162 [FXGL Background Thread 1 ] DEBUG FXGLAssetLoaderServi - Loading from file system: file:/C:/Users/Meo/Documents/GitHub/122090288_javaProject/target/classes/assets/textures/ui/ui_signIn_idle.png
16:21:42.162 [FXGL Background Thread 1 ] DEBUG FXGLAssetLoaderServi - Loading from file system: file:/C:/Users/Meo/Documents/GitHub/122090288_javaProject/target/classes/assets/textures/ui/ui_signIn_hover.png
16:21:42.163 [FXGL Background Thread 1 ] DEBUG FXGLAssetLoaderServi - Loading from file system: file:/C:/Users/Meo/Documents/GitHub/122090288_javaProject/target/classes/assets/textures/ui/ui_signIn_confirm.png
16:21:42.164 [FXGL Background Thread 1 ] DEBUG FXGLAssetLoaderServi - Loading from file system: file:/C:/Users/Meo/Documents/GitHub/122090288_javaProject/target/classes/assets/textures/ui/ui_signUp_idle.png
16:21:42.165 [FXGL Background Thread 1 ] DEBUG FXGLAssetLoaderServi - Loading from file system: file:/C:/Users/Meo/Documents/GitHub/122090288_javaProject/target/classes/assets/textures/ui/ui_signUp_hover.png
16:21:42.165 [FXGL Background Thread 1 ] DEBUG FXGLAssetLoaderServi - Loading from file system: file:/C:/Users/Meo/Documents/GitHub/122090288_javaProject/target/classes/assets/textures/ui/ui_signUp_confirm.png
16:21:42.169 [FXGL Background Thread 1 ] DEBUG FXGLAssetLoaderServi - Loading from file system: file:/C:/Users/Meo/Documents/GitHub/122090288_javaProject/target/classes/assets/textures/ui/cursor.png
16:21:42.175 [FXGL Background Thread 1 ] WARN  FXGL.DefaultMenu     - FXGLDefaultMenu is not designed for resolutions < 800x600
16:21:42.175 [FXGL Background Thread 1 ] DEBUG FXGL.DefaultMenu     - createMenuBodyGameMenu()
16:21:42.181 [FXGL Background Thread 1 ] DEBUG FXGL.DefaultMenu     - createOptionsMenu()
16:21:42.186 [FXGL Background Thread 1 ] DEBUG FXGLAssetLoaderServi - Loading from file system: jar:file:///C:/Users/Meo/.m2/repository/com/github/almasb/fxgl/17.3/fxgl-17.3.jar!/fxglassets/textures/particles/smoke.png
16:21:42.232 [FXGL Background Thread 1 ] DEBUG FXGLAssetLoaderServi - Loading from file system: jar:file:///C:/Users/Meo/.m2/repository/com/github/almasb/fxgl/17.3/fxgl-17.3.jar!/fxglassets/textures/particles/trace_horizontal.png
16:21:42.245 [FXGL Background Thread 1 ] DEBUG GameApplicationServi - Application scenes initialized
16:21:42.254 [FXGL Background Thread 1 ] DEBUG SystemBundleService  - Loading FXGL system data
16:21:42.258 [FXGL Background Thread 1 ] DEBUG FileSystemAccess     - Reading from: C:\Users\Meo\Documents\GitHub\122090288_javaProject\system\fxgl.bundle
16:21:42.263 [FXGL Background Thread 1 ] DEBUG SystemBundleService  - Bundle FXGL: {}
16:21:42.263 [FXGL Background Thread 1 ] DEBUG UpdaterService       - Checking for updates
16:21:42.280 [FXGL Background Thread 4 ] DEBUG FXGLApplication      - Loading fonts
16:21:42.281 [FXGL Background Thread 1 ] DEBUG FXGLApplication      - Loading default localization
16:21:42.281 [FXGL Background Thread 4 ] DEBUG FXGLAssetLoaderServi - Loading from file system: file:/C:/Users/Meo/Documents/GitHub/122090288_javaProject/target/classes/assets/ui/fonts/font.ttf
16:21:42.281 [FXGL Background Thread 1 ] DEBUG FXGLAssetLoaderServi - Loading from file system: jar:file:///C:/Users/Meo/.m2/repository/com/github/almasb/fxgl/17.3/fxgl-17.3.jar!/fxglassets/languages/english.lang
16:21:42.291 [JavaFX Application Thread] DEBUG FXGLApplication      - Registering font factories with UI factory
16:21:42.297 [FXGL Background Thread 1 ] INFO  FXGLApplication      - FXGL initialization took: 0.433 sec
16:21:42.304 [JavaFX Application Thread] DEBUG Input                - Registered new binding: Player1 Move Up - Up
16:21:42.304 [JavaFX Application Thread] DEBUG Input                - Registered new binding: Player1 Move Down - Down
16:21:42.304 [JavaFX Application Thread] DEBUG Input                - Registered new binding: Player1 Move Left - Left
16:21:42.304 [JavaFX Application Thread] DEBUG Input                - Registered new binding: Player1 Move Right - Right
16:21:42.304 [JavaFX Application Thread] DEBUG Input                - Registered new binding: Player or Player2 Move Up - W
16:21:42.305 [JavaFX Application Thread] DEBUG Input                - Registered new binding: Player or Player2 Move Down - S
16:21:42.305 [JavaFX Application Thread] DEBUG Input                - Registered new binding: Player or Player2 Move Left - A
16:21:42.305 [JavaFX Application Thread] DEBUG Input                - Registered new binding: Player or Player2 Move Right - D
16:21:42.306 [JavaFX Application Thread] DEBUG Input                - Registered new binding: Shoot - LMB
16:21:42.306 [JavaFX Application Thread] DEBUG Input                - Registered new binding: Left Punch/Summon - J
16:21:42.306 [JavaFX Application Thread] DEBUG Input                - Registered new binding: Right Punch/Recover - K
16:21:42.307 [JavaFX Application Thread] DEBUG FXGLAssetLoaderServi - Loading from file system: file:/C:/Users/Meo/Documents/GitHub/122090288_javaProject/target/classes/assets/music/Crypteque1.mp3
16:21:42.310 [JavaFX Application Thread] DEBUG FXGLAssetLoaderServi - Loading from file system: file:/C:/Users/Meo/Documents/GitHub/122090288_javaProject/target/classes/assets/sounds/gunfire.wav
16:21:42.315 [JavaFX Application Thread] DEBUG FXGLAssetLoaderServi - Loading from file system: file:/C:/Users/Meo/Documents/GitHub/122090288_javaProject/target/classes/assets/sounds/M_hurt.wav
16:21:42.316 [JavaFX Application Thread] DEBUG FXGLAssetLoaderServi - Loading from file system: file:/C:/Users/Meo/Documents/GitHub/122090288_javaProject/target/classes/assets/sounds/M_die.wav
16:21:42.317 [JavaFX Application Thread] DEBUG FXGLAssetLoaderServi - Loading from file system: file:/C:/Users/Meo/Documents/GitHub/122090288_javaProject/target/classes/assets/sounds/W_hurt.wav
16:21:42.318 [JavaFX Application Thread] DEBUG FXGLAssetLoaderServi - Loading from file system: file:/C:/Users/Meo/Documents/GitHub/122090288_javaProject/target/classes/assets/sounds/W_die.wav
16:21:42.320 [JavaFX Application Thread] DEBUG FXGLAssetLoaderServi - Loading from file system: file:/C:/Users/Meo/Documents/GitHub/122090288_javaProject/target/classes/assets/sounds/K_hurt.wav
16:21:42.321 [JavaFX Application Thread] DEBUG FXGLAssetLoaderServi - Loading from file system: file:/C:/Users/Meo/Documents/GitHub/122090288_javaProject/target/classes/assets/sounds/K_die.wav
16:21:42.328 [JavaFX Application Thread] DEBUG FXGLAssetLoaderServi - Loading from file system: file:/C:/Users/Meo/Documents/GitHub/122090288_javaProject/target/classes/assets/sounds/enemy_die.wav
16:21:42.330 [JavaFX Application Thread] DEBUG FXGLAssetLoaderServi - Loading from file system: file:/C:/Users/Meo/Documents/GitHub/122090288_javaProject/target/classes/assets/sounds/hover.wav
16:21:42.332 [JavaFX Application Thread] DEBUG FXGLAssetLoaderServi - Loading from file system: file:/C:/Users/Meo/Documents/GitHub/122090288_javaProject/target/classes/assets/sounds/confirm.wav
16:21:42.343 [JavaFX Application Thread] DEBUG Input                - Registered new binding: Screenshot - CTRL+8
16:21:42.344 [JavaFX Application Thread] DEBUG Input                - Registered new binding: Dev Options - 1
16:21:42.344 [JavaFX Application Thread] DEBUG Input                - Registered new binding: Dev Console - 2
16:21:42.344 [JavaFX Application Thread] DEBUG Input                - Registered new binding: System info dump - CTRL+9
16:21:42.345 [JavaFX Application Thread] DEBUG Input                - Registered new binding: Restart - CTRL+R
16:21:42.346 [JavaFX Application Thread] DEBUG Input                - Registered new binding: Toggle Debug Camera - CTRL+7
16:21:42.349 [JavaFX Application Thread] DEBUG LoopRunner           - Starting loop
16:21:42.358 [JavaFX Application Thread] DEBUG LoopRunner           - Initializing JavaFX AnimationTimerLoop
16:21:42.362 [JavaFX Application Thread] DEBUG Input                - Clearing active input actions
16:21:42.367 [JavaFX Application Thread] DEBUG GameApplicationServi - Removing overlay from M_StartupScene and adding to FXGLMainMenuDummyScene
16:21:42.372 [JavaFX Application Thread] DEBUG PrimaryStageWindow   - M_StartupScene -> FXGLMainMenuDummyScene
16:21:42.372 [JavaFX Application Thread] DEBUG PrimaryStageWindow   - Push state: M_MainMenu
16:21:42.372 [JavaFX Application Thread] DEBUG Input                - Clearing active input actions
16:21:42.380 [JavaFX Application Thread] DEBUG GameApplicationServi - Removing overlay from FXGLMainMenuDummyScene and adding to M_MainMenu
16:21:42.381 [JavaFX Application Thread] DEBUG PrimaryStageWindow   - FXGLMainMenuDummyScene -> M_MainMenu
16:21:45.279 [FXGL Background Thread 3 ] DEBUG Engine               - Logging environment variables
16:21:45.280 [FXGL Background Thread 3 ] DEBUG Engine               - achievements: []
16:21:45.281 [FXGL Background Thread 3 ] DEBUG Engine               - actualHeight: 540.0
16:21:45.281 [FXGL Background Thread 3 ] DEBUG Engine               - actualHeightProperty: ReadOnlyDoubleProperty [value: 540.0]
16:21:45.281 [FXGL Background Thread 3 ] DEBUG Engine               - actualWidth: 720.0
16:21:45.282 [FXGL Background Thread 3 ] DEBUG Engine               - actualWidthProperty: ReadOnlyDoubleProperty [value: 720.0]
16:21:45.282 [FXGL Background Thread 3 ] DEBUG Engine               - appIcon: ui/M_logo.png
16:21:45.282 [FXGL Background Thread 3 ] DEBUG Engine               - applicationMode: DEVELOPER
16:21:45.282 [FXGL Background Thread 3 ] DEBUG Engine               - cSSList: [fxgl_dark.css]
16:21:45.282 [FXGL Background Thread 3 ] DEBUG Engine               - collisionDetectionStrategy: BRUTE_FORCE
16:21:45.282 [FXGL Background Thread 3 ] DEBUG Engine               - configClass: Optional.empty
16:21:45.283 [FXGL Background Thread 3 ] DEBUG Engine               - credits: []
16:21:45.283 [FXGL Background Thread 3 ] DEBUG Engine               - defaultCursor: CursorInfo(imageName=ui/cursor.png, hotspotX=10.0, hotspotY=10.0)
16:21:45.284 [FXGL Background Thread 3 ] DEBUG Engine               - devBBoxColorProperty: ObjectProperty [value: 0xff0000ff]
16:21:45.284 [FXGL Background Thread 3 ] DEBUG Engine               - devEnableDebugCameraProperty: BooleanProperty [value: false]
16:21:45.284 [FXGL Background Thread 3 ] DEBUG Engine               - devSensorColorProperty: ObjectProperty [value: 0xffff00ff]
16:21:45.284 [FXGL Background Thread 3 ] DEBUG Engine               - devShowBBoxProperty: BooleanProperty [value: false]
16:21:45.284 [FXGL Background Thread 3 ] DEBUG Engine               - devShowPositionProperty: BooleanProperty [value: false]
16:21:45.284 [FXGL Background Thread 3 ] DEBUG Engine               - enabledMenuItems: []
16:21:45.284 [FXGL Background Thread 3 ] DEBUG Engine               - engineServices: [class com.almasb.fxgl.app.services.FXGLAssetLoaderService, class com.almasb.fxgl.app.FXGLApplication$GameApplicationService, class com.almasb.fxgl.app.services.FXGLDialogService, class com.almasb.fxgl.app.services.IOTaskExecutorService, class com.almasb.fxgl.io.FileSystemService, class com.almasb.fxgl.localization.LocalizationService, class com.almasb.fxgl.app.services.SystemBundleService, class com.almasb.fxgl.profile.SaveLoadService, class com.almasb.fxgl.ui.FXGLUIFactoryServiceProvider, class com.almasb.fxgl.ui.FXGLDialogFactoryServiceProvider, class com.almasb.fxgl.audio.AudioPlayer, class com.almasb.fxgl.notification.impl.NotificationServiceProvider, class com.almasb.fxgl.achievement.AchievementService, class com.almasb.fxgl.cutscene.CutsceneService, class com.almasb.fxgl.minigames.MiniGameService, class com.almasb.fxgl.net.NetService, class com.almasb.fxgl.app.services.UpdaterService, class com.almasb.fxgl.dev.DevService]
16:21:45.284 [FXGL Background Thread 3 ] DEBUG Engine               - fontGame: font.ttf
16:21:45.285 [FXGL Background Thread 3 ] DEBUG Engine               - fontMono: font.ttf
16:21:45.285 [FXGL Background Thread 3 ] DEBUG Engine               - fontSizeScaleUI: 1.5
16:21:45.285 [FXGL Background Thread 3 ] DEBUG Engine               - fontText: font.ttf
16:21:45.285 [FXGL Background Thread 3 ] DEBUG Engine               - fontUI: font.ttf
16:21:45.285 [FXGL Background Thread 3 ] DEBUG Engine               - fullScreen: BooleanProperty [value: false]
16:21:45.285 [FXGL Background Thread 3 ] DEBUG Engine               - gameDifficulty: MEDIUM
16:21:45.285 [FXGL Background Thread 3 ] DEBUG Engine               - gameDifficultyProperty: ObjectProperty [value: MEDIUM]
16:21:45.285 [FXGL Background Thread 3 ] DEBUG Engine               - globalMusicVolume: 0.5
16:21:45.285 [FXGL Background Thread 3 ] DEBUG Engine               - globalMusicVolumeProperty: DoubleProperty [value: 0.5]
16:21:45.285 [FXGL Background Thread 3 ] DEBUG Engine               - globalSoundVolume: 0.5
16:21:45.285 [FXGL Background Thread 3 ] DEBUG Engine               - globalSoundVolumeProperty: DoubleProperty [value: 0.5]
16:21:45.285 [FXGL Background Thread 3 ] DEBUG Engine               - height: 540
16:21:45.285 [FXGL Background Thread 3 ] DEBUG Engine               - is3D: false
16:21:45.286 [FXGL Background Thread 3 ] DEBUG Engine               - isAndroid: false
16:21:45.286 [FXGL Background Thread 3 ] DEBUG Engine               - isBrowser: false
16:21:45.286 [FXGL Background Thread 3 ] DEBUG Engine               - isClickFeedbackEnabled: false
16:21:45.286 [FXGL Background Thread 3 ] DEBUG Engine               - isCloseConfirmation: false
16:21:45.286 [FXGL Background Thread 3 ] DEBUG Engine               - isDesktop: true
16:21:45.286 [FXGL Background Thread 3 ] DEBUG Engine               - isDeveloperMenuEnabled: true
16:21:45.286 [FXGL Background Thread 3 ] DEBUG Engine               - isEmbedded: false
16:21:45.286 [FXGL Background Thread 3 ] DEBUG Engine               - isEntityPreloadEnabled: true
16:21:45.286 [FXGL Background Thread 3 ] DEBUG Engine               - isExperimentalTiledLargeMap: false
16:21:45.286 [FXGL Background Thread 3 ] DEBUG Engine               - isFileSystemWriteAllowed: true
16:21:45.286 [FXGL Background Thread 3 ] DEBUG Engine               - isFullScreenAllowed: false
16:21:45.286 [FXGL Background Thread 3 ] DEBUG Engine               - isFullScreenFromStart: false
16:21:45.286 [FXGL Background Thread 3 ] DEBUG Engine               - isGameMenuEnabled: true
16:21:45.286 [FXGL Background Thread 3 ] DEBUG Engine               - isIOS: false
16:21:45.286 [FXGL Background Thread 3 ] DEBUG Engine               - isIntroEnabled: false
16:21:45.286 [FXGL Background Thread 3 ] DEBUG Engine               - isLinux: false
16:21:45.286 [FXGL Background Thread 3 ] DEBUG Engine               - isMac: false
16:21:45.287 [FXGL Background Thread 3 ] DEBUG Engine               - isMainMenuEnabled: true
16:21:45.287 [FXGL Background Thread 3 ] DEBUG Engine               - isManualResizeEnabled: true
16:21:45.287 [FXGL Background Thread 3 ] DEBUG Engine               - isMobile: false
16:21:45.287 [FXGL Background Thread 3 ] DEBUG Engine               - isNative: false
16:21:45.287 [FXGL Background Thread 3 ] DEBUG Engine               - isPauseMusicWhenMinimized: true
16:21:45.287 [FXGL Background Thread 3 ] DEBUG Engine               - isPreserveResizeRatio: true
16:21:45.287 [FXGL Background Thread 3 ] DEBUG Engine               - isProfilingEnabled: false
16:21:45.287 [FXGL Background Thread 3 ] DEBUG Engine               - isScaleAffectedOnResize: true
16:21:45.287 [FXGL Background Thread 3 ] DEBUG Engine               - isSingleStep: false
16:21:45.288 [FXGL Background Thread 3 ] DEBUG Engine               - isUserProfileEnabled: false
16:21:45.288 [FXGL Background Thread 3 ] DEBUG Engine               - isWindows: true
16:21:45.288 [FXGL Background Thread 3 ] DEBUG Engine               - language: ObjectProperty [value: ENGLISH]
16:21:45.288 [FXGL Background Thread 3 ] DEBUG Engine               - menuKey: ESCAPE
16:21:45.288 [FXGL Background Thread 3 ] DEBUG Engine               - mouseSensitivity: 0.2
16:21:45.288 [FXGL Background Thread 3 ] DEBUG Engine               - notificationViewClass: class com.almasb.fxgl.notification.view.XboxNotificationView
16:21:45.288 [FXGL Background Thread 3 ] DEBUG Engine               - pixelsPerMeter: 50.0
16:21:45.289 [FXGL Background Thread 3 ] DEBUG Engine               - platform: WINDOWS
16:21:45.289 [FXGL Background Thread 3 ] DEBUG Engine               - prefHeightProperty: ReadOnlyDoubleProperty [value: 540.0]
16:21:45.289 [FXGL Background Thread 3 ] DEBUG Engine               - prefWidthProperty: ReadOnlyDoubleProperty [value: 720.0]
16:21:45.289 [FXGL Background Thread 3 ] DEBUG Engine               - profileDir: profiles/
16:21:45.289 [FXGL Background Thread 3 ] DEBUG Engine               - profileName: StringProperty [value: DEFAULT]
16:21:45.289 [FXGL Background Thread 3 ] DEBUG Engine               - randomSeed: -1
16:21:45.290 [FXGL Background Thread 3 ] DEBUG Engine               - runtimeInfo: RuntimeInfo(platform=WINDOWS, version=17.3, build=30.03.2023 11.49)
16:21:45.290 [FXGL Background Thread 3 ] DEBUG Engine               - saveFileExt: sav
16:21:45.290 [FXGL Background Thread 3 ] DEBUG Engine               - scaledHeightProp$fxgl: DoubleProperty [bound, value: 540.0]
16:21:45.290 [FXGL Background Thread 3 ] DEBUG Engine               - scaledWidthProp$fxgl: DoubleProperty [bound, value: 720.0]
16:21:45.290 [FXGL Background Thread 3 ] DEBUG Engine               - sceneFactory: testPackage.McDonalismApp$1@7d15da26
16:21:45.290 [FXGL Background Thread 3 ] DEBUG Engine               - secondsIn24h: 60
16:21:45.290 [FXGL Background Thread 3 ] DEBUG Engine               - soundMenuBack: menu/back.wav
16:21:45.290 [FXGL Background Thread 3 ] DEBUG Engine               - soundMenuPress: menu/press.wav
16:21:45.290 [FXGL Background Thread 3 ] DEBUG Engine               - soundMenuSelect: menu/select.wav
16:21:45.290 [FXGL Background Thread 3 ] DEBUG Engine               - soundNotification: core/notification.wav
16:21:45.290 [FXGL Background Thread 3 ] DEBUG Engine               - stageStyle: DECORATED
16:21:45.291 [FXGL Background Thread 3 ] DEBUG Engine               - supportedLanguages: [ENGLISH, FRENCH, GERMAN, HUNGARIAN, RUSSIAN]
16:21:45.291 [FXGL Background Thread 3 ] DEBUG Engine               - ticksPerSecond: -1
16:21:45.291 [FXGL Background Thread 3 ] DEBUG Engine               - title: McDonalism
16:21:45.291 [FXGL Background Thread 3 ] DEBUG Engine               - urlGithub: https://github.com/AlmasB/FXGL
16:21:45.291 [FXGL Background Thread 3 ] DEBUG Engine               - urlLeaderboard: http://fxgl-top.herokuapp.com/
16:21:45.291 [FXGL Background Thread 3 ] DEBUG Engine               - urlPOM: https://raw.githubusercontent.com/AlmasB/FXGL/release/README.md
16:21:45.291 [FXGL Background Thread 3 ] DEBUG Engine               - userAppClass: class testPackage.McDonalismApp
16:21:45.292 [FXGL Background Thread 3 ] DEBUG Engine               - version: 0.8
16:21:45.292 [FXGL Background Thread 3 ] DEBUG Engine               - versionCheckDays: 7
16:21:45.292 [FXGL Background Thread 3 ] DEBUG Engine               - width: 720
16:21:45.292 [FXGL Background Thread 3 ] DEBUG Engine               - Logging services
16:21:45.292 [FXGL Background Thread 3 ] DEBUG Engine               - class com.almasb.fxgl.app.services.FXGLAssetLoaderService
16:21:45.292 [FXGL Background Thread 3 ] DEBUG Engine               - class com.almasb.fxgl.app.FXGLApplication$GameApplicationService
16:21:45.292 [FXGL Background Thread 3 ] DEBUG Engine               - class com.almasb.fxgl.app.services.FXGLDialogService
16:21:45.292 [FXGL Background Thread 3 ] DEBUG Engine               - class com.almasb.fxgl.app.services.IOTaskExecutorService
16:21:45.292 [FXGL Background Thread 3 ] DEBUG Engine               - class com.almasb.fxgl.io.FileSystemService
16:21:45.292 [FXGL Background Thread 3 ] DEBUG Engine               - class com.almasb.fxgl.localization.LocalizationService
16:21:45.292 [FXGL Background Thread 3 ] DEBUG Engine               - class com.almasb.fxgl.app.services.SystemBundleService
16:21:45.292 [FXGL Background Thread 3 ] DEBUG Engine               - class com.almasb.fxgl.profile.SaveLoadService
16:21:45.292 [FXGL Background Thread 3 ] DEBUG Engine               - class com.almasb.fxgl.ui.FXGLUIFactoryServiceProvider
16:21:45.292 [FXGL Background Thread 3 ] DEBUG Engine               - class com.almasb.fxgl.ui.FXGLDialogFactoryServiceProvider
16:21:45.292 [FXGL Background Thread 3 ] DEBUG Engine               - class com.almasb.fxgl.audio.AudioPlayer
16:21:45.292 [FXGL Background Thread 3 ] DEBUG Engine               - class com.almasb.fxgl.notification.impl.NotificationServiceProvider
16:21:45.292 [FXGL Background Thread 3 ] DEBUG Engine               - class com.almasb.fxgl.achievement.AchievementService
16:21:45.292 [FXGL Background Thread 3 ] DEBUG Engine               - class com.almasb.fxgl.cutscene.CutsceneService
16:21:45.293 [FXGL Background Thread 3 ] DEBUG Engine               - class com.almasb.fxgl.minigames.MiniGameService
16:21:45.293 [FXGL Background Thread 3 ] DEBUG Engine               - class com.almasb.fxgl.net.NetService
16:21:45.293 [FXGL Background Thread 3 ] DEBUG Engine               - class com.almasb.fxgl.app.services.UpdaterService
16:21:45.293 [FXGL Background Thread 3 ] DEBUG Engine               - class com.almasb.fxgl.dev.DevService
16:21:54.954 [JavaFX Application Thread] DEBUG FXGLApplication      - Exiting FXGL
16:21:54.954 [JavaFX Application Thread] DEBUG LoopRunner           - Stopping loop
16:21:54.954 [JavaFX Application Thread] DEBUG SystemBundleService  - Saving FXGL system data
16:21:54.956 [JavaFX Application Thread] DEBUG FileSystemAccess     - Writing to: C:\Users\Meo\Documents\GitHub\122090288_javaProject\system\fxgl.bundle
16:21:54.958 [JavaFX Application Thread] DEBUG Async                - Shutting down background threads
16:21:54.958 [JavaFX Application Thread] DEBUG PrimaryStageWindow   - Closing main window
16:21:54.974 [JavaFX Application Thread] DEBUG Logger               - Closing Logger
